{'data': {'dataset': 'Shenzhen', 'miss_mechanism': 'MAR', 'miss_ratio': 0.5, 'batch_size': 16, 'test_batch_size': 16, 'val_batch_size': 16}, 'model': {'num_nodes': 627, 'hidden_size': 16, 'in_channel': 1, 'seqlen': 6, 'st_block': 3, 'K': 4, 'd_model': 512, 'n_heads': 4}, 'train': {'cuda': 0, 'lr': '1e-3', 'epochs': 150, 'save_model_path': 'save_model/', 'result_path': 'results/'}}
train X: (1728, 627, 2, 6) train M: (1728, 627, 2, 6) train Y: (1728, 627, 2, 6)
valid X: (576, 627, 2, 6) valid M: (576, 627, 2, 6) valid Y: (576, 627, 2, 6)
test X: (576, 627, 2, 6) test M: (576, 627, 2, 6) test Y: (576, 627, 2, 6)
The input graph is a 0/1 matrix; set "scaling" to False.
Epoch [0/150] :  loss =  0.0917814251690827 epoch_time: 40.236608266830444
Epoch [1/150] :  loss =  0.025647655439873535 epoch_time: 38.82364511489868
Epoch [2/150] :  loss =  0.02070444579995065 epoch_time: 38.61598229408264
Epoch [3/150] :  loss =  0.01832042296451551 epoch_time: 38.62458276748657
Epoch [4/150] :  loss =  0.016716909430990065 epoch_time: 38.053642988204956
Epoch [5/150] :  loss =  0.015179710773130259 epoch_time: 38.40960645675659
Epoch [6/150] :  loss =  0.015065213742976388 epoch_time: 37.910698652267456
Epoch [7/150] :  loss =  0.014141985646414536 epoch_time: 37.858582735061646
Epoch [8/150] :  loss =  0.013567546141092424 epoch_time: 38.31316328048706
Epoch [9/150] :  loss =  0.013124499271658284 epoch_time: 38.05843710899353
Epoch [10/150] :  loss =  0.012680786773907366 epoch_time: 38.09445333480835
Epoch [11/150] :  loss =  0.012386600874985257 epoch_time: 38.050004959106445
Epoch [12/150] :  loss =  0.012252507188046971 epoch_time: 38.73628878593445
Epoch [13/150] :  loss =  0.012014895263645384 epoch_time: 38.42918610572815
Epoch [14/150] :  loss =  0.011794856551137788 epoch_time: 38.093294858932495
Epoch [15/150] :  loss =  0.011550421964515138 epoch_time: 38.121408462524414
Epoch [16/150] :  loss =  0.011435207203720455 epoch_time: 38.08839154243469
Epoch [17/150] :  loss =  0.011352856358927157 epoch_time: 37.949289321899414
Epoch [18/150] :  loss =  0.011102795040372896 epoch_time: 38.00138878822327
Epoch [19/150] :  loss =  0.011094178150718411 epoch_time: 39.889000415802
Epoch [20/150] :  loss =  0.010723093826392735 epoch_time: 38.538250207901
Epoch [21/150] :  loss =  0.010826406612371406 epoch_time: 38.39872765541077
Epoch [22/150] :  loss =  0.010580735384590097 epoch_time: 38.69271278381348
Epoch [23/150] :  loss =  0.01045414980897611 epoch_time: 38.671961069107056
Epoch [24/150] :  loss =  0.010394938945494316 epoch_time: 38.71353578567505
Epoch [25/150] :  loss =  0.010217721910319395 epoch_time: 38.73743557929993
Epoch [26/150] :  loss =  0.010209401427009315 epoch_time: 38.65571331977844
Epoch [27/150] :  loss =  0.010085496499582573 epoch_time: 38.50917935371399
Epoch [28/150] :  loss =  0.009952905889669503 epoch_time: 38.35227704048157
Epoch [29/150] :  loss =  0.009889243149060619 epoch_time: 38.47724652290344
Epoch [30/150] :  loss =  0.009910803900479718 epoch_time: 38.52015924453735
Epoch [31/150] :  loss =  0.00976037016759316 epoch_time: 38.547791719436646
Epoch [32/150] :  loss =  0.009782152047760232 epoch_time: 38.402514934539795
Epoch [33/150] :  loss =  0.009541284120469182 epoch_time: 38.474334478378296
Epoch [34/150] :  loss =  0.009331615775375179 epoch_time: 38.330549478530884
Epoch [35/150] :  loss =  0.009559532066945124 epoch_time: 38.524035930633545
Epoch [36/150] :  loss =  0.009558012562424497 epoch_time: 38.55923390388489
Epoch [37/150] :  loss =  0.00939818720885173 epoch_time: 38.23694825172424
Epoch [38/150] :  loss =  0.009287550342614177 epoch_time: 38.679171085357666
Epoch [39/150] :  loss =  0.009198752710492246 epoch_time: 38.634217739105225
Epoch [40/150] :  loss =  0.009245463103676835 epoch_time: 38.62269687652588
Epoch [41/150] :  loss =  0.009197949574121999 epoch_time: 39.49311113357544
Epoch [42/150] :  loss =  0.008990386901940737 epoch_time: 38.9244270324707
Epoch [43/150] :  loss =  0.009111113268537101 epoch_time: 40.082746267318726
Epoch [44/150] :  loss =  0.008940454749218016 epoch_time: 39.590688705444336
Epoch [45/150] :  loss =  0.008996458922478336 epoch_time: 39.41577219963074
Epoch [46/150] :  loss =  0.00927480724553957 epoch_time: 38.787039041519165
Epoch [47/150] :  loss =  0.008873562841607188 epoch_time: 40.19617033004761
Epoch [48/150] :  loss =  0.008736754879700366 epoch_time: 39.61354398727417
Epoch [49/150] :  loss =  0.008743633546314581 epoch_time: 38.936617374420166
Epoch [50/150] :  loss =  0.008596437741760854 epoch_time: 38.44069218635559
Epoch [51/150] :  loss =  0.008703143292762063 epoch_time: 38.74393033981323
Epoch [52/150] :  loss =  0.008700361962568152 epoch_time: 40.221832275390625
Epoch [53/150] :  loss =  0.00876447400595579 epoch_time: 38.48540425300598
Epoch [54/150] :  loss =  0.008698215376137308 epoch_time: 38.82643151283264
Epoch [55/150] :  loss =  0.008486283861135167 epoch_time: 38.67591643333435
Epoch [56/150] :  loss =  0.00854108639544359 epoch_time: 40.12793159484863
Epoch [57/150] :  loss =  0.008531520695046143 epoch_time: 39.43548655509949
Epoch [58/150] :  loss =  0.008511113778998455 epoch_time: 38.69614934921265
Epoch [59/150] :  loss =  0.008558740757440252 epoch_time: 38.76839327812195
Epoch [60/150] :  loss =  0.008471071280332075 epoch_time: 39.111916065216064
Epoch [61/150] :  loss =  0.008298214878542003 epoch_time: 38.400676012039185
Epoch [62/150] :  loss =  0.008396130999446742 epoch_time: 38.375159740448
Epoch [63/150] :  loss =  0.008339699719929032 epoch_time: 38.43832445144653
Epoch [64/150] :  loss =  0.008425684145617264 epoch_time: 38.27184009552002
Epoch [65/150] :  loss =  0.008145960729086289 epoch_time: 38.322744607925415
Epoch [66/150] :  loss =  0.008286852915598839 epoch_time: 38.30905103683472
Epoch [67/150] :  loss =  0.00830670288781187 epoch_time: 38.35258412361145
Epoch [68/150] :  loss =  0.008308503850087247 epoch_time: 38.268707275390625
Epoch [69/150] :  loss =  0.008040969294530374 epoch_time: 39.56782150268555
Epoch [70/150] :  loss =  0.00826009963552847 epoch_time: 39.30451202392578
Epoch [71/150] :  loss =  0.007998725662387355 epoch_time: 39.29118084907532
Epoch [72/150] :  loss =  0.008169027864588079 epoch_time: 38.24300265312195
Epoch [73/150] :  loss =  0.008182710860166009 epoch_time: 39.52107238769531
Epoch [74/150] :  loss =  0.0081331597606617 epoch_time: 39.3644814491272
Epoch [75/150] :  loss =  0.008146796867044436 epoch_time: 38.39135146141052
Epoch [76/150] :  loss =  0.00819875810864485 epoch_time: 38.40318322181702
Epoch [77/150] :  loss =  0.008033100541474091 epoch_time: 38.28392481803894
Epoch [78/150] :  loss =  0.007886403593821105 epoch_time: 39.14975929260254
Epoch [79/150] :  loss =  0.008000823470798356 epoch_time: 38.466198444366455
Epoch [80/150] :  loss =  0.007980732687024606 epoch_time: 39.18770480155945
Epoch [81/150] :  loss =  0.007939086179248989 epoch_time: 38.430264949798584
Epoch [82/150] :  loss =  0.00808433457105248 epoch_time: 38.48394322395325
Epoch [83/150] :  loss =  0.008069891913759487 epoch_time: 60.33603239059448
Epoch [84/150] :  loss =  0.007873702138938286 epoch_time: 67.1530225276947
Epoch [85/150] :  loss =  0.007868459624997168 epoch_time: 44.05481553077698
Epoch [86/150] :  loss =  0.007756436584275906 epoch_time: 39.10824227333069
Epoch [87/150] :  loss =  0.00787681267010393 epoch_time: 38.370909690856934
Epoch [88/150] :  loss =  0.00761998199461097 epoch_time: 38.32311010360718
Epoch [89/150] :  loss =  0.007751919501633556 epoch_time: 38.45388388633728
Epoch [90/150] :  loss =  0.007767096843087563 epoch_time: 38.26350259780884
Epoch [91/150] :  loss =  0.007678944574393056 epoch_time: 38.390748023986816
Epoch [92/150] :  loss =  0.007961869791701989 epoch_time: 38.296971559524536
Epoch [93/150] :  loss =  0.0076610344694927335 epoch_time: 38.59514784812927
Epoch [94/150] :  loss =  0.007607600500772672 epoch_time: 38.58759379386902
Epoch [95/150] :  loss =  0.007648516351495076 epoch_time: 38.366512060165405
Epoch [96/150] :  loss =  0.007778133287232507 epoch_time: 38.435463190078735
Epoch [97/150] :  loss =  0.0077454448781079715 epoch_time: 38.401394844055176
Epoch [98/150] :  loss =  0.007677068438001529 epoch_time: 38.34237456321716
Epoch [99/150] :  loss =  0.00761309608006505 epoch_time: 38.57335615158081
Epoch [100/150] :  loss =  0.007509547803137038 epoch_time: 38.32565927505493
Epoch [101/150] :  loss =  0.007563375764422947 epoch_time: 38.40396213531494
Epoch [102/150] :  loss =  0.0075601247113405 epoch_time: 38.39590620994568
Epoch [103/150] :  loss =  0.00758855539822468 epoch_time: 38.292025089263916
Epoch [104/150] :  loss =  0.0075398887662837906 epoch_time: 38.14272093772888
Epoch [105/150] :  loss =  0.007548073448965119 epoch_time: 38.34684491157532
Epoch [106/150] :  loss =  0.007496098250461121 epoch_time: 38.334428548812866
Epoch [107/150] :  loss =  0.007432876741168676 epoch_time: 38.50105428695679
Epoch [108/150] :  loss =  0.007482915689858298 epoch_time: 39.45063519477844
Epoch [109/150] :  loss =  0.007482529190989832 epoch_time: 41.166083574295044
Epoch [110/150] :  loss =  0.0075221683364361525 epoch_time: 38.4232292175293
Epoch [111/150] :  loss =  0.0073960504270400166 epoch_time: 38.255324840545654
Epoch [112/150] :  loss =  0.007515363145136723 epoch_time: 38.225255727767944
Epoch [113/150] :  loss =  0.007355514314474055 epoch_time: 38.648152112960815
Epoch [114/150] :  loss =  0.007355198928120511 epoch_time: 38.393502712249756
Epoch [115/150] :  loss =  0.00739891930155594 epoch_time: 38.35622477531433
Epoch [116/150] :  loss =  0.007307834914644007 epoch_time: 38.458441495895386
Epoch [117/150] :  loss =  0.007526790994840364 epoch_time: 38.235875606536865
Epoch [118/150] :  loss =  0.007252174606374292 epoch_time: 38.439072370529175
Epoch [119/150] :  loss =  0.007347828143759182 epoch_time: 38.46387577056885
Epoch [120/150] :  loss =  0.007311603670974297 epoch_time: 38.57443070411682
Epoch [121/150] :  loss =  0.007188732796176164 epoch_time: 38.2163188457489
Epoch [122/150] :  loss =  0.007246685817975689 epoch_time: 38.360361099243164
Epoch [123/150] :  loss =  0.007344967414004107 epoch_time: 38.414297103881836
Epoch [124/150] :  loss =  0.007223127547789503 epoch_time: 38.67778396606445
Epoch [125/150] :  loss =  0.007184916956315714 epoch_time: 38.41119623184204
Epoch [126/150] :  loss =  0.007215490534522191 epoch_time: 38.634700298309326
Epoch [127/150] :  loss =  0.007205479605882256 epoch_time: 38.326730728149414
Epoch [128/150] :  loss =  0.007192043415098278 epoch_time: 38.3555269241333
Epoch [129/150] :  loss =  0.007139311439392192 epoch_time: 38.32387924194336
Epoch [130/150] :  loss =  0.007235545471000175 epoch_time: 38.24140930175781
Epoch [131/150] :  loss =  0.00710755515050281 epoch_time: 38.11980319023132
Epoch [132/150] :  loss =  0.007112734170665068 epoch_time: 38.21500253677368
Epoch [133/150] :  loss =  0.007156638631217733 epoch_time: 38.37447142601013
Epoch [134/150] :  loss =  0.00713958207052201 epoch_time: 38.29524874687195
Epoch [135/150] :  loss =  0.007025277897439621 epoch_time: 38.70245122909546
Epoch [136/150] :  loss =  0.0072250400143847975 epoch_time: 38.602195024490356
Epoch [137/150] :  loss =  0.007159578544950044 epoch_time: 38.2998731136322
Epoch [138/150] :  loss =  0.007250868047035679 epoch_time: 38.31413984298706
Epoch [139/150] :  loss =  0.0069432665369714855 epoch_time: 38.317625284194946
Epoch [140/150] :  loss =  0.007101370862478184 epoch_time: 38.25609230995178
Epoch [141/150] :  loss =  0.007048456636429937 epoch_time: 38.727718114852905
Epoch [142/150] :  loss =  0.00703185073669172 epoch_time: 38.293763399124146
Epoch [143/150] :  loss =  0.007167479200116186 epoch_time: 38.18523859977722
Epoch [144/150] :  loss =  0.006977428910667422 epoch_time: 38.30550169944763
Epoch [145/150] :  loss =  0.006966315321969213 epoch_time: 38.61013317108154
Epoch [146/150] :  loss =  0.006889700298887436 epoch_time: 38.31714701652527
Epoch [147/150] :  loss =  0.006956965050280646 epoch_time: 38.246315002441406
Epoch [148/150] :  loss =  0.0068885061536329215 epoch_time: 38.429155349731445
Epoch [149/150] :  loss =  0.006994436533811192 epoch_time: 38.52341437339783
Test result: MAE 1.715789556503296 RMSE 2.5595462322235107 MAPE 6.965421014232392
(576, 627, 1, 6)
(576, 627, 1, 6)
(576, 627, 1, 6)
Spend Time: 5896.752135515213
