{'data': {'dataset': 'Shenzhen', 'miss_mechanism': 'MAR', 'miss_ratio': 0.5, 'batch_size': 16, 'test_batch_size': 16, 'val_batch_size': 16}, 'model': {'num_nodes': 627, 'hidden_size': 16, 'in_channel': 1, 'seqlen': 6, 'st_block': 3, 'K': 4, 'd_model': 512, 'n_heads': 4}, 'train': {'cuda': 0, 'lr': '1e-3', 'epochs': 150, 'save_model_path': 'save_model/', 'result_path': 'results/'}}
train X: (1728, 627, 2, 6) train M: (1728, 627, 2, 6) train Y: (1728, 627, 2, 6)
valid X: (576, 627, 2, 6) valid M: (576, 627, 2, 6) valid Y: (576, 627, 2, 6)
test X: (576, 627, 2, 6) test M: (576, 627, 2, 6) test Y: (576, 627, 2, 6)
The input graph is a 0/1 matrix; set "scaling" to False.
Epoch [0/150] :  loss =  0.10161972702998254 epoch_time: 40.995086908340454
Epoch [1/150] :  loss =  0.030188745577578193 epoch_time: 42.54651761054993
Epoch [2/150] :  loss =  0.024303644222931728 epoch_time: 39.37860822677612
Epoch [3/150] :  loss =  0.021329337317082617 epoch_time: 41.04180073738098
Epoch [4/150] :  loss =  0.01910376417692061 epoch_time: 41.231892347335815
Epoch [5/150] :  loss =  0.017471068728439235 epoch_time: 41.299988985061646
Epoch [6/150] :  loss =  0.016058491775766015 epoch_time: 38.74312090873718
Epoch [7/150] :  loss =  0.015373001444256969 epoch_time: 38.77725839614868
Epoch [8/150] :  loss =  0.014584454268010126 epoch_time: 40.71614480018616
Epoch [9/150] :  loss =  0.013885729118353791 epoch_time: 40.99602699279785
Epoch [10/150] :  loss =  0.013461068160486993 epoch_time: 42.27128767967224
Epoch [11/150] :  loss =  0.012879770068037841 epoch_time: 40.23631048202515
Epoch [12/150] :  loss =  0.01239839098761203 epoch_time: 41.13202881813049
Epoch [13/150] :  loss =  0.012095266772020195 epoch_time: 39.25992178916931
Epoch [14/150] :  loss =  0.011772135410595823 epoch_time: 40.766611099243164
Epoch [15/150] :  loss =  0.011459154464925328 epoch_time: 38.83410954475403
Epoch [16/150] :  loss =  0.011116842627180394 epoch_time: 40.09783124923706
Epoch [17/150] :  loss =  0.011202734101701665 epoch_time: 40.9176242351532
Epoch [18/150] :  loss =  0.01101768161687586 epoch_time: 39.071969747543335
Epoch [19/150] :  loss =  0.010797021996781783 epoch_time: 40.49993348121643
Epoch [20/150] :  loss =  0.010556116346614781 epoch_time: 38.74726438522339
Epoch [21/150] :  loss =  0.010269027539632387 epoch_time: 39.09876990318298
Epoch [22/150] :  loss =  0.010287723741149184 epoch_time: 39.96436166763306
Epoch [23/150] :  loss =  0.010173703254959374 epoch_time: 41.49999976158142
Epoch [24/150] :  loss =  0.009855818762271493 epoch_time: 38.79792237281799
Epoch [25/150] :  loss =  0.009822984471813671 epoch_time: 39.37559151649475
Epoch [26/150] :  loss =  0.009809004470568013 epoch_time: 38.687161445617676
Epoch [27/150] :  loss =  0.009667898075551622 epoch_time: 41.434529542922974
Epoch [28/150] :  loss =  0.009791113613000899 epoch_time: 38.66666316986084
Epoch [29/150] :  loss =  0.009735483262274 epoch_time: 38.75305724143982
Epoch [30/150] :  loss =  0.009667603505982293 epoch_time: 39.19545316696167
Epoch [31/150] :  loss =  0.009449898286860573 epoch_time: 39.257596254348755
Epoch [32/150] :  loss =  0.009554278006328753 epoch_time: 40.360830545425415
Epoch [33/150] :  loss =  0.009369181891627333 epoch_time: 40.2293119430542
Epoch [34/150] :  loss =  0.00921555941372558 epoch_time: 38.81816053390503
Epoch [35/150] :  loss =  0.009509255290376368 epoch_time: 42.26922392845154
Epoch [36/150] :  loss =  0.009207632612540491 epoch_time: 38.81574463844299
Epoch [37/150] :  loss =  0.009244956399521066 epoch_time: 40.32684373855591
Epoch [38/150] :  loss =  0.009080716094036621 epoch_time: 40.17428183555603
Epoch [39/150] :  loss =  0.009903809003945854 epoch_time: 39.26987361907959
Epoch [40/150] :  loss =  0.008979406388890412 epoch_time: 40.73332858085632
Epoch [41/150] :  loss =  0.009042736962092695 epoch_time: 38.74597716331482
Epoch [42/150] :  loss =  0.00893380855106645 epoch_time: 40.612165212631226
Epoch [43/150] :  loss =  0.008967070275469235 epoch_time: 41.86308526992798
Epoch [44/150] :  loss =  0.008840845337275553 epoch_time: 40.69926333427429
Epoch [45/150] :  loss =  0.008960845897457114 epoch_time: 38.835169553756714
Epoch [46/150] :  loss =  0.008700740170078698 epoch_time: 40.86281681060791
Epoch [47/150] :  loss =  0.008759771559939341 epoch_time: 40.61047577857971
Epoch [48/150] :  loss =  0.008791865009159126 epoch_time: 38.951109886169434
Epoch [49/150] :  loss =  0.008950855850276572 epoch_time: 42.03774929046631
Epoch [50/150] :  loss =  0.008697551683764215 epoch_time: 38.89677453041077
Epoch [51/150] :  loss =  0.00869735871890077 epoch_time: 40.95522475242615
Epoch [52/150] :  loss =  0.008815876307414362 epoch_time: 38.94184350967407
Epoch [53/150] :  loss =  0.008631030140720584 epoch_time: 38.82753372192383
Epoch [54/150] :  loss =  0.008637212639398597 epoch_time: 41.34057688713074
Epoch [55/150] :  loss =  0.008440641664761913 epoch_time: 40.367111682891846
Epoch [56/150] :  loss =  0.00864868210973563 epoch_time: 38.757914304733276
Epoch [57/150] :  loss =  0.008720112179785414 epoch_time: 40.99903082847595
Epoch [58/150] :  loss =  0.008484817894727544 epoch_time: 38.81365203857422
Epoch [59/150] :  loss =  0.008432123490988656 epoch_time: 40.813361167907715
Epoch [60/150] :  loss =  0.008504459608553184 epoch_time: 39.16603422164917
Epoch [61/150] :  loss =  0.008270368540521574 epoch_time: 38.602880239486694
Epoch [62/150] :  loss =  0.00856296528837885 epoch_time: 39.155292987823486
Epoch [63/150] :  loss =  0.008393143027744911 epoch_time: 40.41059422492981
Epoch [64/150] :  loss =  0.008314578151502819 epoch_time: 42.418067932128906
Epoch [65/150] :  loss =  0.008376116575500756 epoch_time: 38.78820276260376
Epoch [66/150] :  loss =  0.008374419835120163 epoch_time: 38.78464651107788
Epoch [67/150] :  loss =  0.008509425442079428 epoch_time: 38.7792546749115
Epoch [68/150] :  loss =  0.008194240456860926 epoch_time: 41.036362648010254
Epoch [69/150] :  loss =  0.00818762223288003 epoch_time: 40.64397716522217
Epoch [70/150] :  loss =  0.008074097602662665 epoch_time: 40.67354941368103
Epoch [71/150] :  loss =  0.008227094352521279 epoch_time: 38.68340253829956
Epoch [72/150] :  loss =  0.008147892550806756 epoch_time: 40.3705530166626
Epoch [73/150] :  loss =  0.008087259747467383 epoch_time: 38.85608673095703
Epoch [74/150] :  loss =  0.008165868451922305 epoch_time: 38.97188472747803
Epoch [75/150] :  loss =  0.007960876583604625 epoch_time: 38.703439474105835
Epoch [76/150] :  loss =  0.008099683810508362 epoch_time: 41.6639199256897
Epoch [77/150] :  loss =  0.007964031218930526 epoch_time: 42.267900705337524
Epoch [78/150] :  loss =  0.008422800162979574 epoch_time: 39.03329539299011
Epoch [79/150] :  loss =  0.007986479494893164 epoch_time: 38.86613178253174
Epoch [80/150] :  loss =  0.008044671025817041 epoch_time: 38.81916809082031
Epoch [81/150] :  loss =  0.007967342074994964 epoch_time: 40.47817826271057
Epoch [82/150] :  loss =  0.007892792591721647 epoch_time: 40.417097091674805
Epoch [83/150] :  loss =  0.00808592317884581 epoch_time: 40.46011829376221
Epoch [84/150] :  loss =  0.007898858399130404 epoch_time: 38.71257042884827
Epoch [85/150] :  loss =  0.00781830965920731 epoch_time: 38.92218565940857
Epoch [86/150] :  loss =  0.007963452492495653 epoch_time: 41.24388360977173
Epoch [87/150] :  loss =  0.00786141874872286 epoch_time: 40.4972038269043
Epoch [88/150] :  loss =  0.00768625883264812 epoch_time: 38.768898248672485
Epoch [89/150] :  loss =  0.007879084178798453 epoch_time: 38.75295972824097
Epoch [90/150] :  loss =  0.00784354727215099 epoch_time: 39.022987365722656
Epoch [91/150] :  loss =  0.007797227016891594 epoch_time: 40.46305871009827
Epoch [92/150] :  loss =  0.007807245184839876 epoch_time: 38.654550075531006
Epoch [93/150] :  loss =  0.007907549622123715 epoch_time: 38.733864068984985
Epoch [94/150] :  loss =  0.007651025261212554 epoch_time: 40.28669595718384
Epoch [95/150] :  loss =  0.0076525287090421275 epoch_time: 39.11587572097778
Epoch [96/150] :  loss =  0.007753655676626497 epoch_time: 40.50566053390503
Epoch [97/150] :  loss =  0.007598702498297725 epoch_time: 38.837292432785034
Epoch [98/150] :  loss =  0.007723530232733874 epoch_time: 40.773730516433716
Epoch [99/150] :  loss =  0.007527078583802062 epoch_time: 40.275596141815186
Epoch [100/150] :  loss =  0.00777645437564287 epoch_time: 39.009061336517334
Epoch [101/150] :  loss =  0.007549004012684303 epoch_time: 40.92740488052368
Epoch [102/150] :  loss =  0.007581502100004366 epoch_time: 46.61517333984375
Epoch [103/150] :  loss =  0.0076342781583123185 epoch_time: 42.41916871070862
Epoch [104/150] :  loss =  0.00760404193877346 epoch_time: 40.570070028305054
Epoch [105/150] :  loss =  0.007688943671786951 epoch_time: 39.049718141555786
Epoch [106/150] :  loss =  0.007509008929547336 epoch_time: 38.76099371910095
Epoch [107/150] :  loss =  0.007616380781487182 epoch_time: 40.669530391693115
Epoch [108/150] :  loss =  0.007480355600516002 epoch_time: 38.79391145706177
Epoch [109/150] :  loss =  0.007467149929315956 epoch_time: 38.78170728683472
Epoch [110/150] :  loss =  0.007557386799749953 epoch_time: 40.542142391204834
Epoch [111/150] :  loss =  0.007416943545211796 epoch_time: 38.964982986450195
Epoch [112/150] :  loss =  0.007529185278582628 epoch_time: 42.0533185005188
Epoch [113/150] :  loss =  0.007442836115067756 epoch_time: 38.71801996231079
Epoch [114/150] :  loss =  0.0073276108337773215 epoch_time: 38.74916982650757
Epoch [115/150] :  loss =  0.00751268014277297 epoch_time: 40.63099455833435
Epoch [116/150] :  loss =  0.007353995172134428 epoch_time: 38.74601769447327
Epoch [117/150] :  loss =  0.007440906315524545 epoch_time: 38.55600547790527
Epoch [118/150] :  loss =  0.007461925244165791 epoch_time: 40.3281934261322
Epoch [119/150] :  loss =  0.007430325710663089 epoch_time: 38.647021770477295
Epoch [120/150] :  loss =  0.007305419266534348 epoch_time: 38.746575593948364
Epoch [121/150] :  loss =  0.007276303574649824 epoch_time: 42.714383363723755
Epoch [122/150] :  loss =  0.00740054791741487 epoch_time: 38.692054748535156
Epoch [123/150] :  loss =  0.0073392737605091594 epoch_time: 39.043736696243286
Epoch [124/150] :  loss =  0.007341558221486156 epoch_time: 38.806283473968506
Epoch [125/150] :  loss =  0.0072276276381065445 epoch_time: 40.881208658218384
Epoch [126/150] :  loss =  0.007222943365815337 epoch_time: 40.2988440990448
Epoch [127/150] :  loss =  0.007195055312304585 epoch_time: 38.75813579559326
Epoch [128/150] :  loss =  0.007348435978336191 epoch_time: 40.550203800201416
Epoch [129/150] :  loss =  0.007175325148704427 epoch_time: 38.74680423736572
Epoch [130/150] :  loss =  0.007119499103821538 epoch_time: 38.764017820358276
Epoch [131/150] :  loss =  0.0071207695399169565 epoch_time: 41.86467123031616
Epoch [132/150] :  loss =  0.007280587050546374 epoch_time: 40.682138442993164
Epoch [133/150] :  loss =  0.007180238461673811 epoch_time: 38.86819791793823
Epoch [134/150] :  loss =  0.007152593694627285 epoch_time: 38.85455846786499
Epoch [135/150] :  loss =  0.007006156779998155 epoch_time: 38.870776653289795
Epoch [136/150] :  loss =  0.0071995355516534165 epoch_time: 42.270546436309814
Epoch [137/150] :  loss =  0.007077137982748725 epoch_time: 40.49853754043579
Epoch [138/150] :  loss =  0.007162138690344161 epoch_time: 38.7884247303009
Epoch [139/150] :  loss =  0.007152894473013778 epoch_time: 40.393999338150024
Epoch [140/150] :  loss =  0.007136707879706389 epoch_time: 38.80283069610596
Epoch [141/150] :  loss =  0.007219934723926363 epoch_time: 40.92799925804138
Epoch [142/150] :  loss =  0.007316256480946861 epoch_time: 40.30527424812317
Epoch [143/150] :  loss =  0.007047035498544574 epoch_time: 38.780959367752075
Epoch [144/150] :  loss =  0.006926955068828883 epoch_time: 40.43563771247864
Epoch [145/150] :  loss =  0.007015442165235679 epoch_time: 42.72527289390564
Epoch [146/150] :  loss =  0.006961457336459447 epoch_time: 38.732544898986816
Epoch [147/150] :  loss =  0.00702065795108124 epoch_time: 38.70178961753845
Epoch [148/150] :  loss =  0.006952850682729924 epoch_time: 38.65050721168518
Epoch [149/150] :  loss =  0.006990638777130732 epoch_time: 40.21586513519287
Test result: MAE 1.717666172204566 RMSE 2.564276231296985 MAPE 6.945750096998162
(576, 627, 1, 6)
(576, 627, 1, 6)
(576, 627, 1, 6)
Spend Time: 6006.630869626999
