{'data': {'dataset': 'Shenzhen', 'miss_mechanism': 'MAR', 'miss_ratio': 0.5, 'batch_size': 16, 'test_batch_size': 16, 'val_batch_size': 16}, 'model': {'num_nodes': 627, 'hidden_size': 16, 'in_channel': 1, 'seqlen': 6, 'st_block': 3, 'K': 4, 'd_model': 512, 'n_heads': 4}, 'train': {'cuda': 0, 'lr': '1e-3', 'epochs': 150, 'save_model_path': 'save_model/', 'result_path': 'results/'}}
train X: (1728, 627, 2, 6) train M: (1728, 627, 2, 6) train Y: (1728, 627, 2, 6)
valid X: (576, 627, 2, 6) valid M: (576, 627, 2, 6) valid Y: (576, 627, 2, 6)
test X: (576, 627, 2, 6) test M: (576, 627, 2, 6) test Y: (576, 627, 2, 6)
The input graph is a 0/1 matrix; set "scaling" to False.
Epoch [0/150] :  loss =  0.08200780798991521 epoch_time: 40.75652313232422
Epoch [1/150] :  loss =  0.025927689323132788 epoch_time: 40.92162561416626
Epoch [2/150] :  loss =  0.020690231756479653 epoch_time: 39.22177505493164
Epoch [3/150] :  loss =  0.017711620225950523 epoch_time: 39.289498805999756
Epoch [4/150] :  loss =  0.01543496308537821 epoch_time: 40.66573405265808
Epoch [5/150] :  loss =  0.014004127001734796 epoch_time: 39.06682896614075
Epoch [6/150] :  loss =  0.013077253087734183 epoch_time: 38.88517189025879
Epoch [7/150] :  loss =  0.012552293603894886 epoch_time: 40.9975471496582
Epoch [8/150] :  loss =  0.011779847873926715 epoch_time: 40.46573066711426
Epoch [9/150] :  loss =  0.011527869522709537 epoch_time: 40.285160064697266
Epoch [10/150] :  loss =  0.011414078090132939 epoch_time: 39.09284591674805
Epoch [11/150] :  loss =  0.010975352143523869 epoch_time: 38.93093705177307
Epoch [12/150] :  loss =  0.010826155595067475 epoch_time: 40.393189907073975
Epoch [13/150] :  loss =  0.010622161707875354 epoch_time: 38.57840347290039
Epoch [14/150] :  loss =  0.0105214234036221 epoch_time: 39.16478776931763
Epoch [15/150] :  loss =  0.01016544810651491 epoch_time: 40.46415734291077
Epoch [16/150] :  loss =  0.010186750627191807 epoch_time: 38.8634352684021
Epoch [17/150] :  loss =  0.010188041677422545 epoch_time: 39.280837297439575
Epoch [18/150] :  loss =  0.009835106156835402 epoch_time: 40.667906522750854
Epoch [19/150] :  loss =  0.009675096832560721 epoch_time: 40.7174174785614
Epoch [20/150] :  loss =  0.009831792036830276 epoch_time: 40.14146709442139
Epoch [21/150] :  loss =  0.009743449937862655 epoch_time: 38.6768844127655
Epoch [22/150] :  loss =  0.00959540640555874 epoch_time: 38.574848651885986
Epoch [23/150] :  loss =  0.009357795929881159 epoch_time: 40.798107385635376
Epoch [24/150] :  loss =  0.009405635038597716 epoch_time: 38.80541276931763
Epoch [25/150] :  loss =  0.009350346267671773 epoch_time: 40.20357894897461
Epoch [26/150] :  loss =  0.009283424954412988 epoch_time: 38.600977659225464
Epoch [27/150] :  loss =  0.009108488460899226 epoch_time: 40.346609592437744
Epoch [28/150] :  loss =  0.00897973060987338 epoch_time: 39.00073051452637
Epoch [29/150] :  loss =  0.009271369518332736 epoch_time: 38.635677337646484
Epoch [30/150] :  loss =  0.00916698597440565 epoch_time: 38.64396572113037
Epoch [31/150] :  loss =  0.008889549985286538 epoch_time: 41.72524833679199
Epoch [32/150] :  loss =  0.009062829517966343 epoch_time: 38.744549036026
Epoch [33/150] :  loss =  0.008914747762631762 epoch_time: 38.75864553451538
Epoch [34/150] :  loss =  0.008832710734741003 epoch_time: 39.141077756881714
Epoch [35/150] :  loss =  0.008854226855975058 epoch_time: 38.824896574020386
Epoch [36/150] :  loss =  0.008758715207309083 epoch_time: 42.80405902862549
Epoch [37/150] :  loss =  0.008631877618393412 epoch_time: 40.508455991744995
Epoch [38/150] :  loss =  0.008726411421472827 epoch_time: 39.1433801651001
Epoch [39/150] :  loss =  0.008759510336892196 epoch_time: 38.698848485946655
Epoch [40/150] :  loss =  0.008637995493632776 epoch_time: 40.400309324264526
Epoch [41/150] :  loss =  0.008615209876249233 epoch_time: 39.21013808250427
Epoch [42/150] :  loss =  0.008589112950075004 epoch_time: 38.710259437561035
Epoch [43/150] :  loss =  0.008528079212367258 epoch_time: 40.92825675010681
Epoch [44/150] :  loss =  0.008354759085233565 epoch_time: 38.614014863967896
Epoch [45/150] :  loss =  0.008421491788424275 epoch_time: 38.871278047561646
Epoch [46/150] :  loss =  0.008325957369783686 epoch_time: 39.292808055877686
Epoch [47/150] :  loss =  0.008356109093357291 epoch_time: 40.45204973220825
Epoch [48/150] :  loss =  0.008402324066048971 epoch_time: 40.16071343421936
Epoch [49/150] :  loss =  0.008428888822284838 epoch_time: 38.74481511116028
Epoch [50/150] :  loss =  0.008251517222055959 epoch_time: 38.71283531188965
Epoch [51/150] :  loss =  0.008166726105156596 epoch_time: 38.82767868041992
Epoch [52/150] :  loss =  0.008218423075353106 epoch_time: 40.11671710014343
Epoch [53/150] :  loss =  0.008270603790016914 epoch_time: 41.06038689613342
Epoch [54/150] :  loss =  0.008070187832884214 epoch_time: 38.84240698814392
Epoch [55/150] :  loss =  0.008306167342838037 epoch_time: 40.13450050354004
Epoch [56/150] :  loss =  0.008223511222577482 epoch_time: 38.596864461898804
Epoch [57/150] :  loss =  0.008170374401810544 epoch_time: 38.96631169319153
Epoch [58/150] :  loss =  0.007994153493739388 epoch_time: 39.540170669555664
Epoch [59/150] :  loss =  0.007970904750335548 epoch_time: 39.6692054271698
Epoch [60/150] :  loss =  0.008013387607341563 epoch_time: 40.016658782958984
Epoch [61/150] :  loss =  0.007966626944296338 epoch_time: 40.15828037261963
Epoch [62/150] :  loss =  0.008053749562586072 epoch_time: 38.54693603515625
Epoch [63/150] :  loss =  0.007878228422702738 epoch_time: 39.274264335632324
Epoch [64/150] :  loss =  0.007966059984432327 epoch_time: 40.00016903877258
Epoch [65/150] :  loss =  0.007953338126686436 epoch_time: 38.493004322052
Epoch [66/150] :  loss =  0.007940103002409968 epoch_time: 39.947216510772705
Epoch [67/150] :  loss =  0.00783150259370881 epoch_time: 38.77755618095398
Epoch [68/150] :  loss =  0.0079656639136374 epoch_time: 38.720207929611206
Epoch [69/150] :  loss =  0.007962456033392637 epoch_time: 41.07063007354736
Epoch [70/150] :  loss =  0.0076732943093197215 epoch_time: 38.63907837867737
Epoch [71/150] :  loss =  0.007754685029525448 epoch_time: 38.63345956802368
Epoch [72/150] :  loss =  0.007802430311804292 epoch_time: 41.343140840530396
Epoch [73/150] :  loss =  0.007698535039607022 epoch_time: 38.76458501815796
Epoch [74/150] :  loss =  0.00771185146489491 epoch_time: 41.201539516448975
Epoch [75/150] :  loss =  0.00775656856044575 epoch_time: 38.68335199356079
Epoch [76/150] :  loss =  0.007672554498572869 epoch_time: 39.93321657180786
Epoch [77/150] :  loss =  0.007722404880311202 epoch_time: 38.84007143974304
Epoch [78/150] :  loss =  0.007615703041665256 epoch_time: 38.800068855285645
Epoch [79/150] :  loss =  0.00781157174302886 epoch_time: 43.04362368583679
Epoch [80/150] :  loss =  0.007595342273513476 epoch_time: 38.81015110015869
Epoch [81/150] :  loss =  0.007626761527111133 epoch_time: 40.17160248756409
Epoch [82/150] :  loss =  0.007668139684634904 epoch_time: 38.70190930366516
Epoch [83/150] :  loss =  0.007582939117801962 epoch_time: 38.46106147766113
Epoch [84/150] :  loss =  0.007560472292998047 epoch_time: 40.49670124053955
Epoch [85/150] :  loss =  0.007485774513851438 epoch_time: 43.22936654090881
Epoch [86/150] :  loss =  0.007463866301501791 epoch_time: 38.76086139678955
Epoch [87/150] :  loss =  0.0075687006357367395 epoch_time: 38.62773680686951
Epoch [88/150] :  loss =  0.00751829135697335 epoch_time: 38.57487869262695
Epoch [89/150] :  loss =  0.007377306133060268 epoch_time: 38.624669313430786
Epoch [90/150] :  loss =  0.007426032464502862 epoch_time: 38.478821992874146
Epoch [91/150] :  loss =  0.007432942425280258 epoch_time: 41.98765587806702
Epoch [92/150] :  loss =  0.007538509261966856 epoch_time: 38.49046015739441
Epoch [93/150] :  loss =  0.007397259357040403 epoch_time: 39.843398332595825
Epoch [94/150] :  loss =  0.007446212418101452 epoch_time: 38.56978464126587
Epoch [95/150] :  loss =  0.007386308016807393 epoch_time: 38.7488579750061
Epoch [96/150] :  loss =  0.00736158753796998 epoch_time: 40.73446178436279
Epoch [97/150] :  loss =  0.007331760186288092 epoch_time: 39.754711627960205
Epoch [98/150] :  loss =  0.007488405172437153 epoch_time: 38.54062032699585
Epoch [99/150] :  loss =  0.007293870525986508 epoch_time: 38.59448528289795
Epoch [100/150] :  loss =  0.007296904645584247 epoch_time: 38.627814531326294
Epoch [101/150] :  loss =  0.007260422601743981 epoch_time: 40.9268593788147
Epoch [102/150] :  loss =  0.007198058836231077 epoch_time: 38.517266511917114
Epoch [103/150] :  loss =  0.007224195878262873 epoch_time: 41.49892258644104
Epoch [104/150] :  loss =  0.007200617343187332 epoch_time: 38.79881834983826
Epoch [105/150] :  loss =  0.00723643254281746 epoch_time: 40.13054537773132
Epoch [106/150] :  loss =  0.007347646065884166 epoch_time: 39.79379606246948
Epoch [107/150] :  loss =  0.0072236751611516985 epoch_time: 38.53376889228821
Epoch [108/150] :  loss =  0.0072013035597693585 epoch_time: 38.57545185089111
Epoch [109/150] :  loss =  0.00725355754709906 epoch_time: 40.1667845249176
Epoch [110/150] :  loss =  0.007119770312716288 epoch_time: 40.02592658996582
Epoch [111/150] :  loss =  0.007180634791169454 epoch_time: 38.67077326774597
Epoch [112/150] :  loss =  0.007340846785896078 epoch_time: 39.7646107673645
Epoch [113/150] :  loss =  0.007105033021178786 epoch_time: 40.36182475090027
Epoch [114/150] :  loss =  0.007077138245761118 epoch_time: 39.77813649177551
Epoch [115/150] :  loss =  0.0071388619080944744 epoch_time: 38.67051362991333
Epoch [116/150] :  loss =  0.007071751376820935 epoch_time: 38.7336540222168
Epoch [117/150] :  loss =  0.007048317796067783 epoch_time: 38.68401479721069
Epoch [118/150] :  loss =  0.006987048847669804 epoch_time: 42.769556522369385
Epoch [119/150] :  loss =  0.006990683476302635 epoch_time: 38.581207513809204
Epoch [120/150] :  loss =  0.007065433293098101 epoch_time: 38.73391556739807
Epoch [121/150] :  loss =  0.007088085520081222 epoch_time: 40.35049247741699
Epoch [122/150] :  loss =  0.007041942880109504 epoch_time: 39.8061466217041
Epoch [123/150] :  loss =  0.007066115534312471 epoch_time: 41.384161710739136
Epoch [124/150] :  loss =  0.007060924816566209 epoch_time: 41.57542371749878
Epoch [125/150] :  loss =  0.0070058696566977436 epoch_time: 38.78041934967041
Epoch [126/150] :  loss =  0.006882115237035409 epoch_time: 38.807408571243286
Epoch [127/150] :  loss =  0.007000232611230954 epoch_time: 41.3913791179657
Epoch [128/150] :  loss =  0.0069834492600488445 epoch_time: 40.12205243110657
Epoch [129/150] :  loss =  0.006884695173034238 epoch_time: 38.7913236618042
Epoch [130/150] :  loss =  0.006968143693585362 epoch_time: 40.042412757873535
Epoch [131/150] :  loss =  0.0069974877060977395 epoch_time: 40.387983322143555
Epoch [132/150] :  loss =  0.006878218932629183 epoch_time: 39.9687225818634
Epoch [133/150] :  loss =  0.006837805802071536 epoch_time: 38.67242097854614
Epoch [134/150] :  loss =  0.0068505956032485875 epoch_time: 39.86943817138672
Epoch [135/150] :  loss =  0.006867176982470685 epoch_time: 42.48906660079956
Epoch [136/150] :  loss =  0.006877725793014246 epoch_time: 38.769524812698364
Epoch [137/150] :  loss =  0.006977117857550857 epoch_time: 38.71017599105835
Epoch [138/150] :  loss =  0.006869247036606625 epoch_time: 40.10872173309326
Epoch [139/150] :  loss =  0.006730513444549784 epoch_time: 38.61315631866455
Epoch [140/150] :  loss =  0.00683588373336803 epoch_time: 41.21797704696655
Epoch [141/150] :  loss =  0.00678324341101365 epoch_time: 40.10487413406372
Epoch [142/150] :  loss =  0.006791709288437333 epoch_time: 39.895620822906494
Epoch [143/150] :  loss =  0.006684159385730271 epoch_time: 38.739062547683716
Epoch [144/150] :  loss =  0.006798055376512585 epoch_time: 38.78938174247742
Epoch [145/150] :  loss =  0.006831619819557226 epoch_time: 38.77180457115173
Epoch [146/150] :  loss =  0.00673852838938021 epoch_time: 41.183181047439575
Epoch [147/150] :  loss =  0.006744239414628182 epoch_time: 40.044495582580566
Epoch [148/150] :  loss =  0.006765620205206452 epoch_time: 38.63575553894043
Epoch [149/150] :  loss =  0.006657228874111617 epoch_time: 38.79578256607056
Test result: MAE 1.7326092856667192 RMSE 2.5833492110170884 MAPE 6.970659748307028
(576, 627, 1, 6)
(576, 627, 1, 6)
(576, 627, 1, 6)
Spend Time: 5957.008953332901
