METR-LA
/home/zhoujianping/miniconda3/envs/torch3090/lib/python3.8/site-packages/fancyimpute/solver.py:55: UserWarning: Input matrix is not missing any values
  warnings.warn("Input matrix is not missing any values")
/home/zhoujianping/miniconda3/envs/torch3090/lib/python3.8/site-packages/fancyimpute/solver.py:55: UserWarning: Input matrix is not missing any values
  warnings.warn("Input matrix is not missing any values")
/home/zhoujianping/miniconda3/envs/torch3090/lib/python3.8/site-packages/fancyimpute/solver.py:55: UserWarning: Input matrix is not missing any values
  warnings.warn("Input matrix is not missing any values")
/home/zhoujianping/miniconda3/envs/torch3090/lib/python3.8/site-packages/fancyimpute/solver.py:55: UserWarning: Input matrix is not missing any values
  warnings.warn("Input matrix is not missing any values")
/home/zhoujianping/miniconda3/envs/torch3090/lib/python3.8/site-packages/fancyimpute/solver.py:55: UserWarning: Input matrix is not missing any values
  warnings.warn("Input matrix is not missing any values")
/home/zhoujianping/miniconda3/envs/torch3090/lib/python3.8/site-packages/fancyimpute/solver.py:55: UserWarning: Input matrix is not missing any values
  warnings.warn("Input matrix is not missing any values")
/home/zhoujianping/miniconda3/envs/torch3090/lib/python3.8/site-packages/fancyimpute/solver.py:55: UserWarning: Input matrix is not missing any values
  warnings.warn("Input matrix is not missing any values")
/home/zhoujianping/miniconda3/envs/torch3090/lib/python3.8/site-packages/fancyimpute/solver.py:55: UserWarning: Input matrix is not missing any values
  warnings.warn("Input matrix is not missing any values")
/home/zhoujianping/miniconda3/envs/torch3090/lib/python3.8/site-packages/fancyimpute/solver.py:55: UserWarning: Input matrix is not missing any values
  warnings.warn("Input matrix is not missing any values")
/home/zhoujianping/miniconda3/envs/torch3090/lib/python3.8/site-packages/fancyimpute/solver.py:55: UserWarning: Input matrix is not missing any values
  warnings.warn("Input matrix is not missing any values")
/home/zhoujianping/miniconda3/envs/torch3090/lib/python3.8/site-packages/fancyimpute/solver.py:55: UserWarning: Input matrix is not missing any values
  warnings.warn("Input matrix is not missing any values")
/home/zhoujianping/miniconda3/envs/torch3090/lib/python3.8/site-packages/fancyimpute/solver.py:55: UserWarning: Input matrix is not missing any values
  warnings.warn("Input matrix is not missing any values")
/home/zhoujianping/miniconda3/envs/torch3090/lib/python3.8/site-packages/fancyimpute/solver.py:55: UserWarning: Input matrix is not missing any values
  warnings.warn("Input matrix is not missing any values")
/home/zhoujianping/miniconda3/envs/torch3090/lib/python3.8/site-packages/fancyimpute/solver.py:55: UserWarning: Input matrix is not missing any values
  warnings.warn("Input matrix is not missing any values")
/home/zhoujianping/miniconda3/envs/torch3090/lib/python3.8/site-packages/fancyimpute/solver.py:55: UserWarning: Input matrix is not missing any values
  warnings.warn("Input matrix is not missing any values")
/home/zhoujianping/miniconda3/envs/torch3090/lib/python3.8/site-packages/fancyimpute/solver.py:55: UserWarning: Input matrix is not missing any values
  warnings.warn("Input matrix is not missing any values")
/home/zhoujianping/miniconda3/envs/torch3090/lib/python3.8/site-packages/fancyimpute/solver.py:55: UserWarning: Input matrix is not missing any values
  warnings.warn("Input matrix is not missing any values")
/home/zhoujianping/miniconda3/envs/torch3090/lib/python3.8/site-packages/fancyimpute/solver.py:55: UserWarning: Input matrix is not missing any values
  warnings.warn("Input matrix is not missing any values")
/home/zhoujianping/miniconda3/envs/torch3090/lib/python3.8/site-packages/fancyimpute/solver.py:55: UserWarning: Input matrix is not missing any values
  warnings.warn("Input matrix is not missing any values")
/home/zhoujianping/miniconda3/envs/torch3090/lib/python3.8/site-packages/fancyimpute/solver.py:55: UserWarning: Input matrix is not missing any values
  warnings.warn("Input matrix is not missing any values")
/home/zhoujianping/miniconda3/envs/torch3090/lib/python3.8/site-packages/fancyimpute/solver.py:55: UserWarning: Input matrix is not missing any values
  warnings.warn("Input matrix is not missing any values")
/home/zhoujianping/miniconda3/envs/torch3090/lib/python3.8/site-packages/fancyimpute/solver.py:55: UserWarning: Input matrix is not missing any values
  warnings.warn("Input matrix is not missing any values")
/home/zhoujianping/miniconda3/envs/torch3090/lib/python3.8/site-packages/fancyimpute/solver.py:55: UserWarning: Input matrix is not missing any values
  warnings.warn("Input matrix is not missing any values")
/home/zhoujianping/miniconda3/envs/torch3090/lib/python3.8/site-packages/fancyimpute/solver.py:55: UserWarning: Input matrix is not missing any values
  warnings.warn("Input matrix is not missing any values")
/home/zhoujianping/miniconda3/envs/torch3090/lib/python3.8/site-packages/fancyimpute/solver.py:55: UserWarning: Input matrix is not missing any values
  warnings.warn("Input matrix is not missing any values")
/home/zhoujianping/miniconda3/envs/torch3090/lib/python3.8/site-packages/fancyimpute/solver.py:55: UserWarning: Input matrix is not missing any values
  warnings.warn("Input matrix is not missing any values")
/home/zhoujianping/miniconda3/envs/torch3090/lib/python3.8/site-packages/fancyimpute/solver.py:55: UserWarning: Input matrix is not missing any values
  warnings.warn("Input matrix is not missing any values")
/home/zhoujianping/miniconda3/envs/torch3090/lib/python3.8/site-packages/fancyimpute/solver.py:55: UserWarning: Input matrix is not missing any values
  warnings.warn("Input matrix is not missing any values")
/home/zhoujianping/miniconda3/envs/torch3090/lib/python3.8/site-packages/fancyimpute/solver.py:55: UserWarning: Input matrix is not missing any values
  warnings.warn("Input matrix is not missing any values")
/home/zhoujianping/miniconda3/envs/torch3090/lib/python3.8/site-packages/fancyimpute/solver.py:55: UserWarning: Input matrix is not missing any values
  warnings.warn("Input matrix is not missing any values")
/home/zhoujianping/miniconda3/envs/torch3090/lib/python3.8/site-packages/fancyimpute/solver.py:55: UserWarning: Input matrix is not missing any values
  warnings.warn("Input matrix is not missing any values")
/home/zhoujianping/miniconda3/envs/torch3090/lib/python3.8/site-packages/fancyimpute/solver.py:55: UserWarning: Input matrix is not missing any values
  warnings.warn("Input matrix is not missing any values")
/home/zhoujianping/miniconda3/envs/torch3090/lib/python3.8/site-packages/fancyimpute/solver.py:55: UserWarning: Input matrix is not missing any values
  warnings.warn("Input matrix is not missing any values")
/home/zhoujianping/miniconda3/envs/torch3090/lib/python3.8/site-packages/fancyimpute/solver.py:55: UserWarning: Input matrix is not missing any values
  warnings.warn("Input matrix is not missing any values")
/home/zhoujianping/miniconda3/envs/torch3090/lib/python3.8/site-packages/fancyimpute/solver.py:55: UserWarning: Input matrix is not missing any values
  warnings.warn("Input matrix is not missing any values")
/home/zhoujianping/miniconda3/envs/torch3090/lib/python3.8/site-packages/fancyimpute/solver.py:55: UserWarning: Input matrix is not missing any values
  warnings.warn("Input matrix is not missing any values")
/home/zhoujianping/miniconda3/envs/torch3090/lib/python3.8/site-packages/fancyimpute/solver.py:55: UserWarning: Input matrix is not missing any values
  warnings.warn("Input matrix is not missing any values")
/home/zhoujianping/miniconda3/envs/torch3090/lib/python3.8/site-packages/fancyimpute/solver.py:55: UserWarning: Input matrix is not missing any values
  warnings.warn("Input matrix is not missing any values")
/home/zhoujianping/miniconda3/envs/torch3090/lib/python3.8/site-packages/fancyimpute/solver.py:55: UserWarning: Input matrix is not missing any values
  warnings.warn("Input matrix is not missing any values")
MAE 4.099 RMSE 7.794 MAPE 8.139
====================================================================================================
Spend Time: 13.556190013885498
