{'data': {'dataset': 'METR-LA', 'miss_mechanism': 'MNAR', 'miss_ratio': 0.5, 'batch_size': 16, 'test_batch_size': 16, 'val_batch_size': 16}, 'model': {'num_nodes': 207, 'hidden_size': 16, 'in_channel': 1, 'seqlen': 12, 'st_block': 3, 'K': 3, 'd_model': 512, 'n_heads': 3}, 'train': {'cuda': 1, 'lr': '1e-3', 'epochs': 150, 'save_model_path': 'save_model/', 'result_path': 'results/'}}
train X: (1999, 207, 2, 12) train M: (1999, 207, 2, 12) train Y: (1999, 207, 2, 12)
valid X: (285, 207, 2, 12) valid M: (285, 207, 2, 12) valid Y: (285, 207, 2, 12)
test X: (571, 207, 2, 12) test M: (571, 207, 2, 12) test Y: (571, 207, 2, 12)
Epoch [0/150] :  loss =  0.0989889377951622 epoch_time: 22.275198698043823
Epoch [1/150] :  loss =  0.04672712111473083 epoch_time: 22.213911771774292
Epoch [2/150] :  loss =  0.0389398475587368 epoch_time: 22.54307723045349
Epoch [3/150] :  loss =  0.034380230844020844 epoch_time: 22.578853130340576
Epoch [4/150] :  loss =  0.03159779486060142 epoch_time: 22.559537172317505
Epoch [5/150] :  loss =  0.02951741172373295 epoch_time: 21.99459958076477
Epoch [6/150] :  loss =  0.027975408762693405 epoch_time: 23.237613439559937
Epoch [7/150] :  loss =  0.02664946161210537 epoch_time: 23.341657400131226
Epoch [8/150] :  loss =  0.025276455663144588 epoch_time: 23.377107858657837
Epoch [9/150] :  loss =  0.024554498255252837 epoch_time: 22.800660133361816
Epoch [10/150] :  loss =  0.02359347678720951 epoch_time: 22.283345222473145
Epoch [11/150] :  loss =  0.022688787564635278 epoch_time: 21.92512559890747
Epoch [12/150] :  loss =  0.021902415543794632 epoch_time: 22.590749979019165
Epoch [13/150] :  loss =  0.021316504321992398 epoch_time: 23.32414674758911
Epoch [14/150] :  loss =  0.020564463928341867 epoch_time: 22.22894310951233
Epoch [15/150] :  loss =  0.01975412940233946 epoch_time: 23.07324457168579
Epoch [16/150] :  loss =  0.01914531347155571 epoch_time: 22.59127712249756
Epoch [17/150] :  loss =  0.01871962393075228 epoch_time: 23.034690856933594
Epoch [18/150] :  loss =  0.01845208954811096 epoch_time: 22.59800410270691
Epoch [19/150] :  loss =  0.017944535605609418 epoch_time: 21.871521711349487
Epoch [20/150] :  loss =  0.017236091502010824 epoch_time: 22.68188238143921
Epoch [21/150] :  loss =  0.01685877534747124 epoch_time: 22.89413285255432
Epoch [22/150] :  loss =  0.016453964553773404 epoch_time: 23.416308403015137
Epoch [23/150] :  loss =  0.01600325447320938 epoch_time: 22.90614652633667
Epoch [24/150] :  loss =  0.015730873383581638 epoch_time: 21.66056537628174
Epoch [25/150] :  loss =  0.015675777718424797 epoch_time: 22.71556520462036
Epoch [26/150] :  loss =  0.01558597645908594 epoch_time: 22.93070673942566
Epoch [27/150] :  loss =  0.015308562979102134 epoch_time: 22.7311589717865
Epoch [28/150] :  loss =  0.014875132270157337 epoch_time: 22.43839931488037
Epoch [29/150] :  loss =  0.014636301413178444 epoch_time: 22.478076457977295
Epoch [30/150] :  loss =  0.014559177309274673 epoch_time: 22.572180032730103
Epoch [31/150] :  loss =  0.014320438519120217 epoch_time: 22.525727033615112
Epoch [32/150] :  loss =  0.014346737012267113 epoch_time: 22.63011360168457
Epoch [33/150] :  loss =  0.014068616814911365 epoch_time: 23.060215711593628
Epoch [34/150] :  loss =  0.01399893170595169 epoch_time: 22.904956102371216
Epoch [35/150] :  loss =  0.013894874922931195 epoch_time: 22.82511878013611
Epoch [36/150] :  loss =  0.013863335579633713 epoch_time: 22.740806818008423
Epoch [37/150] :  loss =  0.013777051031589507 epoch_time: 23.550423860549927
Epoch [38/150] :  loss =  0.013607684217393399 epoch_time: 22.21680784225464
Epoch [39/150] :  loss =  0.013636136457324028 epoch_time: 24.282493829727173
Epoch [40/150] :  loss =  0.01389889595657587 epoch_time: 22.329503774642944
Epoch [41/150] :  loss =  0.013653873965144158 epoch_time: 23.5863995552063
Epoch [42/150] :  loss =  0.013411697760224342 epoch_time: 21.609673500061035
Epoch [43/150] :  loss =  0.01337681218981743 epoch_time: 22.14583659172058
Epoch [44/150] :  loss =  0.013345478259027004 epoch_time: 23.29922318458557
Epoch [45/150] :  loss =  0.013130648583173752 epoch_time: 23.645376205444336
Epoch [46/150] :  loss =  0.013035026878118515 epoch_time: 22.66131281852722
Epoch [47/150] :  loss =  0.013131185047328473 epoch_time: 23.61477828025818
Epoch [48/150] :  loss =  0.013221917577087879 epoch_time: 24.052332878112793
Epoch [49/150] :  loss =  0.012917369820177556 epoch_time: 22.298755884170532
Epoch [50/150] :  loss =  0.012936545200645924 epoch_time: 21.979756832122803
Epoch [51/150] :  loss =  0.012733270175755025 epoch_time: 22.497708082199097
Epoch [52/150] :  loss =  0.012704037196934224 epoch_time: 22.361325979232788
Epoch [53/150] :  loss =  0.01281460267305374 epoch_time: 22.478458404541016
Epoch [54/150] :  loss =  0.012650568552315234 epoch_time: 22.909837007522583
Epoch [55/150] :  loss =  0.012696452207863331 epoch_time: 23.2853045463562
Epoch [56/150] :  loss =  0.012691670179367065 epoch_time: 23.579729557037354
Epoch [57/150] :  loss =  0.012823673263192177 epoch_time: 21.66154146194458
Epoch [58/150] :  loss =  0.012542909100651742 epoch_time: 21.832134008407593
Epoch [59/150] :  loss =  0.012889370866119862 epoch_time: 22.233838319778442
Epoch [60/150] :  loss =  0.012386142633855343 epoch_time: 21.591205835342407
Epoch [61/150] :  loss =  0.012467394240200519 epoch_time: 22.475857973098755
Epoch [62/150] :  loss =  0.012408943906426429 epoch_time: 22.93726921081543
Epoch [63/150] :  loss =  0.012341295007616281 epoch_time: 23.919109344482422
Epoch [64/150] :  loss =  0.012316002070903779 epoch_time: 24.265836000442505
Epoch [65/150] :  loss =  0.012229467451572417 epoch_time: 21.9165256023407
Epoch [66/150] :  loss =  0.012404454924166202 epoch_time: 22.07274580001831
Epoch [67/150] :  loss =  0.01218152130395174 epoch_time: 22.534130811691284
Epoch [68/150] :  loss =  0.012248923845589161 epoch_time: 22.247471570968628
Epoch [69/150] :  loss =  0.01229169837012887 epoch_time: 21.91567587852478
Epoch [70/150] :  loss =  0.012045487888157368 epoch_time: 21.430036306381226
Epoch [71/150] :  loss =  0.012076915428042411 epoch_time: 21.16417145729065
Epoch [72/150] :  loss =  0.011924705997109413 epoch_time: 22.119614124298096
Epoch [73/150] :  loss =  0.011932884991168976 epoch_time: 22.27570366859436
Epoch [74/150] :  loss =  0.011868935897946358 epoch_time: 22.402693510055542
Epoch [75/150] :  loss =  0.012064923278987408 epoch_time: 22.576112031936646
Epoch [76/150] :  loss =  0.011925650522112847 epoch_time: 22.86638855934143
Epoch [77/150] :  loss =  0.011775567144155502 epoch_time: 22.789690256118774
Epoch [78/150] :  loss =  0.011854927107691765 epoch_time: 22.07811737060547
Epoch [79/150] :  loss =  0.011881950184702873 epoch_time: 23.16683316230774
Epoch [80/150] :  loss =  0.0118218177780509 epoch_time: 21.974579095840454
Epoch [81/150] :  loss =  0.01186116386950016 epoch_time: 23.22313928604126
Epoch [82/150] :  loss =  0.01173022185266018 epoch_time: 24.275596618652344
Epoch [83/150] :  loss =  0.011812944993376732 epoch_time: 24.021523237228394
Epoch [84/150] :  loss =  0.011551952362060547 epoch_time: 22.054155826568604
Epoch [85/150] :  loss =  0.011836501613259316 epoch_time: 24.231443166732788
Epoch [86/150] :  loss =  0.011713241688907146 epoch_time: 24.657363176345825
Epoch [87/150] :  loss =  0.011615862011909485 epoch_time: 22.49007797241211
Epoch [88/150] :  loss =  0.012236871518194676 epoch_time: 24.473580598831177
Epoch [89/150] :  loss =  0.011672232799232006 epoch_time: 21.887288331985474
Epoch [90/150] :  loss =  0.01152858343347907 epoch_time: 22.021698474884033
Epoch [91/150] :  loss =  0.011345368377864361 epoch_time: 24.39103055000305
Epoch [92/150] :  loss =  0.011273928131908178 epoch_time: 23.819926500320435
Epoch [93/150] :  loss =  0.011418763801455498 epoch_time: 21.895320177078247
Epoch [94/150] :  loss =  0.011489264450967311 epoch_time: 22.937348127365112
Epoch [95/150] :  loss =  0.01138947732374072 epoch_time: 23.51826000213623
Epoch [96/150] :  loss =  0.01137533949315548 epoch_time: 24.109245777130127
Epoch [97/150] :  loss =  0.011288141150027513 epoch_time: 23.233346462249756
Epoch [98/150] :  loss =  0.011410769507288933 epoch_time: 22.25623869895935
Epoch [99/150] :  loss =  0.011310191057622434 epoch_time: 22.574089527130127
Epoch [100/150] :  loss =  0.011281701724976301 epoch_time: 22.29971957206726
Epoch [101/150] :  loss =  0.011247498724609614 epoch_time: 23.361135005950928
Epoch [102/150] :  loss =  0.011158331006765365 epoch_time: 23.724040508270264
Epoch [103/150] :  loss =  0.0112642326913774 epoch_time: 22.361119985580444
Epoch [104/150] :  loss =  0.011133277833461762 epoch_time: 22.232482194900513
Epoch [105/150] :  loss =  0.011298014275729656 epoch_time: 22.71544575691223
Epoch [106/150] :  loss =  0.011118663430213928 epoch_time: 24.06431269645691
Epoch [107/150] :  loss =  0.011141331765800715 epoch_time: 23.479322910308838
Epoch [108/150] :  loss =  0.011005475148558617 epoch_time: 60.29482936859131
Epoch [109/150] :  loss =  0.011102088388055563 epoch_time: 58.02160859107971
Epoch [110/150] :  loss =  0.011178635586053132 epoch_time: 34.00455069541931
Epoch [111/150] :  loss =  0.011090383734554052 epoch_time: 28.75684356689453
Epoch [112/150] :  loss =  0.011169431049376725 epoch_time: 22.502904653549194
Epoch [113/150] :  loss =  0.011137746639549733 epoch_time: 22.62150239944458
Epoch [114/150] :  loss =  0.011167026109993457 epoch_time: 21.985284566879272
Epoch [115/150] :  loss =  0.011006051458418369 epoch_time: 22.20551347732544
Epoch [116/150] :  loss =  0.011208858080208302 epoch_time: 22.320576429367065
Epoch [117/150] :  loss =  0.010915689557790756 epoch_time: 21.697622060775757
Epoch [118/150] :  loss =  0.01089781104028225 epoch_time: 21.90046262741089
Epoch [119/150] :  loss =  0.01094029564410448 epoch_time: 21.500043153762817
Epoch [120/150] :  loss =  0.010831283800303937 epoch_time: 23.754563808441162
Epoch [121/150] :  loss =  0.010715861845761537 epoch_time: 22.10768961906433
Epoch [122/150] :  loss =  0.0108281987644732 epoch_time: 22.668587923049927
Epoch [123/150] :  loss =  0.010814296778291464 epoch_time: 23.52259111404419
Epoch [124/150] :  loss =  0.010756860584020615 epoch_time: 22.366246938705444
Epoch [125/150] :  loss =  0.010877562701702119 epoch_time: 21.446999073028564
Epoch [126/150] :  loss =  0.01082850457727909 epoch_time: 22.463823318481445
Epoch [127/150] :  loss =  0.010719910096377135 epoch_time: 22.69084143638611
Epoch [128/150] :  loss =  0.010774221673607826 epoch_time: 22.13312005996704
Epoch [129/150] :  loss =  0.010805737644433976 epoch_time: 22.83200168609619
Epoch [130/150] :  loss =  0.010881952345371246 epoch_time: 21.771085739135742
Epoch [131/150] :  loss =  0.010688958670943976 epoch_time: 23.112059116363525
Epoch [132/150] :  loss =  0.010892307724803686 epoch_time: 23.05799674987793
Epoch [133/150] :  loss =  0.01070880525186658 epoch_time: 21.86047101020813
Epoch [134/150] :  loss =  0.010553765915334225 epoch_time: 21.722548723220825
Epoch [135/150] :  loss =  0.010528379622846841 epoch_time: 22.06226110458374
Epoch [136/150] :  loss =  0.01049865859374404 epoch_time: 22.194539070129395
Epoch [137/150] :  loss =  0.010608678791671992 epoch_time: 22.54865527153015
Epoch [138/150] :  loss =  0.01054620561003685 epoch_time: 23.411725997924805
Epoch [139/150] :  loss =  0.010598450180143118 epoch_time: 21.47960662841797
Epoch [140/150] :  loss =  0.010808956481516361 epoch_time: 21.460126399993896
Epoch [141/150] :  loss =  0.010627608262002469 epoch_time: 22.248910903930664
Epoch [142/150] :  loss =  0.010480253722518682 epoch_time: 22.52438449859619
Epoch [143/150] :  loss =  0.010527615651488305 epoch_time: 21.291688203811646
Epoch [144/150] :  loss =  0.010467979229986667 epoch_time: 23.473430156707764
Epoch [145/150] :  loss =  0.010558651015162467 epoch_time: 21.54404091835022
Epoch [146/150] :  loss =  0.010538123864680529 epoch_time: 21.870047092437744
Epoch [147/150] :  loss =  0.01047566557303071 epoch_time: 22.371410608291626
Epoch [148/150] :  loss =  0.010451284501701593 epoch_time: 22.039108514785767
Epoch [149/150] :  loss =  0.01037056190520525 epoch_time: 21.420812368392944
Test result: MAE 2.556230306625366 RMSE 5.223241806030273 MAPE 6.4203243984087
(571, 207, 1, 12)
(571, 207, 1, 12)
(571, 207, 1, 12)
Spend Time: 3501.899064540863
