{'data': {'dataset': 'METR-LA', 'miss_mechanism': 'MNAR', 'miss_ratio': 0.5, 'batch_size': 16, 'test_batch_size': 16, 'val_batch_size': 16}, 'model': {'num_nodes': 207, 'hidden_size': 16, 'in_channel': 1, 'seqlen': 12, 'st_block': 3, 'K': 3, 'd_model': 512, 'n_heads': 3}, 'train': {'cuda': 1, 'lr': '1e-3', 'epochs': 150, 'save_model_path': 'save_model/', 'result_path': 'results/'}}
train X: (1999, 207, 2, 12) train M: (1999, 207, 2, 12) train Y: (1999, 207, 2, 12)
valid X: (285, 207, 2, 12) valid M: (285, 207, 2, 12) valid Y: (285, 207, 2, 12)
test X: (571, 207, 2, 12) test M: (571, 207, 2, 12) test Y: (571, 207, 2, 12)
Epoch [0/150] :  loss =  0.11809051083028317 epoch_time: 22.277130365371704
Epoch [1/150] :  loss =  0.04988690429925918 epoch_time: 23.115432262420654
Epoch [2/150] :  loss =  0.0423840189576149 epoch_time: 22.093462467193604
Epoch [3/150] :  loss =  0.037928834185004236 epoch_time: 22.43447256088257
Epoch [4/150] :  loss =  0.03460889172554016 epoch_time: 22.516382217407227
Epoch [5/150] :  loss =  0.03153673818707466 epoch_time: 21.732897520065308
Epoch [6/150] :  loss =  0.029940227165818213 epoch_time: 23.3982834815979
Epoch [7/150] :  loss =  0.02800291755795479 epoch_time: 22.94605851173401
Epoch [8/150] :  loss =  0.026596385419368745 epoch_time: 22.810676336288452
Epoch [9/150] :  loss =  0.02555493378639221 epoch_time: 22.594177961349487
Epoch [10/150] :  loss =  0.024064606845378877 epoch_time: 22.93271827697754
Epoch [11/150] :  loss =  0.023430500611662866 epoch_time: 22.901405334472656
Epoch [12/150] :  loss =  0.022588941864669324 epoch_time: 22.264048099517822
Epoch [13/150] :  loss =  0.02196562696248293 epoch_time: 23.301916122436523
Epoch [14/150] :  loss =  0.020956947691738604 epoch_time: 22.35054922103882
Epoch [15/150] :  loss =  0.02059020349383354 epoch_time: 22.044058322906494
Epoch [16/150] :  loss =  0.01981745683401823 epoch_time: 21.72517442703247
Epoch [17/150] :  loss =  0.01955549596250057 epoch_time: 21.743987560272217
Epoch [18/150] :  loss =  0.018823187038302422 epoch_time: 22.32137179374695
Epoch [19/150] :  loss =  0.018607298269867897 epoch_time: 22.62856149673462
Epoch [20/150] :  loss =  0.018276846945285797 epoch_time: 23.825899600982666
Epoch [21/150] :  loss =  0.017804749220609664 epoch_time: 23.260321855545044
Epoch [22/150] :  loss =  0.01742044200748205 epoch_time: 22.215848922729492
Epoch [23/150] :  loss =  0.016960656210780144 epoch_time: 22.182383060455322
Epoch [24/150] :  loss =  0.016913183607161045 epoch_time: 22.183271408081055
Epoch [25/150] :  loss =  0.01745600315928459 epoch_time: 22.203952312469482
Epoch [26/150] :  loss =  0.01685565923899412 epoch_time: 22.420838356018066
Epoch [27/150] :  loss =  0.016069121666252614 epoch_time: 22.237188577651978
Epoch [28/150] :  loss =  0.015790575221180915 epoch_time: 22.72030472755432
Epoch [29/150] :  loss =  0.015865133620798586 epoch_time: 21.464731216430664
Epoch [30/150] :  loss =  0.015391541123390197 epoch_time: 21.789824962615967
Epoch [31/150] :  loss =  0.015458546124398708 epoch_time: 21.57038903236389
Epoch [32/150] :  loss =  0.015260935321450234 epoch_time: 21.615668296813965
Epoch [33/150] :  loss =  0.015195939563214779 epoch_time: 22.130406379699707
Epoch [34/150] :  loss =  0.014810626544058323 epoch_time: 22.08961820602417
Epoch [35/150] :  loss =  0.015069401197135448 epoch_time: 22.796032667160034
Epoch [36/150] :  loss =  0.01567056203633547 epoch_time: 22.5049729347229
Epoch [37/150] :  loss =  0.01491352239996195 epoch_time: 22.432221174240112
Epoch [38/150] :  loss =  0.014726025134325027 epoch_time: 22.333665370941162
Epoch [39/150] :  loss =  0.015032727338373662 epoch_time: 22.040279388427734
Epoch [40/150] :  loss =  0.01419313582777977 epoch_time: 22.383311986923218
Epoch [41/150] :  loss =  0.014430899821221829 epoch_time: 21.85496735572815
Epoch [42/150] :  loss =  0.014134343273937703 epoch_time: 22.714038610458374
Epoch [43/150] :  loss =  0.014089247345924377 epoch_time: 22.2967267036438
Epoch [44/150] :  loss =  0.01372787182033062 epoch_time: 22.67975354194641
Epoch [45/150] :  loss =  0.01353626098483801 epoch_time: 23.37980556488037
Epoch [46/150] :  loss =  0.013892398051917552 epoch_time: 22.158458948135376
Epoch [47/150] :  loss =  0.013856379747390747 epoch_time: 22.381519556045532
Epoch [48/150] :  loss =  0.013686370342969894 epoch_time: 22.487508296966553
Epoch [49/150] :  loss =  0.013423156104981898 epoch_time: 21.86922025680542
Epoch [50/150] :  loss =  0.01346943923830986 epoch_time: 21.8797869682312
Epoch [51/150] :  loss =  0.013247321456670761 epoch_time: 24.13926076889038
Epoch [52/150] :  loss =  0.013143103383481503 epoch_time: 22.237364292144775
Epoch [53/150] :  loss =  0.013326401464641095 epoch_time: 21.709914445877075
Epoch [54/150] :  loss =  0.013343695290386677 epoch_time: 22.531901836395264
Epoch [55/150] :  loss =  0.013266361273825168 epoch_time: 22.958328247070312
Epoch [56/150] :  loss =  0.013012570746243 epoch_time: 22.53614592552185
Epoch [57/150] :  loss =  0.012874070540070533 epoch_time: 22.605628967285156
Epoch [58/150] :  loss =  0.012798745222389697 epoch_time: 22.103670120239258
Epoch [59/150] :  loss =  0.012916763447225093 epoch_time: 22.55377459526062
Epoch [60/150] :  loss =  0.013205755867064 epoch_time: 22.082377672195435
Epoch [61/150] :  loss =  0.013232208363711834 epoch_time: 22.704524755477905
Epoch [62/150] :  loss =  0.013105677500367164 epoch_time: 22.410003423690796
Epoch [63/150] :  loss =  0.012764064520597458 epoch_time: 22.70571494102478
Epoch [64/150] :  loss =  0.012559739932417869 epoch_time: 21.881589889526367
Epoch [65/150] :  loss =  0.012814256243407726 epoch_time: 22.401647806167603
Epoch [66/150] :  loss =  0.012521892353892327 epoch_time: 21.810715436935425
Epoch [67/150] :  loss =  0.012410968691110611 epoch_time: 23.616743803024292
Epoch [68/150] :  loss =  0.012303170457482337 epoch_time: 21.70389986038208
Epoch [69/150] :  loss =  0.012251310937106609 epoch_time: 23.420024156570435
Epoch [70/150] :  loss =  0.012353575371205806 epoch_time: 24.31024432182312
Epoch [71/150] :  loss =  0.012522195503115653 epoch_time: 21.362863540649414
Epoch [72/150] :  loss =  0.012403203576803207 epoch_time: 21.675646543502808
Epoch [73/150] :  loss =  0.012245929412543774 epoch_time: 22.663596868515015
Epoch [74/150] :  loss =  0.01213426335901022 epoch_time: 22.742091178894043
Epoch [75/150] :  loss =  0.012235439877957105 epoch_time: 23.112208127975464
Epoch [76/150] :  loss =  0.012123241625726222 epoch_time: 23.135194063186646
Epoch [77/150] :  loss =  0.012118941642343999 epoch_time: 23.1505446434021
Epoch [78/150] :  loss =  0.011982361562550068 epoch_time: 23.14883518218994
Epoch [79/150] :  loss =  0.012034335240721703 epoch_time: 22.22068214416504
Epoch [80/150] :  loss =  0.01200429118424654 epoch_time: 22.055004119873047
Epoch [81/150] :  loss =  0.012022930264472962 epoch_time: 22.222106218338013
Epoch [82/150] :  loss =  0.011872338950634003 epoch_time: 23.033358097076416
Epoch [83/150] :  loss =  0.011853696033358573 epoch_time: 21.77485489845276
Epoch [84/150] :  loss =  0.011656275004148483 epoch_time: 22.43579912185669
Epoch [85/150] :  loss =  0.011768676295876503 epoch_time: 21.689563035964966
Epoch [86/150] :  loss =  0.011734710369259119 epoch_time: 22.716931104660034
Epoch [87/150] :  loss =  0.011689636632800102 epoch_time: 22.41245746612549
Epoch [88/150] :  loss =  0.011783714987337589 epoch_time: 22.519470691680908
Epoch [89/150] :  loss =  0.011667205944657326 epoch_time: 22.125645399093628
Epoch [90/150] :  loss =  0.011672264963388444 epoch_time: 21.960317850112915
Epoch [91/150] :  loss =  0.011606672152876854 epoch_time: 22.782896757125854
Epoch [92/150] :  loss =  0.011516723059117794 epoch_time: 22.389151573181152
Epoch [93/150] :  loss =  0.011896209895610809 epoch_time: 22.87049627304077
Epoch [94/150] :  loss =  0.011475134007632733 epoch_time: 23.418196439743042
Epoch [95/150] :  loss =  0.011565949365496635 epoch_time: 22.879472970962524
Epoch [96/150] :  loss =  0.011442283414304257 epoch_time: 22.670274257659912
Epoch [97/150] :  loss =  0.01132887165620923 epoch_time: 23.06074810028076
Epoch [98/150] :  loss =  0.011456133596599102 epoch_time: 22.506240367889404
Epoch [99/150] :  loss =  0.011429175116121768 epoch_time: 22.694968223571777
Epoch [100/150] :  loss =  0.011241878401488065 epoch_time: 25.24979591369629
Epoch [101/150] :  loss =  0.011161626767367124 epoch_time: 23.17773127555847
Epoch [102/150] :  loss =  0.01115478128939867 epoch_time: 22.18895387649536
Epoch [103/150] :  loss =  0.01122809787467122 epoch_time: 22.78378677368164
Epoch [104/150] :  loss =  0.011261951912194491 epoch_time: 21.91611385345459
Epoch [105/150] :  loss =  0.011220746152102947 epoch_time: 22.13451910018921
Epoch [106/150] :  loss =  0.011263331305235625 epoch_time: 22.044937133789062
Epoch [107/150] :  loss =  0.01126273199915886 epoch_time: 21.36238980293274
Epoch [108/150] :  loss =  0.011105453968048096 epoch_time: 21.736661911010742
Epoch [109/150] :  loss =  0.011140053834766149 epoch_time: 21.196086168289185
Epoch [110/150] :  loss =  0.011223248451948166 epoch_time: 21.339281797409058
Epoch [111/150] :  loss =  0.011044434584677219 epoch_time: 20.99532389640808
Epoch [112/150] :  loss =  0.01123824118822813 epoch_time: 21.573678255081177
Epoch [113/150] :  loss =  0.011188525084406138 epoch_time: 21.423731088638306
Epoch [114/150] :  loss =  0.011017601549625397 epoch_time: 22.110087156295776
Epoch [115/150] :  loss =  0.010939970463514328 epoch_time: 21.563306093215942
Epoch [116/150] :  loss =  0.010927766971290111 epoch_time: 21.538708209991455
Epoch [117/150] :  loss =  0.010919736251235008 epoch_time: 21.232532262802124
Epoch [118/150] :  loss =  0.010974541801959276 epoch_time: 22.06791353225708
Epoch [119/150] :  loss =  0.010878902312368155 epoch_time: 21.361088037490845
Epoch [120/150] :  loss =  0.010814200490713119 epoch_time: 21.908612728118896
Epoch [121/150] :  loss =  0.010887405589222908 epoch_time: 21.888309955596924
Epoch [122/150] :  loss =  0.01090024210512638 epoch_time: 21.84433126449585
Epoch [123/150] :  loss =  0.010722140375524759 epoch_time: 22.316933393478394
Epoch [124/150] :  loss =  0.010767696246504784 epoch_time: 21.76350450515747
Epoch [125/150] :  loss =  0.01061213543266058 epoch_time: 22.44659113883972
Epoch [126/150] :  loss =  0.010718403305858373 epoch_time: 20.949053287506104
Epoch [127/150] :  loss =  0.010679008968174458 epoch_time: 20.970253467559814
Epoch [128/150] :  loss =  0.010755805011838674 epoch_time: 21.9467670917511
Epoch [129/150] :  loss =  0.010640848509967327 epoch_time: 21.303863286972046
Epoch [130/150] :  loss =  0.010612691592425108 epoch_time: 21.508102655410767
Epoch [131/150] :  loss =  0.010720265306532382 epoch_time: 21.04361081123352
Epoch [132/150] :  loss =  0.010666451085358858 epoch_time: 21.22487163543701
Epoch [133/150] :  loss =  0.010602922201156616 epoch_time: 21.611688137054443
Epoch [134/150] :  loss =  0.010544333904981613 epoch_time: 21.42346453666687
Epoch [135/150] :  loss =  0.010669431194663048 epoch_time: 21.25894832611084
Epoch [136/150] :  loss =  0.010613065525889396 epoch_time: 22.193340301513672
Epoch [137/150] :  loss =  0.010544893041253089 epoch_time: 22.217215061187744
Epoch [138/150] :  loss =  0.010531003814190627 epoch_time: 21.998404026031494
Epoch [139/150] :  loss =  0.010515282470732927 epoch_time: 21.847745656967163
Epoch [140/150] :  loss =  0.01053225588053465 epoch_time: 21.86274790763855
Epoch [141/150] :  loss =  0.010386691119521856 epoch_time: 21.7534761428833
Epoch [142/150] :  loss =  0.010445300836116075 epoch_time: 22.181296825408936
Epoch [143/150] :  loss =  0.010413499306887388 epoch_time: 21.922412633895874
Epoch [144/150] :  loss =  0.010552916798740625 epoch_time: 22.137300968170166
Epoch [145/150] :  loss =  0.010388206031173467 epoch_time: 21.963313579559326
Epoch [146/150] :  loss =  0.010385689426213502 epoch_time: 22.615583419799805
Epoch [147/150] :  loss =  0.010366078436374665 epoch_time: 21.983450412750244
Epoch [148/150] :  loss =  0.010290566306561232 epoch_time: 22.051594257354736
Epoch [149/150] :  loss =  0.010483056463301181 epoch_time: 21.997857093811035
Test result: MAE 2.5815220695024204 RMSE 5.1992807175971265 MAPE 6.394209979456253
(571, 207, 1, 12)
(571, 207, 1, 12)
(571, 207, 1, 12)
Spend Time: 3356.2029888629913
