/home/zhoujianping/miniconda3/envs/torch3090/lib/python3.8/site-packages/pytorch_lightning/core/decorators.py:65: LightningDeprecationWarning: The `@auto_move_data` decorator is deprecated in v1.3 and will be removed in v1.5. Please use `trainer.predict` instead for inference. The decorator was applied to `forward`
  rank_zero_deprecation(
Global seed set to 2023
GPU available: True, used: True
TPU available: False, using: 0 TPU cores
IPU available: False, using: 0 IPUs
LOCAL_RANK: 0 - CUDA_VISIBLE_DEVICES: [2]

  | Name          | Type             | Params
---------------------------------------------------
0 | loss_fn       | MaskedMetric     | 0     
1 | train_metrics | MetricCollection | 0     
2 | val_metrics   | MetricCollection | 0     
3 | test_metrics  | MetricCollection | 0     
4 | model         | BRITSNet         | 2.9 M 
---------------------------------------------------
2.9 M     Trainable params
0         Non-trainable params
2.9 M     Total params
11.622    Total estimated model params size (MB)
Validation sanity check: 0it [00:00, ?it/s]Traceback (most recent call last):
  File "brits.py", line 276, in <module>
    run_experiment(args)
  File "brits.py", line 256, in run_experiment
    trainer.fit(filler, datamodule=dm)
  File "/home/zhoujianping/miniconda3/envs/torch3090/lib/python3.8/site-packages/pytorch_lightning/trainer/trainer.py", line 553, in fit
    self._run(model)
  File "/home/zhoujianping/miniconda3/envs/torch3090/lib/python3.8/site-packages/pytorch_lightning/trainer/trainer.py", line 918, in _run
    self._dispatch()
  File "/home/zhoujianping/miniconda3/envs/torch3090/lib/python3.8/site-packages/pytorch_lightning/trainer/trainer.py", line 986, in _dispatch
    self.accelerator.start_training(self)
  File "/home/zhoujianping/miniconda3/envs/torch3090/lib/python3.8/site-packages/pytorch_lightning/accelerators/accelerator.py", line 92, in start_training
    self.training_type_plugin.start_training(trainer)
  File "/home/zhoujianping/miniconda3/envs/torch3090/lib/python3.8/site-packages/pytorch_lightning/plugins/training_type/training_type_plugin.py", line 161, in start_training
    self._results = trainer.run_stage()
  File "/home/zhoujianping/miniconda3/envs/torch3090/lib/python3.8/site-packages/pytorch_lightning/trainer/trainer.py", line 996, in run_stage
    return self._run_train()
  File "/home/zhoujianping/miniconda3/envs/torch3090/lib/python3.8/site-packages/pytorch_lightning/trainer/trainer.py", line 1031, in _run_train
    self._run_sanity_check(self.lightning_module)
  File "/home/zhoujianping/miniconda3/envs/torch3090/lib/python3.8/site-packages/pytorch_lightning/trainer/trainer.py", line 1111, in _run_sanity_check
    self._evaluation_loop.reload_evaluation_dataloaders()
  File "/home/zhoujianping/miniconda3/envs/torch3090/lib/python3.8/site-packages/pytorch_lightning/loops/dataloader/evaluation_loop.py", line 173, in reload_evaluation_dataloaders
    self.trainer.reset_val_dataloader(model)
  File "/home/zhoujianping/miniconda3/envs/torch3090/lib/python3.8/site-packages/pytorch_lightning/trainer/data_loading.py", line 437, in reset_val_dataloader
    self.num_val_batches, self.val_dataloaders = self._reset_eval_dataloader(model, "val")
  File "/home/zhoujianping/miniconda3/envs/torch3090/lib/python3.8/site-packages/pytorch_lightning/trainer/data_loading.py", line 398, in _reset_eval_dataloader
    num_batches = len(dataloader) if has_len(dataloader) else float("inf")
  File "/home/zhoujianping/miniconda3/envs/torch3090/lib/python3.8/site-packages/pytorch_lightning/utilities/data.py", line 63, in has_len
    raise ValueError("`Dataloader` returned 0 length. Please make sure that it returns at least 1 batch")
ValueError: `Dataloader` returned 0 length. Please make sure that it returns at least 1 batch
                                           