Load dataset: 1.30s...
float64
Load adjacent matrix: 0.01s...
Whole trainining iteration is 54
Current Time: 10-13-06 | Epoch: 001 | Train_Loss: 4.2245 | Train_MAPE: 0.1710 | Train_RMSE: 5.9299 | Valid_Loss: 3.4236 | Valid_RMSE: 4.9139 | Valid_MAPE: 0.1523 | LR: 0.002000
Current Time: 10-13-06 | Epoch: 002 | Train_Loss: 2.8350 | Train_MAPE: 0.1140 | Train_RMSE: 4.1457 | Valid_Loss: 2.9816 | Valid_RMSE: 4.3389 | Valid_MAPE: 0.1281 | LR: 0.001000
Current Time: 10-13-06 | Epoch: 003 | Train_Loss: 2.5026 | Train_MAPE: 0.1008 | Train_RMSE: 3.7432 | Valid_Loss: 2.8151 | Valid_RMSE: 4.1203 | Valid_MAPE: 0.1260 | LR: 0.001000
Current Time: 10-13-06 | Epoch: 004 | Train_Loss: 2.3263 | Train_MAPE: 0.0938 | Train_RMSE: 3.5352 | Valid_Loss: 2.6938 | Valid_RMSE: 3.9633 | Valid_MAPE: 0.1163 | LR: 0.001000
Current Time: 10-13-06 | Epoch: 005 | Train_Loss: 2.2167 | Train_MAPE: 0.0893 | Train_RMSE: 3.4016 | Valid_Loss: 2.6756 | Valid_RMSE: 3.8939 | Valid_MAPE: 0.1164 | LR: 0.001000
Current Time: 10-13-06 | Epoch: 006 | Train_Loss: 2.1582 | Train_MAPE: 0.0871 | Train_RMSE: 3.3149 | Valid_Loss: 2.6530 | Valid_RMSE: 3.8439 | Valid_MAPE: 0.1154 | LR: 0.001000
Current Time: 10-13-07 | Epoch: 007 | Train_Loss: 2.0691 | Train_MAPE: 0.0834 | Train_RMSE: 3.2166 | Valid_Loss: 2.6063 | Valid_RMSE: 3.7766 | Valid_MAPE: 0.1145 | LR: 0.001000
Current Time: 10-13-07 | Epoch: 008 | Train_Loss: 2.0311 | Train_MAPE: 0.0819 | Train_RMSE: 3.1647 | Valid_Loss: 2.5166 | Valid_RMSE: 3.6925 | Valid_MAPE: 0.1124 | LR: 0.001000
Current Time: 10-13-07 | Epoch: 009 | Train_Loss: 1.9800 | Train_MAPE: 0.0797 | Train_RMSE: 3.1101 | Valid_Loss: 2.5591 | Valid_RMSE: 3.6992 | Valid_MAPE: 0.1095 | LR: 0.001000
EarlyStopping counter: 1 out of 100
Current Time: 10-13-07 | Epoch: 010 | Train_Loss: 1.9586 | Train_MAPE: 0.0788 | Train_RMSE: 3.0839 | Valid_Loss: 2.5355 | Valid_RMSE: 3.6666 | Valid_MAPE: 0.1115 | LR: 0.001000
EarlyStopping counter: 2 out of 100
Current Time: 10-13-07 | Epoch: 011 | Train_Loss: 1.8957 | Train_MAPE: 0.0763 | Train_RMSE: 3.0168 | Valid_Loss: 2.4539 | Valid_RMSE: 3.5861 | Valid_MAPE: 0.1079 | LR: 0.001000
Current Time: 10-13-07 | Epoch: 012 | Train_Loss: 1.8683 | Train_MAPE: 0.0752 | Train_RMSE: 2.9813 | Valid_Loss: 2.4660 | Valid_RMSE: 3.5790 | Valid_MAPE: 0.1087 | LR: 0.001000
EarlyStopping counter: 1 out of 100
Current Time: 10-13-07 | Epoch: 013 | Train_Loss: 1.8368 | Train_MAPE: 0.0738 | Train_RMSE: 2.9452 | Valid_Loss: 2.4458 | Valid_RMSE: 3.5486 | Valid_MAPE: 0.1072 | LR: 0.001000
Current Time: 10-13-07 | Epoch: 014 | Train_Loss: 1.8297 | Train_MAPE: 0.0737 | Train_RMSE: 2.9322 | Valid_Loss: 2.4472 | Valid_RMSE: 3.5561 | Valid_MAPE: 0.1098 | LR: 0.001000
EarlyStopping counter: 1 out of 100
Current Time: 10-13-08 | Epoch: 015 | Train_Loss: 1.7924 | Train_MAPE: 0.0721 | Train_RMSE: 2.8953 | Valid_Loss: 2.3877 | Valid_RMSE: 3.5117 | Valid_MAPE: 0.1069 | LR: 0.001000
Current Time: 10-13-08 | Epoch: 016 | Train_Loss: 1.7694 | Train_MAPE: 0.0711 | Train_RMSE: 2.8703 | Valid_Loss: 2.5088 | Valid_RMSE: 3.5697 | Valid_MAPE: 0.1059 | LR: 0.001000
EarlyStopping counter: 1 out of 100
Current Time: 10-13-08 | Epoch: 017 | Train_Loss: 1.7662 | Train_MAPE: 0.0710 | Train_RMSE: 2.8613 | Valid_Loss: 2.3963 | Valid_RMSE: 3.4871 | Valid_MAPE: 0.1055 | LR: 0.001000
EarlyStopping counter: 2 out of 100
Current Time: 10-13-08 | Epoch: 018 | Train_Loss: 1.7476 | Train_MAPE: 0.0704 | Train_RMSE: 2.8395 | Valid_Loss: 2.3632 | Valid_RMSE: 3.4443 | Valid_MAPE: 0.1014 | LR: 0.001000
Current Time: 10-13-08 | Epoch: 019 | Train_Loss: 1.7439 | Train_MAPE: 0.0700 | Train_RMSE: 2.8339 | Valid_Loss: 2.4089 | Valid_RMSE: 3.5122 | Valid_MAPE: 0.1085 | LR: 0.001000
EarlyStopping counter: 1 out of 100
Current Time: 10-13-08 | Epoch: 020 | Train_Loss: 1.7312 | Train_MAPE: 0.0696 | Train_RMSE: 2.8235 | Valid_Loss: 2.3956 | Valid_RMSE: 3.5003 | Valid_MAPE: 0.1081 | LR: 0.001000
EarlyStopping counter: 2 out of 100
Current Time: 10-13-08 | Epoch: 021 | Train_Loss: 1.7126 | Train_MAPE: 0.0690 | Train_RMSE: 2.8008 | Valid_Loss: 2.3218 | Valid_RMSE: 3.4086 | Valid_MAPE: 0.1009 | LR: 0.001000
Current Time: 10-13-08 | Epoch: 022 | Train_Loss: 1.6751 | Train_MAPE: 0.0675 | Train_RMSE: 2.7691 | Valid_Loss: 2.3451 | Valid_RMSE: 3.4094 | Valid_MAPE: 0.1015 | LR: 0.001000
EarlyStopping counter: 1 out of 100
Current Time: 10-13-09 | Epoch: 023 | Train_Loss: 1.6552 | Train_MAPE: 0.0666 | Train_RMSE: 2.7499 | Valid_Loss: 2.3720 | Valid_RMSE: 3.4350 | Valid_MAPE: 0.1036 | LR: 0.001000
EarlyStopping counter: 2 out of 100
Current Time: 10-13-09 | Epoch: 024 | Train_Loss: 1.6524 | Train_MAPE: 0.0665 | Train_RMSE: 2.7401 | Valid_Loss: 2.3321 | Valid_RMSE: 3.4018 | Valid_MAPE: 0.1024 | LR: 0.001000
EarlyStopping counter: 3 out of 100
Current Time: 10-13-09 | Epoch: 025 | Train_Loss: 1.6421 | Train_MAPE: 0.0661 | Train_RMSE: 2.7336 | Valid_Loss: 2.3128 | Valid_RMSE: 3.3687 | Valid_MAPE: 0.0992 | LR: 0.001000
Current Time: 10-13-09 | Epoch: 026 | Train_Loss: 1.6277 | Train_MAPE: 0.0656 | Train_RMSE: 2.7190 | Valid_Loss: 2.3691 | Valid_RMSE: 3.4489 | Valid_MAPE: 0.1066 | LR: 0.001000
EarlyStopping counter: 1 out of 100
Current Time: 10-13-09 | Epoch: 027 | Train_Loss: 1.6382 | Train_MAPE: 0.0659 | Train_RMSE: 2.7230 | Valid_Loss: 2.3554 | Valid_RMSE: 3.4187 | Valid_MAPE: 0.1048 | LR: 0.001000
EarlyStopping counter: 2 out of 100
Current Time: 10-13-09 | Epoch: 028 | Train_Loss: 1.6073 | Train_MAPE: 0.0647 | Train_RMSE: 2.6944 | Valid_Loss: 2.3511 | Valid_RMSE: 3.4104 | Valid_MAPE: 0.1047 | LR: 0.001000
EarlyStopping counter: 3 out of 100
Current Time: 10-13-09 | Epoch: 029 | Train_Loss: 1.6220 | Train_MAPE: 0.0653 | Train_RMSE: 2.7055 | Valid_Loss: 2.2972 | Valid_RMSE: 3.3512 | Valid_MAPE: 0.0989 | LR: 0.001000
Current Time: 10-13-09 | Epoch: 030 | Train_Loss: 1.5944 | Train_MAPE: 0.0642 | Train_RMSE: 2.6812 | Valid_Loss: 2.3306 | Valid_RMSE: 3.3791 | Valid_MAPE: 0.1023 | LR: 0.001000
EarlyStopping counter: 1 out of 100
======== Start curriculum learning... reset the learning rate to 0.002. ========
Current Time: 10-13-10 | Epoch: 031 | Train_Loss: 1.6845 | Train_MAPE: 0.0679 | Train_RMSE: 2.7443 | Valid_Loss: 2.3631 | Valid_RMSE: 3.4705 | Valid_MAPE: 0.1072 | LR: 0.002000
EarlyStopping counter: 2 out of 100
Current Time: 10-13-10 | Epoch: 032 | Train_Loss: 1.6995 | Train_MAPE: 0.0684 | Train_RMSE: 2.7609 | Valid_Loss: 2.3941 | Valid_RMSE: 3.4480 | Valid_MAPE: 0.1065 | LR: 0.002000
EarlyStopping counter: 3 out of 100
Current Time: 10-13-10 | Epoch: 033 | Train_Loss: 1.6639 | Train_MAPE: 0.0673 | Train_RMSE: 2.7186 | Valid_Loss: 2.3002 | Valid_RMSE: 3.3794 | Valid_MAPE: 0.1021 | LR: 0.002000
EarlyStopping counter: 4 out of 100
Current Time: 10-13-10 | Epoch: 034 | Train_Loss: 1.6810 | Train_MAPE: 0.0675 | Train_RMSE: 2.7362 | Valid_Loss: 2.2921 | Valid_RMSE: 3.3960 | Valid_MAPE: 0.1013 | LR: 0.002000
Current Time: 10-13-10 | Epoch: 035 | Train_Loss: 1.6167 | Train_MAPE: 0.0652 | Train_RMSE: 2.6816 | Valid_Loss: 2.2705 | Valid_RMSE: 3.3654 | Valid_MAPE: 0.1009 | LR: 0.002000
Current Time: 10-13-10 | Epoch: 036 | Train_Loss: 1.5762 | Train_MAPE: 0.0636 | Train_RMSE: 2.6485 | Valid_Loss: 2.2664 | Valid_RMSE: 3.3108 | Valid_MAPE: 0.0989 | LR: 0.002000
Current Time: 10-13-10 | Epoch: 037 | Train_Loss: 1.5738 | Train_MAPE: 0.0635 | Train_RMSE: 2.6473 | Valid_Loss: 2.3548 | Valid_RMSE: 3.4049 | Valid_MAPE: 0.1073 | LR: 0.002000
EarlyStopping counter: 1 out of 100
Current Time: 10-13-10 | Epoch: 038 | Train_Loss: 1.5859 | Train_MAPE: 0.0640 | Train_RMSE: 2.6511 | Valid_Loss: 2.2507 | Valid_RMSE: 3.3050 | Valid_MAPE: 0.0970 | LR: 0.002000
Current Time: 10-13-11 | Epoch: 039 | Train_Loss: 1.5163 | Train_MAPE: 0.0614 | Train_RMSE: 2.5935 | Valid_Loss: 2.2664 | Valid_RMSE: 3.3116 | Valid_MAPE: 0.1001 | LR: 0.001000
EarlyStopping counter: 1 out of 100
Current Time: 10-13-11 | Epoch: 040 | Train_Loss: 1.4863 | Train_MAPE: 0.0600 | Train_RMSE: 2.5729 | Valid_Loss: 2.2505 | Valid_RMSE: 3.2921 | Valid_MAPE: 0.0987 | LR: 0.001000
Current Time: 10-13-11 | Epoch: 041 | Train_Loss: 1.4820 | Train_MAPE: 0.0598 | Train_RMSE: 2.5683 | Valid_Loss: 2.2531 | Valid_RMSE: 3.2863 | Valid_MAPE: 0.0990 | LR: 0.001000
EarlyStopping counter: 1 out of 100
Current Time: 10-13-11 | Epoch: 042 | Train_Loss: 1.4746 | Train_MAPE: 0.0595 | Train_RMSE: 2.5616 | Valid_Loss: 2.2454 | Valid_RMSE: 3.2865 | Valid_MAPE: 0.0985 | LR: 0.001000
Current Time: 10-13-11 | Epoch: 043 | Train_Loss: 1.4677 | Train_MAPE: 0.0593 | Train_RMSE: 2.5546 | Valid_Loss: 2.2586 | Valid_RMSE: 3.2809 | Valid_MAPE: 0.0979 | LR: 0.001000
EarlyStopping counter: 1 out of 100
Current Time: 10-13-11 | Epoch: 044 | Train_Loss: 1.4642 | Train_MAPE: 0.0591 | Train_RMSE: 2.5524 | Valid_Loss: 2.2589 | Valid_RMSE: 3.2898 | Valid_MAPE: 0.0986 | LR: 0.001000
EarlyStopping counter: 2 out of 100
Current Time: 10-13-11 | Epoch: 045 | Train_Loss: 1.4599 | Train_MAPE: 0.0590 | Train_RMSE: 2.5474 | Valid_Loss: 2.2544 | Valid_RMSE: 3.2761 | Valid_MAPE: 0.0975 | LR: 0.001000
EarlyStopping counter: 3 out of 100
Current Time: 10-13-11 | Epoch: 046 | Train_Loss: 1.4529 | Train_MAPE: 0.0587 | Train_RMSE: 2.5398 | Valid_Loss: 2.2404 | Valid_RMSE: 3.2661 | Valid_MAPE: 0.0976 | LR: 0.001000
Current Time: 10-13-11 | Epoch: 047 | Train_Loss: 1.4379 | Train_MAPE: 0.0581 | Train_RMSE: 2.5272 | Valid_Loss: 2.2295 | Valid_RMSE: 3.2612 | Valid_MAPE: 0.0977 | LR: 0.000500
Current Time: 10-13-12 | Epoch: 048 | Train_Loss: 1.4347 | Train_MAPE: 0.0580 | Train_RMSE: 2.5227 | Valid_Loss: 2.2193 | Valid_RMSE: 3.2512 | Valid_MAPE: 0.0968 | LR: 0.000500
Current Time: 10-13-12 | Epoch: 049 | Train_Loss: 1.4311 | Train_MAPE: 0.0578 | Train_RMSE: 2.5214 | Valid_Loss: 2.2306 | Valid_RMSE: 3.2688 | Valid_MAPE: 0.0990 | LR: 0.000500
EarlyStopping counter: 1 out of 100
Current Time: 10-13-12 | Epoch: 050 | Train_Loss: 1.4264 | Train_MAPE: 0.0576 | Train_RMSE: 2.5151 | Valid_Loss: 2.2161 | Valid_RMSE: 3.2491 | Valid_MAPE: 0.0971 | LR: 0.000500
Current Time: 10-13-12 | Epoch: 051 | Train_Loss: 1.4257 | Train_MAPE: 0.0576 | Train_RMSE: 2.5153 | Valid_Loss: 2.2220 | Valid_RMSE: 3.2496 | Valid_MAPE: 0.0980 | LR: 0.000500
EarlyStopping counter: 1 out of 100
Current Time: 10-13-12 | Epoch: 052 | Train_Loss: 1.4219 | Train_MAPE: 0.0574 | Train_RMSE: 2.5118 | Valid_Loss: 2.2239 | Valid_RMSE: 3.2535 | Valid_MAPE: 0.0979 | LR: 0.000500
EarlyStopping counter: 2 out of 100
Current Time: 10-13-12 | Epoch: 053 | Train_Loss: 1.4184 | Train_MAPE: 0.0573 | Train_RMSE: 2.5090 | Valid_Loss: 2.2179 | Valid_RMSE: 3.2504 | Valid_MAPE: 0.0976 | LR: 0.000500
EarlyStopping counter: 3 out of 100
Current Time: 10-13-12 | Epoch: 054 | Train_Loss: 1.4154 | Train_MAPE: 0.0572 | Train_RMSE: 2.5049 | Valid_Loss: 2.2298 | Valid_RMSE: 3.2511 | Valid_MAPE: 0.0972 | LR: 0.000500
EarlyStopping counter: 4 out of 100
Current Time: 10-13-12 | Epoch: 055 | Train_Loss: 1.4095 | Train_MAPE: 0.0570 | Train_RMSE: 2.4994 | Valid_Loss: 2.2196 | Valid_RMSE: 3.2473 | Valid_MAPE: 0.0976 | LR: 0.000250
EarlyStopping counter: 5 out of 100
Current Time: 10-13-13 | Epoch: 056 | Train_Loss: 1.4076 | Train_MAPE: 0.0569 | Train_RMSE: 2.4959 | Valid_Loss: 2.2116 | Valid_RMSE: 3.2410 | Valid_MAPE: 0.0971 | LR: 0.000250
Current Time: 10-13-13 | Epoch: 057 | Train_Loss: 1.4057 | Train_MAPE: 0.0568 | Train_RMSE: 2.4958 | Valid_Loss: 2.2141 | Valid_RMSE: 3.2463 | Valid_MAPE: 0.0978 | LR: 0.000250
EarlyStopping counter: 1 out of 100
Current Time: 10-13-13 | Epoch: 058 | Train_Loss: 1.4043 | Train_MAPE: 0.0568 | Train_RMSE: 2.4924 | Valid_Loss: 2.2152 | Valid_RMSE: 3.2441 | Valid_MAPE: 0.0975 | LR: 0.000250
EarlyStopping counter: 2 out of 100
Current Time: 10-13-13 | Epoch: 059 | Train_Loss: 1.4027 | Train_MAPE: 0.0567 | Train_RMSE: 2.4921 | Valid_Loss: 2.2154 | Valid_RMSE: 3.2461 | Valid_MAPE: 0.0975 | LR: 0.000250
EarlyStopping counter: 3 out of 100
Current Time: 10-13-13 | Epoch: 060 | Train_Loss: 1.4012 | Train_MAPE: 0.0566 | Train_RMSE: 2.4927 | Valid_Loss: 2.2148 | Valid_RMSE: 3.2439 | Valid_MAPE: 0.0971 | LR: 0.000250
EarlyStopping counter: 4 out of 100
Current Time: 10-13-13 | Epoch: 061 | Train_Loss: 1.3996 | Train_MAPE: 0.0566 | Train_RMSE: 2.4877 | Valid_Loss: 2.2142 | Valid_RMSE: 3.2480 | Valid_MAPE: 0.0977 | LR: 0.000250
EarlyStopping counter: 5 out of 100
Current Time: 10-13-13 | Epoch: 062 | Train_Loss: 1.3979 | Train_MAPE: 0.0565 | Train_RMSE: 2.4898 | Valid_Loss: 2.2093 | Valid_RMSE: 3.2410 | Valid_MAPE: 0.0975 | LR: 0.000250
Current Time: 10-13-13 | Epoch: 063 | Train_Loss: 1.3958 | Train_MAPE: 0.0565 | Train_RMSE: 2.4859 | Valid_Loss: 2.2064 | Valid_RMSE: 3.2380 | Valid_MAPE: 0.0972 | LR: 0.000125
Current Time: 10-13-14 | Epoch: 064 | Train_Loss: 1.3943 | Train_MAPE: 0.0564 | Train_RMSE: 2.4836 | Valid_Loss: 2.2169 | Valid_RMSE: 3.2400 | Valid_MAPE: 0.0971 | LR: 0.000125
EarlyStopping counter: 1 out of 100
Current Time: 10-13-14 | Epoch: 065 | Train_Loss: 1.3944 | Train_MAPE: 0.0564 | Train_RMSE: 2.4857 | Valid_Loss: 2.2099 | Valid_RMSE: 3.2365 | Valid_MAPE: 0.0969 | LR: 0.000125
EarlyStopping counter: 2 out of 100
Current Time: 10-13-14 | Epoch: 066 | Train_Loss: 1.3929 | Train_MAPE: 0.0563 | Train_RMSE: 2.4832 | Valid_Loss: 2.2075 | Valid_RMSE: 3.2406 | Valid_MAPE: 0.0972 | LR: 0.000125
EarlyStopping counter: 3 out of 100
Current Time: 10-13-14 | Epoch: 067 | Train_Loss: 1.3915 | Train_MAPE: 0.0563 | Train_RMSE: 2.4811 | Valid_Loss: 2.2064 | Valid_RMSE: 3.2376 | Valid_MAPE: 0.0970 | LR: 0.000125
Current Time: 10-13-14 | Epoch: 068 | Train_Loss: 1.3909 | Train_MAPE: 0.0562 | Train_RMSE: 2.4823 | Valid_Loss: 2.2104 | Valid_RMSE: 3.2468 | Valid_MAPE: 0.0975 | LR: 0.000125
EarlyStopping counter: 1 out of 100
Current Time: 10-13-14 | Epoch: 069 | Train_Loss: 1.3900 | Train_MAPE: 0.0562 | Train_RMSE: 2.4821 | Valid_Loss: 2.2063 | Valid_RMSE: 3.2363 | Valid_MAPE: 0.0969 | LR: 0.000125
Current Time: 10-13-14 | Epoch: 070 | Train_Loss: 1.3897 | Train_MAPE: 0.0562 | Train_RMSE: 2.4811 | Valid_Loss: 2.2093 | Valid_RMSE: 3.2376 | Valid_MAPE: 0.0972 | LR: 0.000125
EarlyStopping counter: 1 out of 100
Current Time: 10-13-14 | Epoch: 071 | Train_Loss: 1.3885 | Train_MAPE: 0.0562 | Train_RMSE: 2.4788 | Valid_Loss: 2.2039 | Valid_RMSE: 3.2332 | Valid_MAPE: 0.0968 | LR: 0.000063
Current Time: 10-13-15 | Epoch: 072 | Train_Loss: 1.3874 | Train_MAPE: 0.0561 | Train_RMSE: 2.4773 | Valid_Loss: 2.2050 | Valid_RMSE: 3.2321 | Valid_MAPE: 0.0969 | LR: 0.000063
EarlyStopping counter: 1 out of 100
Current Time: 10-13-15 | Epoch: 073 | Train_Loss: 1.3863 | Train_MAPE: 0.0561 | Train_RMSE: 2.4769 | Valid_Loss: 2.2056 | Valid_RMSE: 3.2326 | Valid_MAPE: 0.0968 | LR: 0.000063
EarlyStopping counter: 2 out of 100
Current Time: 10-13-15 | Epoch: 074 | Train_Loss: 1.3862 | Train_MAPE: 0.0561 | Train_RMSE: 2.4772 | Valid_Loss: 2.2086 | Valid_RMSE: 3.2328 | Valid_MAPE: 0.0966 | LR: 0.000063
EarlyStopping counter: 3 out of 100
Current Time: 10-13-15 | Epoch: 075 | Train_Loss: 1.3857 | Train_MAPE: 0.0560 | Train_RMSE: 2.4776 | Valid_Loss: 2.2040 | Valid_RMSE: 3.2297 | Valid_MAPE: 0.0967 | LR: 0.000063
EarlyStopping counter: 4 out of 100
Current Time: 10-13-15 | Epoch: 076 | Train_Loss: 1.3850 | Train_MAPE: 0.0560 | Train_RMSE: 2.4761 | Valid_Loss: 2.2062 | Valid_RMSE: 3.2341 | Valid_MAPE: 0.0971 | LR: 0.000063
EarlyStopping counter: 5 out of 100
Current Time: 10-13-15 | Epoch: 077 | Train_Loss: 1.3850 | Train_MAPE: 0.0560 | Train_RMSE: 2.4764 | Valid_Loss: 2.2028 | Valid_RMSE: 3.2306 | Valid_MAPE: 0.0967 | LR: 0.000063
Current Time: 10-13-15 | Epoch: 078 | Train_Loss: 1.3842 | Train_MAPE: 0.0560 | Train_RMSE: 2.4747 | Valid_Loss: 2.2048 | Valid_RMSE: 3.2332 | Valid_MAPE: 0.0969 | LR: 0.000063
EarlyStopping counter: 1 out of 100
Current Time: 10-13-15 | Epoch: 079 | Train_Loss: 1.3846 | Train_MAPE: 0.0560 | Train_RMSE: 2.4744 | Valid_Loss: 2.2004 | Valid_RMSE: 3.2322 | Valid_MAPE: 0.0968 | LR: 0.000063
predict shape:  (18, 32, 6, 524)
Test MAE: 2.17 | Test RMSE: 3.20 | Test MAPE: 9.52 |
Average Training Time: 6.6137 secs/epoch
Average Inference Time: 0.5726 secs/epoch
Spend Time: 587.2448422908783
