Load dataset: 3.01s...
float64
Load adjacent matrix: 0.01s...
Whole trainining iteration is 54
Current Time: 10-09-05 | Epoch: 001 | Train_Loss: 3.6472 | Train_MAPE: 0.1461 | Train_RMSE: 5.1248 | Valid_Loss: 2.9091 | Valid_RMSE: 4.1103 | Valid_MAPE: 0.1313 | LR: 0.002000
Current Time: 10-09-05 | Epoch: 002 | Train_Loss: 2.3566 | Train_MAPE: 0.0953 | Train_RMSE: 3.4134 | Valid_Loss: 2.5659 | Valid_RMSE: 3.6713 | Valid_MAPE: 0.1128 | LR: 0.001000
Current Time: 10-09-05 | Epoch: 003 | Train_Loss: 2.1011 | Train_MAPE: 0.0845 | Train_RMSE: 3.0967 | Valid_Loss: 2.5638 | Valid_RMSE: 3.6464 | Valid_MAPE: 0.1138 | LR: 0.001000
Current Time: 10-09-06 | Epoch: 004 | Train_Loss: 1.9334 | Train_MAPE: 0.0770 | Train_RMSE: 2.9041 | Valid_Loss: 2.6190 | Valid_RMSE: 3.6615 | Valid_MAPE: 0.1167 | LR: 0.001000
EarlyStopping counter: 1 out of 100
Current Time: 10-09-06 | Epoch: 005 | Train_Loss: 1.7784 | Train_MAPE: 0.0704 | Train_RMSE: 2.7303 | Valid_Loss: 2.4969 | Valid_RMSE: 3.5184 | Valid_MAPE: 0.1066 | LR: 0.001000
Current Time: 10-09-06 | Epoch: 006 | Train_Loss: 1.6674 | Train_MAPE: 0.0657 | Train_RMSE: 2.5996 | Valid_Loss: 2.4186 | Valid_RMSE: 3.4431 | Valid_MAPE: 0.1058 | LR: 0.001000
Current Time: 10-09-06 | Epoch: 007 | Train_Loss: 1.5537 | Train_MAPE: 0.0610 | Train_RMSE: 2.4796 | Valid_Loss: 2.5431 | Valid_RMSE: 3.5554 | Valid_MAPE: 0.1130 | LR: 0.001000
EarlyStopping counter: 1 out of 100
Current Time: 10-09-06 | Epoch: 008 | Train_Loss: 1.4511 | Train_MAPE: 0.0570 | Train_RMSE: 2.3802 | Valid_Loss: 2.7120 | Valid_RMSE: 3.7126 | Valid_MAPE: 0.1248 | LR: 0.001000
EarlyStopping counter: 2 out of 100
Current Time: 10-09-07 | Epoch: 009 | Train_Loss: 1.4449 | Train_MAPE: 0.0567 | Train_RMSE: 2.3627 | Valid_Loss: 2.4702 | Valid_RMSE: 3.4803 | Valid_MAPE: 0.1075 | LR: 0.001000
EarlyStopping counter: 3 out of 100
Current Time: 10-09-07 | Epoch: 010 | Train_Loss: 1.4028 | Train_MAPE: 0.0551 | Train_RMSE: 2.3223 | Valid_Loss: 2.4382 | Valid_RMSE: 3.4402 | Valid_MAPE: 0.1047 | LR: 0.001000
EarlyStopping counter: 4 out of 100
Current Time: 10-09-07 | Epoch: 011 | Train_Loss: 1.3574 | Train_MAPE: 0.0532 | Train_RMSE: 2.2795 | Valid_Loss: 2.5032 | Valid_RMSE: 3.5028 | Valid_MAPE: 0.1107 | LR: 0.001000
EarlyStopping counter: 5 out of 100
Current Time: 10-09-07 | Epoch: 012 | Train_Loss: 1.3280 | Train_MAPE: 0.0522 | Train_RMSE: 2.2496 | Valid_Loss: 2.5301 | Valid_RMSE: 3.5357 | Valid_MAPE: 0.1133 | LR: 0.001000
EarlyStopping counter: 6 out of 100
Current Time: 10-09-07 | Epoch: 013 | Train_Loss: 1.3120 | Train_MAPE: 0.0516 | Train_RMSE: 2.2313 | Valid_Loss: 2.4625 | Valid_RMSE: 3.4569 | Valid_MAPE: 0.1054 | LR: 0.001000
EarlyStopping counter: 7 out of 100
Current Time: 10-09-08 | Epoch: 014 | Train_Loss: 1.2854 | Train_MAPE: 0.0505 | Train_RMSE: 2.2073 | Valid_Loss: 2.4364 | Valid_RMSE: 3.4404 | Valid_MAPE: 0.1093 | LR: 0.001000
EarlyStopping counter: 8 out of 100
Current Time: 10-09-08 | Epoch: 015 | Train_Loss: 1.2674 | Train_MAPE: 0.0498 | Train_RMSE: 2.1897 | Valid_Loss: 2.4181 | Valid_RMSE: 3.4142 | Valid_MAPE: 0.1036 | LR: 0.001000
Current Time: 10-09-08 | Epoch: 016 | Train_Loss: 1.2485 | Train_MAPE: 0.0490 | Train_RMSE: 2.1732 | Valid_Loss: 2.4493 | Valid_RMSE: 3.4464 | Valid_MAPE: 0.1094 | LR: 0.001000
EarlyStopping counter: 1 out of 100
Current Time: 10-09-08 | Epoch: 017 | Train_Loss: 1.2118 | Train_MAPE: 0.0475 | Train_RMSE: 2.1433 | Valid_Loss: 2.4017 | Valid_RMSE: 3.3928 | Valid_MAPE: 0.1047 | LR: 0.001000
Current Time: 10-09-08 | Epoch: 018 | Train_Loss: 1.2062 | Train_MAPE: 0.0474 | Train_RMSE: 2.1333 | Valid_Loss: 2.3483 | Valid_RMSE: 3.3548 | Valid_MAPE: 0.1034 | LR: 0.001000
Current Time: 10-09-09 | Epoch: 019 | Train_Loss: 1.1997 | Train_MAPE: 0.0472 | Train_RMSE: 2.1240 | Valid_Loss: 2.3867 | Valid_RMSE: 3.3730 | Valid_MAPE: 0.1013 | LR: 0.001000
EarlyStopping counter: 1 out of 100
Current Time: 10-09-09 | Epoch: 020 | Train_Loss: 1.1806 | Train_MAPE: 0.0464 | Train_RMSE: 2.1072 | Valid_Loss: 2.4289 | Valid_RMSE: 3.4104 | Valid_MAPE: 0.1075 | LR: 0.001000
EarlyStopping counter: 2 out of 100
Current Time: 10-09-09 | Epoch: 021 | Train_Loss: 1.1763 | Train_MAPE: 0.0463 | Train_RMSE: 2.1004 | Valid_Loss: 2.3746 | Valid_RMSE: 3.3626 | Valid_MAPE: 0.1040 | LR: 0.001000
EarlyStopping counter: 3 out of 100
Current Time: 10-09-09 | Epoch: 022 | Train_Loss: 1.1616 | Train_MAPE: 0.0457 | Train_RMSE: 2.0856 | Valid_Loss: 2.3526 | Valid_RMSE: 3.3331 | Valid_MAPE: 0.0998 | LR: 0.001000
EarlyStopping counter: 4 out of 100
Current Time: 10-09-09 | Epoch: 023 | Train_Loss: 1.1526 | Train_MAPE: 0.0454 | Train_RMSE: 2.0791 | Valid_Loss: 2.3810 | Valid_RMSE: 3.3614 | Valid_MAPE: 0.0993 | LR: 0.001000
EarlyStopping counter: 5 out of 100
Current Time: 10-09-10 | Epoch: 024 | Train_Loss: 1.1475 | Train_MAPE: 0.0450 | Train_RMSE: 2.0691 | Valid_Loss: 2.3641 | Valid_RMSE: 3.3427 | Valid_MAPE: 0.1011 | LR: 0.001000
EarlyStopping counter: 6 out of 100
Current Time: 10-09-10 | Epoch: 025 | Train_Loss: 1.1290 | Train_MAPE: 0.0444 | Train_RMSE: 2.0529 | Valid_Loss: 2.3429 | Valid_RMSE: 3.3270 | Valid_MAPE: 0.1026 | LR: 0.001000
Current Time: 10-09-10 | Epoch: 026 | Train_Loss: 1.1033 | Train_MAPE: 0.0434 | Train_RMSE: 2.0354 | Valid_Loss: 2.3415 | Valid_RMSE: 3.3186 | Valid_MAPE: 0.0995 | LR: 0.001000
Current Time: 10-09-10 | Epoch: 027 | Train_Loss: 1.0807 | Train_MAPE: 0.0424 | Train_RMSE: 2.0154 | Valid_Loss: 2.3532 | Valid_RMSE: 3.3302 | Valid_MAPE: 0.1027 | LR: 0.001000
EarlyStopping counter: 1 out of 100
Current Time: 10-09-10 | Epoch: 028 | Train_Loss: 1.1038 | Train_MAPE: 0.0434 | Train_RMSE: 2.0246 | Valid_Loss: 2.3813 | Valid_RMSE: 3.3539 | Valid_MAPE: 0.1012 | LR: 0.001000
EarlyStopping counter: 2 out of 100
Current Time: 10-09-10 | Epoch: 029 | Train_Loss: 1.1075 | Train_MAPE: 0.0434 | Train_RMSE: 2.0228 | Valid_Loss: 2.3287 | Valid_RMSE: 3.3097 | Valid_MAPE: 0.1028 | LR: 0.001000
Current Time: 10-09-10 | Epoch: 030 | Train_Loss: 1.0819 | Train_MAPE: 0.0426 | Train_RMSE: 2.0051 | Valid_Loss: 2.3512 | Valid_RMSE: 3.3243 | Valid_MAPE: 0.1015 | LR: 0.001000
EarlyStopping counter: 1 out of 100
======== Start curriculum learning... reset the learning rate to 0.002. ========
Current Time: 10-09-11 | Epoch: 031 | Train_Loss: 1.1900 | Train_MAPE: 0.0467 | Train_RMSE: 2.0731 | Valid_Loss: 2.2090 | Valid_RMSE: 3.1869 | Valid_MAPE: 0.0922 | LR: 0.002000
Current Time: 10-09-11 | Epoch: 032 | Train_Loss: 1.1742 | Train_MAPE: 0.0462 | Train_RMSE: 2.0590 | Valid_Loss: 2.3495 | Valid_RMSE: 3.3196 | Valid_MAPE: 0.0979 | LR: 0.002000
EarlyStopping counter: 1 out of 100
Current Time: 10-09-11 | Epoch: 033 | Train_Loss: 1.1436 | Train_MAPE: 0.0450 | Train_RMSE: 2.0339 | Valid_Loss: 2.3468 | Valid_RMSE: 3.3171 | Valid_MAPE: 0.0990 | LR: 0.002000
EarlyStopping counter: 2 out of 100
Current Time: 10-09-11 | Epoch: 034 | Train_Loss: 1.1727 | Train_MAPE: 0.0459 | Train_RMSE: 2.0553 | Valid_Loss: 2.2233 | Valid_RMSE: 3.2133 | Valid_MAPE: 0.0939 | LR: 0.002000
EarlyStopping counter: 3 out of 100
Current Time: 10-09-11 | Epoch: 035 | Train_Loss: 1.1113 | Train_MAPE: 0.0436 | Train_RMSE: 2.0076 | Valid_Loss: 2.3287 | Valid_RMSE: 3.3051 | Valid_MAPE: 0.1039 | LR: 0.002000
EarlyStopping counter: 4 out of 100
Current Time: 10-09-11 | Epoch: 036 | Train_Loss: 1.1039 | Train_MAPE: 0.0435 | Train_RMSE: 1.9920 | Valid_Loss: 2.2407 | Valid_RMSE: 3.2109 | Valid_MAPE: 0.0940 | LR: 0.002000
EarlyStopping counter: 5 out of 100
Current Time: 10-09-11 | Epoch: 037 | Train_Loss: 1.0927 | Train_MAPE: 0.0429 | Train_RMSE: 1.9842 | Valid_Loss: 2.3389 | Valid_RMSE: 3.2997 | Valid_MAPE: 0.1013 | LR: 0.002000
EarlyStopping counter: 6 out of 100
Current Time: 10-09-11 | Epoch: 038 | Train_Loss: 1.0870 | Train_MAPE: 0.0428 | Train_RMSE: 1.9771 | Valid_Loss: 2.2247 | Valid_RMSE: 3.1999 | Valid_MAPE: 0.0952 | LR: 0.002000
EarlyStopping counter: 7 out of 100
Current Time: 10-09-12 | Epoch: 039 | Train_Loss: 0.9913 | Train_MAPE: 0.0390 | Train_RMSE: 1.9155 | Valid_Loss: 2.2350 | Valid_RMSE: 3.2060 | Valid_MAPE: 0.0963 | LR: 0.001000
EarlyStopping counter: 8 out of 100
Current Time: 10-09-12 | Epoch: 040 | Train_Loss: 0.9727 | Train_MAPE: 0.0383 | Train_RMSE: 1.9017 | Valid_Loss: 2.2640 | Valid_RMSE: 3.2385 | Valid_MAPE: 0.0984 | LR: 0.001000
EarlyStopping counter: 9 out of 100
Current Time: 10-09-12 | Epoch: 041 | Train_Loss: 0.9623 | Train_MAPE: 0.0379 | Train_RMSE: 1.8943 | Valid_Loss: 2.2199 | Valid_RMSE: 3.1941 | Valid_MAPE: 0.0952 | LR: 0.001000
EarlyStopping counter: 10 out of 100
Current Time: 10-09-12 | Epoch: 042 | Train_Loss: 0.9725 | Train_MAPE: 0.0382 | Train_RMSE: 1.8958 | Valid_Loss: 2.2102 | Valid_RMSE: 3.1756 | Valid_MAPE: 0.0930 | LR: 0.001000
EarlyStopping counter: 11 out of 100
Current Time: 10-09-12 | Epoch: 043 | Train_Loss: 0.9688 | Train_MAPE: 0.0381 | Train_RMSE: 1.8894 | Valid_Loss: 2.2050 | Valid_RMSE: 3.1697 | Valid_MAPE: 0.0927 | LR: 0.001000
Current Time: 10-09-12 | Epoch: 044 | Train_Loss: 0.9761 | Train_MAPE: 0.0384 | Train_RMSE: 1.8907 | Valid_Loss: 2.2812 | Valid_RMSE: 3.2432 | Valid_MAPE: 0.0989 | LR: 0.001000
EarlyStopping counter: 1 out of 100
Current Time: 10-09-12 | Epoch: 045 | Train_Loss: 0.9546 | Train_MAPE: 0.0375 | Train_RMSE: 1.8767 | Valid_Loss: 2.2281 | Valid_RMSE: 3.1935 | Valid_MAPE: 0.0968 | LR: 0.001000
EarlyStopping counter: 2 out of 100
Current Time: 10-09-12 | Epoch: 046 | Train_Loss: 0.9687 | Train_MAPE: 0.0381 | Train_RMSE: 1.8793 | Valid_Loss: 2.2506 | Valid_RMSE: 3.2093 | Valid_MAPE: 0.0965 | LR: 0.001000
EarlyStopping counter: 3 out of 100
Current Time: 10-09-13 | Epoch: 047 | Train_Loss: 0.9276 | Train_MAPE: 0.0365 | Train_RMSE: 1.8578 | Valid_Loss: 2.2147 | Valid_RMSE: 3.1768 | Valid_MAPE: 0.0959 | LR: 0.000500
EarlyStopping counter: 4 out of 100
Current Time: 10-09-13 | Epoch: 048 | Train_Loss: 0.9184 | Train_MAPE: 0.0361 | Train_RMSE: 1.8510 | Valid_Loss: 2.2072 | Valid_RMSE: 3.1714 | Valid_MAPE: 0.0953 | LR: 0.000500
EarlyStopping counter: 5 out of 100
Current Time: 10-09-13 | Epoch: 049 | Train_Loss: 0.9152 | Train_MAPE: 0.0360 | Train_RMSE: 1.8482 | Valid_Loss: 2.2113 | Valid_RMSE: 3.1736 | Valid_MAPE: 0.0959 | LR: 0.000500
EarlyStopping counter: 6 out of 100
Current Time: 10-09-13 | Epoch: 050 | Train_Loss: 0.9116 | Train_MAPE: 0.0359 | Train_RMSE: 1.8453 | Valid_Loss: 2.1785 | Valid_RMSE: 3.1417 | Valid_MAPE: 0.0937 | LR: 0.000500
Current Time: 10-09-13 | Epoch: 051 | Train_Loss: 0.9091 | Train_MAPE: 0.0357 | Train_RMSE: 1.8414 | Valid_Loss: 2.2046 | Valid_RMSE: 3.1686 | Valid_MAPE: 0.0955 | LR: 0.000500
EarlyStopping counter: 1 out of 100
Current Time: 10-09-13 | Epoch: 052 | Train_Loss: 0.9054 | Train_MAPE: 0.0356 | Train_RMSE: 1.8400 | Valid_Loss: 2.1991 | Valid_RMSE: 3.1629 | Valid_MAPE: 0.0954 | LR: 0.000500
EarlyStopping counter: 2 out of 100
Current Time: 10-09-13 | Epoch: 053 | Train_Loss: 0.9034 | Train_MAPE: 0.0356 | Train_RMSE: 1.8376 | Valid_Loss: 2.2205 | Valid_RMSE: 3.1788 | Valid_MAPE: 0.0957 | LR: 0.000500
EarlyStopping counter: 3 out of 100
Current Time: 10-09-13 | Epoch: 054 | Train_Loss: 0.8985 | Train_MAPE: 0.0353 | Train_RMSE: 1.8316 | Valid_Loss: 2.1894 | Valid_RMSE: 3.1521 | Valid_MAPE: 0.0942 | LR: 0.000500
EarlyStopping counter: 4 out of 100
Current Time: 10-09-14 | Epoch: 055 | Train_Loss: 0.8931 | Train_MAPE: 0.0351 | Train_RMSE: 1.8271 | Valid_Loss: 2.1953 | Valid_RMSE: 3.1569 | Valid_MAPE: 0.0949 | LR: 0.000250
EarlyStopping counter: 5 out of 100
Current Time: 10-09-14 | Epoch: 056 | Train_Loss: 0.8914 | Train_MAPE: 0.0351 | Train_RMSE: 1.8252 | Valid_Loss: 2.1932 | Valid_RMSE: 3.1545 | Valid_MAPE: 0.0946 | LR: 0.000250
EarlyStopping counter: 6 out of 100
Current Time: 10-09-14 | Epoch: 057 | Train_Loss: 0.8888 | Train_MAPE: 0.0349 | Train_RMSE: 1.8232 | Valid_Loss: 2.1871 | Valid_RMSE: 3.1493 | Valid_MAPE: 0.0945 | LR: 0.000250
EarlyStopping counter: 7 out of 100
Current Time: 10-09-14 | Epoch: 058 | Train_Loss: 0.8873 | Train_MAPE: 0.0349 | Train_RMSE: 1.8225 | Valid_Loss: 2.1848 | Valid_RMSE: 3.1449 | Valid_MAPE: 0.0941 | LR: 0.000250
EarlyStopping counter: 8 out of 100
Current Time: 10-09-14 | Epoch: 059 | Train_Loss: 0.8858 | Train_MAPE: 0.0348 | Train_RMSE: 1.8193 | Valid_Loss: 2.1930 | Valid_RMSE: 3.1551 | Valid_MAPE: 0.0951 | LR: 0.000250
EarlyStopping counter: 9 out of 100
Current Time: 10-09-14 | Epoch: 060 | Train_Loss: 0.8841 | Train_MAPE: 0.0348 | Train_RMSE: 1.8199 | Valid_Loss: 2.1904 | Valid_RMSE: 3.1502 | Valid_MAPE: 0.0949 | LR: 0.000250
EarlyStopping counter: 10 out of 100
Current Time: 10-09-14 | Epoch: 061 | Train_Loss: 0.8825 | Train_MAPE: 0.0347 | Train_RMSE: 1.8167 | Valid_Loss: 2.1905 | Valid_RMSE: 3.1481 | Valid_MAPE: 0.0937 | LR: 0.000250
EarlyStopping counter: 11 out of 100
Current Time: 10-09-14 | Epoch: 062 | Train_Loss: 0.8802 | Train_MAPE: 0.0346 | Train_RMSE: 1.8156 | Valid_Loss: 2.1807 | Valid_RMSE: 3.1419 | Valid_MAPE: 0.0942 | LR: 0.000250
EarlyStopping counter: 12 out of 100
Current Time: 10-09-15 | Epoch: 063 | Train_Loss: 0.8778 | Train_MAPE: 0.0345 | Train_RMSE: 1.8122 | Valid_Loss: 2.1783 | Valid_RMSE: 3.1397 | Valid_MAPE: 0.0945 | LR: 0.000125
Current Time: 10-09-15 | Epoch: 064 | Train_Loss: 0.8772 | Train_MAPE: 0.0345 | Train_RMSE: 1.8120 | Valid_Loss: 2.1769 | Valid_RMSE: 3.1373 | Valid_MAPE: 0.0939 | LR: 0.000125
Current Time: 10-09-15 | Epoch: 065 | Train_Loss: 0.8762 | Train_MAPE: 0.0345 | Train_RMSE: 1.8108 | Valid_Loss: 2.1919 | Valid_RMSE: 3.1506 | Valid_MAPE: 0.0945 | LR: 0.000125
EarlyStopping counter: 1 out of 100
Current Time: 10-09-15 | Epoch: 066 | Train_Loss: 0.8750 | Train_MAPE: 0.0344 | Train_RMSE: 1.8094 | Valid_Loss: 2.1771 | Valid_RMSE: 3.1377 | Valid_MAPE: 0.0939 | LR: 0.000125
EarlyStopping counter: 2 out of 100
Current Time: 10-09-15 | Epoch: 067 | Train_Loss: 0.8743 | Train_MAPE: 0.0344 | Train_RMSE: 1.8077 | Valid_Loss: 2.1826 | Valid_RMSE: 3.1418 | Valid_MAPE: 0.0943 | LR: 0.000125
EarlyStopping counter: 3 out of 100
Current Time: 10-09-15 | Epoch: 068 | Train_Loss: 0.8734 | Train_MAPE: 0.0344 | Train_RMSE: 1.8092 | Valid_Loss: 2.1729 | Valid_RMSE: 3.1330 | Valid_MAPE: 0.0939 | LR: 0.000125
Current Time: 10-09-15 | Epoch: 069 | Train_Loss: 0.8721 | Train_MAPE: 0.0343 | Train_RMSE: 1.8078 | Valid_Loss: 2.1785 | Valid_RMSE: 3.1381 | Valid_MAPE: 0.0942 | LR: 0.000125
EarlyStopping counter: 1 out of 100
Current Time: 10-09-16 | Epoch: 070 | Train_Loss: 0.8708 | Train_MAPE: 0.0342 | Train_RMSE: 1.8062 | Valid_Loss: 2.1843 | Valid_RMSE: 3.1422 | Valid_MAPE: 0.0944 | LR: 0.000125
EarlyStopping counter: 2 out of 100
Current Time: 10-09-16 | Epoch: 071 | Train_Loss: 0.8698 | Train_MAPE: 0.0342 | Train_RMSE: 1.8051 | Valid_Loss: 2.1788 | Valid_RMSE: 3.1374 | Valid_MAPE: 0.0941 | LR: 0.000063
EarlyStopping counter: 3 out of 100
Current Time: 10-09-16 | Epoch: 072 | Train_Loss: 0.8693 | Train_MAPE: 0.0342 | Train_RMSE: 1.8041 | Valid_Loss: 2.1725 | Valid_RMSE: 3.1304 | Valid_MAPE: 0.0938 | LR: 0.000063
Current Time: 10-09-16 | Epoch: 073 | Train_Loss: 0.8686 | Train_MAPE: 0.0342 | Train_RMSE: 1.8038 | Valid_Loss: 2.1734 | Valid_RMSE: 3.1325 | Valid_MAPE: 0.0938 | LR: 0.000063
EarlyStopping counter: 1 out of 100
Current Time: 10-09-16 | Epoch: 074 | Train_Loss: 0.8683 | Train_MAPE: 0.0341 | Train_RMSE: 1.8028 | Valid_Loss: 2.1789 | Valid_RMSE: 3.1382 | Valid_MAPE: 0.0941 | LR: 0.000063
EarlyStopping counter: 2 out of 100
Current Time: 10-09-16 | Epoch: 075 | Train_Loss: 0.8683 | Train_MAPE: 0.0341 | Train_RMSE: 1.8046 | Valid_Loss: 2.1780 | Valid_RMSE: 3.1372 | Valid_MAPE: 0.0943 | LR: 0.000063
EarlyStopping counter: 3 out of 100
Current Time: 10-09-16 | Epoch: 076 | Train_Loss: 0.8674 | Train_MAPE: 0.0341 | Train_RMSE: 1.8017 | Valid_Loss: 2.1743 | Valid_RMSE: 3.1338 | Valid_MAPE: 0.0939 | LR: 0.000063
EarlyStopping counter: 4 out of 100
Current Time: 10-09-16 | Epoch: 077 | Train_Loss: 0.8666 | Train_MAPE: 0.0341 | Train_RMSE: 1.8017 | Valid_Loss: 2.1736 | Valid_RMSE: 3.1326 | Valid_MAPE: 0.0941 | LR: 0.000063
EarlyStopping counter: 5 out of 100
Current Time: 10-09-17 | Epoch: 078 | Train_Loss: 0.8664 | Train_MAPE: 0.0341 | Train_RMSE: 1.8012 | Valid_Loss: 2.1719 | Valid_RMSE: 3.1313 | Valid_MAPE: 0.0939 | LR: 0.000063
Current Time: 10-09-17 | Epoch: 079 | Train_Loss: 0.8664 | Train_MAPE: 0.0341 | Train_RMSE: 1.8012 | Valid_Loss: 2.1703 | Valid_RMSE: 3.1291 | Valid_MAPE: 0.0936 | LR: 0.000063
predict shape:  (18, 32, 6, 524)
Test MAE: 2.14 | Test RMSE: 3.09 | Test MAPE: 9.22 |
Average Training Time: 8.3278 secs/epoch
Average Inference Time: 0.7200 secs/epoch
Spend Time: 733.1315176486969
