Load dataset: 1.24s...
float64
Load adjacent matrix: 0.01s...
Whole trainining iteration is 54
Current Time: 10-13-16 | Epoch: 001 | Train_Loss: 4.1191 | Train_MAPE: 0.1678 | Train_RMSE: 5.7863 | Valid_Loss: 3.4159 | Valid_RMSE: 4.7730 | Valid_MAPE: 0.1477 | LR: 0.002000
Current Time: 10-13-16 | Epoch: 002 | Train_Loss: 2.7940 | Train_MAPE: 0.1147 | Train_RMSE: 4.0730 | Valid_Loss: 2.9345 | Valid_RMSE: 4.2686 | Valid_MAPE: 0.1289 | LR: 0.001000
Current Time: 10-13-16 | Epoch: 003 | Train_Loss: 2.5322 | Train_MAPE: 0.1027 | Train_RMSE: 3.7865 | Valid_Loss: 2.9142 | Valid_RMSE: 4.2414 | Valid_MAPE: 0.1333 | LR: 0.001000
Current Time: 10-13-16 | Epoch: 004 | Train_Loss: 2.3940 | Train_MAPE: 0.0968 | Train_RMSE: 3.6360 | Valid_Loss: 2.7151 | Valid_RMSE: 4.0268 | Valid_MAPE: 0.1188 | LR: 0.001000
Current Time: 10-13-17 | Epoch: 005 | Train_Loss: 2.2875 | Train_MAPE: 0.0923 | Train_RMSE: 3.5049 | Valid_Loss: 2.7550 | Valid_RMSE: 4.0217 | Valid_MAPE: 0.1203 | LR: 0.001000
EarlyStopping counter: 1 out of 100
Current Time: 10-13-17 | Epoch: 006 | Train_Loss: 2.2089 | Train_MAPE: 0.0891 | Train_RMSE: 3.3970 | Valid_Loss: 2.7902 | Valid_RMSE: 4.0305 | Valid_MAPE: 0.1290 | LR: 0.001000
EarlyStopping counter: 2 out of 100
Current Time: 10-13-17 | Epoch: 007 | Train_Loss: 2.1621 | Train_MAPE: 0.0872 | Train_RMSE: 3.3278 | Valid_Loss: 2.6011 | Valid_RMSE: 3.8245 | Valid_MAPE: 0.1156 | LR: 0.001000
Current Time: 10-13-17 | Epoch: 008 | Train_Loss: 2.1139 | Train_MAPE: 0.0855 | Train_RMSE: 3.2588 | Valid_Loss: 2.6321 | Valid_RMSE: 3.8216 | Valid_MAPE: 0.1129 | LR: 0.001000
EarlyStopping counter: 1 out of 100
Current Time: 10-13-17 | Epoch: 009 | Train_Loss: 2.0699 | Train_MAPE: 0.0835 | Train_RMSE: 3.2013 | Valid_Loss: 2.5711 | Valid_RMSE: 3.7631 | Valid_MAPE: 0.1163 | LR: 0.001000
Current Time: 10-13-17 | Epoch: 010 | Train_Loss: 2.0012 | Train_MAPE: 0.0810 | Train_RMSE: 3.1239 | Valid_Loss: 2.5061 | Valid_RMSE: 3.6728 | Valid_MAPE: 0.1108 | LR: 0.001000
Current Time: 10-13-17 | Epoch: 011 | Train_Loss: 1.9682 | Train_MAPE: 0.0796 | Train_RMSE: 3.0807 | Valid_Loss: 2.5462 | Valid_RMSE: 3.6958 | Valid_MAPE: 0.1145 | LR: 0.001000
EarlyStopping counter: 1 out of 100
Current Time: 10-13-17 | Epoch: 012 | Train_Loss: 1.9372 | Train_MAPE: 0.0785 | Train_RMSE: 3.0409 | Valid_Loss: 2.5191 | Valid_RMSE: 3.6872 | Valid_MAPE: 0.1154 | LR: 0.001000
EarlyStopping counter: 2 out of 100
Current Time: 10-13-17 | Epoch: 013 | Train_Loss: 1.8880 | Train_MAPE: 0.0765 | Train_RMSE: 2.9913 | Valid_Loss: 2.4397 | Valid_RMSE: 3.5612 | Valid_MAPE: 0.1067 | LR: 0.001000
Current Time: 10-13-18 | Epoch: 014 | Train_Loss: 1.8732 | Train_MAPE: 0.0758 | Train_RMSE: 2.9697 | Valid_Loss: 2.5361 | Valid_RMSE: 3.6727 | Valid_MAPE: 0.1171 | LR: 0.001000
EarlyStopping counter: 1 out of 100
Current Time: 10-13-18 | Epoch: 015 | Train_Loss: 1.8418 | Train_MAPE: 0.0747 | Train_RMSE: 2.9367 | Valid_Loss: 2.5168 | Valid_RMSE: 3.6366 | Valid_MAPE: 0.1150 | LR: 0.001000
EarlyStopping counter: 2 out of 100
Current Time: 10-13-18 | Epoch: 016 | Train_Loss: 1.8217 | Train_MAPE: 0.0739 | Train_RMSE: 2.9152 | Valid_Loss: 2.4086 | Valid_RMSE: 3.5281 | Valid_MAPE: 0.1080 | LR: 0.001000
Current Time: 10-13-18 | Epoch: 017 | Train_Loss: 1.7781 | Train_MAPE: 0.0722 | Train_RMSE: 2.8715 | Valid_Loss: 2.4727 | Valid_RMSE: 3.5863 | Valid_MAPE: 0.1117 | LR: 0.001000
EarlyStopping counter: 1 out of 100
Current Time: 10-13-18 | Epoch: 018 | Train_Loss: 1.7538 | Train_MAPE: 0.0710 | Train_RMSE: 2.8488 | Valid_Loss: 2.4146 | Valid_RMSE: 3.4990 | Valid_MAPE: 0.1070 | LR: 0.001000
EarlyStopping counter: 2 out of 100
Current Time: 10-13-18 | Epoch: 019 | Train_Loss: 1.7897 | Train_MAPE: 0.0725 | Train_RMSE: 2.8680 | Valid_Loss: 2.3478 | Valid_RMSE: 3.4618 | Valid_MAPE: 0.1051 | LR: 0.001000
Current Time: 10-13-18 | Epoch: 020 | Train_Loss: 1.7405 | Train_MAPE: 0.0704 | Train_RMSE: 2.8269 | Valid_Loss: 2.3533 | Valid_RMSE: 3.4527 | Valid_MAPE: 0.1049 | LR: 0.001000
EarlyStopping counter: 1 out of 100
Current Time: 10-13-18 | Epoch: 021 | Train_Loss: 1.7148 | Train_MAPE: 0.0694 | Train_RMSE: 2.8050 | Valid_Loss: 2.3546 | Valid_RMSE: 3.4281 | Valid_MAPE: 0.1031 | LR: 0.001000
EarlyStopping counter: 2 out of 100
Current Time: 10-13-19 | Epoch: 022 | Train_Loss: 1.7035 | Train_MAPE: 0.0690 | Train_RMSE: 2.7884 | Valid_Loss: 2.3767 | Valid_RMSE: 3.4622 | Valid_MAPE: 0.1065 | LR: 0.001000
EarlyStopping counter: 3 out of 100
Current Time: 10-13-19 | Epoch: 023 | Train_Loss: 1.6666 | Train_MAPE: 0.0675 | Train_RMSE: 2.7587 | Valid_Loss: 2.3329 | Valid_RMSE: 3.3986 | Valid_MAPE: 0.1007 | LR: 0.001000
Current Time: 10-13-19 | Epoch: 024 | Train_Loss: 1.6515 | Train_MAPE: 0.0669 | Train_RMSE: 2.7438 | Valid_Loss: 2.3184 | Valid_RMSE: 3.3937 | Valid_MAPE: 0.1021 | LR: 0.001000
Current Time: 10-13-19 | Epoch: 025 | Train_Loss: 1.6520 | Train_MAPE: 0.0669 | Train_RMSE: 2.7376 | Valid_Loss: 2.3412 | Valid_RMSE: 3.3962 | Valid_MAPE: 0.1024 | LR: 0.001000
EarlyStopping counter: 1 out of 100
Current Time: 10-13-19 | Epoch: 026 | Train_Loss: 1.6513 | Train_MAPE: 0.0669 | Train_RMSE: 2.7350 | Valid_Loss: 2.3497 | Valid_RMSE: 3.4061 | Valid_MAPE: 0.1018 | LR: 0.001000
EarlyStopping counter: 2 out of 100
Current Time: 10-13-19 | Epoch: 027 | Train_Loss: 1.6452 | Train_MAPE: 0.0667 | Train_RMSE: 2.7271 | Valid_Loss: 2.3560 | Valid_RMSE: 3.4163 | Valid_MAPE: 0.1032 | LR: 0.001000
EarlyStopping counter: 3 out of 100
Current Time: 10-13-19 | Epoch: 028 | Train_Loss: 1.6065 | Train_MAPE: 0.0651 | Train_RMSE: 2.6969 | Valid_Loss: 2.3558 | Valid_RMSE: 3.4477 | Valid_MAPE: 0.1071 | LR: 0.001000
EarlyStopping counter: 4 out of 100
Current Time: 10-13-19 | Epoch: 029 | Train_Loss: 1.6147 | Train_MAPE: 0.0655 | Train_RMSE: 2.6985 | Valid_Loss: 2.3466 | Valid_RMSE: 3.3888 | Valid_MAPE: 0.0999 | LR: 0.001000
EarlyStopping counter: 5 out of 100
Current Time: 10-13-20 | Epoch: 030 | Train_Loss: 1.6005 | Train_MAPE: 0.0650 | Train_RMSE: 2.6856 | Valid_Loss: 2.2981 | Valid_RMSE: 3.3550 | Valid_MAPE: 0.1013 | LR: 0.001000
======== Start curriculum learning... reset the learning rate to 0.002. ========
Current Time: 10-13-20 | Epoch: 031 | Train_Loss: 1.7298 | Train_MAPE: 0.0700 | Train_RMSE: 2.7881 | Valid_Loss: 2.3825 | Valid_RMSE: 3.5255 | Valid_MAPE: 0.1079 | LR: 0.002000
EarlyStopping counter: 1 out of 100
Current Time: 10-13-20 | Epoch: 032 | Train_Loss: 1.6589 | Train_MAPE: 0.0671 | Train_RMSE: 2.7225 | Valid_Loss: 2.4784 | Valid_RMSE: 3.6211 | Valid_MAPE: 0.1159 | LR: 0.002000
EarlyStopping counter: 2 out of 100
Current Time: 10-13-20 | Epoch: 033 | Train_Loss: 1.6794 | Train_MAPE: 0.0679 | Train_RMSE: 2.7365 | Valid_Loss: 2.4033 | Valid_RMSE: 3.4353 | Valid_MAPE: 0.1029 | LR: 0.002000
EarlyStopping counter: 3 out of 100
Current Time: 10-13-20 | Epoch: 034 | Train_Loss: 1.6645 | Train_MAPE: 0.0673 | Train_RMSE: 2.7225 | Valid_Loss: 2.3676 | Valid_RMSE: 3.4097 | Valid_MAPE: 0.1050 | LR: 0.002000
EarlyStopping counter: 4 out of 100
Current Time: 10-13-20 | Epoch: 035 | Train_Loss: 1.6431 | Train_MAPE: 0.0667 | Train_RMSE: 2.7039 | Valid_Loss: 2.3448 | Valid_RMSE: 3.4401 | Valid_MAPE: 0.1081 | LR: 0.002000
EarlyStopping counter: 5 out of 100
Current Time: 10-13-20 | Epoch: 036 | Train_Loss: 1.6286 | Train_MAPE: 0.0658 | Train_RMSE: 2.6858 | Valid_Loss: 2.2972 | Valid_RMSE: 3.3551 | Valid_MAPE: 0.0997 | LR: 0.002000
Current Time: 10-13-20 | Epoch: 037 | Train_Loss: 1.5877 | Train_MAPE: 0.0646 | Train_RMSE: 2.6528 | Valid_Loss: 2.3243 | Valid_RMSE: 3.3661 | Valid_MAPE: 0.1016 | LR: 0.002000
EarlyStopping counter: 1 out of 100
Current Time: 10-13-21 | Epoch: 038 | Train_Loss: 1.5453 | Train_MAPE: 0.0627 | Train_RMSE: 2.6174 | Valid_Loss: 2.2519 | Valid_RMSE: 3.3103 | Valid_MAPE: 0.0982 | LR: 0.002000
Current Time: 10-13-21 | Epoch: 039 | Train_Loss: 1.5094 | Train_MAPE: 0.0613 | Train_RMSE: 2.5874 | Valid_Loss: 2.2372 | Valid_RMSE: 3.2843 | Valid_MAPE: 0.0980 | LR: 0.001000
Current Time: 10-13-21 | Epoch: 040 | Train_Loss: 1.4826 | Train_MAPE: 0.0603 | Train_RMSE: 2.5674 | Valid_Loss: 2.2414 | Valid_RMSE: 3.2842 | Valid_MAPE: 0.0983 | LR: 0.001000
EarlyStopping counter: 1 out of 100
Current Time: 10-13-21 | Epoch: 041 | Train_Loss: 1.4755 | Train_MAPE: 0.0600 | Train_RMSE: 2.5590 | Valid_Loss: 2.2228 | Valid_RMSE: 3.2752 | Valid_MAPE: 0.0983 | LR: 0.001000
Current Time: 10-13-21 | Epoch: 042 | Train_Loss: 1.4677 | Train_MAPE: 0.0597 | Train_RMSE: 2.5522 | Valid_Loss: 2.2309 | Valid_RMSE: 3.2855 | Valid_MAPE: 0.0989 | LR: 0.001000
EarlyStopping counter: 1 out of 100
Current Time: 10-13-21 | Epoch: 043 | Train_Loss: 1.4627 | Train_MAPE: 0.0595 | Train_RMSE: 2.5463 | Valid_Loss: 2.2605 | Valid_RMSE: 3.3281 | Valid_MAPE: 0.1013 | LR: 0.001000
EarlyStopping counter: 2 out of 100
Current Time: 10-13-21 | Epoch: 044 | Train_Loss: 1.4700 | Train_MAPE: 0.0599 | Train_RMSE: 2.5513 | Valid_Loss: 2.2160 | Valid_RMSE: 3.2725 | Valid_MAPE: 0.0977 | LR: 0.001000
Current Time: 10-13-21 | Epoch: 045 | Train_Loss: 1.4485 | Train_MAPE: 0.0589 | Train_RMSE: 2.5329 | Valid_Loss: 2.2343 | Valid_RMSE: 3.2723 | Valid_MAPE: 0.0981 | LR: 0.001000
EarlyStopping counter: 1 out of 100
Current Time: 10-13-22 | Epoch: 046 | Train_Loss: 1.4452 | Train_MAPE: 0.0588 | Train_RMSE: 2.5283 | Valid_Loss: 2.2272 | Valid_RMSE: 3.2718 | Valid_MAPE: 0.0985 | LR: 0.001000
EarlyStopping counter: 2 out of 100
Current Time: 10-13-22 | Epoch: 047 | Train_Loss: 1.4311 | Train_MAPE: 0.0583 | Train_RMSE: 2.5159 | Valid_Loss: 2.2282 | Valid_RMSE: 3.2641 | Valid_MAPE: 0.0982 | LR: 0.000500
EarlyStopping counter: 3 out of 100
Current Time: 10-13-22 | Epoch: 048 | Train_Loss: 1.4282 | Train_MAPE: 0.0581 | Train_RMSE: 2.5149 | Valid_Loss: 2.2193 | Valid_RMSE: 3.2525 | Valid_MAPE: 0.0970 | LR: 0.000500
EarlyStopping counter: 4 out of 100
Current Time: 10-13-22 | Epoch: 049 | Train_Loss: 1.4256 | Train_MAPE: 0.0580 | Train_RMSE: 2.5105 | Valid_Loss: 2.2363 | Valid_RMSE: 3.2658 | Valid_MAPE: 0.0972 | LR: 0.000500
EarlyStopping counter: 5 out of 100
Current Time: 10-13-22 | Epoch: 050 | Train_Loss: 1.4226 | Train_MAPE: 0.0579 | Train_RMSE: 2.5092 | Valid_Loss: 2.2148 | Valid_RMSE: 3.2523 | Valid_MAPE: 0.0976 | LR: 0.000500
Current Time: 10-13-22 | Epoch: 051 | Train_Loss: 1.4188 | Train_MAPE: 0.0578 | Train_RMSE: 2.5065 | Valid_Loss: 2.2185 | Valid_RMSE: 3.2547 | Valid_MAPE: 0.0977 | LR: 0.000500
EarlyStopping counter: 1 out of 100
Current Time: 10-13-22 | Epoch: 052 | Train_Loss: 1.4160 | Train_MAPE: 0.0577 | Train_RMSE: 2.5026 | Valid_Loss: 2.2175 | Valid_RMSE: 3.2610 | Valid_MAPE: 0.0978 | LR: 0.000500
EarlyStopping counter: 2 out of 100
Current Time: 10-13-22 | Epoch: 053 | Train_Loss: 1.4133 | Train_MAPE: 0.0576 | Train_RMSE: 2.4994 | Valid_Loss: 2.2178 | Valid_RMSE: 3.2650 | Valid_MAPE: 0.0982 | LR: 0.000500
EarlyStopping counter: 3 out of 100
Current Time: 10-13-22 | Epoch: 054 | Train_Loss: 1.4114 | Train_MAPE: 0.0575 | Train_RMSE: 2.4998 | Valid_Loss: 2.2250 | Valid_RMSE: 3.2578 | Valid_MAPE: 0.0979 | LR: 0.000500
EarlyStopping counter: 4 out of 100
Current Time: 10-13-23 | Epoch: 055 | Train_Loss: 1.4045 | Train_MAPE: 0.0572 | Train_RMSE: 2.4931 | Valid_Loss: 2.2134 | Valid_RMSE: 3.2477 | Valid_MAPE: 0.0974 | LR: 0.000250
Current Time: 10-13-23 | Epoch: 056 | Train_Loss: 1.4031 | Train_MAPE: 0.0571 | Train_RMSE: 2.4909 | Valid_Loss: 2.2126 | Valid_RMSE: 3.2462 | Valid_MAPE: 0.0975 | LR: 0.000250
Current Time: 10-13-23 | Epoch: 057 | Train_Loss: 1.4015 | Train_MAPE: 0.0571 | Train_RMSE: 2.4889 | Valid_Loss: 2.2130 | Valid_RMSE: 3.2469 | Valid_MAPE: 0.0974 | LR: 0.000250
EarlyStopping counter: 1 out of 100
Current Time: 10-13-23 | Epoch: 058 | Train_Loss: 1.4006 | Train_MAPE: 0.0571 | Train_RMSE: 2.4882 | Valid_Loss: 2.2215 | Valid_RMSE: 3.2490 | Valid_MAPE: 0.0972 | LR: 0.000250
EarlyStopping counter: 2 out of 100
Current Time: 10-13-23 | Epoch: 059 | Train_Loss: 1.3997 | Train_MAPE: 0.0570 | Train_RMSE: 2.4871 | Valid_Loss: 2.2135 | Valid_RMSE: 3.2451 | Valid_MAPE: 0.0973 | LR: 0.000250
EarlyStopping counter: 3 out of 100
Current Time: 10-13-23 | Epoch: 060 | Train_Loss: 1.3970 | Train_MAPE: 0.0569 | Train_RMSE: 2.4853 | Valid_Loss: 2.2084 | Valid_RMSE: 3.2445 | Valid_MAPE: 0.0975 | LR: 0.000250
Current Time: 10-13-23 | Epoch: 061 | Train_Loss: 1.3960 | Train_MAPE: 0.0569 | Train_RMSE: 2.4853 | Valid_Loss: 2.2066 | Valid_RMSE: 3.2401 | Valid_MAPE: 0.0971 | LR: 0.000250
Current Time: 10-13-23 | Epoch: 062 | Train_Loss: 1.3944 | Train_MAPE: 0.0568 | Train_RMSE: 2.4822 | Valid_Loss: 2.2060 | Valid_RMSE: 3.2383 | Valid_MAPE: 0.0967 | LR: 0.000250
Current Time: 10-13-24 | Epoch: 063 | Train_Loss: 1.3921 | Train_MAPE: 0.0567 | Train_RMSE: 2.4808 | Valid_Loss: 2.2078 | Valid_RMSE: 3.2443 | Valid_MAPE: 0.0971 | LR: 0.000125
EarlyStopping counter: 1 out of 100
Current Time: 10-13-24 | Epoch: 064 | Train_Loss: 1.3911 | Train_MAPE: 0.0567 | Train_RMSE: 2.4780 | Valid_Loss: 2.2102 | Valid_RMSE: 3.2441 | Valid_MAPE: 0.0974 | LR: 0.000125
EarlyStopping counter: 2 out of 100
Current Time: 10-13-24 | Epoch: 065 | Train_Loss: 1.3903 | Train_MAPE: 0.0566 | Train_RMSE: 2.4785 | Valid_Loss: 2.2070 | Valid_RMSE: 3.2437 | Valid_MAPE: 0.0973 | LR: 0.000125
EarlyStopping counter: 3 out of 100
Current Time: 10-13-24 | Epoch: 066 | Train_Loss: 1.3896 | Train_MAPE: 0.0566 | Train_RMSE: 2.4776 | Valid_Loss: 2.2042 | Valid_RMSE: 3.2419 | Valid_MAPE: 0.0972 | LR: 0.000125
Current Time: 10-13-24 | Epoch: 067 | Train_Loss: 1.3890 | Train_MAPE: 0.0566 | Train_RMSE: 2.4766 | Valid_Loss: 2.2087 | Valid_RMSE: 3.2382 | Valid_MAPE: 0.0968 | LR: 0.000125
EarlyStopping counter: 1 out of 100
Current Time: 10-13-24 | Epoch: 068 | Train_Loss: 1.3879 | Train_MAPE: 0.0565 | Train_RMSE: 2.4758 | Valid_Loss: 2.2120 | Valid_RMSE: 3.2423 | Valid_MAPE: 0.0973 | LR: 0.000125
EarlyStopping counter: 2 out of 100
Current Time: 10-13-24 | Epoch: 069 | Train_Loss: 1.3872 | Train_MAPE: 0.0565 | Train_RMSE: 2.4746 | Valid_Loss: 2.2063 | Valid_RMSE: 3.2380 | Valid_MAPE: 0.0970 | LR: 0.000125
EarlyStopping counter: 3 out of 100
Current Time: 10-13-24 | Epoch: 070 | Train_Loss: 1.3860 | Train_MAPE: 0.0565 | Train_RMSE: 2.4765 | Valid_Loss: 2.2099 | Valid_RMSE: 3.2419 | Valid_MAPE: 0.0968 | LR: 0.000125
EarlyStopping counter: 4 out of 100
Current Time: 10-13-25 | Epoch: 071 | Train_Loss: 1.3845 | Train_MAPE: 0.0564 | Train_RMSE: 2.4723 | Valid_Loss: 2.2046 | Valid_RMSE: 3.2366 | Valid_MAPE: 0.0968 | LR: 0.000063
EarlyStopping counter: 5 out of 100
Current Time: 10-13-25 | Epoch: 072 | Train_Loss: 1.3843 | Train_MAPE: 0.0564 | Train_RMSE: 2.4737 | Valid_Loss: 2.2123 | Valid_RMSE: 3.2431 | Valid_MAPE: 0.0972 | LR: 0.000063
EarlyStopping counter: 6 out of 100
Current Time: 10-13-25 | Epoch: 073 | Train_Loss: 1.3837 | Train_MAPE: 0.0564 | Train_RMSE: 2.4707 | Valid_Loss: 2.2061 | Valid_RMSE: 3.2390 | Valid_MAPE: 0.0971 | LR: 0.000063
EarlyStopping counter: 7 out of 100
Current Time: 10-13-25 | Epoch: 074 | Train_Loss: 1.3834 | Train_MAPE: 0.0564 | Train_RMSE: 2.4723 | Valid_Loss: 2.2119 | Valid_RMSE: 3.2393 | Valid_MAPE: 0.0970 | LR: 0.000063
EarlyStopping counter: 8 out of 100
Current Time: 10-13-25 | Epoch: 075 | Train_Loss: 1.3830 | Train_MAPE: 0.0563 | Train_RMSE: 2.4708 | Valid_Loss: 2.2111 | Valid_RMSE: 3.2405 | Valid_MAPE: 0.0970 | LR: 0.000063
EarlyStopping counter: 9 out of 100
Current Time: 10-13-25 | Epoch: 076 | Train_Loss: 1.3820 | Train_MAPE: 0.0563 | Train_RMSE: 2.4711 | Valid_Loss: 2.2040 | Valid_RMSE: 3.2367 | Valid_MAPE: 0.0970 | LR: 0.000063
Current Time: 10-13-25 | Epoch: 077 | Train_Loss: 1.3816 | Train_MAPE: 0.0563 | Train_RMSE: 2.4709 | Valid_Loss: 2.2048 | Valid_RMSE: 3.2335 | Valid_MAPE: 0.0967 | LR: 0.000063
EarlyStopping counter: 1 out of 100
Current Time: 10-13-25 | Epoch: 078 | Train_Loss: 1.3814 | Train_MAPE: 0.0563 | Train_RMSE: 2.4700 | Valid_Loss: 2.2040 | Valid_RMSE: 3.2351 | Valid_MAPE: 0.0967 | LR: 0.000063
Current Time: 10-13-25 | Epoch: 079 | Train_Loss: 1.3814 | Train_MAPE: 0.0563 | Train_RMSE: 2.4702 | Valid_Loss: 2.2090 | Valid_RMSE: 3.2372 | Valid_MAPE: 0.0969 | LR: 0.000063
EarlyStopping counter: 1 out of 100
predict shape:  (18, 32, 6, 524)
Test MAE: 2.17 | Test RMSE: 3.20 | Test MAPE: 9.50 |
Average Training Time: 6.6275 secs/epoch
Average Inference Time: 0.5722 secs/epoch
Spend Time: 583.3112773895264
