Load dataset: 1.37s...
float64
Load adjacent matrix: 0.01s...
Whole trainining iteration is 54
Current Time: 10-09-17 | Epoch: 001 | Train_Loss: 3.5499 | Train_MAPE: 0.1451 | Train_RMSE: 4.9762 | Valid_Loss: 2.8864 | Valid_RMSE: 4.0679 | Valid_MAPE: 0.1350 | LR: 0.002000
Current Time: 10-09-17 | Epoch: 002 | Train_Loss: 2.2995 | Train_MAPE: 0.0937 | Train_RMSE: 3.3255 | Valid_Loss: 2.5817 | Valid_RMSE: 3.6575 | Valid_MAPE: 0.1173 | LR: 0.001000
Current Time: 10-09-18 | Epoch: 003 | Train_Loss: 2.0563 | Train_MAPE: 0.0824 | Train_RMSE: 3.0175 | Valid_Loss: 2.5590 | Valid_RMSE: 3.6010 | Valid_MAPE: 0.1139 | LR: 0.001000
Current Time: 10-09-18 | Epoch: 004 | Train_Loss: 1.8819 | Train_MAPE: 0.0747 | Train_RMSE: 2.8158 | Valid_Loss: 2.6054 | Valid_RMSE: 3.6246 | Valid_MAPE: 0.1170 | LR: 0.001000
EarlyStopping counter: 1 out of 100
Current Time: 10-09-18 | Epoch: 005 | Train_Loss: 1.7168 | Train_MAPE: 0.0678 | Train_RMSE: 2.6398 | Valid_Loss: 2.6632 | Valid_RMSE: 3.6683 | Valid_MAPE: 0.1194 | LR: 0.001000
EarlyStopping counter: 2 out of 100
Current Time: 10-09-18 | Epoch: 006 | Train_Loss: 1.6296 | Train_MAPE: 0.0643 | Train_RMSE: 2.5473 | Valid_Loss: 2.5516 | Valid_RMSE: 3.5672 | Valid_MAPE: 0.1153 | LR: 0.001000
Current Time: 10-09-18 | Epoch: 007 | Train_Loss: 1.5292 | Train_MAPE: 0.0604 | Train_RMSE: 2.4504 | Valid_Loss: 2.4883 | Valid_RMSE: 3.5090 | Valid_MAPE: 0.1103 | LR: 0.001000
Current Time: 10-09-18 | Epoch: 008 | Train_Loss: 1.4406 | Train_MAPE: 0.0568 | Train_RMSE: 2.3670 | Valid_Loss: 2.4805 | Valid_RMSE: 3.4951 | Valid_MAPE: 0.1104 | LR: 0.001000
Current Time: 10-09-18 | Epoch: 009 | Train_Loss: 1.3707 | Train_MAPE: 0.0540 | Train_RMSE: 2.2992 | Valid_Loss: 2.5306 | Valid_RMSE: 3.5460 | Valid_MAPE: 0.1139 | LR: 0.001000
EarlyStopping counter: 1 out of 100
Current Time: 10-09-18 | Epoch: 010 | Train_Loss: 1.3655 | Train_MAPE: 0.0539 | Train_RMSE: 2.2851 | Valid_Loss: 2.3871 | Valid_RMSE: 3.4008 | Valid_MAPE: 0.1051 | LR: 0.001000
Current Time: 10-09-19 | Epoch: 011 | Train_Loss: 1.3313 | Train_MAPE: 0.0525 | Train_RMSE: 2.2505 | Valid_Loss: 2.5081 | Valid_RMSE: 3.5129 | Valid_MAPE: 0.1123 | LR: 0.001000
EarlyStopping counter: 1 out of 100
Current Time: 10-09-19 | Epoch: 012 | Train_Loss: 1.2992 | Train_MAPE: 0.0511 | Train_RMSE: 2.2211 | Valid_Loss: 2.4184 | Valid_RMSE: 3.4226 | Valid_MAPE: 0.1045 | LR: 0.001000
EarlyStopping counter: 2 out of 100
Current Time: 10-09-19 | Epoch: 013 | Train_Loss: 1.2745 | Train_MAPE: 0.0502 | Train_RMSE: 2.1982 | Valid_Loss: 2.4714 | Valid_RMSE: 3.4809 | Valid_MAPE: 0.1109 | LR: 0.001000
EarlyStopping counter: 3 out of 100
Current Time: 10-09-19 | Epoch: 014 | Train_Loss: 1.2577 | Train_MAPE: 0.0494 | Train_RMSE: 2.1807 | Valid_Loss: 2.3850 | Valid_RMSE: 3.3881 | Valid_MAPE: 0.1027 | LR: 0.001000
Current Time: 10-09-19 | Epoch: 015 | Train_Loss: 1.2350 | Train_MAPE: 0.0487 | Train_RMSE: 2.1578 | Valid_Loss: 2.4823 | Valid_RMSE: 3.4736 | Valid_MAPE: 0.1089 | LR: 0.001000
EarlyStopping counter: 1 out of 100
Current Time: 10-09-19 | Epoch: 016 | Train_Loss: 1.2063 | Train_MAPE: 0.0475 | Train_RMSE: 2.1357 | Valid_Loss: 2.3842 | Valid_RMSE: 3.3838 | Valid_MAPE: 0.1028 | LR: 0.001000
Current Time: 10-09-19 | Epoch: 017 | Train_Loss: 1.1904 | Train_MAPE: 0.0468 | Train_RMSE: 2.1171 | Valid_Loss: 2.3923 | Valid_RMSE: 3.3949 | Valid_MAPE: 0.1074 | LR: 0.001000
EarlyStopping counter: 1 out of 100
Current Time: 10-09-20 | Epoch: 018 | Train_Loss: 1.1802 | Train_MAPE: 0.0466 | Train_RMSE: 2.1044 | Valid_Loss: 2.3864 | Valid_RMSE: 3.3733 | Valid_MAPE: 0.1003 | LR: 0.001000
EarlyStopping counter: 2 out of 100
Current Time: 10-09-20 | Epoch: 019 | Train_Loss: 1.1731 | Train_MAPE: 0.0461 | Train_RMSE: 2.0955 | Valid_Loss: 2.3595 | Valid_RMSE: 3.3648 | Valid_MAPE: 0.1053 | LR: 0.001000
Current Time: 10-09-20 | Epoch: 020 | Train_Loss: 1.1618 | Train_MAPE: 0.0457 | Train_RMSE: 2.0850 | Valid_Loss: 2.3427 | Valid_RMSE: 3.3268 | Valid_MAPE: 0.0986 | LR: 0.001000
Current Time: 10-09-20 | Epoch: 021 | Train_Loss: 1.1488 | Train_MAPE: 0.0453 | Train_RMSE: 2.0680 | Valid_Loss: 2.3214 | Valid_RMSE: 3.3252 | Valid_MAPE: 0.1031 | LR: 0.001000
Current Time: 10-09-20 | Epoch: 022 | Train_Loss: 1.1375 | Train_MAPE: 0.0448 | Train_RMSE: 2.0577 | Valid_Loss: 2.3272 | Valid_RMSE: 3.3071 | Valid_MAPE: 0.0985 | LR: 0.001000
EarlyStopping counter: 1 out of 100
Current Time: 10-09-20 | Epoch: 023 | Train_Loss: 1.1191 | Train_MAPE: 0.0440 | Train_RMSE: 2.0415 | Valid_Loss: 2.3267 | Valid_RMSE: 3.3167 | Valid_MAPE: 0.1011 | LR: 0.001000
EarlyStopping counter: 2 out of 100
Current Time: 10-09-20 | Epoch: 024 | Train_Loss: 1.0962 | Train_MAPE: 0.0432 | Train_RMSE: 2.0228 | Valid_Loss: 2.3546 | Valid_RMSE: 3.3326 | Valid_MAPE: 0.1005 | LR: 0.001000
EarlyStopping counter: 3 out of 100
Current Time: 10-09-20 | Epoch: 025 | Train_Loss: 1.1015 | Train_MAPE: 0.0434 | Train_RMSE: 2.0194 | Valid_Loss: 2.3362 | Valid_RMSE: 3.3155 | Valid_MAPE: 0.1012 | LR: 0.001000
EarlyStopping counter: 4 out of 100
Current Time: 10-09-21 | Epoch: 026 | Train_Loss: 1.0736 | Train_MAPE: 0.0423 | Train_RMSE: 1.9961 | Valid_Loss: 2.3073 | Valid_RMSE: 3.3037 | Valid_MAPE: 0.1022 | LR: 0.001000
Current Time: 10-09-21 | Epoch: 027 | Train_Loss: 1.0785 | Train_MAPE: 0.0425 | Train_RMSE: 1.9952 | Valid_Loss: 2.2618 | Valid_RMSE: 3.2423 | Valid_MAPE: 0.0966 | LR: 0.001000
Current Time: 10-09-21 | Epoch: 028 | Train_Loss: 1.0703 | Train_MAPE: 0.0421 | Train_RMSE: 1.9858 | Valid_Loss: 2.2932 | Valid_RMSE: 3.2717 | Valid_MAPE: 0.0986 | LR: 0.001000
EarlyStopping counter: 1 out of 100
Current Time: 10-09-21 | Epoch: 029 | Train_Loss: 1.0548 | Train_MAPE: 0.0415 | Train_RMSE: 1.9729 | Valid_Loss: 2.2564 | Valid_RMSE: 3.2297 | Valid_MAPE: 0.0952 | LR: 0.001000
Current Time: 10-09-21 | Epoch: 030 | Train_Loss: 1.0602 | Train_MAPE: 0.0417 | Train_RMSE: 1.9717 | Valid_Loss: 2.2889 | Valid_RMSE: 3.2698 | Valid_MAPE: 0.1007 | LR: 0.001000
EarlyStopping counter: 1 out of 100
======== Start curriculum learning... reset the learning rate to 0.002. ========
Current Time: 10-09-21 | Epoch: 031 | Train_Loss: 1.1558 | Train_MAPE: 0.0454 | Train_RMSE: 2.0315 | Valid_Loss: 2.3279 | Valid_RMSE: 3.2939 | Valid_MAPE: 0.1004 | LR: 0.002000
EarlyStopping counter: 2 out of 100
Current Time: 10-09-21 | Epoch: 032 | Train_Loss: 1.1274 | Train_MAPE: 0.0444 | Train_RMSE: 2.0069 | Valid_Loss: 2.3647 | Valid_RMSE: 3.3453 | Valid_MAPE: 0.1060 | LR: 0.002000
EarlyStopping counter: 3 out of 100
Current Time: 10-09-21 | Epoch: 033 | Train_Loss: 1.1123 | Train_MAPE: 0.0440 | Train_RMSE: 1.9953 | Valid_Loss: 2.3383 | Valid_RMSE: 3.3050 | Valid_MAPE: 0.1011 | LR: 0.002000
EarlyStopping counter: 4 out of 100
Current Time: 10-09-22 | Epoch: 034 | Train_Loss: 1.1127 | Train_MAPE: 0.0437 | Train_RMSE: 1.9911 | Valid_Loss: 2.3150 | Valid_RMSE: 3.2768 | Valid_MAPE: 0.0980 | LR: 0.002000
EarlyStopping counter: 5 out of 100
Current Time: 10-09-22 | Epoch: 035 | Train_Loss: 1.0641 | Train_MAPE: 0.0419 | Train_RMSE: 1.9554 | Valid_Loss: 2.2615 | Valid_RMSE: 3.2312 | Valid_MAPE: 0.0990 | LR: 0.002000
EarlyStopping counter: 6 out of 100
Current Time: 10-09-22 | Epoch: 036 | Train_Loss: 1.0877 | Train_MAPE: 0.0428 | Train_RMSE: 1.9672 | Valid_Loss: 2.2352 | Valid_RMSE: 3.2051 | Valid_MAPE: 0.0942 | LR: 0.002000
Current Time: 10-09-22 | Epoch: 037 | Train_Loss: 1.0684 | Train_MAPE: 0.0421 | Train_RMSE: 1.9453 | Valid_Loss: 2.2214 | Valid_RMSE: 3.2181 | Valid_MAPE: 0.0976 | LR: 0.002000
Current Time: 10-09-22 | Epoch: 038 | Train_Loss: 1.0720 | Train_MAPE: 0.0423 | Train_RMSE: 1.9451 | Valid_Loss: 2.2341 | Valid_RMSE: 3.1977 | Valid_MAPE: 0.0948 | LR: 0.002000
EarlyStopping counter: 1 out of 100
Current Time: 10-09-22 | Epoch: 039 | Train_Loss: 0.9784 | Train_MAPE: 0.0385 | Train_RMSE: 1.8828 | Valid_Loss: 2.1737 | Valid_RMSE: 3.1503 | Valid_MAPE: 0.0946 | LR: 0.001000
Current Time: 10-09-22 | Epoch: 040 | Train_Loss: 0.9672 | Train_MAPE: 0.0381 | Train_RMSE: 1.8753 | Valid_Loss: 2.1694 | Valid_RMSE: 3.1441 | Valid_MAPE: 0.0944 | LR: 0.001000
Current Time: 10-09-22 | Epoch: 041 | Train_Loss: 0.9734 | Train_MAPE: 0.0383 | Train_RMSE: 1.8739 | Valid_Loss: 2.1429 | Valid_RMSE: 3.1191 | Valid_MAPE: 0.0912 | LR: 0.001000
Current Time: 10-09-23 | Epoch: 042 | Train_Loss: 0.9549 | Train_MAPE: 0.0376 | Train_RMSE: 1.8606 | Valid_Loss: 2.1632 | Valid_RMSE: 3.1323 | Valid_MAPE: 0.0927 | LR: 0.001000
EarlyStopping counter: 1 out of 100
Current Time: 10-09-23 | Epoch: 043 | Train_Loss: 0.9273 | Train_MAPE: 0.0365 | Train_RMSE: 1.8438 | Valid_Loss: 2.1633 | Valid_RMSE: 3.1295 | Valid_MAPE: 0.0924 | LR: 0.001000
EarlyStopping counter: 2 out of 100
Current Time: 10-09-23 | Epoch: 044 | Train_Loss: 0.9283 | Train_MAPE: 0.0366 | Train_RMSE: 1.8414 | Valid_Loss: 2.1616 | Valid_RMSE: 3.1264 | Valid_MAPE: 0.0926 | LR: 0.001000
EarlyStopping counter: 3 out of 100
Current Time: 10-09-23 | Epoch: 045 | Train_Loss: 0.9203 | Train_MAPE: 0.0362 | Train_RMSE: 1.8328 | Valid_Loss: 2.1670 | Valid_RMSE: 3.1341 | Valid_MAPE: 0.0943 | LR: 0.001000
EarlyStopping counter: 4 out of 100
Current Time: 10-09-23 | Epoch: 046 | Train_Loss: 0.9434 | Train_MAPE: 0.0371 | Train_RMSE: 1.8411 | Valid_Loss: 2.2246 | Valid_RMSE: 3.1844 | Valid_MAPE: 0.0958 | LR: 0.001000
EarlyStopping counter: 5 out of 100
Current Time: 10-09-23 | Epoch: 047 | Train_Loss: 0.9044 | Train_MAPE: 0.0356 | Train_RMSE: 1.8175 | Valid_Loss: 2.1459 | Valid_RMSE: 3.1135 | Valid_MAPE: 0.0925 | LR: 0.000500
EarlyStopping counter: 6 out of 100
Current Time: 10-09-23 | Epoch: 048 | Train_Loss: 0.8956 | Train_MAPE: 0.0353 | Train_RMSE: 1.8120 | Valid_Loss: 2.1594 | Valid_RMSE: 3.1233 | Valid_MAPE: 0.0926 | LR: 0.000500
EarlyStopping counter: 7 out of 100
Current Time: 10-09-23 | Epoch: 049 | Train_Loss: 0.8915 | Train_MAPE: 0.0351 | Train_RMSE: 1.8065 | Valid_Loss: 2.1676 | Valid_RMSE: 3.1307 | Valid_MAPE: 0.0933 | LR: 0.000500
EarlyStopping counter: 8 out of 100
Current Time: 10-09-24 | Epoch: 050 | Train_Loss: 0.8899 | Train_MAPE: 0.0351 | Train_RMSE: 1.8076 | Valid_Loss: 2.1556 | Valid_RMSE: 3.1234 | Valid_MAPE: 0.0932 | LR: 0.000500
EarlyStopping counter: 9 out of 100
Current Time: 10-09-24 | Epoch: 051 | Train_Loss: 0.8850 | Train_MAPE: 0.0349 | Train_RMSE: 1.8018 | Valid_Loss: 2.1470 | Valid_RMSE: 3.1121 | Valid_MAPE: 0.0918 | LR: 0.000500
EarlyStopping counter: 10 out of 100
Current Time: 10-09-24 | Epoch: 052 | Train_Loss: 0.8821 | Train_MAPE: 0.0347 | Train_RMSE: 1.7988 | Valid_Loss: 2.1476 | Valid_RMSE: 3.1129 | Valid_MAPE: 0.0923 | LR: 0.000500
EarlyStopping counter: 11 out of 100
Current Time: 10-09-24 | Epoch: 053 | Train_Loss: 0.8789 | Train_MAPE: 0.0346 | Train_RMSE: 1.7944 | Valid_Loss: 2.1385 | Valid_RMSE: 3.1037 | Valid_MAPE: 0.0923 | LR: 0.000500
Current Time: 10-09-24 | Epoch: 054 | Train_Loss: 0.8775 | Train_MAPE: 0.0346 | Train_RMSE: 1.7945 | Valid_Loss: 2.1657 | Valid_RMSE: 3.1263 | Valid_MAPE: 0.0934 | LR: 0.000500
EarlyStopping counter: 1 out of 100
Current Time: 10-09-24 | Epoch: 055 | Train_Loss: 0.8718 | Train_MAPE: 0.0344 | Train_RMSE: 1.7884 | Valid_Loss: 2.1534 | Valid_RMSE: 3.1156 | Valid_MAPE: 0.0928 | LR: 0.000250
EarlyStopping counter: 2 out of 100
Current Time: 10-09-24 | Epoch: 056 | Train_Loss: 0.8698 | Train_MAPE: 0.0343 | Train_RMSE: 1.7878 | Valid_Loss: 2.1467 | Valid_RMSE: 3.1096 | Valid_MAPE: 0.0924 | LR: 0.000250
EarlyStopping counter: 3 out of 100
Current Time: 10-09-25 | Epoch: 057 | Train_Loss: 0.8676 | Train_MAPE: 0.0342 | Train_RMSE: 1.7837 | Valid_Loss: 2.1427 | Valid_RMSE: 3.1057 | Valid_MAPE: 0.0921 | LR: 0.000250
EarlyStopping counter: 4 out of 100
Current Time: 10-09-25 | Epoch: 058 | Train_Loss: 0.8662 | Train_MAPE: 0.0342 | Train_RMSE: 1.7821 | Valid_Loss: 2.1469 | Valid_RMSE: 3.1081 | Valid_MAPE: 0.0926 | LR: 0.000250
EarlyStopping counter: 5 out of 100
Current Time: 10-09-25 | Epoch: 059 | Train_Loss: 0.8651 | Train_MAPE: 0.0341 | Train_RMSE: 1.7815 | Valid_Loss: 2.1379 | Valid_RMSE: 3.1017 | Valid_MAPE: 0.0918 | LR: 0.000250
Current Time: 10-09-25 | Epoch: 060 | Train_Loss: 0.8631 | Train_MAPE: 0.0340 | Train_RMSE: 1.7802 | Valid_Loss: 2.1356 | Valid_RMSE: 3.0965 | Valid_MAPE: 0.0916 | LR: 0.000250
Current Time: 10-09-25 | Epoch: 061 | Train_Loss: 0.8620 | Train_MAPE: 0.0340 | Train_RMSE: 1.7793 | Valid_Loss: 2.1433 | Valid_RMSE: 3.1070 | Valid_MAPE: 0.0926 | LR: 0.000250
EarlyStopping counter: 1 out of 100
Current Time: 10-09-25 | Epoch: 062 | Train_Loss: 0.8604 | Train_MAPE: 0.0339 | Train_RMSE: 1.7768 | Valid_Loss: 2.1467 | Valid_RMSE: 3.1065 | Valid_MAPE: 0.0924 | LR: 0.000250
EarlyStopping counter: 2 out of 100
Current Time: 10-09-25 | Epoch: 063 | Train_Loss: 0.8576 | Train_MAPE: 0.0338 | Train_RMSE: 1.7748 | Valid_Loss: 2.1409 | Valid_RMSE: 3.1023 | Valid_MAPE: 0.0925 | LR: 0.000125
EarlyStopping counter: 3 out of 100
Current Time: 10-09-25 | Epoch: 064 | Train_Loss: 0.8562 | Train_MAPE: 0.0337 | Train_RMSE: 1.7713 | Valid_Loss: 2.1480 | Valid_RMSE: 3.1102 | Valid_MAPE: 0.0930 | LR: 0.000125
EarlyStopping counter: 4 out of 100
Current Time: 10-09-26 | Epoch: 065 | Train_Loss: 0.8561 | Train_MAPE: 0.0338 | Train_RMSE: 1.7723 | Valid_Loss: 2.1441 | Valid_RMSE: 3.1044 | Valid_MAPE: 0.0923 | LR: 0.000125
EarlyStopping counter: 5 out of 100
Current Time: 10-09-26 | Epoch: 066 | Train_Loss: 0.8552 | Train_MAPE: 0.0337 | Train_RMSE: 1.7718 | Valid_Loss: 2.1452 | Valid_RMSE: 3.1081 | Valid_MAPE: 0.0928 | LR: 0.000125
EarlyStopping counter: 6 out of 100
Current Time: 10-09-26 | Epoch: 067 | Train_Loss: 0.8540 | Train_MAPE: 0.0337 | Train_RMSE: 1.7696 | Valid_Loss: 2.1394 | Valid_RMSE: 3.1001 | Valid_MAPE: 0.0920 | LR: 0.000125
EarlyStopping counter: 7 out of 100
Current Time: 10-09-26 | Epoch: 068 | Train_Loss: 0.8534 | Train_MAPE: 0.0337 | Train_RMSE: 1.7707 | Valid_Loss: 2.1404 | Valid_RMSE: 3.1006 | Valid_MAPE: 0.0919 | LR: 0.000125
EarlyStopping counter: 8 out of 100
Current Time: 10-09-26 | Epoch: 069 | Train_Loss: 0.8524 | Train_MAPE: 0.0336 | Train_RMSE: 1.7686 | Valid_Loss: 2.1405 | Valid_RMSE: 3.1021 | Valid_MAPE: 0.0923 | LR: 0.000125
EarlyStopping counter: 9 out of 100
Current Time: 10-09-26 | Epoch: 070 | Train_Loss: 0.8511 | Train_MAPE: 0.0336 | Train_RMSE: 1.7683 | Valid_Loss: 2.1376 | Valid_RMSE: 3.0992 | Valid_MAPE: 0.0922 | LR: 0.000125
EarlyStopping counter: 10 out of 100
Current Time: 10-09-26 | Epoch: 071 | Train_Loss: 0.8501 | Train_MAPE: 0.0335 | Train_RMSE: 1.7659 | Valid_Loss: 2.1351 | Valid_RMSE: 3.0963 | Valid_MAPE: 0.0919 | LR: 0.000063
Current Time: 10-09-26 | Epoch: 072 | Train_Loss: 0.8498 | Train_MAPE: 0.0335 | Train_RMSE: 1.7666 | Valid_Loss: 2.1379 | Valid_RMSE: 3.0987 | Valid_MAPE: 0.0922 | LR: 0.000063
EarlyStopping counter: 1 out of 100
Current Time: 10-09-27 | Epoch: 073 | Train_Loss: 0.8495 | Train_MAPE: 0.0335 | Train_RMSE: 1.7658 | Valid_Loss: 2.1392 | Valid_RMSE: 3.1001 | Valid_MAPE: 0.0923 | LR: 0.000063
EarlyStopping counter: 2 out of 100
Current Time: 10-09-27 | Epoch: 074 | Train_Loss: 0.8492 | Train_MAPE: 0.0335 | Train_RMSE: 1.7666 | Valid_Loss: 2.1342 | Valid_RMSE: 3.0958 | Valid_MAPE: 0.0922 | LR: 0.000063
Current Time: 10-09-27 | Epoch: 075 | Train_Loss: 0.8480 | Train_MAPE: 0.0335 | Train_RMSE: 1.7644 | Valid_Loss: 2.1372 | Valid_RMSE: 3.0976 | Valid_MAPE: 0.0921 | LR: 0.000063
EarlyStopping counter: 1 out of 100
Current Time: 10-09-27 | Epoch: 076 | Train_Loss: 0.8477 | Train_MAPE: 0.0334 | Train_RMSE: 1.7651 | Valid_Loss: 2.1389 | Valid_RMSE: 3.1005 | Valid_MAPE: 0.0925 | LR: 0.000063
EarlyStopping counter: 2 out of 100
Current Time: 10-09-27 | Epoch: 077 | Train_Loss: 0.8472 | Train_MAPE: 0.0334 | Train_RMSE: 1.7642 | Valid_Loss: 2.1370 | Valid_RMSE: 3.0977 | Valid_MAPE: 0.0922 | LR: 0.000063
EarlyStopping counter: 3 out of 100
Current Time: 10-09-27 | Epoch: 078 | Train_Loss: 0.8469 | Train_MAPE: 0.0334 | Train_RMSE: 1.7634 | Valid_Loss: 2.1331 | Valid_RMSE: 3.0955 | Valid_MAPE: 0.0919 | LR: 0.000063
Current Time: 10-09-27 | Epoch: 079 | Train_Loss: 0.8461 | Train_MAPE: 0.0334 | Train_RMSE: 1.7632 | Valid_Loss: 2.1338 | Valid_RMSE: 3.0945 | Valid_MAPE: 0.0918 | LR: 0.000063
EarlyStopping counter: 1 out of 100
predict shape:  (18, 32, 6, 524)
Test MAE: 2.10 | Test RMSE: 3.05 | Test MAPE: 9.02 |
Average Training Time: 7.1280 secs/epoch
Average Inference Time: 0.6047 secs/epoch
Spend Time: 626.2953417301178
