Load dataset: 1.09s...
float32
Load adjacent matrix: 0.01s...
Whole trainining iteration is 62
======== Start curriculum learning... reset the learning rate to 0.0001. ========
Current Time: 09-23-55 | Epoch: 001 | Train_Loss: 7.4667 | Train_MAPE: 0.2468 | Train_RMSE: 12.2492 | Valid_Loss: 7.5634 | Valid_RMSE: 13.0286 | Valid_MAPE: 0.1938 | LR: 0.000100
Current Time: 09-23-55 | Epoch: 002 | Train_Loss: 4.7451 | Train_MAPE: 0.1391 | Train_RMSE: 7.3109 | Valid_Loss: 5.4763 | Valid_RMSE: 9.3462 | Valid_MAPE: 0.1226 | LR: 0.000050
Current Time: 09-23-55 | Epoch: 003 | Train_Loss: 4.1197 | Train_MAPE: 0.1113 | Train_RMSE: 6.4447 | Valid_Loss: 5.2588 | Valid_RMSE: 9.1485 | Valid_MAPE: 0.1169 | LR: 0.000050
Current Time: 09-23-55 | Epoch: 004 | Train_Loss: 3.9339 | Train_MAPE: 0.1071 | Train_RMSE: 6.2435 | Valid_Loss: 5.2475 | Valid_RMSE: 9.0949 | Valid_MAPE: 0.1152 | LR: 0.000050
Current Time: 09-23-55 | Epoch: 005 | Train_Loss: 3.8052 | Train_MAPE: 0.1034 | Train_RMSE: 6.0889 | Valid_Loss: 5.1624 | Valid_RMSE: 9.0775 | Valid_MAPE: 0.1125 | LR: 0.000050
Current Time: 09-23-55 | Epoch: 006 | Train_Loss: 3.6746 | Train_MAPE: 0.1003 | Train_RMSE: 5.9468 | Valid_Loss: 5.1196 | Valid_RMSE: 9.0440 | Valid_MAPE: 0.1093 | LR: 0.000050
Current Time: 09-23-55 | Epoch: 007 | Train_Loss: 3.5618 | Train_MAPE: 0.0971 | Train_RMSE: 5.8185 | Valid_Loss: 5.1113 | Valid_RMSE: 9.1878 | Valid_MAPE: 0.1086 | LR: 0.000050
Current Time: 09-23-55 | Epoch: 008 | Train_Loss: 3.4437 | Train_MAPE: 0.0939 | Train_RMSE: 5.6935 | Valid_Loss: 4.9768 | Valid_RMSE: 9.0361 | Valid_MAPE: 0.1006 | LR: 0.000050
Current Time: 09-23-56 | Epoch: 009 | Train_Loss: 3.3304 | Train_MAPE: 0.0910 | Train_RMSE: 5.5869 | Valid_Loss: 4.9779 | Valid_RMSE: 9.2109 | Valid_MAPE: 0.0979 | LR: 0.000050
EarlyStopping counter: 1 out of 100
Current Time: 09-23-56 | Epoch: 010 | Train_Loss: 3.2225 | Train_MAPE: 0.0878 | Train_RMSE: 5.4839 | Valid_Loss: 4.9152 | Valid_RMSE: 9.2837 | Valid_MAPE: 0.0972 | LR: 0.000050
Current Time: 09-23-56 | Epoch: 011 | Train_Loss: 3.1395 | Train_MAPE: 0.0859 | Train_RMSE: 5.4178 | Valid_Loss: 4.8057 | Valid_RMSE: 9.1374 | Valid_MAPE: 0.0918 | LR: 0.000050
Current Time: 09-23-56 | Epoch: 012 | Train_Loss: 3.0568 | Train_MAPE: 0.0834 | Train_RMSE: 5.3323 | Valid_Loss: 4.8715 | Valid_RMSE: 9.3188 | Valid_MAPE: 0.0905 | LR: 0.000050
EarlyStopping counter: 1 out of 100
Current Time: 09-23-56 | Epoch: 013 | Train_Loss: 3.0022 | Train_MAPE: 0.0818 | Train_RMSE: 5.2661 | Valid_Loss: 4.8879 | Valid_RMSE: 9.3762 | Valid_MAPE: 0.0893 | LR: 0.000050
EarlyStopping counter: 2 out of 100
Current Time: 09-23-56 | Epoch: 014 | Train_Loss: 2.9494 | Train_MAPE: 0.0798 | Train_RMSE: 5.1996 | Valid_Loss: 4.8674 | Valid_RMSE: 9.3903 | Valid_MAPE: 0.0881 | LR: 0.000050
EarlyStopping counter: 3 out of 100
Current Time: 09-23-56 | Epoch: 015 | Train_Loss: 2.9072 | Train_MAPE: 0.0781 | Train_RMSE: 5.1415 | Valid_Loss: 4.9041 | Valid_RMSE: 9.4654 | Valid_MAPE: 0.0869 | LR: 0.000050
EarlyStopping counter: 4 out of 100
Current Time: 09-23-57 | Epoch: 016 | Train_Loss: 2.8691 | Train_MAPE: 0.0767 | Train_RMSE: 5.0783 | Valid_Loss: 4.9071 | Valid_RMSE: 9.4284 | Valid_MAPE: 0.0845 | LR: 0.000050
EarlyStopping counter: 5 out of 100
Current Time: 09-23-57 | Epoch: 017 | Train_Loss: 2.8346 | Train_MAPE: 0.0753 | Train_RMSE: 5.0210 | Valid_Loss: 4.7595 | Valid_RMSE: 9.2929 | Valid_MAPE: 0.0814 | LR: 0.000050
Current Time: 09-23-57 | Epoch: 018 | Train_Loss: 2.8078 | Train_MAPE: 0.0742 | Train_RMSE: 4.9764 | Valid_Loss: 4.9008 | Valid_RMSE: 9.5486 | Valid_MAPE: 0.0825 | LR: 0.000050
EarlyStopping counter: 1 out of 100
Current Time: 09-23-57 | Epoch: 019 | Train_Loss: 2.7811 | Train_MAPE: 0.0730 | Train_RMSE: 4.9332 | Valid_Loss: 4.8770 | Valid_RMSE: 9.4357 | Valid_MAPE: 0.0811 | LR: 0.000050
EarlyStopping counter: 2 out of 100
Current Time: 09-23-57 | Epoch: 020 | Train_Loss: 2.7565 | Train_MAPE: 0.0720 | Train_RMSE: 4.8896 | Valid_Loss: 4.8204 | Valid_RMSE: 9.3761 | Valid_MAPE: 0.0803 | LR: 0.000050
EarlyStopping counter: 3 out of 100
Current Time: 09-23-57 | Epoch: 021 | Train_Loss: 2.7263 | Train_MAPE: 0.0708 | Train_RMSE: 4.8437 | Valid_Loss: 4.8482 | Valid_RMSE: 9.5002 | Valid_MAPE: 0.0817 | LR: 0.000050
EarlyStopping counter: 4 out of 100
Current Time: 09-23-57 | Epoch: 022 | Train_Loss: 2.7074 | Train_MAPE: 0.0701 | Train_RMSE: 4.8135 | Valid_Loss: 4.8665 | Valid_RMSE: 9.5585 | Valid_MAPE: 0.0801 | LR: 0.000050
EarlyStopping counter: 5 out of 100
Current Time: 09-23-57 | Epoch: 023 | Train_Loss: 2.6784 | Train_MAPE: 0.0691 | Train_RMSE: 4.7599 | Valid_Loss: 4.8356 | Valid_RMSE: 9.5346 | Valid_MAPE: 0.0779 | LR: 0.000050
EarlyStopping counter: 6 out of 100
Current Time: 09-23-58 | Epoch: 024 | Train_Loss: 2.6581 | Train_MAPE: 0.0682 | Train_RMSE: 4.7208 | Valid_Loss: 4.9556 | Valid_RMSE: 9.7232 | Valid_MAPE: 0.0790 | LR: 0.000050
EarlyStopping counter: 7 out of 100
Current Time: 09-23-58 | Epoch: 025 | Train_Loss: 2.6392 | Train_MAPE: 0.0676 | Train_RMSE: 4.6935 | Valid_Loss: 4.8394 | Valid_RMSE: 9.5269 | Valid_MAPE: 0.0788 | LR: 0.000050
EarlyStopping counter: 8 out of 100
Current Time: 09-23-58 | Epoch: 026 | Train_Loss: 2.6211 | Train_MAPE: 0.0668 | Train_RMSE: 4.6594 | Valid_Loss: 4.8718 | Valid_RMSE: 9.6508 | Valid_MAPE: 0.0771 | LR: 0.000050
EarlyStopping counter: 9 out of 100
Current Time: 09-23-58 | Epoch: 027 | Train_Loss: 2.6087 | Train_MAPE: 0.0665 | Train_RMSE: 4.6356 | Valid_Loss: 4.7013 | Valid_RMSE: 9.3585 | Valid_MAPE: 0.0737 | LR: 0.000050
Current Time: 09-23-58 | Epoch: 028 | Train_Loss: 2.5894 | Train_MAPE: 0.0658 | Train_RMSE: 4.6127 | Valid_Loss: 4.7514 | Valid_RMSE: 9.4590 | Valid_MAPE: 0.0753 | LR: 0.000050
EarlyStopping counter: 1 out of 100
Current Time: 09-23-58 | Epoch: 029 | Train_Loss: 2.5767 | Train_MAPE: 0.0653 | Train_RMSE: 4.5836 | Valid_Loss: 4.7857 | Valid_RMSE: 9.5248 | Valid_MAPE: 0.0752 | LR: 0.000050
EarlyStopping counter: 2 out of 100
Current Time: 09-23-58 | Epoch: 030 | Train_Loss: 2.5592 | Train_MAPE: 0.0648 | Train_RMSE: 4.5547 | Valid_Loss: 4.8190 | Valid_RMSE: 9.6295 | Valid_MAPE: 0.0747 | LR: 0.000050
EarlyStopping counter: 3 out of 100
Current Time: 09-23-58 | Epoch: 031 | Train_Loss: 2.5461 | Train_MAPE: 0.0643 | Train_RMSE: 4.5265 | Valid_Loss: 4.7608 | Valid_RMSE: 9.4622 | Valid_MAPE: 0.0741 | LR: 0.000050
EarlyStopping counter: 4 out of 100
Current Time: 09-23-59 | Epoch: 032 | Train_Loss: 2.5335 | Train_MAPE: 0.0637 | Train_RMSE: 4.5021 | Valid_Loss: 4.7302 | Valid_RMSE: 9.4440 | Valid_MAPE: 0.0739 | LR: 0.000050
EarlyStopping counter: 5 out of 100
Current Time: 09-23-59 | Epoch: 033 | Train_Loss: 2.5210 | Train_MAPE: 0.0635 | Train_RMSE: 4.4877 | Valid_Loss: 4.8264 | Valid_RMSE: 9.5831 | Valid_MAPE: 0.0763 | LR: 0.000050
EarlyStopping counter: 6 out of 100
Current Time: 09-23-59 | Epoch: 034 | Train_Loss: 2.5097 | Train_MAPE: 0.0631 | Train_RMSE: 4.4695 | Valid_Loss: 4.7250 | Valid_RMSE: 9.4325 | Valid_MAPE: 0.0730 | LR: 0.000050
EarlyStopping counter: 7 out of 100
Current Time: 09-23-59 | Epoch: 035 | Train_Loss: 2.4990 | Train_MAPE: 0.0627 | Train_RMSE: 4.4475 | Valid_Loss: 4.7361 | Valid_RMSE: 9.4602 | Valid_MAPE: 0.0728 | LR: 0.000050
EarlyStopping counter: 8 out of 100
Current Time: 09-23-59 | Epoch: 036 | Train_Loss: 2.4846 | Train_MAPE: 0.0623 | Train_RMSE: 4.4269 | Valid_Loss: 4.7913 | Valid_RMSE: 9.5057 | Valid_MAPE: 0.0732 | LR: 0.000050
EarlyStopping counter: 9 out of 100
Current Time: 09-23-59 | Epoch: 037 | Train_Loss: 2.4781 | Train_MAPE: 0.0618 | Train_RMSE: 4.4092 | Valid_Loss: 4.7520 | Valid_RMSE: 9.4567 | Valid_MAPE: 0.0726 | LR: 0.000050
EarlyStopping counter: 10 out of 100
Current Time: 09-23-59 | Epoch: 038 | Train_Loss: 2.4662 | Train_MAPE: 0.0615 | Train_RMSE: 4.3923 | Valid_Loss: 4.7176 | Valid_RMSE: 9.4458 | Valid_MAPE: 0.0732 | LR: 0.000050
EarlyStopping counter: 11 out of 100
Current Time: 10-00-00 | Epoch: 039 | Train_Loss: 2.4595 | Train_MAPE: 0.0612 | Train_RMSE: 4.3817 | Valid_Loss: 4.6940 | Valid_RMSE: 9.4368 | Valid_MAPE: 0.0718 | LR: 0.000050
Current Time: 10-00-00 | Epoch: 040 | Train_Loss: 2.4520 | Train_MAPE: 0.0612 | Train_RMSE: 4.3701 | Valid_Loss: 4.7781 | Valid_RMSE: 9.5452 | Valid_MAPE: 0.0731 | LR: 0.000050
EarlyStopping counter: 1 out of 100
Current Time: 10-00-00 | Epoch: 041 | Train_Loss: 2.4423 | Train_MAPE: 0.0608 | Train_RMSE: 4.3496 | Valid_Loss: 4.7538 | Valid_RMSE: 9.6095 | Valid_MAPE: 0.0710 | LR: 0.000050
EarlyStopping counter: 2 out of 100
Current Time: 10-00-00 | Epoch: 042 | Train_Loss: 2.4314 | Train_MAPE: 0.0605 | Train_RMSE: 4.3330 | Valid_Loss: 4.6186 | Valid_RMSE: 9.3026 | Valid_MAPE: 0.0705 | LR: 0.000050
Current Time: 10-00-00 | Epoch: 043 | Train_Loss: 2.4248 | Train_MAPE: 0.0603 | Train_RMSE: 4.3225 | Valid_Loss: 4.7181 | Valid_RMSE: 9.4617 | Valid_MAPE: 0.0722 | LR: 0.000050
EarlyStopping counter: 1 out of 100
Current Time: 10-00-00 | Epoch: 044 | Train_Loss: 2.4160 | Train_MAPE: 0.0600 | Train_RMSE: 4.3085 | Valid_Loss: 4.6957 | Valid_RMSE: 9.4627 | Valid_MAPE: 0.0710 | LR: 0.000050
EarlyStopping counter: 2 out of 100
Current Time: 10-00-00 | Epoch: 045 | Train_Loss: 2.4098 | Train_MAPE: 0.0599 | Train_RMSE: 4.2958 | Valid_Loss: 4.7166 | Valid_RMSE: 9.5444 | Valid_MAPE: 0.0696 | LR: 0.000050
EarlyStopping counter: 3 out of 100
Current Time: 10-00-01 | Epoch: 046 | Train_Loss: 2.3970 | Train_MAPE: 0.0594 | Train_RMSE: 4.2769 | Valid_Loss: 4.7018 | Valid_RMSE: 9.4451 | Valid_MAPE: 0.0714 | LR: 0.000050
EarlyStopping counter: 4 out of 100
Current Time: 10-00-01 | Epoch: 047 | Train_Loss: 2.3976 | Train_MAPE: 0.0596 | Train_RMSE: 4.2753 | Valid_Loss: 4.6952 | Valid_RMSE: 9.4659 | Valid_MAPE: 0.0695 | LR: 0.000050
EarlyStopping counter: 5 out of 100
Current Time: 10-00-01 | Epoch: 048 | Train_Loss: 2.3866 | Train_MAPE: 0.0592 | Train_RMSE: 4.2573 | Valid_Loss: 4.5846 | Valid_RMSE: 9.2656 | Valid_MAPE: 0.0686 | LR: 0.000050
Current Time: 10-00-01 | Epoch: 049 | Train_Loss: 2.3795 | Train_MAPE: 0.0588 | Train_RMSE: 4.2465 | Valid_Loss: 4.6738 | Valid_RMSE: 9.4118 | Valid_MAPE: 0.0720 | LR: 0.000050
EarlyStopping counter: 1 out of 100
Current Time: 10-00-01 | Epoch: 050 | Train_Loss: 2.3732 | Train_MAPE: 0.0588 | Train_RMSE: 4.2332 | Valid_Loss: 4.6441 | Valid_RMSE: 9.4091 | Valid_MAPE: 0.0695 | LR: 0.000050
EarlyStopping counter: 2 out of 100
Current Time: 10-00-01 | Epoch: 051 | Train_Loss: 2.3629 | Train_MAPE: 0.0584 | Train_RMSE: 4.2111 | Valid_Loss: 4.6222 | Valid_RMSE: 9.3757 | Valid_MAPE: 0.0693 | LR: 0.000050
EarlyStopping counter: 3 out of 100
Current Time: 10-00-01 | Epoch: 052 | Train_Loss: 2.3595 | Train_MAPE: 0.0583 | Train_RMSE: 4.2085 | Valid_Loss: 4.6783 | Valid_RMSE: 9.5257 | Valid_MAPE: 0.0707 | LR: 0.000050
EarlyStopping counter: 4 out of 100
Current Time: 10-00-01 | Epoch: 053 | Train_Loss: 2.3535 | Train_MAPE: 0.0582 | Train_RMSE: 4.1970 | Valid_Loss: 4.6325 | Valid_RMSE: 9.3838 | Valid_MAPE: 0.0688 | LR: 0.000050
EarlyStopping counter: 5 out of 100
Current Time: 10-00-02 | Epoch: 054 | Train_Loss: 2.3458 | Train_MAPE: 0.0578 | Train_RMSE: 4.1857 | Valid_Loss: 4.6957 | Valid_RMSE: 9.5669 | Valid_MAPE: 0.0699 | LR: 0.000050
EarlyStopping counter: 6 out of 100
Current Time: 10-00-02 | Epoch: 055 | Train_Loss: 2.3397 | Train_MAPE: 0.0577 | Train_RMSE: 4.1735 | Valid_Loss: 4.6386 | Valid_RMSE: 9.4668 | Valid_MAPE: 0.0694 | LR: 0.000050
EarlyStopping counter: 7 out of 100
Current Time: 10-00-02 | Epoch: 056 | Train_Loss: 2.3325 | Train_MAPE: 0.0575 | Train_RMSE: 4.1619 | Valid_Loss: 4.6025 | Valid_RMSE: 9.4069 | Valid_MAPE: 0.0677 | LR: 0.000050
EarlyStopping counter: 8 out of 100
Current Time: 10-00-02 | Epoch: 057 | Train_Loss: 2.3253 | Train_MAPE: 0.0572 | Train_RMSE: 4.1480 | Valid_Loss: 4.6097 | Valid_RMSE: 9.4199 | Valid_MAPE: 0.0686 | LR: 0.000050
EarlyStopping counter: 9 out of 100
Current Time: 10-00-02 | Epoch: 058 | Train_Loss: 2.3205 | Train_MAPE: 0.0571 | Train_RMSE: 4.1397 | Valid_Loss: 4.6355 | Valid_RMSE: 9.4955 | Valid_MAPE: 0.0690 | LR: 0.000050
EarlyStopping counter: 10 out of 100
Current Time: 10-00-02 | Epoch: 059 | Train_Loss: 2.3151 | Train_MAPE: 0.0570 | Train_RMSE: 4.1304 | Valid_Loss: 4.6090 | Valid_RMSE: 9.4360 | Valid_MAPE: 0.0689 | LR: 0.000050
EarlyStopping counter: 11 out of 100
Current Time: 10-00-02 | Epoch: 060 | Train_Loss: 2.3054 | Train_MAPE: 0.0567 | Train_RMSE: 4.1162 | Valid_Loss: 4.5978 | Valid_RMSE: 9.4326 | Valid_MAPE: 0.0667 | LR: 0.000050
EarlyStopping counter: 12 out of 100
Current Time: 10-00-03 | Epoch: 061 | Train_Loss: 2.3013 | Train_MAPE: 0.0567 | Train_RMSE: 4.1124 | Valid_Loss: 4.6264 | Valid_RMSE: 9.5090 | Valid_MAPE: 0.0677 | LR: 0.000050
EarlyStopping counter: 13 out of 100
Current Time: 10-00-03 | Epoch: 062 | Train_Loss: 2.2929 | Train_MAPE: 0.0562 | Train_RMSE: 4.0894 | Valid_Loss: 4.5683 | Valid_RMSE: 9.3905 | Valid_MAPE: 0.0676 | LR: 0.000050
Current Time: 10-00-03 | Epoch: 063 | Train_Loss: 2.2928 | Train_MAPE: 0.0562 | Train_RMSE: 4.0909 | Valid_Loss: 4.5586 | Valid_RMSE: 9.3920 | Valid_MAPE: 0.0671 | LR: 0.000050
Current Time: 10-00-03 | Epoch: 064 | Train_Loss: 2.2791 | Train_MAPE: 0.0559 | Train_RMSE: 4.0661 | Valid_Loss: 4.5848 | Valid_RMSE: 9.5048 | Valid_MAPE: 0.0674 | LR: 0.000050
EarlyStopping counter: 1 out of 100
Current Time: 10-00-03 | Epoch: 065 | Train_Loss: 2.2822 | Train_MAPE: 0.0561 | Train_RMSE: 4.0756 | Valid_Loss: 4.6434 | Valid_RMSE: 9.6231 | Valid_MAPE: 0.0675 | LR: 0.000050
EarlyStopping counter: 2 out of 100
Current Time: 10-00-03 | Epoch: 066 | Train_Loss: 2.2720 | Train_MAPE: 0.0557 | Train_RMSE: 4.0527 | Valid_Loss: 4.5385 | Valid_RMSE: 9.4212 | Valid_MAPE: 0.0672 | LR: 0.000050
Current Time: 10-00-03 | Epoch: 067 | Train_Loss: 2.2688 | Train_MAPE: 0.0556 | Train_RMSE: 4.0478 | Valid_Loss: 4.6100 | Valid_RMSE: 9.5241 | Valid_MAPE: 0.0677 | LR: 0.000050
EarlyStopping counter: 1 out of 100
Current Time: 10-00-03 | Epoch: 068 | Train_Loss: 2.2640 | Train_MAPE: 0.0554 | Train_RMSE: 4.0380 | Valid_Loss: 4.5543 | Valid_RMSE: 9.4158 | Valid_MAPE: 0.0678 | LR: 0.000050
EarlyStopping counter: 2 out of 100
Current Time: 10-00-04 | Epoch: 069 | Train_Loss: 2.2587 | Train_MAPE: 0.0554 | Train_RMSE: 4.0288 | Valid_Loss: 4.5171 | Valid_RMSE: 9.4132 | Valid_MAPE: 0.0664 | LR: 0.000050
Current Time: 10-00-04 | Epoch: 070 | Train_Loss: 2.2505 | Train_MAPE: 0.0550 | Train_RMSE: 4.0191 | Valid_Loss: 4.6286 | Valid_RMSE: 9.6368 | Valid_MAPE: 0.0680 | LR: 0.000050
EarlyStopping counter: 1 out of 100
Current Time: 10-00-04 | Epoch: 071 | Train_Loss: 2.2449 | Train_MAPE: 0.0549 | Train_RMSE: 4.0075 | Valid_Loss: 4.4781 | Valid_RMSE: 9.3434 | Valid_MAPE: 0.0672 | LR: 0.000050
Current Time: 10-00-04 | Epoch: 072 | Train_Loss: 2.2400 | Train_MAPE: 0.0548 | Train_RMSE: 3.9983 | Valid_Loss: 4.5153 | Valid_RMSE: 9.4200 | Valid_MAPE: 0.0656 | LR: 0.000050
EarlyStopping counter: 1 out of 100
Current Time: 10-00-04 | Epoch: 073 | Train_Loss: 2.2388 | Train_MAPE: 0.0547 | Train_RMSE: 3.9915 | Valid_Loss: 4.5535 | Valid_RMSE: 9.5600 | Valid_MAPE: 0.0683 | LR: 0.000050
EarlyStopping counter: 2 out of 100
Current Time: 10-00-04 | Epoch: 074 | Train_Loss: 2.2311 | Train_MAPE: 0.0545 | Train_RMSE: 3.9833 | Valid_Loss: 4.5866 | Valid_RMSE: 9.5975 | Valid_MAPE: 0.0662 | LR: 0.000050
EarlyStopping counter: 3 out of 100
Current Time: 10-00-04 | Epoch: 075 | Train_Loss: 2.2272 | Train_MAPE: 0.0544 | Train_RMSE: 3.9735 | Valid_Loss: 4.5265 | Valid_RMSE: 9.5498 | Valid_MAPE: 0.0652 | LR: 0.000050
EarlyStopping counter: 4 out of 100
Current Time: 10-00-05 | Epoch: 076 | Train_Loss: 2.2237 | Train_MAPE: 0.0543 | Train_RMSE: 3.9678 | Valid_Loss: 4.5005 | Valid_RMSE: 9.4818 | Valid_MAPE: 0.0667 | LR: 0.000050
EarlyStopping counter: 5 out of 100
Current Time: 10-00-05 | Epoch: 077 | Train_Loss: 2.2146 | Train_MAPE: 0.0540 | Train_RMSE: 3.9501 | Valid_Loss: 4.5419 | Valid_RMSE: 9.5883 | Valid_MAPE: 0.0660 | LR: 0.000050
EarlyStopping counter: 6 out of 100
Current Time: 10-00-05 | Epoch: 078 | Train_Loss: 2.2118 | Train_MAPE: 0.0540 | Train_RMSE: 3.9456 | Valid_Loss: 4.5307 | Valid_RMSE: 9.5914 | Valid_MAPE: 0.0648 | LR: 0.000050
EarlyStopping counter: 7 out of 100
Current Time: 10-00-05 | Epoch: 079 | Train_Loss: 2.2065 | Train_MAPE: 0.0538 | Train_RMSE: 3.9381 | Valid_Loss: 4.5292 | Valid_RMSE: 9.5921 | Valid_MAPE: 0.0663 | LR: 0.000050
EarlyStopping counter: 8 out of 100
Current Time: 10-00-05 | Epoch: 080 | Train_Loss: 2.2051 | Train_MAPE: 0.0537 | Train_RMSE: 3.9355 | Valid_Loss: 4.6214 | Valid_RMSE: 9.8797 | Valid_MAPE: 0.0656 | LR: 0.000050
EarlyStopping counter: 9 out of 100
Current Time: 10-00-05 | Epoch: 081 | Train_Loss: 2.1990 | Train_MAPE: 0.0535 | Train_RMSE: 3.9201 | Valid_Loss: 4.5474 | Valid_RMSE: 9.7086 | Valid_MAPE: 0.0653 | LR: 0.000050
EarlyStopping counter: 10 out of 100
Current Time: 10-00-05 | Epoch: 082 | Train_Loss: 2.1923 | Train_MAPE: 0.0533 | Train_RMSE: 3.9097 | Valid_Loss: 4.5508 | Valid_RMSE: 9.6857 | Valid_MAPE: 0.0665 | LR: 0.000050
EarlyStopping counter: 11 out of 100
Current Time: 10-00-05 | Epoch: 083 | Train_Loss: 2.1926 | Train_MAPE: 0.0534 | Train_RMSE: 3.9149 | Valid_Loss: 4.5615 | Valid_RMSE: 9.7358 | Valid_MAPE: 0.0666 | LR: 0.000050
EarlyStopping counter: 12 out of 100
Current Time: 10-00-06 | Epoch: 084 | Train_Loss: 2.1852 | Train_MAPE: 0.0532 | Train_RMSE: 3.8998 | Valid_Loss: 4.4909 | Valid_RMSE: 9.5924 | Valid_MAPE: 0.0656 | LR: 0.000050
EarlyStopping counter: 13 out of 100
Current Time: 10-00-06 | Epoch: 085 | Train_Loss: 2.1806 | Train_MAPE: 0.0530 | Train_RMSE: 3.8904 | Valid_Loss: 4.4383 | Valid_RMSE: 9.5379 | Valid_MAPE: 0.0650 | LR: 0.000050
Current Time: 10-00-06 | Epoch: 086 | Train_Loss: 2.1777 | Train_MAPE: 0.0529 | Train_RMSE: 3.8854 | Valid_Loss: 4.5364 | Valid_RMSE: 9.6767 | Valid_MAPE: 0.0667 | LR: 0.000050
EarlyStopping counter: 1 out of 100
Current Time: 10-00-06 | Epoch: 087 | Train_Loss: 2.1733 | Train_MAPE: 0.0528 | Train_RMSE: 3.8799 | Valid_Loss: 4.6508 | Valid_RMSE: 10.0552 | Valid_MAPE: 0.0642 | LR: 0.000050
EarlyStopping counter: 2 out of 100
Current Time: 10-00-06 | Epoch: 088 | Train_Loss: 2.1686 | Train_MAPE: 0.0527 | Train_RMSE: 3.8722 | Valid_Loss: 4.6421 | Valid_RMSE: 10.0484 | Valid_MAPE: 0.0649 | LR: 0.000050
EarlyStopping counter: 3 out of 100
Current Time: 10-00-06 | Epoch: 089 | Train_Loss: 2.1657 | Train_MAPE: 0.0525 | Train_RMSE: 3.8684 | Valid_Loss: 4.6330 | Valid_RMSE: 10.0648 | Valid_MAPE: 0.0655 | LR: 0.000050
EarlyStopping counter: 4 out of 100
Current Time: 10-00-06 | Epoch: 090 | Train_Loss: 2.1590 | Train_MAPE: 0.0525 | Train_RMSE: 3.8605 | Valid_Loss: 4.5260 | Valid_RMSE: 9.8011 | Valid_MAPE: 0.0649 | LR: 0.000050
EarlyStopping counter: 5 out of 100
Current Time: 10-00-06 | Epoch: 091 | Train_Loss: 2.1559 | Train_MAPE: 0.0523 | Train_RMSE: 3.8479 | Valid_Loss: 4.5418 | Valid_RMSE: 9.8997 | Valid_MAPE: 0.0642 | LR: 0.000050
EarlyStopping counter: 6 out of 100
Current Time: 10-00-07 | Epoch: 092 | Train_Loss: 2.1528 | Train_MAPE: 0.0522 | Train_RMSE: 3.8478 | Valid_Loss: 4.4398 | Valid_RMSE: 9.5806 | Valid_MAPE: 0.0648 | LR: 0.000050
EarlyStopping counter: 7 out of 100
Current Time: 10-00-07 | Epoch: 093 | Train_Loss: 2.1502 | Train_MAPE: 0.0522 | Train_RMSE: 3.8408 | Valid_Loss: 4.5214 | Valid_RMSE: 9.8563 | Valid_MAPE: 0.0637 | LR: 0.000050
EarlyStopping counter: 8 out of 100
Current Time: 10-00-07 | Epoch: 094 | Train_Loss: 2.1449 | Train_MAPE: 0.0520 | Train_RMSE: 3.8354 | Valid_Loss: 4.4598 | Valid_RMSE: 9.7360 | Valid_MAPE: 0.0636 | LR: 0.000050
EarlyStopping counter: 9 out of 100
Current Time: 10-00-07 | Epoch: 095 | Train_Loss: 2.1415 | Train_MAPE: 0.0518 | Train_RMSE: 3.8254 | Valid_Loss: 4.5593 | Valid_RMSE: 9.9572 | Valid_MAPE: 0.0636 | LR: 0.000050
EarlyStopping counter: 10 out of 100
Current Time: 10-00-07 | Epoch: 096 | Train_Loss: 2.1382 | Train_MAPE: 0.0518 | Train_RMSE: 3.8241 | Valid_Loss: 4.4732 | Valid_RMSE: 9.7056 | Valid_MAPE: 0.0634 | LR: 0.000050
EarlyStopping counter: 11 out of 100
Current Time: 10-00-07 | Epoch: 097 | Train_Loss: 2.1342 | Train_MAPE: 0.0517 | Train_RMSE: 3.8166 | Valid_Loss: 4.5497 | Valid_RMSE: 9.9281 | Valid_MAPE: 0.0641 | LR: 0.000050
EarlyStopping counter: 12 out of 100
Current Time: 10-00-07 | Epoch: 098 | Train_Loss: 2.1321 | Train_MAPE: 0.0517 | Train_RMSE: 3.8138 | Valid_Loss: 4.6245 | Valid_RMSE: 10.1311 | Valid_MAPE: 0.0651 | LR: 0.000050
EarlyStopping counter: 13 out of 100
Current Time: 10-00-08 | Epoch: 099 | Train_Loss: 2.1285 | Train_MAPE: 0.0516 | Train_RMSE: 3.8062 | Valid_Loss: 4.5123 | Valid_RMSE: 9.8313 | Valid_MAPE: 0.0653 | LR: 0.000050
EarlyStopping counter: 14 out of 100
predict shape:  (18, 32, 12, 207)
Test MAE: 6.65 | Test RMSE: 13.18 | Test MAPE: 6.78 |
Average Training Time: 7.6718 secs/epoch
Average Inference Time: 0.2687 secs/epoch
Spend Time: 795.3646237850189
