Load dataset: 1.21s...
float32
Load adjacent matrix: 0.01s...
Whole trainining iteration is 62
======== Start curriculum learning... reset the learning rate to 0.0001. ========
Current Time: 10-00-21 | Epoch: 001 | Train_Loss: 7.6472 | Train_MAPE: 0.2531 | Train_RMSE: 12.5947 | Valid_Loss: 8.2997 | Valid_RMSE: 14.2863 | Valid_MAPE: 0.2170 | LR: 0.000100
Current Time: 10-00-22 | Epoch: 002 | Train_Loss: 5.1572 | Train_MAPE: 0.1608 | Train_RMSE: 8.1886 | Valid_Loss: 5.8556 | Valid_RMSE: 10.1486 | Valid_MAPE: 0.1362 | LR: 0.000050
Current Time: 10-00-22 | Epoch: 003 | Train_Loss: 4.2357 | Train_MAPE: 0.1161 | Train_RMSE: 6.6041 | Valid_Loss: 5.4243 | Valid_RMSE: 9.3599 | Valid_MAPE: 0.1205 | LR: 0.000050
Current Time: 10-00-22 | Epoch: 004 | Train_Loss: 3.9711 | Train_MAPE: 0.1089 | Train_RMSE: 6.2987 | Valid_Loss: 5.2707 | Valid_RMSE: 9.2095 | Valid_MAPE: 0.1158 | LR: 0.000050
Current Time: 10-00-22 | Epoch: 005 | Train_Loss: 3.8510 | Train_MAPE: 0.1052 | Train_RMSE: 6.1613 | Valid_Loss: 5.2062 | Valid_RMSE: 9.0806 | Valid_MAPE: 0.1119 | LR: 0.000050
Current Time: 10-00-22 | Epoch: 006 | Train_Loss: 3.7833 | Train_MAPE: 0.1032 | Train_RMSE: 6.0920 | Valid_Loss: 5.1423 | Valid_RMSE: 9.0369 | Valid_MAPE: 0.1103 | LR: 0.000050
Current Time: 10-00-22 | Epoch: 007 | Train_Loss: 3.6953 | Train_MAPE: 0.1007 | Train_RMSE: 5.9785 | Valid_Loss: 5.0994 | Valid_RMSE: 9.0711 | Valid_MAPE: 0.1089 | LR: 0.000050
Current Time: 10-00-22 | Epoch: 008 | Train_Loss: 3.6133 | Train_MAPE: 0.0983 | Train_RMSE: 5.8899 | Valid_Loss: 4.9867 | Valid_RMSE: 8.8798 | Valid_MAPE: 0.1038 | LR: 0.000050
Current Time: 10-00-22 | Epoch: 009 | Train_Loss: 3.5417 | Train_MAPE: 0.0961 | Train_RMSE: 5.8043 | Valid_Loss: 5.0074 | Valid_RMSE: 8.8873 | Valid_MAPE: 0.1029 | LR: 0.000050
EarlyStopping counter: 1 out of 100
Current Time: 10-00-23 | Epoch: 010 | Train_Loss: 3.4632 | Train_MAPE: 0.0936 | Train_RMSE: 5.7198 | Valid_Loss: 4.9478 | Valid_RMSE: 8.9137 | Valid_MAPE: 0.0996 | LR: 0.000050
Current Time: 10-00-23 | Epoch: 011 | Train_Loss: 3.3869 | Train_MAPE: 0.0918 | Train_RMSE: 5.6445 | Valid_Loss: 4.9994 | Valid_RMSE: 9.0078 | Valid_MAPE: 0.1003 | LR: 0.000050
EarlyStopping counter: 1 out of 100
Current Time: 10-00-23 | Epoch: 012 | Train_Loss: 3.3149 | Train_MAPE: 0.0897 | Train_RMSE: 5.5759 | Valid_Loss: 4.8696 | Valid_RMSE: 8.9587 | Valid_MAPE: 0.0959 | LR: 0.000050
Current Time: 10-00-23 | Epoch: 013 | Train_Loss: 3.2368 | Train_MAPE: 0.0878 | Train_RMSE: 5.5058 | Valid_Loss: 4.8818 | Valid_RMSE: 9.1295 | Valid_MAPE: 0.0975 | LR: 0.000050
EarlyStopping counter: 1 out of 100
Current Time: 10-00-23 | Epoch: 014 | Train_Loss: 3.1492 | Train_MAPE: 0.0854 | Train_RMSE: 5.4291 | Valid_Loss: 4.7413 | Valid_RMSE: 8.9347 | Valid_MAPE: 0.0912 | LR: 0.000050
Current Time: 10-00-23 | Epoch: 015 | Train_Loss: 3.0782 | Train_MAPE: 0.0835 | Train_RMSE: 5.3640 | Valid_Loss: 4.7072 | Valid_RMSE: 9.0176 | Valid_MAPE: 0.0901 | LR: 0.000050
Current Time: 10-00-23 | Epoch: 016 | Train_Loss: 3.0072 | Train_MAPE: 0.0815 | Train_RMSE: 5.2779 | Valid_Loss: 4.8938 | Valid_RMSE: 9.3912 | Valid_MAPE: 0.0939 | LR: 0.000050
EarlyStopping counter: 1 out of 100
Current Time: 10-00-24 | Epoch: 017 | Train_Loss: 2.9560 | Train_MAPE: 0.0803 | Train_RMSE: 5.2199 | Valid_Loss: 4.8302 | Valid_RMSE: 9.3515 | Valid_MAPE: 0.0890 | LR: 0.000050
EarlyStopping counter: 2 out of 100
Current Time: 10-00-24 | Epoch: 018 | Train_Loss: 2.9083 | Train_MAPE: 0.0790 | Train_RMSE: 5.1470 | Valid_Loss: 4.7383 | Valid_RMSE: 9.1489 | Valid_MAPE: 0.0855 | LR: 0.000050
EarlyStopping counter: 3 out of 100
Current Time: 10-00-24 | Epoch: 019 | Train_Loss: 2.8685 | Train_MAPE: 0.0775 | Train_RMSE: 5.0883 | Valid_Loss: 4.8210 | Valid_RMSE: 9.3674 | Valid_MAPE: 0.0862 | LR: 0.000050
EarlyStopping counter: 4 out of 100
Current Time: 10-00-24 | Epoch: 020 | Train_Loss: 2.8325 | Train_MAPE: 0.0763 | Train_RMSE: 5.0324 | Valid_Loss: 4.6549 | Valid_RMSE: 9.1036 | Valid_MAPE: 0.0817 | LR: 0.000050
Current Time: 10-00-24 | Epoch: 021 | Train_Loss: 2.7974 | Train_MAPE: 0.0751 | Train_RMSE: 4.9695 | Valid_Loss: 4.8093 | Valid_RMSE: 9.4480 | Valid_MAPE: 0.0831 | LR: 0.000050
EarlyStopping counter: 1 out of 100
Current Time: 10-00-24 | Epoch: 022 | Train_Loss: 2.7715 | Train_MAPE: 0.0739 | Train_RMSE: 4.9214 | Valid_Loss: 4.8200 | Valid_RMSE: 9.4643 | Valid_MAPE: 0.0836 | LR: 0.000050
EarlyStopping counter: 2 out of 100
Current Time: 10-00-24 | Epoch: 023 | Train_Loss: 2.7470 | Train_MAPE: 0.0731 | Train_RMSE: 4.8791 | Valid_Loss: 4.8053 | Valid_RMSE: 9.4073 | Valid_MAPE: 0.0810 | LR: 0.000050
EarlyStopping counter: 3 out of 100
Current Time: 10-00-24 | Epoch: 024 | Train_Loss: 2.7167 | Train_MAPE: 0.0717 | Train_RMSE: 4.8242 | Valid_Loss: 4.7272 | Valid_RMSE: 9.2596 | Valid_MAPE: 0.0790 | LR: 0.000050
EarlyStopping counter: 4 out of 100
Current Time: 10-00-25 | Epoch: 025 | Train_Loss: 2.6923 | Train_MAPE: 0.0707 | Train_RMSE: 4.7815 | Valid_Loss: 4.7913 | Valid_RMSE: 9.3838 | Valid_MAPE: 0.0790 | LR: 0.000050
EarlyStopping counter: 5 out of 100
Current Time: 10-00-25 | Epoch: 026 | Train_Loss: 2.6671 | Train_MAPE: 0.0698 | Train_RMSE: 4.7375 | Valid_Loss: 4.7640 | Valid_RMSE: 9.3364 | Valid_MAPE: 0.0780 | LR: 0.000050
EarlyStopping counter: 6 out of 100
Current Time: 10-00-25 | Epoch: 027 | Train_Loss: 2.6438 | Train_MAPE: 0.0687 | Train_RMSE: 4.6925 | Valid_Loss: 4.7144 | Valid_RMSE: 9.2950 | Valid_MAPE: 0.0770 | LR: 0.000050
EarlyStopping counter: 7 out of 100
Current Time: 10-00-25 | Epoch: 028 | Train_Loss: 2.6246 | Train_MAPE: 0.0677 | Train_RMSE: 4.6626 | Valid_Loss: 4.7688 | Valid_RMSE: 9.3844 | Valid_MAPE: 0.0783 | LR: 0.000050
EarlyStopping counter: 8 out of 100
Current Time: 10-00-25 | Epoch: 029 | Train_Loss: 2.6053 | Train_MAPE: 0.0670 | Train_RMSE: 4.6307 | Valid_Loss: 4.7238 | Valid_RMSE: 9.3064 | Valid_MAPE: 0.0757 | LR: 0.000050
EarlyStopping counter: 9 out of 100
Current Time: 10-00-25 | Epoch: 030 | Train_Loss: 2.5905 | Train_MAPE: 0.0665 | Train_RMSE: 4.6068 | Valid_Loss: 4.7481 | Valid_RMSE: 9.3417 | Valid_MAPE: 0.0760 | LR: 0.000050
EarlyStopping counter: 10 out of 100
Current Time: 10-00-25 | Epoch: 031 | Train_Loss: 2.5703 | Train_MAPE: 0.0657 | Train_RMSE: 4.5719 | Valid_Loss: 4.7384 | Valid_RMSE: 9.3509 | Valid_MAPE: 0.0748 | LR: 0.000050
EarlyStopping counter: 11 out of 100
Current Time: 10-00-26 | Epoch: 032 | Train_Loss: 2.5590 | Train_MAPE: 0.0650 | Train_RMSE: 4.5472 | Valid_Loss: 4.7331 | Valid_RMSE: 9.3590 | Valid_MAPE: 0.0744 | LR: 0.000050
EarlyStopping counter: 12 out of 100
Current Time: 10-00-26 | Epoch: 033 | Train_Loss: 2.5456 | Train_MAPE: 0.0648 | Train_RMSE: 4.5293 | Valid_Loss: 4.6806 | Valid_RMSE: 9.2773 | Valid_MAPE: 0.0737 | LR: 0.000050
EarlyStopping counter: 13 out of 100
Current Time: 10-00-26 | Epoch: 034 | Train_Loss: 2.5346 | Train_MAPE: 0.0643 | Train_RMSE: 4.5124 | Valid_Loss: 4.7228 | Valid_RMSE: 9.3462 | Valid_MAPE: 0.0749 | LR: 0.000050
EarlyStopping counter: 14 out of 100
Current Time: 10-00-26 | Epoch: 035 | Train_Loss: 2.5264 | Train_MAPE: 0.0639 | Train_RMSE: 4.4996 | Valid_Loss: 4.7003 | Valid_RMSE: 9.3330 | Valid_MAPE: 0.0723 | LR: 0.000050
EarlyStopping counter: 15 out of 100
Current Time: 10-00-26 | Epoch: 036 | Train_Loss: 2.5152 | Train_MAPE: 0.0635 | Train_RMSE: 4.4786 | Valid_Loss: 4.7320 | Valid_RMSE: 9.4174 | Valid_MAPE: 0.0732 | LR: 0.000050
EarlyStopping counter: 16 out of 100
Current Time: 10-00-26 | Epoch: 037 | Train_Loss: 2.5006 | Train_MAPE: 0.0631 | Train_RMSE: 4.4560 | Valid_Loss: 4.7337 | Valid_RMSE: 9.4753 | Valid_MAPE: 0.0723 | LR: 0.000050
EarlyStopping counter: 17 out of 100
Current Time: 10-00-26 | Epoch: 038 | Train_Loss: 2.4887 | Train_MAPE: 0.0626 | Train_RMSE: 4.4398 | Valid_Loss: 4.7285 | Valid_RMSE: 9.4690 | Valid_MAPE: 0.0725 | LR: 0.000050
EarlyStopping counter: 18 out of 100
Current Time: 10-00-26 | Epoch: 039 | Train_Loss: 2.4824 | Train_MAPE: 0.0625 | Train_RMSE: 4.4236 | Valid_Loss: 4.7370 | Valid_RMSE: 9.4330 | Valid_MAPE: 0.0734 | LR: 0.000050
EarlyStopping counter: 19 out of 100
Current Time: 10-00-27 | Epoch: 040 | Train_Loss: 2.4735 | Train_MAPE: 0.0621 | Train_RMSE: 4.4064 | Valid_Loss: 4.7619 | Valid_RMSE: 9.5034 | Valid_MAPE: 0.0724 | LR: 0.000050
EarlyStopping counter: 20 out of 100
Current Time: 10-00-27 | Epoch: 041 | Train_Loss: 2.4613 | Train_MAPE: 0.0617 | Train_RMSE: 4.3882 | Valid_Loss: 4.6812 | Valid_RMSE: 9.3128 | Valid_MAPE: 0.0730 | LR: 0.000050
EarlyStopping counter: 21 out of 100
Current Time: 10-00-27 | Epoch: 042 | Train_Loss: 2.4569 | Train_MAPE: 0.0615 | Train_RMSE: 4.3771 | Valid_Loss: 4.6887 | Valid_RMSE: 9.3913 | Valid_MAPE: 0.0730 | LR: 0.000050
EarlyStopping counter: 22 out of 100
Current Time: 10-00-27 | Epoch: 043 | Train_Loss: 2.4456 | Train_MAPE: 0.0612 | Train_RMSE: 4.3643 | Valid_Loss: 4.7182 | Valid_RMSE: 9.4590 | Valid_MAPE: 0.0720 | LR: 0.000050
EarlyStopping counter: 23 out of 100
Current Time: 10-00-27 | Epoch: 044 | Train_Loss: 2.4373 | Train_MAPE: 0.0608 | Train_RMSE: 4.3474 | Valid_Loss: 4.7248 | Valid_RMSE: 9.4784 | Valid_MAPE: 0.0729 | LR: 0.000050
EarlyStopping counter: 24 out of 100
Current Time: 10-00-27 | Epoch: 045 | Train_Loss: 2.4316 | Train_MAPE: 0.0606 | Train_RMSE: 4.3345 | Valid_Loss: 4.7883 | Valid_RMSE: 9.6274 | Valid_MAPE: 0.0725 | LR: 0.000050
EarlyStopping counter: 25 out of 100
Current Time: 10-00-27 | Epoch: 046 | Train_Loss: 2.4280 | Train_MAPE: 0.0605 | Train_RMSE: 4.3310 | Valid_Loss: 4.7500 | Valid_RMSE: 9.5868 | Valid_MAPE: 0.0711 | LR: 0.000050
EarlyStopping counter: 26 out of 100
Current Time: 10-00-27 | Epoch: 047 | Train_Loss: 2.4189 | Train_MAPE: 0.0603 | Train_RMSE: 4.3159 | Valid_Loss: 4.6642 | Valid_RMSE: 9.4129 | Valid_MAPE: 0.0700 | LR: 0.000050
EarlyStopping counter: 27 out of 100
Current Time: 10-00-28 | Epoch: 048 | Train_Loss: 2.4154 | Train_MAPE: 0.0602 | Train_RMSE: 4.3109 | Valid_Loss: 4.7149 | Valid_RMSE: 9.5097 | Valid_MAPE: 0.0721 | LR: 0.000050
EarlyStopping counter: 28 out of 100
Current Time: 10-00-28 | Epoch: 049 | Train_Loss: 2.4016 | Train_MAPE: 0.0597 | Train_RMSE: 4.2890 | Valid_Loss: 4.6312 | Valid_RMSE: 9.3365 | Valid_MAPE: 0.0695 | LR: 0.000050
Current Time: 10-00-28 | Epoch: 050 | Train_Loss: 2.3953 | Train_MAPE: 0.0594 | Train_RMSE: 4.2718 | Valid_Loss: 4.6308 | Valid_RMSE: 9.3405 | Valid_MAPE: 0.0691 | LR: 0.000050
Current Time: 10-00-28 | Epoch: 051 | Train_Loss: 2.3934 | Train_MAPE: 0.0594 | Train_RMSE: 4.2682 | Valid_Loss: 4.6300 | Valid_RMSE: 9.3598 | Valid_MAPE: 0.0704 | LR: 0.000050
Current Time: 10-00-28 | Epoch: 052 | Train_Loss: 2.3877 | Train_MAPE: 0.0592 | Train_RMSE: 4.2586 | Valid_Loss: 4.6743 | Valid_RMSE: 9.4550 | Valid_MAPE: 0.0713 | LR: 0.000050
EarlyStopping counter: 1 out of 100
Current Time: 10-00-28 | Epoch: 053 | Train_Loss: 2.3800 | Train_MAPE: 0.0591 | Train_RMSE: 4.2431 | Valid_Loss: 4.6498 | Valid_RMSE: 9.4043 | Valid_MAPE: 0.0703 | LR: 0.000050
EarlyStopping counter: 2 out of 100
Current Time: 10-00-28 | Epoch: 054 | Train_Loss: 2.3750 | Train_MAPE: 0.0589 | Train_RMSE: 4.2412 | Valid_Loss: 4.6720 | Valid_RMSE: 9.4647 | Valid_MAPE: 0.0697 | LR: 0.000050
EarlyStopping counter: 3 out of 100
Current Time: 10-00-29 | Epoch: 055 | Train_Loss: 2.3674 | Train_MAPE: 0.0586 | Train_RMSE: 4.2233 | Valid_Loss: 4.6130 | Valid_RMSE: 9.2826 | Valid_MAPE: 0.0704 | LR: 0.000050
Current Time: 10-00-29 | Epoch: 056 | Train_Loss: 2.3622 | Train_MAPE: 0.0585 | Train_RMSE: 4.2131 | Valid_Loss: 4.5710 | Valid_RMSE: 9.2630 | Valid_MAPE: 0.0677 | LR: 0.000050
Current Time: 10-00-29 | Epoch: 057 | Train_Loss: 2.3536 | Train_MAPE: 0.0581 | Train_RMSE: 4.1998 | Valid_Loss: 4.5866 | Valid_RMSE: 9.2691 | Valid_MAPE: 0.0687 | LR: 0.000050
EarlyStopping counter: 1 out of 100
Current Time: 10-00-29 | Epoch: 058 | Train_Loss: 2.3519 | Train_MAPE: 0.0580 | Train_RMSE: 4.1977 | Valid_Loss: 4.6198 | Valid_RMSE: 9.3857 | Valid_MAPE: 0.0689 | LR: 0.000050
EarlyStopping counter: 2 out of 100
Current Time: 10-00-29 | Epoch: 059 | Train_Loss: 2.3474 | Train_MAPE: 0.0579 | Train_RMSE: 4.1872 | Valid_Loss: 4.6245 | Valid_RMSE: 9.3859 | Valid_MAPE: 0.0690 | LR: 0.000050
EarlyStopping counter: 3 out of 100
Current Time: 10-00-29 | Epoch: 060 | Train_Loss: 2.3427 | Train_MAPE: 0.0577 | Train_RMSE: 4.1780 | Valid_Loss: 4.5476 | Valid_RMSE: 9.2537 | Valid_MAPE: 0.0679 | LR: 0.000050
Current Time: 10-00-29 | Epoch: 061 | Train_Loss: 2.3355 | Train_MAPE: 0.0576 | Train_RMSE: 4.1660 | Valid_Loss: 4.5361 | Valid_RMSE: 9.2115 | Valid_MAPE: 0.0681 | LR: 0.000050
Current Time: 10-00-30 | Epoch: 062 | Train_Loss: 2.3273 | Train_MAPE: 0.0573 | Train_RMSE: 4.1556 | Valid_Loss: 4.5377 | Valid_RMSE: 9.2184 | Valid_MAPE: 0.0676 | LR: 0.000050
EarlyStopping counter: 1 out of 100
Current Time: 10-00-30 | Epoch: 063 | Train_Loss: 2.3270 | Train_MAPE: 0.0573 | Train_RMSE: 4.1513 | Valid_Loss: 4.5351 | Valid_RMSE: 9.2427 | Valid_MAPE: 0.0671 | LR: 0.000050
Current Time: 10-00-30 | Epoch: 064 | Train_Loss: 2.3199 | Train_MAPE: 0.0570 | Train_RMSE: 4.1415 | Valid_Loss: 4.5805 | Valid_RMSE: 9.3274 | Valid_MAPE: 0.0678 | LR: 0.000050
EarlyStopping counter: 1 out of 100
Current Time: 10-00-30 | Epoch: 065 | Train_Loss: 2.3154 | Train_MAPE: 0.0569 | Train_RMSE: 4.1294 | Valid_Loss: 4.6106 | Valid_RMSE: 9.4027 | Valid_MAPE: 0.0689 | LR: 0.000050
EarlyStopping counter: 2 out of 100
Current Time: 10-00-30 | Epoch: 066 | Train_Loss: 2.3086 | Train_MAPE: 0.0568 | Train_RMSE: 4.1228 | Valid_Loss: 4.5274 | Valid_RMSE: 9.2589 | Valid_MAPE: 0.0675 | LR: 0.000050
Current Time: 10-00-30 | Epoch: 067 | Train_Loss: 2.3027 | Train_MAPE: 0.0565 | Train_RMSE: 4.1092 | Valid_Loss: 4.5784 | Valid_RMSE: 9.3479 | Valid_MAPE: 0.0684 | LR: 0.000050
EarlyStopping counter: 1 out of 100
Current Time: 10-00-30 | Epoch: 068 | Train_Loss: 2.2986 | Train_MAPE: 0.0564 | Train_RMSE: 4.1028 | Valid_Loss: 4.5320 | Valid_RMSE: 9.2550 | Valid_MAPE: 0.0678 | LR: 0.000050
EarlyStopping counter: 2 out of 100
Current Time: 10-00-31 | Epoch: 069 | Train_Loss: 2.2949 | Train_MAPE: 0.0563 | Train_RMSE: 4.0955 | Valid_Loss: 4.5209 | Valid_RMSE: 9.2511 | Valid_MAPE: 0.0669 | LR: 0.000050
Current Time: 10-00-31 | Epoch: 070 | Train_Loss: 2.2920 | Train_MAPE: 0.0561 | Train_RMSE: 4.0915 | Valid_Loss: 4.5256 | Valid_RMSE: 9.2705 | Valid_MAPE: 0.0654 | LR: 0.000050
EarlyStopping counter: 1 out of 100
Current Time: 10-00-31 | Epoch: 071 | Train_Loss: 2.2867 | Train_MAPE: 0.0560 | Train_RMSE: 4.0827 | Valid_Loss: 4.5123 | Valid_RMSE: 9.2477 | Valid_MAPE: 0.0657 | LR: 0.000050
Current Time: 10-00-31 | Epoch: 072 | Train_Loss: 2.2821 | Train_MAPE: 0.0559 | Train_RMSE: 4.0735 | Valid_Loss: 4.5772 | Valid_RMSE: 9.3971 | Valid_MAPE: 0.0673 | LR: 0.000050
EarlyStopping counter: 1 out of 100
Current Time: 10-00-31 | Epoch: 073 | Train_Loss: 2.2788 | Train_MAPE: 0.0559 | Train_RMSE: 4.0644 | Valid_Loss: 4.5010 | Valid_RMSE: 9.2277 | Valid_MAPE: 0.0648 | LR: 0.000050
Current Time: 10-00-31 | Epoch: 074 | Train_Loss: 2.2749 | Train_MAPE: 0.0557 | Train_RMSE: 4.0592 | Valid_Loss: 4.5436 | Valid_RMSE: 9.3064 | Valid_MAPE: 0.0675 | LR: 0.000050
EarlyStopping counter: 1 out of 100
Current Time: 10-00-31 | Epoch: 075 | Train_Loss: 2.2715 | Train_MAPE: 0.0555 | Train_RMSE: 4.0489 | Valid_Loss: 4.5297 | Valid_RMSE: 9.3095 | Valid_MAPE: 0.0665 | LR: 0.000050
EarlyStopping counter: 2 out of 100
Current Time: 10-00-31 | Epoch: 076 | Train_Loss: 2.2622 | Train_MAPE: 0.0553 | Train_RMSE: 4.0394 | Valid_Loss: 4.5174 | Valid_RMSE: 9.3081 | Valid_MAPE: 0.0659 | LR: 0.000050
EarlyStopping counter: 3 out of 100
Current Time: 10-00-32 | Epoch: 077 | Train_Loss: 2.2625 | Train_MAPE: 0.0553 | Train_RMSE: 4.0421 | Valid_Loss: 4.5355 | Valid_RMSE: 9.3535 | Valid_MAPE: 0.0661 | LR: 0.000050
EarlyStopping counter: 4 out of 100
Current Time: 10-00-32 | Epoch: 078 | Train_Loss: 2.2588 | Train_MAPE: 0.0552 | Train_RMSE: 4.0322 | Valid_Loss: 4.4865 | Valid_RMSE: 9.2528 | Valid_MAPE: 0.0659 | LR: 0.000050
Current Time: 10-00-32 | Epoch: 079 | Train_Loss: 2.2525 | Train_MAPE: 0.0550 | Train_RMSE: 4.0206 | Valid_Loss: 4.4903 | Valid_RMSE: 9.2446 | Valid_MAPE: 0.0666 | LR: 0.000050
EarlyStopping counter: 1 out of 100
Current Time: 10-00-32 | Epoch: 080 | Train_Loss: 2.2473 | Train_MAPE: 0.0548 | Train_RMSE: 4.0155 | Valid_Loss: 4.5489 | Valid_RMSE: 9.3925 | Valid_MAPE: 0.0677 | LR: 0.000050
EarlyStopping counter: 2 out of 100
Current Time: 10-00-32 | Epoch: 081 | Train_Loss: 2.2439 | Train_MAPE: 0.0547 | Train_RMSE: 4.0075 | Valid_Loss: 4.4879 | Valid_RMSE: 9.2709 | Valid_MAPE: 0.0653 | LR: 0.000050
EarlyStopping counter: 3 out of 100
Current Time: 10-00-32 | Epoch: 082 | Train_Loss: 2.2385 | Train_MAPE: 0.0545 | Train_RMSE: 3.9953 | Valid_Loss: 4.5554 | Valid_RMSE: 9.4384 | Valid_MAPE: 0.0661 | LR: 0.000050
EarlyStopping counter: 4 out of 100
Current Time: 10-00-32 | Epoch: 083 | Train_Loss: 2.2308 | Train_MAPE: 0.0543 | Train_RMSE: 3.9804 | Valid_Loss: 4.4380 | Valid_RMSE: 9.1829 | Valid_MAPE: 0.0645 | LR: 0.000050
Current Time: 10-00-33 | Epoch: 084 | Train_Loss: 2.2332 | Train_MAPE: 0.0544 | Train_RMSE: 3.9896 | Valid_Loss: 4.4361 | Valid_RMSE: 9.1779 | Valid_MAPE: 0.0660 | LR: 0.000050
Current Time: 10-00-33 | Epoch: 085 | Train_Loss: 2.2261 | Train_MAPE: 0.0542 | Train_RMSE: 3.9747 | Valid_Loss: 4.4521 | Valid_RMSE: 9.1953 | Valid_MAPE: 0.0656 | LR: 0.000050
EarlyStopping counter: 1 out of 100
Current Time: 10-00-33 | Epoch: 086 | Train_Loss: 2.2202 | Train_MAPE: 0.0541 | Train_RMSE: 3.9681 | Valid_Loss: 4.4696 | Valid_RMSE: 9.2516 | Valid_MAPE: 0.0673 | LR: 0.000050
EarlyStopping counter: 2 out of 100
Current Time: 10-00-33 | Epoch: 087 | Train_Loss: 2.2163 | Train_MAPE: 0.0539 | Train_RMSE: 3.9590 | Valid_Loss: 4.4618 | Valid_RMSE: 9.2705 | Valid_MAPE: 0.0646 | LR: 0.000050
EarlyStopping counter: 3 out of 100
Current Time: 10-00-33 | Epoch: 088 | Train_Loss: 2.2126 | Train_MAPE: 0.0538 | Train_RMSE: 3.9500 | Valid_Loss: 4.4996 | Valid_RMSE: 9.3591 | Valid_MAPE: 0.0649 | LR: 0.000050
EarlyStopping counter: 4 out of 100
Current Time: 10-00-33 | Epoch: 089 | Train_Loss: 2.2106 | Train_MAPE: 0.0537 | Train_RMSE: 3.9519 | Valid_Loss: 4.4796 | Valid_RMSE: 9.2981 | Valid_MAPE: 0.0653 | LR: 0.000050
EarlyStopping counter: 5 out of 100
Current Time: 10-00-33 | Epoch: 090 | Train_Loss: 2.2058 | Train_MAPE: 0.0537 | Train_RMSE: 3.9388 | Valid_Loss: 4.3627 | Valid_RMSE: 9.0673 | Valid_MAPE: 0.0644 | LR: 0.000050
Current Time: 10-00-33 | Epoch: 091 | Train_Loss: 2.2039 | Train_MAPE: 0.0536 | Train_RMSE: 3.9357 | Valid_Loss: 4.4630 | Valid_RMSE: 9.3108 | Valid_MAPE: 0.0646 | LR: 0.000050
EarlyStopping counter: 1 out of 100
Current Time: 10-00-34 | Epoch: 092 | Train_Loss: 2.1993 | Train_MAPE: 0.0535 | Train_RMSE: 3.9317 | Valid_Loss: 4.4321 | Valid_RMSE: 9.2103 | Valid_MAPE: 0.0654 | LR: 0.000050
EarlyStopping counter: 2 out of 100
Current Time: 10-00-34 | Epoch: 093 | Train_Loss: 2.1903 | Train_MAPE: 0.0532 | Train_RMSE: 3.9156 | Valid_Loss: 4.4040 | Valid_RMSE: 9.1712 | Valid_MAPE: 0.0648 | LR: 0.000050
EarlyStopping counter: 3 out of 100
Current Time: 10-00-34 | Epoch: 094 | Train_Loss: 2.1885 | Train_MAPE: 0.0532 | Train_RMSE: 3.9144 | Valid_Loss: 4.4101 | Valid_RMSE: 9.1992 | Valid_MAPE: 0.0651 | LR: 0.000050
EarlyStopping counter: 4 out of 100
Current Time: 10-00-34 | Epoch: 095 | Train_Loss: 2.1825 | Train_MAPE: 0.0529 | Train_RMSE: 3.9020 | Valid_Loss: 4.4168 | Valid_RMSE: 9.2423 | Valid_MAPE: 0.0640 | LR: 0.000050
EarlyStopping counter: 5 out of 100
Current Time: 10-00-34 | Epoch: 096 | Train_Loss: 2.1804 | Train_MAPE: 0.0529 | Train_RMSE: 3.8993 | Valid_Loss: 4.4455 | Valid_RMSE: 9.3178 | Valid_MAPE: 0.0649 | LR: 0.000050
EarlyStopping counter: 6 out of 100
Current Time: 10-00-34 | Epoch: 097 | Train_Loss: 2.1756 | Train_MAPE: 0.0528 | Train_RMSE: 3.8903 | Valid_Loss: 4.4201 | Valid_RMSE: 9.3065 | Valid_MAPE: 0.0645 | LR: 0.000050
EarlyStopping counter: 7 out of 100
Current Time: 10-00-34 | Epoch: 098 | Train_Loss: 2.1723 | Train_MAPE: 0.0527 | Train_RMSE: 3.8854 | Valid_Loss: 4.4259 | Valid_RMSE: 9.2728 | Valid_MAPE: 0.0652 | LR: 0.000050
EarlyStopping counter: 8 out of 100
Current Time: 10-00-34 | Epoch: 099 | Train_Loss: 2.1684 | Train_MAPE: 0.0525 | Train_RMSE: 3.8793 | Valid_Loss: 4.4273 | Valid_RMSE: 9.2526 | Valid_MAPE: 0.0652 | LR: 0.000050
EarlyStopping counter: 9 out of 100
predict shape:  (18, 32, 12, 207)
Test MAE: 6.67 | Test RMSE: 12.96 | Test MAPE: 6.79 |
Average Training Time: 7.7108 secs/epoch
Average Inference Time: 0.2723 secs/epoch
Spend Time: 801.0573809146881
