Load dataset: 1.42s...
float32
Load adjacent matrix: 0.00s...
Whole trainining iteration is 62
======== Start curriculum learning... reset the learning rate to 0.0001. ========
Current Time: 09-23-37 | Epoch: 001 | Train_Loss: 7.2324 | Train_MAPE: 0.2393 | Train_RMSE: 11.8999 | Valid_Loss: 6.4727 | Valid_RMSE: 11.8456 | Valid_MAPE: 0.1820 | LR: 0.000100
Current Time: 09-23-37 | Epoch: 002 | Train_Loss: 4.3196 | Train_MAPE: 0.1312 | Train_RMSE: 6.9198 | Valid_Loss: 4.9326 | Valid_RMSE: 9.0588 | Valid_MAPE: 0.1165 | LR: 0.000050
Current Time: 09-23-37 | Epoch: 003 | Train_Loss: 3.6670 | Train_MAPE: 0.1012 | Train_RMSE: 5.9248 | Valid_Loss: 4.7678 | Valid_RMSE: 8.6735 | Valid_MAPE: 0.1097 | LR: 0.000050
Current Time: 09-23-37 | Epoch: 004 | Train_Loss: 3.4575 | Train_MAPE: 0.0955 | Train_RMSE: 5.7126 | Valid_Loss: 4.5712 | Valid_RMSE: 8.4058 | Valid_MAPE: 0.1028 | LR: 0.000050
Current Time: 09-23-38 | Epoch: 005 | Train_Loss: 3.3255 | Train_MAPE: 0.0915 | Train_RMSE: 5.5473 | Valid_Loss: 4.4469 | Valid_RMSE: 8.2828 | Valid_MAPE: 0.0991 | LR: 0.000050
Current Time: 09-23-38 | Epoch: 006 | Train_Loss: 3.2324 | Train_MAPE: 0.0886 | Train_RMSE: 5.4318 | Valid_Loss: 4.4170 | Valid_RMSE: 8.2235 | Valid_MAPE: 0.0981 | LR: 0.000050
Current Time: 09-23-38 | Epoch: 007 | Train_Loss: 3.1361 | Train_MAPE: 0.0856 | Train_RMSE: 5.2878 | Valid_Loss: 4.2405 | Valid_RMSE: 8.0043 | Valid_MAPE: 0.0921 | LR: 0.000050
Current Time: 09-23-38 | Epoch: 008 | Train_Loss: 3.0671 | Train_MAPE: 0.0831 | Train_RMSE: 5.1929 | Valid_Loss: 4.1486 | Valid_RMSE: 7.9007 | Valid_MAPE: 0.0894 | LR: 0.000050
Current Time: 09-23-38 | Epoch: 009 | Train_Loss: 2.9979 | Train_MAPE: 0.0809 | Train_RMSE: 5.0991 | Valid_Loss: 4.0828 | Valid_RMSE: 7.8321 | Valid_MAPE: 0.0876 | LR: 0.000050
Current Time: 09-23-38 | Epoch: 010 | Train_Loss: 2.9379 | Train_MAPE: 0.0787 | Train_RMSE: 5.0077 | Valid_Loss: 4.0963 | Valid_RMSE: 7.8808 | Valid_MAPE: 0.0886 | LR: 0.000050
EarlyStopping counter: 1 out of 100
Current Time: 09-23-38 | Epoch: 011 | Train_Loss: 2.8767 | Train_MAPE: 0.0772 | Train_RMSE: 4.9289 | Valid_Loss: 4.0899 | Valid_RMSE: 7.8611 | Valid_MAPE: 0.0887 | LR: 0.000050
EarlyStopping counter: 2 out of 100
Current Time: 09-23-39 | Epoch: 012 | Train_Loss: 2.8206 | Train_MAPE: 0.0755 | Train_RMSE: 4.8559 | Valid_Loss: 4.0589 | Valid_RMSE: 7.8851 | Valid_MAPE: 0.0881 | LR: 0.000050
Current Time: 09-23-39 | Epoch: 013 | Train_Loss: 2.7710 | Train_MAPE: 0.0742 | Train_RMSE: 4.7874 | Valid_Loss: 3.9558 | Valid_RMSE: 7.6949 | Valid_MAPE: 0.0835 | LR: 0.000050
Current Time: 09-23-39 | Epoch: 014 | Train_Loss: 2.7104 | Train_MAPE: 0.0721 | Train_RMSE: 4.7090 | Valid_Loss: 3.9261 | Valid_RMSE: 7.7238 | Valid_MAPE: 0.0839 | LR: 0.000050
Current Time: 09-23-39 | Epoch: 015 | Train_Loss: 2.6593 | Train_MAPE: 0.0705 | Train_RMSE: 4.6359 | Valid_Loss: 3.8653 | Valid_RMSE: 7.6111 | Valid_MAPE: 0.0804 | LR: 0.000050
Current Time: 09-23-39 | Epoch: 016 | Train_Loss: 2.6113 | Train_MAPE: 0.0687 | Train_RMSE: 4.5556 | Valid_Loss: 3.8831 | Valid_RMSE: 7.6685 | Valid_MAPE: 0.0824 | LR: 0.000050
EarlyStopping counter: 1 out of 100
Current Time: 09-23-39 | Epoch: 017 | Train_Loss: 2.5721 | Train_MAPE: 0.0675 | Train_RMSE: 4.4960 | Valid_Loss: 3.7575 | Valid_RMSE: 7.5074 | Valid_MAPE: 0.0784 | LR: 0.000050
Current Time: 09-23-39 | Epoch: 018 | Train_Loss: 2.5370 | Train_MAPE: 0.0661 | Train_RMSE: 4.4284 | Valid_Loss: 3.6663 | Valid_RMSE: 7.3760 | Valid_MAPE: 0.0732 | LR: 0.000050
Current Time: 09-23-39 | Epoch: 019 | Train_Loss: 2.5020 | Train_MAPE: 0.0646 | Train_RMSE: 4.3710 | Valid_Loss: 3.7711 | Valid_RMSE: 7.4793 | Valid_MAPE: 0.0787 | LR: 0.000050
EarlyStopping counter: 1 out of 100
Current Time: 09-23-40 | Epoch: 020 | Train_Loss: 2.4668 | Train_MAPE: 0.0631 | Train_RMSE: 4.3068 | Valid_Loss: 3.6287 | Valid_RMSE: 7.2846 | Valid_MAPE: 0.0722 | LR: 0.000050
Current Time: 09-23-40 | Epoch: 021 | Train_Loss: 2.4363 | Train_MAPE: 0.0620 | Train_RMSE: 4.2529 | Valid_Loss: 3.6037 | Valid_RMSE: 7.2404 | Valid_MAPE: 0.0709 | LR: 0.000050
Current Time: 09-23-40 | Epoch: 022 | Train_Loss: 2.4073 | Train_MAPE: 0.0607 | Train_RMSE: 4.2030 | Valid_Loss: 3.5656 | Valid_RMSE: 7.2307 | Valid_MAPE: 0.0699 | LR: 0.000050
Current Time: 09-23-40 | Epoch: 023 | Train_Loss: 2.3862 | Train_MAPE: 0.0600 | Train_RMSE: 4.1683 | Valid_Loss: 3.6391 | Valid_RMSE: 7.2671 | Valid_MAPE: 0.0724 | LR: 0.000050
EarlyStopping counter: 1 out of 100
Current Time: 09-23-40 | Epoch: 024 | Train_Loss: 2.3593 | Train_MAPE: 0.0590 | Train_RMSE: 4.1200 | Valid_Loss: 3.5600 | Valid_RMSE: 7.1891 | Valid_MAPE: 0.0691 | LR: 0.000050
Current Time: 09-23-40 | Epoch: 025 | Train_Loss: 2.3433 | Train_MAPE: 0.0585 | Train_RMSE: 4.0907 | Valid_Loss: 3.5816 | Valid_RMSE: 7.2629 | Valid_MAPE: 0.0712 | LR: 0.000050
EarlyStopping counter: 1 out of 100
Current Time: 09-23-40 | Epoch: 026 | Train_Loss: 2.3258 | Train_MAPE: 0.0579 | Train_RMSE: 4.0572 | Valid_Loss: 3.5510 | Valid_RMSE: 7.1431 | Valid_MAPE: 0.0688 | LR: 0.000050
Current Time: 09-23-40 | Epoch: 027 | Train_Loss: 2.3110 | Train_MAPE: 0.0574 | Train_RMSE: 4.0241 | Valid_Loss: 3.5236 | Valid_RMSE: 7.1265 | Valid_MAPE: 0.0681 | LR: 0.000050
Current Time: 09-23-41 | Epoch: 028 | Train_Loss: 2.2972 | Train_MAPE: 0.0570 | Train_RMSE: 4.0057 | Valid_Loss: 3.5269 | Valid_RMSE: 7.1087 | Valid_MAPE: 0.0682 | LR: 0.000050
EarlyStopping counter: 1 out of 100
Current Time: 09-23-41 | Epoch: 029 | Train_Loss: 2.2812 | Train_MAPE: 0.0566 | Train_RMSE: 3.9726 | Valid_Loss: 3.4999 | Valid_RMSE: 7.1258 | Valid_MAPE: 0.0680 | LR: 0.000050
Current Time: 09-23-41 | Epoch: 030 | Train_Loss: 2.2712 | Train_MAPE: 0.0562 | Train_RMSE: 3.9576 | Valid_Loss: 3.4953 | Valid_RMSE: 7.0838 | Valid_MAPE: 0.0672 | LR: 0.000050
Current Time: 09-23-41 | Epoch: 031 | Train_Loss: 2.2573 | Train_MAPE: 0.0558 | Train_RMSE: 3.9321 | Valid_Loss: 3.4896 | Valid_RMSE: 7.1061 | Valid_MAPE: 0.0676 | LR: 0.000050
Current Time: 09-23-41 | Epoch: 032 | Train_Loss: 2.2500 | Train_MAPE: 0.0555 | Train_RMSE: 3.9140 | Valid_Loss: 3.4933 | Valid_RMSE: 7.0742 | Valid_MAPE: 0.0677 | LR: 0.000050
EarlyStopping counter: 1 out of 100
Current Time: 09-23-41 | Epoch: 033 | Train_Loss: 2.2368 | Train_MAPE: 0.0553 | Train_RMSE: 3.8937 | Valid_Loss: 3.5078 | Valid_RMSE: 7.0980 | Valid_MAPE: 0.0680 | LR: 0.000050
EarlyStopping counter: 2 out of 100
Current Time: 09-23-41 | Epoch: 034 | Train_Loss: 2.2262 | Train_MAPE: 0.0548 | Train_RMSE: 3.8706 | Valid_Loss: 3.4963 | Valid_RMSE: 7.0757 | Valid_MAPE: 0.0681 | LR: 0.000050
EarlyStopping counter: 3 out of 100
Current Time: 09-23-42 | Epoch: 035 | Train_Loss: 2.2199 | Train_MAPE: 0.0546 | Train_RMSE: 3.8590 | Valid_Loss: 3.4383 | Valid_RMSE: 7.0090 | Valid_MAPE: 0.0649 | LR: 0.000050
Current Time: 09-23-42 | Epoch: 036 | Train_Loss: 2.2110 | Train_MAPE: 0.0544 | Train_RMSE: 3.8395 | Valid_Loss: 3.5080 | Valid_RMSE: 7.1506 | Valid_MAPE: 0.0689 | LR: 0.000050
EarlyStopping counter: 1 out of 100
Current Time: 09-23-42 | Epoch: 037 | Train_Loss: 2.1986 | Train_MAPE: 0.0541 | Train_RMSE: 3.8245 | Valid_Loss: 3.4578 | Valid_RMSE: 7.0893 | Valid_MAPE: 0.0659 | LR: 0.000050
EarlyStopping counter: 2 out of 100
Current Time: 09-23-42 | Epoch: 038 | Train_Loss: 2.1859 | Train_MAPE: 0.0536 | Train_RMSE: 3.8047 | Valid_Loss: 3.4419 | Valid_RMSE: 7.0636 | Valid_MAPE: 0.0661 | LR: 0.000050
EarlyStopping counter: 3 out of 100
Current Time: 09-23-42 | Epoch: 039 | Train_Loss: 2.1788 | Train_MAPE: 0.0533 | Train_RMSE: 3.7883 | Valid_Loss: 3.4445 | Valid_RMSE: 7.0458 | Valid_MAPE: 0.0660 | LR: 0.000050
EarlyStopping counter: 4 out of 100
Current Time: 09-23-42 | Epoch: 040 | Train_Loss: 2.1707 | Train_MAPE: 0.0531 | Train_RMSE: 3.7699 | Valid_Loss: 3.4655 | Valid_RMSE: 7.0639 | Valid_MAPE: 0.0665 | LR: 0.000050
EarlyStopping counter: 5 out of 100
Current Time: 09-23-42 | Epoch: 041 | Train_Loss: 2.1587 | Train_MAPE: 0.0528 | Train_RMSE: 3.7494 | Valid_Loss: 3.4398 | Valid_RMSE: 6.9975 | Valid_MAPE: 0.0672 | LR: 0.000050
EarlyStopping counter: 6 out of 100
Current Time: 09-23-43 | Epoch: 042 | Train_Loss: 2.1540 | Train_MAPE: 0.0526 | Train_RMSE: 3.7447 | Valid_Loss: 3.4066 | Valid_RMSE: 6.9416 | Valid_MAPE: 0.0645 | LR: 0.000050
Current Time: 09-23-43 | Epoch: 043 | Train_Loss: 2.1439 | Train_MAPE: 0.0523 | Train_RMSE: 3.7239 | Valid_Loss: 3.4297 | Valid_RMSE: 7.0146 | Valid_MAPE: 0.0654 | LR: 0.000050
EarlyStopping counter: 1 out of 100
Current Time: 09-23-43 | Epoch: 044 | Train_Loss: 2.1385 | Train_MAPE: 0.0522 | Train_RMSE: 3.7160 | Valid_Loss: 3.4278 | Valid_RMSE: 7.0041 | Valid_MAPE: 0.0669 | LR: 0.000050
EarlyStopping counter: 2 out of 100
Current Time: 09-23-43 | Epoch: 045 | Train_Loss: 2.1262 | Train_MAPE: 0.0518 | Train_RMSE: 3.6934 | Valid_Loss: 3.4406 | Valid_RMSE: 7.0635 | Valid_MAPE: 0.0657 | LR: 0.000050
EarlyStopping counter: 3 out of 100
Current Time: 09-23-43 | Epoch: 046 | Train_Loss: 2.1236 | Train_MAPE: 0.0518 | Train_RMSE: 3.6897 | Valid_Loss: 3.4168 | Valid_RMSE: 7.0307 | Valid_MAPE: 0.0645 | LR: 0.000050
EarlyStopping counter: 4 out of 100
Current Time: 09-23-43 | Epoch: 047 | Train_Loss: 2.1155 | Train_MAPE: 0.0516 | Train_RMSE: 3.6764 | Valid_Loss: 3.4077 | Valid_RMSE: 6.9694 | Valid_MAPE: 0.0649 | LR: 0.000050
EarlyStopping counter: 5 out of 100
Current Time: 09-23-43 | Epoch: 048 | Train_Loss: 2.1096 | Train_MAPE: 0.0514 | Train_RMSE: 3.6673 | Valid_Loss: 3.4575 | Valid_RMSE: 7.0972 | Valid_MAPE: 0.0668 | LR: 0.000050
EarlyStopping counter: 6 out of 100
Current Time: 09-23-43 | Epoch: 049 | Train_Loss: 2.0978 | Train_MAPE: 0.0510 | Train_RMSE: 3.6480 | Valid_Loss: 3.4559 | Valid_RMSE: 7.0555 | Valid_MAPE: 0.0678 | LR: 0.000050
EarlyStopping counter: 7 out of 100
Current Time: 09-23-44 | Epoch: 050 | Train_Loss: 2.0899 | Train_MAPE: 0.0508 | Train_RMSE: 3.6322 | Valid_Loss: 3.4001 | Valid_RMSE: 7.0241 | Valid_MAPE: 0.0648 | LR: 0.000050
Current Time: 09-23-44 | Epoch: 051 | Train_Loss: 2.0853 | Train_MAPE: 0.0507 | Train_RMSE: 3.6249 | Valid_Loss: 3.3920 | Valid_RMSE: 6.9801 | Valid_MAPE: 0.0652 | LR: 0.000050
Current Time: 09-23-44 | Epoch: 052 | Train_Loss: 2.0783 | Train_MAPE: 0.0505 | Train_RMSE: 3.6153 | Valid_Loss: 3.4042 | Valid_RMSE: 6.9870 | Valid_MAPE: 0.0654 | LR: 0.000050
EarlyStopping counter: 1 out of 100
Current Time: 09-23-44 | Epoch: 053 | Train_Loss: 2.0704 | Train_MAPE: 0.0503 | Train_RMSE: 3.6018 | Valid_Loss: 3.4089 | Valid_RMSE: 6.9965 | Valid_MAPE: 0.0659 | LR: 0.000050
EarlyStopping counter: 2 out of 100
Current Time: 09-23-44 | Epoch: 054 | Train_Loss: 2.0648 | Train_MAPE: 0.0501 | Train_RMSE: 3.5951 | Valid_Loss: 3.4116 | Valid_RMSE: 7.0300 | Valid_MAPE: 0.0654 | LR: 0.000050
EarlyStopping counter: 3 out of 100
Current Time: 09-23-44 | Epoch: 055 | Train_Loss: 2.0531 | Train_MAPE: 0.0498 | Train_RMSE: 3.5741 | Valid_Loss: 3.4314 | Valid_RMSE: 7.0142 | Valid_MAPE: 0.0671 | LR: 0.000050
EarlyStopping counter: 4 out of 100
Current Time: 09-23-44 | Epoch: 056 | Train_Loss: 2.0467 | Train_MAPE: 0.0496 | Train_RMSE: 3.5644 | Valid_Loss: 3.3711 | Valid_RMSE: 6.9707 | Valid_MAPE: 0.0649 | LR: 0.000050
Current Time: 09-23-44 | Epoch: 057 | Train_Loss: 2.0398 | Train_MAPE: 0.0494 | Train_RMSE: 3.5501 | Valid_Loss: 3.3666 | Valid_RMSE: 6.9272 | Valid_MAPE: 0.0643 | LR: 0.000050
Current Time: 09-23-45 | Epoch: 058 | Train_Loss: 2.0369 | Train_MAPE: 0.0493 | Train_RMSE: 3.5512 | Valid_Loss: 3.3755 | Valid_RMSE: 6.9759 | Valid_MAPE: 0.0642 | LR: 0.000050
EarlyStopping counter: 1 out of 100
Current Time: 09-23-45 | Epoch: 059 | Train_Loss: 2.0279 | Train_MAPE: 0.0491 | Train_RMSE: 3.5362 | Valid_Loss: 3.4140 | Valid_RMSE: 7.0105 | Valid_MAPE: 0.0648 | LR: 0.000050
EarlyStopping counter: 2 out of 100
Current Time: 09-23-45 | Epoch: 060 | Train_Loss: 2.0241 | Train_MAPE: 0.0489 | Train_RMSE: 3.5279 | Valid_Loss: 3.3840 | Valid_RMSE: 6.9646 | Valid_MAPE: 0.0648 | LR: 0.000050
EarlyStopping counter: 3 out of 100
Current Time: 09-23-45 | Epoch: 061 | Train_Loss: 2.0146 | Train_MAPE: 0.0488 | Train_RMSE: 3.5125 | Valid_Loss: 3.3795 | Valid_RMSE: 6.9587 | Valid_MAPE: 0.0659 | LR: 0.000050
EarlyStopping counter: 4 out of 100
Current Time: 09-23-45 | Epoch: 062 | Train_Loss: 2.0073 | Train_MAPE: 0.0485 | Train_RMSE: 3.5017 | Valid_Loss: 3.3676 | Valid_RMSE: 6.9623 | Valid_MAPE: 0.0641 | LR: 0.000050
EarlyStopping counter: 5 out of 100
Current Time: 09-23-45 | Epoch: 063 | Train_Loss: 2.0041 | Train_MAPE: 0.0484 | Train_RMSE: 3.4982 | Valid_Loss: 3.3871 | Valid_RMSE: 6.9753 | Valid_MAPE: 0.0645 | LR: 0.000050
EarlyStopping counter: 6 out of 100
Current Time: 09-23-45 | Epoch: 064 | Train_Loss: 1.9976 | Train_MAPE: 0.0482 | Train_RMSE: 3.4865 | Valid_Loss: 3.3866 | Valid_RMSE: 7.0114 | Valid_MAPE: 0.0645 | LR: 0.000050
EarlyStopping counter: 7 out of 100
Current Time: 09-23-46 | Epoch: 065 | Train_Loss: 1.9917 | Train_MAPE: 0.0480 | Train_RMSE: 3.4756 | Valid_Loss: 3.3853 | Valid_RMSE: 6.9580 | Valid_MAPE: 0.0647 | LR: 0.000050
EarlyStopping counter: 8 out of 100
Current Time: 09-23-46 | Epoch: 066 | Train_Loss: 1.9864 | Train_MAPE: 0.0480 | Train_RMSE: 3.4718 | Valid_Loss: 3.3997 | Valid_RMSE: 6.9967 | Valid_MAPE: 0.0657 | LR: 0.000050
EarlyStopping counter: 9 out of 100
Current Time: 09-23-46 | Epoch: 067 | Train_Loss: 1.9787 | Train_MAPE: 0.0477 | Train_RMSE: 3.4565 | Valid_Loss: 3.3983 | Valid_RMSE: 7.0124 | Valid_MAPE: 0.0651 | LR: 0.000050
EarlyStopping counter: 10 out of 100
Current Time: 09-23-46 | Epoch: 068 | Train_Loss: 1.9722 | Train_MAPE: 0.0476 | Train_RMSE: 3.4483 | Valid_Loss: 3.3870 | Valid_RMSE: 6.9517 | Valid_MAPE: 0.0653 | LR: 0.000050
EarlyStopping counter: 11 out of 100
Current Time: 09-23-46 | Epoch: 069 | Train_Loss: 1.9668 | Train_MAPE: 0.0474 | Train_RMSE: 3.4377 | Valid_Loss: 3.3832 | Valid_RMSE: 7.0029 | Valid_MAPE: 0.0652 | LR: 0.000050
EarlyStopping counter: 12 out of 100
Current Time: 09-23-46 | Epoch: 070 | Train_Loss: 1.9627 | Train_MAPE: 0.0473 | Train_RMSE: 3.4328 | Valid_Loss: 3.3767 | Valid_RMSE: 7.0014 | Valid_MAPE: 0.0640 | LR: 0.000050
EarlyStopping counter: 13 out of 100
Current Time: 09-23-46 | Epoch: 071 | Train_Loss: 1.9565 | Train_MAPE: 0.0472 | Train_RMSE: 3.4239 | Valid_Loss: 3.3503 | Valid_RMSE: 6.9766 | Valid_MAPE: 0.0634 | LR: 0.000050
Current Time: 09-23-46 | Epoch: 072 | Train_Loss: 1.9496 | Train_MAPE: 0.0470 | Train_RMSE: 3.4129 | Valid_Loss: 3.3798 | Valid_RMSE: 7.0289 | Valid_MAPE: 0.0644 | LR: 0.000050
EarlyStopping counter: 1 out of 100
Current Time: 09-23-47 | Epoch: 073 | Train_Loss: 1.9450 | Train_MAPE: 0.0469 | Train_RMSE: 3.4033 | Valid_Loss: 3.3961 | Valid_RMSE: 6.9974 | Valid_MAPE: 0.0640 | LR: 0.000050
EarlyStopping counter: 2 out of 100
Current Time: 09-23-47 | Epoch: 074 | Train_Loss: 1.9398 | Train_MAPE: 0.0467 | Train_RMSE: 3.3978 | Valid_Loss: 3.3976 | Valid_RMSE: 6.9725 | Valid_MAPE: 0.0646 | LR: 0.000050
EarlyStopping counter: 3 out of 100
Current Time: 09-23-47 | Epoch: 075 | Train_Loss: 1.9353 | Train_MAPE: 0.0466 | Train_RMSE: 3.3872 | Valid_Loss: 3.3828 | Valid_RMSE: 7.0263 | Valid_MAPE: 0.0646 | LR: 0.000050
EarlyStopping counter: 4 out of 100
Current Time: 09-23-47 | Epoch: 076 | Train_Loss: 1.9270 | Train_MAPE: 0.0464 | Train_RMSE: 3.3773 | Valid_Loss: 3.3763 | Valid_RMSE: 7.0066 | Valid_MAPE: 0.0644 | LR: 0.000050
EarlyStopping counter: 5 out of 100
Current Time: 09-23-47 | Epoch: 077 | Train_Loss: 1.9242 | Train_MAPE: 0.0463 | Train_RMSE: 3.3738 | Valid_Loss: 3.3852 | Valid_RMSE: 6.9769 | Valid_MAPE: 0.0639 | LR: 0.000050
EarlyStopping counter: 6 out of 100
Current Time: 09-23-47 | Epoch: 078 | Train_Loss: 1.9190 | Train_MAPE: 0.0462 | Train_RMSE: 3.3668 | Valid_Loss: 3.3740 | Valid_RMSE: 6.9978 | Valid_MAPE: 0.0643 | LR: 0.000050
EarlyStopping counter: 7 out of 100
Current Time: 09-23-47 | Epoch: 079 | Train_Loss: 1.9137 | Train_MAPE: 0.0461 | Train_RMSE: 3.3582 | Valid_Loss: 3.4156 | Valid_RMSE: 7.0750 | Valid_MAPE: 0.0651 | LR: 0.000050
EarlyStopping counter: 8 out of 100
Current Time: 09-23-48 | Epoch: 080 | Train_Loss: 1.9096 | Train_MAPE: 0.0459 | Train_RMSE: 3.3482 | Valid_Loss: 3.3954 | Valid_RMSE: 7.0304 | Valid_MAPE: 0.0648 | LR: 0.000050
EarlyStopping counter: 9 out of 100
Current Time: 09-23-48 | Epoch: 081 | Train_Loss: 1.9024 | Train_MAPE: 0.0457 | Train_RMSE: 3.3430 | Valid_Loss: 3.3882 | Valid_RMSE: 7.0487 | Valid_MAPE: 0.0648 | LR: 0.000050
EarlyStopping counter: 10 out of 100
Current Time: 09-23-48 | Epoch: 082 | Train_Loss: 1.8982 | Train_MAPE: 0.0456 | Train_RMSE: 3.3303 | Valid_Loss: 3.3618 | Valid_RMSE: 7.0295 | Valid_MAPE: 0.0634 | LR: 0.000050
EarlyStopping counter: 11 out of 100
Current Time: 09-23-48 | Epoch: 083 | Train_Loss: 1.8901 | Train_MAPE: 0.0454 | Train_RMSE: 3.3165 | Valid_Loss: 3.3740 | Valid_RMSE: 7.0169 | Valid_MAPE: 0.0643 | LR: 0.000050
EarlyStopping counter: 12 out of 100
Current Time: 09-23-48 | Epoch: 084 | Train_Loss: 1.8905 | Train_MAPE: 0.0455 | Train_RMSE: 3.3265 | Valid_Loss: 3.4076 | Valid_RMSE: 7.0667 | Valid_MAPE: 0.0653 | LR: 0.000050
EarlyStopping counter: 13 out of 100
Current Time: 09-23-48 | Epoch: 085 | Train_Loss: 1.8819 | Train_MAPE: 0.0452 | Train_RMSE: 3.3098 | Valid_Loss: 3.3595 | Valid_RMSE: 7.0127 | Valid_MAPE: 0.0632 | LR: 0.000050
EarlyStopping counter: 14 out of 100
Current Time: 09-23-48 | Epoch: 086 | Train_Loss: 1.8749 | Train_MAPE: 0.0450 | Train_RMSE: 3.2988 | Valid_Loss: 3.3897 | Valid_RMSE: 7.0281 | Valid_MAPE: 0.0653 | LR: 0.000050
EarlyStopping counter: 15 out of 100
Current Time: 09-23-48 | Epoch: 087 | Train_Loss: 1.8693 | Train_MAPE: 0.0449 | Train_RMSE: 3.2948 | Valid_Loss: 3.3681 | Valid_RMSE: 7.0316 | Valid_MAPE: 0.0640 | LR: 0.000050
EarlyStopping counter: 16 out of 100
Current Time: 09-23-49 | Epoch: 088 | Train_Loss: 1.8659 | Train_MAPE: 0.0448 | Train_RMSE: 3.2847 | Valid_Loss: 3.3923 | Valid_RMSE: 7.0905 | Valid_MAPE: 0.0643 | LR: 0.000050
EarlyStopping counter: 17 out of 100
Current Time: 09-23-49 | Epoch: 089 | Train_Loss: 1.8605 | Train_MAPE: 0.0447 | Train_RMSE: 3.2767 | Valid_Loss: 3.3847 | Valid_RMSE: 7.0286 | Valid_MAPE: 0.0645 | LR: 0.000050
EarlyStopping counter: 18 out of 100
Current Time: 09-23-49 | Epoch: 090 | Train_Loss: 1.8570 | Train_MAPE: 0.0446 | Train_RMSE: 3.2718 | Valid_Loss: 3.3702 | Valid_RMSE: 7.0037 | Valid_MAPE: 0.0643 | LR: 0.000050
EarlyStopping counter: 19 out of 100
Current Time: 09-23-49 | Epoch: 091 | Train_Loss: 1.8511 | Train_MAPE: 0.0444 | Train_RMSE: 3.2605 | Valid_Loss: 3.3740 | Valid_RMSE: 7.0402 | Valid_MAPE: 0.0636 | LR: 0.000050
EarlyStopping counter: 20 out of 100
Current Time: 09-23-49 | Epoch: 092 | Train_Loss: 1.8462 | Train_MAPE: 0.0444 | Train_RMSE: 3.2584 | Valid_Loss: 3.3788 | Valid_RMSE: 7.0548 | Valid_MAPE: 0.0639 | LR: 0.000050
EarlyStopping counter: 21 out of 100
Current Time: 09-23-49 | Epoch: 093 | Train_Loss: 1.8382 | Train_MAPE: 0.0441 | Train_RMSE: 3.2478 | Valid_Loss: 3.3591 | Valid_RMSE: 7.0021 | Valid_MAPE: 0.0634 | LR: 0.000050
EarlyStopping counter: 22 out of 100
Current Time: 09-23-49 | Epoch: 094 | Train_Loss: 1.8344 | Train_MAPE: 0.0440 | Train_RMSE: 3.2374 | Valid_Loss: 3.3814 | Valid_RMSE: 6.9946 | Valid_MAPE: 0.0652 | LR: 0.000050
EarlyStopping counter: 23 out of 100
Current Time: 09-23-50 | Epoch: 095 | Train_Loss: 1.8278 | Train_MAPE: 0.0438 | Train_RMSE: 3.2314 | Valid_Loss: 3.3671 | Valid_RMSE: 7.0263 | Valid_MAPE: 0.0628 | LR: 0.000050
EarlyStopping counter: 24 out of 100
Current Time: 09-23-50 | Epoch: 096 | Train_Loss: 1.8236 | Train_MAPE: 0.0437 | Train_RMSE: 3.2249 | Valid_Loss: 3.4016 | Valid_RMSE: 7.0887 | Valid_MAPE: 0.0651 | LR: 0.000050
EarlyStopping counter: 25 out of 100
Current Time: 09-23-50 | Epoch: 097 | Train_Loss: 1.8180 | Train_MAPE: 0.0436 | Train_RMSE: 3.2145 | Valid_Loss: 3.3410 | Valid_RMSE: 6.9557 | Valid_MAPE: 0.0626 | LR: 0.000050
Current Time: 09-23-50 | Epoch: 098 | Train_Loss: 1.8134 | Train_MAPE: 0.0434 | Train_RMSE: 3.2078 | Valid_Loss: 3.3750 | Valid_RMSE: 7.0206 | Valid_MAPE: 0.0637 | LR: 0.000050
EarlyStopping counter: 1 out of 100
Current Time: 09-23-50 | Epoch: 099 | Train_Loss: 1.8107 | Train_MAPE: 0.0434 | Train_RMSE: 3.2072 | Valid_Loss: 3.3749 | Valid_RMSE: 7.0851 | Valid_MAPE: 0.0625 | LR: 0.000050
EarlyStopping counter: 2 out of 100
predict shape:  (18, 32, 12, 207)
Test MAE: 4.28 | Test RMSE: 9.32 | Test MAPE: 6.50 |
Average Training Time: 7.8038 secs/epoch
Average Inference Time: 0.2774 secs/epoch
Spend Time: 811.6387567520142
