Load dataset: 1.47s...
float32
Load adjacent matrix: 0.11s...
Whole trainining iteration is 62
======== Start curriculum learning... reset the learning rate to 0.0001. ========
Current Time: 09-23-10 | Epoch: 001 | Train_Loss: 6.9148 | Train_MAPE: 0.2269 | Train_RMSE: 11.2712 | Valid_Loss: 5.6684 | Valid_RMSE: 10.2645 | Valid_MAPE: 0.1491 | LR: 0.000100
Current Time: 09-23-10 | Epoch: 002 | Train_Loss: 3.9823 | Train_MAPE: 0.1135 | Train_RMSE: 6.3023 | Valid_Loss: 4.8387 | Valid_RMSE: 8.7734 | Valid_MAPE: 0.1128 | LR: 0.000050
Current Time: 09-23-10 | Epoch: 003 | Train_Loss: 3.5902 | Train_MAPE: 0.0986 | Train_RMSE: 5.8498 | Valid_Loss: 4.6254 | Valid_RMSE: 8.5140 | Valid_MAPE: 0.1059 | LR: 0.000050
Current Time: 09-23-10 | Epoch: 004 | Train_Loss: 3.3862 | Train_MAPE: 0.0932 | Train_RMSE: 5.6078 | Valid_Loss: 4.4588 | Valid_RMSE: 8.3325 | Valid_MAPE: 0.1001 | LR: 0.000050
Current Time: 09-23-10 | Epoch: 005 | Train_Loss: 3.2474 | Train_MAPE: 0.0890 | Train_RMSE: 5.4012 | Valid_Loss: 4.4006 | Valid_RMSE: 8.2650 | Valid_MAPE: 0.0985 | LR: 0.000050
Current Time: 09-23-10 | Epoch: 006 | Train_Loss: 3.1289 | Train_MAPE: 0.0858 | Train_RMSE: 5.2269 | Valid_Loss: 4.3117 | Valid_RMSE: 8.2765 | Valid_MAPE: 0.0983 | LR: 0.000050
Current Time: 09-23-10 | Epoch: 007 | Train_Loss: 3.0196 | Train_MAPE: 0.0827 | Train_RMSE: 5.0525 | Valid_Loss: 4.3186 | Valid_RMSE: 8.1520 | Valid_MAPE: 0.0970 | LR: 0.000050
EarlyStopping counter: 1 out of 100
Current Time: 09-23-11 | Epoch: 008 | Train_Loss: 2.9287 | Train_MAPE: 0.0796 | Train_RMSE: 4.9067 | Valid_Loss: 4.1299 | Valid_RMSE: 7.9000 | Valid_MAPE: 0.0902 | LR: 0.000050
Current Time: 09-23-11 | Epoch: 009 | Train_Loss: 2.8523 | Train_MAPE: 0.0773 | Train_RMSE: 4.8086 | Valid_Loss: 4.1279 | Valid_RMSE: 7.8657 | Valid_MAPE: 0.0894 | LR: 0.000050
Current Time: 09-23-11 | Epoch: 010 | Train_Loss: 2.7796 | Train_MAPE: 0.0746 | Train_RMSE: 4.7082 | Valid_Loss: 4.0570 | Valid_RMSE: 7.8971 | Valid_MAPE: 0.0890 | LR: 0.000050
Current Time: 09-23-11 | Epoch: 011 | Train_Loss: 2.7291 | Train_MAPE: 0.0732 | Train_RMSE: 4.6426 | Valid_Loss: 4.0317 | Valid_RMSE: 7.7996 | Valid_MAPE: 0.0868 | LR: 0.000050
Current Time: 09-23-11 | Epoch: 012 | Train_Loss: 2.6756 | Train_MAPE: 0.0713 | Train_RMSE: 4.5769 | Valid_Loss: 3.9755 | Valid_RMSE: 7.7921 | Valid_MAPE: 0.0845 | LR: 0.000050
Current Time: 09-23-11 | Epoch: 013 | Train_Loss: 2.6370 | Train_MAPE: 0.0699 | Train_RMSE: 4.5244 | Valid_Loss: 3.9334 | Valid_RMSE: 7.8192 | Valid_MAPE: 0.0845 | LR: 0.000050
Current Time: 09-23-11 | Epoch: 014 | Train_Loss: 2.5962 | Train_MAPE: 0.0685 | Train_RMSE: 4.4736 | Valid_Loss: 3.9093 | Valid_RMSE: 7.6872 | Valid_MAPE: 0.0814 | LR: 0.000050
Current Time: 09-23-12 | Epoch: 015 | Train_Loss: 2.5585 | Train_MAPE: 0.0670 | Train_RMSE: 4.4224 | Valid_Loss: 3.8577 | Valid_RMSE: 7.6573 | Valid_MAPE: 0.0807 | LR: 0.000050
Current Time: 09-23-12 | Epoch: 016 | Train_Loss: 2.5330 | Train_MAPE: 0.0659 | Train_RMSE: 4.3777 | Valid_Loss: 3.8668 | Valid_RMSE: 7.6009 | Valid_MAPE: 0.0796 | LR: 0.000050
EarlyStopping counter: 1 out of 100
Current Time: 09-23-12 | Epoch: 017 | Train_Loss: 2.5073 | Train_MAPE: 0.0647 | Train_RMSE: 4.3358 | Valid_Loss: 3.7220 | Valid_RMSE: 7.4831 | Valid_MAPE: 0.0755 | LR: 0.000050
Current Time: 09-23-12 | Epoch: 018 | Train_Loss: 2.4924 | Train_MAPE: 0.0641 | Train_RMSE: 4.3182 | Valid_Loss: 3.7188 | Valid_RMSE: 7.5216 | Valid_MAPE: 0.0753 | LR: 0.000050
Current Time: 09-23-12 | Epoch: 019 | Train_Loss: 2.4616 | Train_MAPE: 0.0630 | Train_RMSE: 4.2689 | Valid_Loss: 3.7228 | Valid_RMSE: 7.4769 | Valid_MAPE: 0.0751 | LR: 0.000050
EarlyStopping counter: 1 out of 100
Current Time: 09-23-12 | Epoch: 020 | Train_Loss: 2.4399 | Train_MAPE: 0.0622 | Train_RMSE: 4.2310 | Valid_Loss: 3.7215 | Valid_RMSE: 7.4652 | Valid_MAPE: 0.0750 | LR: 0.000050
EarlyStopping counter: 2 out of 100
Current Time: 09-23-12 | Epoch: 021 | Train_Loss: 2.4186 | Train_MAPE: 0.0614 | Train_RMSE: 4.1982 | Valid_Loss: 3.6695 | Valid_RMSE: 7.4329 | Valid_MAPE: 0.0737 | LR: 0.000050
Current Time: 09-23-12 | Epoch: 022 | Train_Loss: 2.4039 | Train_MAPE: 0.0610 | Train_RMSE: 4.1742 | Valid_Loss: 3.7077 | Valid_RMSE: 7.4521 | Valid_MAPE: 0.0740 | LR: 0.000050
EarlyStopping counter: 1 out of 100
Current Time: 09-23-13 | Epoch: 023 | Train_Loss: 2.3826 | Train_MAPE: 0.0601 | Train_RMSE: 4.1414 | Valid_Loss: 3.6735 | Valid_RMSE: 7.4372 | Valid_MAPE: 0.0737 | LR: 0.000050
EarlyStopping counter: 2 out of 100
Current Time: 09-23-13 | Epoch: 024 | Train_Loss: 2.3630 | Train_MAPE: 0.0594 | Train_RMSE: 4.0961 | Valid_Loss: 3.6699 | Valid_RMSE: 7.4435 | Valid_MAPE: 0.0729 | LR: 0.000050
EarlyStopping counter: 3 out of 100
Current Time: 09-23-13 | Epoch: 025 | Train_Loss: 2.3476 | Train_MAPE: 0.0588 | Train_RMSE: 4.0736 | Valid_Loss: 3.6133 | Valid_RMSE: 7.3404 | Valid_MAPE: 0.0712 | LR: 0.000050
Current Time: 09-23-13 | Epoch: 026 | Train_Loss: 2.3334 | Train_MAPE: 0.0583 | Train_RMSE: 4.0497 | Valid_Loss: 3.6262 | Valid_RMSE: 7.3730 | Valid_MAPE: 0.0716 | LR: 0.000050
EarlyStopping counter: 1 out of 100
Current Time: 09-23-13 | Epoch: 027 | Train_Loss: 2.3248 | Train_MAPE: 0.0581 | Train_RMSE: 4.0299 | Valid_Loss: 3.5426 | Valid_RMSE: 7.2774 | Valid_MAPE: 0.0699 | LR: 0.000050
Current Time: 09-23-13 | Epoch: 028 | Train_Loss: 2.3084 | Train_MAPE: 0.0575 | Train_RMSE: 4.0119 | Valid_Loss: 3.5704 | Valid_RMSE: 7.3280 | Valid_MAPE: 0.0714 | LR: 0.000050
EarlyStopping counter: 1 out of 100
Current Time: 09-23-13 | Epoch: 029 | Train_Loss: 2.2968 | Train_MAPE: 0.0571 | Train_RMSE: 3.9893 | Valid_Loss: 3.6173 | Valid_RMSE: 7.2993 | Valid_MAPE: 0.0716 | LR: 0.000050
EarlyStopping counter: 2 out of 100
Current Time: 09-23-14 | Epoch: 030 | Train_Loss: 2.2845 | Train_MAPE: 0.0567 | Train_RMSE: 3.9626 | Valid_Loss: 3.5643 | Valid_RMSE: 7.3044 | Valid_MAPE: 0.0705 | LR: 0.000050
EarlyStopping counter: 3 out of 100
Current Time: 09-23-14 | Epoch: 031 | Train_Loss: 2.2701 | Train_MAPE: 0.0562 | Train_RMSE: 3.9320 | Valid_Loss: 3.5302 | Valid_RMSE: 7.2083 | Valid_MAPE: 0.0689 | LR: 0.000050
Current Time: 09-23-14 | Epoch: 032 | Train_Loss: 2.2592 | Train_MAPE: 0.0558 | Train_RMSE: 3.9199 | Valid_Loss: 3.5088 | Valid_RMSE: 7.1596 | Valid_MAPE: 0.0683 | LR: 0.000050
Current Time: 09-23-14 | Epoch: 033 | Train_Loss: 2.2471 | Train_MAPE: 0.0556 | Train_RMSE: 3.9049 | Valid_Loss: 3.5317 | Valid_RMSE: 7.1774 | Valid_MAPE: 0.0688 | LR: 0.000050
EarlyStopping counter: 1 out of 100
Current Time: 09-23-14 | Epoch: 034 | Train_Loss: 2.2358 | Train_MAPE: 0.0552 | Train_RMSE: 3.8852 | Valid_Loss: 3.4735 | Valid_RMSE: 7.0806 | Valid_MAPE: 0.0675 | LR: 0.000050
Current Time: 09-23-14 | Epoch: 035 | Train_Loss: 2.2261 | Train_MAPE: 0.0548 | Train_RMSE: 3.8665 | Valid_Loss: 3.4582 | Valid_RMSE: 7.0466 | Valid_MAPE: 0.0669 | LR: 0.000050
Current Time: 09-23-14 | Epoch: 036 | Train_Loss: 2.2122 | Train_MAPE: 0.0544 | Train_RMSE: 3.8449 | Valid_Loss: 3.5074 | Valid_RMSE: 7.1343 | Valid_MAPE: 0.0682 | LR: 0.000050
EarlyStopping counter: 1 out of 100
Current Time: 09-23-14 | Epoch: 037 | Train_Loss: 2.2031 | Train_MAPE: 0.0540 | Train_RMSE: 3.8231 | Valid_Loss: 3.4372 | Valid_RMSE: 6.9781 | Valid_MAPE: 0.0664 | LR: 0.000050
Current Time: 09-23-15 | Epoch: 038 | Train_Loss: 2.1954 | Train_MAPE: 0.0537 | Train_RMSE: 3.8192 | Valid_Loss: 3.4747 | Valid_RMSE: 7.1448 | Valid_MAPE: 0.0684 | LR: 0.000050
EarlyStopping counter: 1 out of 100
Current Time: 09-23-15 | Epoch: 039 | Train_Loss: 2.1830 | Train_MAPE: 0.0534 | Train_RMSE: 3.7933 | Valid_Loss: 3.4407 | Valid_RMSE: 7.0068 | Valid_MAPE: 0.0667 | LR: 0.000050
EarlyStopping counter: 2 out of 100
Current Time: 09-23-15 | Epoch: 040 | Train_Loss: 2.1753 | Train_MAPE: 0.0533 | Train_RMSE: 3.7826 | Valid_Loss: 3.4388 | Valid_RMSE: 7.0165 | Valid_MAPE: 0.0669 | LR: 0.000050
EarlyStopping counter: 3 out of 100
Current Time: 09-23-15 | Epoch: 041 | Train_Loss: 2.1677 | Train_MAPE: 0.0529 | Train_RMSE: 3.7688 | Valid_Loss: 3.4807 | Valid_RMSE: 7.1293 | Valid_MAPE: 0.0684 | LR: 0.000050
EarlyStopping counter: 4 out of 100
Current Time: 09-23-15 | Epoch: 042 | Train_Loss: 2.1540 | Train_MAPE: 0.0526 | Train_RMSE: 3.7444 | Valid_Loss: 3.4106 | Valid_RMSE: 6.9542 | Valid_MAPE: 0.0656 | LR: 0.000050
Current Time: 09-23-15 | Epoch: 043 | Train_Loss: 2.1479 | Train_MAPE: 0.0523 | Train_RMSE: 3.7337 | Valid_Loss: 3.4306 | Valid_RMSE: 7.0040 | Valid_MAPE: 0.0666 | LR: 0.000050
EarlyStopping counter: 1 out of 100
Current Time: 09-23-15 | Epoch: 044 | Train_Loss: 2.1410 | Train_MAPE: 0.0520 | Train_RMSE: 3.7151 | Valid_Loss: 3.4506 | Valid_RMSE: 7.0418 | Valid_MAPE: 0.0668 | LR: 0.000050
EarlyStopping counter: 2 out of 100
Current Time: 09-23-16 | Epoch: 045 | Train_Loss: 2.1386 | Train_MAPE: 0.0521 | Train_RMSE: 3.7233 | Valid_Loss: 3.3824 | Valid_RMSE: 6.9681 | Valid_MAPE: 0.0638 | LR: 0.000050
Current Time: 09-23-16 | Epoch: 046 | Train_Loss: 2.1218 | Train_MAPE: 0.0515 | Train_RMSE: 3.6893 | Valid_Loss: 3.3768 | Valid_RMSE: 6.9691 | Valid_MAPE: 0.0649 | LR: 0.000050
Current Time: 09-23-16 | Epoch: 047 | Train_Loss: 2.1222 | Train_MAPE: 0.0517 | Train_RMSE: 3.6984 | Valid_Loss: 3.4121 | Valid_RMSE: 6.9764 | Valid_MAPE: 0.0650 | LR: 0.000050
EarlyStopping counter: 1 out of 100
Current Time: 09-23-16 | Epoch: 048 | Train_Loss: 2.1106 | Train_MAPE: 0.0513 | Train_RMSE: 3.6754 | Valid_Loss: 3.3619 | Valid_RMSE: 6.9379 | Valid_MAPE: 0.0643 | LR: 0.000050
Current Time: 09-23-16 | Epoch: 049 | Train_Loss: 2.1009 | Train_MAPE: 0.0510 | Train_RMSE: 3.6590 | Valid_Loss: 3.4155 | Valid_RMSE: 6.9450 | Valid_MAPE: 0.0664 | LR: 0.000050
EarlyStopping counter: 1 out of 100
Current Time: 09-23-16 | Epoch: 050 | Train_Loss: 2.0958 | Train_MAPE: 0.0509 | Train_RMSE: 3.6495 | Valid_Loss: 3.3929 | Valid_RMSE: 6.9756 | Valid_MAPE: 0.0662 | LR: 0.000050
EarlyStopping counter: 2 out of 100
Current Time: 09-23-16 | Epoch: 051 | Train_Loss: 2.0834 | Train_MAPE: 0.0505 | Train_RMSE: 3.6267 | Valid_Loss: 3.3935 | Valid_RMSE: 6.9602 | Valid_MAPE: 0.0660 | LR: 0.000050
EarlyStopping counter: 3 out of 100
Current Time: 09-23-17 | Epoch: 052 | Train_Loss: 2.0812 | Train_MAPE: 0.0503 | Train_RMSE: 3.6239 | Valid_Loss: 3.3892 | Valid_RMSE: 6.9641 | Valid_MAPE: 0.0652 | LR: 0.000050
EarlyStopping counter: 4 out of 100
Current Time: 09-23-17 | Epoch: 053 | Train_Loss: 2.0717 | Train_MAPE: 0.0501 | Train_RMSE: 3.6105 | Valid_Loss: 3.4113 | Valid_RMSE: 6.9300 | Valid_MAPE: 0.0660 | LR: 0.000050
EarlyStopping counter: 5 out of 100
Current Time: 09-23-17 | Epoch: 054 | Train_Loss: 2.0618 | Train_MAPE: 0.0498 | Train_RMSE: 3.5893 | Valid_Loss: 3.3873 | Valid_RMSE: 6.9640 | Valid_MAPE: 0.0654 | LR: 0.000050
EarlyStopping counter: 6 out of 100
Current Time: 09-23-17 | Epoch: 055 | Train_Loss: 2.0587 | Train_MAPE: 0.0498 | Train_RMSE: 3.5880 | Valid_Loss: 3.3734 | Valid_RMSE: 6.9332 | Valid_MAPE: 0.0650 | LR: 0.000050
EarlyStopping counter: 7 out of 100
Current Time: 09-23-17 | Epoch: 056 | Train_Loss: 2.0488 | Train_MAPE: 0.0495 | Train_RMSE: 3.5717 | Valid_Loss: 3.3727 | Valid_RMSE: 6.9307 | Valid_MAPE: 0.0645 | LR: 0.000050
EarlyStopping counter: 8 out of 100
Current Time: 09-23-17 | Epoch: 057 | Train_Loss: 2.0402 | Train_MAPE: 0.0492 | Train_RMSE: 3.5586 | Valid_Loss: 3.4093 | Valid_RMSE: 6.9811 | Valid_MAPE: 0.0658 | LR: 0.000050
EarlyStopping counter: 9 out of 100
Current Time: 09-23-17 | Epoch: 058 | Train_Loss: 2.0372 | Train_MAPE: 0.0492 | Train_RMSE: 3.5547 | Valid_Loss: 3.3912 | Valid_RMSE: 6.9690 | Valid_MAPE: 0.0653 | LR: 0.000050
EarlyStopping counter: 10 out of 100
Current Time: 09-23-17 | Epoch: 059 | Train_Loss: 2.0311 | Train_MAPE: 0.0490 | Train_RMSE: 3.5403 | Valid_Loss: 3.3709 | Valid_RMSE: 6.9170 | Valid_MAPE: 0.0644 | LR: 0.000050
EarlyStopping counter: 11 out of 100
Current Time: 09-23-18 | Epoch: 060 | Train_Loss: 2.0215 | Train_MAPE: 0.0487 | Train_RMSE: 3.5308 | Valid_Loss: 3.3785 | Valid_RMSE: 6.9625 | Valid_MAPE: 0.0640 | LR: 0.000050
EarlyStopping counter: 12 out of 100
Current Time: 09-23-18 | Epoch: 061 | Train_Loss: 2.0148 | Train_MAPE: 0.0486 | Train_RMSE: 3.5162 | Valid_Loss: 3.3973 | Valid_RMSE: 6.9677 | Valid_MAPE: 0.0661 | LR: 0.000050
EarlyStopping counter: 13 out of 100
Current Time: 09-23-18 | Epoch: 062 | Train_Loss: 2.0093 | Train_MAPE: 0.0484 | Train_RMSE: 3.5082 | Valid_Loss: 3.3634 | Valid_RMSE: 6.9551 | Valid_MAPE: 0.0646 | LR: 0.000050
EarlyStopping counter: 14 out of 100
Current Time: 09-23-18 | Epoch: 063 | Train_Loss: 2.0037 | Train_MAPE: 0.0483 | Train_RMSE: 3.5017 | Valid_Loss: 3.3843 | Valid_RMSE: 6.9279 | Valid_MAPE: 0.0648 | LR: 0.000050
EarlyStopping counter: 15 out of 100
Current Time: 09-23-18 | Epoch: 064 | Train_Loss: 1.9913 | Train_MAPE: 0.0479 | Train_RMSE: 3.4764 | Valid_Loss: 3.3696 | Valid_RMSE: 6.9608 | Valid_MAPE: 0.0649 | LR: 0.000050
EarlyStopping counter: 16 out of 100
Current Time: 09-23-18 | Epoch: 065 | Train_Loss: 1.9919 | Train_MAPE: 0.0480 | Train_RMSE: 3.4828 | Valid_Loss: 3.4086 | Valid_RMSE: 7.0253 | Valid_MAPE: 0.0646 | LR: 0.000050
EarlyStopping counter: 17 out of 100
Current Time: 09-23-18 | Epoch: 066 | Train_Loss: 1.9802 | Train_MAPE: 0.0476 | Train_RMSE: 3.4613 | Valid_Loss: 3.3765 | Valid_RMSE: 6.9457 | Valid_MAPE: 0.0655 | LR: 0.000050
EarlyStopping counter: 18 out of 100
Current Time: 09-23-19 | Epoch: 067 | Train_Loss: 1.9792 | Train_MAPE: 0.0477 | Train_RMSE: 3.4639 | Valid_Loss: 3.3656 | Valid_RMSE: 6.9683 | Valid_MAPE: 0.0637 | LR: 0.000050
EarlyStopping counter: 19 out of 100
Current Time: 09-23-19 | Epoch: 068 | Train_Loss: 1.9735 | Train_MAPE: 0.0475 | Train_RMSE: 3.4509 | Valid_Loss: 3.3966 | Valid_RMSE: 6.9598 | Valid_MAPE: 0.0653 | LR: 0.000050
EarlyStopping counter: 20 out of 100
Current Time: 09-23-19 | Epoch: 069 | Train_Loss: 1.9665 | Train_MAPE: 0.0473 | Train_RMSE: 3.4361 | Valid_Loss: 3.3399 | Valid_RMSE: 6.9328 | Valid_MAPE: 0.0637 | LR: 0.000050
Current Time: 09-23-19 | Epoch: 070 | Train_Loss: 1.9574 | Train_MAPE: 0.0471 | Train_RMSE: 3.4260 | Valid_Loss: 3.3475 | Valid_RMSE: 6.9187 | Valid_MAPE: 0.0635 | LR: 0.000050
EarlyStopping counter: 1 out of 100
Current Time: 09-23-19 | Epoch: 071 | Train_Loss: 1.9521 | Train_MAPE: 0.0469 | Train_RMSE: 3.4181 | Valid_Loss: 3.3670 | Valid_RMSE: 6.9009 | Valid_MAPE: 0.0649 | LR: 0.000050
EarlyStopping counter: 2 out of 100
Current Time: 09-23-19 | Epoch: 072 | Train_Loss: 1.9476 | Train_MAPE: 0.0468 | Train_RMSE: 3.4101 | Valid_Loss: 3.3653 | Valid_RMSE: 6.9655 | Valid_MAPE: 0.0643 | LR: 0.000050
EarlyStopping counter: 3 out of 100
Current Time: 09-23-19 | Epoch: 073 | Train_Loss: 1.9446 | Train_MAPE: 0.0468 | Train_RMSE: 3.4056 | Valid_Loss: 3.3699 | Valid_RMSE: 6.9676 | Valid_MAPE: 0.0638 | LR: 0.000050
EarlyStopping counter: 4 out of 100
Current Time: 09-23-19 | Epoch: 074 | Train_Loss: 1.9396 | Train_MAPE: 0.0467 | Train_RMSE: 3.3986 | Valid_Loss: 3.3737 | Valid_RMSE: 6.9861 | Valid_MAPE: 0.0639 | LR: 0.000050
EarlyStopping counter: 5 out of 100
Current Time: 09-23-20 | Epoch: 075 | Train_Loss: 1.9314 | Train_MAPE: 0.0464 | Train_RMSE: 3.3843 | Valid_Loss: 3.3596 | Valid_RMSE: 6.9800 | Valid_MAPE: 0.0633 | LR: 0.000050
EarlyStopping counter: 6 out of 100
Current Time: 09-23-20 | Epoch: 076 | Train_Loss: 1.9270 | Train_MAPE: 0.0463 | Train_RMSE: 3.3808 | Valid_Loss: 3.3413 | Valid_RMSE: 6.9294 | Valid_MAPE: 0.0630 | LR: 0.000050
EarlyStopping counter: 7 out of 100
Current Time: 09-23-20 | Epoch: 077 | Train_Loss: 1.9188 | Train_MAPE: 0.0460 | Train_RMSE: 3.3666 | Valid_Loss: 3.3900 | Valid_RMSE: 6.9741 | Valid_MAPE: 0.0644 | LR: 0.000050
EarlyStopping counter: 8 out of 100
Current Time: 09-23-20 | Epoch: 078 | Train_Loss: 1.9162 | Train_MAPE: 0.0461 | Train_RMSE: 3.3640 | Valid_Loss: 3.3641 | Valid_RMSE: 7.0057 | Valid_MAPE: 0.0639 | LR: 0.000050
EarlyStopping counter: 9 out of 100
Current Time: 09-23-20 | Epoch: 079 | Train_Loss: 1.9100 | Train_MAPE: 0.0459 | Train_RMSE: 3.3541 | Valid_Loss: 3.3511 | Valid_RMSE: 6.9763 | Valid_MAPE: 0.0625 | LR: 0.000050
EarlyStopping counter: 10 out of 100
Current Time: 09-23-20 | Epoch: 080 | Train_Loss: 1.9055 | Train_MAPE: 0.0457 | Train_RMSE: 3.3466 | Valid_Loss: 3.3690 | Valid_RMSE: 6.9608 | Valid_MAPE: 0.0632 | LR: 0.000050
EarlyStopping counter: 11 out of 100
Current Time: 09-23-20 | Epoch: 081 | Train_Loss: 1.8980 | Train_MAPE: 0.0455 | Train_RMSE: 3.3356 | Valid_Loss: 3.3749 | Valid_RMSE: 7.0018 | Valid_MAPE: 0.0635 | LR: 0.000050
EarlyStopping counter: 12 out of 100
Current Time: 09-23-20 | Epoch: 082 | Train_Loss: 1.8908 | Train_MAPE: 0.0452 | Train_RMSE: 3.3218 | Valid_Loss: 3.3571 | Valid_RMSE: 6.9807 | Valid_MAPE: 0.0635 | LR: 0.000050
EarlyStopping counter: 13 out of 100
Current Time: 09-23-21 | Epoch: 083 | Train_Loss: 1.8899 | Train_MAPE: 0.0453 | Train_RMSE: 3.3223 | Valid_Loss: 3.3582 | Valid_RMSE: 6.9458 | Valid_MAPE: 0.0641 | LR: 0.000050
EarlyStopping counter: 14 out of 100
Current Time: 09-23-21 | Epoch: 084 | Train_Loss: 1.8807 | Train_MAPE: 0.0451 | Train_RMSE: 3.3121 | Valid_Loss: 3.3705 | Valid_RMSE: 6.9412 | Valid_MAPE: 0.0640 | LR: 0.000050
EarlyStopping counter: 15 out of 100
Current Time: 09-23-21 | Epoch: 085 | Train_Loss: 1.8749 | Train_MAPE: 0.0449 | Train_RMSE: 3.2961 | Valid_Loss: 3.3401 | Valid_RMSE: 6.9063 | Valid_MAPE: 0.0632 | LR: 0.000050
EarlyStopping counter: 16 out of 100
Current Time: 09-23-21 | Epoch: 086 | Train_Loss: 1.8721 | Train_MAPE: 0.0449 | Train_RMSE: 3.2956 | Valid_Loss: 3.3808 | Valid_RMSE: 6.9870 | Valid_MAPE: 0.0640 | LR: 0.000050
EarlyStopping counter: 17 out of 100
Current Time: 09-23-21 | Epoch: 087 | Train_Loss: 1.8652 | Train_MAPE: 0.0447 | Train_RMSE: 3.2831 | Valid_Loss: 3.3542 | Valid_RMSE: 6.9641 | Valid_MAPE: 0.0628 | LR: 0.000050
EarlyStopping counter: 18 out of 100
Current Time: 09-23-21 | Epoch: 088 | Train_Loss: 1.8604 | Train_MAPE: 0.0445 | Train_RMSE: 3.2783 | Valid_Loss: 3.3902 | Valid_RMSE: 7.0737 | Valid_MAPE: 0.0638 | LR: 0.000050
EarlyStopping counter: 19 out of 100
Current Time: 09-23-21 | Epoch: 089 | Train_Loss: 1.8564 | Train_MAPE: 0.0444 | Train_RMSE: 3.2708 | Valid_Loss: 3.3663 | Valid_RMSE: 7.0216 | Valid_MAPE: 0.0630 | LR: 0.000050
EarlyStopping counter: 20 out of 100
Current Time: 09-23-22 | Epoch: 090 | Train_Loss: 1.8471 | Train_MAPE: 0.0443 | Train_RMSE: 3.2596 | Valid_Loss: 3.4035 | Valid_RMSE: 7.1156 | Valid_MAPE: 0.0636 | LR: 0.000050
EarlyStopping counter: 21 out of 100
Current Time: 09-23-22 | Epoch: 091 | Train_Loss: 1.8430 | Train_MAPE: 0.0441 | Train_RMSE: 3.2473 | Valid_Loss: 3.3525 | Valid_RMSE: 7.0089 | Valid_MAPE: 0.0625 | LR: 0.000050
EarlyStopping counter: 22 out of 100
Current Time: 09-23-22 | Epoch: 092 | Train_Loss: 1.8392 | Train_MAPE: 0.0440 | Train_RMSE: 3.2441 | Valid_Loss: 3.4172 | Valid_RMSE: 7.1059 | Valid_MAPE: 0.0636 | LR: 0.000050
EarlyStopping counter: 23 out of 100
Current Time: 09-23-22 | Epoch: 093 | Train_Loss: 1.8372 | Train_MAPE: 0.0440 | Train_RMSE: 3.2406 | Valid_Loss: 3.4109 | Valid_RMSE: 7.0720 | Valid_MAPE: 0.0634 | LR: 0.000050
EarlyStopping counter: 24 out of 100
Current Time: 09-23-22 | Epoch: 094 | Train_Loss: 1.8281 | Train_MAPE: 0.0437 | Train_RMSE: 3.2287 | Valid_Loss: 3.3520 | Valid_RMSE: 7.0230 | Valid_MAPE: 0.0621 | LR: 0.000050
EarlyStopping counter: 25 out of 100
Current Time: 09-23-22 | Epoch: 095 | Train_Loss: 1.8279 | Train_MAPE: 0.0437 | Train_RMSE: 3.2256 | Valid_Loss: 3.3746 | Valid_RMSE: 7.0446 | Valid_MAPE: 0.0629 | LR: 0.000050
EarlyStopping counter: 26 out of 100
Current Time: 09-23-22 | Epoch: 096 | Train_Loss: 1.8215 | Train_MAPE: 0.0436 | Train_RMSE: 3.2198 | Valid_Loss: 3.3505 | Valid_RMSE: 7.1018 | Valid_MAPE: 0.0622 | LR: 0.000050
EarlyStopping counter: 27 out of 100
Current Time: 09-23-22 | Epoch: 097 | Train_Loss: 1.8201 | Train_MAPE: 0.0436 | Train_RMSE: 3.2185 | Valid_Loss: 3.3666 | Valid_RMSE: 7.0937 | Valid_MAPE: 0.0622 | LR: 0.000050
EarlyStopping counter: 28 out of 100
Current Time: 09-23-23 | Epoch: 098 | Train_Loss: 1.8123 | Train_MAPE: 0.0434 | Train_RMSE: 3.2081 | Valid_Loss: 3.4075 | Valid_RMSE: 7.1452 | Valid_MAPE: 0.0630 | LR: 0.000050
EarlyStopping counter: 29 out of 100
Current Time: 09-23-23 | Epoch: 099 | Train_Loss: 1.8083 | Train_MAPE: 0.0432 | Train_RMSE: 3.1967 | Valid_Loss: 3.3776 | Valid_RMSE: 7.0636 | Valid_MAPE: 0.0630 | LR: 0.000050
EarlyStopping counter: 30 out of 100
predict shape:  (18, 32, 12, 207)
Test MAE: 4.24 | Test RMSE: 9.22 | Test MAPE: 6.59 |
Average Training Time: 7.6882 secs/epoch
Average Inference Time: 0.2715 secs/epoch
Spend Time: 799.9671325683594
