Load dataset: 2.58s...
float32
Load adjacent matrix: 0.01s...
Whole trainining iteration is 94
Current Time: 10-22-21 | Epoch: 001 | Train_Loss: 2.1020 | Train_MAPE: 239.8536 | Train_RMSE: 4.0615 | Valid_Loss: 1.4524 | Valid_RMSE: 2.8540 | Valid_MAPE: 0.0336 | LR: 0.002000
Current Time: 10-22-21 | Epoch: 002 | Train_Loss: 1.3033 | Train_MAPE: 220.5008 | Train_RMSE: 2.4615 | Valid_Loss: 1.4166 | Valid_RMSE: 2.6838 | Valid_MAPE: 0.0332 | LR: 0.001000
Current Time: 10-22-21 | Epoch: 003 | Train_Loss: 1.1610 | Train_MAPE: 205.0000 | Train_RMSE: 2.1707 | Valid_Loss: 1.2963 | Valid_RMSE: 2.5112 | Valid_MAPE: 0.0299 | LR: 0.001000
Current Time: 10-22-22 | Epoch: 004 | Train_Loss: 1.0655 | Train_MAPE: 168.1728 | Train_RMSE: 1.9799 | Valid_Loss: 1.1808 | Valid_RMSE: 2.3227 | Valid_MAPE: 0.0265 | LR: 0.001000
Current Time: 10-22-22 | Epoch: 005 | Train_Loss: 0.9894 | Train_MAPE: 151.2178 | Train_RMSE: 1.8261 | Valid_Loss: 1.1391 | Valid_RMSE: 2.2498 | Valid_MAPE: 0.0252 | LR: 0.001000
Current Time: 10-22-22 | Epoch: 006 | Train_Loss: 0.9512 | Train_MAPE: 140.8138 | Train_RMSE: 1.7542 | Valid_Loss: 1.0721 | Valid_RMSE: 2.1633 | Valid_MAPE: 0.0226 | LR: 0.001000
Current Time: 10-22-22 | Epoch: 007 | Train_Loss: 0.9135 | Train_MAPE: 131.1808 | Train_RMSE: 1.6843 | Valid_Loss: 1.0715 | Valid_RMSE: 2.1517 | Valid_MAPE: 0.0231 | LR: 0.001000
Current Time: 10-22-23 | Epoch: 008 | Train_Loss: 0.8926 | Train_MAPE: 133.6383 | Train_RMSE: 1.6394 | Valid_Loss: 1.0881 | Valid_RMSE: 2.1840 | Valid_MAPE: 0.0244 | LR: 0.001000
EarlyStopping counter: 1 out of 100
Current Time: 10-22-23 | Epoch: 009 | Train_Loss: 0.8607 | Train_MAPE: 123.8008 | Train_RMSE: 1.5896 | Valid_Loss: 1.0956 | Valid_RMSE: 2.1971 | Valid_MAPE: 0.0249 | LR: 0.001000
EarlyStopping counter: 2 out of 100
Current Time: 10-22-23 | Epoch: 010 | Train_Loss: 0.8438 | Train_MAPE: 126.9174 | Train_RMSE: 1.5560 | Valid_Loss: 1.0492 | Valid_RMSE: 2.1083 | Valid_MAPE: 0.0227 | LR: 0.001000
Current Time: 10-22-23 | Epoch: 011 | Train_Loss: 0.8419 | Train_MAPE: 129.2618 | Train_RMSE: 1.5590 | Valid_Loss: 1.0501 | Valid_RMSE: 2.0715 | Valid_MAPE: 0.0218 | LR: 0.001000
EarlyStopping counter: 1 out of 100
Current Time: 10-22-24 | Epoch: 012 | Train_Loss: 0.8135 | Train_MAPE: 129.7272 | Train_RMSE: 1.5027 | Valid_Loss: 1.0864 | Valid_RMSE: 2.1826 | Valid_MAPE: 0.0244 | LR: 0.001000
EarlyStopping counter: 2 out of 100
Current Time: 10-22-24 | Epoch: 013 | Train_Loss: 0.7973 | Train_MAPE: 127.4387 | Train_RMSE: 1.4720 | Valid_Loss: 1.0503 | Valid_RMSE: 2.1429 | Valid_MAPE: 0.0235 | LR: 0.001000
EarlyStopping counter: 3 out of 100
Current Time: 10-22-24 | Epoch: 014 | Train_Loss: 0.7810 | Train_MAPE: 127.2080 | Train_RMSE: 1.4437 | Valid_Loss: 1.1192 | Valid_RMSE: 2.1983 | Valid_MAPE: 0.0257 | LR: 0.001000
EarlyStopping counter: 4 out of 100
Current Time: 10-22-25 | Epoch: 015 | Train_Loss: 0.7744 | Train_MAPE: 20.4268 | Train_RMSE: 1.4275 | Valid_Loss: 1.0385 | Valid_RMSE: 2.0567 | Valid_MAPE: 0.0231 | LR: 0.001000
Current Time: 10-22-25 | Epoch: 016 | Train_Loss: 0.7718 | Train_MAPE: 125.9361 | Train_RMSE: 1.4235 | Valid_Loss: 1.0992 | Valid_RMSE: 2.1275 | Valid_MAPE: 0.0248 | LR: 0.001000
EarlyStopping counter: 1 out of 100
Current Time: 10-22-25 | Epoch: 017 | Train_Loss: 0.7588 | Train_MAPE: 118.1744 | Train_RMSE: 1.3940 | Valid_Loss: 1.0357 | Valid_RMSE: 2.0012 | Valid_MAPE: 0.0225 | LR: 0.001000
Current Time: 10-22-25 | Epoch: 018 | Train_Loss: 0.7468 | Train_MAPE: 123.1014 | Train_RMSE: 1.3813 | Valid_Loss: 1.0310 | Valid_RMSE: 2.0436 | Valid_MAPE: 0.0230 | LR: 0.001000
Current Time: 10-22-26 | Epoch: 019 | Train_Loss: 0.7360 | Train_MAPE: 118.2285 | Train_RMSE: 1.3601 | Valid_Loss: 1.0290 | Valid_RMSE: 1.9910 | Valid_MAPE: 0.0228 | LR: 0.001000
Current Time: 10-22-26 | Epoch: 020 | Train_Loss: 0.7183 | Train_MAPE: 119.6890 | Train_RMSE: 1.3331 | Valid_Loss: 1.0109 | Valid_RMSE: 1.9422 | Valid_MAPE: 0.0218 | LR: 0.001000
Current Time: 10-22-26 | Epoch: 021 | Train_Loss: 0.7204 | Train_MAPE: 123.6804 | Train_RMSE: 1.3307 | Valid_Loss: 0.9640 | Valid_RMSE: 1.8941 | Valid_MAPE: 0.0205 | LR: 0.001000
Current Time: 10-22-26 | Epoch: 022 | Train_Loss: 0.7215 | Train_MAPE: 7.8528 | Train_RMSE: 1.3320 | Valid_Loss: 1.0398 | Valid_RMSE: 2.0290 | Valid_MAPE: 0.0239 | LR: 0.001000
EarlyStopping counter: 1 out of 100
Current Time: 10-22-27 | Epoch: 023 | Train_Loss: 0.6925 | Train_MAPE: 118.3211 | Train_RMSE: 1.2939 | Valid_Loss: 0.9992 | Valid_RMSE: 1.9494 | Valid_MAPE: 0.0222 | LR: 0.001000
EarlyStopping counter: 2 out of 100
Current Time: 10-22-27 | Epoch: 024 | Train_Loss: 0.6969 | Train_MAPE: 123.4516 | Train_RMSE: 1.2958 | Valid_Loss: 1.0046 | Valid_RMSE: 1.9209 | Valid_MAPE: 0.0218 | LR: 0.001000
EarlyStopping counter: 3 out of 100
Current Time: 10-22-27 | Epoch: 025 | Train_Loss: 0.6881 | Train_MAPE: 122.7453 | Train_RMSE: 1.2827 | Valid_Loss: 0.9517 | Valid_RMSE: 1.8307 | Valid_MAPE: 0.0194 | LR: 0.001000
Current Time: 10-22-27 | Epoch: 026 | Train_Loss: 0.6810 | Train_MAPE: 117.1864 | Train_RMSE: 1.2711 | Valid_Loss: 0.9685 | Valid_RMSE: 1.8500 | Valid_MAPE: 0.0203 | LR: 0.001000
EarlyStopping counter: 1 out of 100
Current Time: 10-22-28 | Epoch: 027 | Train_Loss: 0.6775 | Train_MAPE: 115.4007 | Train_RMSE: 1.2629 | Valid_Loss: 0.9411 | Valid_RMSE: 1.8147 | Valid_MAPE: 0.0192 | LR: 0.001000
Current Time: 10-22-28 | Epoch: 028 | Train_Loss: 0.6805 | Train_MAPE: 116.8529 | Train_RMSE: 1.2681 | Valid_Loss: 0.9940 | Valid_RMSE: 1.8925 | Valid_MAPE: 0.0217 | LR: 0.001000
EarlyStopping counter: 1 out of 100
Current Time: 10-22-28 | Epoch: 029 | Train_Loss: 0.6533 | Train_MAPE: 122.7081 | Train_RMSE: 1.2306 | Valid_Loss: 0.9574 | Valid_RMSE: 1.8435 | Valid_MAPE: 0.0202 | LR: 0.001000
EarlyStopping counter: 2 out of 100
Current Time: 10-22-28 | Epoch: 030 | Train_Loss: 0.6496 | Train_MAPE: 117.9776 | Train_RMSE: 1.2280 | Valid_Loss: 1.0264 | Valid_RMSE: 1.9333 | Valid_MAPE: 0.0227 | LR: 0.001000
EarlyStopping counter: 3 out of 100
======== Start curriculum learning... reset the learning rate to 0.002. ========
Current Time: 10-22-29 | Epoch: 031 | Train_Loss: 0.7501 | Train_MAPE: 115.7665 | Train_RMSE: 1.3697 | Valid_Loss: 0.9239 | Valid_RMSE: 1.7970 | Valid_MAPE: 0.0185 | LR: 0.002000
Current Time: 10-22-29 | Epoch: 032 | Train_Loss: 0.6946 | Train_MAPE: 118.8433 | Train_RMSE: 1.2962 | Valid_Loss: 1.0930 | Valid_RMSE: 2.0192 | Valid_MAPE: 0.0253 | LR: 0.002000
EarlyStopping counter: 1 out of 100
Current Time: 10-22-29 | Epoch: 033 | Train_Loss: 0.6718 | Train_MAPE: 111.3639 | Train_RMSE: 1.2560 | Valid_Loss: 0.9755 | Valid_RMSE: 1.8637 | Valid_MAPE: 0.0208 | LR: 0.002000
EarlyStopping counter: 2 out of 100
Current Time: 10-22-30 | Epoch: 034 | Train_Loss: 0.6716 | Train_MAPE: 108.4072 | Train_RMSE: 1.2828 | Valid_Loss: 1.0222 | Valid_RMSE: 1.9583 | Valid_MAPE: 0.0232 | LR: 0.002000
EarlyStopping counter: 3 out of 100
Current Time: 10-22-30 | Epoch: 035 | Train_Loss: 0.6696 | Train_MAPE: 100.4240 | Train_RMSE: 1.2575 | Valid_Loss: 0.9588 | Valid_RMSE: 1.7980 | Valid_MAPE: 0.0199 | LR: 0.002000
EarlyStopping counter: 4 out of 100
Current Time: 10-22-30 | Epoch: 036 | Train_Loss: 0.6538 | Train_MAPE: 98.4906 | Train_RMSE: 1.2392 | Valid_Loss: 0.9848 | Valid_RMSE: 1.8015 | Valid_MAPE: 0.0197 | LR: 0.002000
EarlyStopping counter: 5 out of 100
Current Time: 10-22-30 | Epoch: 037 | Train_Loss: 0.6448 | Train_MAPE: 101.1829 | Train_RMSE: 1.2229 | Valid_Loss: 1.0292 | Valid_RMSE: 1.8817 | Valid_MAPE: 0.0224 | LR: 0.002000
EarlyStopping counter: 6 out of 100
Current Time: 10-22-31 | Epoch: 038 | Train_Loss: 0.6429 | Train_MAPE: 105.9580 | Train_RMSE: 1.2347 | Valid_Loss: 0.9266 | Valid_RMSE: 1.7837 | Valid_MAPE: 0.0195 | LR: 0.002000
EarlyStopping counter: 7 out of 100
Current Time: 10-22-31 | Epoch: 039 | Train_Loss: 0.5846 | Train_MAPE: 88.6449 | Train_RMSE: 1.1393 | Valid_Loss: 0.9433 | Valid_RMSE: 1.8122 | Valid_MAPE: 0.0204 | LR: 0.001000
EarlyStopping counter: 8 out of 100
Current Time: 10-22-31 | Epoch: 040 | Train_Loss: 0.5711 | Train_MAPE: 90.7503 | Train_RMSE: 1.1228 | Valid_Loss: 0.9314 | Valid_RMSE: 1.7946 | Valid_MAPE: 0.0198 | LR: 0.001000
EarlyStopping counter: 9 out of 100
Current Time: 10-22-31 | Epoch: 041 | Train_Loss: 0.5648 | Train_MAPE: 85.1345 | Train_RMSE: 1.1135 | Valid_Loss: 0.9297 | Valid_RMSE: 1.7883 | Valid_MAPE: 0.0197 | LR: 0.001000
EarlyStopping counter: 10 out of 100
Current Time: 10-22-32 | Epoch: 042 | Train_Loss: 0.5618 | Train_MAPE: 83.2686 | Train_RMSE: 1.1078 | Valid_Loss: 0.9216 | Valid_RMSE: 1.7694 | Valid_MAPE: 0.0194 | LR: 0.001000
Current Time: 10-22-32 | Epoch: 043 | Train_Loss: 0.5584 | Train_MAPE: 81.0476 | Train_RMSE: 1.1029 | Valid_Loss: 0.9248 | Valid_RMSE: 1.7796 | Valid_MAPE: 0.0197 | LR: 0.001000
EarlyStopping counter: 1 out of 100
Current Time: 10-22-32 | Epoch: 044 | Train_Loss: 0.5748 | Train_MAPE: 72.3101 | Train_RMSE: 1.1276 | Valid_Loss: 0.9176 | Valid_RMSE: 1.7471 | Valid_MAPE: 0.0189 | LR: 0.001000
Current Time: 10-22-32 | Epoch: 045 | Train_Loss: 0.5620 | Train_MAPE: 81.9059 | Train_RMSE: 1.1069 | Valid_Loss: 0.9452 | Valid_RMSE: 1.8173 | Valid_MAPE: 0.0209 | LR: 0.001000
EarlyStopping counter: 1 out of 100
Current Time: 10-22-33 | Epoch: 046 | Train_Loss: 0.5471 | Train_MAPE: 68.9279 | Train_RMSE: 1.0870 | Valid_Loss: 0.9133 | Valid_RMSE: 1.7502 | Valid_MAPE: 0.0192 | LR: 0.001000
Current Time: 10-22-33 | Epoch: 047 | Train_Loss: 0.5394 | Train_MAPE: 64.5799 | Train_RMSE: 1.0750 | Valid_Loss: 0.9118 | Valid_RMSE: 1.7569 | Valid_MAPE: 0.0192 | LR: 0.000500
Current Time: 10-22-33 | Epoch: 048 | Train_Loss: 0.5383 | Train_MAPE: 62.1671 | Train_RMSE: 1.0754 | Valid_Loss: 0.9190 | Valid_RMSE: 1.7700 | Valid_MAPE: 0.0194 | LR: 0.000500
EarlyStopping counter: 1 out of 100
Current Time: 10-22-33 | Epoch: 049 | Train_Loss: 0.5354 | Train_MAPE: 59.0694 | Train_RMSE: 1.0701 | Valid_Loss: 0.9078 | Valid_RMSE: 1.7503 | Valid_MAPE: 0.0191 | LR: 0.000500
Current Time: 10-22-34 | Epoch: 050 | Train_Loss: 0.5333 | Train_MAPE: 64.8620 | Train_RMSE: 1.0679 | Valid_Loss: 0.9059 | Valid_RMSE: 1.7514 | Valid_MAPE: 0.0189 | LR: 0.000500
Current Time: 10-22-34 | Epoch: 051 | Train_Loss: 0.5355 | Train_MAPE: 68.6023 | Train_RMSE: 1.0709 | Valid_Loss: 0.9031 | Valid_RMSE: 1.7442 | Valid_MAPE: 0.0189 | LR: 0.000500
Current Time: 10-22-34 | Epoch: 052 | Train_Loss: 0.5297 | Train_MAPE: 57.3261 | Train_RMSE: 1.0612 | Valid_Loss: 0.9125 | Valid_RMSE: 1.7590 | Valid_MAPE: 0.0193 | LR: 0.000500
EarlyStopping counter: 1 out of 100
Current Time: 10-22-35 | Epoch: 053 | Train_Loss: 0.5276 | Train_MAPE: 55.6320 | Train_RMSE: 1.0592 | Valid_Loss: 0.9115 | Valid_RMSE: 1.7525 | Valid_MAPE: 0.0192 | LR: 0.000500
EarlyStopping counter: 2 out of 100
Current Time: 10-22-35 | Epoch: 054 | Train_Loss: 0.5265 | Train_MAPE: 53.1309 | Train_RMSE: 1.0593 | Valid_Loss: 0.9215 | Valid_RMSE: 1.7712 | Valid_MAPE: 0.0197 | LR: 0.000500
EarlyStopping counter: 3 out of 100
Current Time: 10-22-35 | Epoch: 055 | Train_Loss: 0.5206 | Train_MAPE: 48.4513 | Train_RMSE: 1.0495 | Valid_Loss: 0.9145 | Valid_RMSE: 1.7633 | Valid_MAPE: 0.0195 | LR: 0.000250
EarlyStopping counter: 4 out of 100
Current Time: 10-22-35 | Epoch: 056 | Train_Loss: 0.5192 | Train_MAPE: 47.7864 | Train_RMSE: 1.0502 | Valid_Loss: 0.9106 | Valid_RMSE: 1.7525 | Valid_MAPE: 0.0193 | LR: 0.000250
EarlyStopping counter: 5 out of 100
Current Time: 10-22-36 | Epoch: 057 | Train_Loss: 0.5187 | Train_MAPE: 54.4456 | Train_RMSE: 1.0486 | Valid_Loss: 0.9067 | Valid_RMSE: 1.7483 | Valid_MAPE: 0.0191 | LR: 0.000250
EarlyStopping counter: 6 out of 100
Current Time: 10-22-36 | Epoch: 058 | Train_Loss: 0.5171 | Train_MAPE: 46.8688 | Train_RMSE: 1.0445 | Valid_Loss: 0.9042 | Valid_RMSE: 1.7460 | Valid_MAPE: 0.0190 | LR: 0.000250
EarlyStopping counter: 7 out of 100
Current Time: 10-22-36 | Epoch: 059 | Train_Loss: 0.5161 | Train_MAPE: 44.2587 | Train_RMSE: 1.0457 | Valid_Loss: 0.9180 | Valid_RMSE: 1.7668 | Valid_MAPE: 0.0196 | LR: 0.000250
EarlyStopping counter: 8 out of 100
Current Time: 10-22-36 | Epoch: 060 | Train_Loss: 0.5149 | Train_MAPE: 43.3195 | Train_RMSE: 1.0426 | Valid_Loss: 0.9036 | Valid_RMSE: 1.7408 | Valid_MAPE: 0.0190 | LR: 0.000250
EarlyStopping counter: 9 out of 100
Current Time: 10-22-37 | Epoch: 061 | Train_Loss: 0.5133 | Train_MAPE: 43.8172 | Train_RMSE: 1.0402 | Valid_Loss: 0.9140 | Valid_RMSE: 1.7582 | Valid_MAPE: 0.0194 | LR: 0.000250
EarlyStopping counter: 10 out of 100
Current Time: 10-22-37 | Epoch: 062 | Train_Loss: 0.5115 | Train_MAPE: 42.0744 | Train_RMSE: 1.0386 | Valid_Loss: 0.9112 | Valid_RMSE: 1.7559 | Valid_MAPE: 0.0194 | LR: 0.000250
EarlyStopping counter: 11 out of 100
Current Time: 10-22-37 | Epoch: 063 | Train_Loss: 0.5097 | Train_MAPE: 38.6403 | Train_RMSE: 1.0357 | Valid_Loss: 0.9076 | Valid_RMSE: 1.7517 | Valid_MAPE: 0.0192 | LR: 0.000125
EarlyStopping counter: 12 out of 100
Current Time: 10-22-37 | Epoch: 064 | Train_Loss: 0.5091 | Train_MAPE: 35.2165 | Train_RMSE: 1.0349 | Valid_Loss: 0.9069 | Valid_RMSE: 1.7481 | Valid_MAPE: 0.0192 | LR: 0.000125
EarlyStopping counter: 13 out of 100
Current Time: 10-22-38 | Epoch: 065 | Train_Loss: 0.5080 | Train_MAPE: 38.9726 | Train_RMSE: 1.0349 | Valid_Loss: 0.9056 | Valid_RMSE: 1.7481 | Valid_MAPE: 0.0192 | LR: 0.000125
EarlyStopping counter: 14 out of 100
Current Time: 10-22-38 | Epoch: 066 | Train_Loss: 0.5079 | Train_MAPE: 33.9476 | Train_RMSE: 1.0350 | Valid_Loss: 0.9043 | Valid_RMSE: 1.7446 | Valid_MAPE: 0.0191 | LR: 0.000125
EarlyStopping counter: 15 out of 100
Current Time: 10-22-38 | Epoch: 067 | Train_Loss: 0.5073 | Train_MAPE: 37.3186 | Train_RMSE: 1.0324 | Valid_Loss: 0.9082 | Valid_RMSE: 1.7516 | Valid_MAPE: 0.0193 | LR: 0.000125
EarlyStopping counter: 16 out of 100
Current Time: 10-22-39 | Epoch: 068 | Train_Loss: 0.5061 | Train_MAPE: 36.1395 | Train_RMSE: 1.0311 | Valid_Loss: 0.9037 | Valid_RMSE: 1.7417 | Valid_MAPE: 0.0191 | LR: 0.000125
EarlyStopping counter: 17 out of 100
Current Time: 10-22-39 | Epoch: 069 | Train_Loss: 0.5053 | Train_MAPE: 34.7437 | Train_RMSE: 1.0306 | Valid_Loss: 0.9042 | Valid_RMSE: 1.7409 | Valid_MAPE: 0.0191 | LR: 0.000125
EarlyStopping counter: 18 out of 100
Current Time: 10-22-39 | Epoch: 070 | Train_Loss: 0.5052 | Train_MAPE: 33.1960 | Train_RMSE: 1.0302 | Valid_Loss: 0.9029 | Valid_RMSE: 1.7410 | Valid_MAPE: 0.0191 | LR: 0.000125
Current Time: 10-22-39 | Epoch: 071 | Train_Loss: 0.5035 | Train_MAPE: 32.8548 | Train_RMSE: 1.0285 | Valid_Loss: 0.9026 | Valid_RMSE: 1.7431 | Valid_MAPE: 0.0190 | LR: 0.000063
Current Time: 10-22-40 | Epoch: 072 | Train_Loss: 0.5032 | Train_MAPE: 35.1181 | Train_RMSE: 1.0268 | Valid_Loss: 0.9067 | Valid_RMSE: 1.7474 | Valid_MAPE: 0.0192 | LR: 0.000063
EarlyStopping counter: 1 out of 100
Current Time: 10-22-40 | Epoch: 073 | Train_Loss: 0.5024 | Train_MAPE: 33.9802 | Train_RMSE: 1.0244 | Valid_Loss: 0.9059 | Valid_RMSE: 1.7466 | Valid_MAPE: 0.0192 | LR: 0.000063
EarlyStopping counter: 2 out of 100
Current Time: 10-22-40 | Epoch: 074 | Train_Loss: 0.5023 | Train_MAPE: 33.5147 | Train_RMSE: 1.0262 | Valid_Loss: 0.9075 | Valid_RMSE: 1.7488 | Valid_MAPE: 0.0193 | LR: 0.000063
EarlyStopping counter: 3 out of 100
Current Time: 10-22-40 | Epoch: 075 | Train_Loss: 0.5016 | Train_MAPE: 32.0542 | Train_RMSE: 1.0250 | Valid_Loss: 0.9020 | Valid_RMSE: 1.7389 | Valid_MAPE: 0.0191 | LR: 0.000063
Current Time: 10-22-41 | Epoch: 076 | Train_Loss: 0.5021 | Train_MAPE: 37.9608 | Train_RMSE: 1.0273 | Valid_Loss: 0.9055 | Valid_RMSE: 1.7446 | Valid_MAPE: 0.0192 | LR: 0.000063
EarlyStopping counter: 1 out of 100
Current Time: 10-22-41 | Epoch: 077 | Train_Loss: 0.5015 | Train_MAPE: 6.0040 | Train_RMSE: 1.0253 | Valid_Loss: 0.9081 | Valid_RMSE: 1.7476 | Valid_MAPE: 0.0193 | LR: 0.000063
EarlyStopping counter: 2 out of 100
Current Time: 10-22-41 | Epoch: 078 | Train_Loss: 0.5005 | Train_MAPE: 30.7077 | Train_RMSE: 1.0241 | Valid_Loss: 0.9025 | Valid_RMSE: 1.7416 | Valid_MAPE: 0.0191 | LR: 0.000063
EarlyStopping counter: 3 out of 100
Current Time: 10-22-42 | Epoch: 079 | Train_Loss: 0.5001 | Train_MAPE: 30.3926 | Train_RMSE: 1.0239 | Valid_Loss: 0.8985 | Valid_RMSE: 1.7337 | Valid_MAPE: 0.0189 | LR: 0.000063
predict shape:  (27, 32, 12, 325)
Test MAE: 0.88 | Test RMSE: 1.58 | Test MAPE: 1.84 |
Average Training Time: 15.3917 secs/epoch
Average Inference Time: 0.5802 secs/epoch
Spend Time: 1275.3076100349426
