Load dataset: 2.39s...
float32
Load adjacent matrix: 0.01s...
Whole trainining iteration is 94
Current Time: 10-14-45 | Epoch: 001 | Train_Loss: 2.5538 | Train_MAPE: 249.9155 | Train_RMSE: 4.8830 | Valid_Loss: 1.7930 | Valid_RMSE: 3.5239 | Valid_MAPE: 0.0439 | LR: 0.002000
Current Time: 10-14-45 | Epoch: 002 | Train_Loss: 1.4772 | Train_MAPE: 235.4188 | Train_RMSE: 2.8758 | Valid_Loss: 1.4729 | Valid_RMSE: 2.9791 | Valid_MAPE: 0.0339 | LR: 0.001000
Current Time: 10-14-46 | Epoch: 003 | Train_Loss: 1.2761 | Train_MAPE: 216.6830 | Train_RMSE: 2.4952 | Valid_Loss: 1.3754 | Valid_RMSE: 2.7963 | Valid_MAPE: 0.0315 | LR: 0.001000
Current Time: 10-14-46 | Epoch: 004 | Train_Loss: 1.1921 | Train_MAPE: 202.2624 | Train_RMSE: 2.3291 | Valid_Loss: 1.3371 | Valid_RMSE: 2.6922 | Valid_MAPE: 0.0307 | LR: 0.001000
Current Time: 10-14-46 | Epoch: 005 | Train_Loss: 1.1341 | Train_MAPE: 199.6781 | Train_RMSE: 2.2150 | Valid_Loss: 1.2950 | Valid_RMSE: 2.5862 | Valid_MAPE: 0.0290 | LR: 0.001000
Current Time: 10-14-46 | Epoch: 006 | Train_Loss: 1.0951 | Train_MAPE: 194.4043 | Train_RMSE: 2.1404 | Valid_Loss: 1.2354 | Valid_RMSE: 2.4757 | Valid_MAPE: 0.0268 | LR: 0.001000
Current Time: 10-14-47 | Epoch: 007 | Train_Loss: 1.0683 | Train_MAPE: 197.1794 | Train_RMSE: 2.0833 | Valid_Loss: 1.3240 | Valid_RMSE: 2.6024 | Valid_MAPE: 0.0306 | LR: 0.001000
EarlyStopping counter: 1 out of 100
Current Time: 10-14-47 | Epoch: 008 | Train_Loss: 1.0320 | Train_MAPE: 190.8995 | Train_RMSE: 2.0198 | Valid_Loss: 1.2500 | Valid_RMSE: 2.4808 | Valid_MAPE: 0.0285 | LR: 0.001000
EarlyStopping counter: 2 out of 100
Current Time: 10-14-47 | Epoch: 009 | Train_Loss: 1.0017 | Train_MAPE: 192.6132 | Train_RMSE: 1.9630 | Valid_Loss: 1.1419 | Valid_RMSE: 2.3330 | Valid_MAPE: 0.0240 | LR: 0.001000
Current Time: 10-14-47 | Epoch: 010 | Train_Loss: 0.9905 | Train_MAPE: 188.8908 | Train_RMSE: 1.9395 | Valid_Loss: 1.1744 | Valid_RMSE: 2.3513 | Valid_MAPE: 0.0257 | LR: 0.001000
EarlyStopping counter: 1 out of 100
Current Time: 10-14-48 | Epoch: 011 | Train_Loss: 0.9908 | Train_MAPE: 185.9308 | Train_RMSE: 1.9325 | Valid_Loss: 1.1454 | Valid_RMSE: 2.3201 | Valid_MAPE: 0.0249 | LR: 0.001000
EarlyStopping counter: 2 out of 100
Current Time: 10-14-48 | Epoch: 012 | Train_Loss: 0.9510 | Train_MAPE: 184.1583 | Train_RMSE: 1.8658 | Valid_Loss: 1.1398 | Valid_RMSE: 2.3103 | Valid_MAPE: 0.0248 | LR: 0.001000
Current Time: 10-14-48 | Epoch: 013 | Train_Loss: 0.9428 | Train_MAPE: 187.3163 | Train_RMSE: 1.8413 | Valid_Loss: 1.1419 | Valid_RMSE: 2.3075 | Valid_MAPE: 0.0253 | LR: 0.001000
EarlyStopping counter: 1 out of 100
Current Time: 10-14-48 | Epoch: 014 | Train_Loss: 0.9209 | Train_MAPE: 186.4911 | Train_RMSE: 1.8065 | Valid_Loss: 1.1642 | Valid_RMSE: 2.3048 | Valid_MAPE: 0.0257 | LR: 0.001000
EarlyStopping counter: 2 out of 100
Current Time: 10-14-49 | Epoch: 015 | Train_Loss: 0.9058 | Train_MAPE: 183.8876 | Train_RMSE: 1.7806 | Valid_Loss: 1.1209 | Valid_RMSE: 2.2519 | Valid_MAPE: 0.0244 | LR: 0.001000
Current Time: 10-14-49 | Epoch: 016 | Train_Loss: 0.9088 | Train_MAPE: 184.9644 | Train_RMSE: 1.7767 | Valid_Loss: 1.1511 | Valid_RMSE: 2.3140 | Valid_MAPE: 0.0265 | LR: 0.001000
EarlyStopping counter: 1 out of 100
Current Time: 10-14-49 | Epoch: 017 | Train_Loss: 0.8999 | Train_MAPE: 188.9682 | Train_RMSE: 1.7546 | Valid_Loss: 1.0950 | Valid_RMSE: 2.2081 | Valid_MAPE: 0.0238 | LR: 0.001000
Current Time: 10-14-49 | Epoch: 018 | Train_Loss: 0.8811 | Train_MAPE: 182.2697 | Train_RMSE: 1.7266 | Valid_Loss: 1.1091 | Valid_RMSE: 2.1968 | Valid_MAPE: 0.0242 | LR: 0.001000
EarlyStopping counter: 1 out of 100
Current Time: 10-14-50 | Epoch: 019 | Train_Loss: 0.8876 | Train_MAPE: 179.3885 | Train_RMSE: 1.7306 | Valid_Loss: 1.1277 | Valid_RMSE: 2.2422 | Valid_MAPE: 0.0251 | LR: 0.001000
EarlyStopping counter: 2 out of 100
Current Time: 10-14-50 | Epoch: 020 | Train_Loss: 0.8653 | Train_MAPE: 181.2252 | Train_RMSE: 1.6921 | Valid_Loss: 1.1155 | Valid_RMSE: 2.2216 | Valid_MAPE: 0.0253 | LR: 0.001000
EarlyStopping counter: 3 out of 100
Current Time: 10-14-50 | Epoch: 021 | Train_Loss: 0.8599 | Train_MAPE: 176.7500 | Train_RMSE: 1.6832 | Valid_Loss: 1.1714 | Valid_RMSE: 2.2994 | Valid_MAPE: 0.0273 | LR: 0.001000
EarlyStopping counter: 4 out of 100
Current Time: 10-14-51 | Epoch: 022 | Train_Loss: 0.8941 | Train_MAPE: 180.5515 | Train_RMSE: 1.7364 | Valid_Loss: 1.0562 | Valid_RMSE: 2.1251 | Valid_MAPE: 0.0227 | LR: 0.001000
Current Time: 10-14-51 | Epoch: 023 | Train_Loss: 0.8468 | Train_MAPE: 176.1985 | Train_RMSE: 1.6587 | Valid_Loss: 1.1030 | Valid_RMSE: 2.1775 | Valid_MAPE: 0.0249 | LR: 0.001000
EarlyStopping counter: 1 out of 100
Current Time: 10-14-51 | Epoch: 024 | Train_Loss: 0.8325 | Train_MAPE: 179.8835 | Train_RMSE: 1.6348 | Valid_Loss: 1.0989 | Valid_RMSE: 2.1468 | Valid_MAPE: 0.0243 | LR: 0.001000
EarlyStopping counter: 2 out of 100
Current Time: 10-14-51 | Epoch: 025 | Train_Loss: 0.8336 | Train_MAPE: 178.6888 | Train_RMSE: 1.6345 | Valid_Loss: 1.0280 | Valid_RMSE: 2.0707 | Valid_MAPE: 0.0217 | LR: 0.001000
Current Time: 10-14-52 | Epoch: 026 | Train_Loss: 0.8180 | Train_MAPE: 175.0524 | Train_RMSE: 1.6080 | Valid_Loss: 1.0512 | Valid_RMSE: 2.0972 | Valid_MAPE: 0.0231 | LR: 0.001000
EarlyStopping counter: 1 out of 100
Current Time: 10-14-52 | Epoch: 027 | Train_Loss: 0.8154 | Train_MAPE: 177.3274 | Train_RMSE: 1.6001 | Valid_Loss: 1.0289 | Valid_RMSE: 2.0512 | Valid_MAPE: 0.0218 | LR: 0.001000
EarlyStopping counter: 2 out of 100
Current Time: 10-14-52 | Epoch: 028 | Train_Loss: 0.8181 | Train_MAPE: 175.3411 | Train_RMSE: 1.6021 | Valid_Loss: 1.0548 | Valid_RMSE: 2.0940 | Valid_MAPE: 0.0233 | LR: 0.001000
EarlyStopping counter: 3 out of 100
Current Time: 10-14-52 | Epoch: 029 | Train_Loss: 0.8033 | Train_MAPE: 169.8308 | Train_RMSE: 1.5831 | Valid_Loss: 1.0656 | Valid_RMSE: 2.0988 | Valid_MAPE: 0.0238 | LR: 0.001000
EarlyStopping counter: 4 out of 100
Current Time: 10-14-53 | Epoch: 030 | Train_Loss: 0.8002 | Train_MAPE: 170.2201 | Train_RMSE: 1.5763 | Valid_Loss: 1.0576 | Valid_RMSE: 2.0825 | Valid_MAPE: 0.0234 | LR: 0.001000
EarlyStopping counter: 5 out of 100
======== Start curriculum learning... reset the learning rate to 0.002. ========
Current Time: 10-14-53 | Epoch: 031 | Train_Loss: 0.8991 | Train_MAPE: 168.9675 | Train_RMSE: 1.7221 | Valid_Loss: 1.1229 | Valid_RMSE: 2.1923 | Valid_MAPE: 0.0257 | LR: 0.002000
EarlyStopping counter: 6 out of 100
Current Time: 10-14-53 | Epoch: 032 | Train_Loss: 0.9015 | Train_MAPE: 175.4933 | Train_RMSE: 1.7299 | Valid_Loss: 1.1272 | Valid_RMSE: 2.1444 | Valid_MAPE: 0.0251 | LR: 0.002000
EarlyStopping counter: 7 out of 100
Current Time: 10-14-53 | Epoch: 033 | Train_Loss: 0.8149 | Train_MAPE: 165.6951 | Train_RMSE: 1.6018 | Valid_Loss: 1.0217 | Valid_RMSE: 1.9989 | Valid_MAPE: 0.0208 | LR: 0.002000
Current Time: 10-14-54 | Epoch: 034 | Train_Loss: 0.8062 | Train_MAPE: 165.9241 | Train_RMSE: 1.5748 | Valid_Loss: 1.0223 | Valid_RMSE: 2.0105 | Valid_MAPE: 0.0218 | LR: 0.002000
EarlyStopping counter: 1 out of 100
Current Time: 10-14-54 | Epoch: 035 | Train_Loss: 0.8118 | Train_MAPE: 164.9733 | Train_RMSE: 1.5828 | Valid_Loss: 1.0652 | Valid_RMSE: 2.0882 | Valid_MAPE: 0.0223 | LR: 0.002000
EarlyStopping counter: 2 out of 100
Current Time: 10-14-54 | Epoch: 036 | Train_Loss: 0.7867 | Train_MAPE: 166.7603 | Train_RMSE: 1.5564 | Valid_Loss: 1.0762 | Valid_RMSE: 2.0654 | Valid_MAPE: 0.0242 | LR: 0.002000
EarlyStopping counter: 3 out of 100
Current Time: 10-14-54 | Epoch: 037 | Train_Loss: 0.7778 | Train_MAPE: 164.5329 | Train_RMSE: 1.5401 | Valid_Loss: 1.0195 | Valid_RMSE: 2.0135 | Valid_MAPE: 0.0221 | LR: 0.002000
Current Time: 10-14-55 | Epoch: 038 | Train_Loss: 0.7718 | Train_MAPE: 165.2933 | Train_RMSE: 1.5168 | Valid_Loss: 1.0507 | Valid_RMSE: 2.0413 | Valid_MAPE: 0.0237 | LR: 0.002000
EarlyStopping counter: 1 out of 100
Current Time: 10-14-55 | Epoch: 039 | Train_Loss: 0.7350 | Train_MAPE: 162.7016 | Train_RMSE: 1.4682 | Valid_Loss: 1.0042 | Valid_RMSE: 1.9752 | Valid_MAPE: 0.0217 | LR: 0.001000
Current Time: 10-14-55 | Epoch: 040 | Train_Loss: 0.7289 | Train_MAPE: 161.1447 | Train_RMSE: 1.4601 | Valid_Loss: 1.0219 | Valid_RMSE: 1.9971 | Valid_MAPE: 0.0227 | LR: 0.001000
EarlyStopping counter: 1 out of 100
Current Time: 10-14-56 | Epoch: 041 | Train_Loss: 0.7216 | Train_MAPE: 161.6282 | Train_RMSE: 1.4456 | Valid_Loss: 1.0144 | Valid_RMSE: 1.9852 | Valid_MAPE: 0.0225 | LR: 0.001000
EarlyStopping counter: 2 out of 100
Current Time: 10-14-56 | Epoch: 042 | Train_Loss: 0.7230 | Train_MAPE: 160.9380 | Train_RMSE: 1.4486 | Valid_Loss: 1.0064 | Valid_RMSE: 1.9714 | Valid_MAPE: 0.0221 | LR: 0.001000
EarlyStopping counter: 3 out of 100
Current Time: 10-14-56 | Epoch: 043 | Train_Loss: 0.7166 | Train_MAPE: 158.1800 | Train_RMSE: 1.4381 | Valid_Loss: 0.9965 | Valid_RMSE: 1.9608 | Valid_MAPE: 0.0218 | LR: 0.001000
Current Time: 10-14-56 | Epoch: 044 | Train_Loss: 0.7130 | Train_MAPE: 159.9563 | Train_RMSE: 1.4332 | Valid_Loss: 0.9911 | Valid_RMSE: 1.9548 | Valid_MAPE: 0.0215 | LR: 0.001000
Current Time: 10-14-57 | Epoch: 045 | Train_Loss: 0.7175 | Train_MAPE: 157.1258 | Train_RMSE: 1.4384 | Valid_Loss: 1.0329 | Valid_RMSE: 2.0312 | Valid_MAPE: 0.0231 | LR: 0.001000
EarlyStopping counter: 1 out of 100
Current Time: 10-14-57 | Epoch: 046 | Train_Loss: 0.7125 | Train_MAPE: 158.7594 | Train_RMSE: 1.4286 | Valid_Loss: 1.0459 | Valid_RMSE: 2.0279 | Valid_MAPE: 0.0239 | LR: 0.001000
EarlyStopping counter: 2 out of 100
Current Time: 10-14-57 | Epoch: 047 | Train_Loss: 0.7021 | Train_MAPE: 158.1016 | Train_RMSE: 1.4132 | Valid_Loss: 0.9938 | Valid_RMSE: 1.9489 | Valid_MAPE: 0.0217 | LR: 0.000500
EarlyStopping counter: 3 out of 100
Current Time: 10-14-57 | Epoch: 048 | Train_Loss: 0.6977 | Train_MAPE: 157.2602 | Train_RMSE: 1.4068 | Valid_Loss: 0.9725 | Valid_RMSE: 1.9219 | Valid_MAPE: 0.0205 | LR: 0.000500
Current Time: 10-14-58 | Epoch: 049 | Train_Loss: 0.6957 | Train_MAPE: 159.0031 | Train_RMSE: 1.4037 | Valid_Loss: 0.9888 | Valid_RMSE: 1.9454 | Valid_MAPE: 0.0216 | LR: 0.000500
EarlyStopping counter: 1 out of 100
Current Time: 10-14-58 | Epoch: 050 | Train_Loss: 0.6942 | Train_MAPE: 158.3646 | Train_RMSE: 1.4008 | Valid_Loss: 0.9892 | Valid_RMSE: 1.9459 | Valid_MAPE: 0.0216 | LR: 0.000500
EarlyStopping counter: 2 out of 100
Current Time: 10-14-58 | Epoch: 051 | Train_Loss: 0.6925 | Train_MAPE: 159.6461 | Train_RMSE: 1.3981 | Valid_Loss: 0.9918 | Valid_RMSE: 1.9507 | Valid_MAPE: 0.0218 | LR: 0.000500
EarlyStopping counter: 3 out of 100
Current Time: 10-14-59 | Epoch: 052 | Train_Loss: 0.6915 | Train_MAPE: 156.4289 | Train_RMSE: 1.3964 | Valid_Loss: 0.9959 | Valid_RMSE: 1.9550 | Valid_MAPE: 0.0219 | LR: 0.000500
EarlyStopping counter: 4 out of 100
Current Time: 10-14-59 | Epoch: 053 | Train_Loss: 0.6918 | Train_MAPE: 156.9752 | Train_RMSE: 1.3946 | Valid_Loss: 0.9900 | Valid_RMSE: 1.9469 | Valid_MAPE: 0.0218 | LR: 0.000500
EarlyStopping counter: 5 out of 100
Current Time: 10-14-59 | Epoch: 054 | Train_Loss: 0.6875 | Train_MAPE: 156.4244 | Train_RMSE: 1.3917 | Valid_Loss: 0.9952 | Valid_RMSE: 1.9541 | Valid_MAPE: 0.0220 | LR: 0.000500
EarlyStopping counter: 6 out of 100
Current Time: 10-14-59 | Epoch: 055 | Train_Loss: 0.6839 | Train_MAPE: 158.0724 | Train_RMSE: 1.3833 | Valid_Loss: 0.9863 | Valid_RMSE: 1.9378 | Valid_MAPE: 0.0216 | LR: 0.000250
EarlyStopping counter: 7 out of 100
Current Time: 10-15-00 | Epoch: 056 | Train_Loss: 0.6831 | Train_MAPE: 157.0945 | Train_RMSE: 1.3837 | Valid_Loss: 0.9820 | Valid_RMSE: 1.9297 | Valid_MAPE: 0.0213 | LR: 0.000250
EarlyStopping counter: 8 out of 100
Current Time: 10-15-00 | Epoch: 057 | Train_Loss: 0.6824 | Train_MAPE: 155.3531 | Train_RMSE: 1.3810 | Valid_Loss: 0.9841 | Valid_RMSE: 1.9363 | Valid_MAPE: 0.0215 | LR: 0.000250
EarlyStopping counter: 9 out of 100
Current Time: 10-15-00 | Epoch: 058 | Train_Loss: 0.6808 | Train_MAPE: 158.1554 | Train_RMSE: 1.3780 | Valid_Loss: 0.9850 | Valid_RMSE: 1.9368 | Valid_MAPE: 0.0217 | LR: 0.000250
EarlyStopping counter: 10 out of 100
Current Time: 10-15-01 | Epoch: 059 | Train_Loss: 0.6803 | Train_MAPE: 155.5678 | Train_RMSE: 1.3785 | Valid_Loss: 0.9823 | Valid_RMSE: 1.9288 | Valid_MAPE: 0.0214 | LR: 0.000250
EarlyStopping counter: 11 out of 100
Current Time: 10-15-01 | Epoch: 060 | Train_Loss: 0.6791 | Train_MAPE: 156.9202 | Train_RMSE: 1.3773 | Valid_Loss: 0.9763 | Valid_RMSE: 1.9234 | Valid_MAPE: 0.0211 | LR: 0.000250
EarlyStopping counter: 12 out of 100
Current Time: 10-15-01 | Epoch: 061 | Train_Loss: 0.6784 | Train_MAPE: 154.3669 | Train_RMSE: 1.3757 | Valid_Loss: 0.9766 | Valid_RMSE: 1.9233 | Valid_MAPE: 0.0212 | LR: 0.000250
EarlyStopping counter: 13 out of 100
Current Time: 10-15-01 | Epoch: 062 | Train_Loss: 0.6767 | Train_MAPE: 155.7136 | Train_RMSE: 1.3714 | Valid_Loss: 0.9709 | Valid_RMSE: 1.9099 | Valid_MAPE: 0.0208 | LR: 0.000250
Current Time: 10-15-02 | Epoch: 063 | Train_Loss: 0.6753 | Train_MAPE: 153.6958 | Train_RMSE: 1.3690 | Valid_Loss: 0.9753 | Valid_RMSE: 1.9202 | Valid_MAPE: 0.0211 | LR: 0.000125
EarlyStopping counter: 1 out of 100
Current Time: 10-15-02 | Epoch: 064 | Train_Loss: 0.6745 | Train_MAPE: 154.7578 | Train_RMSE: 1.3697 | Valid_Loss: 0.9786 | Valid_RMSE: 1.9245 | Valid_MAPE: 0.0213 | LR: 0.000125
EarlyStopping counter: 2 out of 100
Current Time: 10-15-02 | Epoch: 065 | Train_Loss: 0.6741 | Train_MAPE: 154.6845 | Train_RMSE: 1.3688 | Valid_Loss: 0.9743 | Valid_RMSE: 1.9195 | Valid_MAPE: 0.0212 | LR: 0.000125
EarlyStopping counter: 3 out of 100
Current Time: 10-15-02 | Epoch: 066 | Train_Loss: 0.6742 | Train_MAPE: 153.8018 | Train_RMSE: 1.3685 | Valid_Loss: 0.9787 | Valid_RMSE: 1.9249 | Valid_MAPE: 0.0213 | LR: 0.000125
EarlyStopping counter: 4 out of 100
Current Time: 10-15-03 | Epoch: 067 | Train_Loss: 0.6736 | Train_MAPE: 155.0566 | Train_RMSE: 1.3671 | Valid_Loss: 0.9755 | Valid_RMSE: 1.9181 | Valid_MAPE: 0.0211 | LR: 0.000125
EarlyStopping counter: 5 out of 100
Current Time: 10-15-03 | Epoch: 068 | Train_Loss: 0.6731 | Train_MAPE: 156.6490 | Train_RMSE: 1.3673 | Valid_Loss: 0.9738 | Valid_RMSE: 1.9164 | Valid_MAPE: 0.0211 | LR: 0.000125
EarlyStopping counter: 6 out of 100
Current Time: 10-15-03 | Epoch: 069 | Train_Loss: 0.6722 | Train_MAPE: 154.7804 | Train_RMSE: 1.3645 | Valid_Loss: 0.9729 | Valid_RMSE: 1.9159 | Valid_MAPE: 0.0211 | LR: 0.000125
EarlyStopping counter: 7 out of 100
Current Time: 10-15-04 | Epoch: 070 | Train_Loss: 0.6720 | Train_MAPE: 155.4236 | Train_RMSE: 1.3652 | Valid_Loss: 0.9768 | Valid_RMSE: 1.9253 | Valid_MAPE: 0.0213 | LR: 0.000125
EarlyStopping counter: 8 out of 100
Current Time: 10-15-04 | Epoch: 071 | Train_Loss: 0.6702 | Train_MAPE: 154.6288 | Train_RMSE: 1.3605 | Valid_Loss: 0.9753 | Valid_RMSE: 1.9181 | Valid_MAPE: 0.0212 | LR: 0.000063
EarlyStopping counter: 9 out of 100
Current Time: 10-15-04 | Epoch: 072 | Train_Loss: 0.6703 | Train_MAPE: 152.7207 | Train_RMSE: 1.3626 | Valid_Loss: 0.9704 | Valid_RMSE: 1.9113 | Valid_MAPE: 0.0210 | LR: 0.000063
Current Time: 10-15-05 | Epoch: 073 | Train_Loss: 0.6706 | Train_MAPE: 153.5403 | Train_RMSE: 1.3627 | Valid_Loss: 0.9712 | Valid_RMSE: 1.9102 | Valid_MAPE: 0.0210 | LR: 0.000063
EarlyStopping counter: 1 out of 100
Current Time: 10-15-05 | Epoch: 074 | Train_Loss: 0.6699 | Train_MAPE: 152.6170 | Train_RMSE: 1.3602 | Valid_Loss: 0.9764 | Valid_RMSE: 1.9212 | Valid_MAPE: 0.0213 | LR: 0.000063
EarlyStopping counter: 2 out of 100
Current Time: 10-15-05 | Epoch: 075 | Train_Loss: 0.6696 | Train_MAPE: 153.9894 | Train_RMSE: 1.3632 | Valid_Loss: 0.9737 | Valid_RMSE: 1.9158 | Valid_MAPE: 0.0211 | LR: 0.000063
EarlyStopping counter: 3 out of 100
Current Time: 10-15-05 | Epoch: 076 | Train_Loss: 0.6692 | Train_MAPE: 153.9342 | Train_RMSE: 1.3602 | Valid_Loss: 0.9749 | Valid_RMSE: 1.9163 | Valid_MAPE: 0.0212 | LR: 0.000063
EarlyStopping counter: 4 out of 100
Current Time: 10-15-06 | Epoch: 077 | Train_Loss: 0.6684 | Train_MAPE: 153.6968 | Train_RMSE: 1.3597 | Valid_Loss: 0.9716 | Valid_RMSE: 1.9091 | Valid_MAPE: 0.0211 | LR: 0.000063
EarlyStopping counter: 5 out of 100
Current Time: 10-15-06 | Epoch: 078 | Train_Loss: 0.6690 | Train_MAPE: 153.9121 | Train_RMSE: 1.3599 | Valid_Loss: 0.9720 | Valid_RMSE: 1.9137 | Valid_MAPE: 0.0211 | LR: 0.000063
EarlyStopping counter: 6 out of 100
Current Time: 10-15-06 | Epoch: 079 | Train_Loss: 0.6678 | Train_MAPE: 152.0182 | Train_RMSE: 1.3582 | Valid_Loss: 0.9725 | Valid_RMSE: 1.9125 | Valid_MAPE: 0.0211 | LR: 0.000063
EarlyStopping counter: 7 out of 100
predict shape:  (27, 32, 12, 325)
Test MAE: 0.96 | Test RMSE: 1.83 | Test MAPE: 2.05 |
Average Training Time: 15.5454 secs/epoch
Average Inference Time: 0.5804 secs/epoch
Spend Time: 1286.1824202537537
