Load dataset: 4.51s...
float32
Load adjacent matrix: 0.01s...
Whole trainining iteration is 191
Current Time: 10-08-48 | Epoch: 001 | Train_Loss: 3.1314 | Train_MAPE: 0.0949 | Train_RMSE: 4.9835 | Valid_Loss: 2.7709 | Valid_RMSE: 4.2041 | Valid_MAPE: 0.0719 | LR: 0.002000
Current Time: 10-08-48 | Epoch: 002 | Train_Loss: 2.2177 | Train_MAPE: 0.0561 | Train_RMSE: 3.4563 | Valid_Loss: 2.7332 | Valid_RMSE: 4.0934 | Valid_MAPE: 0.0679 | LR: 0.001000
Current Time: 10-08-49 | Epoch: 003 | Train_Loss: 2.0438 | Train_MAPE: 0.0513 | Train_RMSE: 3.2195 | Valid_Loss: 2.7863 | Valid_RMSE: 4.1571 | Valid_MAPE: 0.0713 | LR: 0.001000
EarlyStopping counter: 1 out of 100
Current Time: 10-08-49 | Epoch: 004 | Train_Loss: 1.9025 | Train_MAPE: 0.0475 | Train_RMSE: 3.0505 | Valid_Loss: 2.7661 | Valid_RMSE: 4.1095 | Valid_MAPE: 0.0672 | LR: 0.001000
EarlyStopping counter: 2 out of 100
Current Time: 10-08-50 | Epoch: 005 | Train_Loss: 1.8017 | Train_MAPE: 0.0452 | Train_RMSE: 2.9361 | Valid_Loss: 2.6838 | Valid_RMSE: 4.0163 | Valid_MAPE: 0.0626 | LR: 0.001000
Current Time: 10-08-50 | Epoch: 006 | Train_Loss: 1.7101 | Train_MAPE: 0.0432 | Train_RMSE: 2.8369 | Valid_Loss: 2.6562 | Valid_RMSE: 4.0197 | Valid_MAPE: 0.0631 | LR: 0.001000
Current Time: 10-08-51 | Epoch: 007 | Train_Loss: 1.6520 | Train_MAPE: 0.0420 | Train_RMSE: 2.7718 | Valid_Loss: 2.6912 | Valid_RMSE: 4.0701 | Valid_MAPE: 0.0643 | LR: 0.001000
EarlyStopping counter: 1 out of 100
Current Time: 10-08-51 | Epoch: 008 | Train_Loss: 1.5900 | Train_MAPE: 0.0403 | Train_RMSE: 2.7019 | Valid_Loss: 2.6359 | Valid_RMSE: 4.0009 | Valid_MAPE: 0.0631 | LR: 0.001000
Current Time: 10-08-52 | Epoch: 009 | Train_Loss: 1.5645 | Train_MAPE: 0.0401 | Train_RMSE: 2.6680 | Valid_Loss: 2.6932 | Valid_RMSE: 4.0343 | Valid_MAPE: 0.0657 | LR: 0.001000
EarlyStopping counter: 1 out of 100
Current Time: 10-08-52 | Epoch: 010 | Train_Loss: 1.5101 | Train_MAPE: 0.0385 | Train_RMSE: 2.6072 | Valid_Loss: 2.6284 | Valid_RMSE: 3.9547 | Valid_MAPE: 0.0614 | LR: 0.001000
Current Time: 10-08-53 | Epoch: 011 | Train_Loss: 1.4664 | Train_MAPE: 0.0373 | Train_RMSE: 2.5577 | Valid_Loss: 2.6518 | Valid_RMSE: 3.9898 | Valid_MAPE: 0.0654 | LR: 0.001000
EarlyStopping counter: 1 out of 100
Current Time: 10-08-53 | Epoch: 012 | Train_Loss: 1.4409 | Train_MAPE: 0.0367 | Train_RMSE: 2.5236 | Valid_Loss: 2.6281 | Valid_RMSE: 3.9755 | Valid_MAPE: 0.0651 | LR: 0.001000
Current Time: 10-08-54 | Epoch: 013 | Train_Loss: 1.4199 | Train_MAPE: 0.0366 | Train_RMSE: 2.5026 | Valid_Loss: 2.6066 | Valid_RMSE: 3.9664 | Valid_MAPE: 0.0646 | LR: 0.001000
Current Time: 10-08-55 | Epoch: 014 | Train_Loss: 1.3855 | Train_MAPE: 0.0354 | Train_RMSE: 2.4608 | Valid_Loss: 2.6401 | Valid_RMSE: 3.9635 | Valid_MAPE: 0.0647 | LR: 0.001000
EarlyStopping counter: 1 out of 100
Current Time: 10-08-55 | Epoch: 015 | Train_Loss: 1.3616 | Train_MAPE: 0.0348 | Train_RMSE: 2.4306 | Valid_Loss: 2.5894 | Valid_RMSE: 3.9219 | Valid_MAPE: 0.0637 | LR: 0.001000
Current Time: 10-08-56 | Epoch: 016 | Train_Loss: 1.3386 | Train_MAPE: 0.0344 | Train_RMSE: 2.4048 | Valid_Loss: 2.6599 | Valid_RMSE: 3.9602 | Valid_MAPE: 0.0661 | LR: 0.001000
EarlyStopping counter: 1 out of 100
Current Time: 10-08-56 | Epoch: 017 | Train_Loss: 1.3354 | Train_MAPE: 0.0342 | Train_RMSE: 2.3933 | Valid_Loss: 2.5588 | Valid_RMSE: 3.8946 | Valid_MAPE: 0.0642 | LR: 0.001000
Current Time: 10-08-57 | Epoch: 018 | Train_Loss: 1.3075 | Train_MAPE: 0.0335 | Train_RMSE: 2.3648 | Valid_Loss: 2.6030 | Valid_RMSE: 3.9493 | Valid_MAPE: 0.0659 | LR: 0.001000
EarlyStopping counter: 1 out of 100
Current Time: 10-08-57 | Epoch: 019 | Train_Loss: 1.2956 | Train_MAPE: 0.0331 | Train_RMSE: 2.3456 | Valid_Loss: 2.5154 | Valid_RMSE: 3.8573 | Valid_MAPE: 0.0620 | LR: 0.001000
Current Time: 10-08-58 | Epoch: 020 | Train_Loss: 1.2707 | Train_MAPE: 0.0324 | Train_RMSE: 2.3192 | Valid_Loss: 2.5701 | Valid_RMSE: 3.8862 | Valid_MAPE: 0.0651 | LR: 0.001000
EarlyStopping counter: 1 out of 100
Current Time: 10-08-58 | Epoch: 021 | Train_Loss: 1.2639 | Train_MAPE: 0.0325 | Train_RMSE: 2.3093 | Valid_Loss: 2.5096 | Valid_RMSE: 3.8073 | Valid_MAPE: 0.0601 | LR: 0.001000
Current Time: 10-08-59 | Epoch: 022 | Train_Loss: 1.2454 | Train_MAPE: 0.0317 | Train_RMSE: 2.2850 | Valid_Loss: 2.5623 | Valid_RMSE: 3.8384 | Valid_MAPE: 0.0626 | LR: 0.001000
EarlyStopping counter: 1 out of 100
Current Time: 10-08-59 | Epoch: 023 | Train_Loss: 1.2292 | Train_MAPE: 0.0313 | Train_RMSE: 2.2682 | Valid_Loss: 2.4882 | Valid_RMSE: 3.7679 | Valid_MAPE: 0.0590 | LR: 0.001000
Current Time: 10-09-00 | Epoch: 024 | Train_Loss: 1.2250 | Train_MAPE: 0.0315 | Train_RMSE: 2.2598 | Valid_Loss: 2.4820 | Valid_RMSE: 3.7619 | Valid_MAPE: 0.0607 | LR: 0.001000
Current Time: 10-09-00 | Epoch: 025 | Train_Loss: 1.2114 | Train_MAPE: 0.0310 | Train_RMSE: 2.2437 | Valid_Loss: 2.5960 | Valid_RMSE: 3.9199 | Valid_MAPE: 0.0673 | LR: 0.001000
EarlyStopping counter: 1 out of 100
Current Time: 10-09-01 | Epoch: 026 | Train_Loss: 1.2002 | Train_MAPE: 0.0308 | Train_RMSE: 2.2303 | Valid_Loss: 2.4932 | Valid_RMSE: 3.8026 | Valid_MAPE: 0.0613 | LR: 0.001000
EarlyStopping counter: 2 out of 100
Current Time: 10-09-01 | Epoch: 027 | Train_Loss: 1.1915 | Train_MAPE: 0.0303 | Train_RMSE: 2.2160 | Valid_Loss: 2.4600 | Valid_RMSE: 3.7653 | Valid_MAPE: 0.0610 | LR: 0.001000
Current Time: 10-09-02 | Epoch: 028 | Train_Loss: 1.1808 | Train_MAPE: 0.0303 | Train_RMSE: 2.2050 | Valid_Loss: 2.4637 | Valid_RMSE: 3.7655 | Valid_MAPE: 0.0608 | LR: 0.001000
EarlyStopping counter: 1 out of 100
Current Time: 10-09-02 | Epoch: 029 | Train_Loss: 1.1659 | Train_MAPE: 0.0297 | Train_RMSE: 2.1857 | Valid_Loss: 2.4674 | Valid_RMSE: 3.7605 | Valid_MAPE: 0.0616 | LR: 0.001000
EarlyStopping counter: 2 out of 100
Current Time: 10-09-03 | Epoch: 030 | Train_Loss: 1.1633 | Train_MAPE: 0.0297 | Train_RMSE: 2.1793 | Valid_Loss: 2.4034 | Valid_RMSE: 3.6839 | Valid_MAPE: 0.0575 | LR: 0.001000
======== Start curriculum learning... reset the learning rate to 0.002. ========
Current Time: 10-09-03 | Epoch: 031 | Train_Loss: 1.2620 | Train_MAPE: 0.0337 | Train_RMSE: 2.2802 | Valid_Loss: 2.4710 | Valid_RMSE: 3.7742 | Valid_MAPE: 0.0619 | LR: 0.002000
EarlyStopping counter: 1 out of 100
Current Time: 10-09-04 | Epoch: 032 | Train_Loss: 1.2311 | Train_MAPE: 0.0327 | Train_RMSE: 2.2485 | Valid_Loss: 2.4320 | Valid_RMSE: 3.7260 | Valid_MAPE: 0.0602 | LR: 0.002000
EarlyStopping counter: 2 out of 100
Current Time: 10-09-04 | Epoch: 033 | Train_Loss: 1.1926 | Train_MAPE: 0.0310 | Train_RMSE: 2.1984 | Valid_Loss: 2.4360 | Valid_RMSE: 3.7225 | Valid_MAPE: 0.0598 | LR: 0.002000
EarlyStopping counter: 3 out of 100
Current Time: 10-09-05 | Epoch: 034 | Train_Loss: 1.1808 | Train_MAPE: 0.0308 | Train_RMSE: 2.1904 | Valid_Loss: 2.4524 | Valid_RMSE: 3.7717 | Valid_MAPE: 0.0582 | LR: 0.002000
EarlyStopping counter: 4 out of 100
Current Time: 10-09-05 | Epoch: 035 | Train_Loss: 1.1780 | Train_MAPE: 0.0309 | Train_RMSE: 2.1890 | Valid_Loss: 2.5011 | Valid_RMSE: 3.7713 | Valid_MAPE: 0.0628 | LR: 0.002000
EarlyStopping counter: 5 out of 100
Current Time: 10-09-06 | Epoch: 036 | Train_Loss: 1.1732 | Train_MAPE: 0.0309 | Train_RMSE: 2.1787 | Valid_Loss: 2.4694 | Valid_RMSE: 3.6902 | Valid_MAPE: 0.0580 | LR: 0.002000
EarlyStopping counter: 6 out of 100
Current Time: 10-09-06 | Epoch: 037 | Train_Loss: 1.1503 | Train_MAPE: 0.0299 | Train_RMSE: 2.1524 | Valid_Loss: 2.4492 | Valid_RMSE: 3.7088 | Valid_MAPE: 0.0576 | LR: 0.002000
EarlyStopping counter: 7 out of 100
Current Time: 10-09-07 | Epoch: 038 | Train_Loss: 1.1382 | Train_MAPE: 0.0296 | Train_RMSE: 2.1375 | Valid_Loss: 2.3942 | Valid_RMSE: 3.6683 | Valid_MAPE: 0.0576 | LR: 0.002000
Current Time: 10-09-07 | Epoch: 039 | Train_Loss: 1.0618 | Train_MAPE: 0.0270 | Train_RMSE: 2.0662 | Valid_Loss: 2.3569 | Valid_RMSE: 3.6305 | Valid_MAPE: 0.0569 | LR: 0.001000
Current Time: 10-09-08 | Epoch: 040 | Train_Loss: 1.0556 | Train_MAPE: 0.0267 | Train_RMSE: 2.0542 | Valid_Loss: 2.3436 | Valid_RMSE: 3.5914 | Valid_MAPE: 0.0556 | LR: 0.001000
Current Time: 10-09-08 | Epoch: 041 | Train_Loss: 1.0541 | Train_MAPE: 0.0269 | Train_RMSE: 2.0521 | Valid_Loss: 2.4023 | Valid_RMSE: 3.6335 | Valid_MAPE: 0.0581 | LR: 0.001000
EarlyStopping counter: 1 out of 100
Current Time: 10-09-09 | Epoch: 042 | Train_Loss: 1.0493 | Train_MAPE: 0.0267 | Train_RMSE: 2.0430 | Valid_Loss: 2.4299 | Valid_RMSE: 3.6973 | Valid_MAPE: 0.0604 | LR: 0.001000
EarlyStopping counter: 2 out of 100
Current Time: 10-09-09 | Epoch: 043 | Train_Loss: 1.0485 | Train_MAPE: 0.0267 | Train_RMSE: 2.0427 | Valid_Loss: 2.3543 | Valid_RMSE: 3.5914 | Valid_MAPE: 0.0560 | LR: 0.001000
EarlyStopping counter: 3 out of 100
Current Time: 10-09-10 | Epoch: 044 | Train_Loss: 1.0392 | Train_MAPE: 0.0265 | Train_RMSE: 2.0307 | Valid_Loss: 2.4031 | Valid_RMSE: 3.6595 | Valid_MAPE: 0.0593 | LR: 0.001000
EarlyStopping counter: 4 out of 100
Current Time: 10-09-10 | Epoch: 045 | Train_Loss: 1.0320 | Train_MAPE: 0.0262 | Train_RMSE: 2.0232 | Valid_Loss: 2.4733 | Valid_RMSE: 3.7246 | Valid_MAPE: 0.0628 | LR: 0.001000
EarlyStopping counter: 5 out of 100
Current Time: 10-09-11 | Epoch: 046 | Train_Loss: 1.0322 | Train_MAPE: 0.0264 | Train_RMSE: 2.0243 | Valid_Loss: 2.4501 | Valid_RMSE: 3.6934 | Valid_MAPE: 0.0587 | LR: 0.001000
EarlyStopping counter: 6 out of 100
Current Time: 10-09-11 | Epoch: 047 | Train_Loss: 0.9987 | Train_MAPE: 0.0252 | Train_RMSE: 1.9904 | Valid_Loss: 2.3374 | Valid_RMSE: 3.5902 | Valid_MAPE: 0.0572 | LR: 0.000500
Current Time: 10-09-12 | Epoch: 048 | Train_Loss: 0.9954 | Train_MAPE: 0.0251 | Train_RMSE: 1.9870 | Valid_Loss: 2.3289 | Valid_RMSE: 3.5808 | Valid_MAPE: 0.0565 | LR: 0.000500
Current Time: 10-09-13 | Epoch: 049 | Train_Loss: 0.9913 | Train_MAPE: 0.0250 | Train_RMSE: 1.9826 | Valid_Loss: 2.3232 | Valid_RMSE: 3.5638 | Valid_MAPE: 0.0559 | LR: 0.000500
Current Time: 10-09-13 | Epoch: 050 | Train_Loss: 0.9872 | Train_MAPE: 0.0249 | Train_RMSE: 1.9777 | Valid_Loss: 2.3367 | Valid_RMSE: 3.5858 | Valid_MAPE: 0.0569 | LR: 0.000500
EarlyStopping counter: 1 out of 100
Current Time: 10-09-14 | Epoch: 051 | Train_Loss: 0.9876 | Train_MAPE: 0.0248 | Train_RMSE: 1.9764 | Valid_Loss: 2.3351 | Valid_RMSE: 3.5830 | Valid_MAPE: 0.0562 | LR: 0.000500
EarlyStopping counter: 2 out of 100
Current Time: 10-09-14 | Epoch: 052 | Train_Loss: 0.9853 | Train_MAPE: 0.0249 | Train_RMSE: 1.9737 | Valid_Loss: 2.3354 | Valid_RMSE: 3.5656 | Valid_MAPE: 0.0560 | LR: 0.000500
EarlyStopping counter: 3 out of 100
Current Time: 10-09-15 | Epoch: 053 | Train_Loss: 0.9828 | Train_MAPE: 0.0247 | Train_RMSE: 1.9704 | Valid_Loss: 2.3273 | Valid_RMSE: 3.5815 | Valid_MAPE: 0.0568 | LR: 0.000500
EarlyStopping counter: 4 out of 100
Current Time: 10-09-15 | Epoch: 054 | Train_Loss: 0.9749 | Train_MAPE: 0.0245 | Train_RMSE: 1.9621 | Valid_Loss: 2.3570 | Valid_RMSE: 3.6123 | Valid_MAPE: 0.0591 | LR: 0.000500
EarlyStopping counter: 5 out of 100
Current Time: 10-09-16 | Epoch: 055 | Train_Loss: 0.9674 | Train_MAPE: 0.0243 | Train_RMSE: 1.9556 | Valid_Loss: 2.3294 | Valid_RMSE: 3.5689 | Valid_MAPE: 0.0564 | LR: 0.000250
EarlyStopping counter: 6 out of 100
Current Time: 10-09-16 | Epoch: 056 | Train_Loss: 0.9641 | Train_MAPE: 0.0242 | Train_RMSE: 1.9522 | Valid_Loss: 2.3249 | Valid_RMSE: 3.5767 | Valid_MAPE: 0.0564 | LR: 0.000250
EarlyStopping counter: 7 out of 100
Current Time: 10-09-17 | Epoch: 057 | Train_Loss: 0.9628 | Train_MAPE: 0.0242 | Train_RMSE: 1.9516 | Valid_Loss: 2.3263 | Valid_RMSE: 3.5767 | Valid_MAPE: 0.0565 | LR: 0.000250
EarlyStopping counter: 8 out of 100
Current Time: 10-09-17 | Epoch: 058 | Train_Loss: 0.9610 | Train_MAPE: 0.0242 | Train_RMSE: 1.9486 | Valid_Loss: 2.3250 | Valid_RMSE: 3.5806 | Valid_MAPE: 0.0568 | LR: 0.000250
EarlyStopping counter: 9 out of 100
Current Time: 10-09-18 | Epoch: 059 | Train_Loss: 0.9596 | Train_MAPE: 0.0241 | Train_RMSE: 1.9474 | Valid_Loss: 2.3255 | Valid_RMSE: 3.5732 | Valid_MAPE: 0.0571 | LR: 0.000250
EarlyStopping counter: 10 out of 100
Current Time: 10-09-18 | Epoch: 060 | Train_Loss: 0.9582 | Train_MAPE: 0.0241 | Train_RMSE: 1.9452 | Valid_Loss: 2.3152 | Valid_RMSE: 3.5734 | Valid_MAPE: 0.0563 | LR: 0.000250
Current Time: 10-09-19 | Epoch: 061 | Train_Loss: 0.9569 | Train_MAPE: 0.0240 | Train_RMSE: 1.9438 | Valid_Loss: 2.3079 | Valid_RMSE: 3.5613 | Valid_MAPE: 0.0557 | LR: 0.000250
Current Time: 10-09-19 | Epoch: 062 | Train_Loss: 0.9554 | Train_MAPE: 0.0240 | Train_RMSE: 1.9426 | Valid_Loss: 2.3090 | Valid_RMSE: 3.5646 | Valid_MAPE: 0.0560 | LR: 0.000250
EarlyStopping counter: 1 out of 100
Current Time: 10-09-20 | Epoch: 063 | Train_Loss: 0.9498 | Train_MAPE: 0.0238 | Train_RMSE: 1.9377 | Valid_Loss: 2.3123 | Valid_RMSE: 3.5623 | Valid_MAPE: 0.0558 | LR: 0.000125
EarlyStopping counter: 2 out of 100
Current Time: 10-09-20 | Epoch: 064 | Train_Loss: 0.9486 | Train_MAPE: 0.0238 | Train_RMSE: 1.9363 | Valid_Loss: 2.3126 | Valid_RMSE: 3.5602 | Valid_MAPE: 0.0562 | LR: 0.000125
EarlyStopping counter: 3 out of 100
Current Time: 10-09-21 | Epoch: 065 | Train_Loss: 0.9477 | Train_MAPE: 0.0238 | Train_RMSE: 1.9342 | Valid_Loss: 2.3246 | Valid_RMSE: 3.5729 | Valid_MAPE: 0.0566 | LR: 0.000125
EarlyStopping counter: 4 out of 100
Current Time: 10-09-21 | Epoch: 066 | Train_Loss: 0.9465 | Train_MAPE: 0.0237 | Train_RMSE: 1.9343 | Valid_Loss: 2.3104 | Valid_RMSE: 3.5555 | Valid_MAPE: 0.0559 | LR: 0.000125
EarlyStopping counter: 5 out of 100
Current Time: 10-09-22 | Epoch: 067 | Train_Loss: 0.9454 | Train_MAPE: 0.0237 | Train_RMSE: 1.9324 | Valid_Loss: 2.3226 | Valid_RMSE: 3.5701 | Valid_MAPE: 0.0566 | LR: 0.000125
EarlyStopping counter: 6 out of 100
Current Time: 10-09-22 | Epoch: 068 | Train_Loss: 0.9445 | Train_MAPE: 0.0237 | Train_RMSE: 1.9330 | Valid_Loss: 2.3106 | Valid_RMSE: 3.5634 | Valid_MAPE: 0.0562 | LR: 0.000125
EarlyStopping counter: 7 out of 100
Current Time: 10-09-23 | Epoch: 069 | Train_Loss: 0.9433 | Train_MAPE: 0.0237 | Train_RMSE: 1.9295 | Valid_Loss: 2.3091 | Valid_RMSE: 3.5517 | Valid_MAPE: 0.0559 | LR: 0.000125
EarlyStopping counter: 8 out of 100
Current Time: 10-09-23 | Epoch: 070 | Train_Loss: 0.9420 | Train_MAPE: 0.0236 | Train_RMSE: 1.9288 | Valid_Loss: 2.3120 | Valid_RMSE: 3.5575 | Valid_MAPE: 0.0561 | LR: 0.000125
EarlyStopping counter: 9 out of 100
Current Time: 10-09-24 | Epoch: 071 | Train_Loss: 0.9395 | Train_MAPE: 0.0236 | Train_RMSE: 1.9261 | Valid_Loss: 2.3152 | Valid_RMSE: 3.5674 | Valid_MAPE: 0.0563 | LR: 0.000063
EarlyStopping counter: 10 out of 100
Current Time: 10-09-24 | Epoch: 072 | Train_Loss: 0.9392 | Train_MAPE: 0.0235 | Train_RMSE: 1.9257 | Valid_Loss: 2.3133 | Valid_RMSE: 3.5624 | Valid_MAPE: 0.0563 | LR: 0.000063
EarlyStopping counter: 11 out of 100
Current Time: 10-09-25 | Epoch: 073 | Train_Loss: 0.9385 | Train_MAPE: 0.0235 | Train_RMSE: 1.9256 | Valid_Loss: 2.3108 | Valid_RMSE: 3.5542 | Valid_MAPE: 0.0560 | LR: 0.000063
EarlyStopping counter: 12 out of 100
Current Time: 10-09-26 | Epoch: 074 | Train_Loss: 0.9377 | Train_MAPE: 0.0235 | Train_RMSE: 1.9238 | Valid_Loss: 2.3128 | Valid_RMSE: 3.5554 | Valid_MAPE: 0.0562 | LR: 0.000063
EarlyStopping counter: 13 out of 100
Current Time: 10-09-26 | Epoch: 075 | Train_Loss: 0.9374 | Train_MAPE: 0.0235 | Train_RMSE: 1.9236 | Valid_Loss: 2.3020 | Valid_RMSE: 3.5518 | Valid_MAPE: 0.0558 | LR: 0.000063
Current Time: 10-09-27 | Epoch: 076 | Train_Loss: 0.9369 | Train_MAPE: 0.0235 | Train_RMSE: 1.9237 | Valid_Loss: 2.3096 | Valid_RMSE: 3.5599 | Valid_MAPE: 0.0562 | LR: 0.000063
EarlyStopping counter: 1 out of 100
Current Time: 10-09-27 | Epoch: 077 | Train_Loss: 0.9360 | Train_MAPE: 0.0234 | Train_RMSE: 1.9232 | Valid_Loss: 2.3137 | Valid_RMSE: 3.5635 | Valid_MAPE: 0.0562 | LR: 0.000063
EarlyStopping counter: 2 out of 100
Current Time: 10-09-28 | Epoch: 078 | Train_Loss: 0.9353 | Train_MAPE: 0.0234 | Train_RMSE: 1.9214 | Valid_Loss: 2.3075 | Valid_RMSE: 3.5492 | Valid_MAPE: 0.0558 | LR: 0.000063
EarlyStopping counter: 3 out of 100
Current Time: 10-09-28 | Epoch: 079 | Train_Loss: 0.9351 | Train_MAPE: 0.0234 | Train_RMSE: 1.9225 | Valid_Loss: 2.3105 | Valid_RMSE: 3.5556 | Valid_MAPE: 0.0561 | LR: 0.000063
EarlyStopping counter: 4 out of 100
predict shape:  (55, 32, 12, 323)
Test MAE: 2.21 | Test RMSE: 3.34 | Test MAPE: 5.34 |
Average Training Time: 29.7528 secs/epoch
Average Inference Time: 1.1242 secs/epoch
Spend Time: 2457.6298398971558
