Load dataset: 1.45s...
float64
Load adjacent matrix: 0.01s...
Whole trainining iteration is 54
Current Time: 10-13-51 | Epoch: 001 | Train_Loss: 4.5566 | Train_MAPE: 0.1674 | Train_RMSE: 6.6996 | Valid_Loss: 3.7748 | Valid_RMSE: 5.4588 | Valid_MAPE: 0.1637 | LR: 0.002000
Current Time: 10-13-52 | Epoch: 002 | Train_Loss: 2.8823 | Train_MAPE: 0.1119 | Train_RMSE: 4.3042 | Valid_Loss: 2.9195 | Valid_RMSE: 4.4289 | Valid_MAPE: 0.1176 | LR: 0.001000
Current Time: 10-13-52 | Epoch: 003 | Train_Loss: 2.4985 | Train_MAPE: 0.0961 | Train_RMSE: 3.8213 | Valid_Loss: 2.6189 | Valid_RMSE: 4.1029 | Valid_MAPE: 0.1046 | LR: 0.001000
Current Time: 10-13-52 | Epoch: 004 | Train_Loss: 2.2447 | Train_MAPE: 0.0859 | Train_RMSE: 3.5363 | Valid_Loss: 2.5100 | Valid_RMSE: 3.9268 | Valid_MAPE: 0.1007 | LR: 0.001000
Current Time: 10-13-52 | Epoch: 005 | Train_Loss: 2.1217 | Train_MAPE: 0.0811 | Train_RMSE: 3.3601 | Valid_Loss: 2.5077 | Valid_RMSE: 3.8618 | Valid_MAPE: 0.1041 | LR: 0.001000
Current Time: 10-13-52 | Epoch: 006 | Train_Loss: 2.0760 | Train_MAPE: 0.0792 | Train_RMSE: 3.2793 | Valid_Loss: 2.3574 | Valid_RMSE: 3.6979 | Valid_MAPE: 0.0935 | LR: 0.001000
Current Time: 10-13-52 | Epoch: 007 | Train_Loss: 2.0035 | Train_MAPE: 0.0763 | Train_RMSE: 3.1926 | Valid_Loss: 2.3398 | Valid_RMSE: 3.6712 | Valid_MAPE: 0.0964 | LR: 0.001000
Current Time: 10-13-52 | Epoch: 008 | Train_Loss: 1.9604 | Train_MAPE: 0.0745 | Train_RMSE: 3.1231 | Valid_Loss: 2.2768 | Valid_RMSE: 3.5887 | Valid_MAPE: 0.0934 | LR: 0.001000
Current Time: 10-13-53 | Epoch: 009 | Train_Loss: 1.9083 | Train_MAPE: 0.0724 | Train_RMSE: 3.0477 | Valid_Loss: 2.3066 | Valid_RMSE: 3.5583 | Valid_MAPE: 0.0952 | LR: 0.001000
EarlyStopping counter: 1 out of 100
Current Time: 10-13-53 | Epoch: 010 | Train_Loss: 1.9253 | Train_MAPE: 0.0732 | Train_RMSE: 3.0221 | Valid_Loss: 2.3593 | Valid_RMSE: 3.5459 | Valid_MAPE: 0.0981 | LR: 0.001000
EarlyStopping counter: 2 out of 100
Current Time: 10-13-53 | Epoch: 011 | Train_Loss: 1.8442 | Train_MAPE: 0.0703 | Train_RMSE: 2.9255 | Valid_Loss: 2.2152 | Valid_RMSE: 3.3455 | Valid_MAPE: 0.0884 | LR: 0.001000
Current Time: 10-13-53 | Epoch: 012 | Train_Loss: 1.8098 | Train_MAPE: 0.0688 | Train_RMSE: 2.8697 | Valid_Loss: 2.1414 | Valid_RMSE: 3.2627 | Valid_MAPE: 0.0868 | LR: 0.001000
Current Time: 10-13-53 | Epoch: 013 | Train_Loss: 1.7768 | Train_MAPE: 0.0674 | Train_RMSE: 2.8279 | Valid_Loss: 2.2240 | Valid_RMSE: 3.2998 | Valid_MAPE: 0.0907 | LR: 0.001000
EarlyStopping counter: 1 out of 100
Current Time: 10-13-53 | Epoch: 014 | Train_Loss: 1.7366 | Train_MAPE: 0.0658 | Train_RMSE: 2.7740 | Valid_Loss: 2.2083 | Valid_RMSE: 3.2867 | Valid_MAPE: 0.0915 | LR: 0.001000
EarlyStopping counter: 2 out of 100
Current Time: 10-13-54 | Epoch: 015 | Train_Loss: 1.7062 | Train_MAPE: 0.0648 | Train_RMSE: 2.7375 | Valid_Loss: 2.1235 | Valid_RMSE: 3.1931 | Valid_MAPE: 0.0865 | LR: 0.001000
Current Time: 10-13-54 | Epoch: 016 | Train_Loss: 1.6609 | Train_MAPE: 0.0629 | Train_RMSE: 2.6896 | Valid_Loss: 2.1690 | Valid_RMSE: 3.1911 | Valid_MAPE: 0.0845 | LR: 0.001000
EarlyStopping counter: 1 out of 100
Current Time: 10-13-54 | Epoch: 017 | Train_Loss: 1.6645 | Train_MAPE: 0.0631 | Train_RMSE: 2.6835 | Valid_Loss: 2.1349 | Valid_RMSE: 3.2047 | Valid_MAPE: 0.0892 | LR: 0.001000
EarlyStopping counter: 2 out of 100
Current Time: 10-13-54 | Epoch: 018 | Train_Loss: 1.6203 | Train_MAPE: 0.0614 | Train_RMSE: 2.6408 | Valid_Loss: 2.0777 | Valid_RMSE: 3.1178 | Valid_MAPE: 0.0836 | LR: 0.001000
Current Time: 10-13-54 | Epoch: 019 | Train_Loss: 1.6050 | Train_MAPE: 0.0607 | Train_RMSE: 2.6207 | Valid_Loss: 2.0268 | Valid_RMSE: 3.0863 | Valid_MAPE: 0.0816 | LR: 0.001000
Current Time: 10-13-54 | Epoch: 020 | Train_Loss: 1.5730 | Train_MAPE: 0.0595 | Train_RMSE: 2.5878 | Valid_Loss: 2.0625 | Valid_RMSE: 3.0961 | Valid_MAPE: 0.0820 | LR: 0.001000
EarlyStopping counter: 1 out of 100
Current Time: 10-13-54 | Epoch: 021 | Train_Loss: 1.5690 | Train_MAPE: 0.0594 | Train_RMSE: 2.5769 | Valid_Loss: 2.1257 | Valid_RMSE: 3.1432 | Valid_MAPE: 0.0845 | LR: 0.001000
EarlyStopping counter: 2 out of 100
Current Time: 10-13-55 | Epoch: 022 | Train_Loss: 1.5669 | Train_MAPE: 0.0593 | Train_RMSE: 2.5702 | Valid_Loss: 2.0429 | Valid_RMSE: 3.0969 | Valid_MAPE: 0.0829 | LR: 0.001000
EarlyStopping counter: 3 out of 100
Current Time: 10-13-55 | Epoch: 023 | Train_Loss: 1.5613 | Train_MAPE: 0.0593 | Train_RMSE: 2.5639 | Valid_Loss: 2.0392 | Valid_RMSE: 3.0985 | Valid_MAPE: 0.0839 | LR: 0.001000
EarlyStopping counter: 4 out of 100
Current Time: 10-13-55 | Epoch: 024 | Train_Loss: 1.5459 | Train_MAPE: 0.0586 | Train_RMSE: 2.5471 | Valid_Loss: 2.0509 | Valid_RMSE: 3.0966 | Valid_MAPE: 0.0836 | LR: 0.001000
EarlyStopping counter: 5 out of 100
Current Time: 10-13-55 | Epoch: 025 | Train_Loss: 1.5264 | Train_MAPE: 0.0578 | Train_RMSE: 2.5286 | Valid_Loss: 2.0447 | Valid_RMSE: 3.0832 | Valid_MAPE: 0.0834 | LR: 0.001000
EarlyStopping counter: 6 out of 100
Current Time: 10-13-55 | Epoch: 026 | Train_Loss: 1.4918 | Train_MAPE: 0.0566 | Train_RMSE: 2.4975 | Valid_Loss: 2.0066 | Valid_RMSE: 3.0433 | Valid_MAPE: 0.0811 | LR: 0.001000
Current Time: 10-13-55 | Epoch: 027 | Train_Loss: 1.4972 | Train_MAPE: 0.0568 | Train_RMSE: 2.4990 | Valid_Loss: 2.0174 | Valid_RMSE: 3.0659 | Valid_MAPE: 0.0828 | LR: 0.001000
EarlyStopping counter: 1 out of 100
Current Time: 10-13-56 | Epoch: 028 | Train_Loss: 1.4939 | Train_MAPE: 0.0567 | Train_RMSE: 2.4893 | Valid_Loss: 2.0225 | Valid_RMSE: 3.0466 | Valid_MAPE: 0.0816 | LR: 0.001000
EarlyStopping counter: 2 out of 100
Current Time: 10-13-56 | Epoch: 029 | Train_Loss: 1.4615 | Train_MAPE: 0.0554 | Train_RMSE: 2.4638 | Valid_Loss: 2.0501 | Valid_RMSE: 3.0719 | Valid_MAPE: 0.0825 | LR: 0.001000
EarlyStopping counter: 3 out of 100
Current Time: 10-13-56 | Epoch: 030 | Train_Loss: 1.4808 | Train_MAPE: 0.0562 | Train_RMSE: 2.4749 | Valid_Loss: 2.0354 | Valid_RMSE: 3.0699 | Valid_MAPE: 0.0840 | LR: 0.001000
EarlyStopping counter: 4 out of 100
======== Start curriculum learning... reset the learning rate to 0.002. ========
Current Time: 10-13-56 | Epoch: 031 | Train_Loss: 1.5577 | Train_MAPE: 0.0588 | Train_RMSE: 2.5373 | Valid_Loss: 2.0141 | Valid_RMSE: 3.0395 | Valid_MAPE: 0.0796 | LR: 0.002000
EarlyStopping counter: 5 out of 100
Current Time: 10-13-56 | Epoch: 032 | Train_Loss: 1.5395 | Train_MAPE: 0.0579 | Train_RMSE: 2.5183 | Valid_Loss: 2.0151 | Valid_RMSE: 3.0388 | Valid_MAPE: 0.0797 | LR: 0.002000
EarlyStopping counter: 6 out of 100
Current Time: 10-13-56 | Epoch: 033 | Train_Loss: 1.5342 | Train_MAPE: 0.0581 | Train_RMSE: 2.5078 | Valid_Loss: 2.0465 | Valid_RMSE: 3.0932 | Valid_MAPE: 0.0850 | LR: 0.002000
EarlyStopping counter: 7 out of 100
Current Time: 10-13-56 | Epoch: 034 | Train_Loss: 1.5117 | Train_MAPE: 0.0573 | Train_RMSE: 2.4912 | Valid_Loss: 2.0656 | Valid_RMSE: 3.0722 | Valid_MAPE: 0.0821 | LR: 0.002000
EarlyStopping counter: 8 out of 100
Current Time: 10-13-57 | Epoch: 035 | Train_Loss: 1.4967 | Train_MAPE: 0.0566 | Train_RMSE: 2.4771 | Valid_Loss: 2.0218 | Valid_RMSE: 3.0566 | Valid_MAPE: 0.0834 | LR: 0.002000
EarlyStopping counter: 9 out of 100
Current Time: 10-13-57 | Epoch: 036 | Train_Loss: 1.4689 | Train_MAPE: 0.0558 | Train_RMSE: 2.4581 | Valid_Loss: 2.0137 | Valid_RMSE: 3.0640 | Valid_MAPE: 0.0823 | LR: 0.002000
EarlyStopping counter: 10 out of 100
Current Time: 10-13-57 | Epoch: 037 | Train_Loss: 1.4753 | Train_MAPE: 0.0561 | Train_RMSE: 2.4509 | Valid_Loss: 2.0603 | Valid_RMSE: 3.0871 | Valid_MAPE: 0.0848 | LR: 0.002000
EarlyStopping counter: 11 out of 100
Current Time: 10-13-57 | Epoch: 038 | Train_Loss: 1.4553 | Train_MAPE: 0.0550 | Train_RMSE: 2.4358 | Valid_Loss: 2.1213 | Valid_RMSE: 3.0996 | Valid_MAPE: 0.0849 | LR: 0.002000
EarlyStopping counter: 12 out of 100
Current Time: 10-13-57 | Epoch: 039 | Train_Loss: 1.3848 | Train_MAPE: 0.0526 | Train_RMSE: 2.3796 | Valid_Loss: 1.9912 | Valid_RMSE: 3.0035 | Valid_MAPE: 0.0804 | LR: 0.001000
Current Time: 10-13-57 | Epoch: 040 | Train_Loss: 1.3622 | Train_MAPE: 0.0518 | Train_RMSE: 2.3624 | Valid_Loss: 2.0007 | Valid_RMSE: 3.0123 | Valid_MAPE: 0.0810 | LR: 0.001000
EarlyStopping counter: 1 out of 100
Current Time: 10-13-57 | Epoch: 041 | Train_Loss: 1.3572 | Train_MAPE: 0.0516 | Train_RMSE: 2.3556 | Valid_Loss: 2.0238 | Valid_RMSE: 3.0313 | Valid_MAPE: 0.0820 | LR: 0.001000
EarlyStopping counter: 2 out of 100
Current Time: 10-13-58 | Epoch: 042 | Train_Loss: 1.3496 | Train_MAPE: 0.0514 | Train_RMSE: 2.3480 | Valid_Loss: 1.9884 | Valid_RMSE: 2.9947 | Valid_MAPE: 0.0797 | LR: 0.001000
Current Time: 10-13-58 | Epoch: 043 | Train_Loss: 1.3443 | Train_MAPE: 0.0512 | Train_RMSE: 2.3425 | Valid_Loss: 1.9841 | Valid_RMSE: 2.9870 | Valid_MAPE: 0.0799 | LR: 0.001000
Current Time: 10-13-58 | Epoch: 044 | Train_Loss: 1.3363 | Train_MAPE: 0.0509 | Train_RMSE: 2.3350 | Valid_Loss: 1.9956 | Valid_RMSE: 2.9876 | Valid_MAPE: 0.0793 | LR: 0.001000
EarlyStopping counter: 1 out of 100
Current Time: 10-13-58 | Epoch: 045 | Train_Loss: 1.3345 | Train_MAPE: 0.0508 | Train_RMSE: 2.3303 | Valid_Loss: 2.0001 | Valid_RMSE: 3.0130 | Valid_MAPE: 0.0817 | LR: 0.001000
EarlyStopping counter: 2 out of 100
Current Time: 10-13-58 | Epoch: 046 | Train_Loss: 1.3284 | Train_MAPE: 0.0506 | Train_RMSE: 2.3265 | Valid_Loss: 1.9852 | Valid_RMSE: 2.9771 | Valid_MAPE: 0.0793 | LR: 0.001000
EarlyStopping counter: 3 out of 100
Current Time: 10-13-58 | Epoch: 047 | Train_Loss: 1.3147 | Train_MAPE: 0.0501 | Train_RMSE: 2.3125 | Valid_Loss: 1.9773 | Valid_RMSE: 2.9735 | Valid_MAPE: 0.0794 | LR: 0.000500
Current Time: 10-13-59 | Epoch: 048 | Train_Loss: 1.3083 | Train_MAPE: 0.0499 | Train_RMSE: 2.3057 | Valid_Loss: 1.9713 | Valid_RMSE: 2.9692 | Valid_MAPE: 0.0795 | LR: 0.000500
Current Time: 10-13-59 | Epoch: 049 | Train_Loss: 1.3054 | Train_MAPE: 0.0498 | Train_RMSE: 2.3006 | Valid_Loss: 1.9676 | Valid_RMSE: 2.9684 | Valid_MAPE: 0.0797 | LR: 0.000500
Current Time: 10-13-59 | Epoch: 050 | Train_Loss: 1.3026 | Train_MAPE: 0.0496 | Train_RMSE: 2.3000 | Valid_Loss: 1.9706 | Valid_RMSE: 2.9696 | Valid_MAPE: 0.0801 | LR: 0.000500
EarlyStopping counter: 1 out of 100
Current Time: 10-13-59 | Epoch: 051 | Train_Loss: 1.3004 | Train_MAPE: 0.0496 | Train_RMSE: 2.2961 | Valid_Loss: 1.9723 | Valid_RMSE: 2.9701 | Valid_MAPE: 0.0798 | LR: 0.000500
EarlyStopping counter: 2 out of 100
Current Time: 10-13-59 | Epoch: 052 | Train_Loss: 1.2973 | Train_MAPE: 0.0495 | Train_RMSE: 2.2918 | Valid_Loss: 1.9654 | Valid_RMSE: 2.9614 | Valid_MAPE: 0.0793 | LR: 0.000500
Current Time: 10-13-59 | Epoch: 053 | Train_Loss: 1.2940 | Train_MAPE: 0.0493 | Train_RMSE: 2.2876 | Valid_Loss: 1.9645 | Valid_RMSE: 2.9629 | Valid_MAPE: 0.0793 | LR: 0.000500
Current Time: 10-13-59 | Epoch: 054 | Train_Loss: 1.2955 | Train_MAPE: 0.0494 | Train_RMSE: 2.2885 | Valid_Loss: 1.9647 | Valid_RMSE: 2.9569 | Valid_MAPE: 0.0787 | LR: 0.000500
EarlyStopping counter: 1 out of 100
Current Time: 10-14-00 | Epoch: 055 | Train_Loss: 1.2861 | Train_MAPE: 0.0491 | Train_RMSE: 2.2814 | Valid_Loss: 1.9684 | Valid_RMSE: 2.9664 | Valid_MAPE: 0.0800 | LR: 0.000250
EarlyStopping counter: 2 out of 100
Current Time: 10-14-00 | Epoch: 056 | Train_Loss: 1.2846 | Train_MAPE: 0.0490 | Train_RMSE: 2.2794 | Valid_Loss: 1.9757 | Valid_RMSE: 2.9720 | Valid_MAPE: 0.0802 | LR: 0.000250
EarlyStopping counter: 3 out of 100
Current Time: 10-14-00 | Epoch: 057 | Train_Loss: 1.2824 | Train_MAPE: 0.0489 | Train_RMSE: 2.2774 | Valid_Loss: 1.9617 | Valid_RMSE: 2.9575 | Valid_MAPE: 0.0794 | LR: 0.000250
Current Time: 10-14-00 | Epoch: 058 | Train_Loss: 1.2813 | Train_MAPE: 0.0489 | Train_RMSE: 2.2763 | Valid_Loss: 1.9653 | Valid_RMSE: 2.9668 | Valid_MAPE: 0.0799 | LR: 0.000250
EarlyStopping counter: 1 out of 100
Current Time: 10-14-00 | Epoch: 059 | Train_Loss: 1.2797 | Train_MAPE: 0.0488 | Train_RMSE: 2.2752 | Valid_Loss: 1.9662 | Valid_RMSE: 2.9594 | Valid_MAPE: 0.0794 | LR: 0.000250
EarlyStopping counter: 2 out of 100
Current Time: 10-14-00 | Epoch: 060 | Train_Loss: 1.2785 | Train_MAPE: 0.0488 | Train_RMSE: 2.2728 | Valid_Loss: 1.9625 | Valid_RMSE: 2.9589 | Valid_MAPE: 0.0798 | LR: 0.000250
EarlyStopping counter: 3 out of 100
Current Time: 10-14-01 | Epoch: 061 | Train_Loss: 1.2769 | Train_MAPE: 0.0487 | Train_RMSE: 2.2714 | Valid_Loss: 1.9628 | Valid_RMSE: 2.9604 | Valid_MAPE: 0.0798 | LR: 0.000250
EarlyStopping counter: 4 out of 100
Current Time: 10-14-01 | Epoch: 062 | Train_Loss: 1.2754 | Train_MAPE: 0.0487 | Train_RMSE: 2.2711 | Valid_Loss: 1.9637 | Valid_RMSE: 2.9630 | Valid_MAPE: 0.0798 | LR: 0.000250
EarlyStopping counter: 5 out of 100
Current Time: 10-14-01 | Epoch: 063 | Train_Loss: 1.2728 | Train_MAPE: 0.0486 | Train_RMSE: 2.2681 | Valid_Loss: 1.9576 | Valid_RMSE: 2.9537 | Valid_MAPE: 0.0794 | LR: 0.000125
Current Time: 10-14-01 | Epoch: 064 | Train_Loss: 1.2707 | Train_MAPE: 0.0485 | Train_RMSE: 2.2642 | Valid_Loss: 1.9551 | Valid_RMSE: 2.9459 | Valid_MAPE: 0.0789 | LR: 0.000125
Current Time: 10-14-01 | Epoch: 065 | Train_Loss: 1.2707 | Train_MAPE: 0.0485 | Train_RMSE: 2.2656 | Valid_Loss: 1.9550 | Valid_RMSE: 2.9486 | Valid_MAPE: 0.0791 | LR: 0.000125
Current Time: 10-14-01 | Epoch: 066 | Train_Loss: 1.2701 | Train_MAPE: 0.0485 | Train_RMSE: 2.2648 | Valid_Loss: 1.9579 | Valid_RMSE: 2.9512 | Valid_MAPE: 0.0794 | LR: 0.000125
EarlyStopping counter: 1 out of 100
Current Time: 10-14-01 | Epoch: 067 | Train_Loss: 1.2684 | Train_MAPE: 0.0484 | Train_RMSE: 2.2606 | Valid_Loss: 1.9545 | Valid_RMSE: 2.9512 | Valid_MAPE: 0.0792 | LR: 0.000125
Current Time: 10-14-02 | Epoch: 068 | Train_Loss: 1.2673 | Train_MAPE: 0.0484 | Train_RMSE: 2.2598 | Valid_Loss: 1.9489 | Valid_RMSE: 2.9427 | Valid_MAPE: 0.0788 | LR: 0.000125
Current Time: 10-14-02 | Epoch: 069 | Train_Loss: 1.2667 | Train_MAPE: 0.0484 | Train_RMSE: 2.2601 | Valid_Loss: 1.9525 | Valid_RMSE: 2.9461 | Valid_MAPE: 0.0791 | LR: 0.000125
EarlyStopping counter: 1 out of 100
Current Time: 10-14-02 | Epoch: 070 | Train_Loss: 1.2662 | Train_MAPE: 0.0483 | Train_RMSE: 2.2596 | Valid_Loss: 1.9543 | Valid_RMSE: 2.9494 | Valid_MAPE: 0.0792 | LR: 0.000125
EarlyStopping counter: 2 out of 100
Current Time: 10-14-02 | Epoch: 071 | Train_Loss: 1.2648 | Train_MAPE: 0.0483 | Train_RMSE: 2.2585 | Valid_Loss: 1.9515 | Valid_RMSE: 2.9455 | Valid_MAPE: 0.0791 | LR: 0.000063
EarlyStopping counter: 3 out of 100
Current Time: 10-14-02 | Epoch: 072 | Train_Loss: 1.2635 | Train_MAPE: 0.0483 | Train_RMSE: 2.2574 | Valid_Loss: 1.9527 | Valid_RMSE: 2.9450 | Valid_MAPE: 0.0789 | LR: 0.000063
EarlyStopping counter: 4 out of 100
Current Time: 10-14-02 | Epoch: 073 | Train_Loss: 1.2639 | Train_MAPE: 0.0483 | Train_RMSE: 2.2573 | Valid_Loss: 1.9489 | Valid_RMSE: 2.9399 | Valid_MAPE: 0.0788 | LR: 0.000063
Current Time: 10-14-03 | Epoch: 074 | Train_Loss: 1.2630 | Train_MAPE: 0.0482 | Train_RMSE: 2.2563 | Valid_Loss: 1.9527 | Valid_RMSE: 2.9457 | Valid_MAPE: 0.0789 | LR: 0.000063
EarlyStopping counter: 1 out of 100
Current Time: 10-14-03 | Epoch: 075 | Train_Loss: 1.2622 | Train_MAPE: 0.0482 | Train_RMSE: 2.2553 | Valid_Loss: 1.9542 | Valid_RMSE: 2.9475 | Valid_MAPE: 0.0791 | LR: 0.000063
EarlyStopping counter: 2 out of 100
Current Time: 10-14-03 | Epoch: 076 | Train_Loss: 1.2617 | Train_MAPE: 0.0482 | Train_RMSE: 2.2562 | Valid_Loss: 1.9554 | Valid_RMSE: 2.9486 | Valid_MAPE: 0.0792 | LR: 0.000063
EarlyStopping counter: 3 out of 100
Current Time: 10-14-03 | Epoch: 077 | Train_Loss: 1.2615 | Train_MAPE: 0.0482 | Train_RMSE: 2.2557 | Valid_Loss: 1.9559 | Valid_RMSE: 2.9453 | Valid_MAPE: 0.0789 | LR: 0.000063
EarlyStopping counter: 4 out of 100
Current Time: 10-14-03 | Epoch: 078 | Train_Loss: 1.2609 | Train_MAPE: 0.0481 | Train_RMSE: 2.2537 | Valid_Loss: 1.9502 | Valid_RMSE: 2.9434 | Valid_MAPE: 0.0788 | LR: 0.000063
EarlyStopping counter: 5 out of 100
Current Time: 10-14-03 | Epoch: 079 | Train_Loss: 1.2604 | Train_MAPE: 0.0481 | Train_RMSE: 2.2543 | Valid_Loss: 1.9499 | Valid_RMSE: 2.9422 | Valid_MAPE: 0.0789 | LR: 0.000063
EarlyStopping counter: 6 out of 100
predict shape:  (18, 32, 6, 627)
Test MAE: 1.95 | Test RMSE: 2.94 | Test MAPE: 8.05 |
Average Training Time: 8.3545 secs/epoch
Average Inference Time: 0.7484 secs/epoch
Spend Time: 730.6740806102753
