Load dataset: 1.60s...
float64
Load adjacent matrix: 0.01s...
Whole trainining iteration is 54
Current Time: 10-13-26 | Epoch: 001 | Train_Loss: 4.6431 | Train_MAPE: 0.1662 | Train_RMSE: 6.8525 | Valid_Loss: 3.6476 | Valid_RMSE: 5.5342 | Valid_MAPE: 0.1407 | LR: 0.002000
Current Time: 10-13-26 | Epoch: 002 | Train_Loss: 2.8628 | Train_MAPE: 0.1068 | Train_RMSE: 4.4333 | Valid_Loss: 2.8441 | Valid_RMSE: 4.4816 | Valid_MAPE: 0.1151 | LR: 0.001000
Current Time: 10-13-26 | Epoch: 003 | Train_Loss: 2.3205 | Train_MAPE: 0.0881 | Train_RMSE: 3.6184 | Valid_Loss: 2.4956 | Valid_RMSE: 3.8269 | Valid_MAPE: 0.1035 | LR: 0.001000
Current Time: 10-13-27 | Epoch: 004 | Train_Loss: 2.1389 | Train_MAPE: 0.0821 | Train_RMSE: 3.3194 | Valid_Loss: 2.4154 | Valid_RMSE: 3.7012 | Valid_MAPE: 0.0998 | LR: 0.001000
Current Time: 10-13-27 | Epoch: 005 | Train_Loss: 2.0681 | Train_MAPE: 0.0792 | Train_RMSE: 3.2234 | Valid_Loss: 2.5146 | Valid_RMSE: 3.7431 | Valid_MAPE: 0.1002 | LR: 0.001000
EarlyStopping counter: 1 out of 100
Current Time: 10-13-27 | Epoch: 006 | Train_Loss: 2.0154 | Train_MAPE: 0.0772 | Train_RMSE: 3.1561 | Valid_Loss: 2.2600 | Valid_RMSE: 3.5074 | Valid_MAPE: 0.0901 | LR: 0.001000
Current Time: 10-13-27 | Epoch: 007 | Train_Loss: 1.9475 | Train_MAPE: 0.0746 | Train_RMSE: 3.0742 | Valid_Loss: 2.3187 | Valid_RMSE: 3.5439 | Valid_MAPE: 0.0951 | LR: 0.001000
EarlyStopping counter: 1 out of 100
Current Time: 10-13-27 | Epoch: 008 | Train_Loss: 1.9408 | Train_MAPE: 0.0740 | Train_RMSE: 3.0576 | Valid_Loss: 2.3949 | Valid_RMSE: 3.5980 | Valid_MAPE: 0.0960 | LR: 0.001000
EarlyStopping counter: 2 out of 100
Current Time: 10-13-27 | Epoch: 009 | Train_Loss: 1.8562 | Train_MAPE: 0.0710 | Train_RMSE: 2.9737 | Valid_Loss: 2.2709 | Valid_RMSE: 3.4730 | Valid_MAPE: 0.0914 | LR: 0.001000
EarlyStopping counter: 3 out of 100
Current Time: 10-13-28 | Epoch: 010 | Train_Loss: 1.8580 | Train_MAPE: 0.0708 | Train_RMSE: 2.9693 | Valid_Loss: 2.3156 | Valid_RMSE: 3.5044 | Valid_MAPE: 0.0914 | LR: 0.001000
EarlyStopping counter: 4 out of 100
Current Time: 10-13-28 | Epoch: 011 | Train_Loss: 1.8147 | Train_MAPE: 0.0693 | Train_RMSE: 2.9243 | Valid_Loss: 2.2908 | Valid_RMSE: 3.4756 | Valid_MAPE: 0.0908 | LR: 0.001000
EarlyStopping counter: 5 out of 100
Current Time: 10-13-28 | Epoch: 012 | Train_Loss: 1.7885 | Train_MAPE: 0.0683 | Train_RMSE: 2.8944 | Valid_Loss: 2.3153 | Valid_RMSE: 3.5019 | Valid_MAPE: 0.0933 | LR: 0.001000
EarlyStopping counter: 6 out of 100
Current Time: 10-13-28 | Epoch: 013 | Train_Loss: 1.7747 | Train_MAPE: 0.0677 | Train_RMSE: 2.8760 | Valid_Loss: 2.3345 | Valid_RMSE: 3.5193 | Valid_MAPE: 0.0949 | LR: 0.001000
EarlyStopping counter: 7 out of 100
Current Time: 10-13-28 | Epoch: 014 | Train_Loss: 1.7604 | Train_MAPE: 0.0671 | Train_RMSE: 2.8613 | Valid_Loss: 2.3027 | Valid_RMSE: 3.4603 | Valid_MAPE: 0.0881 | LR: 0.001000
EarlyStopping counter: 8 out of 100
Current Time: 10-13-28 | Epoch: 015 | Train_Loss: 1.7440 | Train_MAPE: 0.0664 | Train_RMSE: 2.8407 | Valid_Loss: 2.2047 | Valid_RMSE: 3.3903 | Valid_MAPE: 0.0883 | LR: 0.001000
Current Time: 10-13-29 | Epoch: 016 | Train_Loss: 1.7061 | Train_MAPE: 0.0651 | Train_RMSE: 2.8031 | Valid_Loss: 2.2200 | Valid_RMSE: 3.3904 | Valid_MAPE: 0.0880 | LR: 0.001000
EarlyStopping counter: 1 out of 100
Current Time: 10-13-29 | Epoch: 017 | Train_Loss: 1.6916 | Train_MAPE: 0.0645 | Train_RMSE: 2.7830 | Valid_Loss: 2.2655 | Valid_RMSE: 3.4237 | Valid_MAPE: 0.0871 | LR: 0.001000
EarlyStopping counter: 2 out of 100
Current Time: 10-13-29 | Epoch: 018 | Train_Loss: 1.6848 | Train_MAPE: 0.0642 | Train_RMSE: 2.7719 | Valid_Loss: 2.2005 | Valid_RMSE: 3.3542 | Valid_MAPE: 0.0866 | LR: 0.001000
Current Time: 10-13-29 | Epoch: 019 | Train_Loss: 1.6622 | Train_MAPE: 0.0633 | Train_RMSE: 2.7464 | Valid_Loss: 2.2401 | Valid_RMSE: 3.3812 | Valid_MAPE: 0.0872 | LR: 0.001000
EarlyStopping counter: 1 out of 100
Current Time: 10-13-29 | Epoch: 020 | Train_Loss: 1.6436 | Train_MAPE: 0.0627 | Train_RMSE: 2.7232 | Valid_Loss: 2.2019 | Valid_RMSE: 3.3449 | Valid_MAPE: 0.0870 | LR: 0.001000
EarlyStopping counter: 2 out of 100
Current Time: 10-13-29 | Epoch: 021 | Train_Loss: 1.6239 | Train_MAPE: 0.0619 | Train_RMSE: 2.7001 | Valid_Loss: 2.1927 | Valid_RMSE: 3.3668 | Valid_MAPE: 0.0904 | LR: 0.001000
Current Time: 10-13-29 | Epoch: 022 | Train_Loss: 1.6238 | Train_MAPE: 0.0618 | Train_RMSE: 2.6972 | Valid_Loss: 2.2190 | Valid_RMSE: 3.3366 | Valid_MAPE: 0.0853 | LR: 0.001000
EarlyStopping counter: 1 out of 100
Current Time: 10-13-30 | Epoch: 023 | Train_Loss: 1.5891 | Train_MAPE: 0.0605 | Train_RMSE: 2.6595 | Valid_Loss: 2.1513 | Valid_RMSE: 3.2806 | Valid_MAPE: 0.0859 | LR: 0.001000
Current Time: 10-13-30 | Epoch: 024 | Train_Loss: 1.5744 | Train_MAPE: 0.0600 | Train_RMSE: 2.6402 | Valid_Loss: 2.1398 | Valid_RMSE: 3.2538 | Valid_MAPE: 0.0847 | LR: 0.001000
Current Time: 10-13-30 | Epoch: 025 | Train_Loss: 1.5838 | Train_MAPE: 0.0604 | Train_RMSE: 2.6417 | Valid_Loss: 2.1468 | Valid_RMSE: 3.2533 | Valid_MAPE: 0.0856 | LR: 0.001000
EarlyStopping counter: 1 out of 100
Current Time: 10-13-30 | Epoch: 026 | Train_Loss: 1.5680 | Train_MAPE: 0.0597 | Train_RMSE: 2.6201 | Valid_Loss: 2.1547 | Valid_RMSE: 3.2591 | Valid_MAPE: 0.0862 | LR: 0.001000
EarlyStopping counter: 2 out of 100
Current Time: 10-13-30 | Epoch: 027 | Train_Loss: 1.5358 | Train_MAPE: 0.0585 | Train_RMSE: 2.5841 | Valid_Loss: 2.1030 | Valid_RMSE: 3.2131 | Valid_MAPE: 0.0853 | LR: 0.001000
Current Time: 10-13-30 | Epoch: 028 | Train_Loss: 1.5267 | Train_MAPE: 0.0581 | Train_RMSE: 2.5725 | Valid_Loss: 2.0889 | Valid_RMSE: 3.1736 | Valid_MAPE: 0.0832 | LR: 0.001000
Current Time: 10-13-30 | Epoch: 029 | Train_Loss: 1.5252 | Train_MAPE: 0.0581 | Train_RMSE: 2.5603 | Valid_Loss: 2.2473 | Valid_RMSE: 3.3231 | Valid_MAPE: 0.0932 | LR: 0.001000
EarlyStopping counter: 1 out of 100
Current Time: 10-13-31 | Epoch: 030 | Train_Loss: 1.4971 | Train_MAPE: 0.0572 | Train_RMSE: 2.5285 | Valid_Loss: 2.0965 | Valid_RMSE: 3.1538 | Valid_MAPE: 0.0849 | LR: 0.001000
EarlyStopping counter: 2 out of 100
======== Start curriculum learning... reset the learning rate to 0.002. ========
Current Time: 10-13-31 | Epoch: 031 | Train_Loss: 1.6235 | Train_MAPE: 0.0615 | Train_RMSE: 2.6382 | Valid_Loss: 2.1499 | Valid_RMSE: 3.1805 | Valid_MAPE: 0.0823 | LR: 0.002000
EarlyStopping counter: 3 out of 100
Current Time: 10-13-31 | Epoch: 032 | Train_Loss: 1.5359 | Train_MAPE: 0.0585 | Train_RMSE: 2.5459 | Valid_Loss: 2.0502 | Valid_RMSE: 3.0954 | Valid_MAPE: 0.0829 | LR: 0.002000
Current Time: 10-13-31 | Epoch: 033 | Train_Loss: 1.5490 | Train_MAPE: 0.0592 | Train_RMSE: 2.5416 | Valid_Loss: 2.0977 | Valid_RMSE: 3.1950 | Valid_MAPE: 0.0857 | LR: 0.002000
EarlyStopping counter: 1 out of 100
Current Time: 10-13-31 | Epoch: 034 | Train_Loss: 1.5484 | Train_MAPE: 0.0585 | Train_RMSE: 2.5453 | Valid_Loss: 2.0542 | Valid_RMSE: 3.0780 | Valid_MAPE: 0.0812 | LR: 0.002000
EarlyStopping counter: 2 out of 100
Current Time: 10-13-31 | Epoch: 035 | Train_Loss: 1.5189 | Train_MAPE: 0.0579 | Train_RMSE: 2.5041 | Valid_Loss: 2.1012 | Valid_RMSE: 3.1617 | Valid_MAPE: 0.0879 | LR: 0.002000
EarlyStopping counter: 3 out of 100
Current Time: 10-13-32 | Epoch: 036 | Train_Loss: 1.5121 | Train_MAPE: 0.0575 | Train_RMSE: 2.4964 | Valid_Loss: 2.2314 | Valid_RMSE: 3.2250 | Valid_MAPE: 0.0919 | LR: 0.002000
EarlyStopping counter: 4 out of 100
Current Time: 10-13-32 | Epoch: 037 | Train_Loss: 1.5079 | Train_MAPE: 0.0574 | Train_RMSE: 2.4872 | Valid_Loss: 2.0812 | Valid_RMSE: 3.1312 | Valid_MAPE: 0.0850 | LR: 0.002000
EarlyStopping counter: 5 out of 100
Current Time: 10-13-32 | Epoch: 038 | Train_Loss: 1.4741 | Train_MAPE: 0.0561 | Train_RMSE: 2.4531 | Valid_Loss: 2.0874 | Valid_RMSE: 3.0778 | Valid_MAPE: 0.0829 | LR: 0.002000
EarlyStopping counter: 6 out of 100
Current Time: 10-13-32 | Epoch: 039 | Train_Loss: 1.3976 | Train_MAPE: 0.0534 | Train_RMSE: 2.3874 | Valid_Loss: 2.0202 | Valid_RMSE: 3.0172 | Valid_MAPE: 0.0816 | LR: 0.001000
Current Time: 10-13-32 | Epoch: 040 | Train_Loss: 1.3803 | Train_MAPE: 0.0528 | Train_RMSE: 2.3711 | Valid_Loss: 2.0126 | Valid_RMSE: 3.0019 | Valid_MAPE: 0.0808 | LR: 0.001000
Current Time: 10-13-32 | Epoch: 041 | Train_Loss: 1.3729 | Train_MAPE: 0.0524 | Train_RMSE: 2.3621 | Valid_Loss: 1.9937 | Valid_RMSE: 2.9963 | Valid_MAPE: 0.0811 | LR: 0.001000
Current Time: 10-13-32 | Epoch: 042 | Train_Loss: 1.3636 | Train_MAPE: 0.0521 | Train_RMSE: 2.3540 | Valid_Loss: 1.9907 | Valid_RMSE: 2.9732 | Valid_MAPE: 0.0797 | LR: 0.001000
Current Time: 10-13-33 | Epoch: 043 | Train_Loss: 1.3563 | Train_MAPE: 0.0518 | Train_RMSE: 2.3444 | Valid_Loss: 2.0026 | Valid_RMSE: 2.9967 | Valid_MAPE: 0.0809 | LR: 0.001000
EarlyStopping counter: 1 out of 100
Current Time: 10-13-33 | Epoch: 044 | Train_Loss: 1.3679 | Train_MAPE: 0.0522 | Train_RMSE: 2.3526 | Valid_Loss: 1.9793 | Valid_RMSE: 2.9949 | Valid_MAPE: 0.0803 | LR: 0.001000
Current Time: 10-13-33 | Epoch: 045 | Train_Loss: 1.3646 | Train_MAPE: 0.0520 | Train_RMSE: 2.3486 | Valid_Loss: 2.0323 | Valid_RMSE: 3.0093 | Valid_MAPE: 0.0824 | LR: 0.001000
EarlyStopping counter: 1 out of 100
Current Time: 10-13-33 | Epoch: 046 | Train_Loss: 1.3546 | Train_MAPE: 0.0518 | Train_RMSE: 2.3373 | Valid_Loss: 1.9965 | Valid_RMSE: 2.9804 | Valid_MAPE: 0.0808 | LR: 0.001000
EarlyStopping counter: 2 out of 100
Current Time: 10-13-33 | Epoch: 047 | Train_Loss: 1.3306 | Train_MAPE: 0.0508 | Train_RMSE: 2.3178 | Valid_Loss: 1.9987 | Valid_RMSE: 2.9860 | Valid_MAPE: 0.0806 | LR: 0.000500
EarlyStopping counter: 3 out of 100
Current Time: 10-13-33 | Epoch: 048 | Train_Loss: 1.3250 | Train_MAPE: 0.0506 | Train_RMSE: 2.3123 | Valid_Loss: 2.0040 | Valid_RMSE: 2.9984 | Valid_MAPE: 0.0815 | LR: 0.000500
EarlyStopping counter: 4 out of 100
Current Time: 10-13-34 | Epoch: 049 | Train_Loss: 1.3205 | Train_MAPE: 0.0505 | Train_RMSE: 2.3087 | Valid_Loss: 1.9793 | Valid_RMSE: 2.9691 | Valid_MAPE: 0.0797 | LR: 0.000500
Current Time: 10-13-34 | Epoch: 050 | Train_Loss: 1.3184 | Train_MAPE: 0.0504 | Train_RMSE: 2.3056 | Valid_Loss: 1.9879 | Valid_RMSE: 2.9708 | Valid_MAPE: 0.0801 | LR: 0.000500
EarlyStopping counter: 1 out of 100
Current Time: 10-13-34 | Epoch: 051 | Train_Loss: 1.3143 | Train_MAPE: 0.0502 | Train_RMSE: 2.2999 | Valid_Loss: 1.9877 | Valid_RMSE: 2.9679 | Valid_MAPE: 0.0802 | LR: 0.000500
EarlyStopping counter: 2 out of 100
Current Time: 10-13-34 | Epoch: 052 | Train_Loss: 1.3124 | Train_MAPE: 0.0501 | Train_RMSE: 2.2969 | Valid_Loss: 1.9948 | Valid_RMSE: 2.9811 | Valid_MAPE: 0.0812 | LR: 0.000500
EarlyStopping counter: 3 out of 100
Current Time: 10-13-34 | Epoch: 053 | Train_Loss: 1.3104 | Train_MAPE: 0.0501 | Train_RMSE: 2.2982 | Valid_Loss: 1.9884 | Valid_RMSE: 2.9896 | Valid_MAPE: 0.0810 | LR: 0.000500
EarlyStopping counter: 4 out of 100
Current Time: 10-13-34 | Epoch: 054 | Train_Loss: 1.3070 | Train_MAPE: 0.0499 | Train_RMSE: 2.2940 | Valid_Loss: 1.9925 | Valid_RMSE: 2.9810 | Valid_MAPE: 0.0807 | LR: 0.000500
EarlyStopping counter: 5 out of 100
Current Time: 10-13-34 | Epoch: 055 | Train_Loss: 1.3000 | Train_MAPE: 0.0497 | Train_RMSE: 2.2876 | Valid_Loss: 1.9916 | Valid_RMSE: 2.9712 | Valid_MAPE: 0.0807 | LR: 0.000250
EarlyStopping counter: 6 out of 100
Current Time: 10-13-35 | Epoch: 056 | Train_Loss: 1.2973 | Train_MAPE: 0.0496 | Train_RMSE: 2.2846 | Valid_Loss: 1.9936 | Valid_RMSE: 2.9770 | Valid_MAPE: 0.0808 | LR: 0.000250
EarlyStopping counter: 7 out of 100
Current Time: 10-13-35 | Epoch: 057 | Train_Loss: 1.2962 | Train_MAPE: 0.0495 | Train_RMSE: 2.2839 | Valid_Loss: 1.9979 | Valid_RMSE: 2.9775 | Valid_MAPE: 0.0810 | LR: 0.000250
EarlyStopping counter: 8 out of 100
Current Time: 10-13-35 | Epoch: 058 | Train_Loss: 1.2939 | Train_MAPE: 0.0494 | Train_RMSE: 2.2818 | Valid_Loss: 1.9784 | Valid_RMSE: 2.9572 | Valid_MAPE: 0.0798 | LR: 0.000250
Current Time: 10-13-35 | Epoch: 059 | Train_Loss: 1.2924 | Train_MAPE: 0.0494 | Train_RMSE: 2.2804 | Valid_Loss: 1.9783 | Valid_RMSE: 2.9553 | Valid_MAPE: 0.0797 | LR: 0.000250
Current Time: 10-13-35 | Epoch: 060 | Train_Loss: 1.2910 | Train_MAPE: 0.0493 | Train_RMSE: 2.2787 | Valid_Loss: 1.9795 | Valid_RMSE: 2.9655 | Valid_MAPE: 0.0801 | LR: 0.000250
EarlyStopping counter: 1 out of 100
Current Time: 10-13-35 | Epoch: 061 | Train_Loss: 1.2897 | Train_MAPE: 0.0493 | Train_RMSE: 2.2776 | Valid_Loss: 1.9989 | Valid_RMSE: 2.9702 | Valid_MAPE: 0.0806 | LR: 0.000250
EarlyStopping counter: 2 out of 100
Current Time: 10-13-36 | Epoch: 062 | Train_Loss: 1.2885 | Train_MAPE: 0.0492 | Train_RMSE: 2.2764 | Valid_Loss: 1.9943 | Valid_RMSE: 2.9733 | Valid_MAPE: 0.0809 | LR: 0.000250
EarlyStopping counter: 3 out of 100
Current Time: 10-13-36 | Epoch: 063 | Train_Loss: 1.2862 | Train_MAPE: 0.0491 | Train_RMSE: 2.2745 | Valid_Loss: 1.9860 | Valid_RMSE: 2.9638 | Valid_MAPE: 0.0802 | LR: 0.000125
EarlyStopping counter: 4 out of 100
Current Time: 10-13-36 | Epoch: 064 | Train_Loss: 1.2842 | Train_MAPE: 0.0491 | Train_RMSE: 2.2730 | Valid_Loss: 1.9830 | Valid_RMSE: 2.9672 | Valid_MAPE: 0.0804 | LR: 0.000125
EarlyStopping counter: 5 out of 100
Current Time: 10-13-36 | Epoch: 065 | Train_Loss: 1.2837 | Train_MAPE: 0.0490 | Train_RMSE: 2.2712 | Valid_Loss: 1.9788 | Valid_RMSE: 2.9558 | Valid_MAPE: 0.0798 | LR: 0.000125
EarlyStopping counter: 6 out of 100
Current Time: 10-13-36 | Epoch: 066 | Train_Loss: 1.2829 | Train_MAPE: 0.0490 | Train_RMSE: 2.2695 | Valid_Loss: 1.9700 | Valid_RMSE: 2.9448 | Valid_MAPE: 0.0793 | LR: 0.000125
Current Time: 10-13-36 | Epoch: 067 | Train_Loss: 1.2822 | Train_MAPE: 0.0490 | Train_RMSE: 2.2697 | Valid_Loss: 1.9763 | Valid_RMSE: 2.9558 | Valid_MAPE: 0.0799 | LR: 0.000125
EarlyStopping counter: 1 out of 100
Current Time: 10-13-37 | Epoch: 068 | Train_Loss: 1.2809 | Train_MAPE: 0.0490 | Train_RMSE: 2.2688 | Valid_Loss: 1.9756 | Valid_RMSE: 2.9526 | Valid_MAPE: 0.0800 | LR: 0.000125
EarlyStopping counter: 2 out of 100
Current Time: 10-13-37 | Epoch: 069 | Train_Loss: 1.2809 | Train_MAPE: 0.0489 | Train_RMSE: 2.2703 | Valid_Loss: 1.9766 | Valid_RMSE: 2.9556 | Valid_MAPE: 0.0798 | LR: 0.000125
EarlyStopping counter: 3 out of 100
Current Time: 10-13-37 | Epoch: 070 | Train_Loss: 1.2791 | Train_MAPE: 0.0489 | Train_RMSE: 2.2678 | Valid_Loss: 1.9844 | Valid_RMSE: 2.9538 | Valid_MAPE: 0.0799 | LR: 0.000125
EarlyStopping counter: 4 out of 100
Current Time: 10-13-37 | Epoch: 071 | Train_Loss: 1.2780 | Train_MAPE: 0.0488 | Train_RMSE: 2.2661 | Valid_Loss: 1.9824 | Valid_RMSE: 2.9618 | Valid_MAPE: 0.0803 | LR: 0.000063
EarlyStopping counter: 5 out of 100
Current Time: 10-13-37 | Epoch: 072 | Train_Loss: 1.2774 | Train_MAPE: 0.0488 | Train_RMSE: 2.2662 | Valid_Loss: 1.9726 | Valid_RMSE: 2.9479 | Valid_MAPE: 0.0796 | LR: 0.000063
EarlyStopping counter: 6 out of 100
Current Time: 10-13-37 | Epoch: 073 | Train_Loss: 1.2769 | Train_MAPE: 0.0488 | Train_RMSE: 2.2645 | Valid_Loss: 1.9814 | Valid_RMSE: 2.9573 | Valid_MAPE: 0.0801 | LR: 0.000063
EarlyStopping counter: 7 out of 100
Current Time: 10-13-37 | Epoch: 074 | Train_Loss: 1.2762 | Train_MAPE: 0.0488 | Train_RMSE: 2.2626 | Valid_Loss: 1.9754 | Valid_RMSE: 2.9542 | Valid_MAPE: 0.0797 | LR: 0.000063
EarlyStopping counter: 8 out of 100
Current Time: 10-13-38 | Epoch: 075 | Train_Loss: 1.2764 | Train_MAPE: 0.0488 | Train_RMSE: 2.2645 | Valid_Loss: 1.9878 | Valid_RMSE: 2.9605 | Valid_MAPE: 0.0802 | LR: 0.000063
EarlyStopping counter: 9 out of 100
Current Time: 10-13-38 | Epoch: 076 | Train_Loss: 1.2757 | Train_MAPE: 0.0488 | Train_RMSE: 2.2630 | Valid_Loss: 1.9839 | Valid_RMSE: 2.9575 | Valid_MAPE: 0.0801 | LR: 0.000063
EarlyStopping counter: 10 out of 100
Current Time: 10-13-38 | Epoch: 077 | Train_Loss: 1.2750 | Train_MAPE: 0.0487 | Train_RMSE: 2.2627 | Valid_Loss: 1.9823 | Valid_RMSE: 2.9576 | Valid_MAPE: 0.0801 | LR: 0.000063
EarlyStopping counter: 11 out of 100
Current Time: 10-13-38 | Epoch: 078 | Train_Loss: 1.2744 | Train_MAPE: 0.0487 | Train_RMSE: 2.2626 | Valid_Loss: 1.9818 | Valid_RMSE: 2.9596 | Valid_MAPE: 0.0800 | LR: 0.000063
EarlyStopping counter: 12 out of 100
Current Time: 10-13-38 | Epoch: 079 | Train_Loss: 1.2743 | Train_MAPE: 0.0487 | Train_RMSE: 2.2623 | Valid_Loss: 1.9813 | Valid_RMSE: 2.9612 | Valid_MAPE: 0.0802 | LR: 0.000063
EarlyStopping counter: 13 out of 100
predict shape:  (18, 32, 6, 627)
Test MAE: 1.98 | Test RMSE: 2.96 | Test MAPE: 8.19 |
Average Training Time: 8.4803 secs/epoch
Average Inference Time: 0.7547 secs/epoch
Spend Time: 742.0230913162231
