Load dataset: 2.90s...
float64
Load adjacent matrix: 0.01s...
Whole trainining iteration is 54
Current Time: 10-09-01 | Epoch: 001 | Train_Loss: 4.0967 | Train_MAPE: 0.1483 | Train_RMSE: 6.0063 | Valid_Loss: 2.8678 | Valid_RMSE: 4.1440 | Valid_MAPE: 0.1164 | LR: 0.002000
Current Time: 10-09-02 | Epoch: 002 | Train_Loss: 2.2227 | Train_MAPE: 0.0848 | Train_RMSE: 3.2572 | Valid_Loss: 2.3016 | Valid_RMSE: 3.3873 | Valid_MAPE: 0.0935 | LR: 0.001000
Current Time: 10-09-02 | Epoch: 003 | Train_Loss: 1.9133 | Train_MAPE: 0.0727 | Train_RMSE: 2.8966 | Valid_Loss: 2.4813 | Valid_RMSE: 3.5033 | Valid_MAPE: 0.1041 | LR: 0.001000
EarlyStopping counter: 1 out of 100
Current Time: 10-09-02 | Epoch: 004 | Train_Loss: 1.7622 | Train_MAPE: 0.0671 | Train_RMSE: 2.7025 | Valid_Loss: 2.1928 | Valid_RMSE: 3.1707 | Valid_MAPE: 0.0891 | LR: 0.001000
Current Time: 10-09-02 | Epoch: 005 | Train_Loss: 1.6966 | Train_MAPE: 0.0637 | Train_RMSE: 2.5901 | Valid_Loss: 2.3150 | Valid_RMSE: 3.2294 | Valid_MAPE: 0.0915 | LR: 0.001000
EarlyStopping counter: 1 out of 100
Current Time: 10-09-02 | Epoch: 006 | Train_Loss: 1.5480 | Train_MAPE: 0.0586 | Train_RMSE: 2.4204 | Valid_Loss: 2.2100 | Valid_RMSE: 3.1234 | Valid_MAPE: 0.0898 | LR: 0.001000
EarlyStopping counter: 2 out of 100
Current Time: 10-09-02 | Epoch: 007 | Train_Loss: 1.4923 | Train_MAPE: 0.0560 | Train_RMSE: 2.3454 | Valid_Loss: 2.1242 | Valid_RMSE: 3.0591 | Valid_MAPE: 0.0869 | LR: 0.001000
Current Time: 10-09-03 | Epoch: 008 | Train_Loss: 1.4262 | Train_MAPE: 0.0533 | Train_RMSE: 2.2701 | Valid_Loss: 2.0715 | Valid_RMSE: 2.9834 | Valid_MAPE: 0.0809 | LR: 0.001000
Current Time: 10-09-03 | Epoch: 009 | Train_Loss: 1.3783 | Train_MAPE: 0.0515 | Train_RMSE: 2.2087 | Valid_Loss: 2.1101 | Valid_RMSE: 3.0434 | Valid_MAPE: 0.0866 | LR: 0.001000
EarlyStopping counter: 1 out of 100
Current Time: 10-09-03 | Epoch: 010 | Train_Loss: 1.3112 | Train_MAPE: 0.0488 | Train_RMSE: 2.1476 | Valid_Loss: 2.0889 | Valid_RMSE: 3.0099 | Valid_MAPE: 0.0838 | LR: 0.001000
EarlyStopping counter: 2 out of 100
Current Time: 10-09-03 | Epoch: 011 | Train_Loss: 1.2880 | Train_MAPE: 0.0480 | Train_RMSE: 2.1163 | Valid_Loss: 2.1179 | Valid_RMSE: 3.0347 | Valid_MAPE: 0.0854 | LR: 0.001000
EarlyStopping counter: 3 out of 100
Current Time: 10-09-03 | Epoch: 012 | Train_Loss: 1.2373 | Train_MAPE: 0.0459 | Train_RMSE: 2.0689 | Valid_Loss: 2.1030 | Valid_RMSE: 3.0337 | Valid_MAPE: 0.0848 | LR: 0.001000
EarlyStopping counter: 4 out of 100
Current Time: 10-09-03 | Epoch: 013 | Train_Loss: 1.2293 | Train_MAPE: 0.0458 | Train_RMSE: 2.0544 | Valid_Loss: 2.1228 | Valid_RMSE: 3.0307 | Valid_MAPE: 0.0828 | LR: 0.001000
EarlyStopping counter: 5 out of 100
Current Time: 10-09-04 | Epoch: 014 | Train_Loss: 1.2000 | Train_MAPE: 0.0446 | Train_RMSE: 2.0234 | Valid_Loss: 2.1270 | Valid_RMSE: 3.0395 | Valid_MAPE: 0.0869 | LR: 0.001000
EarlyStopping counter: 6 out of 100
Current Time: 10-09-04 | Epoch: 015 | Train_Loss: 1.1726 | Train_MAPE: 0.0438 | Train_RMSE: 1.9980 | Valid_Loss: 2.0949 | Valid_RMSE: 2.9992 | Valid_MAPE: 0.0819 | LR: 0.001000
EarlyStopping counter: 7 out of 100
Current Time: 10-09-04 | Epoch: 016 | Train_Loss: 1.1558 | Train_MAPE: 0.0430 | Train_RMSE: 1.9785 | Valid_Loss: 2.0749 | Valid_RMSE: 2.9810 | Valid_MAPE: 0.0838 | LR: 0.001000
EarlyStopping counter: 8 out of 100
Current Time: 10-09-04 | Epoch: 017 | Train_Loss: 1.1459 | Train_MAPE: 0.0426 | Train_RMSE: 1.9686 | Valid_Loss: 2.0259 | Valid_RMSE: 2.9309 | Valid_MAPE: 0.0788 | LR: 0.001000
Current Time: 10-09-04 | Epoch: 018 | Train_Loss: 1.1459 | Train_MAPE: 0.0425 | Train_RMSE: 1.9627 | Valid_Loss: 2.0797 | Valid_RMSE: 2.9802 | Valid_MAPE: 0.0822 | LR: 0.001000
EarlyStopping counter: 1 out of 100
Current Time: 10-09-04 | Epoch: 019 | Train_Loss: 1.1099 | Train_MAPE: 0.0414 | Train_RMSE: 1.9327 | Valid_Loss: 2.0098 | Valid_RMSE: 2.9129 | Valid_MAPE: 0.0801 | LR: 0.001000
Current Time: 10-09-05 | Epoch: 020 | Train_Loss: 1.0839 | Train_MAPE: 0.0402 | Train_RMSE: 1.9106 | Valid_Loss: 2.0524 | Valid_RMSE: 2.9451 | Valid_MAPE: 0.0814 | LR: 0.001000
EarlyStopping counter: 1 out of 100
Current Time: 10-09-05 | Epoch: 021 | Train_Loss: 1.0789 | Train_MAPE: 0.0400 | Train_RMSE: 1.9010 | Valid_Loss: 2.1204 | Valid_RMSE: 3.0021 | Valid_MAPE: 0.0835 | LR: 0.001000
EarlyStopping counter: 2 out of 100
Current Time: 10-09-05 | Epoch: 022 | Train_Loss: 1.0558 | Train_MAPE: 0.0392 | Train_RMSE: 1.8804 | Valid_Loss: 2.0330 | Valid_RMSE: 2.9181 | Valid_MAPE: 0.0800 | LR: 0.001000
EarlyStopping counter: 3 out of 100
Current Time: 10-09-05 | Epoch: 023 | Train_Loss: 1.0509 | Train_MAPE: 0.0391 | Train_RMSE: 1.8718 | Valid_Loss: 1.9415 | Valid_RMSE: 2.8383 | Valid_MAPE: 0.0765 | LR: 0.001000
Current Time: 10-09-05 | Epoch: 024 | Train_Loss: 1.0537 | Train_MAPE: 0.0392 | Train_RMSE: 1.8683 | Valid_Loss: 1.9560 | Valid_RMSE: 2.8483 | Valid_MAPE: 0.0771 | LR: 0.001000
EarlyStopping counter: 1 out of 100
Current Time: 10-09-05 | Epoch: 025 | Train_Loss: 1.0429 | Train_MAPE: 0.0388 | Train_RMSE: 1.8579 | Valid_Loss: 1.9504 | Valid_RMSE: 2.8401 | Valid_MAPE: 0.0766 | LR: 0.001000
EarlyStopping counter: 2 out of 100
Current Time: 10-09-06 | Epoch: 026 | Train_Loss: 1.0340 | Train_MAPE: 0.0383 | Train_RMSE: 1.8500 | Valid_Loss: 2.0267 | Valid_RMSE: 2.9125 | Valid_MAPE: 0.0771 | LR: 0.001000
EarlyStopping counter: 3 out of 100
Current Time: 10-09-06 | Epoch: 027 | Train_Loss: 1.0266 | Train_MAPE: 0.0381 | Train_RMSE: 1.8425 | Valid_Loss: 2.0473 | Valid_RMSE: 2.9223 | Valid_MAPE: 0.0789 | LR: 0.001000
EarlyStopping counter: 4 out of 100
Current Time: 10-09-06 | Epoch: 028 | Train_Loss: 1.0205 | Train_MAPE: 0.0380 | Train_RMSE: 1.8347 | Valid_Loss: 1.9355 | Valid_RMSE: 2.8220 | Valid_MAPE: 0.0754 | LR: 0.001000
Current Time: 10-09-06 | Epoch: 029 | Train_Loss: 1.0032 | Train_MAPE: 0.0374 | Train_RMSE: 1.8186 | Valid_Loss: 2.0151 | Valid_RMSE: 2.8927 | Valid_MAPE: 0.0769 | LR: 0.001000
EarlyStopping counter: 1 out of 100
Current Time: 10-09-06 | Epoch: 030 | Train_Loss: 0.9950 | Train_MAPE: 0.0369 | Train_RMSE: 1.8112 | Valid_Loss: 1.9499 | Valid_RMSE: 2.8322 | Valid_MAPE: 0.0766 | LR: 0.001000
EarlyStopping counter: 2 out of 100
======== Start curriculum learning... reset the learning rate to 0.002. ========
Current Time: 10-09-06 | Epoch: 031 | Train_Loss: 1.0628 | Train_MAPE: 0.0395 | Train_RMSE: 1.8591 | Valid_Loss: 1.9090 | Valid_RMSE: 2.8038 | Valid_MAPE: 0.0757 | LR: 0.002000
Current Time: 10-09-07 | Epoch: 032 | Train_Loss: 1.0566 | Train_MAPE: 0.0390 | Train_RMSE: 1.8537 | Valid_Loss: 1.9273 | Valid_RMSE: 2.8180 | Valid_MAPE: 0.0757 | LR: 0.002000
EarlyStopping counter: 1 out of 100
Current Time: 10-09-07 | Epoch: 033 | Train_Loss: 1.0386 | Train_MAPE: 0.0380 | Train_RMSE: 1.8380 | Valid_Loss: 2.0657 | Valid_RMSE: 2.9522 | Valid_MAPE: 0.0791 | LR: 0.002000
EarlyStopping counter: 2 out of 100
Current Time: 10-09-07 | Epoch: 034 | Train_Loss: 1.0581 | Train_MAPE: 0.0387 | Train_RMSE: 1.8483 | Valid_Loss: 1.9357 | Valid_RMSE: 2.8186 | Valid_MAPE: 0.0756 | LR: 0.002000
EarlyStopping counter: 3 out of 100
Current Time: 10-09-07 | Epoch: 035 | Train_Loss: 1.0249 | Train_MAPE: 0.0377 | Train_RMSE: 1.8220 | Valid_Loss: 1.8900 | Valid_RMSE: 2.8013 | Valid_MAPE: 0.0756 | LR: 0.002000
Current Time: 10-09-07 | Epoch: 036 | Train_Loss: 1.0335 | Train_MAPE: 0.0386 | Train_RMSE: 1.8128 | Valid_Loss: 1.9282 | Valid_RMSE: 2.8115 | Valid_MAPE: 0.0772 | LR: 0.002000
EarlyStopping counter: 1 out of 100
Current Time: 10-09-07 | Epoch: 037 | Train_Loss: 1.0099 | Train_MAPE: 0.0373 | Train_RMSE: 1.7988 | Valid_Loss: 1.9247 | Valid_RMSE: 2.7911 | Valid_MAPE: 0.0740 | LR: 0.002000
EarlyStopping counter: 2 out of 100
Current Time: 10-09-07 | Epoch: 038 | Train_Loss: 1.0068 | Train_MAPE: 0.0378 | Train_RMSE: 1.7869 | Valid_Loss: 1.8645 | Valid_RMSE: 2.7526 | Valid_MAPE: 0.0736 | LR: 0.002000
Current Time: 10-09-08 | Epoch: 039 | Train_Loss: 0.9428 | Train_MAPE: 0.0349 | Train_RMSE: 1.7444 | Valid_Loss: 1.8605 | Valid_RMSE: 2.7445 | Valid_MAPE: 0.0735 | LR: 0.001000
Current Time: 10-09-08 | Epoch: 040 | Train_Loss: 0.9167 | Train_MAPE: 0.0342 | Train_RMSE: 1.7202 | Valid_Loss: 1.9353 | Valid_RMSE: 2.8132 | Valid_MAPE: 0.0775 | LR: 0.001000
EarlyStopping counter: 1 out of 100
Current Time: 10-09-08 | Epoch: 041 | Train_Loss: 0.9041 | Train_MAPE: 0.0338 | Train_RMSE: 1.7119 | Valid_Loss: 1.9343 | Valid_RMSE: 2.8026 | Valid_MAPE: 0.0751 | LR: 0.001000
EarlyStopping counter: 2 out of 100
Current Time: 10-09-08 | Epoch: 042 | Train_Loss: 0.8807 | Train_MAPE: 0.0328 | Train_RMSE: 1.6957 | Valid_Loss: 1.9009 | Valid_RMSE: 2.7706 | Valid_MAPE: 0.0741 | LR: 0.001000
EarlyStopping counter: 3 out of 100
Current Time: 10-09-08 | Epoch: 043 | Train_Loss: 0.8849 | Train_MAPE: 0.0329 | Train_RMSE: 1.6932 | Valid_Loss: 1.9365 | Valid_RMSE: 2.7987 | Valid_MAPE: 0.0742 | LR: 0.001000
EarlyStopping counter: 4 out of 100
Current Time: 10-09-08 | Epoch: 044 | Train_Loss: 0.8930 | Train_MAPE: 0.0333 | Train_RMSE: 1.6929 | Valid_Loss: 1.9133 | Valid_RMSE: 2.7888 | Valid_MAPE: 0.0767 | LR: 0.001000
EarlyStopping counter: 5 out of 100
Current Time: 10-09-09 | Epoch: 045 | Train_Loss: 0.8715 | Train_MAPE: 0.0324 | Train_RMSE: 1.6810 | Valid_Loss: 1.8760 | Valid_RMSE: 2.7562 | Valid_MAPE: 0.0752 | LR: 0.001000
EarlyStopping counter: 6 out of 100
Current Time: 10-09-09 | Epoch: 046 | Train_Loss: 0.8869 | Train_MAPE: 0.0331 | Train_RMSE: 1.6851 | Valid_Loss: 1.9004 | Valid_RMSE: 2.7694 | Valid_MAPE: 0.0740 | LR: 0.001000
EarlyStopping counter: 7 out of 100
Current Time: 10-09-09 | Epoch: 047 | Train_Loss: 0.8450 | Train_MAPE: 0.0315 | Train_RMSE: 1.6598 | Valid_Loss: 1.8763 | Valid_RMSE: 2.7463 | Valid_MAPE: 0.0737 | LR: 0.000500
EarlyStopping counter: 8 out of 100
Current Time: 10-09-09 | Epoch: 048 | Train_Loss: 0.8381 | Train_MAPE: 0.0313 | Train_RMSE: 1.6519 | Valid_Loss: 1.8874 | Valid_RMSE: 2.7561 | Valid_MAPE: 0.0740 | LR: 0.000500
EarlyStopping counter: 9 out of 100
Current Time: 10-09-09 | Epoch: 049 | Train_Loss: 0.8346 | Train_MAPE: 0.0311 | Train_RMSE: 1.6481 | Valid_Loss: 1.8870 | Valid_RMSE: 2.7536 | Valid_MAPE: 0.0738 | LR: 0.000500
EarlyStopping counter: 10 out of 100
Current Time: 10-09-09 | Epoch: 050 | Train_Loss: 0.8304 | Train_MAPE: 0.0310 | Train_RMSE: 1.6466 | Valid_Loss: 1.8715 | Valid_RMSE: 2.7388 | Valid_MAPE: 0.0734 | LR: 0.000500
EarlyStopping counter: 11 out of 100
Current Time: 10-09-10 | Epoch: 051 | Train_Loss: 0.8271 | Train_MAPE: 0.0309 | Train_RMSE: 1.6417 | Valid_Loss: 1.8897 | Valid_RMSE: 2.7568 | Valid_MAPE: 0.0748 | LR: 0.000500
EarlyStopping counter: 12 out of 100
Current Time: 10-09-10 | Epoch: 052 | Train_Loss: 0.8225 | Train_MAPE: 0.0307 | Train_RMSE: 1.6363 | Valid_Loss: 1.8793 | Valid_RMSE: 2.7477 | Valid_MAPE: 0.0736 | LR: 0.000500
EarlyStopping counter: 13 out of 100
Current Time: 10-09-10 | Epoch: 053 | Train_Loss: 0.8210 | Train_MAPE: 0.0306 | Train_RMSE: 1.6363 | Valid_Loss: 1.8728 | Valid_RMSE: 2.7378 | Valid_MAPE: 0.0729 | LR: 0.000500
EarlyStopping counter: 14 out of 100
Current Time: 10-09-10 | Epoch: 054 | Train_Loss: 0.8192 | Train_MAPE: 0.0306 | Train_RMSE: 1.6317 | Valid_Loss: 1.8815 | Valid_RMSE: 2.7486 | Valid_MAPE: 0.0737 | LR: 0.000500
EarlyStopping counter: 15 out of 100
Current Time: 10-09-10 | Epoch: 055 | Train_Loss: 0.8121 | Train_MAPE: 0.0303 | Train_RMSE: 1.6273 | Valid_Loss: 1.8687 | Valid_RMSE: 2.7357 | Valid_MAPE: 0.0732 | LR: 0.000250
EarlyStopping counter: 16 out of 100
Current Time: 10-09-10 | Epoch: 056 | Train_Loss: 0.8100 | Train_MAPE: 0.0302 | Train_RMSE: 1.6248 | Valid_Loss: 1.8593 | Valid_RMSE: 2.7269 | Valid_MAPE: 0.0730 | LR: 0.000250
Current Time: 10-09-10 | Epoch: 057 | Train_Loss: 0.8081 | Train_MAPE: 0.0302 | Train_RMSE: 1.6227 | Valid_Loss: 1.8684 | Valid_RMSE: 2.7353 | Valid_MAPE: 0.0735 | LR: 0.000250
EarlyStopping counter: 1 out of 100
Current Time: 10-09-11 | Epoch: 058 | Train_Loss: 0.8066 | Train_MAPE: 0.0301 | Train_RMSE: 1.6205 | Valid_Loss: 1.8693 | Valid_RMSE: 2.7359 | Valid_MAPE: 0.0735 | LR: 0.000250
EarlyStopping counter: 2 out of 100
Current Time: 10-09-11 | Epoch: 059 | Train_Loss: 0.8047 | Train_MAPE: 0.0300 | Train_RMSE: 1.6191 | Valid_Loss: 1.8646 | Valid_RMSE: 2.7302 | Valid_MAPE: 0.0732 | LR: 0.000250
EarlyStopping counter: 3 out of 100
Current Time: 10-09-11 | Epoch: 060 | Train_Loss: 0.8027 | Train_MAPE: 0.0300 | Train_RMSE: 1.6166 | Valid_Loss: 1.8596 | Valid_RMSE: 2.7275 | Valid_MAPE: 0.0735 | LR: 0.000250
EarlyStopping counter: 4 out of 100
Current Time: 10-09-11 | Epoch: 061 | Train_Loss: 0.8008 | Train_MAPE: 0.0299 | Train_RMSE: 1.6147 | Valid_Loss: 1.8583 | Valid_RMSE: 2.7248 | Valid_MAPE: 0.0731 | LR: 0.000250
Current Time: 10-09-11 | Epoch: 062 | Train_Loss: 0.7993 | Train_MAPE: 0.0299 | Train_RMSE: 1.6138 | Valid_Loss: 1.8744 | Valid_RMSE: 2.7402 | Valid_MAPE: 0.0740 | LR: 0.000250
EarlyStopping counter: 1 out of 100
Current Time: 10-09-11 | Epoch: 063 | Train_Loss: 0.7968 | Train_MAPE: 0.0298 | Train_RMSE: 1.6109 | Valid_Loss: 1.8572 | Valid_RMSE: 2.7243 | Valid_MAPE: 0.0731 | LR: 0.000125
Current Time: 10-09-12 | Epoch: 064 | Train_Loss: 0.7959 | Train_MAPE: 0.0297 | Train_RMSE: 1.6104 | Valid_Loss: 1.8563 | Valid_RMSE: 2.7221 | Valid_MAPE: 0.0729 | LR: 0.000125
Current Time: 10-09-12 | Epoch: 065 | Train_Loss: 0.7946 | Train_MAPE: 0.0297 | Train_RMSE: 1.6090 | Valid_Loss: 1.8616 | Valid_RMSE: 2.7265 | Valid_MAPE: 0.0732 | LR: 0.000125
EarlyStopping counter: 1 out of 100
Current Time: 10-09-12 | Epoch: 066 | Train_Loss: 0.7941 | Train_MAPE: 0.0297 | Train_RMSE: 1.6074 | Valid_Loss: 1.8593 | Valid_RMSE: 2.7260 | Valid_MAPE: 0.0733 | LR: 0.000125
EarlyStopping counter: 2 out of 100
Current Time: 10-09-12 | Epoch: 067 | Train_Loss: 0.7933 | Train_MAPE: 0.0296 | Train_RMSE: 1.6068 | Valid_Loss: 1.8637 | Valid_RMSE: 2.7296 | Valid_MAPE: 0.0733 | LR: 0.000125
EarlyStopping counter: 3 out of 100
Current Time: 10-09-12 | Epoch: 068 | Train_Loss: 0.7923 | Train_MAPE: 0.0296 | Train_RMSE: 1.6069 | Valid_Loss: 1.8618 | Valid_RMSE: 2.7261 | Valid_MAPE: 0.0732 | LR: 0.000125
EarlyStopping counter: 4 out of 100
Current Time: 10-09-12 | Epoch: 069 | Train_Loss: 0.7913 | Train_MAPE: 0.0296 | Train_RMSE: 1.6059 | Valid_Loss: 1.8606 | Valid_RMSE: 2.7252 | Valid_MAPE: 0.0731 | LR: 0.000125
EarlyStopping counter: 5 out of 100
Current Time: 10-09-12 | Epoch: 070 | Train_Loss: 0.7902 | Train_MAPE: 0.0295 | Train_RMSE: 1.6045 | Valid_Loss: 1.8655 | Valid_RMSE: 2.7299 | Valid_MAPE: 0.0733 | LR: 0.000125
EarlyStopping counter: 6 out of 100
Current Time: 10-09-13 | Epoch: 071 | Train_Loss: 0.7889 | Train_MAPE: 0.0295 | Train_RMSE: 1.6040 | Valid_Loss: 1.8597 | Valid_RMSE: 2.7241 | Valid_MAPE: 0.0730 | LR: 0.000063
EarlyStopping counter: 7 out of 100
Current Time: 10-09-13 | Epoch: 072 | Train_Loss: 0.7884 | Train_MAPE: 0.0295 | Train_RMSE: 1.6032 | Valid_Loss: 1.8592 | Valid_RMSE: 2.7236 | Valid_MAPE: 0.0731 | LR: 0.000063
EarlyStopping counter: 8 out of 100
Current Time: 10-09-13 | Epoch: 073 | Train_Loss: 0.7882 | Train_MAPE: 0.0294 | Train_RMSE: 1.6026 | Valid_Loss: 1.8510 | Valid_RMSE: 2.7165 | Valid_MAPE: 0.0728 | LR: 0.000063
Current Time: 10-09-13 | Epoch: 074 | Train_Loss: 0.7877 | Train_MAPE: 0.0294 | Train_RMSE: 1.6032 | Valid_Loss: 1.8581 | Valid_RMSE: 2.7234 | Valid_MAPE: 0.0731 | LR: 0.000063
EarlyStopping counter: 1 out of 100
Current Time: 10-09-13 | Epoch: 075 | Train_Loss: 0.7870 | Train_MAPE: 0.0294 | Train_RMSE: 1.6013 | Valid_Loss: 1.8549 | Valid_RMSE: 2.7200 | Valid_MAPE: 0.0729 | LR: 0.000063
EarlyStopping counter: 2 out of 100
Current Time: 10-09-13 | Epoch: 076 | Train_Loss: 0.7867 | Train_MAPE: 0.0294 | Train_RMSE: 1.6006 | Valid_Loss: 1.8542 | Valid_RMSE: 2.7191 | Valid_MAPE: 0.0728 | LR: 0.000063
EarlyStopping counter: 3 out of 100
Current Time: 10-09-14 | Epoch: 077 | Train_Loss: 0.7857 | Train_MAPE: 0.0294 | Train_RMSE: 1.6009 | Valid_Loss: 1.8563 | Valid_RMSE: 2.7214 | Valid_MAPE: 0.0730 | LR: 0.000063
EarlyStopping counter: 4 out of 100
Current Time: 10-09-14 | Epoch: 078 | Train_Loss: 0.7852 | Train_MAPE: 0.0293 | Train_RMSE: 1.5980 | Valid_Loss: 1.8552 | Valid_RMSE: 2.7191 | Valid_MAPE: 0.0728 | LR: 0.000063
EarlyStopping counter: 5 out of 100
Current Time: 10-09-14 | Epoch: 079 | Train_Loss: 0.7850 | Train_MAPE: 0.0293 | Train_RMSE: 1.5975 | Valid_Loss: 1.8551 | Valid_RMSE: 2.7184 | Valid_MAPE: 0.0727 | LR: 0.000063
EarlyStopping counter: 6 out of 100
predict shape:  (18, 32, 6, 627)
Test MAE: 1.85 | Test RMSE: 2.72 | Test MAPE: 7.40 |
Average Training Time: 8.7613 secs/epoch
Average Inference Time: 0.7674 secs/epoch
Spend Time: 768.1997089385986
