
*********************************
Starting  Chengdu  dropout experiment

0.9766081614153725
0.8573085793427059
0.839286778654371
0.710775864975793
0.7191569805145264
0.5537583529949188
0.5895292652504784
0.550697535276413
0.5396991946867534
0.47280154483658926
0.5799258117164884
0.49323875989232746
0.4494167012827737
0.4371053470032556
0.43179086063589367
0.42957232679639545
0.44369856800351826
0.4432920494249889
0.5491209221737725
0.4954137014491217
0.4453288699899401
0.43059773104531424
0.42869454835142407
0.42717245221138
0.42560053510325296
0.4250785367829459
0.4245131356375558
0.4241421627146857
0.42415949276515413
0.42320122037615093
0.42275367038590567
0.42188366608960287
0.43566141171114786
0.43256748786994387
0.593450203537941
0.6552058671201978
0.5335323214530945
0.44784542279584066
0.4312266537121364
0.4262453998838152
0.4252903589180538
0.42323810500758036
0.42318310482161386
0.42174271387713297
0.4213865101337433
0.42081147645201
0.421196100967271
0.42119319311210085
0.42018567451408934
0.4205523984772818
0.42008731833526064
0.42069131561688017
0.4191800888095583
0.41865906545094084
0.4180684174810137
0.41842047018664225
0.417454862168857
0.41677984595298767
0.41581074041979654
0.4134417921304703
0.41139342316559385
0.40936181587832315
0.40681212288992746
0.4055954899106707
0.4213678113051823
0.4052612440926688
0.4269591250589916
0.4235336695398603
0.4018917147602354
0.397456984434809
0.3949379729373114
0.392282634973526
0.3916769410882677
0.39028753127370563
0.3893920821802957
0.3885106295347214
0.38806669626917156
0.38716339639254976
0.38621424777167185
0.38682634064129423
0.3862358672278268
0.38489807503564016
0.38462785950728823
0.3843555109841483
0.38359921319144114
0.3835015084062304
0.382922147001539
0.38379707506724764
0.3828132301568985
0.38288084736892153
0.3830521894352777
0.3831352399928229
0.3824595532246998
0.3819393345287868
0.3816556526081903
0.38126874395779203
0.3812844178506306
0.38079041455473217
0.37989199800150736
0.3804818902696882
MAE 2.617 RMSE 3.801 MAPE 11.878
Spend Time: 872.4999833106995
