
*********************************
Starting  Chengdu  dropout experiment

0.9755747403417315
0.8541674060480935
0.7950184430394854
0.7070486971310207
0.6460385322570801
0.49895037497792927
0.5735386865479606
0.47072010593754904
0.47715653266225544
0.4534114748239517
0.5623494471822467
0.5125841817685536
0.46120261933122364
0.44574656231062754
0.4386807999440602
0.4351358115673065
0.4736404802118029
0.44765420470918926
0.5375660146985736
0.47190332199845997
0.44513650238513947
0.4341973641089031
0.4311935965503965
0.42857070905821665
0.42769476984228405
0.4260149321385792
0.42578692734241486
0.4253068098000118
0.4256401147161211
0.4242375301463263
0.42514605820178986
0.4246105956179755
0.4365009750638689
0.42792437970638275
0.45748613136155264
0.46073407573359354
0.4371452714715685
0.4309455007314682
0.44398174967084614
0.4245292331491198
0.4221260015453611
0.42140056618622374
0.4206354703222002
0.42007834357874735
0.4209411484854562
0.42038659538541523
0.4207623856408255
0.420077240892819
0.41995738446712494
0.4193633496761322
0.41935080928461893
0.41952115084443775
0.41909004747867584
0.4187432570116861
0.41774228640965055
0.4175665208271572
0.41605061505522045
0.414863075528826
0.41461565239088877
0.41383901451315197
0.41133938304015566
0.40978156881672995
0.40856544247695376
0.4068583973816463
0.4169130878789084
0.40824122939790997
0.4326656780072621
0.4424935110977718
0.4164090539727892
0.4069967269897461
0.4047508580344064
0.40394573339394163
0.40352654669966015
0.40318448415824343
0.4022709514413561
0.401524726833616
0.40065579542091917
0.4011354446411133
0.40002590843609404
0.3999111694949014
0.39939899103982107
0.39936551451683044
0.39801371310438427
0.3981601276568004
0.3979115017822811
0.3973501686538969
0.39668327144214083
0.3951075715678079
0.3955236566918237
0.39456857315131594
0.39470026961394716
0.39433382664408
0.3939864763191768
0.3933396616152355
0.3927614688873291
0.39230368392808096
0.39284983915942057
0.3924322213445391
0.39101832679339815
0.39081208195005146
MAE 2.684 RMSE 3.877 MAPE 12.360
Spend Time: 1503.088639497757
