
*********************************
Starting  Chengdu  dropout experiment

0.9772975615092686
0.8580426148005894
0.7968314843518394
0.6781157978943416
0.6124820922102246
0.48430880691323963
0.987156582730157
0.7791472673416138
0.5681668498686382
0.4773292711802891
0.5485816576651165
0.45764180592128206
0.445861463035856
0.4394587576389313
0.43557641335896086
0.4364576403583799
0.4766003851379667
0.4416205393416541
0.4688726216554642
0.46619818678924013
0.4659318285329001
0.4389414020947048
0.4310076172862734
0.4286062461989267
0.42774659395217896
0.42626489273139406
0.4263490268162319
0.42546687381608145
0.4263795805828912
0.4249742478132248
0.425802264894758
0.4253877635513033
0.44193003858838764
0.4310432310615267
0.4531244145972388
0.4333219336611884
0.428191996046475
0.4248794679130827
0.4243569757257189
0.42376147849219187
0.42292220677648273
0.42283499453748974
0.4222540089062282
0.42185814891542706
0.4224265473229544
0.4219562177147184
0.42220829001494814
0.42125023688588825
0.4212378795657839
0.4203613315309797
0.4199754127434322
0.4200909733772278
0.4195843828575952
0.4189006005014692
0.4174820418868746
0.41654701956680845
0.4158980654818671
0.4142293099846159
0.41268850437232424
0.4118367965732302
0.41085116139480043
0.40960906020232607
0.4086328510727201
0.4067729243210384
0.42098505795001984
0.40782350514616283
0.4260872091565813
0.4185690326350076
0.40856965099062237
0.40500207458223614
0.40317434285368237
0.4027013523238046
0.4021116814443043
0.40193963263716015
0.40178644018513815
0.4006461777857372
0.3995484283992222
0.40002627457891193
0.39887077042034697
0.39832123475415365
0.3980726514543806
0.39833399866308483
0.3966569687638964
0.3971071945769446
0.3962211608886719
0.3950852645295007
0.39399596197264536
0.39235795395714895
0.39155187777110506
0.38968066232545034
0.3887935983283179
0.3871280040059771
0.3865020658288683
0.3862966171332768
0.3852749743631908
0.38413589341299875
0.3839877929006304
0.38387346480573925
0.3821002244949341
0.3817928859165737
MAE 2.633 RMSE 3.815 MAPE 11.968
Spend Time: 901.260823726654
