
*********************************
Starting  METR-LA  dropout experiment

0.8363119810819626
0.7914750836789608
0.7743545435369015
0.7388607151806355
0.7281589657068253
0.7026410661637783
0.762599527835846
0.6798432134091854
0.6545190773904324
0.6494510062038898
0.726445946842432
0.6670324690639973
0.6433363035321236
0.6333047933876514
0.6319929994642735
0.6272166408598423
0.6363312900066376
0.6316300481557846
0.6620185151696205
0.6339023262262344
0.6254271380603313
0.6213208176195621
0.6193493120372295
0.6187119334936142
0.6202070005238056
0.6148517653346062
0.6159463934600353
0.6121258251369
0.6096431389451027
0.6057022586464882
0.5975754968822002
0.5890755541622639
0.5942791923880577
0.5859206095337868
0.69645856320858
0.6615090481936932
0.606059767305851
0.6128186546266079
0.6105062514543533
0.5843482576310635
0.577047411352396
0.5761280581355095
0.5741411596536636
0.5739492364227772
0.5727546028792858
0.570451132953167
0.5692162960767746
0.5663470923900604
0.5645521432161331
0.5626826547086239
0.5584743954241276
0.5553894490003586
0.5517524108290672
0.5486280918121338
0.5429229028522968
0.5395154822617769
0.5331491120159626
0.5299421418458223
0.5234886165708303
0.5198164116591215
0.515214879065752
0.5097898803651333
0.5039288531988859
0.49920075200498104
0.5245770234614611
0.5271196905523539
0.8481894135475159
0.6466479673981667
0.5708847232162952
0.5515196807682514
0.5331420265138149
0.5185399278998375
0.5129866600036621
0.5087199583649635
0.5056737288832664
0.5043164361268282
0.49819728173315525
0.4970233477652073
0.49250588566064835
0.48829218558967113
0.4865013640373945
0.48673974350094795
0.4827328026294708
0.4809432439506054
0.476952388882637
0.4775462616235018
0.47568260319530964
0.4746906403452158
0.47165388613939285
0.46965883299708366
0.4680721294134855
0.4661688655614853
0.46454896964132786
0.4635121077299118
0.4623402301222086
0.46070509776473045
0.45900924131274223
0.45677325502038
0.4557413123548031
0.45535679534077644
MAE 6.841 RMSE 11.985 MAPE 13.389
Spend Time: 919.368262052536
