
*********************************
Starting  METR-LA  dropout experiment

0.9204009845852852
0.8678612075746059
0.7968866974115372
0.6971787363290787
0.7048288434743881
0.6581178829073906
0.7622614279389381
0.662084273993969
0.6437141373753548
0.6392340660095215
0.8590492308139801
0.7589056491851807
0.6523061953485012
0.6318071447312832
0.631459329277277
0.6278840228915215
0.6365218609571457
0.6271772235631943
0.75413753464818
0.7432087436318398
0.653754685074091
0.6246354281902313
0.6161426939070225
0.6106145903468132
0.6062075383961201
0.5955827608704567
0.5910090319812298
0.5846155099570751
0.5825553834438324
0.5804182961583138
0.5761114880442619
0.5732481591403484
0.5850304625928402
0.582437414675951
0.8363388329744339
0.7165714837610722
0.6322467103600502
0.5921947658061981
0.5792320892214775
0.5722214356064796
0.5670003406703472
0.5656736865639687
0.5637748129665852
0.5616561509668827
0.5611486472189426
0.5576025135815144
0.5551616735756397
0.551403034478426
0.5489370413124561
0.544093169271946
0.5391024053096771
0.5356118660420179
0.5324546787887812
0.5301936902105808
0.526199446991086
0.5248641557991505
0.5204478781670332
0.5192878302186728
0.5154984127730131
0.5135346855968237
0.510873207822442
0.5083771739155054
0.5056352242827415
0.5031384229660034
0.538248810917139
0.5382851250469685
0.8369759283959866
0.6618423573672771
0.5654318779706955
0.5785078443586826
0.5940534509718418
0.535637503489852
0.5196073893457651
0.511680668219924
0.5143583584576845
0.518651831895113
0.5068122185766697
0.5043072272092104
0.5023326072841883
0.5025827214121819
0.4981547202914953
0.4946096334606409
0.4907413460314274
0.4907892234623432
0.4897181708365679
0.48890980519354343
0.48914233036339283
0.4862670265138149
0.48328182473778725
0.48117392137646675
0.4809285122901201
0.4803443346172571
0.479469807818532
0.47798242047429085
0.4775375369936228
0.477730268612504
0.4749513268470764
0.47438913211226463
0.47407002188265324
0.47348420321941376
MAE 6.425 RMSE 11.450 MAPE 12.688
Spend Time: 961.018566608429
