
*********************************
Starting  METR-LA  dropout experiment

0.8343118615448475
0.7967156954109669
0.8007090948522091
0.7499578520655632
0.7411091923713684
0.7178271114826202
0.754991490393877
0.7120087258517742
0.6714889742434025
0.6561309732496738
0.7121516391634941
0.6803645715117455
0.646601527929306
0.6668657213449478
0.6409589424729347
0.631588239222765
0.6425175406038761
0.6319176368415356
0.6768672801554203
0.6624224372208118
0.6706211380660534
0.6308975555002689
0.6332224234938622
0.6244656667113304
0.6230964250862598
0.6215261667966843
0.6219153143465519
0.6211260221898556
0.6188167482614517
0.6135986931622028
0.6076446399092674
0.5955094918608665
0.5975524745881557
0.601195678114891
0.634174183011055
0.5963148213922977
0.5894172489643097
0.581011489033699
0.5789969079196453
0.5779750347137451
0.5747831054031849
0.5720017068088055
0.570419441908598
0.5723269395530224
0.5688181035220623
0.5662194676697254
0.5625849962234497
0.5609682463109493
0.5561412796378136
0.5554225780069828
0.5506027787923813
0.548569418489933
0.5484520383179188
0.542555246502161
0.5377983022481203
0.5355064775794744
0.5322119668126106
0.5281242039054632
0.5251791793853045
0.5185047425329685
0.5136535614728928
0.5093973986804485
0.5024175755679607
0.49870016798377037
0.5247377511113882
0.5119297206401825
0.6271280255168676
0.5890457108616829
0.5353051982820034
0.5110614951699972
0.5000050868839025
0.49558934941887856
0.49203905276954174
0.48734818398952484
0.4879202041774988
0.48556268215179443
0.4819392152130604
0.48175887390971184
0.48146930150687695
0.4755953047424555
0.47505568340420723
0.4722085688263178
0.4718966018408537
0.469516396522522
0.46692733094096184
0.4665283504873514
0.46598495729267597
0.4632571078836918
0.46012527495622635
0.4589374214410782
0.45858180336654186
0.45463981851935387
0.45380146987736225
0.45161633379757404
0.45029373466968536
0.44840624183416367
0.44628424011170864
0.44544623605906963
0.44357050210237503
0.4412848521023989
MAE 6.904 RMSE 12.100 MAPE 13.603
Spend Time: 884.9624061584473
