
*********************************
Starting  PEMS-BAY  dropout experiment

0.9767050345738729
0.8648829807837805
0.6603152478734652
0.6430384665727615
0.5669958864649137
0.6422912006576856
0.592404176791509
0.5596957604090372
0.558111476401488
0.5857354787488779
0.5624659657478333
0.5405051335692406
0.5334703226884207
0.5298572716613611
0.5252440658708414
0.5233615413308144
0.5250596938033899
0.5646649152040482
0.7426330472032229
0.5885313600301743
0.5288564252356688
0.5120729779203733
0.5077410538991293
0.5043494577209154
0.5005374575654665
0.4968545747299989
0.4943892794350783
0.49054210881392163
0.48781751717130345
0.48507540052135784
0.483105322966973
0.4813374529282252
0.5072775818407536
0.6130900929371516
0.5634384602308273
0.4967994752029578
0.4844958186149597
0.4783531265954177
0.47683260217309
0.4739001716176669
0.47190286964178085
0.4684855714440346
0.4662208879987399
0.46379682670036954
0.460321048895518
0.4589499148229758
0.45739861329396564
0.4557192375262578
0.45461856325467426
0.4528632511695226
0.4527362883090973
0.451097355534633
0.45042447621623677
0.4497152579327424
0.44826383888721466
0.4469714028139909
0.44603530938426655
0.44562122598290443
0.444365290304025
0.4439576491713524
0.44366366292039555
0.4441005811095238
0.4415864621599515
0.44001996889710426
0.46644818658630055
0.6098476462066174
0.5831440066297849
0.49302401517828304
0.4599616465469201
0.45027998462319374
0.4461381857593854
0.44399148349960643
0.4439062687257926
0.43943506975968677
0.43829403693477315
0.43630221237738925
0.4367255009710789
0.43435801317294437
0.4333404712378979
0.4329930829505126
0.4323781877756119
0.43125825251142186
0.430221622188886
0.4291784353554249
0.42856715619564056
0.4283166266977787
0.4272498885790507
0.42678437009453773
0.4263552303115527
0.4254940077662468
0.4243815019726753
0.4239242685337861
0.4243239549299081
0.4234632874528567
0.4235285942753156
0.4228321673969428
0.4211321423451106
0.4221293355027835
0.42099132761359215
0.42079804961880046
MAE 2.434 RMSE 4.656 MAPE 5.476
Spend Time: 1411.5845839977264
