
*********************************
Starting  PEMS-BAY  dropout experiment

0.9769904588659605
0.8965910176436106
0.7151921913027763
0.6590577314297358
0.5737952118118604
0.7330538704991341
0.6196398138999939
0.5559717553357283
0.5556432654460272
0.6094117412964503
0.575401338438193
0.5492937962214152
0.5435951066513857
0.5396024510264397
0.5365023910999298
0.5344388782978058
0.5430578912297884
0.5787850071986517
0.5731073742111524
0.5339640726645788
0.5265980002780756
0.5275961980223656
0.5229556386669477
0.5200571243961652
0.5165668639043967
0.5148606325189272
0.514182818432649
0.5123940532406172
0.5106609935561816
0.5085466342667738
0.5063200828929743
0.5041769792636236
0.51475457350413
0.5853258868058523
0.5833203569054604
0.5117643835643927
0.4971977360546589
0.49165356283386547
0.4900275096297264
0.489327027151982
0.487702543536822
0.4859861532847087
0.4858535851041476
0.48510994886358577
0.48255592584609985
0.4823799493412177
0.481211577852567
0.48065656671921414
0.47924309720595676
0.4776669070124626
0.4785301759839058
0.47726496309041977
0.4762742494543393
0.4765762674311797
0.47504714255531627
0.4729614891111851
0.47176019847393036
0.47137051075696945
0.47061598549286526
0.4700097168485324
0.4687020219862461
0.46729544550180435
0.4650959372520447
0.4636367845038573
0.48683932175238925
0.5661111536125342
0.5232621282339096
0.4751066192984581
0.4619034950931867
0.4583802781999111
0.4572009928524494
0.45567955325047177
0.4552010993162791
0.45347733795642853
0.45371051256855327
0.4507085221509139
0.45066384971141815
0.44885195791721344
0.44924277315537137
0.4488358174761136
0.4475059074660142
0.44646526997288066
0.4461374953389168
0.4453846924006939
0.4449448511004448
0.4447001653412978
0.44444313769539195
0.4432327126463254
0.4435016190012296
0.44212158024311066
0.4410932585597038
0.44062756250302
0.4409082494676113
0.43976448600490886
0.439770620316267
0.43866192549467087
0.4366530478000641
0.4377274364233017
0.4356243846317132
0.4351940453052521
MAE 2.536 RMSE 4.792 MAPE 5.712
Spend Time: 3840.4182846546173
