
*********************************
Starting  PEMS-BAY  dropout experiment

0.9688258344928423
0.8195245464642843
0.7058826188246409
0.6022761389613152
0.5761197619140148
0.5726560925443968
0.5579996034502983
0.5445203768710295
0.5494257745643457
0.5907531380653381
0.6727329144875208
0.5757440154751142
0.53590285902222
0.5298731550574303
0.5250273210306963
0.5229751318693161
0.556710680325826
1.0056922510266304
0.8171552792191505
0.6242228423555692
0.5696562205751737
0.5354329943656921
0.5229869770507017
0.5178568425277869
0.514514351884524
0.5135426918665568
0.5110911962886652
0.5087364402910074
0.506068746248881
0.5046587946514288
0.5037005307773749
0.5020536606510481
0.5185584078232447
0.5988259675602118
0.5418703183531761
0.5071580906709036
0.498765646169583
0.49370499203602475
0.49130196621020633
0.48851294194658595
0.48793794463078183
0.4865746535360813
0.48532632489999133
0.4842451711495717
0.48346126452088356
0.4825703538954258
0.4818469397723675
0.4801979089776675
0.4799569733440876
0.478819349159797
0.47874362394213676
0.4770103022456169
0.4765223264694214
0.47465432559450466
0.4721764475107193
0.4701625816524029
0.46743806699911755
0.4669029153883457
0.464780497054259
0.4629688027004401
0.46093875045577687
0.460028275847435
0.4592793546617031
0.45784199610352516
0.47906755035122234
0.580033135910829
0.5419246405363083
0.4754919608434041
0.4627232849597931
0.45965345079700154
0.4580310831467311
0.4566870480775833
0.45647263526916504
0.45449641967813176
0.4543675184249878
0.4529123169680436
0.45189446210861206
0.45161116123199463
0.4514299730459849
0.45092661678791046
0.44968228911360103
0.4478735327720642
0.44835150490204495
0.4479558604458968
0.4471706996361415
0.44657626872261363
0.4442595752576987
0.44353794554869336
0.4441118004421393
0.44239677985509235
0.44171742101510364
0.4415025971829891
0.4405912918349107
0.4399818939467271
0.4389974797765414
0.43845446531971294
0.4385881299773852
0.43615956604480743
0.4361465163528919
0.435250220199426
MAE 2.493 RMSE 4.718 MAPE 5.562
Spend Time: 1389.365561246872
