
*********************************
Starting  PEMS-BAY  dropout experiment

0.9725712537765503
0.8149582197268804
0.660235400001208
0.608217810591062
0.6352762629588445
0.735911950469017
0.6564525266488394
0.5649058918158213
0.5629514555136362
0.5748459622263908
0.5625737259785334
0.5474652983248234
0.5469428425033888
0.5414698049426079
0.5382509641349316
0.5342996182541052
0.5416863883535067
0.5832984546820322
0.5567008480429649
0.5342977754771709
0.5277676793436209
0.524357695132494
0.5234139896929264
0.5207452451189359
0.5189442945023378
0.5187126907209555
0.517324935644865
0.5152623554070791
0.5137036144733429
0.51264738291502
0.5120577377577623
0.51061008994778
0.5172107021013895
0.5747063060601553
0.5572143395741781
0.5159338898956776
0.5078477362791697
0.504435371607542
0.5033776039878527
0.5019527773062388
0.502730917185545
0.5013184485336145
0.5007698647677898
0.4995225171248118
0.4990650601685047
0.4972275917728742
0.49655398974816006
0.4940867945551872
0.49294089525938034
0.49128635600209236
0.48928024371465045
0.4872792350749175
0.4844738307098548
0.48042868574460346
0.4761477087934812
0.472051960726579
0.46815798059105873
0.4662601227561633
0.4633363497753938
0.460942925264438
0.4592742895086606
0.4573197190960248
0.45710798477133113
0.4554411396384239
0.4717918671667576
0.6411101967096329
0.5889190658926964
0.49142202362418175
0.46284398684899014
0.4573257528245449
0.4557418239613374
0.45414986088871956
0.45390962685147923
0.45168592656652135
0.4515820269783338
0.45009808242321014
0.449065829316775
0.4486842254797618
0.4483454612394174
0.4481690699855487
0.446751890083154
0.44487882032990456
0.4452932837108771
0.44500812143087387
0.44398025423288345
0.4429107643663883
0.4407681462665399
0.4403362311422825
0.4408974175651868
0.43984446053703624
0.4386194633940856
0.4386037128667037
0.4371766100327174
0.4369819549222787
0.43605728447437286
0.43549026797215146
0.4351024975379308
0.4333806522190571
0.43324391916394234
0.4327666101356347
MAE 2.526 RMSE 4.763 MAPE 5.655
Spend Time: 4418.965026140213
