
*********************************
Starting  Seattle  dropout experiment

0.9048599836726984
0.7070249977211157
0.6417315490543842
0.5972829734285673
0.6022443088392416
0.5913770782450835
0.5612183337410291
0.5551661917318901
0.5887510577837626
0.572313059742252
0.5479086066285769
0.5364664494991302
0.526681192840139
0.5216157616426548
0.5167228331168493
0.5100938640534878
0.6756369092812141
0.6405019188920656
0.5211965988079706
0.510259964192907
0.5034507221231858
0.4992423461129268
0.49812206750114757
0.4944654628634453
0.49173366526762646
0.48924527627726394
0.4871626279006402
0.4852863618483146
0.4828005830446879
0.48134623902539414
0.4799876697361469
0.4789871821800868
0.5517705598225197
0.5364944419513146
0.49497302373250324
0.4809804813315471
0.47776409549017745
0.4745019792268674
0.4730890492598216
0.4717169279853503
0.47062007151544094
0.47012183380623657
0.46871939736107987
0.4673164573808511
0.4663433327029149
0.4655836994449298
0.46433212980628014
0.4635113241771857
0.4625833183526993
0.4618242010474205
0.4605734422802925
0.4596503283828497
0.4588957279920578
0.45824496758480865
0.4569943019499381
0.4561276827007532
0.45528973266482353
0.4541012514382601
0.45306478813290596
0.4521630257368088
0.4516843184828758
0.4504815029601256
0.4495259206742048
0.44862474625309307
0.526842109238108
0.5230189599096775
0.4614461778352658
0.45395251860221225
0.4511388459553321
0.4492428818096717
0.4477779132624467
0.44657297370334464
0.44589628155032796
0.44460514063636464
0.4438070071240266
0.4429609676202138
0.4425106520454089
0.4416274664302667
0.44053264148533344
0.440097867200772
0.4393557955821355
0.43878989728788537
0.43771407442788285
0.43695707122484845
0.4366384657720725
0.43565898947417736
0.43485958812137443
0.4342656706770261
0.43375112178424996
0.4329086132347584
0.43229796923696995
0.4314342134942611
0.4306948681672414
0.4303519856184721
0.4293722150226434
0.42936512765785056
0.42841951300700504
0.42780456133186817
0.4270955491811037
0.4259514082223177
MAE 4.045 RMSE 6.485 MAPE 11.286
Spend Time: 4896.184663534164
