
*********************************
Starting  Seattle  dropout experiment

0.9111636479695638
0.7060521654784679
0.6525379034380118
0.6138444902996222
0.6109685661892096
0.5879782326519489
0.5642235067983469
0.5566132329404354
0.657724687208732
0.6343106254935265
0.5469131593902906
0.5351043759534756
0.5297095440328121
0.5257208837817112
0.5211926884949207
0.5176434113333622
0.6002656873315573
0.5923462597032388
0.5196082082887491
0.513106495141983
0.5106936407585939
0.5076358430087566
0.5028899231304725
0.49956603658696014
0.49575554641584557
0.49268328088025254
0.4903799643119176
0.4883372541517019
0.48588218726217747
0.48382209924360114
0.48170287037889165
0.4794787714878718
0.5896960366517305
0.564301103974382
0.48847730457782745
0.48156183771789074
0.4788444737593333
0.47676555315653485
0.47550213399032754
0.4734752544512351
0.47198097097376984
0.4708699646095435
0.4696245212107897
0.4679622141023477
0.466455502435565
0.4659425249944131
0.4642057865858078
0.46323525346815586
0.46206149458885193
0.46113496211667854
0.4594513686994712
0.45847410149872303
0.4569871587057908
0.4564560887714227
0.594186016668876
0.48728047311306
0.4737805376450221
0.4678009779502948
0.46528904760877293
0.46235319164892036
0.460568493232131
0.45879874875148136
0.45758711484571296
0.4560943264514208
0.5093205322821935
0.5531828217208385
0.4651911600182454
0.4584668477376302
0.45573440194129944
0.4557339691867431
0.45377875057359535
0.4514634273946285
0.45156296342611313
0.45236367856462795
0.44842271382610005
0.44743110115329426
0.44691674535473186
0.4453322235494852
0.4448162267605464
0.44381065604587394
0.44333458691835403
0.44240175746381283
0.4417695837716262
0.4411080678304036
0.4402599098781745
0.43957519593338173
0.4387037344276905
0.4677320433159669
0.446003304173549
0.4388691795368989
0.4374244747062524
0.43636533555885154
0.435432401796182
0.4347862222542365
0.4338507819920778
0.43306140042841434
0.43242469740410644
0.4317299922307332
0.431048587585489
0.43015770179529983
MAE 4.048 RMSE 6.530 MAPE 11.362
Spend Time: 4956.957838058472
