
*********************************
Starting  Seattle  dropout experiment

0.9178740382194519
0.7241810622314612
0.6786990538239479
0.5930885833998522
0.6332793148855368
0.5844506124655405
0.5551012928287188
0.5444083449741205
0.5807484624286493
0.5808325459559759
0.5338703511903683
0.5262105017900467
0.5217916655043761
0.517911701152722
0.5109623223543167
0.5043181255459785
0.7104870155453682
0.6414885011812052
0.5103993434458971
0.5003863529612621
0.49651350267231464
0.49359432359536487
0.49138216984768707
0.4892430752515793
0.4876003445436557
0.48541623912751675
0.4838365123917659
0.4819465794910987
0.4803357608616352
0.4787111561745405
0.4771386341502269
0.47579493559896946
0.5507745929062366
0.5333391657720009
0.48343591826657456
0.47799052732686204
0.4753629124412934
0.4737836793065071
0.47269556919733685
0.4712784302731355
0.4701698360343774
0.4688178648551305
0.467878936479489
0.4665633402764797
0.465189170713226
0.46423468614617985
0.46328528597950935
0.46197075334688026
0.4605511563519637
0.4595830862720807
0.45818437449634075
0.4572233234842618
0.45595362906654674
0.4552702810615301
0.4540667204807202
0.45274733006954193
0.4521677705148856
0.4508364386856556
0.44991896487772465
0.44874023894468945
0.4480182236681382
0.44691782382627326
0.4460549056529999
0.4451002062608798
0.5622962514559428
0.5267031956464052
0.4651642932246129
0.45266870968043804
0.4492370132356882
0.4476907551288605
0.44564319339891273
0.4446451918532451
0.4431441593915224
0.4420999474823475
0.44138060448070365
0.4406891508648793
0.43969526266058284
0.4390936301400264
0.4382612245778243
0.43755490332841873
0.4371440534790357
0.43625546743472415
0.43563478688399
0.4354954392959674
0.43428710599740344
0.4335817887137334
0.43283817544579506
0.43228296128412086
0.4316569014141957
0.43094940297305584
0.43017636115352315
0.4294960672656695
0.4287065180639426
0.42839325529833633
0.42740414291620255
0.4267799723893404
0.4260440270105998
0.42536191642284393
0.4249535898367564
0.42406477468709153
MAE 3.897 RMSE 6.233 MAPE 10.898
Spend Time: 2787.826438188553
