
*********************************
Starting  Seattle  dropout experiment

0.928437739610672
0.7388642157117525
0.6706899876395861
0.6193099766969681
0.6824351797501246
0.7226249600450197
0.5738872165481249
0.5617267278333505
0.8998634653786818
0.670919102927049
0.5701874693234762
0.5546061533192793
0.5490505217264096
0.5450319411853949
0.5409729064752659
0.5371003529677788
0.6141318380832672
0.5936242950459322
0.5358664660404125
0.5300539949287971
0.5267836563289165
0.523909899716576
0.5216842343409857
0.5191328786313534
0.5166740529239178
0.5156137285133203
0.5113006153454384
0.5079974246521791
0.5046918547401825
0.5015577425559362
0.4990895272543033
0.49665741498271626
0.5997869210938612
0.5467996628334125
0.49855699576437473
0.4953671358525753
0.49293866753578186
0.4915666561573744
0.49056387195984524
0.4886207158366839
0.48769569024443626
0.486538577824831
0.4855623909582694
0.4844515124956767
0.4835830442607403
0.48279479580620926
0.481622031579415
0.48073172258834046
0.4798702485859394
0.47897169801096123
0.47794312549134094
0.4769269364575545
0.47579071919123334
0.4747114659597476
0.4738040740291278
0.47264418688913185
0.4715002477169037
0.47036180334786576
0.4695127587765455
0.46785654065509635
0.4668238703161478
0.4655994698405266
0.4639634533474843
0.4633612396816413
0.5675069851179918
0.5539340476195017
0.4744902178645134
0.4675637601564328
0.4646249655634165
0.46289671895404655
0.46243899998565513
0.460139154146115
0.45877690861622494
0.4577701936165492
0.45698255983491737
0.4557663251956304
0.45485470816493034
0.4537862843523423
0.45327385887503624
0.45215453890462715
0.451318313057224
0.4505195418993632
0.4498199187219143
0.4488030057400465
0.448032080506285
0.44739351359506446
0.44613647026320297
0.44527900281051797
0.44433586734036606
0.4433465947707494
0.44265939605732757
0.44180521244804066
0.440890496596694
0.521452035754919
0.4569844715297222
0.4469382930546999
0.44375463761389256
0.4420981016010046
0.4406070001423359
0.43944507588942844
MAE 3.970 RMSE 6.378 MAPE 11.154
Spend Time: 2883.318977832794
