
*********************************
Starting  Shenzhen  dropout experiment

0.9751454208578382
0.8190511465072632
0.7091830628258842
0.5663327361856189
0.5460753887891769
0.4953313959496362
0.5240882060357502
0.4925171860626766
0.44688874057361055
0.41680246591567993
0.536294875400407
0.47680735162326265
0.4036588839122227
0.3574738821813038
0.3487392451081957
0.3444064344678606
0.3539420579160963
0.34634847939014435
0.4081972028527941
0.4051356336900166
0.3517373651266098
0.3463230963264193
0.34121682175568174
0.342248871922493
0.33912565452711924
0.3378574252128601
0.3371905727045877
0.33648589892046793
0.33646300647939953
0.33760814368724823
0.33750694138663156
0.3360569477081299
0.3612544281142099
0.34354947081633974
0.5096182290996824
0.5348317154816219
0.4465092101267406
0.37716560278620037
0.347510284611157
0.341088558946337
0.33769831912858145
0.3365061857870647
0.3364975494997842
0.335536533168384
0.33595043633665356
0.3350459039211273
0.3356754630804062
0.3354816160031727
0.3350882487637656
0.33502050808497835
0.3344823739358357
0.3350313561303275
0.3348308780363628
0.3354200039591108
0.33455211988517214
0.33422150569302694
0.3347801651273455
0.33354913549763815
0.3338211455515453
0.33372412834848675
0.3337283453771046
0.333976434809821
0.3340108075312206
0.33449661093098776
0.3461593176637377
0.3370130147252764
0.49740520332540783
0.40356305667332243
0.351587359394346
0.3398526119334357
0.35304405646664755
0.34099407281194416
0.33638681897095274
0.33448427489825655
0.334535824401038
0.33377874749047415
0.3341258295944759
0.3335686943360737
0.3337317534855434
0.3335858498300825
0.3329697719642094
0.33358376153877806
0.3332623669079372
0.33368822932243347
0.3330649073634829
0.33258641617638723
0.33291882276535034
0.33240329793521334
0.332187614270619
0.33238211487020763
0.33227813243865967
0.33243614222322193
0.33220681973866056
0.3323941720383508
0.3314792833157948
0.3317050039768219
0.33275442251137327
0.3318026640585491
0.331750356725284
0.33093670649187906
MAE 2.597 RMSE 3.912 MAPE 11.137
Spend Time: 933.4608297348022
