
*********************************
Starting  Shenzhen  dropout experiment

0.9682005005223411
0.7840085753372737
0.7253527215548924
0.5554343632289341
0.514870673418045
0.5003194404499871
0.546198553272656
0.4982171654701233
0.42992830702236723
0.3835778002228056
0.5414299879755292
0.5383608979838235
0.4326317970241819
0.3736887701920101
0.36028466480118887
0.3492487924439566
0.35982095130852293
0.3507394343614578
0.42876261259828297
0.3759801813534328
0.3554650694131851
0.34163881625447956
0.3390403091907501
0.33851135841437746
0.3378204958779471
0.3361846762044089
0.33672777456896646
0.3361258144889559
0.3365654242890222
0.33576507014887674
0.33632337621280123
0.33648363820144106
0.3735221837248121
0.34472158338342396
0.5104190579482487
0.4246165475675038
0.3719233104160854
0.34944535366126467
0.33819558577878134
0.33662089492593494
0.34004029631614685
0.33657401161534445
0.33534472967897144
0.3365217979465212
0.3352603869778769
0.33509707025119234
0.33401632947581156
0.33470561461789267
0.3350262237446649
0.33441896523748127
0.33486947417259216
0.33427278271743227
0.3339566077504839
0.3338638288634164
0.3333509521824973
0.3340782161269869
0.3334359952381679
0.3336243224995477
0.33414679978575024
0.3333834090403148
0.3327738770416805
0.3337761163711548
0.3333448065178735
0.33356226129191263
0.3447252001081194
0.35310342269284384
0.4990755958216531
0.547768235206604
0.38635754798139843
0.347158425620624
0.33778709173202515
0.3354756534099579
0.3350294551679066
0.33410354810101645
0.33513923627989634
0.33461934328079224
0.33955768602234976
0.33323079560484203
0.33337719312735964
0.33351880950587137
0.3328677500997271
0.34431299780096325
0.3345834506409509
0.3329771842275347
0.33299772228513447
0.3336704394647053
0.332694017461368
0.3330658461366381
0.3331149731363569
0.33358930689947947
0.3321656606027058
0.33175164461135864
0.33162825873919893
0.3305617421865463
0.33107065728732515
0.3306439880813871
0.32951850976262775
0.3289802883352552
0.32917010358401705
0.32843920588493347
MAE 2.550 RMSE 3.852 MAPE 11.013
Spend Time: 932.9963490962982
