Namespace(addaptadj=False, adjdata='datasets/{}/adj_mx.pkl', adjtype='doubletransition', aptonly=False, batch_size=64, dataset='Chengdu', device=0, dropout=0.3, epochs=100, expid=1, gcn_bool=False, in_dim=1, learning_rate=0.001, miss_mechanism='MAR', miss_ratio=0.5, nhid=32, patience=20, print_every=50, randomadj=False, save='baselines_save_model/graphwavenet', seed=2023, seq_length=6, weight_decay=0.0001)
start training...
Iter: 000, Train Loss: 0.783074
Epoch: 001, Inference Time: 0.4512 secs
Epoch: 001, Train Loss: 0.341652, Valid Loss: 1.788559, Valid MAE: 4.36, Valid RMSE: 5.61, Valid MAPE: 20.44, Training Time: 6.5348/epoch
Iter: 000, Train Loss: 0.246642
Epoch: 002, Inference Time: 0.4469 secs
Epoch: 002, Train Loss: 0.195652, Valid Loss: 1.140338, Valid MAE: 3.32, Valid RMSE: 4.37, Valid MAPE: 14.84, Training Time: 6.0505/epoch
Iter: 000, Train Loss: 0.188097
Epoch: 003, Inference Time: 0.4463 secs
Epoch: 003, Train Loss: 0.171748, Valid Loss: 1.068576, Valid MAE: 3.08, Valid RMSE: 4.10, Valid MAPE: 14.18, Training Time: 6.0410/epoch
Iter: 000, Train Loss: 0.189738
Epoch: 004, Inference Time: 0.4475 secs
Epoch: 004, Train Loss: 0.161919, Valid Loss: 0.905074, Valid MAE: 2.78, Valid RMSE: 3.81, Valid MAPE: 12.49, Training Time: 6.0303/epoch
Iter: 000, Train Loss: 0.169337
Epoch: 005, Inference Time: 0.4479 secs
Epoch: 005, Train Loss: 0.152338, Valid Loss: 0.828332, Valid MAE: 2.74, Valid RMSE: 3.77, Valid MAPE: 12.25, Training Time: 6.0207/epoch
Iter: 000, Train Loss: 0.155233
Epoch: 006, Inference Time: 0.4492 secs
Epoch: 006, Train Loss: 0.144491, Valid Loss: 0.799449, Valid MAE: 2.79, Valid RMSE: 3.81, Valid MAPE: 12.41, Training Time: 6.0272/epoch
Iter: 000, Train Loss: 0.152069
Epoch: 007, Inference Time: 0.4474 secs
Epoch: 007, Train Loss: 0.138261, Valid Loss: 0.809861, Valid MAE: 2.79, Valid RMSE: 3.81, Valid MAPE: 12.39, Training Time: 6.0391/epoch
Iter: 000, Train Loss: 0.151982
Epoch: 008, Inference Time: 0.4489 secs
Epoch: 008, Train Loss: 0.132077, Valid Loss: 0.800783, Valid MAE: 2.69, Valid RMSE: 3.72, Valid MAPE: 11.94, Training Time: 6.0323/epoch
Iter: 000, Train Loss: 0.151852
Epoch: 009, Inference Time: 0.4516 secs
Epoch: 009, Train Loss: 0.131794, Valid Loss: 0.700167, Valid MAE: 2.67, Valid RMSE: 3.70, Valid MAPE: 11.66, Training Time: 6.0355/epoch
Iter: 000, Train Loss: 0.134702
Epoch: 010, Inference Time: 0.4480 secs
Epoch: 010, Train Loss: 0.127062, Valid Loss: 0.685793, Valid MAE: 2.64, Valid RMSE: 3.68, Valid MAPE: 11.66, Training Time: 6.0372/epoch
Iter: 000, Train Loss: 0.131947
Epoch: 011, Inference Time: 0.4485 secs
Epoch: 011, Train Loss: 0.124542, Valid Loss: 0.703911, Valid MAE: 2.62, Valid RMSE: 3.66, Valid MAPE: 11.63, Training Time: 6.0349/epoch
Iter: 000, Train Loss: 0.135037
Epoch: 012, Inference Time: 0.4487 secs
Epoch: 012, Train Loss: 0.121216, Valid Loss: 0.709476, Valid MAE: 2.54, Valid RMSE: 3.58, Valid MAPE: 11.15, Training Time: 6.0250/epoch
Iter: 000, Train Loss: 0.133553
Epoch: 013, Inference Time: 0.4479 secs
Epoch: 013, Train Loss: 0.122160, Valid Loss: 0.682515, Valid MAE: 2.57, Valid RMSE: 3.61, Valid MAPE: 11.32, Training Time: 6.0359/epoch
Iter: 000, Train Loss: 0.129496
Epoch: 014, Inference Time: 0.4486 secs
Epoch: 014, Train Loss: 0.119909, Valid Loss: 0.619205, Valid MAE: 2.52, Valid RMSE: 3.56, Valid MAPE: 10.98, Training Time: 6.0508/epoch
Iter: 000, Train Loss: 0.119638
Epoch: 015, Inference Time: 0.4489 secs
Epoch: 015, Train Loss: 0.117304, Valid Loss: 0.618018, Valid MAE: 2.50, Valid RMSE: 3.54, Valid MAPE: 10.90, Training Time: 6.0444/epoch
Iter: 000, Train Loss: 0.120355
Epoch: 016, Inference Time: 0.4487 secs
Epoch: 016, Train Loss: 0.115486, Valid Loss: 0.642294, Valid MAE: 2.53, Valid RMSE: 3.57, Valid MAPE: 11.13, Training Time: 6.0375/epoch
Iter: 000, Train Loss: 0.123162
Epoch: 017, Inference Time: 0.4476 secs
Epoch: 017, Train Loss: 0.114118, Valid Loss: 0.666708, Valid MAE: 2.53, Valid RMSE: 3.56, Valid MAPE: 11.15, Training Time: 6.0403/epoch
Iter: 000, Train Loss: 0.125731
Epoch: 018, Inference Time: 0.4509 secs
Epoch: 018, Train Loss: 0.113596, Valid Loss: 0.617794, Valid MAE: 2.49, Valid RMSE: 3.53, Valid MAPE: 10.86, Training Time: 6.0376/epoch
Iter: 000, Train Loss: 0.118173
Epoch: 019, Inference Time: 0.4543 secs
Epoch: 019, Train Loss: 0.111712, Valid Loss: 0.625958, Valid MAE: 2.49, Valid RMSE: 3.53, Valid MAPE: 10.94, Training Time: 6.1165/epoch
Iter: 000, Train Loss: 0.119516
Epoch: 020, Inference Time: 0.4485 secs
Epoch: 020, Train Loss: 0.112940, Valid Loss: 0.585557, Valid MAE: 2.45, Valid RMSE: 3.49, Valid MAPE: 10.75, Training Time: 6.0389/epoch
Iter: 000, Train Loss: 0.112728
Epoch: 021, Inference Time: 0.4473 secs
Epoch: 021, Train Loss: 0.109453, Valid Loss: 0.584785, Valid MAE: 2.46, Valid RMSE: 3.50, Valid MAPE: 10.78, Training Time: 6.0301/epoch
Iter: 000, Train Loss: 0.114403
Epoch: 022, Inference Time: 0.4480 secs
Epoch: 022, Train Loss: 0.108511, Valid Loss: 0.628266, Valid MAE: 2.46, Valid RMSE: 3.49, Valid MAPE: 10.81, Training Time: 6.0366/epoch
Iter: 000, Train Loss: 0.119347
Epoch: 023, Inference Time: 0.4485 secs
Epoch: 023, Train Loss: 0.109068, Valid Loss: 0.569944, Valid MAE: 2.42, Valid RMSE: 3.45, Valid MAPE: 10.55, Training Time: 6.0423/epoch
Iter: 000, Train Loss: 0.108146
Epoch: 024, Inference Time: 0.4490 secs
Epoch: 024, Train Loss: 0.105823, Valid Loss: 0.591220, Valid MAE: 2.42, Valid RMSE: 3.45, Valid MAPE: 10.59, Training Time: 6.0343/epoch
Iter: 000, Train Loss: 0.112567
Epoch: 025, Inference Time: 0.4480 secs
Epoch: 025, Train Loss: 0.106352, Valid Loss: 0.562217, Valid MAE: 2.39, Valid RMSE: 3.42, Valid MAPE: 10.47, Training Time: 6.0351/epoch
Iter: 000, Train Loss: 0.108060
Epoch: 026, Inference Time: 0.4495 secs
Epoch: 026, Train Loss: 0.106182, Valid Loss: 0.622333, Valid MAE: 2.41, Valid RMSE: 3.43, Valid MAPE: 10.55, Training Time: 6.0420/epoch
Iter: 000, Train Loss: 0.117414
Epoch: 027, Inference Time: 0.4639 secs
Epoch: 027, Train Loss: 0.103765, Valid Loss: 0.592581, Valid MAE: 2.39, Valid RMSE: 3.42, Valid MAPE: 10.53, Training Time: 6.0765/epoch
Iter: 000, Train Loss: 0.114025
Epoch: 028, Inference Time: 0.4501 secs
Epoch: 028, Train Loss: 0.102993, Valid Loss: 0.540308, Valid MAE: 2.34, Valid RMSE: 3.37, Valid MAPE: 10.22, Training Time: 6.0509/epoch
Iter: 000, Train Loss: 0.105773
Epoch: 029, Inference Time: 0.4515 secs
Epoch: 029, Train Loss: 0.100861, Valid Loss: 0.547098, Valid MAE: 2.34, Valid RMSE: 3.36, Valid MAPE: 10.19, Training Time: 6.0404/epoch
Iter: 000, Train Loss: 0.105521
Epoch: 030, Inference Time: 0.4503 secs
Epoch: 030, Train Loss: 0.100552, Valid Loss: 0.552500, Valid MAE: 2.33, Valid RMSE: 3.35, Valid MAPE: 10.16, Training Time: 6.0355/epoch
Iter: 000, Train Loss: 0.106032
Epoch: 031, Inference Time: 0.4494 secs
Epoch: 031, Train Loss: 0.101641, Valid Loss: 0.584031, Valid MAE: 2.34, Valid RMSE: 3.36, Valid MAPE: 10.22, Training Time: 6.0403/epoch
Iter: 000, Train Loss: 0.111667
Epoch: 032, Inference Time: 0.4496 secs
Epoch: 032, Train Loss: 0.100560, Valid Loss: 0.514301, Valid MAE: 2.29, Valid RMSE: 3.31, Valid MAPE: 9.93, Training Time: 6.0410/epoch
Iter: 000, Train Loss: 0.100169
Epoch: 033, Inference Time: 0.4497 secs
Epoch: 033, Train Loss: 0.098391, Valid Loss: 0.559054, Valid MAE: 2.28, Valid RMSE: 3.30, Valid MAPE: 9.95, Training Time: 6.0479/epoch
Iter: 000, Train Loss: 0.107662
Epoch: 034, Inference Time: 0.4488 secs
Epoch: 034, Train Loss: 0.099419, Valid Loss: 0.555721, Valid MAE: 2.30, Valid RMSE: 3.32, Valid MAPE: 10.02, Training Time: 6.0411/epoch
Iter: 000, Train Loss: 0.106494
Epoch: 035, Inference Time: 0.4994 secs
Epoch: 035, Train Loss: 0.097718, Valid Loss: 0.503547, Valid MAE: 2.25, Valid RMSE: 3.27, Valid MAPE: 9.73, Training Time: 6.6071/epoch
Iter: 000, Train Loss: 0.098070
Epoch: 036, Inference Time: 0.4477 secs
Epoch: 036, Train Loss: 0.096615, Valid Loss: 0.526509, Valid MAE: 2.28, Valid RMSE: 3.29, Valid MAPE: 9.98, Training Time: 6.5428/epoch
Iter: 000, Train Loss: 0.101540
Epoch: 037, Inference Time: 0.4476 secs
Epoch: 037, Train Loss: 0.094865, Valid Loss: 0.561505, Valid MAE: 2.26, Valid RMSE: 3.28, Valid MAPE: 9.89, Training Time: 6.0433/epoch
Iter: 000, Train Loss: 0.106217
Epoch: 038, Inference Time: 0.4501 secs
Epoch: 038, Train Loss: 0.095268, Valid Loss: 0.514661, Valid MAE: 2.24, Valid RMSE: 3.25, Valid MAPE: 9.69, Training Time: 6.0339/epoch
Iter: 000, Train Loss: 0.099645
Epoch: 039, Inference Time: 0.4481 secs
Epoch: 039, Train Loss: 0.093861, Valid Loss: 0.516302, Valid MAE: 2.23, Valid RMSE: 3.24, Valid MAPE: 9.65, Training Time: 6.1003/epoch
Iter: 000, Train Loss: 0.100291
Epoch: 040, Inference Time: 0.4473 secs
Epoch: 040, Train Loss: 0.091982, Valid Loss: 0.517204, Valid MAE: 2.25, Valid RMSE: 3.26, Valid MAPE: 9.82, Training Time: 6.0381/epoch
Iter: 000, Train Loss: 0.099586
Epoch: 041, Inference Time: 0.4493 secs
Epoch: 041, Train Loss: 0.092276, Valid Loss: 0.485699, Valid MAE: 2.20, Valid RMSE: 3.21, Valid MAPE: 9.42, Training Time: 6.0411/epoch
Iter: 000, Train Loss: 0.094557
Epoch: 042, Inference Time: 0.4469 secs
Epoch: 042, Train Loss: 0.092231, Valid Loss: 0.548682, Valid MAE: 2.25, Valid RMSE: 3.26, Valid MAPE: 9.88, Training Time: 6.0313/epoch
Iter: 000, Train Loss: 0.104582
Epoch: 043, Inference Time: 0.4477 secs
Epoch: 043, Train Loss: 0.093160, Valid Loss: 0.479163, Valid MAE: 2.19, Valid RMSE: 3.21, Valid MAPE: 9.44, Training Time: 6.0373/epoch
Iter: 000, Train Loss: 0.091975
Epoch: 044, Inference Time: 0.4488 secs
Epoch: 044, Train Loss: 0.093127, Valid Loss: 0.502332, Valid MAE: 2.21, Valid RMSE: 3.22, Valid MAPE: 9.62, Training Time: 6.0316/epoch
Iter: 000, Train Loss: 0.098305
Epoch: 045, Inference Time: 0.4507 secs
Epoch: 045, Train Loss: 0.089599, Valid Loss: 0.507120, Valid MAE: 2.22, Valid RMSE: 3.22, Valid MAPE: 9.64, Training Time: 6.1131/epoch
Iter: 000, Train Loss: 0.097418
Epoch: 046, Inference Time: 0.4488 secs
Epoch: 046, Train Loss: 0.091021, Valid Loss: 0.524544, Valid MAE: 2.20, Valid RMSE: 3.21, Valid MAPE: 9.56, Training Time: 6.0639/epoch
Iter: 000, Train Loss: 0.100327
Epoch: 047, Inference Time: 0.4493 secs
Epoch: 047, Train Loss: 0.089205, Valid Loss: 0.492197, Valid MAE: 2.20, Valid RMSE: 3.20, Valid MAPE: 9.44, Training Time: 6.0602/epoch
Iter: 000, Train Loss: 0.095870
Epoch: 048, Inference Time: 0.4501 secs
Epoch: 048, Train Loss: 0.089932, Valid Loss: 0.557591, Valid MAE: 2.22, Valid RMSE: 3.22, Valid MAPE: 9.70, Training Time: 6.0501/epoch
Iter: 000, Train Loss: 0.106500
Epoch: 049, Inference Time: 0.4468 secs
Epoch: 049, Train Loss: 0.091495, Valid Loss: 0.507064, Valid MAE: 2.19, Valid RMSE: 3.20, Valid MAPE: 9.46, Training Time: 6.0512/epoch
Iter: 000, Train Loss: 0.097465
Epoch: 050, Inference Time: 0.4485 secs
Epoch: 050, Train Loss: 0.089941, Valid Loss: 0.504633, Valid MAE: 2.19, Valid RMSE: 3.19, Valid MAPE: 9.51, Training Time: 6.0377/epoch
Iter: 000, Train Loss: 0.097144
Epoch: 051, Inference Time: 0.4487 secs
Epoch: 051, Train Loss: 0.089068, Valid Loss: 0.474608, Valid MAE: 2.17, Valid RMSE: 3.17, Valid MAPE: 9.31, Training Time: 6.0459/epoch
Iter: 000, Train Loss: 0.092259
Epoch: 052, Inference Time: 0.4518 secs
Epoch: 052, Train Loss: 0.087685, Valid Loss: 0.541330, Valid MAE: 2.20, Valid RMSE: 3.21, Valid MAPE: 9.65, Training Time: 6.0664/epoch
Iter: 000, Train Loss: 0.102670
Epoch: 053, Inference Time: 0.4478 secs
Epoch: 053, Train Loss: 0.091057, Valid Loss: 0.537152, Valid MAE: 2.20, Valid RMSE: 3.21, Valid MAPE: 9.58, Training Time: 6.0711/epoch
Iter: 000, Train Loss: 0.101172
Epoch: 054, Inference Time: 0.4485 secs
Epoch: 054, Train Loss: 0.089949, Valid Loss: 0.506658, Valid MAE: 2.18, Valid RMSE: 3.19, Valid MAPE: 9.37, Training Time: 6.0458/epoch
Iter: 000, Train Loss: 0.096348
Epoch: 055, Inference Time: 0.4481 secs
Epoch: 055, Train Loss: 0.088923, Valid Loss: 0.545410, Valid MAE: 2.19, Valid RMSE: 3.20, Valid MAPE: 9.59, Training Time: 6.0452/epoch
Iter: 000, Train Loss: 0.103196
Epoch: 056, Inference Time: 0.4489 secs
Epoch: 056, Train Loss: 0.089379, Valid Loss: 0.579414, Valid MAE: 2.22, Valid RMSE: 3.23, Valid MAPE: 9.84, Training Time: 6.0401/epoch
Iter: 000, Train Loss: 0.107774
Epoch: 057, Inference Time: 0.4484 secs
Epoch: 057, Train Loss: 0.089848, Valid Loss: 0.499482, Valid MAE: 2.19, Valid RMSE: 3.20, Valid MAPE: 9.57, Training Time: 6.1011/epoch
Iter: 000, Train Loss: 0.096325
Epoch: 058, Inference Time: 0.4496 secs
Epoch: 058, Train Loss: 0.086121, Valid Loss: 0.465707, Valid MAE: 2.16, Valid RMSE: 3.17, Valid MAPE: 9.37, Training Time: 6.0428/epoch
Iter: 000, Train Loss: 0.091311
Epoch: 059, Inference Time: 0.4476 secs
Epoch: 059, Train Loss: 0.086328, Valid Loss: 0.497407, Valid MAE: 2.17, Valid RMSE: 3.18, Valid MAPE: 9.45, Training Time: 6.0390/epoch
Iter: 000, Train Loss: 0.095148
Epoch: 060, Inference Time: 0.4482 secs
Epoch: 060, Train Loss: 0.087184, Valid Loss: 0.559206, Valid MAE: 2.19, Valid RMSE: 3.20, Valid MAPE: 9.70, Training Time: 6.0460/epoch
Iter: 000, Train Loss: 0.103117
Epoch: 061, Inference Time: 0.4482 secs
Epoch: 061, Train Loss: 0.087074, Valid Loss: 0.525228, Valid MAE: 2.20, Valid RMSE: 3.20, Valid MAPE: 9.67, Training Time: 6.0502/epoch
Iter: 000, Train Loss: 0.098469
Epoch: 062, Inference Time: 0.4474 secs
Epoch: 062, Train Loss: 0.086976, Valid Loss: 0.574128, Valid MAE: 2.20, Valid RMSE: 3.20, Valid MAPE: 9.70, Training Time: 6.0351/epoch
Iter: 000, Train Loss: 0.103683
Epoch: 063, Inference Time: 0.4495 secs
Epoch: 063, Train Loss: 0.087018, Valid Loss: 0.538317, Valid MAE: 2.20, Valid RMSE: 3.20, Valid MAPE: 9.67, Training Time: 6.0332/epoch
Iter: 000, Train Loss: 0.098335
Epoch: 064, Inference Time: 0.4486 secs
Epoch: 064, Train Loss: 0.086087, Valid Loss: 0.549540, Valid MAE: 2.19, Valid RMSE: 3.19, Valid MAPE: 9.61, Training Time: 6.0587/epoch
Iter: 000, Train Loss: 0.101004
Epoch: 065, Inference Time: 0.4477 secs
Epoch: 065, Train Loss: 0.085160, Valid Loss: 0.537504, Valid MAE: 2.17, Valid RMSE: 3.17, Valid MAPE: 9.43, Training Time: 6.0458/epoch
Iter: 000, Train Loss: 0.099922
Epoch: 066, Inference Time: 0.4479 secs
Epoch: 066, Train Loss: 0.084375, Valid Loss: 0.493524, Valid MAE: 2.15, Valid RMSE: 3.15, Valid MAPE: 9.32, Training Time: 6.0383/epoch
Iter: 000, Train Loss: 0.094986
Epoch: 067, Inference Time: 0.4494 secs
Epoch: 067, Train Loss: 0.084934, Valid Loss: 0.519096, Valid MAE: 2.16, Valid RMSE: 3.16, Valid MAPE: 9.35, Training Time: 6.0441/epoch
Iter: 000, Train Loss: 0.098278
Epoch: 068, Inference Time: 0.4547 secs
Epoch: 068, Train Loss: 0.084718, Valid Loss: 0.518195, Valid MAE: 2.17, Valid RMSE: 3.17, Valid MAPE: 9.47, Training Time: 6.0973/epoch
Iter: 000, Train Loss: 0.098239
Epoch: 069, Inference Time: 0.4478 secs
Epoch: 069, Train Loss: 0.083828, Valid Loss: 0.524349, Valid MAE: 2.18, Valid RMSE: 3.18, Valid MAPE: 9.54, Training Time: 6.0691/epoch
Iter: 000, Train Loss: 0.098208
Epoch: 070, Inference Time: 0.4475 secs
Epoch: 070, Train Loss: 0.082817, Valid Loss: 0.471186, Valid MAE: 2.15, Valid RMSE: 3.14, Valid MAPE: 9.26, Training Time: 6.0614/epoch
Iter: 000, Train Loss: 0.090780
Epoch: 071, Inference Time: 0.4498 secs
Epoch: 071, Train Loss: 0.083201, Valid Loss: 0.510788, Valid MAE: 2.16, Valid RMSE: 3.16, Valid MAPE: 9.35, Training Time: 6.0549/epoch
Iter: 000, Train Loss: 0.097106
Epoch: 072, Inference Time: 0.4477 secs
Epoch: 072, Train Loss: 0.085108, Valid Loss: 0.518073, Valid MAE: 2.17, Valid RMSE: 3.17, Valid MAPE: 9.50, Training Time: 6.0434/epoch
Iter: 000, Train Loss: 0.098008
Epoch: 073, Inference Time: 0.4491 secs
Epoch: 073, Train Loss: 0.084036, Valid Loss: 0.547185, Valid MAE: 2.18, Valid RMSE: 3.18, Valid MAPE: 9.58, Training Time: 6.0334/epoch
Iter: 000, Train Loss: 0.100919
Epoch: 074, Inference Time: 0.4474 secs
Epoch: 074, Train Loss: 0.085339, Valid Loss: 0.506322, Valid MAE: 2.16, Valid RMSE: 3.16, Valid MAPE: 9.40, Training Time: 6.0475/epoch
Iter: 000, Train Loss: 0.094434
Epoch: 075, Inference Time: 0.4478 secs
Epoch: 075, Train Loss: 0.084358, Valid Loss: 0.496709, Valid MAE: 2.15, Valid RMSE: 3.15, Valid MAPE: 9.35, Training Time: 6.0372/epoch
Iter: 000, Train Loss: 0.094153
Epoch: 076, Inference Time: 0.4485 secs
Epoch: 076, Train Loss: 0.082448, Valid Loss: 0.505998, Valid MAE: 2.17, Valid RMSE: 3.17, Valid MAPE: 9.56, Training Time: 6.0365/epoch
Iter: 000, Train Loss: 0.095009
Epoch: 077, Inference Time: 0.4475 secs
Epoch: 077, Train Loss: 0.082296, Valid Loss: 0.520150, Valid MAE: 2.15, Valid RMSE: 3.15, Valid MAPE: 9.38, Training Time: 6.0342/epoch
Iter: 000, Train Loss: 0.096644
Epoch: 078, Inference Time: 0.4486 secs
Epoch: 078, Train Loss: 0.082782, Valid Loss: 0.563063, Valid MAE: 2.17, Valid RMSE: 3.16, Valid MAPE: 9.48, Training Time: 6.0375/epoch
Iter: 000, Train Loss: 0.103557
Epoch: 079, Inference Time: 0.4489 secs
Epoch: 079, Train Loss: 0.084227, Valid Loss: 0.491538, Valid MAE: 2.15, Valid RMSE: 3.15, Valid MAPE: 9.38, Training Time: 6.0326/epoch
Epoch:79 early stop!
Average Training Time: 6.0661 secs/epoch
Average Inference Time: 0.4496 secs
Test MAE: 2.136, Test RMSE: 3.125 Test MAPE: 9.221
Spend Time: 523.5003130435944
