Namespace(addaptadj=False, adjdata='datasets/{}/adj_mx.pkl', adjtype='doubletransition', aptonly=False, batch_size=64, dataset='Chengdu', device=0, dropout=0.3, epochs=100, expid=1, gcn_bool=False, in_dim=1, learning_rate=0.001, miss_mechanism='MNAR', miss_ratio=0.5, nhid=32, patience=20, print_every=50, randomadj=False, save='baselines_save_model/graphwavenet', seed=2023, seq_length=6, weight_decay=0.0001)
start training...
Iter: 000, Train Loss: 0.779835
Epoch: 001, Inference Time: 0.4489 secs
Epoch: 001, Train Loss: 0.394138, Valid Loss: 2.162796, Valid MAE: 4.75, Valid RMSE: 6.24, Valid MAPE: 21.49, Training Time: 6.6025/epoch
Iter: 000, Train Loss: 0.291205
Epoch: 002, Inference Time: 0.4457 secs
Epoch: 002, Train Loss: 0.256680, Valid Loss: 1.430648, Valid MAE: 3.61, Valid RMSE: 4.97, Valid MAPE: 16.45, Training Time: 6.0403/epoch
Iter: 000, Train Loss: 0.250251
Epoch: 003, Inference Time: 0.4470 secs
Epoch: 003, Train Loss: 0.233782, Valid Loss: 1.387877, Valid MAE: 3.46, Valid RMSE: 4.80, Valid MAPE: 15.98, Training Time: 6.0557/epoch
Iter: 000, Train Loss: 0.240395
Epoch: 004, Inference Time: 0.4495 secs
Epoch: 004, Train Loss: 0.221473, Valid Loss: 1.144154, Valid MAE: 3.05, Valid RMSE: 4.41, Valid MAPE: 13.92, Training Time: 6.0373/epoch
Iter: 000, Train Loss: 0.222722
Epoch: 005, Inference Time: 0.4471 secs
Epoch: 005, Train Loss: 0.212273, Valid Loss: 1.081055, Valid MAE: 2.97, Valid RMSE: 4.32, Valid MAPE: 13.46, Training Time: 6.0557/epoch
Iter: 000, Train Loss: 0.211914
Epoch: 006, Inference Time: 0.4487 secs
Epoch: 006, Train Loss: 0.206302, Valid Loss: 1.003479, Valid MAE: 2.86, Valid RMSE: 4.20, Valid MAPE: 12.83, Training Time: 6.0333/epoch
Iter: 000, Train Loss: 0.204839
Epoch: 007, Inference Time: 0.4475 secs
Epoch: 007, Train Loss: 0.202261, Valid Loss: 0.987341, Valid MAE: 2.82, Valid RMSE: 4.16, Valid MAPE: 12.61, Training Time: 6.0423/epoch
Iter: 000, Train Loss: 0.202266
Epoch: 008, Inference Time: 0.4479 secs
Epoch: 008, Train Loss: 0.198939, Valid Loss: 0.963965, Valid MAE: 2.79, Valid RMSE: 4.13, Valid MAPE: 12.48, Training Time: 6.0514/epoch
Iter: 000, Train Loss: 0.197467
Epoch: 009, Inference Time: 0.4486 secs
Epoch: 009, Train Loss: 0.195481, Valid Loss: 0.959512, Valid MAE: 2.83, Valid RMSE: 4.17, Valid MAPE: 12.73, Training Time: 6.1197/epoch
Iter: 000, Train Loss: 0.194796
Epoch: 010, Inference Time: 0.4486 secs
Epoch: 010, Train Loss: 0.192156, Valid Loss: 0.925282, Valid MAE: 2.78, Valid RMSE: 4.11, Valid MAPE: 12.47, Training Time: 6.0470/epoch
Iter: 000, Train Loss: 0.191272
Epoch: 011, Inference Time: 0.4488 secs
Epoch: 011, Train Loss: 0.190726, Valid Loss: 0.898409, Valid MAE: 2.74, Valid RMSE: 4.06, Valid MAPE: 12.10, Training Time: 6.1119/epoch
Iter: 000, Train Loss: 0.186349
Epoch: 012, Inference Time: 0.4489 secs
Epoch: 012, Train Loss: 0.188961, Valid Loss: 0.884389, Valid MAE: 2.70, Valid RMSE: 4.03, Valid MAPE: 11.96, Training Time: 6.0625/epoch
Iter: 000, Train Loss: 0.186932
Epoch: 013, Inference Time: 0.4480 secs
Epoch: 013, Train Loss: 0.186914, Valid Loss: 0.886264, Valid MAE: 2.69, Valid RMSE: 4.02, Valid MAPE: 11.83, Training Time: 6.0510/epoch
Iter: 000, Train Loss: 0.184986
Epoch: 014, Inference Time: 0.4483 secs
Epoch: 014, Train Loss: 0.185360, Valid Loss: 0.876369, Valid MAE: 2.67, Valid RMSE: 4.01, Valid MAPE: 11.83, Training Time: 6.0539/epoch
Iter: 000, Train Loss: 0.183123
Epoch: 015, Inference Time: 0.4503 secs
Epoch: 015, Train Loss: 0.182443, Valid Loss: 0.854817, Valid MAE: 2.66, Valid RMSE: 4.00, Valid MAPE: 11.78, Training Time: 6.0657/epoch
Iter: 000, Train Loss: 0.180403
Epoch: 016, Inference Time: 0.4481 secs
Epoch: 016, Train Loss: 0.182056, Valid Loss: 0.852634, Valid MAE: 2.66, Valid RMSE: 3.98, Valid MAPE: 11.71, Training Time: 6.1925/epoch
Iter: 000, Train Loss: 0.179934
Epoch: 017, Inference Time: 0.4477 secs
Epoch: 017, Train Loss: 0.179246, Valid Loss: 0.842715, Valid MAE: 2.69, Valid RMSE: 4.01, Valid MAPE: 12.01, Training Time: 6.0467/epoch
Iter: 000, Train Loss: 0.177919
Epoch: 018, Inference Time: 0.4492 secs
Epoch: 018, Train Loss: 0.178143, Valid Loss: 0.849316, Valid MAE: 2.72, Valid RMSE: 4.01, Valid MAPE: 12.02, Training Time: 6.0546/epoch
Iter: 000, Train Loss: 0.179816
Epoch: 019, Inference Time: 0.4483 secs
Epoch: 019, Train Loss: 0.181006, Valid Loss: 0.858339, Valid MAE: 2.64, Valid RMSE: 3.98, Valid MAPE: 11.76, Training Time: 6.0634/epoch
Iter: 000, Train Loss: 0.184086
Epoch: 020, Inference Time: 0.4483 secs
Epoch: 020, Train Loss: 0.175572, Valid Loss: 0.836100, Valid MAE: 2.69, Valid RMSE: 3.98, Valid MAPE: 11.99, Training Time: 6.0542/epoch
Iter: 000, Train Loss: 0.178396
Epoch: 021, Inference Time: 0.4485 secs
Epoch: 021, Train Loss: 0.176595, Valid Loss: 0.874291, Valid MAE: 2.66, Valid RMSE: 3.98, Valid MAPE: 11.96, Training Time: 6.0448/epoch
Iter: 000, Train Loss: 0.184361
Epoch: 022, Inference Time: 0.4506 secs
Epoch: 022, Train Loss: 0.173608, Valid Loss: 0.848131, Valid MAE: 2.67, Valid RMSE: 3.97, Valid MAPE: 11.95, Training Time: 6.0426/epoch
Iter: 000, Train Loss: 0.178387
Epoch: 023, Inference Time: 0.4501 secs
Epoch: 023, Train Loss: 0.171978, Valid Loss: 0.812111, Valid MAE: 2.64, Valid RMSE: 3.94, Valid MAPE: 11.68, Training Time: 6.0709/epoch
Iter: 000, Train Loss: 0.174726
Epoch: 024, Inference Time: 0.4489 secs
Epoch: 024, Train Loss: 0.173067, Valid Loss: 0.857279, Valid MAE: 2.64, Valid RMSE: 3.95, Valid MAPE: 11.82, Training Time: 6.0589/epoch
Iter: 000, Train Loss: 0.181227
Epoch: 025, Inference Time: 0.4480 secs
Epoch: 025, Train Loss: 0.170692, Valid Loss: 0.801415, Valid MAE: 2.59, Valid RMSE: 3.91, Valid MAPE: 11.40, Training Time: 6.0763/epoch
Iter: 000, Train Loss: 0.174088
Epoch: 026, Inference Time: 0.4468 secs
Epoch: 026, Train Loss: 0.170552, Valid Loss: 0.815379, Valid MAE: 2.59, Valid RMSE: 3.90, Valid MAPE: 11.38, Training Time: 6.1791/epoch
Iter: 000, Train Loss: 0.177772
Epoch: 027, Inference Time: 0.4478 secs
Epoch: 027, Train Loss: 0.168699, Valid Loss: 0.786397, Valid MAE: 2.57, Valid RMSE: 3.89, Valid MAPE: 11.23, Training Time: 6.0477/epoch
Iter: 000, Train Loss: 0.171639
Epoch: 028, Inference Time: 0.4487 secs
Epoch: 028, Train Loss: 0.167562, Valid Loss: 0.805086, Valid MAE: 2.60, Valid RMSE: 3.91, Valid MAPE: 11.50, Training Time: 6.0527/epoch
Iter: 000, Train Loss: 0.171405
Epoch: 029, Inference Time: 0.4487 secs
Epoch: 029, Train Loss: 0.167092, Valid Loss: 0.810210, Valid MAE: 2.58, Valid RMSE: 3.90, Valid MAPE: 11.40, Training Time: 6.0442/epoch
Iter: 000, Train Loss: 0.172749
Epoch: 030, Inference Time: 0.4480 secs
Epoch: 030, Train Loss: 0.168362, Valid Loss: 0.837792, Valid MAE: 2.59, Valid RMSE: 3.91, Valid MAPE: 11.51, Training Time: 6.0594/epoch
Iter: 000, Train Loss: 0.179284
Epoch: 031, Inference Time: 0.4494 secs
Epoch: 031, Train Loss: 0.167961, Valid Loss: 0.812745, Valid MAE: 2.59, Valid RMSE: 3.91, Valid MAPE: 11.45, Training Time: 6.0520/epoch
Iter: 000, Train Loss: 0.174392
Epoch: 032, Inference Time: 0.4484 secs
Epoch: 032, Train Loss: 0.166618, Valid Loss: 0.797727, Valid MAE: 2.56, Valid RMSE: 3.89, Valid MAPE: 11.25, Training Time: 6.0502/epoch
Iter: 000, Train Loss: 0.172327
Epoch: 033, Inference Time: 0.4491 secs
Epoch: 033, Train Loss: 0.165625, Valid Loss: 0.808246, Valid MAE: 2.57, Valid RMSE: 3.90, Valid MAPE: 11.25, Training Time: 6.0595/epoch
Iter: 000, Train Loss: 0.170169
Epoch: 034, Inference Time: 0.4484 secs
Epoch: 034, Train Loss: 0.164051, Valid Loss: 0.774594, Valid MAE: 2.55, Valid RMSE: 3.88, Valid MAPE: 11.07, Training Time: 6.0528/epoch
Iter: 000, Train Loss: 0.167072
Epoch: 035, Inference Time: 0.4485 secs
Epoch: 035, Train Loss: 0.162651, Valid Loss: 0.776984, Valid MAE: 2.55, Valid RMSE: 3.88, Valid MAPE: 11.20, Training Time: 6.0594/epoch
Iter: 000, Train Loss: 0.167243
Epoch: 036, Inference Time: 0.4493 secs
Epoch: 036, Train Loss: 0.163609, Valid Loss: 0.775762, Valid MAE: 2.56, Valid RMSE: 3.88, Valid MAPE: 11.22, Training Time: 6.0731/epoch
Iter: 000, Train Loss: 0.167040
Epoch: 037, Inference Time: 0.4499 secs
Epoch: 037, Train Loss: 0.163684, Valid Loss: 0.755705, Valid MAE: 2.54, Valid RMSE: 3.87, Valid MAPE: 10.87, Training Time: 6.2034/epoch
Iter: 000, Train Loss: 0.161876
Epoch: 038, Inference Time: 0.4495 secs
Epoch: 038, Train Loss: 0.161573, Valid Loss: 0.784025, Valid MAE: 2.55, Valid RMSE: 3.87, Valid MAPE: 11.25, Training Time: 6.0466/epoch
Iter: 000, Train Loss: 0.167530
Epoch: 039, Inference Time: 0.4527 secs
Epoch: 039, Train Loss: 0.161912, Valid Loss: 0.784772, Valid MAE: 2.55, Valid RMSE: 3.86, Valid MAPE: 11.24, Training Time: 6.0469/epoch
Iter: 000, Train Loss: 0.168580
Epoch: 040, Inference Time: 0.4491 secs
Epoch: 040, Train Loss: 0.161356, Valid Loss: 0.755217, Valid MAE: 2.52, Valid RMSE: 3.84, Valid MAPE: 10.92, Training Time: 6.0738/epoch
Iter: 000, Train Loss: 0.165018
Epoch: 041, Inference Time: 0.4496 secs
Epoch: 041, Train Loss: 0.160108, Valid Loss: 0.753984, Valid MAE: 2.53, Valid RMSE: 3.84, Valid MAPE: 11.00, Training Time: 6.0655/epoch
Iter: 000, Train Loss: 0.165023
Epoch: 042, Inference Time: 0.4490 secs
Epoch: 042, Train Loss: 0.159323, Valid Loss: 0.766714, Valid MAE: 2.54, Valid RMSE: 3.85, Valid MAPE: 11.02, Training Time: 6.0682/epoch
Iter: 000, Train Loss: 0.166023
Epoch: 043, Inference Time: 0.4493 secs
Epoch: 043, Train Loss: 0.159804, Valid Loss: 0.741254, Valid MAE: 2.53, Valid RMSE: 3.85, Valid MAPE: 10.89, Training Time: 6.0602/epoch
Iter: 000, Train Loss: 0.161638
Epoch: 044, Inference Time: 0.4498 secs
Epoch: 044, Train Loss: 0.158698, Valid Loss: 0.735854, Valid MAE: 2.52, Valid RMSE: 3.84, Valid MAPE: 10.85, Training Time: 6.0729/epoch
Iter: 000, Train Loss: 0.161559
Epoch: 045, Inference Time: 0.4485 secs
Epoch: 045, Train Loss: 0.157906, Valid Loss: 0.744409, Valid MAE: 2.53, Valid RMSE: 3.85, Valid MAPE: 11.02, Training Time: 6.0570/epoch
Iter: 000, Train Loss: 0.161501
Epoch: 046, Inference Time: 0.4482 secs
Epoch: 046, Train Loss: 0.157859, Valid Loss: 0.751338, Valid MAE: 2.52, Valid RMSE: 3.85, Valid MAPE: 10.78, Training Time: 6.1695/epoch
Iter: 000, Train Loss: 0.161021
Epoch: 047, Inference Time: 0.4493 secs
Epoch: 047, Train Loss: 0.157886, Valid Loss: 0.781133, Valid MAE: 2.55, Valid RMSE: 3.86, Valid MAPE: 11.25, Training Time: 6.0499/epoch
Iter: 000, Train Loss: 0.165340
Epoch: 048, Inference Time: 0.4497 secs
Epoch: 048, Train Loss: 0.158319, Valid Loss: 0.776972, Valid MAE: 2.53, Valid RMSE: 3.84, Valid MAPE: 11.07, Training Time: 6.0421/epoch
Iter: 000, Train Loss: 0.165943
Epoch: 049, Inference Time: 0.4504 secs
Epoch: 049, Train Loss: 0.157151, Valid Loss: 0.722247, Valid MAE: 2.51, Valid RMSE: 3.83, Valid MAPE: 10.73, Training Time: 6.0396/epoch
Iter: 000, Train Loss: 0.158765
Epoch: 050, Inference Time: 0.4486 secs
Epoch: 050, Train Loss: 0.155604, Valid Loss: 0.743613, Valid MAE: 2.52, Valid RMSE: 3.83, Valid MAPE: 10.86, Training Time: 6.0523/epoch
Iter: 000, Train Loss: 0.161514
Epoch: 051, Inference Time: 0.4488 secs
Epoch: 051, Train Loss: 0.156213, Valid Loss: 0.729767, Valid MAE: 2.52, Valid RMSE: 3.83, Valid MAPE: 10.91, Training Time: 6.0920/epoch
Iter: 000, Train Loss: 0.160152
Epoch: 052, Inference Time: 0.4488 secs
Epoch: 052, Train Loss: 0.155444, Valid Loss: 0.735525, Valid MAE: 2.52, Valid RMSE: 3.83, Valid MAPE: 10.85, Training Time: 6.1692/epoch
Iter: 000, Train Loss: 0.161274
Epoch: 053, Inference Time: 0.4491 secs
Epoch: 053, Train Loss: 0.155859, Valid Loss: 0.724295, Valid MAE: 2.52, Valid RMSE: 3.83, Valid MAPE: 10.74, Training Time: 6.1729/epoch
Iter: 000, Train Loss: 0.160895
Epoch: 054, Inference Time: 0.4498 secs
Epoch: 054, Train Loss: 0.154784, Valid Loss: 0.735174, Valid MAE: 2.51, Valid RMSE: 3.83, Valid MAPE: 10.91, Training Time: 6.1882/epoch
Iter: 000, Train Loss: 0.160691
Epoch: 055, Inference Time: 0.4482 secs
Epoch: 055, Train Loss: 0.155415, Valid Loss: 0.720450, Valid MAE: 2.52, Valid RMSE: 3.83, Valid MAPE: 10.95, Training Time: 6.1907/epoch
Iter: 000, Train Loss: 0.158038
Epoch: 056, Inference Time: 0.4492 secs
Epoch: 056, Train Loss: 0.156478, Valid Loss: 0.750866, Valid MAE: 2.52, Valid RMSE: 3.84, Valid MAPE: 10.99, Training Time: 6.1805/epoch
Iter: 000, Train Loss: 0.161486
Epoch: 057, Inference Time: 0.4486 secs
Epoch: 057, Train Loss: 0.155488, Valid Loss: 0.756521, Valid MAE: 2.51, Valid RMSE: 3.83, Valid MAPE: 10.86, Training Time: 6.1791/epoch
Iter: 000, Train Loss: 0.162448
Epoch: 058, Inference Time: 0.4493 secs
Epoch: 058, Train Loss: 0.154933, Valid Loss: 0.733975, Valid MAE: 2.51, Valid RMSE: 3.83, Valid MAPE: 10.83, Training Time: 6.0971/epoch
Iter: 000, Train Loss: 0.159605
Epoch: 059, Inference Time: 0.4483 secs
Epoch: 059, Train Loss: 0.154791, Valid Loss: 0.731499, Valid MAE: 2.50, Valid RMSE: 3.82, Valid MAPE: 10.79, Training Time: 6.0482/epoch
Iter: 000, Train Loss: 0.158849
Epoch: 060, Inference Time: 0.4493 secs
Epoch: 060, Train Loss: 0.154445, Valid Loss: 0.747384, Valid MAE: 2.53, Valid RMSE: 3.84, Valid MAPE: 11.16, Training Time: 6.0515/epoch
Iter: 000, Train Loss: 0.161115
Epoch: 061, Inference Time: 0.4496 secs
Epoch: 061, Train Loss: 0.155442, Valid Loss: 0.692788, Valid MAE: 2.51, Valid RMSE: 3.82, Valid MAPE: 10.89, Training Time: 6.0475/epoch
Iter: 000, Train Loss: 0.155447
Epoch: 062, Inference Time: 0.4499 secs
Epoch: 062, Train Loss: 0.153882, Valid Loss: 0.708757, Valid MAE: 2.51, Valid RMSE: 3.83, Valid MAPE: 10.80, Training Time: 6.0794/epoch
Iter: 000, Train Loss: 0.157061
Epoch: 063, Inference Time: 0.4496 secs
Epoch: 063, Train Loss: 0.153324, Valid Loss: 0.728354, Valid MAE: 2.52, Valid RMSE: 3.84, Valid MAPE: 11.02, Training Time: 6.0974/epoch
Iter: 000, Train Loss: 0.158832
Epoch: 064, Inference Time: 0.4496 secs
Epoch: 064, Train Loss: 0.153757, Valid Loss: 0.720035, Valid MAE: 2.50, Valid RMSE: 3.81, Valid MAPE: 10.82, Training Time: 6.1655/epoch
Iter: 000, Train Loss: 0.159507
Epoch: 065, Inference Time: 0.4498 secs
Epoch: 065, Train Loss: 0.152547, Valid Loss: 0.714072, Valid MAE: 2.50, Valid RMSE: 3.82, Valid MAPE: 10.77, Training Time: 6.0873/epoch
Iter: 000, Train Loss: 0.156966
Epoch: 066, Inference Time: 0.4488 secs
Epoch: 066, Train Loss: 0.153939, Valid Loss: 0.717354, Valid MAE: 2.51, Valid RMSE: 3.83, Valid MAPE: 10.86, Training Time: 6.0581/epoch
Iter: 000, Train Loss: 0.156704
Epoch: 067, Inference Time: 0.4486 secs
Epoch: 067, Train Loss: 0.153783, Valid Loss: 0.725921, Valid MAE: 2.50, Valid RMSE: 3.82, Valid MAPE: 10.84, Training Time: 6.0532/epoch
Iter: 000, Train Loss: 0.158650
Epoch: 068, Inference Time: 0.4491 secs
Epoch: 068, Train Loss: 0.153053, Valid Loss: 0.694058, Valid MAE: 2.50, Valid RMSE: 3.81, Valid MAPE: 10.83, Training Time: 6.0666/epoch
Iter: 000, Train Loss: 0.154837
Epoch: 069, Inference Time: 0.4495 secs
Epoch: 069, Train Loss: 0.154002, Valid Loss: 0.700854, Valid MAE: 2.50, Valid RMSE: 3.81, Valid MAPE: 10.68, Training Time: 6.0532/epoch
Iter: 000, Train Loss: 0.155900
Epoch: 070, Inference Time: 0.4491 secs
Epoch: 070, Train Loss: 0.152752, Valid Loss: 0.745428, Valid MAE: 2.53, Valid RMSE: 3.83, Valid MAPE: 11.09, Training Time: 6.0677/epoch
Iter: 000, Train Loss: 0.160370
Epoch: 071, Inference Time: 0.4499 secs
Epoch: 071, Train Loss: 0.152798, Valid Loss: 0.708073, Valid MAE: 2.50, Valid RMSE: 3.81, Valid MAPE: 10.79, Training Time: 6.0600/epoch
Iter: 000, Train Loss: 0.157425
Epoch: 072, Inference Time: 0.4504 secs
Epoch: 072, Train Loss: 0.152259, Valid Loss: 0.703937, Valid MAE: 2.50, Valid RMSE: 3.81, Valid MAPE: 10.83, Training Time: 6.0642/epoch
Iter: 000, Train Loss: 0.157049
Epoch: 073, Inference Time: 0.4492 secs
Epoch: 073, Train Loss: 0.151663, Valid Loss: 0.686255, Valid MAE: 2.49, Valid RMSE: 3.81, Valid MAPE: 10.72, Training Time: 6.0654/epoch
Iter: 000, Train Loss: 0.154170
Epoch: 074, Inference Time: 0.4490 secs
Epoch: 074, Train Loss: 0.151974, Valid Loss: 0.721789, Valid MAE: 2.50, Valid RMSE: 3.82, Valid MAPE: 10.86, Training Time: 6.0584/epoch
Iter: 000, Train Loss: 0.158016
Epoch: 075, Inference Time: 0.4480 secs
Epoch: 075, Train Loss: 0.152141, Valid Loss: 0.707325, Valid MAE: 2.49, Valid RMSE: 3.81, Valid MAPE: 10.72, Training Time: 6.0538/epoch
Iter: 000, Train Loss: 0.156613
Epoch: 076, Inference Time: 0.4490 secs
Epoch: 076, Train Loss: 0.152440, Valid Loss: 0.708433, Valid MAE: 2.50, Valid RMSE: 3.82, Valid MAPE: 10.77, Training Time: 6.0895/epoch
Iter: 000, Train Loss: 0.156667
Epoch: 077, Inference Time: 0.4511 secs
Epoch: 077, Train Loss: 0.152727, Valid Loss: 0.711647, Valid MAE: 2.51, Valid RMSE: 3.82, Valid MAPE: 11.01, Training Time: 6.0579/epoch
Iter: 000, Train Loss: 0.156833
Epoch: 078, Inference Time: 0.4478 secs
Epoch: 078, Train Loss: 0.151883, Valid Loss: 0.681987, Valid MAE: 2.49, Valid RMSE: 3.81, Valid MAPE: 10.78, Training Time: 6.0545/epoch
Iter: 000, Train Loss: 0.152680
Epoch: 079, Inference Time: 0.4488 secs
Epoch: 079, Train Loss: 0.152456, Valid Loss: 0.695648, Valid MAE: 2.49, Valid RMSE: 3.81, Valid MAPE: 10.72, Training Time: 6.0628/epoch
Iter: 000, Train Loss: 0.154479
Epoch: 080, Inference Time: 0.4487 secs
Epoch: 080, Train Loss: 0.151695, Valid Loss: 0.712472, Valid MAE: 2.51, Valid RMSE: 3.82, Valid MAPE: 10.97, Training Time: 6.0546/epoch
Iter: 000, Train Loss: 0.156604
Epoch: 081, Inference Time: 0.4490 secs
Epoch: 081, Train Loss: 0.150613, Valid Loss: 0.692192, Valid MAE: 2.50, Valid RMSE: 3.81, Valid MAPE: 10.88, Training Time: 6.0515/epoch
Iter: 000, Train Loss: 0.154914
Epoch: 082, Inference Time: 0.4487 secs
Epoch: 082, Train Loss: 0.150525, Valid Loss: 0.673886, Valid MAE: 2.50, Valid RMSE: 3.81, Valid MAPE: 10.91, Training Time: 6.0543/epoch
Iter: 000, Train Loss: 0.152766
Epoch: 083, Inference Time: 0.4487 secs
Epoch: 083, Train Loss: 0.149749, Valid Loss: 0.674790, Valid MAE: 2.49, Valid RMSE: 3.80, Valid MAPE: 10.63, Training Time: 6.0483/epoch
Iter: 000, Train Loss: 0.152870
Epoch: 084, Inference Time: 0.4486 secs
Epoch: 084, Train Loss: 0.150548, Valid Loss: 0.686555, Valid MAE: 2.50, Valid RMSE: 3.81, Valid MAPE: 10.87, Training Time: 6.0659/epoch
Iter: 000, Train Loss: 0.154706
Epoch: 085, Inference Time: 0.4496 secs
Epoch: 085, Train Loss: 0.150458, Valid Loss: 0.678418, Valid MAE: 2.50, Valid RMSE: 3.82, Valid MAPE: 10.92, Training Time: 6.0471/epoch
Iter: 000, Train Loss: 0.153272
Epoch: 086, Inference Time: 0.4477 secs
Epoch: 086, Train Loss: 0.149824, Valid Loss: 0.669900, Valid MAE: 2.50, Valid RMSE: 3.82, Valid MAPE: 10.77, Training Time: 6.0560/epoch
Iter: 000, Train Loss: 0.150495
Epoch: 087, Inference Time: 0.4486 secs
Epoch: 087, Train Loss: 0.151904, Valid Loss: 0.732897, Valid MAE: 2.54, Valid RMSE: 3.85, Valid MAPE: 11.23, Training Time: 6.0453/epoch
Iter: 000, Train Loss: 0.158021
Epoch: 088, Inference Time: 0.4494 secs
Epoch: 088, Train Loss: 0.153011, Valid Loss: 0.661079, Valid MAE: 2.49, Valid RMSE: 3.80, Valid MAPE: 10.74, Training Time: 6.1043/epoch
Iter: 000, Train Loss: 0.149904
Epoch: 089, Inference Time: 0.4479 secs
Epoch: 089, Train Loss: 0.152077, Valid Loss: 0.699108, Valid MAE: 2.50, Valid RMSE: 3.81, Valid MAPE: 10.87, Training Time: 6.0694/epoch
Iter: 000, Train Loss: 0.156421
Epoch: 090, Inference Time: 0.4626 secs
Epoch: 090, Train Loss: 0.150306, Valid Loss: 0.671831, Valid MAE: 2.49, Valid RMSE: 3.80, Valid MAPE: 10.78, Training Time: 6.0534/epoch
Iter: 000, Train Loss: 0.151161
Epoch: 091, Inference Time: 0.4488 secs
Epoch: 091, Train Loss: 0.150080, Valid Loss: 0.667062, Valid MAE: 2.49, Valid RMSE: 3.80, Valid MAPE: 10.69, Training Time: 6.1142/epoch
Iter: 000, Train Loss: 0.151367
Epoch: 092, Inference Time: 0.4478 secs
Epoch: 092, Train Loss: 0.151827, Valid Loss: 0.678350, Valid MAE: 2.49, Valid RMSE: 3.81, Valid MAPE: 10.60, Training Time: 6.0610/epoch
Iter: 000, Train Loss: 0.152741
Epoch: 093, Inference Time: 0.4485 secs
Epoch: 093, Train Loss: 0.151564, Valid Loss: 0.679203, Valid MAE: 2.49, Valid RMSE: 3.81, Valid MAPE: 10.59, Training Time: 6.0717/epoch
Iter: 000, Train Loss: 0.151293
Epoch: 094, Inference Time: 0.4479 secs
Epoch: 094, Train Loss: 0.153714, Valid Loss: 0.692327, Valid MAE: 2.50, Valid RMSE: 3.81, Valid MAPE: 10.80, Training Time: 6.0481/epoch
Iter: 000, Train Loss: 0.154453
Epoch: 095, Inference Time: 0.4493 secs
Epoch: 095, Train Loss: 0.152422, Valid Loss: 0.718615, Valid MAE: 2.51, Valid RMSE: 3.82, Valid MAPE: 11.00, Training Time: 6.0532/epoch
Iter: 000, Train Loss: 0.158584
Epoch: 096, Inference Time: 0.4485 secs
Epoch: 096, Train Loss: 0.151599, Valid Loss: 0.697838, Valid MAE: 2.50, Valid RMSE: 3.82, Valid MAPE: 10.88, Training Time: 6.0510/epoch
Iter: 000, Train Loss: 0.155358
Epoch: 097, Inference Time: 0.4477 secs
Epoch: 097, Train Loss: 0.151890, Valid Loss: 0.707583, Valid MAE: 2.50, Valid RMSE: 3.82, Valid MAPE: 10.79, Training Time: 6.0631/epoch
Iter: 000, Train Loss: 0.157305
Epoch: 098, Inference Time: 0.4475 secs
Epoch: 098, Train Loss: 0.153095, Valid Loss: 0.680735, Valid MAE: 2.50, Valid RMSE: 3.81, Valid MAPE: 10.83, Training Time: 6.0474/epoch
Iter: 000, Train Loss: 0.153608
Epoch: 099, Inference Time: 0.4465 secs
Epoch: 099, Train Loss: 0.151494, Valid Loss: 0.676241, Valid MAE: 2.50, Valid RMSE: 3.81, Valid MAPE: 10.81, Training Time: 6.0460/epoch
Iter: 000, Train Loss: 0.152638
Epoch: 100, Inference Time: 0.4504 secs
Epoch: 100, Train Loss: 0.151751, Valid Loss: 0.724889, Valid MAE: 2.52, Valid RMSE: 3.82, Valid MAPE: 11.08, Training Time: 6.0603/epoch
Average Training Time: 6.0789 secs/epoch
Average Inference Time: 0.4490 secs
Test MAE: 2.456, Test RMSE: 3.767 Test MAPE: 10.590
Spend Time: 661.336676120758
