Namespace(addaptadj=False, adjdata='datasets/{}/adj_mx.pkl', adjtype='doubletransition', aptonly=False, batch_size=64, dataset='METR-LA', device=0, dropout=0.3, epochs=100, expid=1, gcn_bool=False, in_dim=1, learning_rate=0.001, miss_mechanism='MAR', miss_ratio=0.5, nhid=32, patience=20, print_every=50, randomadj=False, save='baselines_save_model/graphwavenet', seed=2023, seq_length=12, weight_decay=0.0001)
start training...
Iter: 000, Train Loss: 0.694142
Epoch: 001, Inference Time: 0.0843 secs
Epoch: 001, Train Loss: 0.346683, Valid Loss: 2.689864, Valid MAE: 5.05, Valid RMSE: 8.92, Valid MAPE: 10.80, Training Time: 4.0413/epoch
Iter: 000, Train Loss: 0.248221
Epoch: 002, Inference Time: 0.0809 secs
Epoch: 002, Train Loss: 0.243060, Valid Loss: 2.449833, Valid MAE: 4.19, Valid RMSE: 8.11, Valid MAPE: 9.38, Training Time: 3.2191/epoch
Iter: 000, Train Loss: 0.226606
Epoch: 003, Inference Time: 0.0844 secs
Epoch: 003, Train Loss: 0.217259, Valid Loss: 2.140223, Valid MAE: 3.82, Valid RMSE: 7.65, Valid MAPE: 8.57, Training Time: 3.2152/epoch
Iter: 000, Train Loss: 0.203735
Epoch: 004, Inference Time: 0.0856 secs
Epoch: 004, Train Loss: 0.198874, Valid Loss: 2.169430, Valid MAE: 3.78, Valid RMSE: 7.60, Valid MAPE: 8.59, Training Time: 3.2861/epoch
Iter: 000, Train Loss: 0.192599
Epoch: 005, Inference Time: 0.0817 secs
Epoch: 005, Train Loss: 0.186700, Valid Loss: 1.850984, Valid MAE: 3.44, Valid RMSE: 6.98, Valid MAPE: 7.56, Training Time: 3.3326/epoch
Iter: 000, Train Loss: 0.181900
Epoch: 006, Inference Time: 0.0813 secs
Epoch: 006, Train Loss: 0.178087, Valid Loss: 1.980306, Valid MAE: 3.52, Valid RMSE: 7.05, Valid MAPE: 7.76, Training Time: 3.3451/epoch
Iter: 000, Train Loss: 0.182775
Epoch: 007, Inference Time: 0.0865 secs
Epoch: 007, Train Loss: 0.169257, Valid Loss: 1.961365, Valid MAE: 3.54, Valid RMSE: 7.05, Valid MAPE: 7.87, Training Time: 3.2650/epoch
Iter: 000, Train Loss: 0.170222
Epoch: 008, Inference Time: 0.0909 secs
Epoch: 008, Train Loss: 0.162499, Valid Loss: 1.753130, Valid MAE: 3.34, Valid RMSE: 6.78, Valid MAPE: 7.29, Training Time: 3.1967/epoch
Iter: 000, Train Loss: 0.163891
Epoch: 009, Inference Time: 0.0833 secs
Epoch: 009, Train Loss: 0.156919, Valid Loss: 1.737407, Valid MAE: 3.35, Valid RMSE: 6.83, Valid MAPE: 7.37, Training Time: 3.2321/epoch
Iter: 000, Train Loss: 0.157716
Epoch: 010, Inference Time: 0.0813 secs
Epoch: 010, Train Loss: 0.151053, Valid Loss: 1.740003, Valid MAE: 3.38, Valid RMSE: 6.90, Valid MAPE: 7.51, Training Time: 3.2547/epoch
Iter: 000, Train Loss: 0.155304
Epoch: 011, Inference Time: 0.0845 secs
Epoch: 011, Train Loss: 0.147063, Valid Loss: 1.677684, Valid MAE: 3.33, Valid RMSE: 6.89, Valid MAPE: 7.32, Training Time: 3.1881/epoch
Iter: 000, Train Loss: 0.149255
Epoch: 012, Inference Time: 0.0815 secs
Epoch: 012, Train Loss: 0.143165, Valid Loss: 1.650735, Valid MAE: 3.34, Valid RMSE: 6.96, Valid MAPE: 7.40, Training Time: 3.2264/epoch
Iter: 000, Train Loss: 0.145828
Epoch: 013, Inference Time: 0.0843 secs
Epoch: 013, Train Loss: 0.141202, Valid Loss: 1.675761, Valid MAE: 3.39, Valid RMSE: 6.98, Valid MAPE: 7.38, Training Time: 3.3374/epoch
Iter: 000, Train Loss: 0.148598
Epoch: 014, Inference Time: 0.0846 secs
Epoch: 014, Train Loss: 0.139444, Valid Loss: 1.547714, Valid MAE: 3.29, Valid RMSE: 6.98, Valid MAPE: 7.25, Training Time: 3.2635/epoch
Iter: 000, Train Loss: 0.141392
Epoch: 015, Inference Time: 0.0844 secs
Epoch: 015, Train Loss: 0.135842, Valid Loss: 1.452523, Valid MAE: 3.23, Valid RMSE: 6.94, Valid MAPE: 7.06, Training Time: 3.2890/epoch
Iter: 000, Train Loss: 0.137679
Epoch: 016, Inference Time: 0.0816 secs
Epoch: 016, Train Loss: 0.133786, Valid Loss: 1.398924, Valid MAE: 3.24, Valid RMSE: 6.90, Valid MAPE: 7.04, Training Time: 3.2919/epoch
Iter: 000, Train Loss: 0.135226
Epoch: 017, Inference Time: 0.0860 secs
Epoch: 017, Train Loss: 0.133026, Valid Loss: 1.375200, Valid MAE: 3.24, Valid RMSE: 6.88, Valid MAPE: 7.08, Training Time: 3.2776/epoch
Iter: 000, Train Loss: 0.134344
Epoch: 018, Inference Time: 0.0848 secs
Epoch: 018, Train Loss: 0.131029, Valid Loss: 1.407260, Valid MAE: 3.24, Valid RMSE: 6.88, Valid MAPE: 7.08, Training Time: 3.2122/epoch
Iter: 000, Train Loss: 0.135038
Epoch: 019, Inference Time: 0.0841 secs
Epoch: 019, Train Loss: 0.128297, Valid Loss: 1.406274, Valid MAE: 3.24, Valid RMSE: 6.90, Valid MAPE: 7.09, Training Time: 3.2451/epoch
Iter: 000, Train Loss: 0.134052
Epoch: 020, Inference Time: 0.0813 secs
Epoch: 020, Train Loss: 0.125607, Valid Loss: 1.399699, Valid MAE: 3.24, Valid RMSE: 6.93, Valid MAPE: 7.14, Training Time: 3.1973/epoch
Iter: 000, Train Loss: 0.131301
Epoch: 021, Inference Time: 0.0838 secs
Epoch: 021, Train Loss: 0.123193, Valid Loss: 1.405825, Valid MAE: 3.25, Valid RMSE: 6.95, Valid MAPE: 7.14, Training Time: 3.2742/epoch
Iter: 000, Train Loss: 0.129983
Epoch: 022, Inference Time: 0.0816 secs
Epoch: 022, Train Loss: 0.121211, Valid Loss: 1.431034, Valid MAE: 3.26, Valid RMSE: 6.94, Valid MAPE: 7.14, Training Time: 3.2703/epoch
Iter: 000, Train Loss: 0.130035
Epoch: 023, Inference Time: 0.0850 secs
Epoch: 023, Train Loss: 0.120068, Valid Loss: 1.472308, Valid MAE: 3.32, Valid RMSE: 6.94, Valid MAPE: 7.36, Training Time: 3.2450/epoch
Iter: 000, Train Loss: 0.133677
Epoch: 024, Inference Time: 0.1029 secs
Epoch: 024, Train Loss: 0.118384, Valid Loss: 1.332167, Valid MAE: 3.28, Valid RMSE: 6.90, Valid MAPE: 7.34, Training Time: 3.3139/epoch
Iter: 000, Train Loss: 0.122391
Epoch: 025, Inference Time: 0.0907 secs
Epoch: 025, Train Loss: 0.114403, Valid Loss: 1.418871, Valid MAE: 3.37, Valid RMSE: 6.96, Valid MAPE: 7.54, Training Time: 3.2761/epoch
Iter: 000, Train Loss: 0.125443
Epoch: 026, Inference Time: 0.0910 secs
Epoch: 026, Train Loss: 0.113397, Valid Loss: 1.346333, Valid MAE: 3.32, Valid RMSE: 6.89, Valid MAPE: 7.45, Training Time: 3.2440/epoch
Iter: 000, Train Loss: 0.120024
Epoch: 027, Inference Time: 0.0809 secs
Epoch: 027, Train Loss: 0.110315, Valid Loss: 1.379038, Valid MAE: 3.36, Valid RMSE: 6.91, Valid MAPE: 7.61, Training Time: 3.2431/epoch
Iter: 000, Train Loss: 0.118527
Epoch: 028, Inference Time: 0.0846 secs
Epoch: 028, Train Loss: 0.107674, Valid Loss: 1.311787, Valid MAE: 3.34, Valid RMSE: 6.83, Valid MAPE: 7.77, Training Time: 3.3047/epoch
Iter: 000, Train Loss: 0.113844
Epoch: 029, Inference Time: 0.0825 secs
Epoch: 029, Train Loss: 0.104468, Valid Loss: 1.317952, Valid MAE: 3.35, Valid RMSE: 6.80, Valid MAPE: 7.84, Training Time: 3.1877/epoch
Iter: 000, Train Loss: 0.113811
Epoch: 030, Inference Time: 0.0843 secs
Epoch: 030, Train Loss: 0.101803, Valid Loss: 1.302608, Valid MAE: 3.33, Valid RMSE: 6.82, Valid MAPE: 7.74, Training Time: 3.1939/epoch
Iter: 000, Train Loss: 0.109706
Epoch: 031, Inference Time: 0.0814 secs
Epoch: 031, Train Loss: 0.100093, Valid Loss: 1.271104, Valid MAE: 3.38, Valid RMSE: 6.85, Valid MAPE: 8.11, Training Time: 3.3138/epoch
Iter: 000, Train Loss: 0.103667
Epoch: 032, Inference Time: 0.0817 secs
Epoch: 032, Train Loss: 0.096442, Valid Loss: 1.217079, Valid MAE: 3.34, Valid RMSE: 6.89, Valid MAPE: 7.85, Training Time: 3.2126/epoch
Iter: 000, Train Loss: 0.104305
Epoch: 033, Inference Time: 0.1084 secs
Epoch: 033, Train Loss: 0.097599, Valid Loss: 1.188603, Valid MAE: 3.34, Valid RMSE: 6.85, Valid MAPE: 7.92, Training Time: 3.2267/epoch
Iter: 000, Train Loss: 0.101809
Epoch: 034, Inference Time: 0.0814 secs
Epoch: 034, Train Loss: 0.094895, Valid Loss: 1.203641, Valid MAE: 3.30, Valid RMSE: 6.83, Valid MAPE: 7.74, Training Time: 3.2566/epoch
Iter: 000, Train Loss: 0.102399
Epoch: 035, Inference Time: 0.0819 secs
Epoch: 035, Train Loss: 0.095888, Valid Loss: 1.146493, Valid MAE: 3.29, Valid RMSE: 6.78, Valid MAPE: 7.71, Training Time: 3.2388/epoch
Iter: 000, Train Loss: 0.097735
Epoch: 036, Inference Time: 0.0842 secs
Epoch: 036, Train Loss: 0.093934, Valid Loss: 1.151477, Valid MAE: 3.29, Valid RMSE: 6.77, Valid MAPE: 7.72, Training Time: 3.2504/epoch
Iter: 000, Train Loss: 0.099094
Epoch: 037, Inference Time: 0.0817 secs
Epoch: 037, Train Loss: 0.095561, Valid Loss: 1.130420, Valid MAE: 3.34, Valid RMSE: 6.82, Valid MAPE: 7.93, Training Time: 3.2767/epoch
Iter: 000, Train Loss: 0.097916
Epoch: 038, Inference Time: 0.0865 secs
Epoch: 038, Train Loss: 0.092640, Valid Loss: 1.165641, Valid MAE: 3.30, Valid RMSE: 6.80, Valid MAPE: 7.76, Training Time: 3.2196/epoch
Iter: 000, Train Loss: 0.100012
Epoch: 039, Inference Time: 0.0814 secs
Epoch: 039, Train Loss: 0.093191, Valid Loss: 1.168725, Valid MAE: 3.31, Valid RMSE: 6.78, Valid MAPE: 7.79, Training Time: 3.2926/epoch
Iter: 000, Train Loss: 0.098596
Epoch: 040, Inference Time: 0.0814 secs
Epoch: 040, Train Loss: 0.091617, Valid Loss: 1.208052, Valid MAE: 3.34, Valid RMSE: 6.82, Valid MAPE: 7.97, Training Time: 3.1920/epoch
Iter: 000, Train Loss: 0.097353
Epoch: 041, Inference Time: 0.0840 secs
Epoch: 041, Train Loss: 0.092609, Valid Loss: 1.140654, Valid MAE: 3.34, Valid RMSE: 6.82, Valid MAPE: 7.96, Training Time: 3.2046/epoch
Iter: 000, Train Loss: 0.095556
Epoch: 042, Inference Time: 0.0834 secs
Epoch: 042, Train Loss: 0.089246, Valid Loss: 1.028559, Valid MAE: 3.20, Valid RMSE: 6.69, Valid MAPE: 7.36, Training Time: 3.1876/epoch
Iter: 000, Train Loss: 0.091283
Epoch: 043, Inference Time: 0.0845 secs
Epoch: 043, Train Loss: 0.090420, Valid Loss: 1.063390, Valid MAE: 3.31, Valid RMSE: 6.77, Valid MAPE: 7.81, Training Time: 3.1932/epoch
Iter: 000, Train Loss: 0.089391
Epoch: 044, Inference Time: 0.0835 secs
Epoch: 044, Train Loss: 0.087439, Valid Loss: 0.977782, Valid MAE: 3.22, Valid RMSE: 6.65, Valid MAPE: 7.46, Training Time: 3.1914/epoch
Iter: 000, Train Loss: 0.085477
Epoch: 045, Inference Time: 0.0826 secs
Epoch: 045, Train Loss: 0.087192, Valid Loss: 0.997049, Valid MAE: 3.21, Valid RMSE: 6.68, Valid MAPE: 7.38, Training Time: 3.1887/epoch
Iter: 000, Train Loss: 0.087007
Epoch: 046, Inference Time: 0.0818 secs
Epoch: 046, Train Loss: 0.086437, Valid Loss: 1.056089, Valid MAE: 3.28, Valid RMSE: 6.74, Valid MAPE: 7.70, Training Time: 3.1884/epoch
Iter: 000, Train Loss: 0.089103
Epoch: 047, Inference Time: 0.0842 secs
Epoch: 047, Train Loss: 0.084629, Valid Loss: 1.007841, Valid MAE: 3.21, Valid RMSE: 6.70, Valid MAPE: 7.38, Training Time: 3.1884/epoch
Iter: 000, Train Loss: 0.089581
Epoch: 048, Inference Time: 0.0814 secs
Epoch: 048, Train Loss: 0.084716, Valid Loss: 0.971657, Valid MAE: 3.21, Valid RMSE: 6.67, Valid MAPE: 7.34, Training Time: 3.1961/epoch
Iter: 000, Train Loss: 0.086688
Epoch: 049, Inference Time: 0.0844 secs
Epoch: 049, Train Loss: 0.083041, Valid Loss: 0.977992, Valid MAE: 3.20, Valid RMSE: 6.70, Valid MAPE: 7.29, Training Time: 3.1863/epoch
Iter: 000, Train Loss: 0.086684
Epoch: 050, Inference Time: 0.0855 secs
Epoch: 050, Train Loss: 0.082946, Valid Loss: 0.949386, Valid MAE: 3.20, Valid RMSE: 6.66, Valid MAPE: 7.30, Training Time: 3.2189/epoch
Iter: 000, Train Loss: 0.084174
Epoch: 051, Inference Time: 0.0816 secs
Epoch: 051, Train Loss: 0.082536, Valid Loss: 0.942502, Valid MAE: 3.20, Valid RMSE: 6.68, Valid MAPE: 7.33, Training Time: 3.1790/epoch
Iter: 000, Train Loss: 0.084412
Epoch: 052, Inference Time: 0.0812 secs
Epoch: 052, Train Loss: 0.082604, Valid Loss: 0.941124, Valid MAE: 3.21, Valid RMSE: 6.68, Valid MAPE: 7.38, Training Time: 3.1857/epoch
Iter: 000, Train Loss: 0.084076
Epoch: 053, Inference Time: 0.0813 secs
Epoch: 053, Train Loss: 0.082794, Valid Loss: 1.007380, Valid MAE: 3.30, Valid RMSE: 6.75, Valid MAPE: 7.72, Training Time: 3.1792/epoch
Iter: 000, Train Loss: 0.084511
Epoch: 054, Inference Time: 0.0814 secs
Epoch: 054, Train Loss: 0.082482, Valid Loss: 0.971138, Valid MAE: 3.29, Valid RMSE: 6.72, Valid MAPE: 7.70, Training Time: 3.1909/epoch
Iter: 000, Train Loss: 0.082686
Epoch: 055, Inference Time: 0.0845 secs
Epoch: 055, Train Loss: 0.082451, Valid Loss: 1.024450, Valid MAE: 3.31, Valid RMSE: 6.78, Valid MAPE: 7.82, Training Time: 3.1877/epoch
Iter: 000, Train Loss: 0.084468
Epoch: 056, Inference Time: 0.0810 secs
Epoch: 056, Train Loss: 0.081968, Valid Loss: 0.988748, Valid MAE: 3.29, Valid RMSE: 6.74, Valid MAPE: 7.75, Training Time: 3.1875/epoch
Iter: 000, Train Loss: 0.082975
Epoch: 057, Inference Time: 0.0847 secs
Epoch: 057, Train Loss: 0.081087, Valid Loss: 0.949320, Valid MAE: 3.25, Valid RMSE: 6.72, Valid MAPE: 7.62, Training Time: 3.1870/epoch
Iter: 000, Train Loss: 0.080749
Epoch: 058, Inference Time: 0.0816 secs
Epoch: 058, Train Loss: 0.080955, Valid Loss: 0.990045, Valid MAE: 3.26, Valid RMSE: 6.72, Valid MAPE: 7.62, Training Time: 3.1822/epoch
Iter: 000, Train Loss: 0.082500
Epoch: 059, Inference Time: 0.0818 secs
Epoch: 059, Train Loss: 0.080508, Valid Loss: 0.936448, Valid MAE: 3.20, Valid RMSE: 6.69, Valid MAPE: 7.35, Training Time: 3.1837/epoch
Iter: 000, Train Loss: 0.080673
Epoch: 060, Inference Time: 0.0822 secs
Epoch: 060, Train Loss: 0.079068, Valid Loss: 0.906034, Valid MAE: 3.13, Valid RMSE: 6.60, Valid MAPE: 7.12, Training Time: 3.2021/epoch
Iter: 000, Train Loss: 0.082042
Epoch: 061, Inference Time: 0.0854 secs
Epoch: 061, Train Loss: 0.079358, Valid Loss: 0.908103, Valid MAE: 3.16, Valid RMSE: 6.57, Valid MAPE: 7.16, Training Time: 3.2564/epoch
Iter: 000, Train Loss: 0.081728
Epoch: 062, Inference Time: 0.0820 secs
Epoch: 062, Train Loss: 0.079033, Valid Loss: 0.897981, Valid MAE: 3.12, Valid RMSE: 6.54, Valid MAPE: 7.09, Training Time: 3.2266/epoch
Iter: 000, Train Loss: 0.081469
Epoch: 063, Inference Time: 0.0825 secs
Epoch: 063, Train Loss: 0.078194, Valid Loss: 0.894094, Valid MAE: 3.15, Valid RMSE: 6.62, Valid MAPE: 7.17, Training Time: 3.2217/epoch
Iter: 000, Train Loss: 0.078958
Epoch: 064, Inference Time: 0.0820 secs
Epoch: 064, Train Loss: 0.077611, Valid Loss: 0.887752, Valid MAE: 3.12, Valid RMSE: 6.53, Valid MAPE: 7.08, Training Time: 3.1897/epoch
Iter: 000, Train Loss: 0.080749
Epoch: 065, Inference Time: 0.0854 secs
Epoch: 065, Train Loss: 0.077540, Valid Loss: 0.882860, Valid MAE: 3.12, Valid RMSE: 6.55, Valid MAPE: 7.04, Training Time: 3.2162/epoch
Iter: 000, Train Loss: 0.078600
Epoch: 066, Inference Time: 0.0819 secs
Epoch: 066, Train Loss: 0.077609, Valid Loss: 0.899457, Valid MAE: 3.11, Valid RMSE: 6.51, Valid MAPE: 7.07, Training Time: 3.1898/epoch
Iter: 000, Train Loss: 0.080455
Epoch: 067, Inference Time: 0.0826 secs
Epoch: 067, Train Loss: 0.077027, Valid Loss: 0.885252, Valid MAE: 3.14, Valid RMSE: 6.57, Valid MAPE: 7.12, Training Time: 3.1964/epoch
Iter: 000, Train Loss: 0.080604
Epoch: 068, Inference Time: 0.0844 secs
Epoch: 068, Train Loss: 0.077150, Valid Loss: 0.891617, Valid MAE: 3.08, Valid RMSE: 6.50, Valid MAPE: 6.95, Training Time: 3.2115/epoch
Iter: 000, Train Loss: 0.080286
Epoch: 069, Inference Time: 0.0819 secs
Epoch: 069, Train Loss: 0.076135, Valid Loss: 0.860535, Valid MAE: 3.09, Valid RMSE: 6.51, Valid MAPE: 6.99, Training Time: 3.1903/epoch
Iter: 000, Train Loss: 0.078476
Epoch: 070, Inference Time: 0.0838 secs
Epoch: 070, Train Loss: 0.075550, Valid Loss: 0.856443, Valid MAE: 3.10, Valid RMSE: 6.50, Valid MAPE: 7.06, Training Time: 3.1864/epoch
Iter: 000, Train Loss: 0.078433
Epoch: 071, Inference Time: 0.0811 secs
Epoch: 071, Train Loss: 0.075216, Valid Loss: 0.902433, Valid MAE: 3.08, Valid RMSE: 6.49, Valid MAPE: 6.95, Training Time: 3.2127/epoch
Iter: 000, Train Loss: 0.080712
Epoch: 072, Inference Time: 0.0829 secs
Epoch: 072, Train Loss: 0.075510, Valid Loss: 0.881132, Valid MAE: 3.08, Valid RMSE: 6.45, Valid MAPE: 6.96, Training Time: 3.2035/epoch
Iter: 000, Train Loss: 0.080271
Epoch: 073, Inference Time: 0.0834 secs
Epoch: 073, Train Loss: 0.075401, Valid Loss: 0.858483, Valid MAE: 3.09, Valid RMSE: 6.50, Valid MAPE: 6.97, Training Time: 3.1906/epoch
Iter: 000, Train Loss: 0.077372
Epoch: 074, Inference Time: 0.0819 secs
Epoch: 074, Train Loss: 0.075495, Valid Loss: 0.862734, Valid MAE: 3.09, Valid RMSE: 6.48, Valid MAPE: 7.04, Training Time: 3.2111/epoch
Iter: 000, Train Loss: 0.078354
Epoch: 075, Inference Time: 0.0850 secs
Epoch: 075, Train Loss: 0.074240, Valid Loss: 0.861709, Valid MAE: 3.07, Valid RMSE: 6.46, Valid MAPE: 6.95, Training Time: 3.1947/epoch
Iter: 000, Train Loss: 0.078780
Epoch: 076, Inference Time: 0.0821 secs
Epoch: 076, Train Loss: 0.074810, Valid Loss: 0.861068, Valid MAE: 3.09, Valid RMSE: 6.50, Valid MAPE: 7.06, Training Time: 3.1993/epoch
Iter: 000, Train Loss: 0.077665
Epoch: 077, Inference Time: 0.0820 secs
Epoch: 077, Train Loss: 0.074071, Valid Loss: 0.861657, Valid MAE: 3.10, Valid RMSE: 6.49, Valid MAPE: 7.11, Training Time: 3.2059/epoch
Iter: 000, Train Loss: 0.076920
Epoch: 078, Inference Time: 0.0820 secs
Epoch: 078, Train Loss: 0.074035, Valid Loss: 0.861591, Valid MAE: 3.08, Valid RMSE: 6.44, Valid MAPE: 7.06, Training Time: 3.1915/epoch
Iter: 000, Train Loss: 0.077279
Epoch: 079, Inference Time: 0.0873 secs
Epoch: 079, Train Loss: 0.074794, Valid Loss: 0.869640, Valid MAE: 3.09, Valid RMSE: 6.48, Valid MAPE: 7.09, Training Time: 3.3117/epoch
Iter: 000, Train Loss: 0.077471
Epoch: 080, Inference Time: 0.0853 secs
Epoch: 080, Train Loss: 0.073516, Valid Loss: 0.857541, Valid MAE: 3.08, Valid RMSE: 6.45, Valid MAPE: 7.05, Training Time: 3.3110/epoch
Iter: 000, Train Loss: 0.076542
Epoch: 081, Inference Time: 0.0847 secs
Epoch: 081, Train Loss: 0.073369, Valid Loss: 0.850109, Valid MAE: 3.05, Valid RMSE: 6.43, Valid MAPE: 6.89, Training Time: 3.3214/epoch
Iter: 000, Train Loss: 0.077376
Epoch: 082, Inference Time: 0.0821 secs
Epoch: 082, Train Loss: 0.073441, Valid Loss: 0.864260, Valid MAE: 3.06, Valid RMSE: 6.45, Valid MAPE: 6.97, Training Time: 3.2140/epoch
Iter: 000, Train Loss: 0.077558
Epoch: 083, Inference Time: 0.0815 secs
Epoch: 083, Train Loss: 0.072843, Valid Loss: 0.844243, Valid MAE: 3.03, Valid RMSE: 6.39, Valid MAPE: 6.82, Training Time: 3.2037/epoch
Iter: 000, Train Loss: 0.076230
Epoch: 084, Inference Time: 0.0850 secs
Epoch: 084, Train Loss: 0.071983, Valid Loss: 0.824760, Valid MAE: 3.04, Valid RMSE: 6.38, Valid MAPE: 6.84, Training Time: 3.1890/epoch
Iter: 000, Train Loss: 0.074468
Epoch: 085, Inference Time: 0.0821 secs
Epoch: 085, Train Loss: 0.071962, Valid Loss: 0.838245, Valid MAE: 3.05, Valid RMSE: 6.43, Valid MAPE: 6.90, Training Time: 3.1931/epoch
Iter: 000, Train Loss: 0.075151
Epoch: 086, Inference Time: 0.0824 secs
Epoch: 086, Train Loss: 0.072264, Valid Loss: 0.825829, Valid MAE: 3.04, Valid RMSE: 6.39, Valid MAPE: 6.92, Training Time: 3.2213/epoch
Iter: 000, Train Loss: 0.073791
Epoch: 087, Inference Time: 0.0812 secs
Epoch: 087, Train Loss: 0.071908, Valid Loss: 0.817832, Valid MAE: 3.03, Valid RMSE: 6.39, Valid MAPE: 6.82, Training Time: 3.2606/epoch
Iter: 000, Train Loss: 0.073324
Epoch: 088, Inference Time: 0.0813 secs
Epoch: 088, Train Loss: 0.072808, Valid Loss: 0.889290, Valid MAE: 3.09, Valid RMSE: 6.45, Valid MAPE: 7.00, Training Time: 3.2824/epoch
Iter: 000, Train Loss: 0.076454
Epoch: 089, Inference Time: 0.0876 secs
Epoch: 089, Train Loss: 0.071392, Valid Loss: 0.851148, Valid MAE: 3.06, Valid RMSE: 6.44, Valid MAPE: 7.00, Training Time: 3.2837/epoch
Iter: 000, Train Loss: 0.076091
Epoch: 090, Inference Time: 0.0849 secs
Epoch: 090, Train Loss: 0.070234, Valid Loss: 0.812562, Valid MAE: 3.04, Valid RMSE: 6.42, Valid MAPE: 6.86, Training Time: 3.3190/epoch
Iter: 000, Train Loss: 0.074913
Epoch: 091, Inference Time: 0.0813 secs
Epoch: 091, Train Loss: 0.070636, Valid Loss: 0.809711, Valid MAE: 3.07, Valid RMSE: 6.42, Valid MAPE: 7.04, Training Time: 3.2463/epoch
Iter: 000, Train Loss: 0.072505
Epoch: 092, Inference Time: 0.0843 secs
Epoch: 092, Train Loss: 0.070158, Valid Loss: 0.839466, Valid MAE: 3.04, Valid RMSE: 6.40, Valid MAPE: 6.90, Training Time: 3.2143/epoch
Iter: 000, Train Loss: 0.073550
Epoch: 093, Inference Time: 0.0846 secs
Epoch: 093, Train Loss: 0.070198, Valid Loss: 0.853788, Valid MAE: 3.06, Valid RMSE: 6.41, Valid MAPE: 6.96, Training Time: 3.2257/epoch
Iter: 000, Train Loss: 0.074229
Epoch: 094, Inference Time: 0.0816 secs
Epoch: 094, Train Loss: 0.069692, Valid Loss: 0.811313, Valid MAE: 3.04, Valid RMSE: 6.38, Valid MAPE: 6.95, Training Time: 3.3017/epoch
Iter: 000, Train Loss: 0.073288
Epoch: 095, Inference Time: 0.0998 secs
Epoch: 095, Train Loss: 0.069586, Valid Loss: 0.844612, Valid MAE: 3.06, Valid RMSE: 6.41, Valid MAPE: 7.04, Training Time: 3.2951/epoch
Iter: 000, Train Loss: 0.074740
Epoch: 096, Inference Time: 0.0815 secs
Epoch: 096, Train Loss: 0.070251, Valid Loss: 0.845351, Valid MAE: 3.06, Valid RMSE: 6.38, Valid MAPE: 7.07, Training Time: 3.2482/epoch
Iter: 000, Train Loss: 0.074734
Epoch: 097, Inference Time: 0.0814 secs
Epoch: 097, Train Loss: 0.071923, Valid Loss: 0.902375, Valid MAE: 3.11, Valid RMSE: 6.46, Valid MAPE: 7.29, Training Time: 3.2171/epoch
Iter: 000, Train Loss: 0.075997
Epoch: 098, Inference Time: 0.0880 secs
Epoch: 098, Train Loss: 0.073370, Valid Loss: 0.880069, Valid MAE: 2.99, Valid RMSE: 6.29, Valid MAPE: 6.75, Training Time: 3.2625/epoch
Iter: 000, Train Loss: 0.074830
Epoch: 099, Inference Time: 0.0814 secs
Epoch: 099, Train Loss: 0.070851, Valid Loss: 0.868088, Valid MAE: 3.05, Valid RMSE: 6.39, Valid MAPE: 7.02, Training Time: 3.2725/epoch
Iter: 000, Train Loss: 0.073938
Epoch: 100, Inference Time: 0.0812 secs
Epoch: 100, Train Loss: 0.069945, Valid Loss: 0.896067, Valid MAE: 3.05, Valid RMSE: 6.36, Valid MAPE: 7.05, Training Time: 3.2520/epoch
Average Training Time: 3.2410 secs/epoch
Average Inference Time: 0.0839 secs
Test MAE: 3.152, Test RMSE: 6.330 Test MAPE: 7.213
Spend Time: 339.77474212646484
