Namespace(addaptadj=False, adjdata='datasets/{}/adj_mx.pkl', adjtype='doubletransition', aptonly=False, batch_size=64, dataset='METR-LA', device=0, dropout=0.3, epochs=100, expid=1, gcn_bool=False, in_dim=1, learning_rate=0.001, miss_mechanism='MAR', miss_ratio=0.5, nhid=32, patience=20, print_every=50, randomadj=False, save='baselines_save_model/graphwavenet', seed=2022, seq_length=12, weight_decay=0.0001)
start training...
Iter: 000, Train Loss: 0.717866
Epoch: 001, Inference Time: 0.0838 secs
Epoch: 001, Train Loss: 0.318026, Valid Loss: 2.629727, Valid MAE: 5.18, Valid RMSE: 8.69, Valid MAPE: 11.40, Training Time: 3.9338/epoch
Iter: 000, Train Loss: 0.212873
Epoch: 002, Inference Time: 0.0808 secs
Epoch: 002, Train Loss: 0.201904, Valid Loss: 2.172298, Valid MAE: 3.99, Valid RMSE: 7.70, Valid MAPE: 8.75, Training Time: 3.3306/epoch
Iter: 000, Train Loss: 0.192352
Epoch: 003, Inference Time: 0.0907 secs
Epoch: 003, Train Loss: 0.176954, Valid Loss: 1.802767, Valid MAE: 3.63, Valid RMSE: 7.13, Valid MAPE: 7.99, Training Time: 3.2429/epoch
Iter: 000, Train Loss: 0.159188
Epoch: 004, Inference Time: 0.0816 secs
Epoch: 004, Train Loss: 0.164372, Valid Loss: 1.599616, Valid MAE: 3.39, Valid RMSE: 6.77, Valid MAPE: 7.58, Training Time: 3.2861/epoch
Iter: 000, Train Loss: 0.141369
Epoch: 005, Inference Time: 0.0845 secs
Epoch: 005, Train Loss: 0.151659, Valid Loss: 1.629561, Valid MAE: 3.42, Valid RMSE: 6.70, Valid MAPE: 7.67, Training Time: 3.2669/epoch
Iter: 000, Train Loss: 0.143713
Epoch: 006, Inference Time: 0.0844 secs
Epoch: 006, Train Loss: 0.142753, Valid Loss: 1.626164, Valid MAE: 3.49, Valid RMSE: 6.75, Valid MAPE: 7.66, Training Time: 3.2604/epoch
Iter: 000, Train Loss: 0.143016
Epoch: 007, Inference Time: 0.1000 secs
Epoch: 007, Train Loss: 0.134320, Valid Loss: 1.627213, Valid MAE: 3.43, Valid RMSE: 6.80, Valid MAPE: 7.68, Training Time: 3.3196/epoch
Iter: 000, Train Loss: 0.142540
Epoch: 008, Inference Time: 0.0857 secs
Epoch: 008, Train Loss: 0.130596, Valid Loss: 1.625553, Valid MAE: 3.42, Valid RMSE: 6.78, Valid MAPE: 7.56, Training Time: 3.2068/epoch
Iter: 000, Train Loss: 0.139646
Epoch: 009, Inference Time: 0.0923 secs
Epoch: 009, Train Loss: 0.127973, Valid Loss: 1.590746, Valid MAE: 3.41, Valid RMSE: 6.99, Valid MAPE: 7.61, Training Time: 3.1966/epoch
Iter: 000, Train Loss: 0.126376
Epoch: 010, Inference Time: 0.0923 secs
Epoch: 010, Train Loss: 0.121405, Valid Loss: 1.473933, Valid MAE: 3.31, Valid RMSE: 6.88, Valid MAPE: 7.39, Training Time: 3.2991/epoch
Iter: 000, Train Loss: 0.124887
Epoch: 011, Inference Time: 0.0807 secs
Epoch: 011, Train Loss: 0.117730, Valid Loss: 1.355473, Valid MAE: 3.28, Valid RMSE: 6.79, Valid MAPE: 7.26, Training Time: 3.3201/epoch
Iter: 000, Train Loss: 0.118039
Epoch: 012, Inference Time: 0.0813 secs
Epoch: 012, Train Loss: 0.114176, Valid Loss: 1.339105, Valid MAE: 3.31, Valid RMSE: 6.83, Valid MAPE: 7.31, Training Time: 3.3161/epoch
Iter: 000, Train Loss: 0.113499
Epoch: 013, Inference Time: 0.1021 secs
Epoch: 013, Train Loss: 0.111720, Valid Loss: 1.283192, Valid MAE: 3.38, Valid RMSE: 6.83, Valid MAPE: 7.45, Training Time: 3.2589/epoch
Iter: 000, Train Loss: 0.107573
Epoch: 014, Inference Time: 0.0812 secs
Epoch: 014, Train Loss: 0.109656, Valid Loss: 1.327583, Valid MAE: 3.37, Valid RMSE: 6.82, Valid MAPE: 7.38, Training Time: 3.1971/epoch
Iter: 000, Train Loss: 0.112600
Epoch: 015, Inference Time: 0.0817 secs
Epoch: 015, Train Loss: 0.108108, Valid Loss: 1.291715, Valid MAE: 3.32, Valid RMSE: 6.77, Valid MAPE: 7.31, Training Time: 3.2057/epoch
Iter: 000, Train Loss: 0.107721
Epoch: 016, Inference Time: 0.0865 secs
Epoch: 016, Train Loss: 0.105313, Valid Loss: 1.223355, Valid MAE: 3.34, Valid RMSE: 6.81, Valid MAPE: 7.35, Training Time: 3.2196/epoch
Iter: 000, Train Loss: 0.100700
Epoch: 017, Inference Time: 0.0842 secs
Epoch: 017, Train Loss: 0.103909, Valid Loss: 1.253093, Valid MAE: 3.53, Valid RMSE: 6.87, Valid MAPE: 7.92, Training Time: 3.3110/epoch
Iter: 000, Train Loss: 0.101077
Epoch: 018, Inference Time: 0.0806 secs
Epoch: 018, Train Loss: 0.102525, Valid Loss: 1.204114, Valid MAE: 3.32, Valid RMSE: 6.76, Valid MAPE: 7.34, Training Time: 3.2247/epoch
Iter: 000, Train Loss: 0.099766
Epoch: 019, Inference Time: 0.0820 secs
Epoch: 019, Train Loss: 0.100410, Valid Loss: 1.206465, Valid MAE: 3.47, Valid RMSE: 6.85, Valid MAPE: 7.80, Training Time: 3.2462/epoch
Iter: 000, Train Loss: 0.095105
Epoch: 020, Inference Time: 0.0817 secs
Epoch: 020, Train Loss: 0.099608, Valid Loss: 1.241573, Valid MAE: 3.29, Valid RMSE: 6.74, Valid MAPE: 7.21, Training Time: 3.2158/epoch
Iter: 000, Train Loss: 0.099888
Epoch: 021, Inference Time: 0.0855 secs
Epoch: 021, Train Loss: 0.099136, Valid Loss: 1.147037, Valid MAE: 3.31, Valid RMSE: 6.72, Valid MAPE: 7.34, Training Time: 3.2184/epoch
Iter: 000, Train Loss: 0.093907
Epoch: 022, Inference Time: 0.0818 secs
Epoch: 022, Train Loss: 0.097889, Valid Loss: 1.185523, Valid MAE: 3.26, Valid RMSE: 6.72, Valid MAPE: 7.19, Training Time: 3.2375/epoch
Iter: 000, Train Loss: 0.096548
Epoch: 023, Inference Time: 0.0890 secs
Epoch: 023, Train Loss: 0.096616, Valid Loss: 1.169095, Valid MAE: 3.43, Valid RMSE: 6.80, Valid MAPE: 7.59, Training Time: 3.3615/epoch
Iter: 000, Train Loss: 0.092702
Epoch: 024, Inference Time: 0.0840 secs
Epoch: 024, Train Loss: 0.095617, Valid Loss: 1.164099, Valid MAE: 3.27, Valid RMSE: 6.66, Valid MAPE: 7.13, Training Time: 3.2765/epoch
Iter: 000, Train Loss: 0.093341
Epoch: 025, Inference Time: 0.0838 secs
Epoch: 025, Train Loss: 0.094842, Valid Loss: 1.144678, Valid MAE: 3.29, Valid RMSE: 6.71, Valid MAPE: 7.14, Training Time: 3.2132/epoch
Iter: 000, Train Loss: 0.093019
Epoch: 026, Inference Time: 0.0811 secs
Epoch: 026, Train Loss: 0.093564, Valid Loss: 1.186785, Valid MAE: 3.24, Valid RMSE: 6.69, Valid MAPE: 7.14, Training Time: 3.1838/epoch
Iter: 000, Train Loss: 0.091446
Epoch: 027, Inference Time: 0.0813 secs
Epoch: 027, Train Loss: 0.094210, Valid Loss: 1.140976, Valid MAE: 3.41, Valid RMSE: 6.75, Valid MAPE: 7.66, Training Time: 3.2923/epoch
Iter: 000, Train Loss: 0.086427
Epoch: 028, Inference Time: 0.0812 secs
Epoch: 028, Train Loss: 0.092217, Valid Loss: 1.062723, Valid MAE: 3.27, Valid RMSE: 6.64, Valid MAPE: 7.21, Training Time: 3.2196/epoch
Iter: 000, Train Loss: 0.086592
Epoch: 029, Inference Time: 0.0838 secs
Epoch: 029, Train Loss: 0.092015, Valid Loss: 1.161396, Valid MAE: 3.25, Valid RMSE: 6.62, Valid MAPE: 7.07, Training Time: 3.2034/epoch
Iter: 000, Train Loss: 0.091324
Epoch: 030, Inference Time: 0.0809 secs
Epoch: 030, Train Loss: 0.092326, Valid Loss: 1.156230, Valid MAE: 3.45, Valid RMSE: 6.70, Valid MAPE: 7.79, Training Time: 3.2502/epoch
Iter: 000, Train Loss: 0.085230
Epoch: 031, Inference Time: 0.0823 secs
Epoch: 031, Train Loss: 0.092153, Valid Loss: 1.198967, Valid MAE: 3.23, Valid RMSE: 6.58, Valid MAPE: 7.09, Training Time: 3.3589/epoch
Iter: 000, Train Loss: 0.090888
Epoch: 032, Inference Time: 0.0832 secs
Epoch: 032, Train Loss: 0.093509, Valid Loss: 1.109463, Valid MAE: 3.22, Valid RMSE: 6.57, Valid MAPE: 7.00, Training Time: 3.3589/epoch
Iter: 000, Train Loss: 0.089217
Epoch: 033, Inference Time: 0.0858 secs
Epoch: 033, Train Loss: 0.092197, Valid Loss: 1.048460, Valid MAE: 3.20, Valid RMSE: 6.55, Valid MAPE: 6.99, Training Time: 3.3220/epoch
Iter: 000, Train Loss: 0.085601
Epoch: 034, Inference Time: 0.0859 secs
Epoch: 034, Train Loss: 0.087815, Valid Loss: 1.053846, Valid MAE: 3.19, Valid RMSE: 6.51, Valid MAPE: 6.90, Training Time: 3.3556/epoch
Iter: 000, Train Loss: 0.084441
Epoch: 035, Inference Time: 0.0817 secs
Epoch: 035, Train Loss: 0.087043, Valid Loss: 1.031833, Valid MAE: 3.18, Valid RMSE: 6.50, Valid MAPE: 6.97, Training Time: 3.2651/epoch
Iter: 000, Train Loss: 0.084202
Epoch: 036, Inference Time: 0.0898 secs
Epoch: 036, Train Loss: 0.087332, Valid Loss: 1.147665, Valid MAE: 3.18, Valid RMSE: 6.51, Valid MAPE: 7.01, Training Time: 3.2765/epoch
Iter: 000, Train Loss: 0.089514
Epoch: 037, Inference Time: 0.0924 secs
Epoch: 037, Train Loss: 0.087692, Valid Loss: 1.014370, Valid MAE: 3.24, Valid RMSE: 6.58, Valid MAPE: 7.40, Training Time: 3.3415/epoch
Iter: 000, Train Loss: 0.079671
Epoch: 038, Inference Time: 0.0810 secs
Epoch: 038, Train Loss: 0.085312, Valid Loss: 1.023382, Valid MAE: 3.14, Valid RMSE: 6.40, Valid MAPE: 6.81, Training Time: 3.3194/epoch
Iter: 000, Train Loss: 0.082364
Epoch: 039, Inference Time: 0.0848 secs
Epoch: 039, Train Loss: 0.085831, Valid Loss: 1.098634, Valid MAE: 3.15, Valid RMSE: 6.43, Valid MAPE: 6.88, Training Time: 3.2687/epoch
Iter: 000, Train Loss: 0.083580
Epoch: 040, Inference Time: 0.0814 secs
Epoch: 040, Train Loss: 0.089155, Valid Loss: 1.043451, Valid MAE: 3.14, Valid RMSE: 6.45, Valid MAPE: 6.84, Training Time: 3.2115/epoch
Iter: 000, Train Loss: 0.085414
Epoch: 041, Inference Time: 0.0822 secs
Epoch: 041, Train Loss: 0.087567, Valid Loss: 1.075092, Valid MAE: 3.15, Valid RMSE: 6.43, Valid MAPE: 6.85, Training Time: 3.2287/epoch
Iter: 000, Train Loss: 0.086381
Epoch: 042, Inference Time: 0.0854 secs
Epoch: 042, Train Loss: 0.084874, Valid Loss: 1.047530, Valid MAE: 3.16, Valid RMSE: 6.41, Valid MAPE: 6.81, Training Time: 3.2951/epoch
Iter: 000, Train Loss: 0.083341
Epoch: 043, Inference Time: 0.0920 secs
Epoch: 043, Train Loss: 0.082242, Valid Loss: 1.019977, Valid MAE: 3.09, Valid RMSE: 6.33, Valid MAPE: 6.68, Training Time: 3.2782/epoch
Iter: 000, Train Loss: 0.080257
Epoch: 044, Inference Time: 0.0849 secs
Epoch: 044, Train Loss: 0.081937, Valid Loss: 1.020128, Valid MAE: 3.09, Valid RMSE: 6.36, Valid MAPE: 6.71, Training Time: 3.2739/epoch
Iter: 000, Train Loss: 0.079568
Epoch: 045, Inference Time: 0.0848 secs
Epoch: 045, Train Loss: 0.081437, Valid Loss: 0.942763, Valid MAE: 3.06, Valid RMSE: 6.35, Valid MAPE: 6.68, Training Time: 3.3396/epoch
Iter: 000, Train Loss: 0.077686
Epoch: 046, Inference Time: 0.0846 secs
Epoch: 046, Train Loss: 0.081610, Valid Loss: 0.964092, Valid MAE: 3.05, Valid RMSE: 6.34, Valid MAPE: 6.61, Training Time: 3.3077/epoch
Iter: 000, Train Loss: 0.077232
Epoch: 047, Inference Time: 0.0811 secs
Epoch: 047, Train Loss: 0.081301, Valid Loss: 0.934121, Valid MAE: 3.04, Valid RMSE: 6.32, Valid MAPE: 6.64, Training Time: 3.2960/epoch
Iter: 000, Train Loss: 0.077794
Epoch: 048, Inference Time: 0.0854 secs
Epoch: 048, Train Loss: 0.080948, Valid Loss: 1.061830, Valid MAE: 3.09, Valid RMSE: 6.37, Valid MAPE: 6.79, Training Time: 3.2990/epoch
Iter: 000, Train Loss: 0.082428
Epoch: 049, Inference Time: 0.0809 secs
Epoch: 049, Train Loss: 0.082027, Valid Loss: 0.973215, Valid MAE: 3.14, Valid RMSE: 6.41, Valid MAPE: 7.10, Training Time: 3.3233/epoch
Iter: 000, Train Loss: 0.077801
Epoch: 050, Inference Time: 0.0851 secs
Epoch: 050, Train Loss: 0.079727, Valid Loss: 0.974964, Valid MAE: 3.03, Valid RMSE: 6.31, Valid MAPE: 6.58, Training Time: 3.3540/epoch
Iter: 000, Train Loss: 0.078581
Epoch: 051, Inference Time: 0.0965 secs
Epoch: 051, Train Loss: 0.079964, Valid Loss: 1.051360, Valid MAE: 3.09, Valid RMSE: 6.33, Valid MAPE: 6.68, Training Time: 3.2640/epoch
Iter: 000, Train Loss: 0.080463
Epoch: 052, Inference Time: 0.0817 secs
Epoch: 052, Train Loss: 0.081394, Valid Loss: 0.935646, Valid MAE: 3.09, Valid RMSE: 6.35, Valid MAPE: 6.92, Training Time: 3.2907/epoch
Iter: 000, Train Loss: 0.074841
Epoch: 053, Inference Time: 0.0843 secs
Epoch: 053, Train Loss: 0.078205, Valid Loss: 0.908974, Valid MAE: 3.02, Valid RMSE: 6.25, Valid MAPE: 6.57, Training Time: 3.2390/epoch
Iter: 000, Train Loss: 0.076524
Epoch: 054, Inference Time: 0.0838 secs
Epoch: 054, Train Loss: 0.078307, Valid Loss: 1.034913, Valid MAE: 3.06, Valid RMSE: 6.29, Valid MAPE: 6.69, Training Time: 3.2737/epoch
Iter: 000, Train Loss: 0.078388
Epoch: 055, Inference Time: 0.0850 secs
Epoch: 055, Train Loss: 0.078137, Valid Loss: 0.906692, Valid MAE: 3.02, Valid RMSE: 6.27, Valid MAPE: 6.64, Training Time: 3.2475/epoch
Iter: 000, Train Loss: 0.075278
Epoch: 056, Inference Time: 0.0857 secs
Epoch: 056, Train Loss: 0.077329, Valid Loss: 0.896052, Valid MAE: 2.99, Valid RMSE: 6.26, Valid MAPE: 6.51, Training Time: 3.3211/epoch
Iter: 000, Train Loss: 0.075032
Epoch: 057, Inference Time: 0.0876 secs
Epoch: 057, Train Loss: 0.077136, Valid Loss: 0.960008, Valid MAE: 3.03, Valid RMSE: 6.26, Valid MAPE: 6.54, Training Time: 3.3188/epoch
Iter: 000, Train Loss: 0.076995
Epoch: 058, Inference Time: 0.0815 secs
Epoch: 058, Train Loss: 0.077018, Valid Loss: 0.881898, Valid MAE: 3.01, Valid RMSE: 6.28, Valid MAPE: 6.56, Training Time: 3.3527/epoch
Iter: 000, Train Loss: 0.073703
Epoch: 059, Inference Time: 0.0865 secs
Epoch: 059, Train Loss: 0.077013, Valid Loss: 1.052173, Valid MAE: 3.09, Valid RMSE: 6.27, Valid MAPE: 6.70, Training Time: 3.2434/epoch
Iter: 000, Train Loss: 0.082447
Epoch: 060, Inference Time: 0.0859 secs
Epoch: 060, Train Loss: 0.077917, Valid Loss: 1.007510, Valid MAE: 3.06, Valid RMSE: 6.31, Valid MAPE: 6.62, Training Time: 3.2967/epoch
Iter: 000, Train Loss: 0.074854
Epoch: 061, Inference Time: 0.0822 secs
Epoch: 061, Train Loss: 0.076020, Valid Loss: 0.883540, Valid MAE: 3.00, Valid RMSE: 6.25, Valid MAPE: 6.49, Training Time: 3.2796/epoch
Iter: 000, Train Loss: 0.074114
Epoch: 062, Inference Time: 0.0847 secs
Epoch: 062, Train Loss: 0.074220, Valid Loss: 0.872343, Valid MAE: 3.01, Valid RMSE: 6.22, Valid MAPE: 6.51, Training Time: 3.2089/epoch
Iter: 000, Train Loss: 0.071388
Epoch: 063, Inference Time: 0.0965 secs
Epoch: 063, Train Loss: 0.075433, Valid Loss: 1.046455, Valid MAE: 3.08, Valid RMSE: 6.31, Valid MAPE: 6.74, Training Time: 3.2649/epoch
Iter: 000, Train Loss: 0.076803
Epoch: 064, Inference Time: 0.0856 secs
Epoch: 064, Train Loss: 0.075885, Valid Loss: 0.893940, Valid MAE: 3.05, Valid RMSE: 6.27, Valid MAPE: 6.79, Training Time: 3.3047/epoch
Iter: 000, Train Loss: 0.067866
Epoch: 065, Inference Time: 0.0815 secs
Epoch: 065, Train Loss: 0.074510, Valid Loss: 0.883895, Valid MAE: 2.99, Valid RMSE: 6.23, Valid MAPE: 6.47, Training Time: 3.2554/epoch
Iter: 000, Train Loss: 0.073910
Epoch: 066, Inference Time: 0.0917 secs
Epoch: 066, Train Loss: 0.073538, Valid Loss: 0.937987, Valid MAE: 3.02, Valid RMSE: 6.24, Valid MAPE: 6.51, Training Time: 3.2711/epoch
Iter: 000, Train Loss: 0.071071
Epoch: 067, Inference Time: 0.0916 secs
Epoch: 067, Train Loss: 0.073429, Valid Loss: 0.875584, Valid MAE: 2.99, Valid RMSE: 6.26, Valid MAPE: 6.45, Training Time: 3.3890/epoch
Iter: 000, Train Loss: 0.071805
Epoch: 068, Inference Time: 0.0829 secs
Epoch: 068, Train Loss: 0.071699, Valid Loss: 0.828483, Valid MAE: 3.00, Valid RMSE: 6.24, Valid MAPE: 6.51, Training Time: 3.3518/epoch
Iter: 000, Train Loss: 0.068245
Epoch: 069, Inference Time: 0.0867 secs
Epoch: 069, Train Loss: 0.071321, Valid Loss: 0.818067, Valid MAE: 2.97, Valid RMSE: 6.21, Valid MAPE: 6.47, Training Time: 3.3033/epoch
Iter: 000, Train Loss: 0.069011
Epoch: 070, Inference Time: 0.0846 secs
Epoch: 070, Train Loss: 0.071393, Valid Loss: 0.836458, Valid MAE: 2.96, Valid RMSE: 6.17, Valid MAPE: 6.41, Training Time: 3.2290/epoch
Iter: 000, Train Loss: 0.068120
Epoch: 071, Inference Time: 0.0822 secs
Epoch: 071, Train Loss: 0.070873, Valid Loss: 0.891479, Valid MAE: 2.99, Valid RMSE: 6.24, Valid MAPE: 6.44, Training Time: 3.2413/epoch
Iter: 000, Train Loss: 0.070531
Epoch: 072, Inference Time: 0.0884 secs
Epoch: 072, Train Loss: 0.070919, Valid Loss: 0.824506, Valid MAE: 2.96, Valid RMSE: 6.19, Valid MAPE: 6.36, Training Time: 3.2126/epoch
Iter: 000, Train Loss: 0.067686
Epoch: 073, Inference Time: 0.0828 secs
Epoch: 073, Train Loss: 0.071245, Valid Loss: 0.885057, Valid MAE: 2.98, Valid RMSE: 6.23, Valid MAPE: 6.43, Training Time: 3.2687/epoch
Iter: 000, Train Loss: 0.072286
Epoch: 074, Inference Time: 0.0842 secs
Epoch: 074, Train Loss: 0.070451, Valid Loss: 0.801553, Valid MAE: 2.96, Valid RMSE: 6.21, Valid MAPE: 6.39, Training Time: 3.2567/epoch
Iter: 000, Train Loss: 0.065830
Epoch: 075, Inference Time: 0.0817 secs
Epoch: 075, Train Loss: 0.069230, Valid Loss: 0.874158, Valid MAE: 2.98, Valid RMSE: 6.21, Valid MAPE: 6.44, Training Time: 3.2478/epoch
Iter: 000, Train Loss: 0.070546
Epoch: 076, Inference Time: 0.0849 secs
Epoch: 076, Train Loss: 0.068624, Valid Loss: 0.795343, Valid MAE: 2.94, Valid RMSE: 6.22, Valid MAPE: 6.40, Training Time: 3.1896/epoch
Iter: 000, Train Loss: 0.064507
Epoch: 077, Inference Time: 0.0818 secs
Epoch: 077, Train Loss: 0.070599, Valid Loss: 0.908944, Valid MAE: 2.99, Valid RMSE: 6.24, Valid MAPE: 6.46, Training Time: 3.2312/epoch
Iter: 000, Train Loss: 0.070786
Epoch: 078, Inference Time: 0.0860 secs
Epoch: 078, Train Loss: 0.070516, Valid Loss: 0.953154, Valid MAE: 3.01, Valid RMSE: 6.22, Valid MAPE: 6.51, Training Time: 3.2974/epoch
Iter: 000, Train Loss: 0.072397
Epoch: 079, Inference Time: 0.0818 secs
Epoch: 079, Train Loss: 0.072151, Valid Loss: 0.988500, Valid MAE: 3.03, Valid RMSE: 6.28, Valid MAPE: 6.61, Training Time: 3.2697/epoch
Iter: 000, Train Loss: 0.074002
Epoch: 080, Inference Time: 0.0841 secs
Epoch: 080, Train Loss: 0.071225, Valid Loss: 0.796797, Valid MAE: 2.96, Valid RMSE: 6.25, Valid MAPE: 6.50, Training Time: 3.3257/epoch
Iter: 000, Train Loss: 0.064253
Epoch: 081, Inference Time: 0.0825 secs
Epoch: 081, Train Loss: 0.069438, Valid Loss: 0.825833, Valid MAE: 2.94, Valid RMSE: 6.23, Valid MAPE: 6.35, Training Time: 3.2121/epoch
Iter: 000, Train Loss: 0.065852
Epoch: 082, Inference Time: 0.0874 secs
Epoch: 082, Train Loss: 0.068170, Valid Loss: 0.790557, Valid MAE: 2.92, Valid RMSE: 6.21, Valid MAPE: 6.31, Training Time: 3.2203/epoch
Iter: 000, Train Loss: 0.064690
Epoch: 083, Inference Time: 0.0830 secs
Epoch: 083, Train Loss: 0.067425, Valid Loss: 0.797594, Valid MAE: 2.97, Valid RMSE: 6.18, Valid MAPE: 6.36, Training Time: 3.3027/epoch
Iter: 000, Train Loss: 0.063812
Epoch: 084, Inference Time: 0.0876 secs
Epoch: 084, Train Loss: 0.066974, Valid Loss: 0.828528, Valid MAE: 2.96, Valid RMSE: 6.24, Valid MAPE: 6.41, Training Time: 3.2705/epoch
Iter: 000, Train Loss: 0.066389
Epoch: 085, Inference Time: 0.0816 secs
Epoch: 085, Train Loss: 0.068322, Valid Loss: 0.876805, Valid MAE: 2.96, Valid RMSE: 6.25, Valid MAPE: 6.44, Training Time: 3.3042/epoch
Iter: 000, Train Loss: 0.070105
Epoch: 086, Inference Time: 0.0814 secs
Epoch: 086, Train Loss: 0.069498, Valid Loss: 0.838113, Valid MAE: 2.92, Valid RMSE: 6.21, Valid MAPE: 6.34, Training Time: 3.3345/epoch
Iter: 000, Train Loss: 0.067276
Epoch: 087, Inference Time: 0.0847 secs
Epoch: 087, Train Loss: 0.068182, Valid Loss: 0.809510, Valid MAE: 2.95, Valid RMSE: 6.22, Valid MAPE: 6.51, Training Time: 3.2719/epoch
Iter: 000, Train Loss: 0.065871
Epoch: 088, Inference Time: 0.0846 secs
Epoch: 088, Train Loss: 0.069221, Valid Loss: 0.874259, Valid MAE: 2.99, Valid RMSE: 6.26, Valid MAPE: 6.49, Training Time: 3.2520/epoch
Iter: 000, Train Loss: 0.067389
Epoch: 089, Inference Time: 0.0820 secs
Epoch: 089, Train Loss: 0.072286, Valid Loss: 0.804029, Valid MAE: 2.94, Valid RMSE: 6.22, Valid MAPE: 6.39, Training Time: 3.2483/epoch
Iter: 000, Train Loss: 0.065091
Epoch: 090, Inference Time: 0.0814 secs
Epoch: 090, Train Loss: 0.067226, Valid Loss: 0.766145, Valid MAE: 2.91, Valid RMSE: 6.19, Valid MAPE: 6.38, Training Time: 3.2291/epoch
Iter: 000, Train Loss: 0.063179
Epoch: 091, Inference Time: 0.0853 secs
Epoch: 091, Train Loss: 0.065445, Valid Loss: 0.786334, Valid MAE: 2.93, Valid RMSE: 6.24, Valid MAPE: 6.46, Training Time: 3.2680/epoch
Iter: 000, Train Loss: 0.062877
Epoch: 092, Inference Time: 0.0813 secs
Epoch: 092, Train Loss: 0.068056, Valid Loss: 0.861179, Valid MAE: 2.95, Valid RMSE: 6.24, Valid MAPE: 6.40, Training Time: 3.2528/epoch
Iter: 000, Train Loss: 0.066143
Epoch: 093, Inference Time: 0.0865 secs
Epoch: 093, Train Loss: 0.065700, Valid Loss: 0.824781, Valid MAE: 2.94, Valid RMSE: 6.19, Valid MAPE: 6.34, Training Time: 3.2883/epoch
Iter: 000, Train Loss: 0.062181
Epoch: 094, Inference Time: 0.0887 secs
Epoch: 094, Train Loss: 0.066854, Valid Loss: 0.944371, Valid MAE: 3.00, Valid RMSE: 6.29, Valid MAPE: 6.54, Training Time: 3.3344/epoch
Iter: 000, Train Loss: 0.069406
Epoch: 095, Inference Time: 0.0846 secs
Epoch: 095, Train Loss: 0.068048, Valid Loss: 0.771418, Valid MAE: 2.91, Valid RMSE: 6.22, Valid MAPE: 6.37, Training Time: 3.2989/epoch
Iter: 000, Train Loss: 0.061532
Epoch: 096, Inference Time: 0.0813 secs
Epoch: 096, Train Loss: 0.066426, Valid Loss: 0.827345, Valid MAE: 2.90, Valid RMSE: 6.19, Valid MAPE: 6.21, Training Time: 3.1916/epoch
Iter: 000, Train Loss: 0.064549
Epoch: 097, Inference Time: 0.0875 secs
Epoch: 097, Train Loss: 0.065703, Valid Loss: 0.782346, Valid MAE: 2.91, Valid RMSE: 6.22, Valid MAPE: 6.26, Training Time: 3.2743/epoch
Iter: 000, Train Loss: 0.064151
Epoch: 098, Inference Time: 0.1249 secs
Epoch: 098, Train Loss: 0.064297, Valid Loss: 0.790817, Valid MAE: 2.89, Valid RMSE: 6.17, Valid MAPE: 6.31, Training Time: 3.3185/epoch
Iter: 000, Train Loss: 0.060885
Epoch: 099, Inference Time: 0.0868 secs
Epoch: 099, Train Loss: 0.063846, Valid Loss: 0.761510, Valid MAE: 2.91, Valid RMSE: 6.16, Valid MAPE: 6.34, Training Time: 3.2843/epoch
Iter: 000, Train Loss: 0.063588
Epoch: 100, Inference Time: 0.0823 secs
Epoch: 100, Train Loss: 0.064973, Valid Loss: 0.786403, Valid MAE: 2.91, Valid RMSE: 6.21, Valid MAPE: 6.37, Training Time: 3.2784/epoch
Average Training Time: 3.2807 secs/epoch
Average Inference Time: 0.0853 secs
Test MAE: 3.012, Test RMSE: 6.116 Test MAPE: 6.530
Spend Time: 343.86963868141174
