Namespace(addaptadj=False, adjdata='datasets/{}/adj_mx.pkl', adjtype='doubletransition', aptonly=False, batch_size=64, dataset='PEMS-BAY', device=0, dropout=0.3, epochs=100, expid=1, gcn_bool=False, in_dim=1, learning_rate=0.001, miss_mechanism='MAR', miss_ratio=0.5, nhid=32, patience=20, print_every=50, randomadj=False, save='baselines_save_model/graphwavenet', seed=2021, seq_length=12, weight_decay=0.0001)
start training...
Iter: 000, Train Loss: 0.633043
Epoch: 001, Inference Time: 0.1930 secs
Epoch: 001, Train Loss: 0.249425, Valid Loss: 2.123174, Valid MAE: 1.95, Valid RMSE: 4.12, Valid MAPE: 4.53, Training Time: 8.1585/epoch
Iter: 000, Train Loss: 0.191492
Epoch: 002, Inference Time: 0.1906 secs
Epoch: 002, Train Loss: 0.154458, Valid Loss: 1.526454, Valid MAE: 1.47, Valid RMSE: 3.07, Valid MAPE: 3.20, Training Time: 7.1724/epoch
Iter: 000, Train Loss: 0.135523
Epoch: 003, Inference Time: 0.1938 secs
Epoch: 003, Train Loss: 0.127788, Valid Loss: 1.461458, Valid MAE: 1.41, Valid RMSE: 2.79, Valid MAPE: 2.94, Training Time: 7.2191/epoch
Iter: 000, Train Loss: 0.118402
Epoch: 004, Inference Time: 0.2092 secs
Epoch: 004, Train Loss: 0.112450, Valid Loss: 1.227472, Valid MAE: 1.30, Valid RMSE: 2.44, Valid MAPE: 2.66, Training Time: 7.1838/epoch
Iter: 000, Train Loss: 0.107928
Epoch: 005, Inference Time: 0.1986 secs
Epoch: 005, Train Loss: 0.102698, Valid Loss: 1.180695, Valid MAE: 1.28, Valid RMSE: 2.37, Valid MAPE: 2.64, Training Time: 7.0591/epoch
Iter: 000, Train Loss: 0.108572
Epoch: 006, Inference Time: 0.1958 secs
Epoch: 006, Train Loss: 0.096958, Valid Loss: 1.108197, Valid MAE: 1.23, Valid RMSE: 2.30, Valid MAPE: 2.52, Training Time: 7.2018/epoch
Iter: 000, Train Loss: 0.102167
Epoch: 007, Inference Time: 0.1977 secs
Epoch: 007, Train Loss: 0.092798, Valid Loss: 1.061086, Valid MAE: 1.21, Valid RMSE: 2.25, Valid MAPE: 2.46, Training Time: 7.1001/epoch
Iter: 000, Train Loss: 0.096636
Epoch: 008, Inference Time: 0.1915 secs
Epoch: 008, Train Loss: 0.089405, Valid Loss: 1.015448, Valid MAE: 1.17, Valid RMSE: 2.22, Valid MAPE: 2.42, Training Time: 7.1844/epoch
Iter: 000, Train Loss: 0.090766
Epoch: 009, Inference Time: 0.1917 secs
Epoch: 009, Train Loss: 0.086854, Valid Loss: 1.061616, Valid MAE: 1.21, Valid RMSE: 2.27, Valid MAPE: 2.57, Training Time: 7.1991/epoch
Iter: 000, Train Loss: 0.094142
Epoch: 010, Inference Time: 0.1918 secs
Epoch: 010, Train Loss: 0.083896, Valid Loss: 1.077470, Valid MAE: 1.23, Valid RMSE: 2.26, Valid MAPE: 2.58, Training Time: 7.3056/epoch
Iter: 000, Train Loss: 0.092433
Epoch: 011, Inference Time: 0.1924 secs
Epoch: 011, Train Loss: 0.082159, Valid Loss: 1.086517, Valid MAE: 1.23, Valid RMSE: 2.26, Valid MAPE: 2.60, Training Time: 7.2393/epoch
Iter: 000, Train Loss: 0.090023
Epoch: 012, Inference Time: 0.2031 secs
Epoch: 012, Train Loss: 0.080539, Valid Loss: 1.067159, Valid MAE: 1.21, Valid RMSE: 2.23, Valid MAPE: 2.53, Training Time: 7.2615/epoch
Iter: 000, Train Loss: 0.088061
Epoch: 013, Inference Time: 0.1922 secs
Epoch: 013, Train Loss: 0.079842, Valid Loss: 0.955565, Valid MAE: 1.13, Valid RMSE: 2.14, Valid MAPE: 2.31, Training Time: 7.2176/epoch
Iter: 000, Train Loss: 0.083354
Epoch: 014, Inference Time: 0.1915 secs
Epoch: 014, Train Loss: 0.077844, Valid Loss: 1.028296, Valid MAE: 1.18, Valid RMSE: 2.16, Valid MAPE: 2.42, Training Time: 7.1845/epoch
Iter: 000, Train Loss: 0.084776
Epoch: 015, Inference Time: 0.1980 secs
Epoch: 015, Train Loss: 0.077243, Valid Loss: 0.979109, Valid MAE: 1.14, Valid RMSE: 2.13, Valid MAPE: 2.32, Training Time: 7.1343/epoch
Iter: 000, Train Loss: 0.082842
Epoch: 016, Inference Time: 0.2034 secs
Epoch: 016, Train Loss: 0.075770, Valid Loss: 0.968579, Valid MAE: 1.13, Valid RMSE: 2.12, Valid MAPE: 2.33, Training Time: 7.0944/epoch
Iter: 000, Train Loss: 0.081594
Epoch: 017, Inference Time: 0.1927 secs
Epoch: 017, Train Loss: 0.074218, Valid Loss: 0.963842, Valid MAE: 1.12, Valid RMSE: 2.11, Valid MAPE: 2.32, Training Time: 7.1118/epoch
Iter: 000, Train Loss: 0.079078
Epoch: 018, Inference Time: 0.1939 secs
Epoch: 018, Train Loss: 0.072464, Valid Loss: 0.916484, Valid MAE: 1.10, Valid RMSE: 2.05, Valid MAPE: 2.18, Training Time: 7.0238/epoch
Iter: 000, Train Loss: 0.075346
Epoch: 019, Inference Time: 0.1924 secs
Epoch: 019, Train Loss: 0.071801, Valid Loss: 0.874989, Valid MAE: 1.07, Valid RMSE: 2.01, Valid MAPE: 2.07, Training Time: 7.0249/epoch
Iter: 000, Train Loss: 0.072451
Epoch: 020, Inference Time: 0.1915 secs
Epoch: 020, Train Loss: 0.070390, Valid Loss: 0.852374, Valid MAE: 1.05, Valid RMSE: 2.00, Valid MAPE: 2.04, Training Time: 7.0498/epoch
Iter: 000, Train Loss: 0.070949
Epoch: 021, Inference Time: 0.1917 secs
Epoch: 021, Train Loss: 0.070752, Valid Loss: 0.872787, Valid MAE: 1.06, Valid RMSE: 2.00, Valid MAPE: 2.05, Training Time: 7.2025/epoch
Iter: 000, Train Loss: 0.070086
Epoch: 022, Inference Time: 0.1924 secs
Epoch: 022, Train Loss: 0.069695, Valid Loss: 0.844478, Valid MAE: 1.05, Valid RMSE: 1.98, Valid MAPE: 2.01, Training Time: 7.2298/epoch
Iter: 000, Train Loss: 0.069389
Epoch: 023, Inference Time: 0.1928 secs
Epoch: 023, Train Loss: 0.068804, Valid Loss: 0.849553, Valid MAE: 1.05, Valid RMSE: 1.98, Valid MAPE: 2.03, Training Time: 7.2094/epoch
Iter: 000, Train Loss: 0.068276
Epoch: 024, Inference Time: 0.1978 secs
Epoch: 024, Train Loss: 0.068391, Valid Loss: 0.826381, Valid MAE: 1.04, Valid RMSE: 1.98, Valid MAPE: 2.01, Training Time: 7.2445/epoch
Iter: 000, Train Loss: 0.068078
Epoch: 025, Inference Time: 0.1939 secs
Epoch: 025, Train Loss: 0.067684, Valid Loss: 0.829483, Valid MAE: 1.05, Valid RMSE: 1.98, Valid MAPE: 2.01, Training Time: 7.1771/epoch
Iter: 000, Train Loss: 0.066827
Epoch: 026, Inference Time: 0.1919 secs
Epoch: 026, Train Loss: 0.067149, Valid Loss: 0.830080, Valid MAE: 1.06, Valid RMSE: 1.98, Valid MAPE: 2.04, Training Time: 7.1280/epoch
Iter: 000, Train Loss: 0.066560
Epoch: 027, Inference Time: 0.1927 secs
Epoch: 027, Train Loss: 0.066701, Valid Loss: 0.801739, Valid MAE: 1.04, Valid RMSE: 1.97, Valid MAPE: 2.00, Training Time: 7.0825/epoch
Iter: 000, Train Loss: 0.065601
Epoch: 028, Inference Time: 0.1938 secs
Epoch: 028, Train Loss: 0.065851, Valid Loss: 0.800068, Valid MAE: 1.04, Valid RMSE: 1.97, Valid MAPE: 2.01, Training Time: 7.0987/epoch
Iter: 000, Train Loss: 0.065327
Epoch: 029, Inference Time: 0.1925 secs
Epoch: 029, Train Loss: 0.065236, Valid Loss: 0.796919, Valid MAE: 1.03, Valid RMSE: 1.96, Valid MAPE: 1.99, Training Time: 7.1563/epoch
Iter: 000, Train Loss: 0.064774
Epoch: 030, Inference Time: 0.1917 secs
Epoch: 030, Train Loss: 0.064993, Valid Loss: 0.785501, Valid MAE: 1.04, Valid RMSE: 1.97, Valid MAPE: 2.00, Training Time: 7.1164/epoch
Iter: 000, Train Loss: 0.064442
Epoch: 031, Inference Time: 0.1915 secs
Epoch: 031, Train Loss: 0.064169, Valid Loss: 0.788343, Valid MAE: 1.04, Valid RMSE: 1.97, Valid MAPE: 2.00, Training Time: 7.0450/epoch
Iter: 000, Train Loss: 0.063677
Epoch: 032, Inference Time: 0.1921 secs
Epoch: 032, Train Loss: 0.064154, Valid Loss: 0.811566, Valid MAE: 1.05, Valid RMSE: 1.96, Valid MAPE: 2.01, Training Time: 7.0304/epoch
Iter: 000, Train Loss: 0.064176
Epoch: 033, Inference Time: 0.1932 secs
Epoch: 033, Train Loss: 0.063657, Valid Loss: 0.768382, Valid MAE: 1.03, Valid RMSE: 1.96, Valid MAPE: 1.98, Training Time: 7.0724/epoch
Iter: 000, Train Loss: 0.062921
Epoch: 034, Inference Time: 0.1926 secs
Epoch: 034, Train Loss: 0.062765, Valid Loss: 0.773556, Valid MAE: 1.02, Valid RMSE: 1.95, Valid MAPE: 1.97, Training Time: 7.0353/epoch
Iter: 000, Train Loss: 0.063213
Epoch: 035, Inference Time: 0.1919 secs
Epoch: 035, Train Loss: 0.062187, Valid Loss: 0.806024, Valid MAE: 1.06, Valid RMSE: 1.99, Valid MAPE: 2.06, Training Time: 7.0234/epoch
Iter: 000, Train Loss: 0.064901
Epoch: 036, Inference Time: 0.1916 secs
Epoch: 036, Train Loss: 0.062188, Valid Loss: 0.791712, Valid MAE: 1.03, Valid RMSE: 1.96, Valid MAPE: 1.99, Training Time: 7.0376/epoch
Iter: 000, Train Loss: 0.063961
Epoch: 037, Inference Time: 0.1981 secs
Epoch: 037, Train Loss: 0.061872, Valid Loss: 0.750558, Valid MAE: 1.02, Valid RMSE: 1.95, Valid MAPE: 1.96, Training Time: 7.1129/epoch
Iter: 000, Train Loss: 0.061730
Epoch: 038, Inference Time: 0.1957 secs
Epoch: 038, Train Loss: 0.060754, Valid Loss: 0.771602, Valid MAE: 1.03, Valid RMSE: 1.95, Valid MAPE: 1.97, Training Time: 7.1742/epoch
Iter: 000, Train Loss: 0.061999
Epoch: 039, Inference Time: 0.1956 secs
Epoch: 039, Train Loss: 0.060294, Valid Loss: 0.800559, Valid MAE: 1.06, Valid RMSE: 1.98, Valid MAPE: 2.06, Training Time: 7.1409/epoch
Iter: 000, Train Loss: 0.063353
Epoch: 040, Inference Time: 0.1927 secs
Epoch: 040, Train Loss: 0.060136, Valid Loss: 0.777088, Valid MAE: 1.04, Valid RMSE: 1.95, Valid MAPE: 1.98, Training Time: 7.1052/epoch
Iter: 000, Train Loss: 0.061110
Epoch: 041, Inference Time: 0.1925 secs
Epoch: 041, Train Loss: 0.059435, Valid Loss: 0.790140, Valid MAE: 1.05, Valid RMSE: 1.98, Valid MAPE: 2.07, Training Time: 7.0923/epoch
Iter: 000, Train Loss: 0.062255
Epoch: 042, Inference Time: 0.1920 secs
Epoch: 042, Train Loss: 0.059339, Valid Loss: 0.780650, Valid MAE: 1.03, Valid RMSE: 1.95, Valid MAPE: 1.97, Training Time: 7.1141/epoch
Iter: 000, Train Loss: 0.060922
Epoch: 043, Inference Time: 0.1932 secs
Epoch: 043, Train Loss: 0.059125, Valid Loss: 0.741327, Valid MAE: 1.02, Valid RMSE: 1.94, Valid MAPE: 1.96, Training Time: 7.1569/epoch
Iter: 000, Train Loss: 0.059800
Epoch: 044, Inference Time: 0.2078 secs
Epoch: 044, Train Loss: 0.058585, Valid Loss: 0.753277, Valid MAE: 1.01, Valid RMSE: 1.93, Valid MAPE: 1.93, Training Time: 7.2129/epoch
Iter: 000, Train Loss: 0.060388
Epoch: 045, Inference Time: 0.1957 secs
Epoch: 045, Train Loss: 0.058752, Valid Loss: 0.736537, Valid MAE: 1.01, Valid RMSE: 1.94, Valid MAPE: 1.94, Training Time: 7.2244/epoch
Iter: 000, Train Loss: 0.060467
Epoch: 046, Inference Time: 0.1919 secs
Epoch: 046, Train Loss: 0.059789, Valid Loss: 0.944629, Valid MAE: 1.14, Valid RMSE: 2.13, Valid MAPE: 2.38, Training Time: 7.2682/epoch
Iter: 000, Train Loss: 0.075116
Epoch: 047, Inference Time: 0.1926 secs
Epoch: 047, Train Loss: 0.058435, Valid Loss: 0.725477, Valid MAE: 1.00, Valid RMSE: 1.94, Valid MAPE: 1.94, Training Time: 7.1211/epoch
Iter: 000, Train Loss: 0.057773
Epoch: 048, Inference Time: 0.1938 secs
Epoch: 048, Train Loss: 0.057620, Valid Loss: 0.910799, Valid MAE: 1.12, Valid RMSE: 2.09, Valid MAPE: 2.31, Training Time: 7.1414/epoch
Iter: 000, Train Loss: 0.069438
Epoch: 049, Inference Time: 0.1927 secs
Epoch: 049, Train Loss: 0.057258, Valid Loss: 0.726574, Valid MAE: 1.01, Valid RMSE: 1.95, Valid MAPE: 1.96, Training Time: 7.2073/epoch
Iter: 000, Train Loss: 0.058616
Epoch: 050, Inference Time: 0.1987 secs
Epoch: 050, Train Loss: 0.055656, Valid Loss: 0.761195, Valid MAE: 1.04, Valid RMSE: 1.95, Valid MAPE: 1.98, Training Time: 7.2789/epoch
Iter: 000, Train Loss: 0.058451
Epoch: 051, Inference Time: 0.1922 secs
Epoch: 051, Train Loss: 0.055303, Valid Loss: 0.699849, Valid MAE: 1.00, Valid RMSE: 1.93, Valid MAPE: 1.93, Training Time: 7.1549/epoch
Iter: 000, Train Loss: 0.055068
Epoch: 052, Inference Time: 0.1919 secs
Epoch: 052, Train Loss: 0.054370, Valid Loss: 0.725572, Valid MAE: 1.03, Valid RMSE: 1.95, Valid MAPE: 1.98, Training Time: 7.1494/epoch
Iter: 000, Train Loss: 0.056003
Epoch: 053, Inference Time: 0.1926 secs
Epoch: 053, Train Loss: 0.054240, Valid Loss: 0.781021, Valid MAE: 1.06, Valid RMSE: 1.98, Valid MAPE: 2.10, Training Time: 7.1003/epoch
Iter: 000, Train Loss: 0.060259
Epoch: 054, Inference Time: 0.2000 secs
Epoch: 054, Train Loss: 0.053714, Valid Loss: 0.747419, Valid MAE: 1.04, Valid RMSE: 1.97, Valid MAPE: 2.06, Training Time: 7.1455/epoch
Iter: 000, Train Loss: 0.058458
Epoch: 055, Inference Time: 0.1933 secs
Epoch: 055, Train Loss: 0.053408, Valid Loss: 0.772465, Valid MAE: 1.06, Valid RMSE: 1.99, Valid MAPE: 2.10, Training Time: 7.2485/epoch
Iter: 000, Train Loss: 0.062035
Epoch: 056, Inference Time: 0.1919 secs
Epoch: 056, Train Loss: 0.054229, Valid Loss: 0.709819, Valid MAE: 1.02, Valid RMSE: 1.96, Valid MAPE: 2.00, Training Time: 7.1586/epoch
Iter: 000, Train Loss: 0.058731
Epoch: 057, Inference Time: 0.1924 secs
Epoch: 057, Train Loss: 0.054439, Valid Loss: 0.680930, Valid MAE: 0.98, Valid RMSE: 1.92, Valid MAPE: 1.91, Training Time: 7.1693/epoch
Iter: 000, Train Loss: 0.053904
Epoch: 058, Inference Time: 0.1925 secs
Epoch: 058, Train Loss: 0.053220, Valid Loss: 0.643634, Valid MAE: 0.98, Valid RMSE: 1.93, Valid MAPE: 1.91, Training Time: 7.1471/epoch
Iter: 000, Train Loss: 0.053197
Epoch: 059, Inference Time: 0.1915 secs
Epoch: 059, Train Loss: 0.052377, Valid Loss: 0.704205, Valid MAE: 1.00, Valid RMSE: 1.92, Valid MAPE: 1.92, Training Time: 7.2165/epoch
Iter: 000, Train Loss: 0.054281
Epoch: 060, Inference Time: 0.1929 secs
Epoch: 060, Train Loss: 0.052781, Valid Loss: 0.700372, Valid MAE: 1.01, Valid RMSE: 1.97, Valid MAPE: 2.02, Training Time: 7.1147/epoch
Iter: 000, Train Loss: 0.057373
Epoch: 061, Inference Time: 0.2001 secs
Epoch: 061, Train Loss: 0.053048, Valid Loss: 0.717294, Valid MAE: 1.01, Valid RMSE: 1.94, Valid MAPE: 1.95, Training Time: 7.1919/epoch
Iter: 000, Train Loss: 0.055772
Epoch: 062, Inference Time: 0.1916 secs
Epoch: 062, Train Loss: 0.053593, Valid Loss: 0.656215, Valid MAE: 0.98, Valid RMSE: 1.91, Valid MAPE: 1.88, Training Time: 7.2384/epoch
Iter: 000, Train Loss: 0.052249
Epoch: 063, Inference Time: 0.1916 secs
Epoch: 063, Train Loss: 0.051431, Valid Loss: 0.692413, Valid MAE: 1.01, Valid RMSE: 1.95, Valid MAPE: 2.00, Training Time: 7.0322/epoch
Iter: 000, Train Loss: 0.055391
Epoch: 064, Inference Time: 0.1922 secs
Epoch: 064, Train Loss: 0.050808, Valid Loss: 0.719987, Valid MAE: 1.03, Valid RMSE: 1.96, Valid MAPE: 2.03, Training Time: 7.0436/epoch
Iter: 000, Train Loss: 0.056027
Epoch: 065, Inference Time: 0.2010 secs
Epoch: 065, Train Loss: 0.051074, Valid Loss: 0.693436, Valid MAE: 1.00, Valid RMSE: 1.92, Valid MAPE: 1.92, Training Time: 7.2383/epoch
Iter: 000, Train Loss: 0.053585
Epoch: 066, Inference Time: 0.2067 secs
Epoch: 066, Train Loss: 0.051090, Valid Loss: 0.708292, Valid MAE: 1.02, Valid RMSE: 1.97, Valid MAPE: 2.05, Training Time: 7.4653/epoch
Iter: 000, Train Loss: 0.056027
Epoch: 067, Inference Time: 0.1948 secs
Epoch: 067, Train Loss: 0.050744, Valid Loss: 0.683972, Valid MAE: 1.00, Valid RMSE: 1.94, Valid MAPE: 1.95, Training Time: 7.1678/epoch
Iter: 000, Train Loss: 0.053812
Epoch: 068, Inference Time: 0.1928 secs
Epoch: 068, Train Loss: 0.050685, Valid Loss: 0.625627, Valid MAE: 0.96, Valid RMSE: 1.91, Valid MAPE: 1.86, Training Time: 7.1678/epoch
Iter: 000, Train Loss: 0.050784
Epoch: 069, Inference Time: 0.1973 secs
Epoch: 069, Train Loss: 0.051677, Valid Loss: 0.615505, Valid MAE: 0.96, Valid RMSE: 1.92, Valid MAPE: 1.89, Training Time: 7.3077/epoch
Iter: 000, Train Loss: 0.051335
Epoch: 070, Inference Time: 0.1918 secs
Epoch: 070, Train Loss: 0.049896, Valid Loss: 0.684732, Valid MAE: 1.00, Valid RMSE: 1.92, Valid MAPE: 1.91, Training Time: 7.2050/epoch
Iter: 000, Train Loss: 0.051727
Epoch: 071, Inference Time: 0.1981 secs
Epoch: 071, Train Loss: 0.050222, Valid Loss: 0.683816, Valid MAE: 1.01, Valid RMSE: 1.95, Valid MAPE: 1.99, Training Time: 7.2063/epoch
Iter: 000, Train Loss: 0.054604
Epoch: 072, Inference Time: 0.1927 secs
Epoch: 072, Train Loss: 0.049410, Valid Loss: 0.680586, Valid MAE: 1.01, Valid RMSE: 1.94, Valid MAPE: 1.95, Training Time: 7.1874/epoch
Iter: 000, Train Loss: 0.053925
Epoch: 073, Inference Time: 0.1928 secs
Epoch: 073, Train Loss: 0.049498, Valid Loss: 0.686541, Valid MAE: 1.02, Valid RMSE: 1.94, Valid MAPE: 1.95, Training Time: 7.2330/epoch
Iter: 000, Train Loss: 0.054816
Epoch: 074, Inference Time: 0.2056 secs
Epoch: 074, Train Loss: 0.053012, Valid Loss: 0.827426, Valid MAE: 1.08, Valid RMSE: 2.08, Valid MAPE: 2.28, Training Time: 7.2681/epoch
Iter: 000, Train Loss: 0.064668
Epoch: 075, Inference Time: 0.1919 secs
Epoch: 075, Train Loss: 0.051131, Valid Loss: 0.624504, Valid MAE: 0.96, Valid RMSE: 1.90, Valid MAPE: 1.87, Training Time: 7.2442/epoch
Iter: 000, Train Loss: 0.049238
Epoch: 076, Inference Time: 0.1925 secs
Epoch: 076, Train Loss: 0.050920, Valid Loss: 0.832379, Valid MAE: 1.07, Valid RMSE: 2.04, Valid MAPE: 2.21, Training Time: 7.1424/epoch
Iter: 000, Train Loss: 0.063575
Epoch: 077, Inference Time: 0.1920 secs
Epoch: 077, Train Loss: 0.051983, Valid Loss: 0.810322, Valid MAE: 1.05, Valid RMSE: 2.00, Valid MAPE: 2.14, Training Time: 7.1541/epoch
Iter: 000, Train Loss: 0.062144
Epoch: 078, Inference Time: 0.2224 secs
Epoch: 078, Train Loss: 0.051211, Valid Loss: 0.803902, Valid MAE: 1.04, Valid RMSE: 2.01, Valid MAPE: 2.14, Training Time: 7.0776/epoch
Iter: 000, Train Loss: 0.061719
Epoch: 079, Inference Time: 0.2065 secs
Epoch: 079, Train Loss: 0.051587, Valid Loss: 0.741374, Valid MAE: 1.02, Valid RMSE: 1.97, Valid MAPE: 2.03, Training Time: 7.1320/epoch
Iter: 000, Train Loss: 0.057136
Epoch: 080, Inference Time: 0.1918 secs
Epoch: 080, Train Loss: 0.050612, Valid Loss: 0.778424, Valid MAE: 1.05, Valid RMSE: 2.00, Valid MAPE: 2.13, Training Time: 7.0951/epoch
Iter: 000, Train Loss: 0.059154
Epoch: 081, Inference Time: 0.1922 secs
Epoch: 081, Train Loss: 0.050338, Valid Loss: 0.756512, Valid MAE: 1.03, Valid RMSE: 1.99, Valid MAPE: 2.10, Training Time: 7.0975/epoch
Iter: 000, Train Loss: 0.057829
Epoch: 082, Inference Time: 0.1966 secs
Epoch: 082, Train Loss: 0.049931, Valid Loss: 0.737514, Valid MAE: 1.02, Valid RMSE: 1.97, Valid MAPE: 2.05, Training Time: 7.0624/epoch
Iter: 000, Train Loss: 0.055940
Epoch: 083, Inference Time: 0.1928 secs
Epoch: 083, Train Loss: 0.049652, Valid Loss: 0.699562, Valid MAE: 1.00, Valid RMSE: 1.96, Valid MAPE: 2.00, Training Time: 7.1208/epoch
Iter: 000, Train Loss: 0.054370
Epoch: 084, Inference Time: 0.1926 secs
Epoch: 084, Train Loss: 0.049026, Valid Loss: 0.727171, Valid MAE: 1.01, Valid RMSE: 1.96, Valid MAPE: 2.03, Training Time: 7.1871/epoch
Iter: 000, Train Loss: 0.055196
Epoch: 085, Inference Time: 0.1931 secs
Epoch: 085, Train Loss: 0.049024, Valid Loss: 0.756003, Valid MAE: 1.03, Valid RMSE: 1.97, Valid MAPE: 2.07, Training Time: 7.2878/epoch
Iter: 000, Train Loss: 0.056434
Epoch: 086, Inference Time: 0.1940 secs
Epoch: 086, Train Loss: 0.048797, Valid Loss: 0.747618, Valid MAE: 1.02, Valid RMSE: 1.97, Valid MAPE: 2.06, Training Time: 7.1935/epoch
Iter: 000, Train Loss: 0.055741
Epoch: 087, Inference Time: 0.1918 secs
Epoch: 087, Train Loss: 0.048536, Valid Loss: 0.689658, Valid MAE: 1.00, Valid RMSE: 1.95, Valid MAPE: 1.99, Training Time: 7.1571/epoch
Iter: 000, Train Loss: 0.053121
Epoch: 088, Inference Time: 0.2070 secs
Epoch: 088, Train Loss: 0.047897, Valid Loss: 0.706978, Valid MAE: 1.00, Valid RMSE: 1.96, Valid MAPE: 2.03, Training Time: 7.1459/epoch
Iter: 000, Train Loss: 0.054679
Epoch: 089, Inference Time: 0.1924 secs
Epoch: 089, Train Loss: 0.048011, Valid Loss: 0.717851, Valid MAE: 1.01, Valid RMSE: 1.96, Valid MAPE: 2.03, Training Time: 7.1821/epoch
Iter: 000, Train Loss: 0.054265
Epoch: 090, Inference Time: 0.2100 secs
Epoch: 090, Train Loss: 0.047777, Valid Loss: 0.678311, Valid MAE: 0.98, Valid RMSE: 1.93, Valid MAPE: 1.96, Training Time: 7.2047/epoch
Epoch:90 early stop!
Average Training Time: 7.1712 secs/epoch
Average Inference Time: 0.1951 secs
Test MAE: 0.941, Test RMSE: 1.700 Test MAPE: 1.845
Spend Time: 671.9600687026978
