Namespace(addaptadj=False, adjdata='datasets/{}/adj_mx.pkl', adjtype='doubletransition', aptonly=False, batch_size=64, dataset='PEMS-BAY', device=0, dropout=0.3, epochs=100, expid=1, gcn_bool=False, in_dim=1, learning_rate=0.001, miss_mechanism='MNAR', miss_ratio=0.5, nhid=32, patience=20, print_every=50, randomadj=False, save='baselines_save_model/graphwavenet', seed=2022, seq_length=12, weight_decay=0.0001)
start training...
Iter: 000, Train Loss: 0.589253
Epoch: 001, Inference Time: 0.2035 secs
Epoch: 001, Train Loss: 0.271580, Valid Loss: 2.600745, Valid MAE: 2.22, Valid RMSE: 4.46, Valid MAPE: 5.00, Training Time: 8.7754/epoch
Iter: 000, Train Loss: 0.214544
Epoch: 002, Inference Time: 0.1987 secs
Epoch: 002, Train Loss: 0.181544, Valid Loss: 2.291301, Valid MAE: 1.96, Valid RMSE: 3.84, Valid MAPE: 4.33, Training Time: 7.5374/epoch
Iter: 000, Train Loss: 0.170738
Epoch: 003, Inference Time: 0.2076 secs
Epoch: 003, Train Loss: 0.156566, Valid Loss: 1.782388, Valid MAE: 1.60, Valid RMSE: 3.32, Valid MAPE: 3.45, Training Time: 7.6869/epoch
Iter: 000, Train Loss: 0.140319
Epoch: 004, Inference Time: 0.2053 secs
Epoch: 004, Train Loss: 0.142046, Valid Loss: 1.676289, Valid MAE: 1.49, Valid RMSE: 3.10, Valid MAPE: 3.17, Training Time: 7.4887/epoch
Iter: 000, Train Loss: 0.130598
Epoch: 005, Inference Time: 0.1957 secs
Epoch: 005, Train Loss: 0.132455, Valid Loss: 1.693852, Valid MAE: 1.47, Valid RMSE: 3.05, Valid MAPE: 3.11, Training Time: 7.5207/epoch
Iter: 000, Train Loss: 0.129782
Epoch: 006, Inference Time: 0.2019 secs
Epoch: 006, Train Loss: 0.125389, Valid Loss: 1.644645, Valid MAE: 1.45, Valid RMSE: 3.00, Valid MAPE: 3.02, Training Time: 7.6342/epoch
Iter: 000, Train Loss: 0.127413
Epoch: 007, Inference Time: 0.2037 secs
Epoch: 007, Train Loss: 0.118411, Valid Loss: 1.462800, Valid MAE: 1.35, Valid RMSE: 2.86, Valid MAPE: 2.83, Training Time: 7.5469/epoch
Iter: 000, Train Loss: 0.118477
Epoch: 008, Inference Time: 0.2032 secs
Epoch: 008, Train Loss: 0.114449, Valid Loss: 1.380488, Valid MAE: 1.31, Valid RMSE: 2.79, Valid MAPE: 2.72, Training Time: 7.6773/epoch
Iter: 000, Train Loss: 0.112035
Epoch: 009, Inference Time: 0.2043 secs
Epoch: 009, Train Loss: 0.111217, Valid Loss: 1.292516, Valid MAE: 1.27, Valid RMSE: 2.73, Valid MAPE: 2.65, Training Time: 7.5029/epoch
Iter: 000, Train Loss: 0.107000
Epoch: 010, Inference Time: 0.2123 secs
Epoch: 010, Train Loss: 0.107327, Valid Loss: 1.219076, Valid MAE: 1.24, Valid RMSE: 2.68, Valid MAPE: 2.71, Training Time: 7.4984/epoch
Iter: 000, Train Loss: 0.103797
Epoch: 011, Inference Time: 0.2141 secs
Epoch: 011, Train Loss: 0.104261, Valid Loss: 1.157184, Valid MAE: 1.21, Valid RMSE: 2.64, Valid MAPE: 2.54, Training Time: 7.8232/epoch
Iter: 000, Train Loss: 0.100375
Epoch: 012, Inference Time: 0.2033 secs
Epoch: 012, Train Loss: 0.102615, Valid Loss: 1.148068, Valid MAE: 1.21, Valid RMSE: 2.64, Valid MAPE: 2.56, Training Time: 7.4787/epoch
Iter: 000, Train Loss: 0.100016
Epoch: 013, Inference Time: 0.2022 secs
Epoch: 013, Train Loss: 0.101095, Valid Loss: 1.132426, Valid MAE: 1.20, Valid RMSE: 2.63, Valid MAPE: 2.54, Training Time: 7.5404/epoch
Iter: 000, Train Loss: 0.099180
Epoch: 014, Inference Time: 0.2017 secs
Epoch: 014, Train Loss: 0.099824, Valid Loss: 1.130893, Valid MAE: 1.20, Valid RMSE: 2.64, Valid MAPE: 2.55, Training Time: 7.4798/epoch
Iter: 000, Train Loss: 0.098592
Epoch: 015, Inference Time: 0.2047 secs
Epoch: 015, Train Loss: 0.098692, Valid Loss: 1.125067, Valid MAE: 1.21, Valid RMSE: 2.63, Valid MAPE: 2.57, Training Time: 7.7492/epoch
Iter: 000, Train Loss: 0.098022
Epoch: 016, Inference Time: 0.1988 secs
Epoch: 016, Train Loss: 0.097781, Valid Loss: 1.101076, Valid MAE: 1.19, Valid RMSE: 2.62, Valid MAPE: 2.51, Training Time: 7.4734/epoch
Iter: 000, Train Loss: 0.097068
Epoch: 017, Inference Time: 0.2001 secs
Epoch: 017, Train Loss: 0.096763, Valid Loss: 1.089028, Valid MAE: 1.18, Valid RMSE: 2.61, Valid MAPE: 2.48, Training Time: 7.5211/epoch
Iter: 000, Train Loss: 0.096119
Epoch: 018, Inference Time: 0.2033 secs
Epoch: 018, Train Loss: 0.096227, Valid Loss: 1.103719, Valid MAE: 1.19, Valid RMSE: 2.62, Valid MAPE: 2.54, Training Time: 7.5569/epoch
Iter: 000, Train Loss: 0.096841
Epoch: 019, Inference Time: 0.1971 secs
Epoch: 019, Train Loss: 0.095083, Valid Loss: 1.058100, Valid MAE: 1.17, Valid RMSE: 2.59, Valid MAPE: 2.42, Training Time: 7.4762/epoch
Iter: 000, Train Loss: 0.094200
Epoch: 020, Inference Time: 0.2408 secs
Epoch: 020, Train Loss: 0.094565, Valid Loss: 1.075430, Valid MAE: 1.18, Valid RMSE: 2.60, Valid MAPE: 2.50, Training Time: 7.4852/epoch
Iter: 000, Train Loss: 0.094912
Epoch: 021, Inference Time: 0.2013 secs
Epoch: 021, Train Loss: 0.093265, Valid Loss: 1.041587, Valid MAE: 1.16, Valid RMSE: 2.58, Valid MAPE: 2.37, Training Time: 7.5660/epoch
Iter: 000, Train Loss: 0.092763
Epoch: 022, Inference Time: 0.2024 secs
Epoch: 022, Train Loss: 0.092627, Valid Loss: 1.040402, Valid MAE: 1.16, Valid RMSE: 2.58, Valid MAPE: 2.37, Training Time: 7.4759/epoch
Iter: 000, Train Loss: 0.092271
Epoch: 023, Inference Time: 0.2029 secs
Epoch: 023, Train Loss: 0.091736, Valid Loss: 1.039151, Valid MAE: 1.15, Valid RMSE: 2.58, Valid MAPE: 2.37, Training Time: 7.3760/epoch
Iter: 000, Train Loss: 0.091775
Epoch: 024, Inference Time: 0.2030 secs
Epoch: 024, Train Loss: 0.091123, Valid Loss: 1.056586, Valid MAE: 1.17, Valid RMSE: 2.58, Valid MAPE: 2.39, Training Time: 7.7238/epoch
Iter: 000, Train Loss: 0.091993
Epoch: 025, Inference Time: 0.2064 secs
Epoch: 025, Train Loss: 0.091299, Valid Loss: 1.009798, Valid MAE: 1.15, Valid RMSE: 2.56, Valid MAPE: 2.36, Training Time: 7.7129/epoch
Iter: 000, Train Loss: 0.090204
Epoch: 026, Inference Time: 0.2017 secs
Epoch: 026, Train Loss: 0.090833, Valid Loss: 1.014080, Valid MAE: 1.15, Valid RMSE: 2.56, Valid MAPE: 2.38, Training Time: 7.6837/epoch
Iter: 000, Train Loss: 0.090440
Epoch: 027, Inference Time: 0.1997 secs
Epoch: 027, Train Loss: 0.090364, Valid Loss: 1.006766, Valid MAE: 1.14, Valid RMSE: 2.56, Valid MAPE: 2.37, Training Time: 7.6818/epoch
Iter: 000, Train Loss: 0.090168
Epoch: 028, Inference Time: 0.2025 secs
Epoch: 028, Train Loss: 0.089376, Valid Loss: 0.990878, Valid MAE: 1.13, Valid RMSE: 2.55, Valid MAPE: 2.31, Training Time: 7.6572/epoch
Iter: 000, Train Loss: 0.088268
Epoch: 029, Inference Time: 0.2048 secs
Epoch: 029, Train Loss: 0.088759, Valid Loss: 0.993629, Valid MAE: 1.13, Valid RMSE: 2.55, Valid MAPE: 2.31, Training Time: 7.5902/epoch
Iter: 000, Train Loss: 0.088277
Epoch: 030, Inference Time: 0.1983 secs
Epoch: 030, Train Loss: 0.088346, Valid Loss: 1.000033, Valid MAE: 1.15, Valid RMSE: 2.54, Valid MAPE: 2.32, Training Time: 7.6176/epoch
Iter: 000, Train Loss: 0.087351
Epoch: 031, Inference Time: 0.2031 secs
Epoch: 031, Train Loss: 0.087932, Valid Loss: 1.012533, Valid MAE: 1.15, Valid RMSE: 2.54, Valid MAPE: 2.33, Training Time: 7.8871/epoch
Iter: 000, Train Loss: 0.087684
Epoch: 032, Inference Time: 0.1960 secs
Epoch: 032, Train Loss: 0.087423, Valid Loss: 1.030865, Valid MAE: 1.15, Valid RMSE: 2.55, Valid MAPE: 2.36, Training Time: 7.6367/epoch
Iter: 000, Train Loss: 0.088236
Epoch: 033, Inference Time: 0.2029 secs
Epoch: 033, Train Loss: 0.086990, Valid Loss: 1.041585, Valid MAE: 1.15, Valid RMSE: 2.56, Valid MAPE: 2.37, Training Time: 7.6995/epoch
Iter: 000, Train Loss: 0.088421
Epoch: 034, Inference Time: 0.2025 secs
Epoch: 034, Train Loss: 0.086613, Valid Loss: 1.024094, Valid MAE: 1.15, Valid RMSE: 2.54, Valid MAPE: 2.35, Training Time: 7.6452/epoch
Iter: 000, Train Loss: 0.087458
Epoch: 035, Inference Time: 0.2036 secs
Epoch: 035, Train Loss: 0.086881, Valid Loss: 0.998241, Valid MAE: 1.14, Valid RMSE: 2.53, Valid MAPE: 2.32, Training Time: 7.7507/epoch
Iter: 000, Train Loss: 0.086327
Epoch: 036, Inference Time: 0.1987 secs
Epoch: 036, Train Loss: 0.086156, Valid Loss: 1.021391, Valid MAE: 1.16, Valid RMSE: 2.53, Valid MAPE: 2.34, Training Time: 7.5307/epoch
Iter: 000, Train Loss: 0.086796
Epoch: 037, Inference Time: 0.2050 secs
Epoch: 037, Train Loss: 0.085682, Valid Loss: 1.019894, Valid MAE: 1.15, Valid RMSE: 2.53, Valid MAPE: 2.32, Training Time: 7.6673/epoch
Iter: 000, Train Loss: 0.086798
Epoch: 038, Inference Time: 0.2100 secs
Epoch: 038, Train Loss: 0.085055, Valid Loss: 1.021592, Valid MAE: 1.15, Valid RMSE: 2.53, Valid MAPE: 2.33, Training Time: 7.5911/epoch
Iter: 000, Train Loss: 0.086433
Epoch: 039, Inference Time: 0.2025 secs
Epoch: 039, Train Loss: 0.084523, Valid Loss: 1.023766, Valid MAE: 1.14, Valid RMSE: 2.54, Valid MAPE: 2.34, Training Time: 7.5443/epoch
Iter: 000, Train Loss: 0.086304
Epoch: 040, Inference Time: 0.1972 secs
Epoch: 040, Train Loss: 0.084047, Valid Loss: 1.038747, Valid MAE: 1.16, Valid RMSE: 2.54, Valid MAPE: 2.36, Training Time: 7.4633/epoch
Iter: 000, Train Loss: 0.086363
Epoch: 041, Inference Time: 0.2016 secs
Epoch: 041, Train Loss: 0.083667, Valid Loss: 1.022981, Valid MAE: 1.15, Valid RMSE: 2.53, Valid MAPE: 2.35, Training Time: 7.6008/epoch
Iter: 000, Train Loss: 0.086429
Epoch: 042, Inference Time: 0.2001 secs
Epoch: 042, Train Loss: 0.083363, Valid Loss: 1.037340, Valid MAE: 1.16, Valid RMSE: 2.54, Valid MAPE: 2.36, Training Time: 7.4518/epoch
Iter: 000, Train Loss: 0.086175
Epoch: 043, Inference Time: 0.2019 secs
Epoch: 043, Train Loss: 0.083352, Valid Loss: 1.034780, Valid MAE: 1.15, Valid RMSE: 2.54, Valid MAPE: 2.36, Training Time: 7.5503/epoch
Iter: 000, Train Loss: 0.086597
Epoch: 044, Inference Time: 0.2013 secs
Epoch: 044, Train Loss: 0.083364, Valid Loss: 1.042326, Valid MAE: 1.15, Valid RMSE: 2.53, Valid MAPE: 2.35, Training Time: 7.4771/epoch
Iter: 000, Train Loss: 0.086372
Epoch: 045, Inference Time: 0.2026 secs
Epoch: 045, Train Loss: 0.084223, Valid Loss: 0.944129, Valid MAE: 1.11, Valid RMSE: 2.49, Valid MAPE: 2.25, Training Time: 7.5188/epoch
Iter: 000, Train Loss: 0.082752
Epoch: 046, Inference Time: 0.2011 secs
Epoch: 046, Train Loss: 0.084176, Valid Loss: 0.935977, Valid MAE: 1.11, Valid RMSE: 2.48, Valid MAPE: 2.25, Training Time: 7.6176/epoch
Iter: 000, Train Loss: 0.082978
Epoch: 047, Inference Time: 0.1949 secs
Epoch: 047, Train Loss: 0.083654, Valid Loss: 0.938101, Valid MAE: 1.11, Valid RMSE: 2.48, Valid MAPE: 2.25, Training Time: 7.3859/epoch
Iter: 000, Train Loss: 0.082970
Epoch: 048, Inference Time: 0.1997 secs
Epoch: 048, Train Loss: 0.083188, Valid Loss: 0.935554, Valid MAE: 1.11, Valid RMSE: 2.48, Valid MAPE: 2.24, Training Time: 7.2947/epoch
Iter: 000, Train Loss: 0.082833
Epoch: 049, Inference Time: 0.2036 secs
Epoch: 049, Train Loss: 0.082840, Valid Loss: 0.945467, Valid MAE: 1.11, Valid RMSE: 2.48, Valid MAPE: 2.25, Training Time: 7.6522/epoch
Iter: 000, Train Loss: 0.082792
Epoch: 050, Inference Time: 0.2039 secs
Epoch: 050, Train Loss: 0.082635, Valid Loss: 0.931549, Valid MAE: 1.10, Valid RMSE: 2.47, Valid MAPE: 2.25, Training Time: 7.6434/epoch
Iter: 000, Train Loss: 0.082782
Epoch: 051, Inference Time: 0.2007 secs
Epoch: 051, Train Loss: 0.082173, Valid Loss: 0.948272, Valid MAE: 1.11, Valid RMSE: 2.48, Valid MAPE: 2.24, Training Time: 7.5788/epoch
Iter: 000, Train Loss: 0.082222
Epoch: 052, Inference Time: 0.1971 secs
Epoch: 052, Train Loss: 0.081798, Valid Loss: 0.944051, Valid MAE: 1.11, Valid RMSE: 2.47, Valid MAPE: 2.24, Training Time: 7.6512/epoch
Iter: 000, Train Loss: 0.082866
Epoch: 053, Inference Time: 0.1938 secs
Epoch: 053, Train Loss: 0.081696, Valid Loss: 0.953691, Valid MAE: 1.11, Valid RMSE: 2.47, Valid MAPE: 2.24, Training Time: 7.7062/epoch
Iter: 000, Train Loss: 0.082607
Epoch: 054, Inference Time: 0.2035 secs
Epoch: 054, Train Loss: 0.081588, Valid Loss: 0.926581, Valid MAE: 1.10, Valid RMSE: 2.46, Valid MAPE: 2.23, Training Time: 7.6501/epoch
Iter: 000, Train Loss: 0.081995
Epoch: 055, Inference Time: 0.2091 secs
Epoch: 055, Train Loss: 0.081128, Valid Loss: 0.946738, Valid MAE: 1.11, Valid RMSE: 2.47, Valid MAPE: 2.24, Training Time: 7.7522/epoch
Iter: 000, Train Loss: 0.081442
Epoch: 056, Inference Time: 0.2019 secs
Epoch: 056, Train Loss: 0.080613, Valid Loss: 0.943370, Valid MAE: 1.10, Valid RMSE: 2.46, Valid MAPE: 2.22, Training Time: 7.7342/epoch
Iter: 000, Train Loss: 0.081788
Epoch: 057, Inference Time: 0.2036 secs
Epoch: 057, Train Loss: 0.080926, Valid Loss: 0.917275, Valid MAE: 1.10, Valid RMSE: 2.45, Valid MAPE: 2.21, Training Time: 7.5719/epoch
Iter: 000, Train Loss: 0.081547
Epoch: 058, Inference Time: 0.2051 secs
Epoch: 058, Train Loss: 0.080818, Valid Loss: 0.938873, Valid MAE: 1.11, Valid RMSE: 2.46, Valid MAPE: 2.23, Training Time: 7.4942/epoch
Iter: 000, Train Loss: 0.081907
Epoch: 059, Inference Time: 0.1924 secs
Epoch: 059, Train Loss: 0.080387, Valid Loss: 0.925217, Valid MAE: 1.10, Valid RMSE: 2.45, Valid MAPE: 2.21, Training Time: 7.5260/epoch
Iter: 000, Train Loss: 0.081301
Epoch: 060, Inference Time: 0.2009 secs
Epoch: 060, Train Loss: 0.080240, Valid Loss: 0.932793, Valid MAE: 1.10, Valid RMSE: 2.46, Valid MAPE: 2.22, Training Time: 7.8118/epoch
Iter: 000, Train Loss: 0.081251
Epoch: 061, Inference Time: 0.1942 secs
Epoch: 061, Train Loss: 0.079438, Valid Loss: 0.968283, Valid MAE: 1.12, Valid RMSE: 2.46, Valid MAPE: 2.24, Training Time: 7.5243/epoch
Iter: 000, Train Loss: 0.080732
Epoch: 062, Inference Time: 0.2002 secs
Epoch: 062, Train Loss: 0.079044, Valid Loss: 0.969014, Valid MAE: 1.11, Valid RMSE: 2.46, Valid MAPE: 2.23, Training Time: 7.5194/epoch
Iter: 000, Train Loss: 0.081239
Epoch: 063, Inference Time: 0.2046 secs
Epoch: 063, Train Loss: 0.079088, Valid Loss: 0.954263, Valid MAE: 1.11, Valid RMSE: 2.45, Valid MAPE: 2.22, Training Time: 7.5948/epoch
Iter: 000, Train Loss: 0.080717
Epoch: 064, Inference Time: 0.2018 secs
Epoch: 064, Train Loss: 0.078711, Valid Loss: 0.961993, Valid MAE: 1.11, Valid RMSE: 2.45, Valid MAPE: 2.22, Training Time: 7.5661/epoch
Iter: 000, Train Loss: 0.080299
Epoch: 065, Inference Time: 0.1995 secs
Epoch: 065, Train Loss: 0.078521, Valid Loss: 0.959438, Valid MAE: 1.11, Valid RMSE: 2.44, Valid MAPE: 2.22, Training Time: 7.6578/epoch
Iter: 000, Train Loss: 0.080728
Epoch: 066, Inference Time: 0.2019 secs
Epoch: 066, Train Loss: 0.078468, Valid Loss: 0.938983, Valid MAE: 1.09, Valid RMSE: 2.44, Valid MAPE: 2.20, Training Time: 7.6422/epoch
Iter: 000, Train Loss: 0.080849
Epoch: 067, Inference Time: 0.1966 secs
Epoch: 067, Train Loss: 0.078488, Valid Loss: 0.939351, Valid MAE: 1.10, Valid RMSE: 2.44, Valid MAPE: 2.21, Training Time: 7.5422/epoch
Iter: 000, Train Loss: 0.079763
Epoch: 068, Inference Time: 0.2000 secs
Epoch: 068, Train Loss: 0.078383, Valid Loss: 0.920828, Valid MAE: 1.09, Valid RMSE: 2.43, Valid MAPE: 2.21, Training Time: 7.7305/epoch
Iter: 000, Train Loss: 0.080133
Epoch: 069, Inference Time: 0.2018 secs
Epoch: 069, Train Loss: 0.078402, Valid Loss: 0.902250, Valid MAE: 1.09, Valid RMSE: 2.43, Valid MAPE: 2.19, Training Time: 7.5585/epoch
Iter: 000, Train Loss: 0.078575
Epoch: 070, Inference Time: 0.2290 secs
Epoch: 070, Train Loss: 0.077809, Valid Loss: 0.913783, Valid MAE: 1.09, Valid RMSE: 2.42, Valid MAPE: 2.19, Training Time: 7.6375/epoch
Iter: 000, Train Loss: 0.079227
Epoch: 071, Inference Time: 0.2371 secs
Epoch: 071, Train Loss: 0.077761, Valid Loss: 0.907467, Valid MAE: 1.09, Valid RMSE: 2.42, Valid MAPE: 2.19, Training Time: 7.7574/epoch
Iter: 000, Train Loss: 0.078620
Epoch: 072, Inference Time: 0.2078 secs
Epoch: 072, Train Loss: 0.077612, Valid Loss: 0.912450, Valid MAE: 1.09, Valid RMSE: 2.42, Valid MAPE: 2.19, Training Time: 7.7122/epoch
Iter: 000, Train Loss: 0.078721
Epoch: 073, Inference Time: 0.2071 secs
Epoch: 073, Train Loss: 0.077468, Valid Loss: 0.905044, Valid MAE: 1.09, Valid RMSE: 2.42, Valid MAPE: 2.19, Training Time: 7.6168/epoch
Iter: 000, Train Loss: 0.078262
Epoch: 074, Inference Time: 0.1969 secs
Epoch: 074, Train Loss: 0.076985, Valid Loss: 0.909957, Valid MAE: 1.08, Valid RMSE: 2.41, Valid MAPE: 2.17, Training Time: 7.6946/epoch
Iter: 000, Train Loss: 0.078138
Epoch: 075, Inference Time: 0.2017 secs
Epoch: 075, Train Loss: 0.076420, Valid Loss: 0.984125, Valid MAE: 1.13, Valid RMSE: 2.45, Valid MAPE: 2.25, Training Time: 7.8203/epoch
Iter: 000, Train Loss: 0.079025
Epoch: 076, Inference Time: 0.2091 secs
Epoch: 076, Train Loss: 0.076310, Valid Loss: 0.923564, Valid MAE: 1.09, Valid RMSE: 2.41, Valid MAPE: 2.18, Training Time: 7.9671/epoch
Iter: 000, Train Loss: 0.078896
Epoch: 077, Inference Time: 0.2009 secs
Epoch: 077, Train Loss: 0.076342, Valid Loss: 0.916097, Valid MAE: 1.09, Valid RMSE: 2.41, Valid MAPE: 2.17, Training Time: 7.6783/epoch
Iter: 000, Train Loss: 0.077591
Epoch: 078, Inference Time: 0.2022 secs
Epoch: 078, Train Loss: 0.076668, Valid Loss: 0.895831, Valid MAE: 1.08, Valid RMSE: 2.39, Valid MAPE: 2.17, Training Time: 7.6364/epoch
Iter: 000, Train Loss: 0.078226
Epoch: 079, Inference Time: 0.1941 secs
Epoch: 079, Train Loss: 0.076833, Valid Loss: 0.893331, Valid MAE: 1.08, Valid RMSE: 2.40, Valid MAPE: 2.17, Training Time: 7.5949/epoch
Iter: 000, Train Loss: 0.077558
Epoch: 080, Inference Time: 0.2033 secs
Epoch: 080, Train Loss: 0.076415, Valid Loss: 0.881379, Valid MAE: 1.07, Valid RMSE: 2.40, Valid MAPE: 2.16, Training Time: 7.6376/epoch
Iter: 000, Train Loss: 0.077565
Epoch: 081, Inference Time: 0.1949 secs
Epoch: 081, Train Loss: 0.076221, Valid Loss: 0.889809, Valid MAE: 1.08, Valid RMSE: 2.40, Valid MAPE: 2.16, Training Time: 7.6806/epoch
Iter: 000, Train Loss: 0.076582
Epoch: 082, Inference Time: 0.2047 secs
Epoch: 082, Train Loss: 0.075603, Valid Loss: 0.919240, Valid MAE: 1.09, Valid RMSE: 2.40, Valid MAPE: 2.18, Training Time: 7.7568/epoch
Iter: 000, Train Loss: 0.077550
Epoch: 083, Inference Time: 0.1986 secs
Epoch: 083, Train Loss: 0.075205, Valid Loss: 0.945244, Valid MAE: 1.10, Valid RMSE: 2.41, Valid MAPE: 2.21, Training Time: 7.7485/epoch
Iter: 000, Train Loss: 0.077927
Epoch: 084, Inference Time: 0.1967 secs
Epoch: 084, Train Loss: 0.075088, Valid Loss: 0.912984, Valid MAE: 1.09, Valid RMSE: 2.39, Valid MAPE: 2.17, Training Time: 7.6749/epoch
Iter: 000, Train Loss: 0.076736
Epoch: 085, Inference Time: 0.2092 secs
Epoch: 085, Train Loss: 0.075176, Valid Loss: 0.898944, Valid MAE: 1.08, Valid RMSE: 2.39, Valid MAPE: 2.16, Training Time: 7.6618/epoch
Iter: 000, Train Loss: 0.076381
Epoch: 086, Inference Time: 0.2032 secs
Epoch: 086, Train Loss: 0.075098, Valid Loss: 0.874342, Valid MAE: 1.07, Valid RMSE: 2.38, Valid MAPE: 2.15, Training Time: 7.7817/epoch
Iter: 000, Train Loss: 0.075399
Epoch: 087, Inference Time: 0.2021 secs
Epoch: 087, Train Loss: 0.074863, Valid Loss: 0.898334, Valid MAE: 1.08, Valid RMSE: 2.39, Valid MAPE: 2.16, Training Time: 7.6484/epoch
Iter: 000, Train Loss: 0.076020
Epoch: 088, Inference Time: 0.2013 secs
Epoch: 088, Train Loss: 0.074759, Valid Loss: 0.873349, Valid MAE: 1.07, Valid RMSE: 2.38, Valid MAPE: 2.15, Training Time: 7.5970/epoch
Iter: 000, Train Loss: 0.074937
Epoch: 089, Inference Time: 0.2000 secs
Epoch: 089, Train Loss: 0.075024, Valid Loss: 0.860119, Valid MAE: 1.07, Valid RMSE: 2.38, Valid MAPE: 2.15, Training Time: 7.5336/epoch
Iter: 000, Train Loss: 0.074554
Epoch: 090, Inference Time: 0.2004 secs
Epoch: 090, Train Loss: 0.075222, Valid Loss: 0.850744, Valid MAE: 1.07, Valid RMSE: 2.38, Valid MAPE: 2.15, Training Time: 7.5153/epoch
Iter: 000, Train Loss: 0.075280
Epoch: 091, Inference Time: 0.2057 secs
Epoch: 091, Train Loss: 0.074992, Valid Loss: 0.851400, Valid MAE: 1.07, Valid RMSE: 2.38, Valid MAPE: 2.15, Training Time: 7.7159/epoch
Iter: 000, Train Loss: 0.075337
Epoch: 092, Inference Time: 0.2010 secs
Epoch: 092, Train Loss: 0.074728, Valid Loss: 0.837546, Valid MAE: 1.07, Valid RMSE: 2.38, Valid MAPE: 2.14, Training Time: 7.5629/epoch
Iter: 000, Train Loss: 0.074276
Epoch: 093, Inference Time: 0.2053 secs
Epoch: 093, Train Loss: 0.074759, Valid Loss: 0.834155, Valid MAE: 1.06, Valid RMSE: 2.37, Valid MAPE: 2.13, Training Time: 7.6578/epoch
Iter: 000, Train Loss: 0.074439
Epoch: 094, Inference Time: 0.2038 secs
Epoch: 094, Train Loss: 0.074380, Valid Loss: 0.852318, Valid MAE: 1.07, Valid RMSE: 2.38, Valid MAPE: 2.16, Training Time: 7.7020/epoch
Iter: 000, Train Loss: 0.074750
Epoch: 095, Inference Time: 0.1961 secs
Epoch: 095, Train Loss: 0.073942, Valid Loss: 0.868507, Valid MAE: 1.07, Valid RMSE: 2.38, Valid MAPE: 2.15, Training Time: 7.5573/epoch
Iter: 000, Train Loss: 0.074772
Epoch: 096, Inference Time: 0.2039 secs
Epoch: 096, Train Loss: 0.073403, Valid Loss: 0.894069, Valid MAE: 1.08, Valid RMSE: 2.39, Valid MAPE: 2.17, Training Time: 7.7928/epoch
Iter: 000, Train Loss: 0.075513
Epoch: 097, Inference Time: 0.1940 secs
Epoch: 097, Train Loss: 0.072939, Valid Loss: 0.896478, Valid MAE: 1.08, Valid RMSE: 2.38, Valid MAPE: 2.16, Training Time: 7.6993/epoch
Iter: 000, Train Loss: 0.075443
Epoch: 098, Inference Time: 0.2036 secs
Epoch: 098, Train Loss: 0.073588, Valid Loss: 0.889906, Valid MAE: 1.08, Valid RMSE: 2.37, Valid MAPE: 2.16, Training Time: 7.6599/epoch
Iter: 000, Train Loss: 0.074296
Epoch: 099, Inference Time: 0.2055 secs
Epoch: 099, Train Loss: 0.073881, Valid Loss: 0.843817, Valid MAE: 1.06, Valid RMSE: 2.36, Valid MAPE: 2.13, Training Time: 7.7603/epoch
Iter: 000, Train Loss: 0.073195
Epoch: 100, Inference Time: 0.2096 secs
Epoch: 100, Train Loss: 0.073937, Valid Loss: 0.848452, Valid MAE: 1.07, Valid RMSE: 2.38, Valid MAPE: 2.15, Training Time: 7.9127/epoch
Average Training Time: 7.6333 secs/epoch
Average Inference Time: 0.2029 secs
Test MAE: 1.028, Test RMSE: 2.166 Test MAPE: 2.056
Spend Time: 794.7117390632629
