Namespace(addaptadj=False, adjdata='datasets/{}/adj_mx.pkl', adjtype='doubletransition', aptonly=False, batch_size=64, dataset='Seattle', device=0, dropout=0.3, epochs=100, expid=1, gcn_bool=False, in_dim=1, learning_rate=0.001, miss_mechanism='MAR', miss_ratio=0.5, nhid=32, patience=20, print_every=50, randomadj=False, save='baselines_save_model/graphwavenet', seed=2022, seq_length=12, weight_decay=0.0001)
start training...
Iter: 000, Train Loss: 0.663995
Iter: 050, Train Loss: 0.225801
Epoch: 001, Inference Time: 0.4255 secs
Epoch: 001, Train Loss: 0.260975, Valid Loss: 2.370323, Valid MAE: 3.23, Valid RMSE: 5.10, Valid MAPE: 8.19, Training Time: 14.9547/epoch
Iter: 000, Train Loss: 0.188359
Iter: 050, Train Loss: 0.171129
Epoch: 002, Inference Time: 0.4222 secs
Epoch: 002, Train Loss: 0.178032, Valid Loss: 2.040385, Valid MAE: 3.09, Valid RMSE: 4.61, Valid MAPE: 7.69, Training Time: 14.3922/epoch
Iter: 000, Train Loss: 0.164706
Iter: 050, Train Loss: 0.148062
Epoch: 003, Inference Time: 0.4241 secs
Epoch: 003, Train Loss: 0.157001, Valid Loss: 1.847548, Valid MAE: 3.04, Valid RMSE: 4.46, Valid MAPE: 7.28, Training Time: 14.3086/epoch
Iter: 000, Train Loss: 0.149467
Iter: 050, Train Loss: 0.142702
Epoch: 004, Inference Time: 0.4274 secs
Epoch: 004, Train Loss: 0.145611, Valid Loss: 1.724349, Valid MAE: 3.03, Valid RMSE: 4.43, Valid MAPE: 7.20, Training Time: 14.3989/epoch
Iter: 000, Train Loss: 0.139167
Iter: 050, Train Loss: 0.135715
Epoch: 005, Inference Time: 0.4267 secs
Epoch: 005, Train Loss: 0.136086, Valid Loss: 1.662760, Valid MAE: 3.16, Valid RMSE: 4.53, Valid MAPE: 7.52, Training Time: 14.4460/epoch
Iter: 000, Train Loss: 0.130067
Iter: 050, Train Loss: 0.134152
Epoch: 006, Inference Time: 0.4214 secs
Epoch: 006, Train Loss: 0.128921, Valid Loss: 1.524328, Valid MAE: 3.10, Valid RMSE: 4.52, Valid MAPE: 7.48, Training Time: 14.1356/epoch
Iter: 000, Train Loss: 0.120689
Iter: 050, Train Loss: 0.131517
Epoch: 007, Inference Time: 0.4232 secs
Epoch: 007, Train Loss: 0.124190, Valid Loss: 1.459474, Valid MAE: 3.08, Valid RMSE: 4.53, Valid MAPE: 7.58, Training Time: 14.3264/epoch
Iter: 000, Train Loss: 0.113755
Iter: 050, Train Loss: 0.126131
Epoch: 008, Inference Time: 0.4215 secs
Epoch: 008, Train Loss: 0.120733, Valid Loss: 1.437439, Valid MAE: 3.07, Valid RMSE: 4.52, Valid MAPE: 7.58, Training Time: 14.3246/epoch
Iter: 000, Train Loss: 0.112709
Iter: 050, Train Loss: 0.122648
Epoch: 009, Inference Time: 0.4218 secs
Epoch: 009, Train Loss: 0.118301, Valid Loss: 1.411973, Valid MAE: 3.05, Valid RMSE: 4.49, Valid MAPE: 7.51, Training Time: 14.4008/epoch
Iter: 000, Train Loss: 0.110149
Iter: 050, Train Loss: 0.119287
Epoch: 010, Inference Time: 0.4210 secs
Epoch: 010, Train Loss: 0.115582, Valid Loss: 1.374009, Valid MAE: 3.00, Valid RMSE: 4.44, Valid MAPE: 7.41, Training Time: 14.3312/epoch
Iter: 000, Train Loss: 0.109450
Iter: 050, Train Loss: 0.115303
Epoch: 011, Inference Time: 0.4286 secs
Epoch: 011, Train Loss: 0.112731, Valid Loss: 1.301987, Valid MAE: 2.98, Valid RMSE: 4.43, Valid MAPE: 7.36, Training Time: 14.2920/epoch
Iter: 000, Train Loss: 0.105387
Iter: 050, Train Loss: 0.110460
Epoch: 012, Inference Time: 0.4216 secs
Epoch: 012, Train Loss: 0.110103, Valid Loss: 1.343700, Valid MAE: 3.06, Valid RMSE: 4.52, Valid MAPE: 7.75, Training Time: 14.2755/epoch
Iter: 000, Train Loss: 0.102751
Iter: 050, Train Loss: 0.104379
Epoch: 013, Inference Time: 0.4283 secs
Epoch: 013, Train Loss: 0.105838, Valid Loss: 1.203532, Valid MAE: 2.91, Valid RMSE: 4.37, Valid MAPE: 7.13, Training Time: 14.3537/epoch
Iter: 000, Train Loss: 0.098910
Iter: 050, Train Loss: 0.105077
Epoch: 014, Inference Time: 0.4441 secs
Epoch: 014, Train Loss: 0.103596, Valid Loss: 1.239691, Valid MAE: 3.06, Valid RMSE: 4.50, Valid MAPE: 7.63, Training Time: 14.3750/epoch
Iter: 000, Train Loss: 0.094764
Iter: 050, Train Loss: 0.106713
Epoch: 015, Inference Time: 0.4289 secs
Epoch: 015, Train Loss: 0.100305, Valid Loss: 1.232635, Valid MAE: 2.98, Valid RMSE: 4.46, Valid MAPE: 7.64, Training Time: 14.4243/epoch
Iter: 000, Train Loss: 0.096981
Iter: 050, Train Loss: 0.099302
Epoch: 016, Inference Time: 0.4227 secs
Epoch: 016, Train Loss: 0.099303, Valid Loss: 1.106509, Valid MAE: 2.88, Valid RMSE: 4.33, Valid MAPE: 6.96, Training Time: 14.2747/epoch
Iter: 000, Train Loss: 0.092153
Iter: 050, Train Loss: 0.096082
Epoch: 017, Inference Time: 0.4215 secs
Epoch: 017, Train Loss: 0.097183, Valid Loss: 1.086133, Valid MAE: 2.88, Valid RMSE: 4.33, Valid MAPE: 7.01, Training Time: 14.0868/epoch
Iter: 000, Train Loss: 0.089740
Iter: 050, Train Loss: 0.101885
Epoch: 018, Inference Time: 0.4228 secs
Epoch: 018, Train Loss: 0.095632, Valid Loss: 1.055444, Valid MAE: 2.82, Valid RMSE: 4.27, Valid MAPE: 6.75, Training Time: 14.0848/epoch
Iter: 000, Train Loss: 0.087298
Iter: 050, Train Loss: 0.095869
Epoch: 019, Inference Time: 0.4138 secs
Epoch: 019, Train Loss: 0.094077, Valid Loss: 1.084209, Valid MAE: 2.78, Valid RMSE: 4.24, Valid MAPE: 6.64, Training Time: 14.0854/epoch
Iter: 000, Train Loss: 0.088317
Iter: 050, Train Loss: 0.094124
Epoch: 020, Inference Time: 0.4136 secs
Epoch: 020, Train Loss: 0.092850, Valid Loss: 1.060292, Valid MAE: 2.78, Valid RMSE: 4.24, Valid MAPE: 6.67, Training Time: 14.1169/epoch
Iter: 000, Train Loss: 0.085789
Iter: 050, Train Loss: 0.090794
Epoch: 021, Inference Time: 0.4207 secs
Epoch: 021, Train Loss: 0.092106, Valid Loss: 1.047260, Valid MAE: 2.77, Valid RMSE: 4.22, Valid MAPE: 6.61, Training Time: 14.0814/epoch
Iter: 000, Train Loss: 0.083807
Iter: 050, Train Loss: 0.092110
Epoch: 022, Inference Time: 0.4148 secs
Epoch: 022, Train Loss: 0.090990, Valid Loss: 1.081554, Valid MAE: 2.75, Valid RMSE: 4.20, Valid MAPE: 6.55, Training Time: 14.0596/epoch
Iter: 000, Train Loss: 0.086900
Iter: 050, Train Loss: 0.087634
Epoch: 023, Inference Time: 0.4228 secs
Epoch: 023, Train Loss: 0.090468, Valid Loss: 1.123778, Valid MAE: 2.75, Valid RMSE: 4.20, Valid MAPE: 6.52, Training Time: 14.2890/epoch
Iter: 000, Train Loss: 0.087618
Iter: 050, Train Loss: 0.087960
Epoch: 024, Inference Time: 0.4427 secs
Epoch: 024, Train Loss: 0.089787, Valid Loss: 1.103329, Valid MAE: 2.73, Valid RMSE: 4.18, Valid MAPE: 6.49, Training Time: 14.3109/epoch
Iter: 000, Train Loss: 0.086318
Iter: 050, Train Loss: 0.086855
Epoch: 025, Inference Time: 0.4267 secs
Epoch: 025, Train Loss: 0.088991, Valid Loss: 1.089267, Valid MAE: 2.72, Valid RMSE: 4.17, Valid MAPE: 6.42, Training Time: 14.3421/epoch
Iter: 000, Train Loss: 0.085774
Iter: 050, Train Loss: 0.085860
Epoch: 026, Inference Time: 0.4238 secs
Epoch: 026, Train Loss: 0.087452, Valid Loss: 1.144439, Valid MAE: 2.72, Valid RMSE: 4.17, Valid MAPE: 6.46, Training Time: 14.3871/epoch
Iter: 000, Train Loss: 0.087437
Iter: 050, Train Loss: 0.083681
Epoch: 027, Inference Time: 0.4240 secs
Epoch: 027, Train Loss: 0.087237, Valid Loss: 1.049048, Valid MAE: 2.71, Valid RMSE: 4.15, Valid MAPE: 6.42, Training Time: 14.3590/epoch
Iter: 000, Train Loss: 0.081627
Iter: 050, Train Loss: 0.082357
Epoch: 028, Inference Time: 0.4217 secs
Epoch: 028, Train Loss: 0.086515, Valid Loss: 1.142321, Valid MAE: 2.71, Valid RMSE: 4.15, Valid MAPE: 6.40, Training Time: 14.3313/epoch
Iter: 000, Train Loss: 0.084377
Iter: 050, Train Loss: 0.085499
Epoch: 029, Inference Time: 0.4218 secs
Epoch: 029, Train Loss: 0.086402, Valid Loss: 1.040077, Valid MAE: 2.69, Valid RMSE: 4.14, Valid MAPE: 6.36, Training Time: 14.4942/epoch
Iter: 000, Train Loss: 0.080691
Iter: 050, Train Loss: 0.082372
Epoch: 030, Inference Time: 0.4141 secs
Epoch: 030, Train Loss: 0.085803, Valid Loss: 1.109011, Valid MAE: 2.69, Valid RMSE: 4.11, Valid MAPE: 6.31, Training Time: 14.4625/epoch
Iter: 000, Train Loss: 0.085027
Iter: 050, Train Loss: 0.082416
Epoch: 031, Inference Time: 0.4360 secs
Epoch: 031, Train Loss: 0.084887, Valid Loss: 1.104977, Valid MAE: 2.68, Valid RMSE: 4.12, Valid MAPE: 6.33, Training Time: 14.4724/epoch
Iter: 000, Train Loss: 0.083095
Iter: 050, Train Loss: 0.084100
Epoch: 032, Inference Time: 0.4181 secs
Epoch: 032, Train Loss: 0.084965, Valid Loss: 1.015705, Valid MAE: 2.67, Valid RMSE: 4.10, Valid MAPE: 6.28, Training Time: 14.1822/epoch
Iter: 000, Train Loss: 0.080639
Iter: 050, Train Loss: 0.082012
Epoch: 033, Inference Time: 0.4190 secs
Epoch: 033, Train Loss: 0.084596, Valid Loss: 0.946241, Valid MAE: 2.70, Valid RMSE: 4.11, Valid MAPE: 6.46, Training Time: 14.3272/epoch
Iter: 000, Train Loss: 0.078313
Iter: 050, Train Loss: 0.082127
Epoch: 034, Inference Time: 0.4170 secs
Epoch: 034, Train Loss: 0.083780, Valid Loss: 0.977926, Valid MAE: 2.66, Valid RMSE: 4.10, Valid MAPE: 6.29, Training Time: 14.4085/epoch
Iter: 000, Train Loss: 0.079119
Iter: 050, Train Loss: 0.080153
Epoch: 035, Inference Time: 0.4167 secs
Epoch: 035, Train Loss: 0.083585, Valid Loss: 0.942374, Valid MAE: 2.67, Valid RMSE: 4.09, Valid MAPE: 6.32, Training Time: 14.4384/epoch
Iter: 000, Train Loss: 0.078035
Iter: 050, Train Loss: 0.078439
Epoch: 036, Inference Time: 0.4172 secs
Epoch: 036, Train Loss: 0.082736, Valid Loss: 0.990562, Valid MAE: 2.67, Valid RMSE: 4.11, Valid MAPE: 6.28, Training Time: 14.4237/epoch
Iter: 000, Train Loss: 0.078002
Iter: 050, Train Loss: 0.083673
Epoch: 037, Inference Time: 0.4197 secs
Epoch: 037, Train Loss: 0.083406, Valid Loss: 0.955693, Valid MAE: 2.68, Valid RMSE: 4.10, Valid MAPE: 6.36, Training Time: 14.3866/epoch
Iter: 000, Train Loss: 0.079093
Iter: 050, Train Loss: 0.079023
Epoch: 038, Inference Time: 0.4166 secs
Epoch: 038, Train Loss: 0.081998, Valid Loss: 0.945383, Valid MAE: 2.66, Valid RMSE: 4.10, Valid MAPE: 6.28, Training Time: 14.2821/epoch
Iter: 000, Train Loss: 0.076384
Iter: 050, Train Loss: 0.080689
Epoch: 039, Inference Time: 0.4162 secs
Epoch: 039, Train Loss: 0.081167, Valid Loss: 0.951607, Valid MAE: 2.66, Valid RMSE: 4.10, Valid MAPE: 6.28, Training Time: 14.4481/epoch
Iter: 000, Train Loss: 0.076713
Iter: 050, Train Loss: 0.078937
Epoch: 040, Inference Time: 0.4183 secs
Epoch: 040, Train Loss: 0.081116, Valid Loss: 0.965472, Valid MAE: 2.65, Valid RMSE: 4.09, Valid MAPE: 6.25, Training Time: 14.4717/epoch
Iter: 000, Train Loss: 0.077344
Iter: 050, Train Loss: 0.075426
Epoch: 041, Inference Time: 0.4185 secs
Epoch: 041, Train Loss: 0.080752, Valid Loss: 0.942325, Valid MAE: 2.66, Valid RMSE: 4.10, Valid MAPE: 6.30, Training Time: 14.4705/epoch
Iter: 000, Train Loss: 0.076404
Iter: 050, Train Loss: 0.074640
Epoch: 042, Inference Time: 0.4154 secs
Epoch: 042, Train Loss: 0.080529, Valid Loss: 0.956390, Valid MAE: 2.65, Valid RMSE: 4.09, Valid MAPE: 6.25, Training Time: 14.3359/epoch
Iter: 000, Train Loss: 0.076104
Iter: 050, Train Loss: 0.075317
Epoch: 043, Inference Time: 0.4155 secs
Epoch: 043, Train Loss: 0.080138, Valid Loss: 0.953610, Valid MAE: 2.65, Valid RMSE: 4.08, Valid MAPE: 6.29, Training Time: 14.3827/epoch
Iter: 000, Train Loss: 0.076238
Iter: 050, Train Loss: 0.076030
Epoch: 044, Inference Time: 0.4151 secs
Epoch: 044, Train Loss: 0.079358, Valid Loss: 0.985196, Valid MAE: 2.64, Valid RMSE: 4.09, Valid MAPE: 6.21, Training Time: 14.4351/epoch
Iter: 000, Train Loss: 0.076860
Iter: 050, Train Loss: 0.076444
Epoch: 045, Inference Time: 0.4369 secs
Epoch: 045, Train Loss: 0.079503, Valid Loss: 0.920039, Valid MAE: 2.65, Valid RMSE: 4.09, Valid MAPE: 6.31, Training Time: 14.5256/epoch
Iter: 000, Train Loss: 0.074373
Iter: 050, Train Loss: 0.073908
Epoch: 046, Inference Time: 0.4159 secs
Epoch: 046, Train Loss: 0.078555, Valid Loss: 0.940988, Valid MAE: 2.63, Valid RMSE: 4.07, Valid MAPE: 6.19, Training Time: 14.4635/epoch
Iter: 000, Train Loss: 0.074848
Iter: 050, Train Loss: 0.076839
Epoch: 047, Inference Time: 0.4152 secs
Epoch: 047, Train Loss: 0.078069, Valid Loss: 0.923405, Valid MAE: 2.63, Valid RMSE: 4.07, Valid MAPE: 6.25, Training Time: 14.3275/epoch
Iter: 000, Train Loss: 0.075276
Iter: 050, Train Loss: 0.074378
Epoch: 048, Inference Time: 0.4181 secs
Epoch: 048, Train Loss: 0.077874, Valid Loss: 0.967834, Valid MAE: 2.64, Valid RMSE: 4.09, Valid MAPE: 6.21, Training Time: 14.3595/epoch
Iter: 000, Train Loss: 0.074563
Iter: 050, Train Loss: 0.072545
Epoch: 049, Inference Time: 0.4277 secs
Epoch: 049, Train Loss: 0.077732, Valid Loss: 0.928821, Valid MAE: 2.64, Valid RMSE: 4.09, Valid MAPE: 6.28, Training Time: 14.3393/epoch
Iter: 000, Train Loss: 0.075114
Iter: 050, Train Loss: 0.073035
Epoch: 050, Inference Time: 0.4146 secs
Epoch: 050, Train Loss: 0.076889, Valid Loss: 0.912706, Valid MAE: 2.63, Valid RMSE: 4.07, Valid MAPE: 6.22, Training Time: 14.3129/epoch
Iter: 000, Train Loss: 0.074362
Iter: 050, Train Loss: 0.073016
Epoch: 051, Inference Time: 0.4147 secs
Epoch: 051, Train Loss: 0.076854, Valid Loss: 0.917136, Valid MAE: 2.63, Valid RMSE: 4.08, Valid MAPE: 6.21, Training Time: 14.4846/epoch
Iter: 000, Train Loss: 0.073809
Iter: 050, Train Loss: 0.072782
Epoch: 052, Inference Time: 0.4156 secs
Epoch: 052, Train Loss: 0.076451, Valid Loss: 0.935794, Valid MAE: 2.64, Valid RMSE: 4.09, Valid MAPE: 6.20, Training Time: 14.2558/epoch
Iter: 000, Train Loss: 0.074059
Iter: 050, Train Loss: 0.073483
Epoch: 053, Inference Time: 0.4246 secs
Epoch: 053, Train Loss: 0.075750, Valid Loss: 0.904677, Valid MAE: 2.63, Valid RMSE: 4.08, Valid MAPE: 6.22, Training Time: 14.3552/epoch
Iter: 000, Train Loss: 0.071955
Iter: 050, Train Loss: 0.072017
Epoch: 054, Inference Time: 0.4145 secs
Epoch: 054, Train Loss: 0.075990, Valid Loss: 0.890529, Valid MAE: 2.63, Valid RMSE: 4.07, Valid MAPE: 6.24, Training Time: 14.2337/epoch
Iter: 000, Train Loss: 0.072891
Iter: 050, Train Loss: 0.074640
Epoch: 055, Inference Time: 0.4156 secs
Epoch: 055, Train Loss: 0.075498, Valid Loss: 0.927867, Valid MAE: 2.64, Valid RMSE: 4.09, Valid MAPE: 6.21, Training Time: 14.3018/epoch
Iter: 000, Train Loss: 0.072466
Iter: 050, Train Loss: 0.070492
Epoch: 056, Inference Time: 0.4143 secs
Epoch: 056, Train Loss: 0.074998, Valid Loss: 0.916448, Valid MAE: 2.63, Valid RMSE: 4.08, Valid MAPE: 6.21, Training Time: 14.4856/epoch
Iter: 000, Train Loss: 0.072255
Iter: 050, Train Loss: 0.070811
Epoch: 057, Inference Time: 0.4188 secs
Epoch: 057, Train Loss: 0.074860, Valid Loss: 0.906182, Valid MAE: 2.63, Valid RMSE: 4.08, Valid MAPE: 6.22, Training Time: 14.4312/epoch
Iter: 000, Train Loss: 0.071550
Iter: 050, Train Loss: 0.069737
Epoch: 058, Inference Time: 0.4173 secs
Epoch: 058, Train Loss: 0.075292, Valid Loss: 0.866025, Valid MAE: 2.61, Valid RMSE: 4.05, Valid MAPE: 6.17, Training Time: 14.4017/epoch
Iter: 000, Train Loss: 0.070991
Iter: 050, Train Loss: 0.069602
Epoch: 059, Inference Time: 0.4155 secs
Epoch: 059, Train Loss: 0.074393, Valid Loss: 0.895679, Valid MAE: 2.62, Valid RMSE: 4.07, Valid MAPE: 6.18, Training Time: 14.2833/epoch
Iter: 000, Train Loss: 0.071274
Iter: 050, Train Loss: 0.073145
Epoch: 060, Inference Time: 0.4219 secs
Epoch: 060, Train Loss: 0.074260, Valid Loss: 0.867315, Valid MAE: 2.62, Valid RMSE: 4.06, Valid MAPE: 6.21, Training Time: 14.4352/epoch
Iter: 000, Train Loss: 0.070680
Iter: 050, Train Loss: 0.069711
Epoch: 061, Inference Time: 0.4238 secs
Epoch: 061, Train Loss: 0.074218, Valid Loss: 0.890912, Valid MAE: 2.63, Valid RMSE: 4.07, Valid MAPE: 6.21, Training Time: 14.4498/epoch
Iter: 000, Train Loss: 0.071517
Iter: 050, Train Loss: 0.070132
Epoch: 062, Inference Time: 0.4158 secs
Epoch: 062, Train Loss: 0.073924, Valid Loss: 0.879632, Valid MAE: 2.62, Valid RMSE: 4.06, Valid MAPE: 6.17, Training Time: 14.2309/epoch
Iter: 000, Train Loss: 0.069861
Iter: 050, Train Loss: 0.071762
Epoch: 063, Inference Time: 0.4193 secs
Epoch: 063, Train Loss: 0.073469, Valid Loss: 0.858910, Valid MAE: 2.63, Valid RMSE: 4.07, Valid MAPE: 6.24, Training Time: 14.3663/epoch
Iter: 000, Train Loss: 0.070198
Iter: 050, Train Loss: 0.069913
Epoch: 064, Inference Time: 0.4194 secs
Epoch: 064, Train Loss: 0.073580, Valid Loss: 0.874484, Valid MAE: 2.62, Valid RMSE: 4.06, Valid MAPE: 6.19, Training Time: 14.4534/epoch
Iter: 000, Train Loss: 0.071227
Iter: 050, Train Loss: 0.072061
Epoch: 065, Inference Time: 0.4189 secs
Epoch: 065, Train Loss: 0.073027, Valid Loss: 0.875175, Valid MAE: 2.62, Valid RMSE: 4.06, Valid MAPE: 6.26, Training Time: 14.3541/epoch
Iter: 000, Train Loss: 0.070385
Iter: 050, Train Loss: 0.069938
Epoch: 066, Inference Time: 0.4178 secs
Epoch: 066, Train Loss: 0.073364, Valid Loss: 0.873562, Valid MAE: 2.62, Valid RMSE: 4.06, Valid MAPE: 6.18, Training Time: 14.6089/epoch
Iter: 000, Train Loss: 0.070698
Iter: 050, Train Loss: 0.068750
Epoch: 067, Inference Time: 0.4151 secs
Epoch: 067, Train Loss: 0.072724, Valid Loss: 0.858520, Valid MAE: 2.61, Valid RMSE: 4.05, Valid MAPE: 6.14, Training Time: 14.3009/epoch
Iter: 000, Train Loss: 0.070102
Iter: 050, Train Loss: 0.070377
Epoch: 068, Inference Time: 0.4151 secs
Epoch: 068, Train Loss: 0.072402, Valid Loss: 0.859521, Valid MAE: 2.61, Valid RMSE: 4.06, Valid MAPE: 6.18, Training Time: 14.2186/epoch
Iter: 000, Train Loss: 0.069758
Iter: 050, Train Loss: 0.070600
Epoch: 069, Inference Time: 0.4204 secs
Epoch: 069, Train Loss: 0.072544, Valid Loss: 0.850969, Valid MAE: 2.62, Valid RMSE: 4.07, Valid MAPE: 6.26, Training Time: 14.3419/epoch
Iter: 000, Train Loss: 0.068565
Iter: 050, Train Loss: 0.069748
Epoch: 070, Inference Time: 0.4152 secs
Epoch: 070, Train Loss: 0.072153, Valid Loss: 0.862856, Valid MAE: 2.61, Valid RMSE: 4.06, Valid MAPE: 6.18, Training Time: 14.3757/epoch
Iter: 000, Train Loss: 0.069756
Iter: 050, Train Loss: 0.069953
Epoch: 071, Inference Time: 0.4172 secs
Epoch: 071, Train Loss: 0.071827, Valid Loss: 0.854740, Valid MAE: 2.62, Valid RMSE: 4.06, Valid MAPE: 6.21, Training Time: 14.4236/epoch
Iter: 000, Train Loss: 0.069394
Iter: 050, Train Loss: 0.068723
Epoch: 072, Inference Time: 0.4169 secs
Epoch: 072, Train Loss: 0.072175, Valid Loss: 0.863576, Valid MAE: 2.62, Valid RMSE: 4.07, Valid MAPE: 6.22, Training Time: 14.4057/epoch
Iter: 000, Train Loss: 0.070241
Iter: 050, Train Loss: 0.071212
Epoch: 073, Inference Time: 0.4207 secs
Epoch: 073, Train Loss: 0.072107, Valid Loss: 0.861562, Valid MAE: 2.61, Valid RMSE: 4.06, Valid MAPE: 6.14, Training Time: 14.3549/epoch
Iter: 000, Train Loss: 0.069654
Iter: 050, Train Loss: 0.069351
Epoch: 074, Inference Time: 0.4165 secs
Epoch: 074, Train Loss: 0.071697, Valid Loss: 0.855852, Valid MAE: 2.62, Valid RMSE: 4.06, Valid MAPE: 6.21, Training Time: 14.3698/epoch
Iter: 000, Train Loss: 0.068966
Iter: 050, Train Loss: 0.068917
Epoch: 075, Inference Time: 0.4169 secs
Epoch: 075, Train Loss: 0.071473, Valid Loss: 0.865870, Valid MAE: 2.61, Valid RMSE: 4.06, Valid MAPE: 6.21, Training Time: 14.3924/epoch
Iter: 000, Train Loss: 0.070470
Iter: 050, Train Loss: 0.069682
Epoch: 076, Inference Time: 0.4417 secs
Epoch: 076, Train Loss: 0.071624, Valid Loss: 0.859115, Valid MAE: 2.61, Valid RMSE: 4.05, Valid MAPE: 6.14, Training Time: 14.4176/epoch
Iter: 000, Train Loss: 0.069158
Iter: 050, Train Loss: 0.072529
Epoch: 077, Inference Time: 0.4504 secs
Epoch: 077, Train Loss: 0.071782, Valid Loss: 0.884763, Valid MAE: 2.61, Valid RMSE: 4.06, Valid MAPE: 6.11, Training Time: 14.2750/epoch
Iter: 000, Train Loss: 0.070431
Iter: 050, Train Loss: 0.069558
Epoch: 078, Inference Time: 0.4162 secs
Epoch: 078, Train Loss: 0.071075, Valid Loss: 0.841819, Valid MAE: 2.60, Valid RMSE: 4.04, Valid MAPE: 6.14, Training Time: 14.3028/epoch
Iter: 000, Train Loss: 0.068439
Iter: 050, Train Loss: 0.070973
Epoch: 079, Inference Time: 0.4380 secs
Epoch: 079, Train Loss: 0.070607, Valid Loss: 0.838273, Valid MAE: 2.60, Valid RMSE: 4.04, Valid MAPE: 6.16, Training Time: 14.4736/epoch
Iter: 000, Train Loss: 0.068238
Iter: 050, Train Loss: 0.069173
Epoch: 080, Inference Time: 0.4241 secs
Epoch: 080, Train Loss: 0.070821, Valid Loss: 0.869576, Valid MAE: 2.61, Valid RMSE: 4.05, Valid MAPE: 6.15, Training Time: 14.3587/epoch
Iter: 000, Train Loss: 0.068417
Iter: 050, Train Loss: 0.069481
Epoch: 081, Inference Time: 0.4408 secs
Epoch: 081, Train Loss: 0.070551, Valid Loss: 0.829057, Valid MAE: 2.60, Valid RMSE: 4.03, Valid MAPE: 6.16, Training Time: 14.2160/epoch
Iter: 000, Train Loss: 0.067626
Iter: 050, Train Loss: 0.067237
Epoch: 082, Inference Time: 0.4267 secs
Epoch: 082, Train Loss: 0.070459, Valid Loss: 0.838593, Valid MAE: 2.61, Valid RMSE: 4.05, Valid MAPE: 6.19, Training Time: 14.2856/epoch
Iter: 000, Train Loss: 0.067899
Iter: 050, Train Loss: 0.069779
Epoch: 083, Inference Time: 0.4145 secs
Epoch: 083, Train Loss: 0.070691, Valid Loss: 0.835623, Valid MAE: 2.60, Valid RMSE: 4.05, Valid MAPE: 6.17, Training Time: 14.3817/epoch
Iter: 000, Train Loss: 0.068361
Iter: 050, Train Loss: 0.067961
Epoch: 084, Inference Time: 0.4175 secs
Epoch: 084, Train Loss: 0.070648, Valid Loss: 0.873025, Valid MAE: 2.60, Valid RMSE: 4.05, Valid MAPE: 6.08, Training Time: 14.3505/epoch
Iter: 000, Train Loss: 0.069530
Iter: 050, Train Loss: 0.068596
Epoch: 085, Inference Time: 0.4426 secs
Epoch: 085, Train Loss: 0.070186, Valid Loss: 0.842142, Valid MAE: 2.59, Valid RMSE: 4.03, Valid MAPE: 6.09, Training Time: 14.2971/epoch
Iter: 000, Train Loss: 0.068414
Iter: 050, Train Loss: 0.070406
Epoch: 086, Inference Time: 0.4155 secs
Epoch: 086, Train Loss: 0.070572, Valid Loss: 0.847783, Valid MAE: 2.59, Valid RMSE: 4.03, Valid MAPE: 6.05, Training Time: 14.4767/epoch
Iter: 000, Train Loss: 0.068469
Iter: 050, Train Loss: 0.066618
Epoch: 087, Inference Time: 0.4146 secs
Epoch: 087, Train Loss: 0.069831, Valid Loss: 0.862464, Valid MAE: 2.60, Valid RMSE: 4.04, Valid MAPE: 6.09, Training Time: 14.2695/epoch
Iter: 000, Train Loss: 0.068425
Iter: 050, Train Loss: 0.067232
Epoch: 088, Inference Time: 0.4154 secs
Epoch: 088, Train Loss: 0.069457, Valid Loss: 0.854864, Valid MAE: 2.60, Valid RMSE: 4.04, Valid MAPE: 6.11, Training Time: 14.2834/epoch
Iter: 000, Train Loss: 0.067996
Iter: 050, Train Loss: 0.068113
Epoch: 089, Inference Time: 0.4148 secs
Epoch: 089, Train Loss: 0.069473, Valid Loss: 0.828120, Valid MAE: 2.60, Valid RMSE: 4.04, Valid MAPE: 6.19, Training Time: 14.2676/epoch
Iter: 000, Train Loss: 0.066839
Iter: 050, Train Loss: 0.067578
Epoch: 090, Inference Time: 0.4176 secs
Epoch: 090, Train Loss: 0.069829, Valid Loss: 0.826450, Valid MAE: 2.60, Valid RMSE: 4.04, Valid MAPE: 6.11, Training Time: 14.3407/epoch
Iter: 000, Train Loss: 0.067267
Iter: 050, Train Loss: 0.071147
Epoch: 091, Inference Time: 0.4153 secs
Epoch: 091, Train Loss: 0.070359, Valid Loss: 0.812569, Valid MAE: 2.59, Valid RMSE: 4.04, Valid MAPE: 6.10, Training Time: 14.5014/epoch
Iter: 000, Train Loss: 0.066806
Iter: 050, Train Loss: 0.067433
Epoch: 092, Inference Time: 0.4191 secs
Epoch: 092, Train Loss: 0.069380, Valid Loss: 0.867509, Valid MAE: 2.60, Valid RMSE: 4.04, Valid MAPE: 6.11, Training Time: 14.4580/epoch
Iter: 000, Train Loss: 0.068402
Iter: 050, Train Loss: 0.069935
Epoch: 093, Inference Time: 0.4210 secs
Epoch: 093, Train Loss: 0.070215, Valid Loss: 0.841854, Valid MAE: 2.59, Valid RMSE: 4.03, Valid MAPE: 6.06, Training Time: 14.3770/epoch
Iter: 000, Train Loss: 0.067936
Iter: 050, Train Loss: 0.067873
Epoch: 094, Inference Time: 0.4162 secs
Epoch: 094, Train Loss: 0.069737, Valid Loss: 0.847434, Valid MAE: 2.60, Valid RMSE: 4.04, Valid MAPE: 6.09, Training Time: 14.1566/epoch
Iter: 000, Train Loss: 0.067545
Iter: 050, Train Loss: 0.068321
Epoch: 095, Inference Time: 0.4143 secs
Epoch: 095, Train Loss: 0.069664, Valid Loss: 0.926010, Valid MAE: 2.60, Valid RMSE: 4.04, Valid MAPE: 6.09, Training Time: 14.0886/epoch
Iter: 000, Train Loss: 0.071419
Iter: 050, Train Loss: 0.066895
Epoch: 096, Inference Time: 0.4150 secs
Epoch: 096, Train Loss: 0.069185, Valid Loss: 0.846250, Valid MAE: 2.59, Valid RMSE: 4.03, Valid MAPE: 6.08, Training Time: 14.0634/epoch
Iter: 000, Train Loss: 0.067411
Iter: 050, Train Loss: 0.066779
Epoch: 097, Inference Time: 0.4145 secs
Epoch: 097, Train Loss: 0.068871, Valid Loss: 0.836779, Valid MAE: 2.59, Valid RMSE: 4.02, Valid MAPE: 6.10, Training Time: 14.0664/epoch
Iter: 000, Train Loss: 0.067231
Iter: 050, Train Loss: 0.066303
Epoch: 098, Inference Time: 0.4134 secs
Epoch: 098, Train Loss: 0.068820, Valid Loss: 0.855150, Valid MAE: 2.59, Valid RMSE: 4.04, Valid MAPE: 6.10, Training Time: 14.0698/epoch
Iter: 000, Train Loss: 0.067003
Iter: 050, Train Loss: 0.069223
Epoch: 099, Inference Time: 0.4143 secs
Epoch: 099, Train Loss: 0.068987, Valid Loss: 0.858276, Valid MAE: 2.59, Valid RMSE: 4.04, Valid MAPE: 6.08, Training Time: 14.0813/epoch
Iter: 000, Train Loss: 0.067180
Iter: 050, Train Loss: 0.067156
Epoch: 100, Inference Time: 0.4156 secs
Epoch: 100, Train Loss: 0.068833, Valid Loss: 0.889279, Valid MAE: 2.60, Valid RMSE: 4.04, Valid MAPE: 6.06, Training Time: 14.0847/epoch
Average Training Time: 14.3356 secs/epoch
Average Inference Time: 0.4209 secs
Test MAE: 2.454, Test RMSE: 3.780 Test MAPE: 5.749
Spend Time: 1485.10777592659
