Namespace(addaptadj=False, adjdata='datasets/{}/adj_mx.pkl', adjtype='doubletransition', aptonly=False, batch_size=64, dataset='Seattle', device=0, dropout=0.3, epochs=100, expid=1, gcn_bool=False, in_dim=1, learning_rate=0.001, miss_mechanism='MNAR', miss_ratio=0.5, nhid=32, patience=20, print_every=50, randomadj=False, save='baselines_save_model/graphwavenet', seed=2021, seq_length=12, weight_decay=0.0001)
start training...
Iter: 000, Train Loss: 0.705194
Iter: 050, Train Loss: 0.262404
Epoch: 001, Inference Time: 0.4179 secs
Epoch: 001, Train Loss: 0.289808, Valid Loss: 2.677270, Valid MAE: 3.38, Valid RMSE: 5.38, Valid MAPE: 8.71, Training Time: 14.6877/epoch
Iter: 000, Train Loss: 0.231060
Iter: 050, Train Loss: 0.213266
Epoch: 002, Inference Time: 0.4128 secs
Epoch: 002, Train Loss: 0.208646, Valid Loss: 2.387569, Valid MAE: 3.17, Valid RMSE: 5.06, Valid MAPE: 8.32, Training Time: 14.0053/epoch
Iter: 000, Train Loss: 0.210015
Iter: 050, Train Loss: 0.195850
Epoch: 003, Inference Time: 0.4138 secs
Epoch: 003, Train Loss: 0.193118, Valid Loss: 2.239272, Valid MAE: 3.06, Valid RMSE: 4.94, Valid MAPE: 7.96, Training Time: 13.9980/epoch
Iter: 000, Train Loss: 0.195684
Iter: 050, Train Loss: 0.189006
Epoch: 004, Inference Time: 0.4188 secs
Epoch: 004, Train Loss: 0.184446, Valid Loss: 2.130159, Valid MAE: 3.03, Valid RMSE: 4.89, Valid MAPE: 7.73, Training Time: 14.0414/epoch
Iter: 000, Train Loss: 0.186201
Iter: 050, Train Loss: 0.183919
Epoch: 005, Inference Time: 0.4126 secs
Epoch: 005, Train Loss: 0.178771, Valid Loss: 2.082314, Valid MAE: 3.01, Valid RMSE: 4.85, Valid MAPE: 7.46, Training Time: 14.0264/epoch
Iter: 000, Train Loss: 0.179902
Iter: 050, Train Loss: 0.178094
Epoch: 006, Inference Time: 0.4131 secs
Epoch: 006, Train Loss: 0.174357, Valid Loss: 2.027187, Valid MAE: 2.99, Valid RMSE: 4.82, Valid MAPE: 7.40, Training Time: 14.0365/epoch
Iter: 000, Train Loss: 0.176689
Iter: 050, Train Loss: 0.173424
Epoch: 007, Inference Time: 0.4143 secs
Epoch: 007, Train Loss: 0.171067, Valid Loss: 1.979185, Valid MAE: 2.98, Valid RMSE: 4.79, Valid MAPE: 7.44, Training Time: 14.0545/epoch
Iter: 000, Train Loss: 0.174456
Iter: 050, Train Loss: 0.171341
Epoch: 008, Inference Time: 0.4224 secs
Epoch: 008, Train Loss: 0.167761, Valid Loss: 1.955327, Valid MAE: 3.01, Valid RMSE: 4.79, Valid MAPE: 7.47, Training Time: 14.0608/epoch
Iter: 000, Train Loss: 0.170424
Iter: 050, Train Loss: 0.167113
Epoch: 009, Inference Time: 0.4148 secs
Epoch: 009, Train Loss: 0.164648, Valid Loss: 1.954508, Valid MAE: 3.05, Valid RMSE: 4.82, Valid MAPE: 7.68, Training Time: 14.0817/epoch
Iter: 000, Train Loss: 0.167299
Iter: 050, Train Loss: 0.166785
Epoch: 010, Inference Time: 0.4116 secs
Epoch: 010, Train Loss: 0.161464, Valid Loss: 1.878415, Valid MAE: 2.99, Valid RMSE: 4.79, Valid MAPE: 7.59, Training Time: 14.0667/epoch
Iter: 000, Train Loss: 0.165765
Iter: 050, Train Loss: 0.159749
Epoch: 011, Inference Time: 0.4131 secs
Epoch: 011, Train Loss: 0.160245, Valid Loss: 1.898244, Valid MAE: 3.01, Valid RMSE: 4.77, Valid MAPE: 7.38, Training Time: 14.0645/epoch
Iter: 000, Train Loss: 0.164547
Iter: 050, Train Loss: 0.160439
Epoch: 012, Inference Time: 0.4147 secs
Epoch: 012, Train Loss: 0.157812, Valid Loss: 1.857508, Valid MAE: 3.01, Valid RMSE: 4.80, Valid MAPE: 7.73, Training Time: 14.0732/epoch
Iter: 000, Train Loss: 0.161935
Iter: 050, Train Loss: 0.157200
Epoch: 013, Inference Time: 0.4139 secs
Epoch: 013, Train Loss: 0.155664, Valid Loss: 1.809575, Valid MAE: 2.97, Valid RMSE: 4.74, Valid MAPE: 7.33, Training Time: 14.0338/epoch
Iter: 000, Train Loss: 0.159200
Iter: 050, Train Loss: 0.158122
Epoch: 014, Inference Time: 0.4128 secs
Epoch: 014, Train Loss: 0.153849, Valid Loss: 1.747606, Valid MAE: 2.93, Valid RMSE: 4.73, Valid MAPE: 7.25, Training Time: 14.0173/epoch
Iter: 000, Train Loss: 0.158396
Iter: 050, Train Loss: 0.152319
Epoch: 015, Inference Time: 0.4130 secs
Epoch: 015, Train Loss: 0.153273, Valid Loss: 1.726475, Valid MAE: 2.94, Valid RMSE: 4.74, Valid MAPE: 7.41, Training Time: 14.0583/epoch
Iter: 000, Train Loss: 0.155159
Iter: 050, Train Loss: 0.150219
Epoch: 016, Inference Time: 0.4126 secs
Epoch: 016, Train Loss: 0.149994, Valid Loss: 1.711147, Valid MAE: 2.93, Valid RMSE: 4.70, Valid MAPE: 7.23, Training Time: 14.0641/epoch
Iter: 000, Train Loss: 0.152875
Iter: 050, Train Loss: 0.152134
Epoch: 017, Inference Time: 0.4152 secs
Epoch: 017, Train Loss: 0.148347, Valid Loss: 1.677189, Valid MAE: 2.92, Valid RMSE: 4.70, Valid MAPE: 7.34, Training Time: 14.0601/epoch
Iter: 000, Train Loss: 0.151505
Iter: 050, Train Loss: 0.146692
Epoch: 018, Inference Time: 0.4139 secs
Epoch: 018, Train Loss: 0.146448, Valid Loss: 1.662914, Valid MAE: 2.91, Valid RMSE: 4.68, Valid MAPE: 7.21, Training Time: 14.0683/epoch
Iter: 000, Train Loss: 0.149181
Iter: 050, Train Loss: 0.148780
Epoch: 019, Inference Time: 0.4137 secs
Epoch: 019, Train Loss: 0.144936, Valid Loss: 1.630607, Valid MAE: 2.88, Valid RMSE: 4.64, Valid MAPE: 7.05, Training Time: 14.0662/epoch
Iter: 000, Train Loss: 0.148996
Iter: 050, Train Loss: 0.147136
Epoch: 020, Inference Time: 0.4126 secs
Epoch: 020, Train Loss: 0.145042, Valid Loss: 1.658475, Valid MAE: 2.91, Valid RMSE: 4.65, Valid MAPE: 7.30, Training Time: 14.0482/epoch
Iter: 000, Train Loss: 0.146292
Iter: 050, Train Loss: 0.143717
Epoch: 021, Inference Time: 0.4156 secs
Epoch: 021, Train Loss: 0.142155, Valid Loss: 1.655156, Valid MAE: 2.90, Valid RMSE: 4.64, Valid MAPE: 7.18, Training Time: 14.0449/epoch
Iter: 000, Train Loss: 0.145022
Iter: 050, Train Loss: 0.143668
Epoch: 022, Inference Time: 0.4137 secs
Epoch: 022, Train Loss: 0.141351, Valid Loss: 1.602494, Valid MAE: 2.86, Valid RMSE: 4.58, Valid MAPE: 6.97, Training Time: 14.0604/epoch
Iter: 000, Train Loss: 0.145258
Iter: 050, Train Loss: 0.141144
Epoch: 023, Inference Time: 0.4125 secs
Epoch: 023, Train Loss: 0.140950, Valid Loss: 1.602151, Valid MAE: 2.87, Valid RMSE: 4.57, Valid MAPE: 7.02, Training Time: 14.0877/epoch
Iter: 000, Train Loss: 0.143678
Iter: 050, Train Loss: 0.140570
Epoch: 024, Inference Time: 0.4154 secs
Epoch: 024, Train Loss: 0.139092, Valid Loss: 1.572091, Valid MAE: 2.85, Valid RMSE: 4.56, Valid MAPE: 6.96, Training Time: 14.0825/epoch
Iter: 000, Train Loss: 0.142090
Iter: 050, Train Loss: 0.139404
Epoch: 025, Inference Time: 0.4143 secs
Epoch: 025, Train Loss: 0.138910, Valid Loss: 1.592387, Valid MAE: 2.86, Valid RMSE: 4.54, Valid MAPE: 6.98, Training Time: 14.0658/epoch
Iter: 000, Train Loss: 0.140305
Iter: 050, Train Loss: 0.140814
Epoch: 026, Inference Time: 0.4136 secs
Epoch: 026, Train Loss: 0.136925, Valid Loss: 1.584105, Valid MAE: 2.86, Valid RMSE: 4.53, Valid MAPE: 7.01, Training Time: 14.0311/epoch
Iter: 000, Train Loss: 0.139779
Iter: 050, Train Loss: 0.138501
Epoch: 027, Inference Time: 0.4142 secs
Epoch: 027, Train Loss: 0.136120, Valid Loss: 1.575037, Valid MAE: 2.84, Valid RMSE: 4.51, Valid MAPE: 6.89, Training Time: 14.1181/epoch
Iter: 000, Train Loss: 0.138102
Iter: 050, Train Loss: 0.138170
Epoch: 028, Inference Time: 0.4150 secs
Epoch: 028, Train Loss: 0.135151, Valid Loss: 1.542473, Valid MAE: 2.82, Valid RMSE: 4.49, Valid MAPE: 6.84, Training Time: 14.0759/epoch
Iter: 000, Train Loss: 0.138611
Iter: 050, Train Loss: 0.136689
Epoch: 029, Inference Time: 0.4161 secs
Epoch: 029, Train Loss: 0.134422, Valid Loss: 1.540527, Valid MAE: 2.82, Valid RMSE: 4.49, Valid MAPE: 6.92, Training Time: 14.2709/epoch
Iter: 000, Train Loss: 0.137003
Iter: 050, Train Loss: 0.135951
Epoch: 030, Inference Time: 0.4135 secs
Epoch: 030, Train Loss: 0.132723, Valid Loss: 1.492044, Valid MAE: 2.80, Valid RMSE: 4.46, Valid MAPE: 6.86, Training Time: 14.0726/epoch
Iter: 000, Train Loss: 0.138188
Iter: 050, Train Loss: 0.134032
Epoch: 031, Inference Time: 0.4123 secs
Epoch: 031, Train Loss: 0.131584, Valid Loss: 1.512051, Valid MAE: 2.81, Valid RMSE: 4.46, Valid MAPE: 7.02, Training Time: 14.0792/epoch
Iter: 000, Train Loss: 0.139797
Iter: 050, Train Loss: 0.131719
Epoch: 032, Inference Time: 0.4136 secs
Epoch: 032, Train Loss: 0.130888, Valid Loss: 1.447725, Valid MAE: 2.77, Valid RMSE: 4.44, Valid MAPE: 6.61, Training Time: 14.4227/epoch
Iter: 000, Train Loss: 0.134893
Iter: 050, Train Loss: 0.133806
Epoch: 033, Inference Time: 0.4127 secs
Epoch: 033, Train Loss: 0.130977, Valid Loss: 1.496967, Valid MAE: 2.81, Valid RMSE: 4.44, Valid MAPE: 7.01, Training Time: 14.0980/epoch
Iter: 000, Train Loss: 0.137500
Iter: 050, Train Loss: 0.127630
Epoch: 034, Inference Time: 0.4532 secs
Epoch: 034, Train Loss: 0.130131, Valid Loss: 1.459572, Valid MAE: 2.78, Valid RMSE: 4.43, Valid MAPE: 6.67, Training Time: 14.0932/epoch
Iter: 000, Train Loss: 0.130413
Iter: 050, Train Loss: 0.132401
Epoch: 035, Inference Time: 0.4319 secs
Epoch: 035, Train Loss: 0.127976, Valid Loss: 1.488975, Valid MAE: 2.77, Valid RMSE: 4.41, Valid MAPE: 6.78, Training Time: 15.8279/epoch
Iter: 000, Train Loss: 0.130095
Iter: 050, Train Loss: 0.131098
Epoch: 036, Inference Time: 0.4333 secs
Epoch: 036, Train Loss: 0.127721, Valid Loss: 1.459899, Valid MAE: 2.78, Valid RMSE: 4.40, Valid MAPE: 6.66, Training Time: 15.8625/epoch
Iter: 000, Train Loss: 0.129174
Iter: 050, Train Loss: 0.131192
Epoch: 037, Inference Time: 0.4358 secs
Epoch: 037, Train Loss: 0.126892, Valid Loss: 1.449620, Valid MAE: 2.77, Valid RMSE: 4.39, Valid MAPE: 6.69, Training Time: 15.8550/epoch
Iter: 000, Train Loss: 0.128844
Iter: 050, Train Loss: 0.131030
Epoch: 038, Inference Time: 0.4321 secs
Epoch: 038, Train Loss: 0.126643, Valid Loss: 1.438272, Valid MAE: 2.76, Valid RMSE: 4.39, Valid MAPE: 6.68, Training Time: 15.8448/epoch
Iter: 000, Train Loss: 0.127501
Iter: 050, Train Loss: 0.128744
Epoch: 039, Inference Time: 0.4319 secs
Epoch: 039, Train Loss: 0.125419, Valid Loss: 1.398040, Valid MAE: 2.76, Valid RMSE: 4.39, Valid MAPE: 6.67, Training Time: 15.7345/epoch
Iter: 000, Train Loss: 0.130066
Iter: 050, Train Loss: 0.127720
Epoch: 040, Inference Time: 0.4330 secs
Epoch: 040, Train Loss: 0.125572, Valid Loss: 1.452270, Valid MAE: 2.76, Valid RMSE: 4.40, Valid MAPE: 6.70, Training Time: 15.8484/epoch
Iter: 000, Train Loss: 0.127001
Iter: 050, Train Loss: 0.127946
Epoch: 041, Inference Time: 0.4293 secs
Epoch: 041, Train Loss: 0.124652, Valid Loss: 1.430216, Valid MAE: 2.76, Valid RMSE: 4.39, Valid MAPE: 6.63, Training Time: 15.8264/epoch
Iter: 000, Train Loss: 0.127013
Iter: 050, Train Loss: 0.127957
Epoch: 042, Inference Time: 0.4322 secs
Epoch: 042, Train Loss: 0.124615, Valid Loss: 1.393215, Valid MAE: 2.74, Valid RMSE: 4.38, Valid MAPE: 6.56, Training Time: 15.8203/epoch
Iter: 000, Train Loss: 0.126424
Iter: 050, Train Loss: 0.127094
Epoch: 043, Inference Time: 0.4304 secs
Epoch: 043, Train Loss: 0.125276, Valid Loss: 1.386732, Valid MAE: 2.75, Valid RMSE: 4.37, Valid MAPE: 6.60, Training Time: 15.8195/epoch
Iter: 000, Train Loss: 0.126672
Iter: 050, Train Loss: 0.126308
Epoch: 044, Inference Time: 0.4314 secs
Epoch: 044, Train Loss: 0.123639, Valid Loss: 1.404898, Valid MAE: 2.75, Valid RMSE: 4.36, Valid MAPE: 6.58, Training Time: 15.8133/epoch
Iter: 000, Train Loss: 0.126307
Iter: 050, Train Loss: 0.126416
Epoch: 045, Inference Time: 0.4309 secs
Epoch: 045, Train Loss: 0.123580, Valid Loss: 1.379287, Valid MAE: 2.75, Valid RMSE: 4.35, Valid MAPE: 6.60, Training Time: 15.8167/epoch
Iter: 000, Train Loss: 0.127050
Iter: 050, Train Loss: 0.125931
Epoch: 046, Inference Time: 0.4323 secs
Epoch: 046, Train Loss: 0.123203, Valid Loss: 1.444169, Valid MAE: 2.75, Valid RMSE: 4.37, Valid MAPE: 6.78, Training Time: 15.8483/epoch
Iter: 000, Train Loss: 0.126346
Iter: 050, Train Loss: 0.125783
Epoch: 047, Inference Time: 0.4314 secs
Epoch: 047, Train Loss: 0.122596, Valid Loss: 1.378752, Valid MAE: 2.74, Valid RMSE: 4.35, Valid MAPE: 6.60, Training Time: 15.8253/epoch
Iter: 000, Train Loss: 0.126955
Iter: 050, Train Loss: 0.125369
Epoch: 048, Inference Time: 0.4318 secs
Epoch: 048, Train Loss: 0.122303, Valid Loss: 1.424016, Valid MAE: 2.77, Valid RMSE: 4.37, Valid MAPE: 6.90, Training Time: 15.7980/epoch
Iter: 000, Train Loss: 0.130912
Iter: 050, Train Loss: 0.121433
Epoch: 049, Inference Time: 0.4298 secs
Epoch: 049, Train Loss: 0.122967, Valid Loss: 1.400936, Valid MAE: 2.74, Valid RMSE: 4.38, Valid MAPE: 6.59, Training Time: 15.8117/epoch
Iter: 000, Train Loss: 0.125043
Iter: 050, Train Loss: 0.123951
Epoch: 050, Inference Time: 0.4317 secs
Epoch: 050, Train Loss: 0.122492, Valid Loss: 1.373366, Valid MAE: 2.73, Valid RMSE: 4.36, Valid MAPE: 6.47, Training Time: 15.8093/epoch
Iter: 000, Train Loss: 0.124624
Iter: 050, Train Loss: 0.124413
Epoch: 051, Inference Time: 0.4290 secs
Epoch: 051, Train Loss: 0.122497, Valid Loss: 1.401926, Valid MAE: 2.76, Valid RMSE: 4.35, Valid MAPE: 6.84, Training Time: 15.7623/epoch
Iter: 000, Train Loss: 0.129002
Iter: 050, Train Loss: 0.121513
Epoch: 052, Inference Time: 0.4271 secs
Epoch: 052, Train Loss: 0.122600, Valid Loss: 1.357355, Valid MAE: 2.72, Valid RMSE: 4.34, Valid MAPE: 6.51, Training Time: 15.7352/epoch
Iter: 000, Train Loss: 0.123509
Iter: 050, Train Loss: 0.125202
Epoch: 053, Inference Time: 0.4295 secs
Epoch: 053, Train Loss: 0.121210, Valid Loss: 1.435637, Valid MAE: 2.74, Valid RMSE: 4.35, Valid MAPE: 6.80, Training Time: 15.7359/epoch
Iter: 000, Train Loss: 0.124427
Iter: 050, Train Loss: 0.123778
Epoch: 054, Inference Time: 0.4264 secs
Epoch: 054, Train Loss: 0.121355, Valid Loss: 1.370364, Valid MAE: 2.72, Valid RMSE: 4.33, Valid MAPE: 6.47, Training Time: 15.5896/epoch
Iter: 000, Train Loss: 0.122702
Iter: 050, Train Loss: 0.123848
Epoch: 055, Inference Time: 0.4290 secs
Epoch: 055, Train Loss: 0.121040, Valid Loss: 1.350374, Valid MAE: 2.72, Valid RMSE: 4.33, Valid MAPE: 6.47, Training Time: 15.7395/epoch
Iter: 000, Train Loss: 0.122290
Iter: 050, Train Loss: 0.124257
Epoch: 056, Inference Time: 0.4195 secs
Epoch: 056, Train Loss: 0.120989, Valid Loss: 1.376567, Valid MAE: 2.75, Valid RMSE: 4.33, Valid MAPE: 6.76, Training Time: 15.7265/epoch
Iter: 000, Train Loss: 0.125237
Iter: 050, Train Loss: 0.120652
Epoch: 057, Inference Time: 0.4299 secs
Epoch: 057, Train Loss: 0.120971, Valid Loss: 1.350262, Valid MAE: 2.72, Valid RMSE: 4.34, Valid MAPE: 6.54, Training Time: 15.7170/epoch
Iter: 000, Train Loss: 0.123626
Iter: 050, Train Loss: 0.121728
Epoch: 058, Inference Time: 0.4280 secs
Epoch: 058, Train Loss: 0.120557, Valid Loss: 1.344372, Valid MAE: 2.71, Valid RMSE: 4.31, Valid MAPE: 6.50, Training Time: 15.7470/epoch
Iter: 000, Train Loss: 0.121975
Iter: 050, Train Loss: 0.123478
Epoch: 059, Inference Time: 0.4273 secs
Epoch: 059, Train Loss: 0.120204, Valid Loss: 1.372192, Valid MAE: 2.72, Valid RMSE: 4.32, Valid MAPE: 6.63, Training Time: 15.7522/epoch
Iter: 000, Train Loss: 0.121626
Iter: 050, Train Loss: 0.122087
Epoch: 060, Inference Time: 0.4292 secs
Epoch: 060, Train Loss: 0.119909, Valid Loss: 1.330818, Valid MAE: 2.71, Valid RMSE: 4.33, Valid MAPE: 6.43, Training Time: 15.7370/epoch
Iter: 000, Train Loss: 0.122032
Iter: 050, Train Loss: 0.123912
Epoch: 061, Inference Time: 0.4276 secs
Epoch: 061, Train Loss: 0.120440, Valid Loss: 1.384159, Valid MAE: 2.73, Valid RMSE: 4.33, Valid MAPE: 6.75, Training Time: 14.4065/epoch
Iter: 000, Train Loss: 0.122592
Iter: 050, Train Loss: 0.123603
Epoch: 062, Inference Time: 0.4295 secs
Epoch: 062, Train Loss: 0.119844, Valid Loss: 1.374627, Valid MAE: 2.72, Valid RMSE: 4.32, Valid MAPE: 6.63, Training Time: 15.7362/epoch
Iter: 000, Train Loss: 0.121359
Iter: 050, Train Loss: 0.122181
Epoch: 063, Inference Time: 0.4276 secs
Epoch: 063, Train Loss: 0.119412, Valid Loss: 1.323899, Valid MAE: 2.71, Valid RMSE: 4.31, Valid MAPE: 6.43, Training Time: 15.7381/epoch
Iter: 000, Train Loss: 0.121544
Iter: 050, Train Loss: 0.121258
Epoch: 064, Inference Time: 0.4100 secs
Epoch: 064, Train Loss: 0.119967, Valid Loss: 1.322714, Valid MAE: 2.72, Valid RMSE: 4.30, Valid MAPE: 6.48, Training Time: 15.4023/epoch
Iter: 000, Train Loss: 0.121826
Iter: 050, Train Loss: 0.120750
Epoch: 065, Inference Time: 0.4290 secs
Epoch: 065, Train Loss: 0.119270, Valid Loss: 1.350717, Valid MAE: 2.71, Valid RMSE: 4.31, Valid MAPE: 6.56, Training Time: 14.2389/epoch
Iter: 000, Train Loss: 0.121184
Iter: 050, Train Loss: 0.122497
Epoch: 066, Inference Time: 0.4272 secs
Epoch: 066, Train Loss: 0.119150, Valid Loss: 1.326799, Valid MAE: 2.71, Valid RMSE: 4.32, Valid MAPE: 6.42, Training Time: 15.7342/epoch
Iter: 000, Train Loss: 0.120988
Iter: 050, Train Loss: 0.121615
Epoch: 067, Inference Time: 0.4277 secs
Epoch: 067, Train Loss: 0.119341, Valid Loss: 1.367726, Valid MAE: 2.73, Valid RMSE: 4.31, Valid MAPE: 6.79, Training Time: 15.7348/epoch
Iter: 000, Train Loss: 0.122998
Iter: 050, Train Loss: 0.119117
Epoch: 068, Inference Time: 0.4272 secs
Epoch: 068, Train Loss: 0.119379, Valid Loss: 1.336023, Valid MAE: 2.71, Valid RMSE: 4.31, Valid MAPE: 6.48, Training Time: 15.7277/epoch
Iter: 000, Train Loss: 0.121619
Iter: 050, Train Loss: 0.122376
Epoch: 069, Inference Time: 0.4290 secs
Epoch: 069, Train Loss: 0.118857, Valid Loss: 1.343471, Valid MAE: 2.71, Valid RMSE: 4.30, Valid MAPE: 6.56, Training Time: 15.7371/epoch
Iter: 000, Train Loss: 0.121835
Iter: 050, Train Loss: 0.120548
Epoch: 070, Inference Time: 0.4273 secs
Epoch: 070, Train Loss: 0.118731, Valid Loss: 1.302938, Valid MAE: 2.71, Valid RMSE: 4.30, Valid MAPE: 6.44, Training Time: 15.7565/epoch
Iter: 000, Train Loss: 0.120398
Iter: 050, Train Loss: 0.119194
Epoch: 071, Inference Time: 0.4179 secs
Epoch: 071, Train Loss: 0.118906, Valid Loss: 1.324337, Valid MAE: 2.71, Valid RMSE: 4.30, Valid MAPE: 6.56, Training Time: 15.5478/epoch
Iter: 000, Train Loss: 0.120743
Iter: 050, Train Loss: 0.121262
Epoch: 072, Inference Time: 0.4181 secs
Epoch: 072, Train Loss: 0.118303, Valid Loss: 1.326425, Valid MAE: 2.70, Valid RMSE: 4.29, Valid MAPE: 6.45, Training Time: 14.6389/epoch
Iter: 000, Train Loss: 0.119837
Iter: 050, Train Loss: 0.120913
Epoch: 073, Inference Time: 0.4164 secs
Epoch: 073, Train Loss: 0.118345, Valid Loss: 1.326391, Valid MAE: 2.70, Valid RMSE: 4.30, Valid MAPE: 6.54, Training Time: 14.6220/epoch
Iter: 000, Train Loss: 0.120401
Iter: 050, Train Loss: 0.121012
Epoch: 074, Inference Time: 0.4312 secs
Epoch: 074, Train Loss: 0.118298, Valid Loss: 1.345830, Valid MAE: 2.72, Valid RMSE: 4.30, Valid MAPE: 6.69, Training Time: 15.3054/epoch
Iter: 000, Train Loss: 0.122119
Iter: 050, Train Loss: 0.117868
Epoch: 075, Inference Time: 0.4297 secs
Epoch: 075, Train Loss: 0.118561, Valid Loss: 1.318011, Valid MAE: 2.73, Valid RMSE: 4.30, Valid MAPE: 6.51, Training Time: 15.7793/epoch
Iter: 000, Train Loss: 0.120483
Iter: 050, Train Loss: 0.119540
Epoch: 076, Inference Time: 0.4326 secs
Epoch: 076, Train Loss: 0.117655, Valid Loss: 1.350783, Valid MAE: 2.71, Valid RMSE: 4.31, Valid MAPE: 6.62, Training Time: 15.7805/epoch
Iter: 000, Train Loss: 0.120810
Iter: 050, Train Loss: 0.119454
Epoch: 077, Inference Time: 0.4274 secs
Epoch: 077, Train Loss: 0.117965, Valid Loss: 1.312763, Valid MAE: 2.70, Valid RMSE: 4.30, Valid MAPE: 6.48, Training Time: 15.7711/epoch
Iter: 000, Train Loss: 0.120161
Iter: 050, Train Loss: 0.120022
Epoch: 078, Inference Time: 0.4233 secs
Epoch: 078, Train Loss: 0.117937, Valid Loss: 1.303958, Valid MAE: 2.70, Valid RMSE: 4.29, Valid MAPE: 6.46, Training Time: 15.7442/epoch
Iter: 000, Train Loss: 0.119220
Iter: 050, Train Loss: 0.120370
Epoch: 079, Inference Time: 0.4394 secs
Epoch: 079, Train Loss: 0.117691, Valid Loss: 1.328903, Valid MAE: 2.70, Valid RMSE: 4.29, Valid MAPE: 6.57, Training Time: 15.8280/epoch
Iter: 000, Train Loss: 0.119953
Iter: 050, Train Loss: 0.119630
Epoch: 080, Inference Time: 0.4289 secs
Epoch: 080, Train Loss: 0.117575, Valid Loss: 1.318083, Valid MAE: 2.69, Valid RMSE: 4.30, Valid MAPE: 6.43, Training Time: 15.9003/epoch
Iter: 000, Train Loss: 0.119118
Iter: 050, Train Loss: 0.121148
Epoch: 081, Inference Time: 0.4384 secs
Epoch: 081, Train Loss: 0.117994, Valid Loss: 1.337452, Valid MAE: 2.71, Valid RMSE: 4.29, Valid MAPE: 6.60, Training Time: 15.0838/epoch
Iter: 000, Train Loss: 0.121062
Iter: 050, Train Loss: 0.117501
Epoch: 082, Inference Time: 0.4290 secs
Epoch: 082, Train Loss: 0.117871, Valid Loss: 1.313076, Valid MAE: 2.72, Valid RMSE: 4.29, Valid MAPE: 6.52, Training Time: 15.7929/epoch
Iter: 000, Train Loss: 0.119695
Iter: 050, Train Loss: 0.119193
Epoch: 083, Inference Time: 0.4284 secs
Epoch: 083, Train Loss: 0.117178, Valid Loss: 1.318998, Valid MAE: 2.70, Valid RMSE: 4.29, Valid MAPE: 6.57, Training Time: 15.7511/epoch
Iter: 000, Train Loss: 0.120073
Iter: 050, Train Loss: 0.119037
Epoch: 084, Inference Time: 0.4270 secs
Epoch: 084, Train Loss: 0.117194, Valid Loss: 1.332797, Valid MAE: 2.70, Valid RMSE: 4.29, Valid MAPE: 6.52, Training Time: 15.7368/epoch
Iter: 000, Train Loss: 0.118618
Iter: 050, Train Loss: 0.119063
Epoch: 085, Inference Time: 0.4288 secs
Epoch: 085, Train Loss: 0.116891, Valid Loss: 1.311725, Valid MAE: 2.70, Valid RMSE: 4.29, Valid MAPE: 6.43, Training Time: 15.7505/epoch
Iter: 000, Train Loss: 0.119515
Iter: 050, Train Loss: 0.121009
Epoch: 086, Inference Time: 0.4273 secs
Epoch: 086, Train Loss: 0.117688, Valid Loss: 1.364545, Valid MAE: 2.73, Valid RMSE: 4.30, Valid MAPE: 6.78, Training Time: 15.7408/epoch
Iter: 000, Train Loss: 0.120534
Iter: 050, Train Loss: 0.119260
Epoch: 087, Inference Time: 0.4272 secs
Epoch: 087, Train Loss: 0.117314, Valid Loss: 1.315122, Valid MAE: 2.70, Valid RMSE: 4.30, Valid MAPE: 6.40, Training Time: 15.7422/epoch
Iter: 000, Train Loss: 0.119027
Iter: 050, Train Loss: 0.119934
Epoch: 088, Inference Time: 0.4300 secs
Epoch: 088, Train Loss: 0.117509, Valid Loss: 1.335877, Valid MAE: 2.71, Valid RMSE: 4.29, Valid MAPE: 6.61, Training Time: 15.7455/epoch
Iter: 000, Train Loss: 0.120064
Iter: 050, Train Loss: 0.117206
Epoch: 089, Inference Time: 0.4261 secs
Epoch: 089, Train Loss: 0.116930, Valid Loss: 1.299714, Valid MAE: 2.69, Valid RMSE: 4.29, Valid MAPE: 6.44, Training Time: 15.7346/epoch
Iter: 000, Train Loss: 0.119442
Iter: 050, Train Loss: 0.118508
Epoch: 090, Inference Time: 0.4262 secs
Epoch: 090, Train Loss: 0.117164, Valid Loss: 1.338506, Valid MAE: 2.73, Valid RMSE: 4.30, Valid MAPE: 6.66, Training Time: 15.7415/epoch
Iter: 000, Train Loss: 0.120944
Iter: 050, Train Loss: 0.116526
Epoch: 091, Inference Time: 0.4276 secs
Epoch: 091, Train Loss: 0.116931, Valid Loss: 1.310507, Valid MAE: 2.72, Valid RMSE: 4.28, Valid MAPE: 6.51, Training Time: 14.9895/epoch
Iter: 000, Train Loss: 0.119022
Iter: 050, Train Loss: 0.117849
Epoch: 092, Inference Time: 0.4269 secs
Epoch: 092, Train Loss: 0.116758, Valid Loss: 1.324845, Valid MAE: 2.71, Valid RMSE: 4.28, Valid MAPE: 6.46, Training Time: 15.7342/epoch
Iter: 000, Train Loss: 0.118592
Iter: 050, Train Loss: 0.118276
Epoch: 093, Inference Time: 0.4141 secs
Epoch: 093, Train Loss: 0.116553, Valid Loss: 1.317416, Valid MAE: 2.71, Valid RMSE: 4.29, Valid MAPE: 6.62, Training Time: 15.5204/epoch
Iter: 000, Train Loss: 0.119668
Iter: 050, Train Loss: 0.119444
Epoch: 094, Inference Time: 0.4279 secs
Epoch: 094, Train Loss: 0.116590, Valid Loss: 1.285486, Valid MAE: 2.69, Valid RMSE: 4.28, Valid MAPE: 6.42, Training Time: 15.6513/epoch
Iter: 000, Train Loss: 0.118613
Iter: 050, Train Loss: 0.117785
Epoch: 095, Inference Time: 0.4165 secs
Epoch: 095, Train Loss: 0.116602, Valid Loss: 1.301955, Valid MAE: 2.70, Valid RMSE: 4.28, Valid MAPE: 6.48, Training Time: 15.4142/epoch
Iter: 000, Train Loss: 0.118962
Iter: 050, Train Loss: 0.119089
Epoch: 096, Inference Time: 0.4290 secs
Epoch: 096, Train Loss: 0.116689, Valid Loss: 1.331720, Valid MAE: 2.72, Valid RMSE: 4.29, Valid MAPE: 6.69, Training Time: 14.9941/epoch
Iter: 000, Train Loss: 0.120053
Iter: 050, Train Loss: 0.117003
Epoch: 097, Inference Time: 0.4157 secs
Epoch: 097, Train Loss: 0.116426, Valid Loss: 1.307829, Valid MAE: 2.70, Valid RMSE: 4.28, Valid MAPE: 6.49, Training Time: 15.0170/epoch
Iter: 000, Train Loss: 0.120036
Iter: 050, Train Loss: 0.118173
Epoch: 098, Inference Time: 0.4174 secs
Epoch: 098, Train Loss: 0.116881, Valid Loss: 1.313203, Valid MAE: 2.69, Valid RMSE: 4.29, Valid MAPE: 6.50, Training Time: 14.5840/epoch
Iter: 000, Train Loss: 0.119912
Iter: 050, Train Loss: 0.116561
Epoch: 099, Inference Time: 0.4281 secs
Epoch: 099, Train Loss: 0.116335, Valid Loss: 1.331877, Valid MAE: 2.78, Valid RMSE: 4.33, Valid MAPE: 6.68, Training Time: 14.7390/epoch
Iter: 000, Train Loss: 0.120575
Iter: 050, Train Loss: 0.118016
Epoch: 100, Inference Time: 0.4298 secs
Epoch: 100, Train Loss: 0.117041, Valid Loss: 1.310417, Valid MAE: 2.73, Valid RMSE: 4.28, Valid MAPE: 6.58, Training Time: 15.7619/epoch
Average Training Time: 15.0798 secs/epoch
Average Inference Time: 0.4236 secs
Test MAE: 2.561, Test RMSE: 4.028 Test MAPE: 6.089
Spend Time: 1560.502065896988
