Namespace(addaptadj=False, adjdata='datasets/{}/adj_mx.pkl', adjtype='doubletransition', aptonly=False, batch_size=64, dataset='Seattle', device=0, dropout=0.3, epochs=100, expid=1, gcn_bool=False, in_dim=1, learning_rate=0.001, miss_mechanism='MAR', miss_ratio=0.5, nhid=32, patience=20, print_every=50, randomadj=False, save='baselines_save_model/graphwavenet', seed=2021, seq_length=12, weight_decay=0.0001)
start training...
Iter: 000, Train Loss: 0.705473
Iter: 050, Train Loss: 0.235589
Epoch: 001, Inference Time: 0.4193 secs
Epoch: 001, Train Loss: 0.258943, Valid Loss: 2.319108, Valid MAE: 3.34, Valid RMSE: 5.03, Valid MAPE: 8.78, Training Time: 14.9048/epoch
Iter: 000, Train Loss: 0.195025
Iter: 050, Train Loss: 0.175361
Epoch: 002, Inference Time: 0.4202 secs
Epoch: 002, Train Loss: 0.171736, Valid Loss: 1.929074, Valid MAE: 3.18, Valid RMSE: 4.67, Valid MAPE: 7.91, Training Time: 14.4818/epoch
Iter: 000, Train Loss: 0.161488
Iter: 050, Train Loss: 0.157751
Epoch: 003, Inference Time: 0.4243 secs
Epoch: 003, Train Loss: 0.152511, Valid Loss: 1.756677, Valid MAE: 3.04, Valid RMSE: 4.47, Valid MAPE: 7.43, Training Time: 14.4084/epoch
Iter: 000, Train Loss: 0.147120
Iter: 050, Train Loss: 0.146833
Epoch: 004, Inference Time: 0.4216 secs
Epoch: 004, Train Loss: 0.142436, Valid Loss: 1.771006, Valid MAE: 3.08, Valid RMSE: 4.44, Valid MAPE: 7.25, Training Time: 14.2894/epoch
Iter: 000, Train Loss: 0.142949
Iter: 050, Train Loss: 0.137501
Epoch: 005, Inference Time: 0.4297 secs
Epoch: 005, Train Loss: 0.134831, Valid Loss: 1.542793, Valid MAE: 2.93, Valid RMSE: 4.36, Valid MAPE: 7.12, Training Time: 14.4792/epoch
Iter: 000, Train Loss: 0.132755
Iter: 050, Train Loss: 0.132925
Epoch: 006, Inference Time: 0.4281 secs
Epoch: 006, Train Loss: 0.126938, Valid Loss: 1.535606, Valid MAE: 3.02, Valid RMSE: 4.46, Valid MAPE: 7.68, Training Time: 14.3904/epoch
Iter: 000, Train Loss: 0.132116
Iter: 050, Train Loss: 0.127367
Epoch: 007, Inference Time: 0.4251 secs
Epoch: 007, Train Loss: 0.122486, Valid Loss: 1.503904, Valid MAE: 3.05, Valid RMSE: 4.47, Valid MAPE: 7.49, Training Time: 14.5648/epoch
Iter: 000, Train Loss: 0.123793
Iter: 050, Train Loss: 0.123303
Epoch: 008, Inference Time: 0.4158 secs
Epoch: 008, Train Loss: 0.117124, Valid Loss: 1.443371, Valid MAE: 3.07, Valid RMSE: 4.51, Valid MAPE: 7.77, Training Time: 14.4120/epoch
Iter: 000, Train Loss: 0.121341
Iter: 050, Train Loss: 0.120097
Epoch: 009, Inference Time: 0.4273 secs
Epoch: 009, Train Loss: 0.112308, Valid Loss: 1.382338, Valid MAE: 3.06, Valid RMSE: 4.53, Valid MAPE: 7.87, Training Time: 14.4625/epoch
Iter: 000, Train Loss: 0.118107
Iter: 050, Train Loss: 0.112456
Epoch: 010, Inference Time: 0.4227 secs
Epoch: 010, Train Loss: 0.108009, Valid Loss: 1.348430, Valid MAE: 3.04, Valid RMSE: 4.52, Valid MAPE: 7.74, Training Time: 14.3952/epoch
Iter: 000, Train Loss: 0.114499
Iter: 050, Train Loss: 0.109354
Epoch: 011, Inference Time: 0.4184 secs
Epoch: 011, Train Loss: 0.104937, Valid Loss: 1.242263, Valid MAE: 2.95, Valid RMSE: 4.42, Valid MAPE: 7.36, Training Time: 14.5799/epoch
Iter: 000, Train Loss: 0.107385
Iter: 050, Train Loss: 0.101330
Epoch: 012, Inference Time: 0.4221 secs
Epoch: 012, Train Loss: 0.100460, Valid Loss: 1.207398, Valid MAE: 2.98, Valid RMSE: 4.44, Valid MAPE: 7.48, Training Time: 14.3991/epoch
Iter: 000, Train Loss: 0.104590
Iter: 050, Train Loss: 0.099219
Epoch: 013, Inference Time: 0.4238 secs
Epoch: 013, Train Loss: 0.097056, Valid Loss: 1.177320, Valid MAE: 2.96, Valid RMSE: 4.42, Valid MAPE: 7.33, Training Time: 14.4900/epoch
Iter: 000, Train Loss: 0.101954
Iter: 050, Train Loss: 0.096948
Epoch: 014, Inference Time: 0.4181 secs
Epoch: 014, Train Loss: 0.094910, Valid Loss: 1.253650, Valid MAE: 3.02, Valid RMSE: 4.48, Valid MAPE: 7.59, Training Time: 14.3208/epoch
Iter: 000, Train Loss: 0.101826
Iter: 050, Train Loss: 0.095514
Epoch: 015, Inference Time: 0.4207 secs
Epoch: 015, Train Loss: 0.093768, Valid Loss: 1.126368, Valid MAE: 2.90, Valid RMSE: 4.36, Valid MAPE: 7.20, Training Time: 14.4776/epoch
Iter: 000, Train Loss: 0.100266
Iter: 050, Train Loss: 0.094720
Epoch: 016, Inference Time: 0.4177 secs
Epoch: 016, Train Loss: 0.092322, Valid Loss: 1.104486, Valid MAE: 2.90, Valid RMSE: 4.37, Valid MAPE: 7.21, Training Time: 14.4542/epoch
Iter: 000, Train Loss: 0.097152
Iter: 050, Train Loss: 0.094394
Epoch: 017, Inference Time: 0.4177 secs
Epoch: 017, Train Loss: 0.090874, Valid Loss: 1.152644, Valid MAE: 2.91, Valid RMSE: 4.38, Valid MAPE: 7.30, Training Time: 14.5655/epoch
Iter: 000, Train Loss: 0.099505
Iter: 050, Train Loss: 0.093016
Epoch: 018, Inference Time: 0.4181 secs
Epoch: 018, Train Loss: 0.090815, Valid Loss: 1.114092, Valid MAE: 2.81, Valid RMSE: 4.28, Valid MAPE: 6.88, Training Time: 14.2823/epoch
Iter: 000, Train Loss: 0.103608
Iter: 050, Train Loss: 0.095506
Epoch: 019, Inference Time: 0.4170 secs
Epoch: 019, Train Loss: 0.091191, Valid Loss: 1.152783, Valid MAE: 2.87, Valid RMSE: 4.35, Valid MAPE: 7.28, Training Time: 14.5070/epoch
Iter: 000, Train Loss: 0.104888
Iter: 050, Train Loss: 0.090318
Epoch: 020, Inference Time: 0.4199 secs
Epoch: 020, Train Loss: 0.090886, Valid Loss: 1.053493, Valid MAE: 2.81, Valid RMSE: 4.30, Valid MAPE: 6.84, Training Time: 14.3988/epoch
Iter: 000, Train Loss: 0.095325
Iter: 050, Train Loss: 0.087586
Epoch: 021, Inference Time: 0.4189 secs
Epoch: 021, Train Loss: 0.092917, Valid Loss: 1.114361, Valid MAE: 2.84, Valid RMSE: 4.28, Valid MAPE: 6.85, Training Time: 14.5749/epoch
Iter: 000, Train Loss: 0.088968
Iter: 050, Train Loss: 0.092657
Epoch: 022, Inference Time: 0.4225 secs
Epoch: 022, Train Loss: 0.088140, Valid Loss: 1.019120, Valid MAE: 2.80, Valid RMSE: 4.26, Valid MAPE: 6.86, Training Time: 14.3450/epoch
Iter: 000, Train Loss: 0.096138
Iter: 050, Train Loss: 0.086626
Epoch: 023, Inference Time: 0.4153 secs
Epoch: 023, Train Loss: 0.089624, Valid Loss: 1.070001, Valid MAE: 2.79, Valid RMSE: 4.23, Valid MAPE: 6.64, Training Time: 14.4672/epoch
Iter: 000, Train Loss: 0.089818
Iter: 050, Train Loss: 0.091001
Epoch: 024, Inference Time: 0.4525 secs
Epoch: 024, Train Loss: 0.089684, Valid Loss: 0.986199, Valid MAE: 2.75, Valid RMSE: 4.20, Valid MAPE: 6.56, Training Time: 14.3700/epoch
Iter: 000, Train Loss: 0.089199
Iter: 050, Train Loss: 0.091135
Epoch: 025, Inference Time: 0.4160 secs
Epoch: 025, Train Loss: 0.088198, Valid Loss: 1.017215, Valid MAE: 2.74, Valid RMSE: 4.21, Valid MAPE: 6.58, Training Time: 14.4241/epoch
Iter: 000, Train Loss: 0.093989
Iter: 050, Train Loss: 0.088278
Epoch: 026, Inference Time: 0.4157 secs
Epoch: 026, Train Loss: 0.089170, Valid Loss: 0.976221, Valid MAE: 2.75, Valid RMSE: 4.20, Valid MAPE: 6.52, Training Time: 14.1401/epoch
Iter: 000, Train Loss: 0.085284
Iter: 050, Train Loss: 0.090550
Epoch: 027, Inference Time: 0.4192 secs
Epoch: 027, Train Loss: 0.086550, Valid Loss: 0.991859, Valid MAE: 2.76, Valid RMSE: 4.22, Valid MAPE: 6.68, Training Time: 14.2633/epoch
Iter: 000, Train Loss: 0.093159
Iter: 050, Train Loss: 0.084568
Epoch: 028, Inference Time: 0.4163 secs
Epoch: 028, Train Loss: 0.087582, Valid Loss: 1.000819, Valid MAE: 2.76, Valid RMSE: 4.20, Valid MAPE: 6.55, Training Time: 14.1625/epoch
Iter: 000, Train Loss: 0.086108
Iter: 050, Train Loss: 0.088442
Epoch: 029, Inference Time: 0.4151 secs
Epoch: 029, Train Loss: 0.086197, Valid Loss: 0.966032, Valid MAE: 2.72, Valid RMSE: 4.18, Valid MAPE: 6.48, Training Time: 14.5203/epoch
Iter: 000, Train Loss: 0.087402
Iter: 050, Train Loss: 0.090659
Epoch: 030, Inference Time: 0.4219 secs
Epoch: 030, Train Loss: 0.085209, Valid Loss: 0.986860, Valid MAE: 2.72, Valid RMSE: 4.18, Valid MAPE: 6.51, Training Time: 14.1337/epoch
Iter: 000, Train Loss: 0.090985
Iter: 050, Train Loss: 0.084694
Epoch: 031, Inference Time: 0.4152 secs
Epoch: 031, Train Loss: 0.086264, Valid Loss: 0.941818, Valid MAE: 2.72, Valid RMSE: 4.16, Valid MAPE: 6.44, Training Time: 14.1530/epoch
Iter: 000, Train Loss: 0.082317
Iter: 050, Train Loss: 0.088611
Epoch: 032, Inference Time: 0.4145 secs
Epoch: 032, Train Loss: 0.083878, Valid Loss: 0.940201, Valid MAE: 2.70, Valid RMSE: 4.15, Valid MAPE: 6.45, Training Time: 14.1353/epoch
Iter: 000, Train Loss: 0.088080
Iter: 050, Train Loss: 0.082669
Epoch: 033, Inference Time: 0.4161 secs
Epoch: 033, Train Loss: 0.084701, Valid Loss: 0.942310, Valid MAE: 2.74, Valid RMSE: 4.18, Valid MAPE: 6.54, Training Time: 14.1346/epoch
Iter: 000, Train Loss: 0.082101
Iter: 050, Train Loss: 0.082705
Epoch: 034, Inference Time: 0.4141 secs
Epoch: 034, Train Loss: 0.084369, Valid Loss: 0.959408, Valid MAE: 2.72, Valid RMSE: 4.17, Valid MAPE: 6.46, Training Time: 14.1543/epoch
Iter: 000, Train Loss: 0.082931
Iter: 050, Train Loss: 0.087000
Epoch: 035, Inference Time: 0.4149 secs
Epoch: 035, Train Loss: 0.083276, Valid Loss: 0.959601, Valid MAE: 2.70, Valid RMSE: 4.15, Valid MAPE: 6.41, Training Time: 14.1215/epoch
Iter: 000, Train Loss: 0.088044
Iter: 050, Train Loss: 0.084290
Epoch: 036, Inference Time: 0.4151 secs
Epoch: 036, Train Loss: 0.083495, Valid Loss: 0.927560, Valid MAE: 2.71, Valid RMSE: 4.16, Valid MAPE: 6.44, Training Time: 14.1164/epoch
Iter: 000, Train Loss: 0.084510
Iter: 050, Train Loss: 0.082266
Epoch: 037, Inference Time: 0.4144 secs
Epoch: 037, Train Loss: 0.083245, Valid Loss: 0.904725, Valid MAE: 2.69, Valid RMSE: 4.13, Valid MAPE: 6.37, Training Time: 14.1384/epoch
Iter: 000, Train Loss: 0.080979
Iter: 050, Train Loss: 0.083875
Epoch: 038, Inference Time: 0.4154 secs
Epoch: 038, Train Loss: 0.081498, Valid Loss: 0.906978, Valid MAE: 2.68, Valid RMSE: 4.12, Valid MAPE: 6.34, Training Time: 14.1652/epoch
Iter: 000, Train Loss: 0.083477
Iter: 050, Train Loss: 0.085216
Epoch: 039, Inference Time: 0.4149 secs
Epoch: 039, Train Loss: 0.081815, Valid Loss: 0.930946, Valid MAE: 2.70, Valid RMSE: 4.15, Valid MAPE: 6.50, Training Time: 14.1528/epoch
Iter: 000, Train Loss: 0.086988
Iter: 050, Train Loss: 0.080895
Epoch: 040, Inference Time: 0.4157 secs
Epoch: 040, Train Loss: 0.081060, Valid Loss: 0.950211, Valid MAE: 2.72, Valid RMSE: 4.15, Valid MAPE: 6.54, Training Time: 14.1982/epoch
Iter: 000, Train Loss: 0.081908
Iter: 050, Train Loss: 0.078660
Epoch: 041, Inference Time: 0.4268 secs
Epoch: 041, Train Loss: 0.080317, Valid Loss: 0.988466, Valid MAE: 2.73, Valid RMSE: 4.16, Valid MAPE: 6.65, Training Time: 14.3189/epoch
Iter: 000, Train Loss: 0.081331
Iter: 050, Train Loss: 0.083689
Epoch: 042, Inference Time: 0.4171 secs
Epoch: 042, Train Loss: 0.078345, Valid Loss: 0.966776, Valid MAE: 2.72, Valid RMSE: 4.16, Valid MAPE: 6.67, Training Time: 14.3616/epoch
Iter: 000, Train Loss: 0.088172
Iter: 050, Train Loss: 0.078487
Epoch: 043, Inference Time: 0.4251 secs
Epoch: 043, Train Loss: 0.079538, Valid Loss: 0.932996, Valid MAE: 2.71, Valid RMSE: 4.14, Valid MAPE: 6.56, Training Time: 14.1911/epoch
Iter: 000, Train Loss: 0.082468
Iter: 050, Train Loss: 0.080441
Epoch: 044, Inference Time: 0.4177 secs
Epoch: 044, Train Loss: 0.078583, Valid Loss: 0.981263, Valid MAE: 2.73, Valid RMSE: 4.17, Valid MAPE: 6.79, Training Time: 14.5319/epoch
Iter: 000, Train Loss: 0.088247
Iter: 050, Train Loss: 0.080411
Epoch: 045, Inference Time: 0.4345 secs
Epoch: 045, Train Loss: 0.080425, Valid Loss: 0.912656, Valid MAE: 2.67, Valid RMSE: 4.10, Valid MAPE: 6.29, Training Time: 14.4889/epoch
Iter: 000, Train Loss: 0.080240
Iter: 050, Train Loss: 0.082721
Epoch: 046, Inference Time: 0.4480 secs
Epoch: 046, Train Loss: 0.079114, Valid Loss: 0.915035, Valid MAE: 2.66, Valid RMSE: 4.10, Valid MAPE: 6.32, Training Time: 14.4853/epoch
Iter: 000, Train Loss: 0.085301
Iter: 050, Train Loss: 0.080674
Epoch: 047, Inference Time: 0.4196 secs
Epoch: 047, Train Loss: 0.079026, Valid Loss: 0.915533, Valid MAE: 2.66, Valid RMSE: 4.10, Valid MAPE: 6.31, Training Time: 14.2862/epoch
Iter: 000, Train Loss: 0.084816
Iter: 050, Train Loss: 0.084343
Epoch: 048, Inference Time: 0.4366 secs
Epoch: 048, Train Loss: 0.078995, Valid Loss: 0.937523, Valid MAE: 2.67, Valid RMSE: 4.10, Valid MAPE: 6.36, Training Time: 14.3842/epoch
Iter: 000, Train Loss: 0.087328
Iter: 050, Train Loss: 0.077001
Epoch: 049, Inference Time: 0.4169 secs
Epoch: 049, Train Loss: 0.079526, Valid Loss: 0.905148, Valid MAE: 2.67, Valid RMSE: 4.10, Valid MAPE: 6.31, Training Time: 14.7237/epoch
Iter: 000, Train Loss: 0.080855
Iter: 050, Train Loss: 0.083180
Epoch: 050, Inference Time: 0.4349 secs
Epoch: 050, Train Loss: 0.078142, Valid Loss: 0.883900, Valid MAE: 2.64, Valid RMSE: 4.07, Valid MAPE: 6.23, Training Time: 14.5037/epoch
Iter: 000, Train Loss: 0.083828
Iter: 050, Train Loss: 0.077067
Epoch: 051, Inference Time: 0.4199 secs
Epoch: 051, Train Loss: 0.078515, Valid Loss: 0.879367, Valid MAE: 2.65, Valid RMSE: 4.08, Valid MAPE: 6.25, Training Time: 14.4186/epoch
Iter: 000, Train Loss: 0.077582
Iter: 050, Train Loss: 0.081300
Epoch: 052, Inference Time: 0.4151 secs
Epoch: 052, Train Loss: 0.077523, Valid Loss: 0.898232, Valid MAE: 2.64, Valid RMSE: 4.08, Valid MAPE: 6.27, Training Time: 14.5164/epoch
Iter: 000, Train Loss: 0.084400
Iter: 050, Train Loss: 0.076528
Epoch: 053, Inference Time: 0.4546 secs
Epoch: 053, Train Loss: 0.077854, Valid Loss: 0.892094, Valid MAE: 2.66, Valid RMSE: 4.07, Valid MAPE: 6.26, Training Time: 14.6005/epoch
Iter: 000, Train Loss: 0.079027
Iter: 050, Train Loss: 0.081290
Epoch: 054, Inference Time: 0.4153 secs
Epoch: 054, Train Loss: 0.076651, Valid Loss: 0.892120, Valid MAE: 2.64, Valid RMSE: 4.06, Valid MAPE: 6.22, Training Time: 14.3495/epoch
Iter: 000, Train Loss: 0.082378
Iter: 050, Train Loss: 0.079569
Epoch: 055, Inference Time: 0.4616 secs
Epoch: 055, Train Loss: 0.077431, Valid Loss: 0.855644, Valid MAE: 2.64, Valid RMSE: 4.06, Valid MAPE: 6.23, Training Time: 14.5897/epoch
Iter: 000, Train Loss: 0.077125
Iter: 050, Train Loss: 0.080316
Epoch: 056, Inference Time: 0.4398 secs
Epoch: 056, Train Loss: 0.076028, Valid Loss: 0.854491, Valid MAE: 2.64, Valid RMSE: 4.05, Valid MAPE: 6.23, Training Time: 14.4308/epoch
Iter: 000, Train Loss: 0.079427
Iter: 050, Train Loss: 0.079514
Epoch: 057, Inference Time: 0.4240 secs
Epoch: 057, Train Loss: 0.075960, Valid Loss: 0.869498, Valid MAE: 2.63, Valid RMSE: 4.05, Valid MAPE: 6.19, Training Time: 14.3634/epoch
Iter: 000, Train Loss: 0.080681
Iter: 050, Train Loss: 0.082425
Epoch: 058, Inference Time: 0.4141 secs
Epoch: 058, Train Loss: 0.077460, Valid Loss: 0.865697, Valid MAE: 2.63, Valid RMSE: 4.05, Valid MAPE: 6.18, Training Time: 14.3429/epoch
Iter: 000, Train Loss: 0.079805
Iter: 050, Train Loss: 0.080123
Epoch: 059, Inference Time: 0.4147 secs
Epoch: 059, Train Loss: 0.076664, Valid Loss: 0.847391, Valid MAE: 2.64, Valid RMSE: 4.05, Valid MAPE: 6.19, Training Time: 14.4838/epoch
Iter: 000, Train Loss: 0.077042
Iter: 050, Train Loss: 0.077304
Epoch: 060, Inference Time: 0.4152 secs
Epoch: 060, Train Loss: 0.076662, Valid Loss: 0.856818, Valid MAE: 2.64, Valid RMSE: 4.05, Valid MAPE: 6.22, Training Time: 14.3419/epoch
Iter: 000, Train Loss: 0.075492
Iter: 050, Train Loss: 0.075552
Epoch: 061, Inference Time: 0.4466 secs
Epoch: 061, Train Loss: 0.074837, Valid Loss: 0.829304, Valid MAE: 2.62, Valid RMSE: 4.04, Valid MAPE: 6.17, Training Time: 14.4836/epoch
Iter: 000, Train Loss: 0.075421
Iter: 050, Train Loss: 0.079214
Epoch: 062, Inference Time: 0.4142 secs
Epoch: 062, Train Loss: 0.075221, Valid Loss: 0.837810, Valid MAE: 2.62, Valid RMSE: 4.03, Valid MAPE: 6.14, Training Time: 14.3316/epoch
Iter: 000, Train Loss: 0.074223
Iter: 050, Train Loss: 0.080389
Epoch: 063, Inference Time: 0.4219 secs
Epoch: 063, Train Loss: 0.074659, Valid Loss: 0.846368, Valid MAE: 2.62, Valid RMSE: 4.03, Valid MAPE: 6.17, Training Time: 14.5042/epoch
Iter: 000, Train Loss: 0.078948
Iter: 050, Train Loss: 0.077105
Epoch: 064, Inference Time: 0.4152 secs
Epoch: 064, Train Loss: 0.074442, Valid Loss: 0.848400, Valid MAE: 2.62, Valid RMSE: 4.04, Valid MAPE: 6.17, Training Time: 14.5851/epoch
Iter: 000, Train Loss: 0.075253
Iter: 050, Train Loss: 0.080161
Epoch: 065, Inference Time: 0.4375 secs
Epoch: 065, Train Loss: 0.073728, Valid Loss: 0.862118, Valid MAE: 2.62, Valid RMSE: 4.03, Valid MAPE: 6.17, Training Time: 14.4302/epoch
Iter: 000, Train Loss: 0.079018
Iter: 050, Train Loss: 0.075885
Epoch: 066, Inference Time: 0.4207 secs
Epoch: 066, Train Loss: 0.073113, Valid Loss: 0.828595, Valid MAE: 2.62, Valid RMSE: 4.02, Valid MAPE: 6.24, Training Time: 14.4284/epoch
Iter: 000, Train Loss: 0.074186
Iter: 050, Train Loss: 0.073627
Epoch: 067, Inference Time: 0.4152 secs
Epoch: 067, Train Loss: 0.073836, Valid Loss: 0.828309, Valid MAE: 2.61, Valid RMSE: 4.03, Valid MAPE: 6.18, Training Time: 14.1536/epoch
Iter: 000, Train Loss: 0.074215
Iter: 050, Train Loss: 0.073700
Epoch: 068, Inference Time: 0.4140 secs
Epoch: 068, Train Loss: 0.073492, Valid Loss: 0.820970, Valid MAE: 2.61, Valid RMSE: 4.02, Valid MAPE: 6.11, Training Time: 14.1194/epoch
Iter: 000, Train Loss: 0.075152
Iter: 050, Train Loss: 0.078999
Epoch: 069, Inference Time: 0.4157 secs
Epoch: 069, Train Loss: 0.072898, Valid Loss: 0.825046, Valid MAE: 2.62, Valid RMSE: 4.01, Valid MAPE: 6.14, Training Time: 14.1343/epoch
Iter: 000, Train Loss: 0.077042
Iter: 050, Train Loss: 0.077554
Epoch: 070, Inference Time: 0.4140 secs
Epoch: 070, Train Loss: 0.072661, Valid Loss: 0.840939, Valid MAE: 2.61, Valid RMSE: 4.02, Valid MAPE: 6.13, Training Time: 14.1214/epoch
Iter: 000, Train Loss: 0.075738
Iter: 050, Train Loss: 0.076850
Epoch: 071, Inference Time: 0.4143 secs
Epoch: 071, Train Loss: 0.072263, Valid Loss: 0.819988, Valid MAE: 2.60, Valid RMSE: 4.01, Valid MAPE: 6.13, Training Time: 14.1161/epoch
Iter: 000, Train Loss: 0.075921
Iter: 050, Train Loss: 0.075426
Epoch: 072, Inference Time: 0.4144 secs
Epoch: 072, Train Loss: 0.072760, Valid Loss: 0.838050, Valid MAE: 2.61, Valid RMSE: 4.01, Valid MAPE: 6.12, Training Time: 14.0844/epoch
Iter: 000, Train Loss: 0.075385
Iter: 050, Train Loss: 0.076494
Epoch: 073, Inference Time: 0.4138 secs
Epoch: 073, Train Loss: 0.071929, Valid Loss: 0.867229, Valid MAE: 2.60, Valid RMSE: 4.02, Valid MAPE: 6.16, Training Time: 14.1337/epoch
Iter: 000, Train Loss: 0.077401
Iter: 050, Train Loss: 0.077481
Epoch: 074, Inference Time: 0.4143 secs
Epoch: 074, Train Loss: 0.071738, Valid Loss: 0.821979, Valid MAE: 2.59, Valid RMSE: 4.00, Valid MAPE: 6.09, Training Time: 14.0934/epoch
Iter: 000, Train Loss: 0.076473
Iter: 050, Train Loss: 0.076555
Epoch: 075, Inference Time: 0.4148 secs
Epoch: 075, Train Loss: 0.073498, Valid Loss: 0.815207, Valid MAE: 2.61, Valid RMSE: 4.01, Valid MAPE: 6.15, Training Time: 14.1492/epoch
Iter: 000, Train Loss: 0.074041
Iter: 050, Train Loss: 0.071696
Epoch: 076, Inference Time: 0.4194 secs
Epoch: 076, Train Loss: 0.071272, Valid Loss: 0.840033, Valid MAE: 2.61, Valid RMSE: 4.00, Valid MAPE: 6.22, Training Time: 14.1322/epoch
Iter: 000, Train Loss: 0.075246
Iter: 050, Train Loss: 0.070121
Epoch: 077, Inference Time: 0.4154 secs
Epoch: 077, Train Loss: 0.070940, Valid Loss: 0.860414, Valid MAE: 2.63, Valid RMSE: 4.01, Valid MAPE: 6.35, Training Time: 14.1614/epoch
Iter: 000, Train Loss: 0.073859
Iter: 050, Train Loss: 0.071114
Epoch: 078, Inference Time: 0.4154 secs
Epoch: 078, Train Loss: 0.070968, Valid Loss: 0.829991, Valid MAE: 2.62, Valid RMSE: 4.00, Valid MAPE: 6.25, Training Time: 14.1815/epoch
Iter: 000, Train Loss: 0.073903
Iter: 050, Train Loss: 0.070238
Epoch: 079, Inference Time: 0.4159 secs
Epoch: 079, Train Loss: 0.070646, Valid Loss: 0.891650, Valid MAE: 2.63, Valid RMSE: 4.01, Valid MAPE: 6.35, Training Time: 14.5103/epoch
Iter: 000, Train Loss: 0.076472
Iter: 050, Train Loss: 0.069869
Epoch: 080, Inference Time: 0.4167 secs
Epoch: 080, Train Loss: 0.070730, Valid Loss: 0.873807, Valid MAE: 2.62, Valid RMSE: 4.01, Valid MAPE: 6.37, Training Time: 14.1962/epoch
Iter: 000, Train Loss: 0.076447
Iter: 050, Train Loss: 0.070180
Epoch: 081, Inference Time: 0.4454 secs
Epoch: 081, Train Loss: 0.070618, Valid Loss: 0.885637, Valid MAE: 2.63, Valid RMSE: 4.01, Valid MAPE: 6.38, Training Time: 14.4203/epoch
Iter: 000, Train Loss: 0.075580
Iter: 050, Train Loss: 0.070137
Epoch: 082, Inference Time: 0.4299 secs
Epoch: 082, Train Loss: 0.070312, Valid Loss: 0.875970, Valid MAE: 2.62, Valid RMSE: 4.00, Valid MAPE: 6.29, Training Time: 14.4990/epoch
Iter: 000, Train Loss: 0.075721
Iter: 050, Train Loss: 0.069788
Epoch: 083, Inference Time: 0.4234 secs
Epoch: 083, Train Loss: 0.070090, Valid Loss: 0.852121, Valid MAE: 2.62, Valid RMSE: 4.00, Valid MAPE: 6.31, Training Time: 14.4691/epoch
Iter: 000, Train Loss: 0.074752
Iter: 050, Train Loss: 0.069008
Epoch: 084, Inference Time: 0.4144 secs
Epoch: 084, Train Loss: 0.069963, Valid Loss: 0.877688, Valid MAE: 2.63, Valid RMSE: 4.00, Valid MAPE: 6.37, Training Time: 14.3431/epoch
Iter: 000, Train Loss: 0.074949
Iter: 050, Train Loss: 0.070038
Epoch: 085, Inference Time: 0.4149 secs
Epoch: 085, Train Loss: 0.069819, Valid Loss: 0.870306, Valid MAE: 2.61, Valid RMSE: 4.00, Valid MAPE: 6.32, Training Time: 14.3788/epoch
Iter: 000, Train Loss: 0.075212
Iter: 050, Train Loss: 0.069329
Epoch: 086, Inference Time: 0.4223 secs
Epoch: 086, Train Loss: 0.069784, Valid Loss: 0.871123, Valid MAE: 2.62, Valid RMSE: 4.00, Valid MAPE: 6.39, Training Time: 14.5824/epoch
Iter: 000, Train Loss: 0.074811
Iter: 050, Train Loss: 0.069960
Epoch: 087, Inference Time: 0.4304 secs
Epoch: 087, Train Loss: 0.070409, Valid Loss: 0.830086, Valid MAE: 2.60, Valid RMSE: 3.99, Valid MAPE: 6.15, Training Time: 14.4777/epoch
Iter: 000, Train Loss: 0.075240
Iter: 050, Train Loss: 0.075673
Epoch: 088, Inference Time: 0.4149 secs
Epoch: 088, Train Loss: 0.071471, Valid Loss: 0.823572, Valid MAE: 2.61, Valid RMSE: 3.99, Valid MAPE: 6.22, Training Time: 14.2845/epoch
Iter: 000, Train Loss: 0.073181
Iter: 050, Train Loss: 0.069555
Epoch: 089, Inference Time: 0.4155 secs
Epoch: 089, Train Loss: 0.068994, Valid Loss: 0.840911, Valid MAE: 2.64, Valid RMSE: 4.00, Valid MAPE: 6.31, Training Time: 14.1555/epoch
Iter: 000, Train Loss: 0.072778
Iter: 050, Train Loss: 0.068732
Epoch: 090, Inference Time: 0.4161 secs
Epoch: 090, Train Loss: 0.069749, Valid Loss: 0.814992, Valid MAE: 2.60, Valid RMSE: 3.98, Valid MAPE: 6.19, Training Time: 14.1591/epoch
Iter: 000, Train Loss: 0.075266
Iter: 050, Train Loss: 0.071513
Epoch: 091, Inference Time: 0.4153 secs
Epoch: 091, Train Loss: 0.070897, Valid Loss: 0.803975, Valid MAE: 2.60, Valid RMSE: 3.99, Valid MAPE: 6.16, Training Time: 14.1206/epoch
Iter: 000, Train Loss: 0.072919
Iter: 050, Train Loss: 0.072570
Epoch: 092, Inference Time: 0.4146 secs
Epoch: 092, Train Loss: 0.069186, Valid Loss: 0.816989, Valid MAE: 2.61, Valid RMSE: 3.98, Valid MAPE: 6.27, Training Time: 14.1359/epoch
Iter: 000, Train Loss: 0.071359
Iter: 050, Train Loss: 0.069722
Epoch: 093, Inference Time: 0.4152 secs
Epoch: 093, Train Loss: 0.068644, Valid Loss: 0.836339, Valid MAE: 2.59, Valid RMSE: 3.98, Valid MAPE: 6.25, Training Time: 14.1381/epoch
Iter: 000, Train Loss: 0.072784
Iter: 050, Train Loss: 0.069632
Epoch: 094, Inference Time: 0.4205 secs
Epoch: 094, Train Loss: 0.068888, Valid Loss: 0.844633, Valid MAE: 2.63, Valid RMSE: 4.00, Valid MAPE: 6.32, Training Time: 14.3709/epoch
Iter: 000, Train Loss: 0.074145
Iter: 050, Train Loss: 0.069546
Epoch: 095, Inference Time: 0.4153 secs
Epoch: 095, Train Loss: 0.069238, Valid Loss: 0.812047, Valid MAE: 2.60, Valid RMSE: 3.98, Valid MAPE: 6.27, Training Time: 14.1794/epoch
Iter: 000, Train Loss: 0.073434
Iter: 050, Train Loss: 0.069089
Epoch: 096, Inference Time: 0.4150 secs
Epoch: 096, Train Loss: 0.068499, Valid Loss: 0.834961, Valid MAE: 2.60, Valid RMSE: 3.98, Valid MAPE: 6.28, Training Time: 14.2032/epoch
Iter: 000, Train Loss: 0.072842
Iter: 050, Train Loss: 0.069197
Epoch: 097, Inference Time: 0.4154 secs
Epoch: 097, Train Loss: 0.068575, Valid Loss: 0.860195, Valid MAE: 2.61, Valid RMSE: 3.99, Valid MAPE: 6.33, Training Time: 14.2150/epoch
Iter: 000, Train Loss: 0.073163
Iter: 050, Train Loss: 0.071124
Epoch: 098, Inference Time: 0.4147 secs
Epoch: 098, Train Loss: 0.068816, Valid Loss: 0.854265, Valid MAE: 2.61, Valid RMSE: 3.98, Valid MAPE: 6.36, Training Time: 14.2049/epoch
Iter: 000, Train Loss: 0.072981
Iter: 050, Train Loss: 0.070325
Epoch: 099, Inference Time: 0.4311 secs
Epoch: 099, Train Loss: 0.068565, Valid Loss: 0.848847, Valid MAE: 2.60, Valid RMSE: 3.98, Valid MAPE: 6.36, Training Time: 14.4293/epoch
Iter: 000, Train Loss: 0.074002
Iter: 050, Train Loss: 0.069585
Epoch: 100, Inference Time: 0.4159 secs
Epoch: 100, Train Loss: 0.068751, Valid Loss: 0.816238, Valid MAE: 2.59, Valid RMSE: 3.98, Valid MAPE: 6.25, Training Time: 14.2745/epoch
Average Training Time: 14.3394 secs/epoch
Average Inference Time: 0.4211 secs
Test MAE: 2.467, Test RMSE: 3.742 Test MAPE: 5.812
Spend Time: 1486.2968981266022
