Namespace(addaptadj=False, adjdata='datasets/{}/adj_mx.pkl', adjtype='doubletransition', aptonly=False, batch_size=64, dataset='Seattle', device=0, dropout=0.3, epochs=100, expid=1, gcn_bool=False, in_dim=1, learning_rate=0.001, miss_mechanism='MNAR', miss_ratio=0.5, nhid=32, patience=20, print_every=50, randomadj=False, save='baselines_save_model/graphwavenet', seed=2022, seq_length=12, weight_decay=0.0001)
start training...
Iter: 000, Train Loss: 0.663314
Iter: 050, Train Loss: 0.258431
Epoch: 001, Inference Time: 0.4437 secs
Epoch: 001, Train Loss: 0.291943, Valid Loss: 2.758752, Valid MAE: 3.36, Valid RMSE: 5.51, Valid MAPE: 8.62, Training Time: 15.9372/epoch
Iter: 000, Train Loss: 0.220687
Iter: 050, Train Loss: 0.208662
Epoch: 002, Inference Time: 0.4132 secs
Epoch: 002, Train Loss: 0.215171, Valid Loss: 2.459816, Valid MAE: 3.17, Valid RMSE: 5.11, Valid MAPE: 7.97, Training Time: 15.7881/epoch
Iter: 000, Train Loss: 0.199829
Iter: 050, Train Loss: 0.190795
Epoch: 003, Inference Time: 0.4357 secs
Epoch: 003, Train Loss: 0.197052, Valid Loss: 2.324591, Valid MAE: 3.11, Valid RMSE: 4.96, Valid MAPE: 7.77, Training Time: 16.4239/epoch
Iter: 000, Train Loss: 0.191264
Iter: 050, Train Loss: 0.181941
Epoch: 004, Inference Time: 0.4519 secs
Epoch: 004, Train Loss: 0.186310, Valid Loss: 2.222064, Valid MAE: 3.08, Valid RMSE: 4.89, Valid MAPE: 7.61, Training Time: 16.9425/epoch
Iter: 000, Train Loss: 0.181676
Iter: 050, Train Loss: 0.176206
Epoch: 005, Inference Time: 0.4364 secs
Epoch: 005, Train Loss: 0.179378, Valid Loss: 2.096071, Valid MAE: 3.01, Valid RMSE: 4.85, Valid MAPE: 7.51, Training Time: 16.9334/epoch
Iter: 000, Train Loss: 0.173385
Iter: 050, Train Loss: 0.174621
Epoch: 006, Inference Time: 0.4521 secs
Epoch: 006, Train Loss: 0.175082, Valid Loss: 2.016477, Valid MAE: 2.99, Valid RMSE: 4.82, Valid MAPE: 7.50, Training Time: 16.9531/epoch
Iter: 000, Train Loss: 0.166995
Iter: 050, Train Loss: 0.169476
Epoch: 007, Inference Time: 0.4147 secs
Epoch: 007, Train Loss: 0.170970, Valid Loss: 1.970178, Valid MAE: 2.99, Valid RMSE: 4.83, Valid MAPE: 7.59, Training Time: 16.8712/epoch
Iter: 000, Train Loss: 0.161383
Iter: 050, Train Loss: 0.166522
Epoch: 008, Inference Time: 0.4492 secs
Epoch: 008, Train Loss: 0.167771, Valid Loss: 1.931457, Valid MAE: 2.97, Valid RMSE: 4.82, Valid MAPE: 7.48, Training Time: 15.9768/epoch
Iter: 000, Train Loss: 0.159206
Iter: 050, Train Loss: 0.165904
Epoch: 009, Inference Time: 0.4335 secs
Epoch: 009, Train Loss: 0.165193, Valid Loss: 1.902320, Valid MAE: 2.97, Valid RMSE: 4.79, Valid MAPE: 7.43, Training Time: 15.9323/epoch
Iter: 000, Train Loss: 0.156643
Iter: 050, Train Loss: 0.161591
Epoch: 010, Inference Time: 0.4336 secs
Epoch: 010, Train Loss: 0.163154, Valid Loss: 1.869231, Valid MAE: 2.96, Valid RMSE: 4.76, Valid MAPE: 7.39, Training Time: 15.9063/epoch
Iter: 000, Train Loss: 0.154562
Iter: 050, Train Loss: 0.158500
Epoch: 011, Inference Time: 0.4491 secs
Epoch: 011, Train Loss: 0.160897, Valid Loss: 1.846503, Valid MAE: 2.96, Valid RMSE: 4.79, Valid MAPE: 7.46, Training Time: 15.9777/epoch
Iter: 000, Train Loss: 0.152510
Iter: 050, Train Loss: 0.156778
Epoch: 012, Inference Time: 0.4220 secs
Epoch: 012, Train Loss: 0.159379, Valid Loss: 1.816842, Valid MAE: 2.94, Valid RMSE: 4.75, Valid MAPE: 7.36, Training Time: 14.5891/epoch
Iter: 000, Train Loss: 0.151146
Iter: 050, Train Loss: 0.155891
Epoch: 013, Inference Time: 0.4653 secs
Epoch: 013, Train Loss: 0.157442, Valid Loss: 1.797475, Valid MAE: 2.95, Valid RMSE: 4.74, Valid MAPE: 7.40, Training Time: 14.2553/epoch
Iter: 000, Train Loss: 0.149216
Iter: 050, Train Loss: 0.153541
Epoch: 014, Inference Time: 0.4180 secs
Epoch: 014, Train Loss: 0.156066, Valid Loss: 1.776688, Valid MAE: 2.95, Valid RMSE: 4.72, Valid MAPE: 7.36, Training Time: 14.3760/epoch
Iter: 000, Train Loss: 0.147441
Iter: 050, Train Loss: 0.151785
Epoch: 015, Inference Time: 0.4165 secs
Epoch: 015, Train Loss: 0.153785, Valid Loss: 1.756311, Valid MAE: 2.93, Valid RMSE: 4.74, Valid MAPE: 7.37, Training Time: 14.4429/epoch
Iter: 000, Train Loss: 0.145190
Iter: 050, Train Loss: 0.149922
Epoch: 016, Inference Time: 0.4118 secs
Epoch: 016, Train Loss: 0.152393, Valid Loss: 1.737461, Valid MAE: 2.92, Valid RMSE: 4.72, Valid MAPE: 7.33, Training Time: 14.7737/epoch
Iter: 000, Train Loss: 0.143886
Iter: 050, Train Loss: 0.149719
Epoch: 017, Inference Time: 0.4430 secs
Epoch: 017, Train Loss: 0.151014, Valid Loss: 1.720829, Valid MAE: 2.91, Valid RMSE: 4.71, Valid MAPE: 7.34, Training Time: 15.8964/epoch
Iter: 000, Train Loss: 0.142512
Iter: 050, Train Loss: 0.148316
Epoch: 018, Inference Time: 0.4433 secs
Epoch: 018, Train Loss: 0.149765, Valid Loss: 1.711196, Valid MAE: 2.90, Valid RMSE: 4.68, Valid MAPE: 7.24, Training Time: 15.8751/epoch
Iter: 000, Train Loss: 0.141678
Iter: 050, Train Loss: 0.147378
Epoch: 019, Inference Time: 0.4269 secs
Epoch: 019, Train Loss: 0.148259, Valid Loss: 1.693831, Valid MAE: 2.90, Valid RMSE: 4.68, Valid MAPE: 7.31, Training Time: 15.8672/epoch
Iter: 000, Train Loss: 0.140630
Iter: 050, Train Loss: 0.146005
Epoch: 020, Inference Time: 0.4429 secs
Epoch: 020, Train Loss: 0.146989, Valid Loss: 1.672885, Valid MAE: 2.89, Valid RMSE: 4.67, Valid MAPE: 7.25, Training Time: 15.8507/epoch
Iter: 000, Train Loss: 0.139074
Iter: 050, Train Loss: 0.144346
Epoch: 021, Inference Time: 0.4258 secs
Epoch: 021, Train Loss: 0.145416, Valid Loss: 1.663923, Valid MAE: 2.88, Valid RMSE: 4.66, Valid MAPE: 7.21, Training Time: 15.8400/epoch
Iter: 000, Train Loss: 0.138328
Iter: 050, Train Loss: 0.143194
Epoch: 022, Inference Time: 0.4257 secs
Epoch: 022, Train Loss: 0.144562, Valid Loss: 1.651857, Valid MAE: 2.88, Valid RMSE: 4.65, Valid MAPE: 7.25, Training Time: 15.8466/epoch
Iter: 000, Train Loss: 0.137260
Iter: 050, Train Loss: 0.142573
Epoch: 023, Inference Time: 0.4322 secs
Epoch: 023, Train Loss: 0.143849, Valid Loss: 1.649937, Valid MAE: 2.89, Valid RMSE: 4.67, Valid MAPE: 7.31, Training Time: 15.8140/epoch
Iter: 000, Train Loss: 0.136205
Iter: 050, Train Loss: 0.142726
Epoch: 024, Inference Time: 0.4273 secs
Epoch: 024, Train Loss: 0.143482, Valid Loss: 1.616979, Valid MAE: 2.86, Valid RMSE: 4.63, Valid MAPE: 7.07, Training Time: 15.8689/epoch
Iter: 000, Train Loss: 0.135234
Iter: 050, Train Loss: 0.142723
Epoch: 025, Inference Time: 0.4266 secs
Epoch: 025, Train Loss: 0.141801, Valid Loss: 1.634037, Valid MAE: 2.86, Valid RMSE: 4.62, Valid MAPE: 7.10, Training Time: 15.8658/epoch
Iter: 000, Train Loss: 0.136176
Iter: 050, Train Loss: 0.140807
Epoch: 026, Inference Time: 0.4254 secs
Epoch: 026, Train Loss: 0.141512, Valid Loss: 1.628447, Valid MAE: 2.88, Valid RMSE: 4.65, Valid MAPE: 7.18, Training Time: 15.8319/epoch
Iter: 000, Train Loss: 0.134391
Iter: 050, Train Loss: 0.141476
Epoch: 027, Inference Time: 0.4262 secs
Epoch: 027, Train Loss: 0.140835, Valid Loss: 1.609432, Valid MAE: 2.86, Valid RMSE: 4.61, Valid MAPE: 7.09, Training Time: 15.8709/epoch
Iter: 000, Train Loss: 0.133816
Iter: 050, Train Loss: 0.139650
Epoch: 028, Inference Time: 0.4277 secs
Epoch: 028, Train Loss: 0.140498, Valid Loss: 1.617254, Valid MAE: 2.86, Valid RMSE: 4.62, Valid MAPE: 7.12, Training Time: 15.8167/epoch
Iter: 000, Train Loss: 0.134122
Iter: 050, Train Loss: 0.140023
Epoch: 029, Inference Time: 0.4255 secs
Epoch: 029, Train Loss: 0.139608, Valid Loss: 1.605913, Valid MAE: 2.85, Valid RMSE: 4.58, Valid MAPE: 7.06, Training Time: 15.8935/epoch
Iter: 000, Train Loss: 0.133155
Iter: 050, Train Loss: 0.138813
Epoch: 030, Inference Time: 0.4323 secs
Epoch: 030, Train Loss: 0.139117, Valid Loss: 1.610643, Valid MAE: 2.85, Valid RMSE: 4.59, Valid MAPE: 7.11, Training Time: 15.8035/epoch
Iter: 000, Train Loss: 0.133597
Iter: 050, Train Loss: 0.139921
Epoch: 031, Inference Time: 0.4234 secs
Epoch: 031, Train Loss: 0.138904, Valid Loss: 1.585790, Valid MAE: 2.84, Valid RMSE: 4.57, Valid MAPE: 6.98, Training Time: 15.8307/epoch
Iter: 000, Train Loss: 0.132464
Iter: 050, Train Loss: 0.139958
Epoch: 032, Inference Time: 0.4238 secs
Epoch: 032, Train Loss: 0.137618, Valid Loss: 1.589358, Valid MAE: 2.84, Valid RMSE: 4.58, Valid MAPE: 7.09, Training Time: 15.8067/epoch
Iter: 000, Train Loss: 0.132325
Iter: 050, Train Loss: 0.138847
Epoch: 033, Inference Time: 0.4253 secs
Epoch: 033, Train Loss: 0.137385, Valid Loss: 1.607719, Valid MAE: 2.85, Valid RMSE: 4.56, Valid MAPE: 7.10, Training Time: 15.7826/epoch
Iter: 000, Train Loss: 0.133548
Iter: 050, Train Loss: 0.137035
Epoch: 034, Inference Time: 0.4232 secs
Epoch: 034, Train Loss: 0.138297, Valid Loss: 1.556352, Valid MAE: 2.82, Valid RMSE: 4.54, Valid MAPE: 6.81, Training Time: 15.7848/epoch
Iter: 000, Train Loss: 0.130781
Iter: 050, Train Loss: 0.139298
Epoch: 035, Inference Time: 0.4234 secs
Epoch: 035, Train Loss: 0.136515, Valid Loss: 1.590350, Valid MAE: 2.84, Valid RMSE: 4.56, Valid MAPE: 7.06, Training Time: 15.7679/epoch
Iter: 000, Train Loss: 0.132142
Iter: 050, Train Loss: 0.136203
Epoch: 036, Inference Time: 0.4236 secs
Epoch: 036, Train Loss: 0.137101, Valid Loss: 1.550843, Valid MAE: 2.81, Valid RMSE: 4.52, Valid MAPE: 6.77, Training Time: 15.8002/epoch
Iter: 000, Train Loss: 0.129922
Iter: 050, Train Loss: 0.136597
Epoch: 037, Inference Time: 0.4241 secs
Epoch: 037, Train Loss: 0.135011, Valid Loss: 1.575730, Valid MAE: 2.83, Valid RMSE: 4.54, Valid MAPE: 7.03, Training Time: 15.7863/epoch
Iter: 000, Train Loss: 0.131566
Iter: 050, Train Loss: 0.135368
Epoch: 038, Inference Time: 0.4242 secs
Epoch: 038, Train Loss: 0.135488, Valid Loss: 1.545346, Valid MAE: 2.81, Valid RMSE: 4.53, Valid MAPE: 6.91, Training Time: 15.7725/epoch
Iter: 000, Train Loss: 0.129316
Iter: 050, Train Loss: 0.137945
Epoch: 039, Inference Time: 0.4238 secs
Epoch: 039, Train Loss: 0.134930, Valid Loss: 1.540407, Valid MAE: 2.81, Valid RMSE: 4.51, Valid MAPE: 6.88, Training Time: 15.7892/epoch
Iter: 000, Train Loss: 0.128887
Iter: 050, Train Loss: 0.136070
Epoch: 040, Inference Time: 0.4230 secs
Epoch: 040, Train Loss: 0.134311, Valid Loss: 1.586492, Valid MAE: 2.83, Valid RMSE: 4.54, Valid MAPE: 7.15, Training Time: 15.7685/epoch
Iter: 000, Train Loss: 0.131048
Iter: 050, Train Loss: 0.135245
Epoch: 041, Inference Time: 0.4281 secs
Epoch: 041, Train Loss: 0.135358, Valid Loss: 1.523537, Valid MAE: 2.79, Valid RMSE: 4.49, Valid MAPE: 6.78, Training Time: 15.7528/epoch
Iter: 000, Train Loss: 0.128431
Iter: 050, Train Loss: 0.133667
Epoch: 042, Inference Time: 0.4248 secs
Epoch: 042, Train Loss: 0.132998, Valid Loss: 1.562291, Valid MAE: 2.82, Valid RMSE: 4.50, Valid MAPE: 7.09, Training Time: 15.8089/epoch
Iter: 000, Train Loss: 0.130055
Iter: 050, Train Loss: 0.134103
Epoch: 043, Inference Time: 0.4431 secs
Epoch: 043, Train Loss: 0.133765, Valid Loss: 1.527635, Valid MAE: 2.79, Valid RMSE: 4.48, Valid MAPE: 6.77, Training Time: 16.3893/epoch
Iter: 000, Train Loss: 0.128288
Iter: 050, Train Loss: 0.135501
Epoch: 044, Inference Time: 0.4408 secs
Epoch: 044, Train Loss: 0.132732, Valid Loss: 1.559221, Valid MAE: 2.81, Valid RMSE: 4.48, Valid MAPE: 6.98, Training Time: 16.9759/epoch
Iter: 000, Train Loss: 0.129870
Iter: 050, Train Loss: 0.132721
Epoch: 045, Inference Time: 0.4185 secs
Epoch: 045, Train Loss: 0.133564, Valid Loss: 1.506220, Valid MAE: 2.78, Valid RMSE: 4.48, Valid MAPE: 6.70, Training Time: 15.3023/epoch
Iter: 000, Train Loss: 0.126520
Iter: 050, Train Loss: 0.132622
Epoch: 046, Inference Time: 0.4178 secs
Epoch: 046, Train Loss: 0.131405, Valid Loss: 1.541155, Valid MAE: 2.80, Valid RMSE: 4.48, Valid MAPE: 6.93, Training Time: 14.5977/epoch
Iter: 000, Train Loss: 0.129099
Iter: 050, Train Loss: 0.131728
Epoch: 047, Inference Time: 0.4170 secs
Epoch: 047, Train Loss: 0.131726, Valid Loss: 1.538478, Valid MAE: 2.79, Valid RMSE: 4.47, Valid MAPE: 6.92, Training Time: 14.6165/epoch
Iter: 000, Train Loss: 0.128143
Iter: 050, Train Loss: 0.131520
Epoch: 048, Inference Time: 0.4128 secs
Epoch: 048, Train Loss: 0.131546, Valid Loss: 1.517591, Valid MAE: 2.79, Valid RMSE: 4.47, Valid MAPE: 6.81, Training Time: 14.5965/epoch
Iter: 000, Train Loss: 0.127565
Iter: 050, Train Loss: 0.133813
Epoch: 049, Inference Time: 0.4315 secs
Epoch: 049, Train Loss: 0.131110, Valid Loss: 1.531847, Valid MAE: 2.79, Valid RMSE: 4.46, Valid MAPE: 6.86, Training Time: 15.8019/epoch
Iter: 000, Train Loss: 0.128199
Iter: 050, Train Loss: 0.131563
Epoch: 050, Inference Time: 0.4333 secs
Epoch: 050, Train Loss: 0.131854, Valid Loss: 1.489023, Valid MAE: 2.77, Valid RMSE: 4.45, Valid MAPE: 6.65, Training Time: 15.9181/epoch
Iter: 000, Train Loss: 0.124905
Iter: 050, Train Loss: 0.130017
Epoch: 051, Inference Time: 0.4315 secs
Epoch: 051, Train Loss: 0.129710, Valid Loss: 1.554751, Valid MAE: 2.80, Valid RMSE: 4.46, Valid MAPE: 6.99, Training Time: 15.8711/epoch
Iter: 000, Train Loss: 0.129539
Iter: 050, Train Loss: 0.129542
Epoch: 052, Inference Time: 0.4114 secs
Epoch: 052, Train Loss: 0.131118, Valid Loss: 1.500373, Valid MAE: 2.78, Valid RMSE: 4.47, Valid MAPE: 6.70, Training Time: 15.8301/epoch
Iter: 000, Train Loss: 0.125950
Iter: 050, Train Loss: 0.130222
Epoch: 053, Inference Time: 0.4325 secs
Epoch: 053, Train Loss: 0.129111, Valid Loss: 1.532034, Valid MAE: 2.79, Valid RMSE: 4.45, Valid MAPE: 6.91, Training Time: 15.8210/epoch
Iter: 000, Train Loss: 0.128309
Iter: 050, Train Loss: 0.129134
Epoch: 054, Inference Time: 0.4331 secs
Epoch: 054, Train Loss: 0.129949, Valid Loss: 1.492648, Valid MAE: 2.77, Valid RMSE: 4.44, Valid MAPE: 6.67, Training Time: 15.8852/epoch
Iter: 000, Train Loss: 0.125308
Iter: 050, Train Loss: 0.129069
Epoch: 055, Inference Time: 0.4327 secs
Epoch: 055, Train Loss: 0.128604, Valid Loss: 1.526665, Valid MAE: 2.78, Valid RMSE: 4.45, Valid MAPE: 6.84, Training Time: 15.8819/epoch
Iter: 000, Train Loss: 0.127675
Iter: 050, Train Loss: 0.127804
Epoch: 056, Inference Time: 0.4303 secs
Epoch: 056, Train Loss: 0.128573, Valid Loss: 1.540759, Valid MAE: 2.79, Valid RMSE: 4.45, Valid MAPE: 6.96, Training Time: 15.8786/epoch
Iter: 000, Train Loss: 0.128698
Iter: 050, Train Loss: 0.128422
Epoch: 057, Inference Time: 0.4210 secs
Epoch: 057, Train Loss: 0.128963, Valid Loss: 1.515963, Valid MAE: 2.77, Valid RMSE: 4.43, Valid MAPE: 6.84, Training Time: 15.4413/epoch
Iter: 000, Train Loss: 0.126938
Iter: 050, Train Loss: 0.129580
Epoch: 058, Inference Time: 0.4364 secs
Epoch: 058, Train Loss: 0.128721, Valid Loss: 1.535226, Valid MAE: 2.80, Valid RMSE: 4.48, Valid MAPE: 6.90, Training Time: 15.6197/epoch
Iter: 000, Train Loss: 0.127455
Iter: 050, Train Loss: 0.129801
Epoch: 059, Inference Time: 0.4117 secs
Epoch: 059, Train Loss: 0.128175, Valid Loss: 1.532826, Valid MAE: 2.78, Valid RMSE: 4.43, Valid MAPE: 6.94, Training Time: 15.8176/epoch
Iter: 000, Train Loss: 0.128019
Iter: 050, Train Loss: 0.132929
Epoch: 060, Inference Time: 0.4173 secs
Epoch: 060, Train Loss: 0.129474, Valid Loss: 1.476539, Valid MAE: 2.76, Valid RMSE: 4.42, Valid MAPE: 6.62, Training Time: 15.4978/epoch
Iter: 000, Train Loss: 0.124090
Iter: 050, Train Loss: 0.128630
Epoch: 061, Inference Time: 0.4283 secs
Epoch: 061, Train Loss: 0.127146, Valid Loss: 1.517496, Valid MAE: 2.77, Valid RMSE: 4.44, Valid MAPE: 6.74, Training Time: 15.7697/epoch
Iter: 000, Train Loss: 0.126470
Iter: 050, Train Loss: 0.127478
Epoch: 062, Inference Time: 0.4242 secs
Epoch: 062, Train Loss: 0.127171, Valid Loss: 1.529315, Valid MAE: 2.77, Valid RMSE: 4.42, Valid MAPE: 6.82, Training Time: 15.8383/epoch
Iter: 000, Train Loss: 0.128079
Iter: 050, Train Loss: 0.127548
Epoch: 063, Inference Time: 0.4270 secs
Epoch: 063, Train Loss: 0.127580, Valid Loss: 1.512790, Valid MAE: 2.77, Valid RMSE: 4.42, Valid MAPE: 6.82, Training Time: 15.8549/epoch
Iter: 000, Train Loss: 0.126436
Iter: 050, Train Loss: 0.126673
Epoch: 064, Inference Time: 0.4239 secs
Epoch: 064, Train Loss: 0.127948, Valid Loss: 1.465612, Valid MAE: 2.75, Valid RMSE: 4.41, Valid MAPE: 6.62, Training Time: 15.8027/epoch
Iter: 000, Train Loss: 0.123012
Iter: 050, Train Loss: 0.127866
Epoch: 065, Inference Time: 0.4122 secs
Epoch: 065, Train Loss: 0.126213, Valid Loss: 1.507889, Valid MAE: 2.76, Valid RMSE: 4.42, Valid MAPE: 6.66, Training Time: 15.2468/epoch
Iter: 000, Train Loss: 0.125690
Iter: 050, Train Loss: 0.127579
Epoch: 066, Inference Time: 0.4247 secs
Epoch: 066, Train Loss: 0.126402, Valid Loss: 1.489812, Valid MAE: 2.76, Valid RMSE: 4.41, Valid MAPE: 6.64, Training Time: 15.6186/epoch
Iter: 000, Train Loss: 0.124359
Iter: 050, Train Loss: 0.127204
Epoch: 067, Inference Time: 0.4254 secs
Epoch: 067, Train Loss: 0.126200, Valid Loss: 1.500219, Valid MAE: 2.76, Valid RMSE: 4.42, Valid MAPE: 6.59, Training Time: 15.9209/epoch
Iter: 000, Train Loss: 0.124918
Iter: 050, Train Loss: 0.127038
Epoch: 068, Inference Time: 0.4195 secs
Epoch: 068, Train Loss: 0.126332, Valid Loss: 1.494622, Valid MAE: 2.75, Valid RMSE: 4.41, Valid MAPE: 6.65, Training Time: 14.0567/epoch
Iter: 000, Train Loss: 0.124813
Iter: 050, Train Loss: 0.126537
Epoch: 069, Inference Time: 0.4248 secs
Epoch: 069, Train Loss: 0.126349, Valid Loss: 1.492831, Valid MAE: 2.75, Valid RMSE: 4.40, Valid MAPE: 6.67, Training Time: 15.7908/epoch
Iter: 000, Train Loss: 0.125085
Iter: 050, Train Loss: 0.126359
Epoch: 070, Inference Time: 0.4243 secs
Epoch: 070, Train Loss: 0.126262, Valid Loss: 1.492281, Valid MAE: 2.75, Valid RMSE: 4.39, Valid MAPE: 6.65, Training Time: 15.8076/epoch
Iter: 000, Train Loss: 0.125138
Iter: 050, Train Loss: 0.126258
Epoch: 071, Inference Time: 0.4243 secs
Epoch: 071, Train Loss: 0.126372, Valid Loss: 1.477199, Valid MAE: 2.75, Valid RMSE: 4.41, Valid MAPE: 6.62, Training Time: 15.7968/epoch
Iter: 000, Train Loss: 0.123471
Iter: 050, Train Loss: 0.126209
Epoch: 072, Inference Time: 0.4244 secs
Epoch: 072, Train Loss: 0.125224, Valid Loss: 1.490385, Valid MAE: 2.75, Valid RMSE: 4.41, Valid MAPE: 6.55, Training Time: 15.7865/epoch
Iter: 000, Train Loss: 0.124709
Iter: 050, Train Loss: 0.126480
Epoch: 073, Inference Time: 0.4068 secs
Epoch: 073, Train Loss: 0.125102, Valid Loss: 1.502675, Valid MAE: 2.75, Valid RMSE: 4.41, Valid MAPE: 6.58, Training Time: 15.6340/epoch
Iter: 000, Train Loss: 0.124642
Iter: 050, Train Loss: 0.126199
Epoch: 074, Inference Time: 0.4245 secs
Epoch: 074, Train Loss: 0.125046, Valid Loss: 1.501606, Valid MAE: 2.76, Valid RMSE: 4.42, Valid MAPE: 6.55, Training Time: 15.1687/epoch
Iter: 000, Train Loss: 0.124176
Iter: 050, Train Loss: 0.125379
Epoch: 075, Inference Time: 0.4233 secs
Epoch: 075, Train Loss: 0.124911, Valid Loss: 1.487433, Valid MAE: 2.75, Valid RMSE: 4.40, Valid MAPE: 6.54, Training Time: 15.7634/epoch
Iter: 000, Train Loss: 0.123499
Iter: 050, Train Loss: 0.125450
Epoch: 076, Inference Time: 0.4232 secs
Epoch: 076, Train Loss: 0.124929, Valid Loss: 1.507928, Valid MAE: 2.76, Valid RMSE: 4.42, Valid MAPE: 6.59, Training Time: 15.7612/epoch
Iter: 000, Train Loss: 0.124333
Iter: 050, Train Loss: 0.125210
Epoch: 077, Inference Time: 0.4236 secs
Epoch: 077, Train Loss: 0.124570, Valid Loss: 1.500232, Valid MAE: 2.75, Valid RMSE: 4.41, Valid MAPE: 6.54, Training Time: 15.7476/epoch
Iter: 000, Train Loss: 0.124444
Iter: 050, Train Loss: 0.125905
Epoch: 078, Inference Time: 0.4240 secs
Epoch: 078, Train Loss: 0.124377, Valid Loss: 1.494520, Valid MAE: 2.75, Valid RMSE: 4.41, Valid MAPE: 6.54, Training Time: 15.7702/epoch
Iter: 000, Train Loss: 0.124037
Iter: 050, Train Loss: 0.125233
Epoch: 079, Inference Time: 0.4258 secs
Epoch: 079, Train Loss: 0.124182, Valid Loss: 1.503833, Valid MAE: 2.75, Valid RMSE: 4.41, Valid MAPE: 6.57, Training Time: 15.7493/epoch
Iter: 000, Train Loss: 0.124287
Iter: 050, Train Loss: 0.123868
Epoch: 080, Inference Time: 0.4234 secs
Epoch: 080, Train Loss: 0.124329, Valid Loss: 1.479267, Valid MAE: 2.74, Valid RMSE: 4.39, Valid MAPE: 6.49, Training Time: 15.7901/epoch
Iter: 000, Train Loss: 0.123624
Iter: 050, Train Loss: 0.125239
Epoch: 081, Inference Time: 0.4130 secs
Epoch: 081, Train Loss: 0.124125, Valid Loss: 1.492309, Valid MAE: 2.75, Valid RMSE: 4.41, Valid MAPE: 6.54, Training Time: 15.5858/epoch
Iter: 000, Train Loss: 0.123336
Iter: 050, Train Loss: 0.125091
Epoch: 082, Inference Time: 0.4248 secs
Epoch: 082, Train Loss: 0.124180, Valid Loss: 1.490664, Valid MAE: 2.75, Valid RMSE: 4.40, Valid MAPE: 6.52, Training Time: 14.7094/epoch
Iter: 000, Train Loss: 0.124153
Iter: 050, Train Loss: 0.125462
Epoch: 083, Inference Time: 0.4231 secs
Epoch: 083, Train Loss: 0.123845, Valid Loss: 1.498389, Valid MAE: 2.76, Valid RMSE: 4.42, Valid MAPE: 6.56, Training Time: 15.0944/epoch
Iter: 000, Train Loss: 0.123512
Iter: 050, Train Loss: 0.124715
Epoch: 084, Inference Time: 0.4241 secs
Epoch: 084, Train Loss: 0.123732, Valid Loss: 1.521753, Valid MAE: 2.76, Valid RMSE: 4.42, Valid MAPE: 6.57, Training Time: 15.7318/epoch
Iter: 000, Train Loss: 0.124786
Iter: 050, Train Loss: 0.124991
Epoch: 085, Inference Time: 0.4239 secs
Epoch: 085, Train Loss: 0.123819, Valid Loss: 1.480853, Valid MAE: 2.75, Valid RMSE: 4.41, Valid MAPE: 6.52, Training Time: 15.8056/epoch
Epoch:85 early stop!
Average Training Time: 15.7037 secs/epoch
Average Inference Time: 0.4271 secs
Test MAE: 2.624, Test RMSE: 4.165 Test MAPE: 6.300
Spend Time: 1386.606549024582
