Using TensorFlow backend.
WARNING: Logging before flag parsing goes to stderr.
W1110 09:27:46.598681 140306863707328 __init__.py:329] Limited tf.compat.v2.summary API due to missing TensorBoard installation.
W1110 09:27:51.161194 140306863707328 module_wrapper.py:139] From gagan.py:59: The name tf.random.set_random_seed is deprecated. Please use tf.compat.v1.random.set_random_seed instead.

(524, 524)
W1110 09:27:52.809303 140306863707328 module_wrapper.py:139] From /home/zhoujianping/Research/MagiNet/baselines/gagan_modules/utils.py:76: The name tf.ConfigProto is deprecated. Please use tf.compat.v1.ConfigProto instead.

W1110 09:27:52.809620 140306863707328 module_wrapper.py:139] From /home/zhoujianping/Research/MagiNet/baselines/gagan_modules/utils.py:78: The name tf.Session is deprecated. Please use tf.compat.v1.Session instead.

W1110 09:27:53.008996 140306863707328 module_wrapper.py:139] From gagan.py:141: The name tf.reset_default_graph is deprecated. Please use tf.compat.v1.reset_default_graph instead.

W1110 09:27:53.128923 140306863707328 module_wrapper.py:139] From /home/zhoujianping/Research/MagiNet/baselines/gagan_modules/model_impute.py:146: The name tf.placeholder is deprecated. Please use tf.compat.v1.placeholder instead.

W1110 09:27:53.130552 140306863707328 module_wrapper.py:139] From /home/zhoujianping/Research/MagiNet/baselines/gagan_modules/model_impute.py:65: The name tf.variable_scope is deprecated. Please use tf.compat.v1.variable_scope instead.

W1110 09:27:53.137984 140306863707328 module_wrapper.py:139] From /home/zhoujianping/Research/MagiNet/baselines/gagan_modules/utils.py:102: The name tf.get_variable is deprecated. Please use tf.compat.v1.get_variable instead.

W1110 09:27:53.138137 140306863707328 lazy_loader.py:50] 
The TensorFlow contrib module will not be included in TensorFlow 2.0.
For more information, please see:
  * https://github.com/tensorflow/community/blob/master/rfcs/20180907-contrib-sunset.md
  * https://github.com/tensorflow/addons
  * https://github.com/tensorflow/io (for I/O related ops)
If you depend on functionality not listed there, please file an issue.

/home/zhoujianping/Research/MagiNet/baselines/gagan_modules/layers.py:18: RuntimeWarning: invalid value encountered in true_divide
  self.adj = adj / np.sum(adj, axis=1).reshape(-1, 1)  # mean aggregate
W1110 09:27:57.825436 140306863707328 deprecation.py:506] From /home/zhoujianping/Research/MagiNet/baselines/gagan_modules/utils.py:110: calling Constant.__init__ (from tensorflow.python.ops.init_ops) with dtype is deprecated and will be removed in a future version.
Instructions for updating:
Call initializer instance with the dtype argument instead of passing it to the constructor
W1110 09:27:57.904349 140306863707328 module_wrapper.py:139] From /home/zhoujianping/Research/MagiNet/baselines/gagan_modules/model_impute.py:169: The name tf.trainable_variables is deprecated. Please use tf.compat.v1.trainable_variables instead.

W1110 09:27:57.920690 140306863707328 module_wrapper.py:139] From /home/zhoujianping/Research/MagiNet/baselines/gagan_modules/model_impute.py:177: The name tf.train.RMSPropOptimizer is deprecated. Please use tf.compat.v1.train.RMSPropOptimizer instead.

W1110 09:27:58.052283 140306863707328 deprecation.py:506] From /home/zhoujianping/miniconda3/envs/tf1.14/lib/python3.7/site-packages/tensorflow_core/python/training/rmsprop.py:119: calling Ones.__init__ (from tensorflow.python.ops.init_ops) with dtype is deprecated and will be removed in a future version.
Instructions for updating:
Call initializer instance with the dtype argument instead of passing it to the constructor
W1110 09:27:58.449513 140306863707328 module_wrapper.py:139] From /home/zhoujianping/Research/MagiNet/baselines/gagan_modules/model_impute.py:193: The name tf.global_variables_initializer is deprecated. Please use tf.compat.v1.global_variables_initializer instead.

W1110 09:27:59.088073 140306863707328 module_wrapper.py:139] From /home/zhoujianping/Research/MagiNet/baselines/gagan_modules/model_impute.py:196: The name tf.train.Saver is deprecated. Please use tf.compat.v1.train.Saver instead.

Epoch:[0], G_Loss:99.1175, D_Loss:-0.00017043, Val_RMSE:9.2433, use_time:0.04min
Epoch:[20], G_Loss:14.7868, D_Loss:-0.00023348, Val_RMSE:4.1454, use_time:0.85min
Epoch:[40], G_Loss:12.0190, D_Loss:-0.00019410, Val_RMSE:3.8568, use_time:1.58min
Epoch:[60], G_Loss:11.3946, D_Loss:-0.00018797, Val_RMSE:3.7760, use_time:2.34min
Epoch:[80], G_Loss:10.9959, D_Loss:-0.00018329, Val_RMSE:3.7167, use_time:3.06min
Epoch:[100], G_Loss:10.6832, D_Loss:-0.00017735, Val_RMSE:3.6745, use_time:3.80min
Epoch:[120], G_Loss:10.4088, D_Loss:-0.00017109, Val_RMSE:3.6384, use_time:4.54min
Epoch:[140], G_Loss:10.1521, D_Loss:-0.00016403, Val_RMSE:3.6040, use_time:5.31min
Epoch:[160], G_Loss:9.9233, D_Loss:-0.00015786, Val_RMSE:3.5744, use_time:6.07min
Epoch:[180], G_Loss:9.7143, D_Loss:-0.00015042, Val_RMSE:3.5480, use_time:6.84min
Epoch:[200], G_Loss:9.5328, D_Loss:-0.00014429, Val_RMSE:3.5261, use_time:7.60min
Epoch:[220], G_Loss:9.3720, D_Loss:-0.00013942, Val_RMSE:3.5062, use_time:8.34min
Epoch:[240], G_Loss:9.2283, D_Loss:-0.00013517, Val_RMSE:3.4887, use_time:9.06min
Epoch:[260], G_Loss:9.1022, D_Loss:-0.00013215, Val_RMSE:3.4735, use_time:9.80min
Epoch:[280], G_Loss:8.9908, D_Loss:-0.00012985, Val_RMSE:3.4596, use_time:10.54min
Epoch:[300], G_Loss:8.8900, D_Loss:-0.00012880, Val_RMSE:3.4466, use_time:11.27min
Epoch:[320], G_Loss:8.7992, D_Loss:-0.00012690, Val_RMSE:3.4359, use_time:12.15min
Epoch:[340], G_Loss:8.7165, D_Loss:-0.00012560, Val_RMSE:3.4270, use_time:12.90min
Epoch:[360], G_Loss:8.6412, D_Loss:-0.00012492, Val_RMSE:3.4195, use_time:13.65min
Epoch:[380], G_Loss:8.5718, D_Loss:-0.00012367, Val_RMSE:3.4132, use_time:14.38min
Epoch:[400], G_Loss:8.5069, D_Loss:-0.00012344, Val_RMSE:3.4073, use_time:15.13min
Epoch:[420], G_Loss:8.4457, D_Loss:-0.00012266, Val_RMSE:3.4022, use_time:15.85min
EarlyStopping counter: 1 out of 7
Epoch:[440], G_Loss:8.3882, D_Loss:-0.00012170, Val_RMSE:3.3975, use_time:16.59min
EarlyStopping counter: 1 out of 7
EarlyStopping counter: 1 out of 7
EarlyStopping counter: 1 out of 7
Epoch:[460], G_Loss:8.3344, D_Loss:-0.00012127, Val_RMSE:3.3930, use_time:17.31min
EarlyStopping counter: 1 out of 7
EarlyStopping counter: 1 out of 7
EarlyStopping counter: 1 out of 7
EarlyStopping counter: 1 out of 7
EarlyStopping counter: 1 out of 7
EarlyStopping counter: 1 out of 7
EarlyStopping counter: 1 out of 7
EarlyStopping counter: 1 out of 7
EarlyStopping counter: 1 out of 7
EarlyStopping counter: 1 out of 7
Epoch:[480], G_Loss:8.2836, D_Loss:-0.00012050, Val_RMSE:3.3886, use_time:17.97min
EarlyStopping counter: 1 out of 7
EarlyStopping counter: 1 out of 7
EarlyStopping counter: 1 out of 7
EarlyStopping counter: 1 out of 7
EarlyStopping counter: 1 out of 7
EarlyStopping counter: 1 out of 7
EarlyStopping counter: 1 out of 7
EarlyStopping counter: 1 out of 7
EarlyStopping counter: 1 out of 7
EarlyStopping counter: 1 out of 7
['GA_GAN_concat', 'Chengdu_MNAR', 2.3994303, 3.5405216, 10.216301111226006, 'MNAR', 0.5, 0.01, 500, 32, [32, 64], [32, 64], [64, 32], '11-10 09:46:36']
model_name: GA_GAN_concat, data_name: Chengdu_MNAR
MAE: 2.399430274963379, RMSE: 3.5405216217041016, MAPE: 10.216301111226006
Spend time: 1126.2378861904144
