Using TensorFlow backend.
WARNING: Logging before flag parsing goes to stderr.
W1110 02:42:52.049598 140053137061056 __init__.py:329] Limited tf.compat.v2.summary API due to missing TensorBoard installation.
W1110 02:42:54.502842 140053137061056 module_wrapper.py:139] From gagan.py:59: The name tf.random.set_random_seed is deprecated. Please use tf.compat.v1.random.set_random_seed instead.

(524, 524)
W1110 02:42:55.910137 140053137061056 module_wrapper.py:139] From /home/zhoujianping/Research/MagiNet/baselines/gagan_modules/utils.py:76: The name tf.ConfigProto is deprecated. Please use tf.compat.v1.ConfigProto instead.

W1110 02:42:55.910486 140053137061056 module_wrapper.py:139] From /home/zhoujianping/Research/MagiNet/baselines/gagan_modules/utils.py:78: The name tf.Session is deprecated. Please use tf.compat.v1.Session instead.

W1110 02:42:56.137863 140053137061056 module_wrapper.py:139] From gagan.py:141: The name tf.reset_default_graph is deprecated. Please use tf.compat.v1.reset_default_graph instead.

W1110 02:42:56.306289 140053137061056 module_wrapper.py:139] From /home/zhoujianping/Research/MagiNet/baselines/gagan_modules/model_impute.py:146: The name tf.placeholder is deprecated. Please use tf.compat.v1.placeholder instead.

W1110 02:42:56.308390 140053137061056 module_wrapper.py:139] From /home/zhoujianping/Research/MagiNet/baselines/gagan_modules/model_impute.py:65: The name tf.variable_scope is deprecated. Please use tf.compat.v1.variable_scope instead.

W1110 02:42:56.317192 140053137061056 module_wrapper.py:139] From /home/zhoujianping/Research/MagiNet/baselines/gagan_modules/utils.py:102: The name tf.get_variable is deprecated. Please use tf.compat.v1.get_variable instead.

W1110 02:42:56.317390 140053137061056 lazy_loader.py:50] 
The TensorFlow contrib module will not be included in TensorFlow 2.0.
For more information, please see:
  * https://github.com/tensorflow/community/blob/master/rfcs/20180907-contrib-sunset.md
  * https://github.com/tensorflow/addons
  * https://github.com/tensorflow/io (for I/O related ops)
If you depend on functionality not listed there, please file an issue.

/home/zhoujianping/Research/MagiNet/baselines/gagan_modules/layers.py:18: RuntimeWarning: invalid value encountered in true_divide
  self.adj = adj / np.sum(adj, axis=1).reshape(-1, 1)  # mean aggregate
W1110 02:42:57.499455 140053137061056 deprecation.py:506] From /home/zhoujianping/Research/MagiNet/baselines/gagan_modules/utils.py:110: calling Constant.__init__ (from tensorflow.python.ops.init_ops) with dtype is deprecated and will be removed in a future version.
Instructions for updating:
Call initializer instance with the dtype argument instead of passing it to the constructor
W1110 02:42:57.578256 140053137061056 module_wrapper.py:139] From /home/zhoujianping/Research/MagiNet/baselines/gagan_modules/model_impute.py:169: The name tf.trainable_variables is deprecated. Please use tf.compat.v1.trainable_variables instead.

W1110 02:42:57.594693 140053137061056 module_wrapper.py:139] From /home/zhoujianping/Research/MagiNet/baselines/gagan_modules/model_impute.py:177: The name tf.train.RMSPropOptimizer is deprecated. Please use tf.compat.v1.train.RMSPropOptimizer instead.

W1110 02:42:57.725530 140053137061056 deprecation.py:506] From /home/zhoujianping/miniconda3/envs/tf1.14/lib/python3.7/site-packages/tensorflow_core/python/training/rmsprop.py:119: calling Ones.__init__ (from tensorflow.python.ops.init_ops) with dtype is deprecated and will be removed in a future version.
Instructions for updating:
Call initializer instance with the dtype argument instead of passing it to the constructor
W1110 02:42:58.150114 140053137061056 module_wrapper.py:139] From /home/zhoujianping/Research/MagiNet/baselines/gagan_modules/model_impute.py:193: The name tf.global_variables_initializer is deprecated. Please use tf.compat.v1.global_variables_initializer instead.

W1110 02:42:58.889300 140053137061056 module_wrapper.py:139] From /home/zhoujianping/Research/MagiNet/baselines/gagan_modules/model_impute.py:196: The name tf.train.Saver is deprecated. Please use tf.compat.v1.train.Saver instead.

Epoch:[0], G_Loss:92.4600, D_Loss:-0.00017385, Val_RMSE:8.7940, use_time:0.04min
EarlyStopping counter: 1 out of 7
Epoch:[20], G_Loss:8.2318, D_Loss:-0.00019894, Val_RMSE:3.5092, use_time:0.70min
Epoch:[40], G_Loss:6.4545, D_Loss:-0.00015583, Val_RMSE:3.4622, use_time:1.37min
Epoch:[60], G_Loss:5.7670, D_Loss:-0.00013978, Val_RMSE:3.3917, use_time:2.04min
Epoch:[80], G_Loss:5.3461, D_Loss:-0.00012049, Val_RMSE:3.3253, use_time:2.71min
Epoch:[100], G_Loss:5.0274, D_Loss:-0.00010289, Val_RMSE:3.2727, use_time:3.39min
Epoch:[120], G_Loss:4.7763, D_Loss:-0.00009094, Val_RMSE:3.2289, use_time:4.07min
Epoch:[140], G_Loss:4.5755, D_Loss:-0.00008239, Val_RMSE:3.1903, use_time:4.75min
Epoch:[160], G_Loss:4.4068, D_Loss:-0.00007739, Val_RMSE:3.1573, use_time:5.43min
Epoch:[180], G_Loss:4.2649, D_Loss:-0.00007338, Val_RMSE:3.1295, use_time:6.09min
Epoch:[200], G_Loss:4.1467, D_Loss:-0.00007156, Val_RMSE:3.1063, use_time:6.76min
Epoch:[220], G_Loss:4.0445, D_Loss:-0.00006927, Val_RMSE:3.0861, use_time:7.43min
Epoch:[240], G_Loss:3.9571, D_Loss:-0.00006771, Val_RMSE:3.0698, use_time:8.11min
Epoch:[260], G_Loss:3.8823, D_Loss:-0.00006512, Val_RMSE:3.0554, use_time:8.80min
Epoch:[280], G_Loss:3.8173, D_Loss:-0.00006424, Val_RMSE:3.0429, use_time:9.47min
Epoch:[300], G_Loss:3.7598, D_Loss:-0.00006312, Val_RMSE:3.0316, use_time:10.16min
Epoch:[320], G_Loss:3.7075, D_Loss:-0.00006261, Val_RMSE:3.0218, use_time:10.83min
EarlyStopping counter: 1 out of 7
EarlyStopping counter: 1 out of 7
EarlyStopping counter: 2 out of 7
EarlyStopping counter: 3 out of 7
EarlyStopping counter: 1 out of 7
EarlyStopping counter: 2 out of 7
EarlyStopping counter: 3 out of 7
EarlyStopping counter: 1 out of 7
EarlyStopping counter: 2 out of 7
EarlyStopping counter: 1 out of 7
EarlyStopping counter: 2 out of 7
Epoch:[340], G_Loss:3.6586, D_Loss:-0.00006213, Val_RMSE:3.0095, use_time:11.47min
EarlyStopping counter: 1 out of 7
EarlyStopping counter: 2 out of 7
EarlyStopping counter: 1 out of 7
EarlyStopping counter: 2 out of 7
EarlyStopping counter: 3 out of 7
EarlyStopping counter: 4 out of 7
EarlyStopping counter: 1 out of 7
EarlyStopping counter: 1 out of 7
EarlyStopping counter: 2 out of 7
EarlyStopping counter: 3 out of 7
EarlyStopping counter: 4 out of 7
EarlyStopping counter: 5 out of 7
EarlyStopping counter: 6 out of 7
EarlyStopping counter: 1 out of 7
Epoch:[360], G_Loss:3.6159, D_Loss:-0.00006106, Val_RMSE:3.0040, use_time:12.09min
EarlyStopping counter: 1 out of 7
EarlyStopping counter: 1 out of 7
EarlyStopping counter: 2 out of 7
EarlyStopping counter: 3 out of 7
EarlyStopping counter: 1 out of 7
EarlyStopping counter: 2 out of 7
EarlyStopping counter: 1 out of 7
EarlyStopping counter: 2 out of 7
EarlyStopping counter: 1 out of 7
EarlyStopping counter: 2 out of 7
EarlyStopping counter: 1 out of 7
EarlyStopping counter: 2 out of 7
EarlyStopping counter: 3 out of 7
EarlyStopping counter: 4 out of 7
Epoch:[380], G_Loss:3.5746, D_Loss:-0.00006101, Val_RMSE:2.9951, use_time:12.70min
EarlyStopping counter: 1 out of 7
EarlyStopping counter: 1 out of 7
EarlyStopping counter: 1 out of 7
EarlyStopping counter: 2 out of 7
EarlyStopping counter: 1 out of 7
EarlyStopping counter: 2 out of 7
EarlyStopping counter: 3 out of 7
EarlyStopping counter: 1 out of 7
EarlyStopping counter: 2 out of 7
EarlyStopping counter: 3 out of 7
EarlyStopping counter: 1 out of 7
EarlyStopping counter: 2 out of 7
EarlyStopping counter: 3 out of 7
EarlyStopping counter: 4 out of 7
EarlyStopping counter: 5 out of 7
Epoch:[400], G_Loss:3.5365, D_Loss:-0.00006015, Val_RMSE:2.9812, use_time:13.31min
EarlyStopping counter: 1 out of 7
EarlyStopping counter: 2 out of 7
EarlyStopping counter: 3 out of 7
EarlyStopping counter: 4 out of 7
EarlyStopping counter: 5 out of 7
EarlyStopping counter: 1 out of 7
EarlyStopping counter: 2 out of 7
EarlyStopping counter: 1 out of 7
EarlyStopping counter: 2 out of 7
EarlyStopping counter: 3 out of 7
EarlyStopping counter: 4 out of 7
EarlyStopping counter: 5 out of 7
EarlyStopping counter: 6 out of 7
EarlyStopping counter: 1 out of 7
EarlyStopping counter: 1 out of 7
Epoch:[420], G_Loss:3.5024, D_Loss:-0.00005972, Val_RMSE:2.9740, use_time:13.91min
EarlyStopping counter: 1 out of 7
EarlyStopping counter: 1 out of 7
EarlyStopping counter: 2 out of 7
EarlyStopping counter: 3 out of 7
EarlyStopping counter: 1 out of 7
EarlyStopping counter: 2 out of 7
EarlyStopping counter: 3 out of 7
EarlyStopping counter: 4 out of 7
EarlyStopping counter: 5 out of 7
EarlyStopping counter: 1 out of 7
EarlyStopping counter: 2 out of 7
EarlyStopping counter: 3 out of 7
EarlyStopping counter: 1 out of 7
EarlyStopping counter: 1 out of 7
Epoch:[440], G_Loss:3.4714, D_Loss:-0.00005926, Val_RMSE:2.9663, use_time:14.54min
EarlyStopping counter: 1 out of 7
EarlyStopping counter: 1 out of 7
EarlyStopping counter: 1 out of 7
EarlyStopping counter: 1 out of 7
EarlyStopping counter: 1 out of 7
EarlyStopping counter: 1 out of 7
EarlyStopping counter: 1 out of 7
EarlyStopping counter: 1 out of 7
EarlyStopping counter: 1 out of 7
EarlyStopping counter: 1 out of 7
Epoch:[460], G_Loss:3.4427, D_Loss:-0.00005861, Val_RMSE:2.9597, use_time:15.19min
EarlyStopping counter: 1 out of 7
EarlyStopping counter: 1 out of 7
EarlyStopping counter: 1 out of 7
EarlyStopping counter: 1 out of 7
EarlyStopping counter: 1 out of 7
EarlyStopping counter: 1 out of 7
EarlyStopping counter: 1 out of 7
EarlyStopping counter: 1 out of 7
EarlyStopping counter: 1 out of 7
EarlyStopping counter: 1 out of 7
Epoch:[480], G_Loss:3.4155, D_Loss:-0.00005807, Val_RMSE:2.9538, use_time:15.85min
EarlyStopping counter: 1 out of 7
EarlyStopping counter: 1 out of 7
EarlyStopping counter: 1 out of 7
EarlyStopping counter: 1 out of 7
EarlyStopping counter: 1 out of 7
EarlyStopping counter: 1 out of 7
EarlyStopping counter: 1 out of 7
EarlyStopping counter: 1 out of 7
EarlyStopping counter: 1 out of 7
EarlyStopping counter: 1 out of 7
['GA_GAN_concat', 'Chengdu_MAR', 2.1158783, 3.078724, 9.030421055692587, 'MAR', 0.5, 0.01, 500, 32, [32, 64], [32, 64], [64, 32], '11-10 02:59:28']
model_name: GA_GAN_concat, data_name: Chengdu_MAR
MAE: 2.1158783435821533, RMSE: 3.078723907470703, MAPE: 9.030421055692587
Spend time: 994.5319108963013
