Using TensorFlow backend.
WARNING: Logging before flag parsing goes to stderr.
W1110 02:24:04.586115 139943408714944 __init__.py:329] Limited tf.compat.v2.summary API due to missing TensorBoard installation.
W1110 02:24:07.132145 139943408714944 module_wrapper.py:139] From gagan.py:59: The name tf.random.set_random_seed is deprecated. Please use tf.compat.v1.random.set_random_seed instead.

(524, 524)
W1110 02:24:09.501211 139943408714944 module_wrapper.py:139] From /home/zhoujianping/Research/MagiNet/baselines/gagan_modules/utils.py:76: The name tf.ConfigProto is deprecated. Please use tf.compat.v1.ConfigProto instead.

W1110 02:24:09.501791 139943408714944 module_wrapper.py:139] From /home/zhoujianping/Research/MagiNet/baselines/gagan_modules/utils.py:78: The name tf.Session is deprecated. Please use tf.compat.v1.Session instead.

W1110 02:24:09.724363 139943408714944 module_wrapper.py:139] From gagan.py:141: The name tf.reset_default_graph is deprecated. Please use tf.compat.v1.reset_default_graph instead.

W1110 02:24:09.848960 139943408714944 module_wrapper.py:139] From /home/zhoujianping/Research/MagiNet/baselines/gagan_modules/model_impute.py:146: The name tf.placeholder is deprecated. Please use tf.compat.v1.placeholder instead.

W1110 02:24:09.851050 139943408714944 module_wrapper.py:139] From /home/zhoujianping/Research/MagiNet/baselines/gagan_modules/model_impute.py:65: The name tf.variable_scope is deprecated. Please use tf.compat.v1.variable_scope instead.

W1110 02:24:09.858384 139943408714944 module_wrapper.py:139] From /home/zhoujianping/Research/MagiNet/baselines/gagan_modules/utils.py:102: The name tf.get_variable is deprecated. Please use tf.compat.v1.get_variable instead.

W1110 02:24:09.858561 139943408714944 lazy_loader.py:50] 
The TensorFlow contrib module will not be included in TensorFlow 2.0.
For more information, please see:
  * https://github.com/tensorflow/community/blob/master/rfcs/20180907-contrib-sunset.md
  * https://github.com/tensorflow/addons
  * https://github.com/tensorflow/io (for I/O related ops)
If you depend on functionality not listed there, please file an issue.

/home/zhoujianping/Research/MagiNet/baselines/gagan_modules/layers.py:18: RuntimeWarning: invalid value encountered in true_divide
  self.adj = adj / np.sum(adj, axis=1).reshape(-1, 1)  # mean aggregate
W1110 02:24:11.101685 139943408714944 deprecation.py:506] From /home/zhoujianping/Research/MagiNet/baselines/gagan_modules/utils.py:110: calling Constant.__init__ (from tensorflow.python.ops.init_ops) with dtype is deprecated and will be removed in a future version.
Instructions for updating:
Call initializer instance with the dtype argument instead of passing it to the constructor
W1110 02:24:11.181222 139943408714944 module_wrapper.py:139] From /home/zhoujianping/Research/MagiNet/baselines/gagan_modules/model_impute.py:169: The name tf.trainable_variables is deprecated. Please use tf.compat.v1.trainable_variables instead.

W1110 02:24:11.197769 139943408714944 module_wrapper.py:139] From /home/zhoujianping/Research/MagiNet/baselines/gagan_modules/model_impute.py:177: The name tf.train.RMSPropOptimizer is deprecated. Please use tf.compat.v1.train.RMSPropOptimizer instead.

W1110 02:24:11.339468 139943408714944 deprecation.py:506] From /home/zhoujianping/miniconda3/envs/tf1.14/lib/python3.7/site-packages/tensorflow_core/python/training/rmsprop.py:119: calling Ones.__init__ (from tensorflow.python.ops.init_ops) with dtype is deprecated and will be removed in a future version.
Instructions for updating:
Call initializer instance with the dtype argument instead of passing it to the constructor
W1110 02:24:11.809450 139943408714944 module_wrapper.py:139] From /home/zhoujianping/Research/MagiNet/baselines/gagan_modules/model_impute.py:193: The name tf.global_variables_initializer is deprecated. Please use tf.compat.v1.global_variables_initializer instead.

W1110 02:24:12.525200 139943408714944 module_wrapper.py:139] From /home/zhoujianping/Research/MagiNet/baselines/gagan_modules/model_impute.py:196: The name tf.train.Saver is deprecated. Please use tf.compat.v1.train.Saver instead.

Epoch:[0], G_Loss:92.7566, D_Loss:-0.00020700, Val_RMSE:8.7679, use_time:0.05min
EarlyStopping counter: 1 out of 7
EarlyStopping counter: 2 out of 7
Epoch:[20], G_Loss:8.0231, D_Loss:-0.00014602, Val_RMSE:3.5063, use_time:0.75min
Epoch:[40], G_Loss:6.5030, D_Loss:-0.00013439, Val_RMSE:3.4143, use_time:1.44min
Epoch:[60], G_Loss:5.8325, D_Loss:-0.00011293, Val_RMSE:3.3641, use_time:2.13min
Epoch:[80], G_Loss:5.4420, D_Loss:-0.00009863, Val_RMSE:3.3238, use_time:2.83min
Epoch:[100], G_Loss:5.1570, D_Loss:-0.00008779, Val_RMSE:3.2892, use_time:3.52min
Epoch:[120], G_Loss:4.9254, D_Loss:-0.00008019, Val_RMSE:3.2568, use_time:4.22min
Epoch:[140], G_Loss:4.7269, D_Loss:-0.00007660, Val_RMSE:3.2228, use_time:4.91min
Epoch:[160], G_Loss:4.5567, D_Loss:-0.00007360, Val_RMSE:3.1909, use_time:5.59min
Epoch:[180], G_Loss:4.4142, D_Loss:-0.00007077, Val_RMSE:3.1663, use_time:6.28min
Epoch:[200], G_Loss:4.2904, D_Loss:-0.00006889, Val_RMSE:3.1459, use_time:6.98min
Epoch:[220], G_Loss:4.1828, D_Loss:-0.00006728, Val_RMSE:3.1262, use_time:7.66min
Epoch:[240], G_Loss:4.0901, D_Loss:-0.00006592, Val_RMSE:3.1085, use_time:8.34min
Epoch:[260], G_Loss:4.0099, D_Loss:-0.00006490, Val_RMSE:3.0923, use_time:9.04min
Epoch:[280], G_Loss:3.9381, D_Loss:-0.00006407, Val_RMSE:3.0774, use_time:9.73min
Epoch:[300], G_Loss:3.8745, D_Loss:-0.00006326, Val_RMSE:3.0636, use_time:10.42min
Epoch:[320], G_Loss:3.8169, D_Loss:-0.00006226, Val_RMSE:3.0502, use_time:11.11min
Epoch:[340], G_Loss:3.7643, D_Loss:-0.00006120, Val_RMSE:3.0381, use_time:11.82min
Epoch:[360], G_Loss:3.7169, D_Loss:-0.00006075, Val_RMSE:3.0267, use_time:12.55min
Epoch:[380], G_Loss:3.6749, D_Loss:-0.00006033, Val_RMSE:3.0166, use_time:13.26min
Epoch:[400], G_Loss:3.6373, D_Loss:-0.00005961, Val_RMSE:3.0081, use_time:13.98min
Epoch:[420], G_Loss:3.6032, D_Loss:-0.00005902, Val_RMSE:3.0006, use_time:14.70min
Epoch:[440], G_Loss:3.5717, D_Loss:-0.00005873, Val_RMSE:2.9937, use_time:15.40min
Epoch:[460], G_Loss:3.5421, D_Loss:-0.00005800, Val_RMSE:2.9872, use_time:16.09min
Epoch:[480], G_Loss:3.5147, D_Loss:-0.00005773, Val_RMSE:2.9811, use_time:16.78min
['GA_GAN_concat', 'Chengdu_MAR', 2.1296241, 3.0968094, 9.074927172024738, 'MAR', 0.5, 0.01, 500, 32, [32, 64], [32, 64], [64, 32], '11-10 02:41:39']
model_name: GA_GAN_concat, data_name: Chengdu_MAR
MAE: 2.129624128341675, RMSE: 3.0968093872070312, MAPE: 9.074927172024738
Spend time: 1053.0356259346008
