Using TensorFlow backend.
WARNING: Logging before flag parsing goes to stderr.
W1110 02:41:45.916359 139749523956928 __init__.py:329] Limited tf.compat.v2.summary API due to missing TensorBoard installation.
W1110 02:41:48.416064 139749523956928 module_wrapper.py:139] From gagan.py:59: The name tf.random.set_random_seed is deprecated. Please use tf.compat.v1.random.set_random_seed instead.

(524, 524)
W1110 02:41:49.842994 139749523956928 module_wrapper.py:139] From /home/zhoujianping/Research/MagiNet/baselines/gagan_modules/utils.py:76: The name tf.ConfigProto is deprecated. Please use tf.compat.v1.ConfigProto instead.

W1110 02:41:49.843642 139749523956928 module_wrapper.py:139] From /home/zhoujianping/Research/MagiNet/baselines/gagan_modules/utils.py:78: The name tf.Session is deprecated. Please use tf.compat.v1.Session instead.

W1110 02:41:50.103102 139749523956928 module_wrapper.py:139] From gagan.py:141: The name tf.reset_default_graph is deprecated. Please use tf.compat.v1.reset_default_graph instead.

W1110 02:41:50.250986 139749523956928 module_wrapper.py:139] From /home/zhoujianping/Research/MagiNet/baselines/gagan_modules/model_impute.py:146: The name tf.placeholder is deprecated. Please use tf.compat.v1.placeholder instead.

W1110 02:41:50.252943 139749523956928 module_wrapper.py:139] From /home/zhoujianping/Research/MagiNet/baselines/gagan_modules/model_impute.py:65: The name tf.variable_scope is deprecated. Please use tf.compat.v1.variable_scope instead.

W1110 02:41:50.261714 139749523956928 module_wrapper.py:139] From /home/zhoujianping/Research/MagiNet/baselines/gagan_modules/utils.py:102: The name tf.get_variable is deprecated. Please use tf.compat.v1.get_variable instead.

W1110 02:41:50.261904 139749523956928 lazy_loader.py:50] 
The TensorFlow contrib module will not be included in TensorFlow 2.0.
For more information, please see:
  * https://github.com/tensorflow/community/blob/master/rfcs/20180907-contrib-sunset.md
  * https://github.com/tensorflow/addons
  * https://github.com/tensorflow/io (for I/O related ops)
If you depend on functionality not listed there, please file an issue.

/home/zhoujianping/Research/MagiNet/baselines/gagan_modules/layers.py:18: RuntimeWarning: invalid value encountered in true_divide
  self.adj = adj / np.sum(adj, axis=1).reshape(-1, 1)  # mean aggregate
W1110 02:41:51.556306 139749523956928 deprecation.py:506] From /home/zhoujianping/Research/MagiNet/baselines/gagan_modules/utils.py:110: calling Constant.__init__ (from tensorflow.python.ops.init_ops) with dtype is deprecated and will be removed in a future version.
Instructions for updating:
Call initializer instance with the dtype argument instead of passing it to the constructor
W1110 02:41:51.639569 139749523956928 module_wrapper.py:139] From /home/zhoujianping/Research/MagiNet/baselines/gagan_modules/model_impute.py:169: The name tf.trainable_variables is deprecated. Please use tf.compat.v1.trainable_variables instead.

W1110 02:41:51.656380 139749523956928 module_wrapper.py:139] From /home/zhoujianping/Research/MagiNet/baselines/gagan_modules/model_impute.py:177: The name tf.train.RMSPropOptimizer is deprecated. Please use tf.compat.v1.train.RMSPropOptimizer instead.

W1110 02:41:51.801349 139749523956928 deprecation.py:506] From /home/zhoujianping/miniconda3/envs/tf1.14/lib/python3.7/site-packages/tensorflow_core/python/training/rmsprop.py:119: calling Ones.__init__ (from tensorflow.python.ops.init_ops) with dtype is deprecated and will be removed in a future version.
Instructions for updating:
Call initializer instance with the dtype argument instead of passing it to the constructor
W1110 02:41:52.224395 139749523956928 module_wrapper.py:139] From /home/zhoujianping/Research/MagiNet/baselines/gagan_modules/model_impute.py:193: The name tf.global_variables_initializer is deprecated. Please use tf.compat.v1.global_variables_initializer instead.

W1110 02:41:52.881958 139749523956928 module_wrapper.py:139] From /home/zhoujianping/Research/MagiNet/baselines/gagan_modules/model_impute.py:196: The name tf.train.Saver is deprecated. Please use tf.compat.v1.train.Saver instead.

Epoch:[0], G_Loss:96.4613, D_Loss:-0.00013935, Val_RMSE:8.9689, use_time:0.05min
EarlyStopping counter: 1 out of 7
EarlyStopping counter: 2 out of 7
EarlyStopping counter: 3 out of 7
Epoch:[20], G_Loss:8.5144, D_Loss:-0.00020752, Val_RMSE:3.5790, use_time:0.78min
EarlyStopping counter: 4 out of 7
EarlyStopping counter: 5 out of 7
EarlyStopping counter: 6 out of 7
EarlyStopping counter: 7 out of 7
Early stopping
['GA_GAN_concat', 'Chengdu_MAR', 2.671364, 3.728818, 11.95040132866635, 'MAR', 0.5, 0.01, 500, 32, [32, 64], [32, 64], [64, 32], '11-10 02:42:45']
model_name: GA_GAN_concat, data_name: Chengdu_MAR
MAE: 2.6713640689849854, RMSE: 3.728817939758301, MAPE: 11.95040132866635
Spend time: 57.71391701698303
