Using TensorFlow backend.
WARNING: Logging before flag parsing goes to stderr.
W1110 08:49:29.734903 139715870811328 __init__.py:329] Limited tf.compat.v2.summary API due to missing TensorBoard installation.
W1110 08:49:32.202145 139715870811328 module_wrapper.py:139] From gagan.py:59: The name tf.random.set_random_seed is deprecated. Please use tf.compat.v1.random.set_random_seed instead.

(524, 524)
W1110 08:49:33.678547 139715870811328 module_wrapper.py:139] From /home/zhoujianping/Research/MagiNet/baselines/gagan_modules/utils.py:76: The name tf.ConfigProto is deprecated. Please use tf.compat.v1.ConfigProto instead.

W1110 08:49:33.679095 139715870811328 module_wrapper.py:139] From /home/zhoujianping/Research/MagiNet/baselines/gagan_modules/utils.py:78: The name tf.Session is deprecated. Please use tf.compat.v1.Session instead.

W1110 08:49:33.910751 139715870811328 module_wrapper.py:139] From gagan.py:141: The name tf.reset_default_graph is deprecated. Please use tf.compat.v1.reset_default_graph instead.

W1110 08:49:34.067675 139715870811328 module_wrapper.py:139] From /home/zhoujianping/Research/MagiNet/baselines/gagan_modules/model_impute.py:146: The name tf.placeholder is deprecated. Please use tf.compat.v1.placeholder instead.

W1110 08:49:34.069823 139715870811328 module_wrapper.py:139] From /home/zhoujianping/Research/MagiNet/baselines/gagan_modules/model_impute.py:65: The name tf.variable_scope is deprecated. Please use tf.compat.v1.variable_scope instead.

W1110 08:49:34.077482 139715870811328 module_wrapper.py:139] From /home/zhoujianping/Research/MagiNet/baselines/gagan_modules/utils.py:102: The name tf.get_variable is deprecated. Please use tf.compat.v1.get_variable instead.

W1110 08:49:34.077658 139715870811328 lazy_loader.py:50] 
The TensorFlow contrib module will not be included in TensorFlow 2.0.
For more information, please see:
  * https://github.com/tensorflow/community/blob/master/rfcs/20180907-contrib-sunset.md
  * https://github.com/tensorflow/addons
  * https://github.com/tensorflow/io (for I/O related ops)
If you depend on functionality not listed there, please file an issue.

/home/zhoujianping/Research/MagiNet/baselines/gagan_modules/layers.py:18: RuntimeWarning: invalid value encountered in true_divide
  self.adj = adj / np.sum(adj, axis=1).reshape(-1, 1)  # mean aggregate
W1110 08:49:35.342892 139715870811328 deprecation.py:506] From /home/zhoujianping/Research/MagiNet/baselines/gagan_modules/utils.py:110: calling Constant.__init__ (from tensorflow.python.ops.init_ops) with dtype is deprecated and will be removed in a future version.
Instructions for updating:
Call initializer instance with the dtype argument instead of passing it to the constructor
W1110 08:49:35.421625 139715870811328 module_wrapper.py:139] From /home/zhoujianping/Research/MagiNet/baselines/gagan_modules/model_impute.py:169: The name tf.trainable_variables is deprecated. Please use tf.compat.v1.trainable_variables instead.

W1110 08:49:35.437958 139715870811328 module_wrapper.py:139] From /home/zhoujianping/Research/MagiNet/baselines/gagan_modules/model_impute.py:177: The name tf.train.RMSPropOptimizer is deprecated. Please use tf.compat.v1.train.RMSPropOptimizer instead.

W1110 08:49:35.578238 139715870811328 deprecation.py:506] From /home/zhoujianping/miniconda3/envs/tf1.14/lib/python3.7/site-packages/tensorflow_core/python/training/rmsprop.py:119: calling Ones.__init__ (from tensorflow.python.ops.init_ops) with dtype is deprecated and will be removed in a future version.
Instructions for updating:
Call initializer instance with the dtype argument instead of passing it to the constructor
W1110 08:49:36.054690 139715870811328 module_wrapper.py:139] From /home/zhoujianping/Research/MagiNet/baselines/gagan_modules/model_impute.py:193: The name tf.global_variables_initializer is deprecated. Please use tf.compat.v1.global_variables_initializer instead.

W1110 08:49:36.717703 139715870811328 module_wrapper.py:139] From /home/zhoujianping/Research/MagiNet/baselines/gagan_modules/model_impute.py:196: The name tf.train.Saver is deprecated. Please use tf.compat.v1.train.Saver instead.

Epoch:[0], G_Loss:93.9616, D_Loss:-0.00018054, Val_RMSE:9.0121, use_time:0.05min
Epoch:[20], G_Loss:14.1144, D_Loss:-0.00016427, Val_RMSE:4.0238, use_time:0.75min
Epoch:[40], G_Loss:11.8385, D_Loss:-0.00014268, Val_RMSE:3.8116, use_time:1.47min
Epoch:[60], G_Loss:11.1336, D_Loss:-0.00013885, Val_RMSE:3.7402, use_time:2.17min
Epoch:[80], G_Loss:10.7272, D_Loss:-0.00013700, Val_RMSE:3.6925, use_time:2.87min
Epoch:[100], G_Loss:10.3945, D_Loss:-0.00013276, Val_RMSE:3.6554, use_time:3.60min
Epoch:[120], G_Loss:10.0873, D_Loss:-0.00012880, Val_RMSE:3.6179, use_time:4.29min
Epoch:[140], G_Loss:9.8060, D_Loss:-0.00012395, Val_RMSE:3.5822, use_time:4.99min
Epoch:[160], G_Loss:9.5514, D_Loss:-0.00011885, Val_RMSE:3.5484, use_time:5.70min
Epoch:[180], G_Loss:9.3200, D_Loss:-0.00011345, Val_RMSE:3.5175, use_time:6.37min
Epoch:[200], G_Loss:9.1179, D_Loss:-0.00010911, Val_RMSE:3.4912, use_time:7.07min
Epoch:[220], G_Loss:8.9455, D_Loss:-0.00010553, Val_RMSE:3.4690, use_time:7.80min
Epoch:[240], G_Loss:8.7947, D_Loss:-0.00010341, Val_RMSE:3.4503, use_time:8.54min
Epoch:[260], G_Loss:8.6611, D_Loss:-0.00010066, Val_RMSE:3.4340, use_time:9.27min
Epoch:[280], G_Loss:8.5415, D_Loss:-0.00009836, Val_RMSE:3.4202, use_time:10.03min
Epoch:[300], G_Loss:8.4331, D_Loss:-0.00009718, Val_RMSE:3.4081, use_time:10.83min
Epoch:[320], G_Loss:8.3396, D_Loss:-0.00009635, Val_RMSE:3.3985, use_time:11.59min
Epoch:[340], G_Loss:8.2574, D_Loss:-0.00009545, Val_RMSE:3.3906, use_time:12.38min
Epoch:[360], G_Loss:8.1837, D_Loss:-0.00009462, Val_RMSE:3.3835, use_time:13.12min
Epoch:[380], G_Loss:8.1186, D_Loss:-0.00009481, Val_RMSE:3.3774, use_time:13.86min
Epoch:[400], G_Loss:8.0609, D_Loss:-0.00009297, Val_RMSE:3.3722, use_time:14.60min
Epoch:[420], G_Loss:8.0095, D_Loss:-0.00009331, Val_RMSE:3.3678, use_time:15.34min
Epoch:[440], G_Loss:7.9638, D_Loss:-0.00009280, Val_RMSE:3.3640, use_time:16.13min
Epoch:[460], G_Loss:7.9221, D_Loss:-0.00009118, Val_RMSE:3.3606, use_time:16.86min
Epoch:[480], G_Loss:7.8830, D_Loss:-0.00009063, Val_RMSE:3.3573, use_time:17.61min
EarlyStopping counter: 1 out of 7
['GA_GAN_concat', 'Chengdu_MNAR', 2.3688848, 3.5079458, 10.082822511630914, 'MNAR', 0.5, 0.01, 500, 32, [32, 64], [32, 64], [64, 32], '11-10 09:07:55']
model_name: GA_GAN_concat, data_name: Chengdu_MNAR
MAE: 2.368884801864624, RMSE: 3.5079457759857178, MAPE: 10.082822511630914
Spend time: 1105.1582388877869
