Using TensorFlow backend.
WARNING: Logging before flag parsing goes to stderr.
W1109 23:20:30.500638 140403920053440 __init__.py:329] Limited tf.compat.v2.summary API due to missing TensorBoard installation.
W1109 23:20:32.832145 140403920053440 module_wrapper.py:139] From gagan.py:59: The name tf.random.set_random_seed is deprecated. Please use tf.compat.v1.random.set_random_seed instead.

(207, 207)
W1109 23:20:33.607980 140403920053440 module_wrapper.py:139] From /home/zhoujianping/Research/MagiNet/baselines/gagan_modules/utils.py:76: The name tf.ConfigProto is deprecated. Please use tf.compat.v1.ConfigProto instead.

W1109 23:20:33.608275 140403920053440 module_wrapper.py:139] From /home/zhoujianping/Research/MagiNet/baselines/gagan_modules/utils.py:78: The name tf.Session is deprecated. Please use tf.compat.v1.Session instead.

W1109 23:20:33.801423 140403920053440 module_wrapper.py:139] From gagan.py:141: The name tf.reset_default_graph is deprecated. Please use tf.compat.v1.reset_default_graph instead.

W1109 23:20:33.841040 140403920053440 module_wrapper.py:139] From /home/zhoujianping/Research/MagiNet/baselines/gagan_modules/model_impute.py:146: The name tf.placeholder is deprecated. Please use tf.compat.v1.placeholder instead.

W1109 23:20:33.843011 140403920053440 module_wrapper.py:139] From /home/zhoujianping/Research/MagiNet/baselines/gagan_modules/model_impute.py:65: The name tf.variable_scope is deprecated. Please use tf.compat.v1.variable_scope instead.

W1109 23:20:33.845987 140403920053440 module_wrapper.py:139] From /home/zhoujianping/Research/MagiNet/baselines/gagan_modules/utils.py:102: The name tf.get_variable is deprecated. Please use tf.compat.v1.get_variable instead.

W1109 23:20:33.846166 140403920053440 lazy_loader.py:50] 
The TensorFlow contrib module will not be included in TensorFlow 2.0.
For more information, please see:
  * https://github.com/tensorflow/community/blob/master/rfcs/20180907-contrib-sunset.md
  * https://github.com/tensorflow/addons
  * https://github.com/tensorflow/io (for I/O related ops)
If you depend on functionality not listed there, please file an issue.

/home/zhoujianping/Research/MagiNet/baselines/gagan_modules/layers.py:18: RuntimeWarning: invalid value encountered in true_divide
  self.adj = adj / np.sum(adj, axis=1).reshape(-1, 1)  # mean aggregate
W1109 23:20:35.069100 140403920053440 deprecation.py:506] From /home/zhoujianping/Research/MagiNet/baselines/gagan_modules/utils.py:110: calling Constant.__init__ (from tensorflow.python.ops.init_ops) with dtype is deprecated and will be removed in a future version.
Instructions for updating:
Call initializer instance with the dtype argument instead of passing it to the constructor
W1109 23:20:35.147148 140403920053440 module_wrapper.py:139] From /home/zhoujianping/Research/MagiNet/baselines/gagan_modules/model_impute.py:169: The name tf.trainable_variables is deprecated. Please use tf.compat.v1.trainable_variables instead.

W1109 23:20:35.163394 140403920053440 module_wrapper.py:139] From /home/zhoujianping/Research/MagiNet/baselines/gagan_modules/model_impute.py:177: The name tf.train.RMSPropOptimizer is deprecated. Please use tf.compat.v1.train.RMSPropOptimizer instead.

W1109 23:20:35.303182 140403920053440 deprecation.py:506] From /home/zhoujianping/miniconda3/envs/tf1.14/lib/python3.7/site-packages/tensorflow_core/python/training/rmsprop.py:119: calling Ones.__init__ (from tensorflow.python.ops.init_ops) with dtype is deprecated and will be removed in a future version.
Instructions for updating:
Call initializer instance with the dtype argument instead of passing it to the constructor
W1109 23:20:35.749825 140403920053440 module_wrapper.py:139] From /home/zhoujianping/Research/MagiNet/baselines/gagan_modules/model_impute.py:193: The name tf.global_variables_initializer is deprecated. Please use tf.compat.v1.global_variables_initializer instead.

W1109 23:20:36.434737 140403920053440 module_wrapper.py:139] From /home/zhoujianping/Research/MagiNet/baselines/gagan_modules/model_impute.py:196: The name tf.train.Saver is deprecated. Please use tf.compat.v1.train.Saver instead.

Epoch:[0], G_Loss:100.3562, D_Loss:-0.00033277, Val_RMSE:16.4151, use_time:0.05min
Epoch:[20], G_Loss:9.1429, D_Loss:-0.00019940, Val_RMSE:7.1582, use_time:0.76min
Epoch:[40], G_Loss:6.8095, D_Loss:-0.00016556, Val_RMSE:6.6888, use_time:1.47min
Epoch:[60], G_Loss:6.0634, D_Loss:-0.00013954, Val_RMSE:6.5684, use_time:2.19min
Epoch:[80], G_Loss:5.6300, D_Loss:-0.00013151, Val_RMSE:6.5151, use_time:2.89min
Epoch:[100], G_Loss:5.3286, D_Loss:-0.00012629, Val_RMSE:6.4705, use_time:3.57min
Epoch:[120], G_Loss:5.0999, D_Loss:-0.00012510, Val_RMSE:6.4442, use_time:4.25min
Epoch:[140], G_Loss:4.9184, D_Loss:-0.00012346, Val_RMSE:6.4245, use_time:4.92min
Epoch:[160], G_Loss:4.7689, D_Loss:-0.00012549, Val_RMSE:6.4141, use_time:5.59min
EarlyStopping counter: 1 out of 7
Epoch:[180], G_Loss:4.6443, D_Loss:-0.00012554, Val_RMSE:6.4095, use_time:6.27min
Epoch:[200], G_Loss:4.5425, D_Loss:-0.00012282, Val_RMSE:6.4014, use_time:6.96min
Epoch:[220], G_Loss:4.4581, D_Loss:-0.00012425, Val_RMSE:6.3940, use_time:7.65min
EarlyStopping counter: 1 out of 7
Epoch:[240], G_Loss:4.3878, D_Loss:-0.00012302, Val_RMSE:6.3869, use_time:8.33min
Epoch:[260], G_Loss:4.3284, D_Loss:-0.00012321, Val_RMSE:6.3819, use_time:9.02min
Epoch:[280], G_Loss:4.2762, D_Loss:-0.00012484, Val_RMSE:6.3761, use_time:9.70min
EarlyStopping counter: 1 out of 7
Epoch:[300], G_Loss:4.2305, D_Loss:-0.00012487, Val_RMSE:6.3713, use_time:10.38min
EarlyStopping counter: 1 out of 7
EarlyStopping counter: 1 out of 7
EarlyStopping counter: 1 out of 7
EarlyStopping counter: 1 out of 7
EarlyStopping counter: 1 out of 7
Epoch:[320], G_Loss:4.1901, D_Loss:-0.00012604, Val_RMSE:6.3690, use_time:11.05min
EarlyStopping counter: 1 out of 7
EarlyStopping counter: 1 out of 7
EarlyStopping counter: 1 out of 7
EarlyStopping counter: 1 out of 7
EarlyStopping counter: 1 out of 7
EarlyStopping counter: 1 out of 7
EarlyStopping counter: 1 out of 7
EarlyStopping counter: 1 out of 7
Epoch:[340], G_Loss:4.1538, D_Loss:-0.00012634, Val_RMSE:6.3673, use_time:11.72min
EarlyStopping counter: 1 out of 7
EarlyStopping counter: 1 out of 7
EarlyStopping counter: 1 out of 7
EarlyStopping counter: 1 out of 7
Epoch:[360], G_Loss:4.1223, D_Loss:-0.00012630, Val_RMSE:6.3650, use_time:12.38min
EarlyStopping counter: 1 out of 7
EarlyStopping counter: 2 out of 7
EarlyStopping counter: 1 out of 7
EarlyStopping counter: 1 out of 7
EarlyStopping counter: 2 out of 7
EarlyStopping counter: 3 out of 7
EarlyStopping counter: 1 out of 7
EarlyStopping counter: 1 out of 7
EarlyStopping counter: 2 out of 7
Epoch:[380], G_Loss:4.0940, D_Loss:-0.00012734, Val_RMSE:6.3637, use_time:13.04min
EarlyStopping counter: 3 out of 7
EarlyStopping counter: 1 out of 7
EarlyStopping counter: 1 out of 7
EarlyStopping counter: 2 out of 7
EarlyStopping counter: 3 out of 7
EarlyStopping counter: 4 out of 7
EarlyStopping counter: 5 out of 7
EarlyStopping counter: 6 out of 7
EarlyStopping counter: 7 out of 7
Early stopping
['GA_GAN_concat', 'METR-LA_MAR', 3.8560102, 6.729304, 8.326843766123364, 'MAR', 0.5, 0.01, 500, 32, [32, 64], [32, 64], [64, 32], '11-09 23:33:58']
model_name: GA_GAN_concat, data_name: METR-LA_MAR
MAE: 3.8560101985931396, RMSE: 6.72930383682251, MAPE: 8.326843766123364
Spend time: 806.6897485256195
