Using TensorFlow backend.
WARNING: Logging before flag parsing goes to stderr.
W1110 05:34:36.334928 140106796594368 __init__.py:329] Limited tf.compat.v2.summary API due to missing TensorBoard installation.
W1110 05:34:38.993464 140106796594368 module_wrapper.py:139] From gagan.py:59: The name tf.random.set_random_seed is deprecated. Please use tf.compat.v1.random.set_random_seed instead.

(207, 207)
W1110 05:34:39.799609 140106796594368 module_wrapper.py:139] From /home/zhoujianping/Research/MagiNet/baselines/gagan_modules/utils.py:76: The name tf.ConfigProto is deprecated. Please use tf.compat.v1.ConfigProto instead.

W1110 05:34:39.799965 140106796594368 module_wrapper.py:139] From /home/zhoujianping/Research/MagiNet/baselines/gagan_modules/utils.py:78: The name tf.Session is deprecated. Please use tf.compat.v1.Session instead.

W1110 05:34:40.017286 140106796594368 module_wrapper.py:139] From gagan.py:141: The name tf.reset_default_graph is deprecated. Please use tf.compat.v1.reset_default_graph instead.

W1110 05:34:40.050772 140106796594368 module_wrapper.py:139] From /home/zhoujianping/Research/MagiNet/baselines/gagan_modules/model_impute.py:146: The name tf.placeholder is deprecated. Please use tf.compat.v1.placeholder instead.

W1110 05:34:40.052639 140106796594368 module_wrapper.py:139] From /home/zhoujianping/Research/MagiNet/baselines/gagan_modules/model_impute.py:65: The name tf.variable_scope is deprecated. Please use tf.compat.v1.variable_scope instead.

W1110 05:34:40.055346 140106796594368 module_wrapper.py:139] From /home/zhoujianping/Research/MagiNet/baselines/gagan_modules/utils.py:102: The name tf.get_variable is deprecated. Please use tf.compat.v1.get_variable instead.

W1110 05:34:40.055493 140106796594368 lazy_loader.py:50] 
The TensorFlow contrib module will not be included in TensorFlow 2.0.
For more information, please see:
  * https://github.com/tensorflow/community/blob/master/rfcs/20180907-contrib-sunset.md
  * https://github.com/tensorflow/addons
  * https://github.com/tensorflow/io (for I/O related ops)
If you depend on functionality not listed there, please file an issue.

/home/zhoujianping/Research/MagiNet/baselines/gagan_modules/layers.py:18: RuntimeWarning: invalid value encountered in true_divide
  self.adj = adj / np.sum(adj, axis=1).reshape(-1, 1)  # mean aggregate
W1110 05:34:41.370029 140106796594368 deprecation.py:506] From /home/zhoujianping/Research/MagiNet/baselines/gagan_modules/utils.py:110: calling Constant.__init__ (from tensorflow.python.ops.init_ops) with dtype is deprecated and will be removed in a future version.
Instructions for updating:
Call initializer instance with the dtype argument instead of passing it to the constructor
W1110 05:34:41.450418 140106796594368 module_wrapper.py:139] From /home/zhoujianping/Research/MagiNet/baselines/gagan_modules/model_impute.py:169: The name tf.trainable_variables is deprecated. Please use tf.compat.v1.trainable_variables instead.

W1110 05:34:41.467026 140106796594368 module_wrapper.py:139] From /home/zhoujianping/Research/MagiNet/baselines/gagan_modules/model_impute.py:177: The name tf.train.RMSPropOptimizer is deprecated. Please use tf.compat.v1.train.RMSPropOptimizer instead.

W1110 05:34:41.609367 140106796594368 deprecation.py:506] From /home/zhoujianping/miniconda3/envs/tf1.14/lib/python3.7/site-packages/tensorflow_core/python/training/rmsprop.py:119: calling Ones.__init__ (from tensorflow.python.ops.init_ops) with dtype is deprecated and will be removed in a future version.
Instructions for updating:
Call initializer instance with the dtype argument instead of passing it to the constructor
W1110 05:34:42.072952 140106796594368 module_wrapper.py:139] From /home/zhoujianping/Research/MagiNet/baselines/gagan_modules/model_impute.py:193: The name tf.global_variables_initializer is deprecated. Please use tf.compat.v1.global_variables_initializer instead.

W1110 05:34:42.754614 140106796594368 module_wrapper.py:139] From /home/zhoujianping/Research/MagiNet/baselines/gagan_modules/model_impute.py:196: The name tf.train.Saver is deprecated. Please use tf.compat.v1.train.Saver instead.

Epoch:[0], G_Loss:99.7908, D_Loss:-0.00040776, Val_RMSE:17.5976, use_time:0.05min
Epoch:[20], G_Loss:14.4303, D_Loss:-0.00032024, Val_RMSE:8.1012, use_time:0.75min
Epoch:[40], G_Loss:11.3789, D_Loss:-0.00025834, Val_RMSE:7.5559, use_time:1.45min
Epoch:[60], G_Loss:10.1371, D_Loss:-0.00022386, Val_RMSE:7.3100, use_time:2.14min
Epoch:[80], G_Loss:9.4400, D_Loss:-0.00019728, Val_RMSE:7.1481, use_time:2.85min
Epoch:[100], G_Loss:8.9803, D_Loss:-0.00019682, Val_RMSE:7.0350, use_time:3.53min
Epoch:[120], G_Loss:8.6387, D_Loss:-0.00020114, Val_RMSE:6.9490, use_time:4.24min
Epoch:[140], G_Loss:8.3910, D_Loss:-0.00020341, Val_RMSE:6.8864, use_time:4.92min
Epoch:[160], G_Loss:8.2114, D_Loss:-0.00020428, Val_RMSE:6.8403, use_time:5.60min
Epoch:[180], G_Loss:8.0750, D_Loss:-0.00020658, Val_RMSE:6.8058, use_time:6.29min
Epoch:[200], G_Loss:7.9638, D_Loss:-0.00020764, Val_RMSE:6.7803, use_time:7.00min
Epoch:[220], G_Loss:7.8699, D_Loss:-0.00020720, Val_RMSE:6.7586, use_time:7.70min
Epoch:[240], G_Loss:7.7906, D_Loss:-0.00020750, Val_RMSE:6.7405, use_time:8.39min
Epoch:[260], G_Loss:7.7213, D_Loss:-0.00020865, Val_RMSE:6.7252, use_time:9.09min
Epoch:[280], G_Loss:7.6599, D_Loss:-0.00020768, Val_RMSE:6.7128, use_time:9.81min
Epoch:[300], G_Loss:7.6058, D_Loss:-0.00020659, Val_RMSE:6.7023, use_time:10.52min
Epoch:[320], G_Loss:7.5568, D_Loss:-0.00020606, Val_RMSE:6.6939, use_time:11.24min
Epoch:[340], G_Loss:7.5128, D_Loss:-0.00020679, Val_RMSE:6.6860, use_time:11.95min
Epoch:[360], G_Loss:7.4724, D_Loss:-0.00020640, Val_RMSE:6.6796, use_time:12.66min
Epoch:[380], G_Loss:7.4356, D_Loss:-0.00020490, Val_RMSE:6.6749, use_time:13.34min
Epoch:[400], G_Loss:7.4014, D_Loss:-0.00020601, Val_RMSE:6.6702, use_time:14.05min
Epoch:[420], G_Loss:7.3700, D_Loss:-0.00020546, Val_RMSE:6.6661, use_time:14.74min
Epoch:[440], G_Loss:7.3405, D_Loss:-0.00020473, Val_RMSE:6.6609, use_time:15.45min
Epoch:[460], G_Loss:7.3129, D_Loss:-0.00020537, Val_RMSE:6.6562, use_time:16.15min
Epoch:[480], G_Loss:7.2870, D_Loss:-0.00020500, Val_RMSE:6.6511, use_time:16.84min
['GA_GAN_concat', 'METR-LA_MNAR', 3.8644826, 7.282288, 8.430931485893609, 'MNAR', 0.5, 0.01, 500, 32, [32, 64], [32, 64], [64, 32], '11-10 05:52:12']
model_name: GA_GAN_concat, data_name: METR-LA_MNAR
MAE: 3.8644826412200928, RMSE: 7.282288074493408, MAPE: 8.430931485893609
Spend time: 1054.31387424469
