Using TensorFlow backend.
WARNING: Logging before flag parsing goes to stderr.
W1109 23:01:53.790752 140673431667904 __init__.py:329] Limited tf.compat.v2.summary API due to missing TensorBoard installation.
W1109 23:02:05.159213 140673431667904 module_wrapper.py:139] From gagan.py:59: The name tf.random.set_random_seed is deprecated. Please use tf.compat.v1.random.set_random_seed instead.

(207, 207)
W1109 23:02:06.705257 140673431667904 module_wrapper.py:139] From /home/zhoujianping/Research/MagiNet/baselines/gagan_modules/utils.py:76: The name tf.ConfigProto is deprecated. Please use tf.compat.v1.ConfigProto instead.

W1109 23:02:06.705602 140673431667904 module_wrapper.py:139] From /home/zhoujianping/Research/MagiNet/baselines/gagan_modules/utils.py:78: The name tf.Session is deprecated. Please use tf.compat.v1.Session instead.

W1109 23:02:11.371729 140673431667904 module_wrapper.py:139] From gagan.py:141: The name tf.reset_default_graph is deprecated. Please use tf.compat.v1.reset_default_graph instead.

W1109 23:02:11.432460 140673431667904 module_wrapper.py:139] From /home/zhoujianping/Research/MagiNet/baselines/gagan_modules/model_impute.py:146: The name tf.placeholder is deprecated. Please use tf.compat.v1.placeholder instead.

W1109 23:02:11.470021 140673431667904 module_wrapper.py:139] From /home/zhoujianping/Research/MagiNet/baselines/gagan_modules/model_impute.py:65: The name tf.variable_scope is deprecated. Please use tf.compat.v1.variable_scope instead.

W1109 23:02:11.474956 140673431667904 module_wrapper.py:139] From /home/zhoujianping/Research/MagiNet/baselines/gagan_modules/utils.py:102: The name tf.get_variable is deprecated. Please use tf.compat.v1.get_variable instead.

W1109 23:02:11.475274 140673431667904 lazy_loader.py:50] 
The TensorFlow contrib module will not be included in TensorFlow 2.0.
For more information, please see:
  * https://github.com/tensorflow/community/blob/master/rfcs/20180907-contrib-sunset.md
  * https://github.com/tensorflow/addons
  * https://github.com/tensorflow/io (for I/O related ops)
If you depend on functionality not listed there, please file an issue.

/home/zhoujianping/Research/MagiNet/baselines/gagan_modules/layers.py:18: RuntimeWarning: invalid value encountered in true_divide
  self.adj = adj / np.sum(adj, axis=1).reshape(-1, 1)  # mean aggregate
W1109 23:02:18.551816 140673431667904 deprecation.py:506] From /home/zhoujianping/Research/MagiNet/baselines/gagan_modules/utils.py:110: calling Constant.__init__ (from tensorflow.python.ops.init_ops) with dtype is deprecated and will be removed in a future version.
Instructions for updating:
Call initializer instance with the dtype argument instead of passing it to the constructor
W1109 23:02:18.646759 140673431667904 module_wrapper.py:139] From /home/zhoujianping/Research/MagiNet/baselines/gagan_modules/model_impute.py:169: The name tf.trainable_variables is deprecated. Please use tf.compat.v1.trainable_variables instead.

W1109 23:02:18.662993 140673431667904 module_wrapper.py:139] From /home/zhoujianping/Research/MagiNet/baselines/gagan_modules/model_impute.py:177: The name tf.train.RMSPropOptimizer is deprecated. Please use tf.compat.v1.train.RMSPropOptimizer instead.

W1109 23:02:19.035977 140673431667904 deprecation.py:506] From /home/zhoujianping/miniconda3/envs/tf1.14/lib/python3.7/site-packages/tensorflow_core/python/training/rmsprop.py:119: calling Ones.__init__ (from tensorflow.python.ops.init_ops) with dtype is deprecated and will be removed in a future version.
Instructions for updating:
Call initializer instance with the dtype argument instead of passing it to the constructor
W1109 23:02:19.517718 140673431667904 module_wrapper.py:139] From /home/zhoujianping/Research/MagiNet/baselines/gagan_modules/model_impute.py:193: The name tf.global_variables_initializer is deprecated. Please use tf.compat.v1.global_variables_initializer instead.

W1109 23:02:44.051365 140673431667904 module_wrapper.py:139] From /home/zhoujianping/Research/MagiNet/baselines/gagan_modules/model_impute.py:196: The name tf.train.Saver is deprecated. Please use tf.compat.v1.train.Saver instead.

Epoch:[0], G_Loss:89.9797, D_Loss:-0.00044204, Val_RMSE:15.8696, use_time:0.12min
Epoch:[20], G_Loss:9.1719, D_Loss:-0.00020918, Val_RMSE:7.0781, use_time:0.83min
Epoch:[40], G_Loss:7.1321, D_Loss:-0.00021916, Val_RMSE:6.7368, use_time:1.53min
Epoch:[60], G_Loss:6.3012, D_Loss:-0.00019315, Val_RMSE:6.5923, use_time:2.23min
Epoch:[80], G_Loss:5.8270, D_Loss:-0.00017709, Val_RMSE:6.5392, use_time:2.93min
Epoch:[100], G_Loss:5.4814, D_Loss:-0.00017254, Val_RMSE:6.5253, use_time:3.64min
Epoch:[120], G_Loss:5.2240, D_Loss:-0.00016630, Val_RMSE:6.5202, use_time:4.34min
EarlyStopping counter: 1 out of 7
EarlyStopping counter: 1 out of 7
Epoch:[140], G_Loss:5.0295, D_Loss:-0.00016160, Val_RMSE:6.5170, use_time:5.04min
Epoch:[160], G_Loss:4.8786, D_Loss:-0.00015762, Val_RMSE:6.5074, use_time:5.74min
Epoch:[180], G_Loss:4.7570, D_Loss:-0.00015513, Val_RMSE:6.4974, use_time:6.46min
Epoch:[200], G_Loss:4.6556, D_Loss:-0.00015371, Val_RMSE:6.4850, use_time:7.18min
Epoch:[220], G_Loss:4.5666, D_Loss:-0.00015258, Val_RMSE:6.4676, use_time:7.89min
Epoch:[240], G_Loss:4.4882, D_Loss:-0.00015086, Val_RMSE:6.4534, use_time:8.59min
EarlyStopping counter: 1 out of 7
EarlyStopping counter: 1 out of 7
EarlyStopping counter: 1 out of 7
EarlyStopping counter: 1 out of 7
EarlyStopping counter: 1 out of 7
EarlyStopping counter: 1 out of 7
EarlyStopping counter: 1 out of 7
Epoch:[260], G_Loss:4.4197, D_Loss:-0.00014896, Val_RMSE:6.4414, use_time:9.28min
Epoch:[280], G_Loss:4.3589, D_Loss:-0.00014857, Val_RMSE:6.4342, use_time:9.98min
Epoch:[300], G_Loss:4.3054, D_Loss:-0.00014791, Val_RMSE:6.4274, use_time:10.69min
EarlyStopping counter: 1 out of 7
Epoch:[320], G_Loss:4.2577, D_Loss:-0.00014695, Val_RMSE:6.4245, use_time:11.39min
EarlyStopping counter: 1 out of 7
Epoch:[340], G_Loss:4.2150, D_Loss:-0.00014668, Val_RMSE:6.4211, use_time:12.09min
Epoch:[360], G_Loss:4.1761, D_Loss:-0.00014580, Val_RMSE:6.4144, use_time:12.79min
Epoch:[380], G_Loss:4.1418, D_Loss:-0.00014507, Val_RMSE:6.4087, use_time:13.48min
EarlyStopping counter: 1 out of 7
EarlyStopping counter: 1 out of 7
Epoch:[400], G_Loss:4.1104, D_Loss:-0.00014432, Val_RMSE:6.4043, use_time:14.18min
EarlyStopping counter: 1 out of 7
EarlyStopping counter: 1 out of 7
EarlyStopping counter: 1 out of 7
Epoch:[420], G_Loss:4.0819, D_Loss:-0.00014449, Val_RMSE:6.3991, use_time:14.86min
EarlyStopping counter: 1 out of 7
EarlyStopping counter: 1 out of 7
EarlyStopping counter: 1 out of 7
EarlyStopping counter: 1 out of 7
EarlyStopping counter: 1 out of 7
EarlyStopping counter: 1 out of 7
EarlyStopping counter: 2 out of 7
EarlyStopping counter: 1 out of 7
EarlyStopping counter: 2 out of 7
Epoch:[440], G_Loss:4.0556, D_Loss:-0.00014316, Val_RMSE:6.3955, use_time:15.53min
EarlyStopping counter: 1 out of 7
EarlyStopping counter: 1 out of 7
EarlyStopping counter: 1 out of 7
Epoch:[460], G_Loss:4.0309, D_Loss:-0.00014242, Val_RMSE:6.3915, use_time:16.24min
EarlyStopping counter: 1 out of 7
EarlyStopping counter: 1 out of 7
EarlyStopping counter: 1 out of 7
EarlyStopping counter: 2 out of 7
EarlyStopping counter: 1 out of 7
Epoch:[480], G_Loss:4.0075, D_Loss:-0.00014298, Val_RMSE:6.3864, use_time:16.94min
EarlyStopping counter: 1 out of 7
EarlyStopping counter: 2 out of 7
EarlyStopping counter: 1 out of 7
EarlyStopping counter: 1 out of 7
EarlyStopping counter: 1 out of 7
EarlyStopping counter: 2 out of 7
EarlyStopping counter: 1 out of 7
EarlyStopping counter: 1 out of 7
EarlyStopping counter: 1 out of 7
EarlyStopping counter: 2 out of 7
['GA_GAN_concat', 'METR-LA_MAR', 3.817212, 6.7610526, 8.302476064246397, 'MAR', 0.5, 0.01, 500, 32, [32, 64], [32, 64], [64, 32], '11-09 23:20:20']
model_name: GA_GAN_concat, data_name: METR-LA_MAR
MAE: 3.8172121047973633, RMSE: 6.76105260848999, MAPE: 8.302476064246397
Spend time: 1096.7451887130737
