Using TensorFlow backend.
WARNING: Logging before flag parsing goes to stderr.
W1110 05:16:40.137530 139981300577472 __init__.py:329] Limited tf.compat.v2.summary API due to missing TensorBoard installation.
W1110 05:16:42.482367 139981300577472 module_wrapper.py:139] From gagan.py:59: The name tf.random.set_random_seed is deprecated. Please use tf.compat.v1.random.set_random_seed instead.

(207, 207)
W1110 05:16:43.287773 139981300577472 module_wrapper.py:139] From /home/zhoujianping/Research/MagiNet/baselines/gagan_modules/utils.py:76: The name tf.ConfigProto is deprecated. Please use tf.compat.v1.ConfigProto instead.

W1110 05:16:43.288064 139981300577472 module_wrapper.py:139] From /home/zhoujianping/Research/MagiNet/baselines/gagan_modules/utils.py:78: The name tf.Session is deprecated. Please use tf.compat.v1.Session instead.

W1110 05:16:43.477973 139981300577472 module_wrapper.py:139] From gagan.py:141: The name tf.reset_default_graph is deprecated. Please use tf.compat.v1.reset_default_graph instead.

W1110 05:16:43.511874 139981300577472 module_wrapper.py:139] From /home/zhoujianping/Research/MagiNet/baselines/gagan_modules/model_impute.py:146: The name tf.placeholder is deprecated. Please use tf.compat.v1.placeholder instead.

W1110 05:16:43.513540 139981300577472 module_wrapper.py:139] From /home/zhoujianping/Research/MagiNet/baselines/gagan_modules/model_impute.py:65: The name tf.variable_scope is deprecated. Please use tf.compat.v1.variable_scope instead.

W1110 05:16:43.516066 139981300577472 module_wrapper.py:139] From /home/zhoujianping/Research/MagiNet/baselines/gagan_modules/utils.py:102: The name tf.get_variable is deprecated. Please use tf.compat.v1.get_variable instead.

W1110 05:16:43.516207 139981300577472 lazy_loader.py:50] 
The TensorFlow contrib module will not be included in TensorFlow 2.0.
For more information, please see:
  * https://github.com/tensorflow/community/blob/master/rfcs/20180907-contrib-sunset.md
  * https://github.com/tensorflow/addons
  * https://github.com/tensorflow/io (for I/O related ops)
If you depend on functionality not listed there, please file an issue.

/home/zhoujianping/Research/MagiNet/baselines/gagan_modules/layers.py:18: RuntimeWarning: invalid value encountered in true_divide
  self.adj = adj / np.sum(adj, axis=1).reshape(-1, 1)  # mean aggregate
W1110 05:16:44.661665 139981300577472 deprecation.py:506] From /home/zhoujianping/Research/MagiNet/baselines/gagan_modules/utils.py:110: calling Constant.__init__ (from tensorflow.python.ops.init_ops) with dtype is deprecated and will be removed in a future version.
Instructions for updating:
Call initializer instance with the dtype argument instead of passing it to the constructor
W1110 05:16:44.726248 139981300577472 module_wrapper.py:139] From /home/zhoujianping/Research/MagiNet/baselines/gagan_modules/model_impute.py:169: The name tf.trainable_variables is deprecated. Please use tf.compat.v1.trainable_variables instead.

W1110 05:16:44.739524 139981300577472 module_wrapper.py:139] From /home/zhoujianping/Research/MagiNet/baselines/gagan_modules/model_impute.py:177: The name tf.train.RMSPropOptimizer is deprecated. Please use tf.compat.v1.train.RMSPropOptimizer instead.

W1110 05:16:44.852642 139981300577472 deprecation.py:506] From /home/zhoujianping/miniconda3/envs/tf1.14/lib/python3.7/site-packages/tensorflow_core/python/training/rmsprop.py:119: calling Ones.__init__ (from tensorflow.python.ops.init_ops) with dtype is deprecated and will be removed in a future version.
Instructions for updating:
Call initializer instance with the dtype argument instead of passing it to the constructor
W1110 05:16:45.319174 139981300577472 module_wrapper.py:139] From /home/zhoujianping/Research/MagiNet/baselines/gagan_modules/model_impute.py:193: The name tf.global_variables_initializer is deprecated. Please use tf.compat.v1.global_variables_initializer instead.

W1110 05:16:45.982636 139981300577472 module_wrapper.py:139] From /home/zhoujianping/Research/MagiNet/baselines/gagan_modules/model_impute.py:196: The name tf.train.Saver is deprecated. Please use tf.compat.v1.train.Saver instead.

Epoch:[0], G_Loss:90.8881, D_Loss:-0.00033567, Val_RMSE:17.0376, use_time:0.04min
Epoch:[20], G_Loss:14.6458, D_Loss:-0.00022980, Val_RMSE:8.0778, use_time:0.75min
Epoch:[40], G_Loss:11.4154, D_Loss:-0.00014728, Val_RMSE:7.4674, use_time:1.47min
Epoch:[60], G_Loss:10.0814, D_Loss:-0.00019567, Val_RMSE:7.1989, use_time:2.18min
Epoch:[80], G_Loss:9.4029, D_Loss:-0.00017624, Val_RMSE:7.0492, use_time:2.90min
Epoch:[100], G_Loss:8.9568, D_Loss:-0.00016759, Val_RMSE:6.9489, use_time:3.62min
Epoch:[120], G_Loss:8.6278, D_Loss:-0.00016086, Val_RMSE:6.8746, use_time:4.35min
Epoch:[140], G_Loss:8.3783, D_Loss:-0.00015709, Val_RMSE:6.8206, use_time:5.05min
Epoch:[160], G_Loss:8.1858, D_Loss:-0.00015634, Val_RMSE:6.7812, use_time:5.77min
Epoch:[180], G_Loss:8.0337, D_Loss:-0.00015609, Val_RMSE:6.7495, use_time:6.47min
Epoch:[200], G_Loss:7.9141, D_Loss:-0.00015507, Val_RMSE:6.7243, use_time:7.17min
Epoch:[220], G_Loss:7.8188, D_Loss:-0.00015527, Val_RMSE:6.7033, use_time:7.90min
Epoch:[240], G_Loss:7.7402, D_Loss:-0.00015469, Val_RMSE:6.6852, use_time:8.61min
Epoch:[260], G_Loss:7.6731, D_Loss:-0.00015425, Val_RMSE:6.6698, use_time:9.30min
Epoch:[280], G_Loss:7.6133, D_Loss:-0.00015410, Val_RMSE:6.6566, use_time:10.00min
Epoch:[300], G_Loss:7.5602, D_Loss:-0.00015321, Val_RMSE:6.6445, use_time:10.71min
Epoch:[320], G_Loss:7.5119, D_Loss:-0.00015235, Val_RMSE:6.6334, use_time:11.40min
Epoch:[340], G_Loss:7.4680, D_Loss:-0.00015119, Val_RMSE:6.6235, use_time:12.10min
Epoch:[360], G_Loss:7.4268, D_Loss:-0.00015078, Val_RMSE:6.6151, use_time:12.80min
Epoch:[380], G_Loss:7.3883, D_Loss:-0.00015048, Val_RMSE:6.6075, use_time:13.50min
Epoch:[400], G_Loss:7.3526, D_Loss:-0.00014969, Val_RMSE:6.6010, use_time:14.21min
Epoch:[420], G_Loss:7.3194, D_Loss:-0.00014919, Val_RMSE:6.5946, use_time:14.91min
Epoch:[440], G_Loss:7.2880, D_Loss:-0.00014941, Val_RMSE:6.5896, use_time:15.62min
Epoch:[460], G_Loss:7.2591, D_Loss:-0.00014759, Val_RMSE:6.5846, use_time:16.32min
Epoch:[480], G_Loss:7.2320, D_Loss:-0.00014818, Val_RMSE:6.5802, use_time:17.04min
['GA_GAN_concat', 'METR-LA_MNAR', 3.8477871, 7.2651925, 8.402155394256788, 'MNAR', 0.5, 0.01, 500, 32, [32, 64], [32, 64], [64, 32], '11-10 05:34:29']
model_name: GA_GAN_concat, data_name: METR-LA_MNAR
MAE: 3.8477871417999268, RMSE: 7.26519250869751, MAPE: 8.402155394256788
Spend time: 1067.9558942317963
