Using TensorFlow backend.
WARNING: Logging before flag parsing goes to stderr.
W1110 10:24:08.493553 139630828967104 __init__.py:329] Limited tf.compat.v2.summary API due to missing TensorBoard installation.
W1110 10:24:13.038703 139630828967104 module_wrapper.py:139] From gagan.py:59: The name tf.random.set_random_seed is deprecated. Please use tf.compat.v1.random.set_random_seed instead.

(325, 325)
W1110 10:24:14.666765 139630828967104 module_wrapper.py:139] From /home/zhoujianping/Research/MagiNet/baselines/gagan_modules/utils.py:76: The name tf.ConfigProto is deprecated. Please use tf.compat.v1.ConfigProto instead.

W1110 10:24:14.667085 139630828967104 module_wrapper.py:139] From /home/zhoujianping/Research/MagiNet/baselines/gagan_modules/utils.py:78: The name tf.Session is deprecated. Please use tf.compat.v1.Session instead.

W1110 10:24:14.870763 139630828967104 module_wrapper.py:139] From gagan.py:141: The name tf.reset_default_graph is deprecated. Please use tf.compat.v1.reset_default_graph instead.

W1110 10:24:14.945062 139630828967104 module_wrapper.py:139] From /home/zhoujianping/Research/MagiNet/baselines/gagan_modules/model_impute.py:146: The name tf.placeholder is deprecated. Please use tf.compat.v1.placeholder instead.

W1110 10:24:14.946954 139630828967104 module_wrapper.py:139] From /home/zhoujianping/Research/MagiNet/baselines/gagan_modules/model_impute.py:65: The name tf.variable_scope is deprecated. Please use tf.compat.v1.variable_scope instead.

W1110 10:24:14.951239 139630828967104 module_wrapper.py:139] From /home/zhoujianping/Research/MagiNet/baselines/gagan_modules/utils.py:102: The name tf.get_variable is deprecated. Please use tf.compat.v1.get_variable instead.

W1110 10:24:14.951403 139630828967104 lazy_loader.py:50] 
The TensorFlow contrib module will not be included in TensorFlow 2.0.
For more information, please see:
  * https://github.com/tensorflow/community/blob/master/rfcs/20180907-contrib-sunset.md
  * https://github.com/tensorflow/addons
  * https://github.com/tensorflow/io (for I/O related ops)
If you depend on functionality not listed there, please file an issue.

/home/zhoujianping/Research/MagiNet/baselines/gagan_modules/layers.py:18: RuntimeWarning: invalid value encountered in true_divide
  self.adj = adj / np.sum(adj, axis=1).reshape(-1, 1)  # mean aggregate
W1110 10:24:17.708765 139630828967104 deprecation.py:506] From /home/zhoujianping/Research/MagiNet/baselines/gagan_modules/utils.py:110: calling Constant.__init__ (from tensorflow.python.ops.init_ops) with dtype is deprecated and will be removed in a future version.
Instructions for updating:
Call initializer instance with the dtype argument instead of passing it to the constructor
W1110 10:24:17.787115 139630828967104 module_wrapper.py:139] From /home/zhoujianping/Research/MagiNet/baselines/gagan_modules/model_impute.py:169: The name tf.trainable_variables is deprecated. Please use tf.compat.v1.trainable_variables instead.

W1110 10:24:17.803467 139630828967104 module_wrapper.py:139] From /home/zhoujianping/Research/MagiNet/baselines/gagan_modules/model_impute.py:177: The name tf.train.RMSPropOptimizer is deprecated. Please use tf.compat.v1.train.RMSPropOptimizer instead.

W1110 10:24:17.943188 139630828967104 deprecation.py:506] From /home/zhoujianping/miniconda3/envs/tf1.14/lib/python3.7/site-packages/tensorflow_core/python/training/rmsprop.py:119: calling Ones.__init__ (from tensorflow.python.ops.init_ops) with dtype is deprecated and will be removed in a future version.
Instructions for updating:
Call initializer instance with the dtype argument instead of passing it to the constructor
W1110 10:24:18.378210 139630828967104 module_wrapper.py:139] From /home/zhoujianping/Research/MagiNet/baselines/gagan_modules/model_impute.py:193: The name tf.global_variables_initializer is deprecated. Please use tf.compat.v1.global_variables_initializer instead.

W1110 10:24:19.058367 139630828967104 module_wrapper.py:139] From /home/zhoujianping/Research/MagiNet/baselines/gagan_modules/model_impute.py:196: The name tf.train.Saver is deprecated. Please use tf.compat.v1.train.Saver instead.

Epoch:[0], G_Loss:94.8748, D_Loss:-0.00104055, Val_RMSE:9.0481, use_time:0.07min
Epoch:[20], G_Loss:8.2365, D_Loss:-0.00026598, Val_RMSE:3.1356, use_time:1.21min
Epoch:[40], G_Loss:6.2638, D_Loss:-0.00023390, Val_RMSE:2.8162, use_time:2.36min
Epoch:[60], G_Loss:5.5316, D_Loss:-0.00021535, Val_RMSE:2.6962, use_time:3.53min
Epoch:[80], G_Loss:5.0968, D_Loss:-0.00019874, Val_RMSE:2.6249, use_time:4.73min
Epoch:[100], G_Loss:4.8061, D_Loss:-0.00018995, Val_RMSE:2.5781, use_time:5.88min
Epoch:[120], G_Loss:4.6049, D_Loss:-0.00018409, Val_RMSE:2.5430, use_time:6.99min
Epoch:[140], G_Loss:4.4545, D_Loss:-0.00017829, Val_RMSE:2.5154, use_time:8.16min
Epoch:[160], G_Loss:4.3290, D_Loss:-0.00017299, Val_RMSE:2.4909, use_time:9.31min
Epoch:[180], G_Loss:4.2179, D_Loss:-0.00016740, Val_RMSE:2.4679, use_time:10.41min
Epoch:[200], G_Loss:4.1144, D_Loss:-0.00016222, Val_RMSE:2.4441, use_time:11.52min
Epoch:[220], G_Loss:4.0196, D_Loss:-0.00015621, Val_RMSE:2.4206, use_time:12.67min
Epoch:[240], G_Loss:3.9312, D_Loss:-0.00015098, Val_RMSE:2.3983, use_time:13.81min
Epoch:[260], G_Loss:3.8505, D_Loss:-0.00014600, Val_RMSE:2.3788, use_time:14.96min
Epoch:[280], G_Loss:3.7756, D_Loss:-0.00014319, Val_RMSE:2.3617, use_time:16.10min
Epoch:[300], G_Loss:3.7051, D_Loss:-0.00013957, Val_RMSE:2.3457, use_time:17.18min
Epoch:[320], G_Loss:3.6414, D_Loss:-0.00014029, Val_RMSE:2.3304, use_time:18.26min
Epoch:[340], G_Loss:3.5831, D_Loss:-0.00013741, Val_RMSE:2.3158, use_time:19.33min
Epoch:[360], G_Loss:3.5295, D_Loss:-0.00013516, Val_RMSE:2.3014, use_time:20.42min
Epoch:[380], G_Loss:3.4797, D_Loss:-0.00013307, Val_RMSE:2.2884, use_time:21.52min
Epoch:[400], G_Loss:3.4328, D_Loss:-0.00013118, Val_RMSE:2.2758, use_time:22.61min
Epoch:[420], G_Loss:3.3879, D_Loss:-0.00012953, Val_RMSE:2.2636, use_time:23.69min
Epoch:[440], G_Loss:3.3445, D_Loss:-0.00012749, Val_RMSE:2.2515, use_time:24.73min
Epoch:[460], G_Loss:3.3019, D_Loss:-0.00012609, Val_RMSE:2.2382, use_time:25.82min
Epoch:[480], G_Loss:3.2625, D_Loss:-0.00012424, Val_RMSE:2.2289, use_time:26.92min
['GA_GAN_concat', 'PEMS-BAY_MNAR', 1.135234, 2.2161083, 2.3297827099999457, 'MNAR', 0.5, 0.01, 500, 32, [32, 64], [32, 64], [64, 32], '11-10 10:52:18']
model_name: GA_GAN_concat, data_name: PEMS-BAY_MNAR
MAE: 1.135233998298645, RMSE: 2.2161083221435547, MAPE: 2.3297827099999457
Spend time: 1687.9523270130157
