Using TensorFlow backend.
WARNING: Logging before flag parsing goes to stderr.
W1110 11:20:13.787902 140224541361344 __init__.py:329] Limited tf.compat.v2.summary API due to missing TensorBoard installation.
W1110 11:20:17.947876 140224541361344 module_wrapper.py:139] From gagan.py:59: The name tf.random.set_random_seed is deprecated. Please use tf.compat.v1.random.set_random_seed instead.

(325, 325)
W1110 11:20:19.572174 140224541361344 module_wrapper.py:139] From /home/zhoujianping/Research/MagiNet/baselines/gagan_modules/utils.py:76: The name tf.ConfigProto is deprecated. Please use tf.compat.v1.ConfigProto instead.

W1110 11:20:19.572462 140224541361344 module_wrapper.py:139] From /home/zhoujianping/Research/MagiNet/baselines/gagan_modules/utils.py:78: The name tf.Session is deprecated. Please use tf.compat.v1.Session instead.

W1110 11:20:19.782683 140224541361344 module_wrapper.py:139] From gagan.py:141: The name tf.reset_default_graph is deprecated. Please use tf.compat.v1.reset_default_graph instead.

W1110 11:20:19.843976 140224541361344 module_wrapper.py:139] From /home/zhoujianping/Research/MagiNet/baselines/gagan_modules/model_impute.py:146: The name tf.placeholder is deprecated. Please use tf.compat.v1.placeholder instead.

W1110 11:20:19.845506 140224541361344 module_wrapper.py:139] From /home/zhoujianping/Research/MagiNet/baselines/gagan_modules/model_impute.py:65: The name tf.variable_scope is deprecated. Please use tf.compat.v1.variable_scope instead.

W1110 11:20:19.849068 140224541361344 module_wrapper.py:139] From /home/zhoujianping/Research/MagiNet/baselines/gagan_modules/utils.py:102: The name tf.get_variable is deprecated. Please use tf.compat.v1.get_variable instead.

W1110 11:20:19.849194 140224541361344 lazy_loader.py:50] 
The TensorFlow contrib module will not be included in TensorFlow 2.0.
For more information, please see:
  * https://github.com/tensorflow/community/blob/master/rfcs/20180907-contrib-sunset.md
  * https://github.com/tensorflow/addons
  * https://github.com/tensorflow/io (for I/O related ops)
If you depend on functionality not listed there, please file an issue.

/home/zhoujianping/Research/MagiNet/baselines/gagan_modules/layers.py:18: RuntimeWarning: invalid value encountered in true_divide
  self.adj = adj / np.sum(adj, axis=1).reshape(-1, 1)  # mean aggregate
W1110 11:20:22.123994 140224541361344 deprecation.py:506] From /home/zhoujianping/Research/MagiNet/baselines/gagan_modules/utils.py:110: calling Constant.__init__ (from tensorflow.python.ops.init_ops) with dtype is deprecated and will be removed in a future version.
Instructions for updating:
Call initializer instance with the dtype argument instead of passing it to the constructor
W1110 11:20:22.202124 140224541361344 module_wrapper.py:139] From /home/zhoujianping/Research/MagiNet/baselines/gagan_modules/model_impute.py:169: The name tf.trainable_variables is deprecated. Please use tf.compat.v1.trainable_variables instead.

W1110 11:20:22.218389 140224541361344 module_wrapper.py:139] From /home/zhoujianping/Research/MagiNet/baselines/gagan_modules/model_impute.py:177: The name tf.train.RMSPropOptimizer is deprecated. Please use tf.compat.v1.train.RMSPropOptimizer instead.

W1110 11:20:22.357209 140224541361344 deprecation.py:506] From /home/zhoujianping/miniconda3/envs/tf1.14/lib/python3.7/site-packages/tensorflow_core/python/training/rmsprop.py:119: calling Ones.__init__ (from tensorflow.python.ops.init_ops) with dtype is deprecated and will be removed in a future version.
Instructions for updating:
Call initializer instance with the dtype argument instead of passing it to the constructor
W1110 11:20:22.803726 140224541361344 module_wrapper.py:139] From /home/zhoujianping/Research/MagiNet/baselines/gagan_modules/model_impute.py:193: The name tf.global_variables_initializer is deprecated. Please use tf.compat.v1.global_variables_initializer instead.

W1110 11:20:23.467808 140224541361344 module_wrapper.py:139] From /home/zhoujianping/Research/MagiNet/baselines/gagan_modules/model_impute.py:196: The name tf.train.Saver is deprecated. Please use tf.compat.v1.train.Saver instead.

Epoch:[0], G_Loss:99.3054, D_Loss:-0.00141663, Val_RMSE:9.3959, use_time:0.06min
Epoch:[20], G_Loss:8.1871, D_Loss:-0.00015898, Val_RMSE:3.1091, use_time:1.20min
Epoch:[40], G_Loss:6.2430, D_Loss:-0.00012398, Val_RMSE:2.8203, use_time:2.32min
Epoch:[60], G_Loss:5.5754, D_Loss:-0.00019928, Val_RMSE:2.7163, use_time:3.44min
Epoch:[80], G_Loss:5.1934, D_Loss:-0.00018759, Val_RMSE:2.6570, use_time:4.57min
Epoch:[100], G_Loss:4.9253, D_Loss:-0.00017672, Val_RMSE:2.6092, use_time:5.69min
Epoch:[120], G_Loss:4.7267, D_Loss:-0.00016826, Val_RMSE:2.5694, use_time:6.83min
Epoch:[140], G_Loss:4.5649, D_Loss:-0.00016068, Val_RMSE:2.5347, use_time:7.99min
Epoch:[160], G_Loss:4.4258, D_Loss:-0.00015890, Val_RMSE:2.5021, use_time:9.12min
Epoch:[180], G_Loss:4.3016, D_Loss:-0.00015153, Val_RMSE:2.4732, use_time:10.27min
Epoch:[200], G_Loss:4.1877, D_Loss:-0.00014201, Val_RMSE:2.4459, use_time:11.38min
Epoch:[220], G_Loss:4.0858, D_Loss:-0.00013397, Val_RMSE:2.4224, use_time:12.50min
Epoch:[240], G_Loss:3.9924, D_Loss:-0.00012757, Val_RMSE:2.4001, use_time:13.62min
Epoch:[260], G_Loss:3.9049, D_Loss:-0.00012073, Val_RMSE:2.3789, use_time:14.74min
Epoch:[280], G_Loss:3.8224, D_Loss:-0.00011605, Val_RMSE:2.3592, use_time:15.84min
Epoch:[300], G_Loss:3.7442, D_Loss:-0.00011149, Val_RMSE:2.3398, use_time:16.96min
Epoch:[320], G_Loss:3.6715, D_Loss:-0.00010818, Val_RMSE:2.3222, use_time:18.10min
Epoch:[340], G_Loss:3.6038, D_Loss:-0.00010534, Val_RMSE:2.3057, use_time:19.25min
Epoch:[360], G_Loss:3.5426, D_Loss:-0.00010299, Val_RMSE:2.2904, use_time:20.41min
Epoch:[380], G_Loss:3.4877, D_Loss:-0.00010140, Val_RMSE:2.2774, use_time:21.56min
Epoch:[400], G_Loss:3.4388, D_Loss:-0.00009943, Val_RMSE:2.2657, use_time:22.71min
Epoch:[420], G_Loss:3.3951, D_Loss:-0.00009791, Val_RMSE:2.2546, use_time:23.83min
Epoch:[440], G_Loss:3.3543, D_Loss:-0.00009643, Val_RMSE:2.2445, use_time:24.96min
Epoch:[460], G_Loss:3.3158, D_Loss:-0.00009516, Val_RMSE:2.2351, use_time:26.08min
Epoch:[480], G_Loss:3.2791, D_Loss:-0.00009349, Val_RMSE:2.2247, use_time:27.22min
['GA_GAN_concat', 'PEMS-BAY_MNAR', 1.1299926, 2.2178063, 2.3109473102377285, 'MNAR', 0.5, 0.01, 500, 32, [32, 64], [32, 64], [64, 32], '11-10 11:48:44']
model_name: GA_GAN_concat, data_name: PEMS-BAY_MNAR
MAE: 1.1299926042556763, RMSE: 2.217806339263916, MAPE: 2.3109473102377285
Spend time: 1708.3887155056
