Using TensorFlow backend.
WARNING: Logging before flag parsing goes to stderr.
W1110 04:22:24.559314 140205343261888 __init__.py:329] Limited tf.compat.v2.summary API due to missing TensorBoard installation.
W1110 04:22:27.473643 140205343261888 module_wrapper.py:139] From gagan.py:59: The name tf.random.set_random_seed is deprecated. Please use tf.compat.v1.random.set_random_seed instead.

(325, 325)
W1110 04:22:29.033417 140205343261888 module_wrapper.py:139] From /home/zhoujianping/Research/MagiNet/baselines/gagan_modules/utils.py:76: The name tf.ConfigProto is deprecated. Please use tf.compat.v1.ConfigProto instead.

W1110 04:22:29.034780 140205343261888 module_wrapper.py:139] From /home/zhoujianping/Research/MagiNet/baselines/gagan_modules/utils.py:78: The name tf.Session is deprecated. Please use tf.compat.v1.Session instead.

W1110 04:22:29.240728 140205343261888 module_wrapper.py:139] From gagan.py:141: The name tf.reset_default_graph is deprecated. Please use tf.compat.v1.reset_default_graph instead.

W1110 04:22:29.309080 140205343261888 module_wrapper.py:139] From /home/zhoujianping/Research/MagiNet/baselines/gagan_modules/model_impute.py:146: The name tf.placeholder is deprecated. Please use tf.compat.v1.placeholder instead.

W1110 04:22:29.312940 140205343261888 module_wrapper.py:139] From /home/zhoujianping/Research/MagiNet/baselines/gagan_modules/model_impute.py:65: The name tf.variable_scope is deprecated. Please use tf.compat.v1.variable_scope instead.

W1110 04:22:29.318222 140205343261888 module_wrapper.py:139] From /home/zhoujianping/Research/MagiNet/baselines/gagan_modules/utils.py:102: The name tf.get_variable is deprecated. Please use tf.compat.v1.get_variable instead.

W1110 04:22:29.318433 140205343261888 lazy_loader.py:50] 
The TensorFlow contrib module will not be included in TensorFlow 2.0.
For more information, please see:
  * https://github.com/tensorflow/community/blob/master/rfcs/20180907-contrib-sunset.md
  * https://github.com/tensorflow/addons
  * https://github.com/tensorflow/io (for I/O related ops)
If you depend on functionality not listed there, please file an issue.

/home/zhoujianping/Research/MagiNet/baselines/gagan_modules/layers.py:18: RuntimeWarning: invalid value encountered in true_divide
  self.adj = adj / np.sum(adj, axis=1).reshape(-1, 1)  # mean aggregate
W1110 04:22:31.332719 140205343261888 deprecation.py:506] From /home/zhoujianping/Research/MagiNet/baselines/gagan_modules/utils.py:110: calling Constant.__init__ (from tensorflow.python.ops.init_ops) with dtype is deprecated and will be removed in a future version.
Instructions for updating:
Call initializer instance with the dtype argument instead of passing it to the constructor
W1110 04:22:31.398233 140205343261888 module_wrapper.py:139] From /home/zhoujianping/Research/MagiNet/baselines/gagan_modules/model_impute.py:169: The name tf.trainable_variables is deprecated. Please use tf.compat.v1.trainable_variables instead.

W1110 04:22:31.411493 140205343261888 module_wrapper.py:139] From /home/zhoujianping/Research/MagiNet/baselines/gagan_modules/model_impute.py:177: The name tf.train.RMSPropOptimizer is deprecated. Please use tf.compat.v1.train.RMSPropOptimizer instead.

W1110 04:22:31.526115 140205343261888 deprecation.py:506] From /home/zhoujianping/miniconda3/envs/tf1.14/lib/python3.7/site-packages/tensorflow_core/python/training/rmsprop.py:119: calling Ones.__init__ (from tensorflow.python.ops.init_ops) with dtype is deprecated and will be removed in a future version.
Instructions for updating:
Call initializer instance with the dtype argument instead of passing it to the constructor
W1110 04:22:31.952608 140205343261888 module_wrapper.py:139] From /home/zhoujianping/Research/MagiNet/baselines/gagan_modules/model_impute.py:193: The name tf.global_variables_initializer is deprecated. Please use tf.compat.v1.global_variables_initializer instead.

W1110 04:22:32.632191 140205343261888 module_wrapper.py:139] From /home/zhoujianping/Research/MagiNet/baselines/gagan_modules/model_impute.py:196: The name tf.train.Saver is deprecated. Please use tf.compat.v1.train.Saver instead.

Epoch:[0], G_Loss:78.6672, D_Loss:-0.00107484, Val_RMSE:7.7973, use_time:0.07min
Epoch:[20], G_Loss:5.0213, D_Loss:-0.00012828, Val_RMSE:2.5670, use_time:1.14min
Epoch:[40], G_Loss:3.8798, D_Loss:-0.00011166, Val_RMSE:2.3902, use_time:2.23min
Epoch:[60], G_Loss:3.3888, D_Loss:-0.00011283, Val_RMSE:2.3005, use_time:3.33min
Epoch:[80], G_Loss:3.0719, D_Loss:-0.00010887, Val_RMSE:2.2404, use_time:4.42min
Epoch:[100], G_Loss:2.8369, D_Loss:-0.00010390, Val_RMSE:2.1880, use_time:5.52min
Epoch:[120], G_Loss:2.6604, D_Loss:-0.00009532, Val_RMSE:2.1494, use_time:6.59min
Epoch:[140], G_Loss:2.5197, D_Loss:-0.00009011, Val_RMSE:2.1216, use_time:7.68min
Epoch:[160], G_Loss:2.4009, D_Loss:-0.00008173, Val_RMSE:2.0979, use_time:8.75min
Epoch:[180], G_Loss:2.2985, D_Loss:-0.00007475, Val_RMSE:2.0753, use_time:9.84min
Epoch:[200], G_Loss:2.2127, D_Loss:-0.00006910, Val_RMSE:2.0542, use_time:10.92min
Epoch:[220], G_Loss:2.1383, D_Loss:-0.00006488, Val_RMSE:2.0335, use_time:12.01min
Epoch:[240], G_Loss:2.0741, D_Loss:-0.00006481, Val_RMSE:2.0148, use_time:13.11min
Epoch:[260], G_Loss:2.0177, D_Loss:-0.00006220, Val_RMSE:1.9979, use_time:14.20min
Epoch:[280], G_Loss:1.9681, D_Loss:-0.00005998, Val_RMSE:1.9827, use_time:15.30min
Epoch:[300], G_Loss:1.9246, D_Loss:-0.00005768, Val_RMSE:1.9682, use_time:16.40min
Epoch:[320], G_Loss:1.8852, D_Loss:-0.00005623, Val_RMSE:1.9544, use_time:17.48min
Epoch:[340], G_Loss:1.8490, D_Loss:-0.00005444, Val_RMSE:1.9425, use_time:18.57min
Epoch:[360], G_Loss:1.8160, D_Loss:-0.00005336, Val_RMSE:1.9326, use_time:19.63min
Epoch:[380], G_Loss:1.7855, D_Loss:-0.00005838, Val_RMSE:1.9236, use_time:20.73min
Epoch:[400], G_Loss:1.7573, D_Loss:-0.00006963, Val_RMSE:1.9162, use_time:21.85min
Epoch:[420], G_Loss:1.7315, D_Loss:-0.00007478, Val_RMSE:1.9093, use_time:22.98min
Epoch:[440], G_Loss:1.7077, D_Loss:-0.00008157, Val_RMSE:1.9026, use_time:24.08min
Epoch:[460], G_Loss:1.6859, D_Loss:-0.00009263, Val_RMSE:1.8964, use_time:25.17min
Epoch:[480], G_Loss:1.6651, D_Loss:-0.00009542, Val_RMSE:1.8907, use_time:26.25min
['GA_GAN_concat', 'PEMS-BAY_MAR', 1.0070478, 1.8339014, 2.051539939914305, 'MAR', 0.5, 0.01, 500, 32, [32, 64], [32, 64], [64, 32], '11-10 04:49:50']
model_name: GA_GAN_concat, data_name: PEMS-BAY_MAR
MAE: 1.0070477724075317, RMSE: 1.8339014053344727, MAPE: 2.051539939914305
Spend time: 1643.6104636192322
