Using TensorFlow backend.
WARNING: Logging before flag parsing goes to stderr.
W1110 00:38:53.376637 140303537693888 __init__.py:329] Limited tf.compat.v2.summary API due to missing TensorBoard installation.
W1110 00:38:55.792895 140303537693888 module_wrapper.py:139] From gagan.py:59: The name tf.random.set_random_seed is deprecated. Please use tf.compat.v1.random.set_random_seed instead.

(323, 323)
W1110 00:38:58.797594 140303537693888 module_wrapper.py:139] From /home/zhoujianping/Research/MagiNet/baselines/gagan_modules/utils.py:76: The name tf.ConfigProto is deprecated. Please use tf.compat.v1.ConfigProto instead.

W1110 00:38:58.798083 140303537693888 module_wrapper.py:139] From /home/zhoujianping/Research/MagiNet/baselines/gagan_modules/utils.py:78: The name tf.Session is deprecated. Please use tf.compat.v1.Session instead.

W1110 00:38:59.201062 140303537693888 module_wrapper.py:139] From gagan.py:141: The name tf.reset_default_graph is deprecated. Please use tf.compat.v1.reset_default_graph instead.

W1110 00:38:59.284720 140303537693888 module_wrapper.py:139] From /home/zhoujianping/Research/MagiNet/baselines/gagan_modules/model_impute.py:146: The name tf.placeholder is deprecated. Please use tf.compat.v1.placeholder instead.

W1110 00:38:59.286895 140303537693888 module_wrapper.py:139] From /home/zhoujianping/Research/MagiNet/baselines/gagan_modules/model_impute.py:65: The name tf.variable_scope is deprecated. Please use tf.compat.v1.variable_scope instead.

W1110 00:38:59.291220 140303537693888 module_wrapper.py:139] From /home/zhoujianping/Research/MagiNet/baselines/gagan_modules/utils.py:102: The name tf.get_variable is deprecated. Please use tf.compat.v1.get_variable instead.

W1110 00:38:59.291406 140303537693888 lazy_loader.py:50] 
The TensorFlow contrib module will not be included in TensorFlow 2.0.
For more information, please see:
  * https://github.com/tensorflow/community/blob/master/rfcs/20180907-contrib-sunset.md
  * https://github.com/tensorflow/addons
  * https://github.com/tensorflow/io (for I/O related ops)
If you depend on functionality not listed there, please file an issue.

W1110 00:39:01.155735 140303537693888 deprecation.py:506] From /home/zhoujianping/Research/MagiNet/baselines/gagan_modules/utils.py:110: calling Constant.__init__ (from tensorflow.python.ops.init_ops) with dtype is deprecated and will be removed in a future version.
Instructions for updating:
Call initializer instance with the dtype argument instead of passing it to the constructor
W1110 00:39:01.233208 140303537693888 module_wrapper.py:139] From /home/zhoujianping/Research/MagiNet/baselines/gagan_modules/model_impute.py:169: The name tf.trainable_variables is deprecated. Please use tf.compat.v1.trainable_variables instead.

W1110 00:39:01.249341 140303537693888 module_wrapper.py:139] From /home/zhoujianping/Research/MagiNet/baselines/gagan_modules/model_impute.py:177: The name tf.train.RMSPropOptimizer is deprecated. Please use tf.compat.v1.train.RMSPropOptimizer instead.

W1110 00:39:01.386349 140303537693888 deprecation.py:506] From /home/zhoujianping/miniconda3/envs/tf1.14/lib/python3.7/site-packages/tensorflow_core/python/training/rmsprop.py:119: calling Ones.__init__ (from tensorflow.python.ops.init_ops) with dtype is deprecated and will be removed in a future version.
Instructions for updating:
Call initializer instance with the dtype argument instead of passing it to the constructor
W1110 00:39:01.816499 140303537693888 module_wrapper.py:139] From /home/zhoujianping/Research/MagiNet/baselines/gagan_modules/model_impute.py:193: The name tf.global_variables_initializer is deprecated. Please use tf.compat.v1.global_variables_initializer instead.

W1110 00:39:02.524460 140303537693888 module_wrapper.py:139] From /home/zhoujianping/Research/MagiNet/baselines/gagan_modules/model_impute.py:196: The name tf.train.Saver is deprecated. Please use tf.compat.v1.train.Saver instead.

Epoch:[0], G_Loss:61.6334, D_Loss:-0.00192995, Val_RMSE:7.1126, use_time:0.11min
Epoch:[20], G_Loss:6.0283, D_Loss:-0.00017612, Val_RMSE:4.4036, use_time:2.16min
Epoch:[40], G_Loss:5.2632, D_Loss:-0.00016075, Val_RMSE:4.3150, use_time:4.20min
Epoch:[60], G_Loss:4.8708, D_Loss:-0.00014686, Val_RMSE:4.2591, use_time:6.24min
Epoch:[80], G_Loss:4.6026, D_Loss:-0.00013697, Val_RMSE:4.2144, use_time:8.30min
Epoch:[100], G_Loss:4.3953, D_Loss:-0.00012914, Val_RMSE:4.1747, use_time:10.33min
Epoch:[120], G_Loss:4.2232, D_Loss:-0.00012194, Val_RMSE:4.1368, use_time:12.37min
Epoch:[140], G_Loss:4.0765, D_Loss:-0.00011583, Val_RMSE:4.1042, use_time:14.39min
Epoch:[160], G_Loss:3.9468, D_Loss:-0.00011085, Val_RMSE:4.0770, use_time:16.41min
Epoch:[180], G_Loss:3.8326, D_Loss:-0.00010735, Val_RMSE:4.0525, use_time:18.46min
Epoch:[200], G_Loss:3.7330, D_Loss:-0.00010414, Val_RMSE:4.0304, use_time:20.50min
Epoch:[220], G_Loss:3.6432, D_Loss:-0.00009979, Val_RMSE:4.0088, use_time:22.54min
Epoch:[240], G_Loss:3.5636, D_Loss:-0.00009517, Val_RMSE:3.9884, use_time:24.60min
Epoch:[260], G_Loss:3.4923, D_Loss:-0.00009184, Val_RMSE:3.9697, use_time:26.63min
Epoch:[280], G_Loss:3.4282, D_Loss:-0.00008992, Val_RMSE:3.9513, use_time:28.70min
Epoch:[300], G_Loss:3.3721, D_Loss:-0.00008722, Val_RMSE:3.9353, use_time:30.76min
Epoch:[320], G_Loss:3.3222, D_Loss:-0.00008605, Val_RMSE:3.9207, use_time:32.81min
Epoch:[340], G_Loss:3.2768, D_Loss:-0.00008489, Val_RMSE:3.9075, use_time:34.86min
Epoch:[360], G_Loss:3.2346, D_Loss:-0.00008433, Val_RMSE:3.8951, use_time:36.94min
Epoch:[380], G_Loss:3.1953, D_Loss:-0.00008325, Val_RMSE:3.8833, use_time:39.02min
Epoch:[400], G_Loss:3.1584, D_Loss:-0.00008172, Val_RMSE:3.8727, use_time:41.12min
Epoch:[420], G_Loss:3.1248, D_Loss:-0.00008059, Val_RMSE:3.8636, use_time:43.20min
Epoch:[440], G_Loss:3.0939, D_Loss:-0.00007982, Val_RMSE:3.8546, use_time:45.25min
Epoch:[460], G_Loss:3.0652, D_Loss:-0.00007925, Val_RMSE:3.8469, use_time:47.33min
Epoch:[480], G_Loss:3.0386, D_Loss:-0.00007833, Val_RMSE:3.8396, use_time:49.39min
['GA_GAN_concat', 'Seattle_MAR', 2.5511878, 3.760886, 6.224959348241519, 'MAR', 0.5, 0.01, 500, 32, [32, 64], [32, 64], [64, 32], '11-10 01:30:24']
model_name: GA_GAN_concat, data_name: Seattle_MAR
MAE: 2.551187753677368, RMSE: 3.7608859539031982, MAPE: 6.224959348241519
Spend time: 3090.290880203247
