Using TensorFlow backend.
WARNING: Logging before flag parsing goes to stderr.
W1109 23:47:38.846855 140042671629504 __init__.py:329] Limited tf.compat.v2.summary API due to missing TensorBoard installation.
W1109 23:47:41.487863 140042671629504 module_wrapper.py:139] From gagan.py:59: The name tf.random.set_random_seed is deprecated. Please use tf.compat.v1.random.set_random_seed instead.

(323, 323)
W1109 23:47:48.154897 140042671629504 module_wrapper.py:139] From /home/zhoujianping/Research/MagiNet/baselines/gagan_modules/utils.py:76: The name tf.ConfigProto is deprecated. Please use tf.compat.v1.ConfigProto instead.

W1109 23:47:48.155441 140042671629504 module_wrapper.py:139] From /home/zhoujianping/Research/MagiNet/baselines/gagan_modules/utils.py:78: The name tf.Session is deprecated. Please use tf.compat.v1.Session instead.

W1109 23:47:48.396854 140042671629504 module_wrapper.py:139] From gagan.py:141: The name tf.reset_default_graph is deprecated. Please use tf.compat.v1.reset_default_graph instead.

W1109 23:47:48.471086 140042671629504 module_wrapper.py:139] From /home/zhoujianping/Research/MagiNet/baselines/gagan_modules/model_impute.py:146: The name tf.placeholder is deprecated. Please use tf.compat.v1.placeholder instead.

W1109 23:47:48.473011 140042671629504 module_wrapper.py:139] From /home/zhoujianping/Research/MagiNet/baselines/gagan_modules/model_impute.py:65: The name tf.variable_scope is deprecated. Please use tf.compat.v1.variable_scope instead.

W1109 23:47:48.478590 140042671629504 module_wrapper.py:139] From /home/zhoujianping/Research/MagiNet/baselines/gagan_modules/utils.py:102: The name tf.get_variable is deprecated. Please use tf.compat.v1.get_variable instead.

W1109 23:47:48.478750 140042671629504 lazy_loader.py:50] 
The TensorFlow contrib module will not be included in TensorFlow 2.0.
For more information, please see:
  * https://github.com/tensorflow/community/blob/master/rfcs/20180907-contrib-sunset.md
  * https://github.com/tensorflow/addons
  * https://github.com/tensorflow/io (for I/O related ops)
If you depend on functionality not listed there, please file an issue.

W1109 23:47:50.071805 140042671629504 deprecation.py:506] From /home/zhoujianping/Research/MagiNet/baselines/gagan_modules/utils.py:110: calling Constant.__init__ (from tensorflow.python.ops.init_ops) with dtype is deprecated and will be removed in a future version.
Instructions for updating:
Call initializer instance with the dtype argument instead of passing it to the constructor
W1109 23:47:50.149199 140042671629504 module_wrapper.py:139] From /home/zhoujianping/Research/MagiNet/baselines/gagan_modules/model_impute.py:169: The name tf.trainable_variables is deprecated. Please use tf.compat.v1.trainable_variables instead.

W1109 23:47:50.165448 140042671629504 module_wrapper.py:139] From /home/zhoujianping/Research/MagiNet/baselines/gagan_modules/model_impute.py:177: The name tf.train.RMSPropOptimizer is deprecated. Please use tf.compat.v1.train.RMSPropOptimizer instead.

W1109 23:47:50.319499 140042671629504 deprecation.py:506] From /home/zhoujianping/miniconda3/envs/tf1.14/lib/python3.7/site-packages/tensorflow_core/python/training/rmsprop.py:119: calling Ones.__init__ (from tensorflow.python.ops.init_ops) with dtype is deprecated and will be removed in a future version.
Instructions for updating:
Call initializer instance with the dtype argument instead of passing it to the constructor
W1109 23:47:50.765827 140042671629504 module_wrapper.py:139] From /home/zhoujianping/Research/MagiNet/baselines/gagan_modules/model_impute.py:193: The name tf.global_variables_initializer is deprecated. Please use tf.compat.v1.global_variables_initializer instead.

W1109 23:47:51.439874 140042671629504 module_wrapper.py:139] From /home/zhoujianping/Research/MagiNet/baselines/gagan_modules/model_impute.py:196: The name tf.train.Saver is deprecated. Please use tf.compat.v1.train.Saver instead.

Epoch:[0], G_Loss:62.8792, D_Loss:-0.00193741, Val_RMSE:7.4082, use_time:0.11min
Epoch:[20], G_Loss:6.1255, D_Loss:-0.00020917, Val_RMSE:4.4057, use_time:2.16min
Epoch:[40], G_Loss:5.3503, D_Loss:-0.00018743, Val_RMSE:4.3190, use_time:4.20min
Epoch:[60], G_Loss:4.9392, D_Loss:-0.00017393, Val_RMSE:4.2582, use_time:6.27min
Epoch:[80], G_Loss:4.6930, D_Loss:-0.00016353, Val_RMSE:4.2201, use_time:8.32min
Epoch:[100], G_Loss:4.5154, D_Loss:-0.00015606, Val_RMSE:4.1919, use_time:10.35min
Epoch:[120], G_Loss:4.3695, D_Loss:-0.00014998, Val_RMSE:4.1645, use_time:12.37min
Epoch:[140], G_Loss:4.2389, D_Loss:-0.00014405, Val_RMSE:4.1388, use_time:14.41min
Epoch:[160], G_Loss:4.1208, D_Loss:-0.00013905, Val_RMSE:4.1146, use_time:16.44min
Epoch:[180], G_Loss:4.0118, D_Loss:-0.00013343, Val_RMSE:4.0921, use_time:18.45min
Epoch:[200], G_Loss:3.9089, D_Loss:-0.00012796, Val_RMSE:4.0695, use_time:20.50min
Epoch:[220], G_Loss:3.8145, D_Loss:-0.00012313, Val_RMSE:4.0471, use_time:22.52min
Epoch:[240], G_Loss:3.7294, D_Loss:-0.00011831, Val_RMSE:4.0242, use_time:24.54min
Epoch:[260], G_Loss:3.6526, D_Loss:-0.00011436, Val_RMSE:4.0032, use_time:26.58min
Epoch:[280], G_Loss:3.5824, D_Loss:-0.00011068, Val_RMSE:3.9833, use_time:28.62min
Epoch:[300], G_Loss:3.5160, D_Loss:-0.00010740, Val_RMSE:3.9657, use_time:30.66min
Epoch:[320], G_Loss:3.4548, D_Loss:-0.00010448, Val_RMSE:3.9478, use_time:32.68min
Epoch:[340], G_Loss:3.3995, D_Loss:-0.00010199, Val_RMSE:3.9321, use_time:34.72min
Epoch:[360], G_Loss:3.3498, D_Loss:-0.00010002, Val_RMSE:3.9176, use_time:36.76min
Epoch:[380], G_Loss:3.3044, D_Loss:-0.00009818, Val_RMSE:3.9044, use_time:38.79min
Epoch:[400], G_Loss:3.2633, D_Loss:-0.00009669, Val_RMSE:3.8917, use_time:40.82min
Epoch:[420], G_Loss:3.2255, D_Loss:-0.00009539, Val_RMSE:3.8813, use_time:42.86min
Epoch:[440], G_Loss:3.1905, D_Loss:-0.00009423, Val_RMSE:3.8717, use_time:44.91min
Epoch:[460], G_Loss:3.1581, D_Loss:-0.00009302, Val_RMSE:3.8630, use_time:46.93min
Epoch:[480], G_Loss:3.1284, D_Loss:-0.00009215, Val_RMSE:3.8550, use_time:48.95min
['GA_GAN_concat', 'Seattle_MAR', 2.5582135, 3.7793374, 6.25240443308333, 'MAR', 0.5, 0.01, 500, 32, [32, 64], [32, 64], [64, 32], '11-10 00:38:45']
model_name: GA_GAN_concat, data_name: Seattle_MAR
MAE: 2.558213472366333, RMSE: 3.7793374061584473, MAPE: 6.25240443308333
Spend time: 3066.314091205597
