Using TensorFlow backend.
WARNING: Logging before flag parsing goes to stderr.
W1110 07:03:23.146213 140222946448576 __init__.py:329] Limited tf.compat.v2.summary API due to missing TensorBoard installation.
W1110 07:03:25.449216 140222946448576 module_wrapper.py:139] From gagan.py:59: The name tf.random.set_random_seed is deprecated. Please use tf.compat.v1.random.set_random_seed instead.

(323, 323)
W1110 07:03:28.396431 140222946448576 module_wrapper.py:139] From /home/zhoujianping/Research/MagiNet/baselines/gagan_modules/utils.py:76: The name tf.ConfigProto is deprecated. Please use tf.compat.v1.ConfigProto instead.

W1110 07:03:28.398001 140222946448576 module_wrapper.py:139] From /home/zhoujianping/Research/MagiNet/baselines/gagan_modules/utils.py:78: The name tf.Session is deprecated. Please use tf.compat.v1.Session instead.

W1110 07:03:28.626446 140222946448576 module_wrapper.py:139] From gagan.py:141: The name tf.reset_default_graph is deprecated. Please use tf.compat.v1.reset_default_graph instead.

W1110 07:03:28.703608 140222946448576 module_wrapper.py:139] From /home/zhoujianping/Research/MagiNet/baselines/gagan_modules/model_impute.py:146: The name tf.placeholder is deprecated. Please use tf.compat.v1.placeholder instead.

W1110 07:03:28.708420 140222946448576 module_wrapper.py:139] From /home/zhoujianping/Research/MagiNet/baselines/gagan_modules/model_impute.py:65: The name tf.variable_scope is deprecated. Please use tf.compat.v1.variable_scope instead.

W1110 07:03:28.714361 140222946448576 module_wrapper.py:139] From /home/zhoujianping/Research/MagiNet/baselines/gagan_modules/utils.py:102: The name tf.get_variable is deprecated. Please use tf.compat.v1.get_variable instead.

W1110 07:03:28.714615 140222946448576 lazy_loader.py:50] 
The TensorFlow contrib module will not be included in TensorFlow 2.0.
For more information, please see:
  * https://github.com/tensorflow/community/blob/master/rfcs/20180907-contrib-sunset.md
  * https://github.com/tensorflow/addons
  * https://github.com/tensorflow/io (for I/O related ops)
If you depend on functionality not listed there, please file an issue.

W1110 07:03:30.172826 140222946448576 deprecation.py:506] From /home/zhoujianping/Research/MagiNet/baselines/gagan_modules/utils.py:110: calling Constant.__init__ (from tensorflow.python.ops.init_ops) with dtype is deprecated and will be removed in a future version.
Instructions for updating:
Call initializer instance with the dtype argument instead of passing it to the constructor
W1110 07:03:30.253835 140222946448576 module_wrapper.py:139] From /home/zhoujianping/Research/MagiNet/baselines/gagan_modules/model_impute.py:169: The name tf.trainable_variables is deprecated. Please use tf.compat.v1.trainable_variables instead.

W1110 07:03:30.267659 140222946448576 module_wrapper.py:139] From /home/zhoujianping/Research/MagiNet/baselines/gagan_modules/model_impute.py:177: The name tf.train.RMSPropOptimizer is deprecated. Please use tf.compat.v1.train.RMSPropOptimizer instead.

W1110 07:03:30.403048 140222946448576 deprecation.py:506] From /home/zhoujianping/miniconda3/envs/tf1.14/lib/python3.7/site-packages/tensorflow_core/python/training/rmsprop.py:119: calling Ones.__init__ (from tensorflow.python.ops.init_ops) with dtype is deprecated and will be removed in a future version.
Instructions for updating:
Call initializer instance with the dtype argument instead of passing it to the constructor
W1110 07:03:30.853312 140222946448576 module_wrapper.py:139] From /home/zhoujianping/Research/MagiNet/baselines/gagan_modules/model_impute.py:193: The name tf.global_variables_initializer is deprecated. Please use tf.compat.v1.global_variables_initializer instead.

W1110 07:03:31.538448 140222946448576 module_wrapper.py:139] From /home/zhoujianping/Research/MagiNet/baselines/gagan_modules/model_impute.py:196: The name tf.train.Saver is deprecated. Please use tf.compat.v1.train.Saver instead.

Epoch:[0], G_Loss:87.4831, D_Loss:-0.00180648, Val_RMSE:9.8219, use_time:0.11min
Epoch:[20], G_Loss:9.3372, D_Loss:-0.00023405, Val_RMSE:4.4888, use_time:2.18min
Epoch:[40], G_Loss:8.6187, D_Loss:-0.00022566, Val_RMSE:4.3893, use_time:4.35min
Epoch:[60], G_Loss:8.2470, D_Loss:-0.00021769, Val_RMSE:4.3308, use_time:6.50min
Epoch:[80], G_Loss:7.9812, D_Loss:-0.00021050, Val_RMSE:4.2878, use_time:8.62min
Epoch:[100], G_Loss:7.7608, D_Loss:-0.00020444, Val_RMSE:4.2519, use_time:10.70min
Epoch:[120], G_Loss:7.5480, D_Loss:-0.00019740, Val_RMSE:4.2125, use_time:12.81min
Epoch:[140], G_Loss:7.3620, D_Loss:-0.00019141, Val_RMSE:4.1802, use_time:14.89min
Epoch:[160], G_Loss:7.1858, D_Loss:-0.00018535, Val_RMSE:4.1506, use_time:17.04min
Epoch:[180], G_Loss:7.0218, D_Loss:-0.00018040, Val_RMSE:4.1232, use_time:19.17min
Epoch:[200], G_Loss:6.8709, D_Loss:-0.00017590, Val_RMSE:4.0975, use_time:21.29min
Epoch:[220], G_Loss:6.7382, D_Loss:-0.00017126, Val_RMSE:4.0770, use_time:23.40min
Epoch:[240], G_Loss:6.6269, D_Loss:-0.00016803, Val_RMSE:4.0601, use_time:25.52min
Epoch:[260], G_Loss:6.5241, D_Loss:-0.00016499, Val_RMSE:4.0456, use_time:27.57min
Epoch:[280], G_Loss:6.4267, D_Loss:-0.00016132, Val_RMSE:4.0320, use_time:29.68min
Epoch:[300], G_Loss:6.3342, D_Loss:-0.00015814, Val_RMSE:4.0189, use_time:31.76min
Epoch:[320], G_Loss:6.2499, D_Loss:-0.00015485, Val_RMSE:4.0076, use_time:33.80min
Epoch:[340], G_Loss:6.1720, D_Loss:-0.00015153, Val_RMSE:3.9964, use_time:35.91min
Epoch:[360], G_Loss:6.0992, D_Loss:-0.00014902, Val_RMSE:3.9857, use_time:38.01min
Epoch:[380], G_Loss:6.0326, D_Loss:-0.00014603, Val_RMSE:3.9765, use_time:40.13min
Epoch:[400], G_Loss:5.9718, D_Loss:-0.00014348, Val_RMSE:3.9677, use_time:42.28min
Epoch:[420], G_Loss:5.9161, D_Loss:-0.00014082, Val_RMSE:3.9599, use_time:44.47min
Epoch:[440], G_Loss:5.8648, D_Loss:-0.00013872, Val_RMSE:3.9528, use_time:46.60min
Epoch:[460], G_Loss:5.8174, D_Loss:-0.00013719, Val_RMSE:3.9462, use_time:48.77min
Epoch:[480], G_Loss:5.7746, D_Loss:-0.00013510, Val_RMSE:3.9403, use_time:50.88min
['GA_GAN_concat', 'Seattle_MNAR', 2.5627563, 3.8792613, 6.259786362583915, 'MNAR', 0.5, 0.01, 500, 32, [32, 64], [32, 64], [64, 32], '11-10 07:56:25']
model_name: GA_GAN_concat, data_name: Seattle_MNAR
MAE: 2.562756299972534, RMSE: 3.8792612552642822, MAPE: 6.259786362583915
Spend time: 3181.5578978061676
