Using TensorFlow backend.
WARNING: Logging before flag parsing goes to stderr.
W1110 07:56:32.471380 139946411234496 __init__.py:329] Limited tf.compat.v2.summary API due to missing TensorBoard installation.
W1110 07:56:34.994791 139946411234496 module_wrapper.py:139] From gagan.py:59: The name tf.random.set_random_seed is deprecated. Please use tf.compat.v1.random.set_random_seed instead.

(323, 323)
W1110 07:56:37.924233 139946411234496 module_wrapper.py:139] From /home/zhoujianping/Research/MagiNet/baselines/gagan_modules/utils.py:76: The name tf.ConfigProto is deprecated. Please use tf.compat.v1.ConfigProto instead.

W1110 07:56:37.924561 139946411234496 module_wrapper.py:139] From /home/zhoujianping/Research/MagiNet/baselines/gagan_modules/utils.py:78: The name tf.Session is deprecated. Please use tf.compat.v1.Session instead.

W1110 07:56:38.143026 139946411234496 module_wrapper.py:139] From gagan.py:141: The name tf.reset_default_graph is deprecated. Please use tf.compat.v1.reset_default_graph instead.

W1110 07:56:38.204745 139946411234496 module_wrapper.py:139] From /home/zhoujianping/Research/MagiNet/baselines/gagan_modules/model_impute.py:146: The name tf.placeholder is deprecated. Please use tf.compat.v1.placeholder instead.

W1110 07:56:38.206837 139946411234496 module_wrapper.py:139] From /home/zhoujianping/Research/MagiNet/baselines/gagan_modules/model_impute.py:65: The name tf.variable_scope is deprecated. Please use tf.compat.v1.variable_scope instead.

W1110 07:56:38.212559 139946411234496 module_wrapper.py:139] From /home/zhoujianping/Research/MagiNet/baselines/gagan_modules/utils.py:102: The name tf.get_variable is deprecated. Please use tf.compat.v1.get_variable instead.

W1110 07:56:38.212718 139946411234496 lazy_loader.py:50] 
The TensorFlow contrib module will not be included in TensorFlow 2.0.
For more information, please see:
  * https://github.com/tensorflow/community/blob/master/rfcs/20180907-contrib-sunset.md
  * https://github.com/tensorflow/addons
  * https://github.com/tensorflow/io (for I/O related ops)
If you depend on functionality not listed there, please file an issue.

W1110 07:56:39.369763 139946411234496 deprecation.py:506] From /home/zhoujianping/Research/MagiNet/baselines/gagan_modules/utils.py:110: calling Constant.__init__ (from tensorflow.python.ops.init_ops) with dtype is deprecated and will be removed in a future version.
Instructions for updating:
Call initializer instance with the dtype argument instead of passing it to the constructor
W1110 07:56:39.447839 139946411234496 module_wrapper.py:139] From /home/zhoujianping/Research/MagiNet/baselines/gagan_modules/model_impute.py:169: The name tf.trainable_variables is deprecated. Please use tf.compat.v1.trainable_variables instead.

W1110 07:56:39.464107 139946411234496 module_wrapper.py:139] From /home/zhoujianping/Research/MagiNet/baselines/gagan_modules/model_impute.py:177: The name tf.train.RMSPropOptimizer is deprecated. Please use tf.compat.v1.train.RMSPropOptimizer instead.

W1110 07:56:39.603809 139946411234496 deprecation.py:506] From /home/zhoujianping/miniconda3/envs/tf1.14/lib/python3.7/site-packages/tensorflow_core/python/training/rmsprop.py:119: calling Ones.__init__ (from tensorflow.python.ops.init_ops) with dtype is deprecated and will be removed in a future version.
Instructions for updating:
Call initializer instance with the dtype argument instead of passing it to the constructor
W1110 07:56:40.063804 139946411234496 module_wrapper.py:139] From /home/zhoujianping/Research/MagiNet/baselines/gagan_modules/model_impute.py:193: The name tf.global_variables_initializer is deprecated. Please use tf.compat.v1.global_variables_initializer instead.

W1110 07:56:40.729483 139946411234496 module_wrapper.py:139] From /home/zhoujianping/Research/MagiNet/baselines/gagan_modules/model_impute.py:196: The name tf.train.Saver is deprecated. Please use tf.compat.v1.train.Saver instead.

Epoch:[0], G_Loss:63.8648, D_Loss:-0.00122746, Val_RMSE:7.4248, use_time:0.10min
Epoch:[20], G_Loss:9.2622, D_Loss:-0.00018922, Val_RMSE:4.4998, use_time:2.16min
Epoch:[40], G_Loss:8.5699, D_Loss:-0.00017808, Val_RMSE:4.3965, use_time:4.21min
Epoch:[60], G_Loss:8.2005, D_Loss:-0.00017171, Val_RMSE:4.3316, use_time:6.27min
Epoch:[80], G_Loss:7.9330, D_Loss:-0.00016769, Val_RMSE:4.2824, use_time:8.36min
Epoch:[100], G_Loss:7.6986, D_Loss:-0.00016423, Val_RMSE:4.2384, use_time:10.43min
Epoch:[120], G_Loss:7.4769, D_Loss:-0.00016007, Val_RMSE:4.1977, use_time:12.51min
Epoch:[140], G_Loss:7.2867, D_Loss:-0.00015570, Val_RMSE:4.1629, use_time:14.60min
Epoch:[160], G_Loss:7.1146, D_Loss:-0.00015159, Val_RMSE:4.1323, use_time:16.68min
Epoch:[180], G_Loss:6.9712, D_Loss:-0.00014728, Val_RMSE:4.1075, use_time:18.74min
Epoch:[200], G_Loss:6.8445, D_Loss:-0.00014359, Val_RMSE:4.0866, use_time:20.87min
Epoch:[220], G_Loss:6.7270, D_Loss:-0.00014010, Val_RMSE:4.0678, use_time:23.00min
Epoch:[240], G_Loss:6.6173, D_Loss:-0.00013695, Val_RMSE:4.0503, use_time:25.11min
Epoch:[260], G_Loss:6.5151, D_Loss:-0.00015165, Val_RMSE:4.0345, use_time:27.21min
Epoch:[280], G_Loss:6.4204, D_Loss:-0.00014947, Val_RMSE:4.0199, use_time:29.32min
Epoch:[300], G_Loss:6.3328, D_Loss:-0.00014723, Val_RMSE:4.0068, use_time:31.44min
Epoch:[320], G_Loss:6.2523, D_Loss:-0.00014593, Val_RMSE:3.9949, use_time:33.58min
Epoch:[340], G_Loss:6.1776, D_Loss:-0.00014402, Val_RMSE:3.9838, use_time:35.75min
Epoch:[360], G_Loss:6.1080, D_Loss:-0.00014242, Val_RMSE:3.9734, use_time:37.85min
Epoch:[380], G_Loss:6.0416, D_Loss:-0.00014133, Val_RMSE:3.9636, use_time:39.95min
Epoch:[400], G_Loss:5.9791, D_Loss:-0.00013994, Val_RMSE:3.9549, use_time:42.12min
Epoch:[420], G_Loss:5.9209, D_Loss:-0.00013819, Val_RMSE:3.9474, use_time:44.23min
Epoch:[440], G_Loss:5.8671, D_Loss:-0.00013764, Val_RMSE:3.9412, use_time:46.36min
Epoch:[460], G_Loss:5.8195, D_Loss:-0.00013635, Val_RMSE:3.9364, use_time:48.42min
Epoch:[480], G_Loss:5.7765, D_Loss:-0.00013500, Val_RMSE:3.9317, use_time:50.60min
['GA_GAN_concat', 'Seattle_MNAR', 2.5547292, 3.8676536, 6.206159498841387, 'MNAR', 0.5, 0.01, 500, 32, [32, 64], [32, 64], [64, 32], '11-10 08:49:19']
model_name: GA_GAN_concat, data_name: Seattle_MNAR
MAE: 2.5547292232513428, RMSE: 3.8676536083221436, MAPE: 6.206159498841387
Spend time: 3168.7131724357605
