Using TensorFlow backend.
WARNING: Logging before flag parsing goes to stderr.
W1110 03:18:03.559150 140315246310592 __init__.py:329] Limited tf.compat.v2.summary API due to missing TensorBoard installation.
W1110 03:18:06.148461 140315246310592 module_wrapper.py:139] From gagan.py:59: The name tf.random.set_random_seed is deprecated. Please use tf.compat.v1.random.set_random_seed instead.

(627, 627)
W1110 03:18:08.009904 140315246310592 module_wrapper.py:139] From /home/zhoujianping/Research/MagiNet/baselines/gagan_modules/utils.py:76: The name tf.ConfigProto is deprecated. Please use tf.compat.v1.ConfigProto instead.

W1110 03:18:08.010255 140315246310592 module_wrapper.py:139] From /home/zhoujianping/Research/MagiNet/baselines/gagan_modules/utils.py:78: The name tf.Session is deprecated. Please use tf.compat.v1.Session instead.

W1110 03:18:08.221221 140315246310592 module_wrapper.py:139] From gagan.py:141: The name tf.reset_default_graph is deprecated. Please use tf.compat.v1.reset_default_graph instead.

W1110 03:18:08.421155 140315246310592 module_wrapper.py:139] From /home/zhoujianping/Research/MagiNet/baselines/gagan_modules/model_impute.py:146: The name tf.placeholder is deprecated. Please use tf.compat.v1.placeholder instead.

W1110 03:18:08.422944 140315246310592 module_wrapper.py:139] From /home/zhoujianping/Research/MagiNet/baselines/gagan_modules/model_impute.py:65: The name tf.variable_scope is deprecated. Please use tf.compat.v1.variable_scope instead.

W1110 03:18:08.434569 140315246310592 module_wrapper.py:139] From /home/zhoujianping/Research/MagiNet/baselines/gagan_modules/utils.py:102: The name tf.get_variable is deprecated. Please use tf.compat.v1.get_variable instead.

W1110 03:18:08.434752 140315246310592 lazy_loader.py:50] 
The TensorFlow contrib module will not be included in TensorFlow 2.0.
For more information, please see:
  * https://github.com/tensorflow/community/blob/master/rfcs/20180907-contrib-sunset.md
  * https://github.com/tensorflow/addons
  * https://github.com/tensorflow/io (for I/O related ops)
If you depend on functionality not listed there, please file an issue.

/home/zhoujianping/Research/MagiNet/baselines/gagan_modules/layers.py:18: RuntimeWarning: invalid value encountered in true_divide
  self.adj = adj / np.sum(adj, axis=1).reshape(-1, 1)  # mean aggregate
W1110 03:18:09.970800 140315246310592 deprecation.py:506] From /home/zhoujianping/Research/MagiNet/baselines/gagan_modules/utils.py:110: calling Constant.__init__ (from tensorflow.python.ops.init_ops) with dtype is deprecated and will be removed in a future version.
Instructions for updating:
Call initializer instance with the dtype argument instead of passing it to the constructor
W1110 03:18:10.051410 140315246310592 module_wrapper.py:139] From /home/zhoujianping/Research/MagiNet/baselines/gagan_modules/model_impute.py:169: The name tf.trainable_variables is deprecated. Please use tf.compat.v1.trainable_variables instead.

W1110 03:18:10.067899 140315246310592 module_wrapper.py:139] From /home/zhoujianping/Research/MagiNet/baselines/gagan_modules/model_impute.py:177: The name tf.train.RMSPropOptimizer is deprecated. Please use tf.compat.v1.train.RMSPropOptimizer instead.

W1110 03:18:10.208923 140315246310592 deprecation.py:506] From /home/zhoujianping/miniconda3/envs/tf1.14/lib/python3.7/site-packages/tensorflow_core/python/training/rmsprop.py:119: calling Ones.__init__ (from tensorflow.python.ops.init_ops) with dtype is deprecated and will be removed in a future version.
Instructions for updating:
Call initializer instance with the dtype argument instead of passing it to the constructor
W1110 03:18:10.675247 140315246310592 module_wrapper.py:139] From /home/zhoujianping/Research/MagiNet/baselines/gagan_modules/model_impute.py:193: The name tf.global_variables_initializer is deprecated. Please use tf.compat.v1.global_variables_initializer instead.

W1110 03:18:11.380089 140315246310592 module_wrapper.py:139] From /home/zhoujianping/Research/MagiNet/baselines/gagan_modules/model_impute.py:196: The name tf.train.Saver is deprecated. Please use tf.compat.v1.train.Saver instead.

Epoch:[0], G_Loss:83.6285, D_Loss:-0.00012761, Val_RMSE:9.4141, use_time:0.05min
Epoch:[20], G_Loss:5.3034, D_Loss:-0.00017644, Val_RMSE:3.0991, use_time:0.79min
Epoch:[40], G_Loss:4.1403, D_Loss:-0.00011965, Val_RMSE:3.0129, use_time:1.53min
Epoch:[60], G_Loss:3.7176, D_Loss:-0.00010442, Val_RMSE:2.9733, use_time:2.29min
Epoch:[80], G_Loss:3.4631, D_Loss:-0.00009498, Val_RMSE:2.9369, use_time:3.04min
Epoch:[100], G_Loss:3.2635, D_Loss:-0.00008639, Val_RMSE:2.9063, use_time:3.77min
Epoch:[120], G_Loss:3.0960, D_Loss:-0.00007815, Val_RMSE:2.8739, use_time:4.52min
Epoch:[140], G_Loss:2.9551, D_Loss:-0.00007028, Val_RMSE:2.8431, use_time:5.28min
Epoch:[160], G_Loss:2.8378, D_Loss:-0.00006437, Val_RMSE:2.8181, use_time:6.03min
Epoch:[180], G_Loss:2.7400, D_Loss:-0.00006099, Val_RMSE:2.7976, use_time:6.80min
Epoch:[200], G_Loss:2.6554, D_Loss:-0.00005788, Val_RMSE:2.7795, use_time:7.55min
Epoch:[220], G_Loss:2.5808, D_Loss:-0.00005583, Val_RMSE:2.7626, use_time:8.29min
Epoch:[240], G_Loss:2.5146, D_Loss:-0.00005365, Val_RMSE:2.7468, use_time:9.03min
Epoch:[260], G_Loss:2.4555, D_Loss:-0.00005202, Val_RMSE:2.7323, use_time:9.77min
Epoch:[280], G_Loss:2.4030, D_Loss:-0.00005045, Val_RMSE:2.7188, use_time:10.51min
Epoch:[300], G_Loss:2.3558, D_Loss:-0.00004917, Val_RMSE:2.7063, use_time:11.25min
Epoch:[320], G_Loss:2.3117, D_Loss:-0.00004803, Val_RMSE:2.6939, use_time:11.98min
Epoch:[340], G_Loss:2.2709, D_Loss:-0.00004682, Val_RMSE:2.6827, use_time:12.72min
EarlyStopping counter: 1 out of 7
EarlyStopping counter: 1 out of 7
EarlyStopping counter: 1 out of 7
EarlyStopping counter: 1 out of 7
Epoch:[360], G_Loss:2.2349, D_Loss:-0.00004613, Val_RMSE:2.6732, use_time:13.44min
Epoch:[380], G_Loss:2.2032, D_Loss:-0.00004555, Val_RMSE:2.6647, use_time:14.19min
Epoch:[400], G_Loss:2.1747, D_Loss:-0.00004480, Val_RMSE:2.6569, use_time:14.95min
Epoch:[420], G_Loss:2.1492, D_Loss:-0.00004404, Val_RMSE:2.6503, use_time:15.70min
Epoch:[440], G_Loss:2.1254, D_Loss:-0.00004362, Val_RMSE:2.6445, use_time:16.45min
Epoch:[460], G_Loss:2.1035, D_Loss:-0.00004358, Val_RMSE:2.6390, use_time:17.18min
EarlyStopping counter: 1 out of 7
Epoch:[480], G_Loss:2.0826, D_Loss:-0.00004295, Val_RMSE:2.6328, use_time:17.92min
EarlyStopping counter: 1 out of 7
EarlyStopping counter: 1 out of 7
EarlyStopping counter: 1 out of 7
EarlyStopping counter: 1 out of 7
EarlyStopping counter: 2 out of 7
EarlyStopping counter: 1 out of 7
EarlyStopping counter: 1 out of 7
['GA_GAN_concat', 'Shenzhen_MAR', 1.8773943, 2.7886748, 7.702809752458055, 'MAR', 0.5, 0.01, 500, 32, [32, 64], [32, 64], [64, 32], '11-10 03:36:46']
model_name: GA_GAN_concat, data_name: Shenzhen_MAR
MAE: 1.8773943185806274, RMSE: 2.788674831390381, MAPE: 7.702809752458055
Spend time: 1121.5856692790985
