Using TensorFlow backend.
WARNING: Logging before flag parsing goes to stderr.
W1110 10:12:52.852333 139658041808064 __init__.py:329] Limited tf.compat.v2.summary API due to missing TensorBoard installation.
W1110 10:13:01.776043 139658041808064 module_wrapper.py:139] From gagan.py:59: The name tf.random.set_random_seed is deprecated. Please use tf.compat.v1.random.set_random_seed instead.

(627, 627)
W1110 10:13:03.697056 139658041808064 module_wrapper.py:139] From /home/zhoujianping/Research/MagiNet/baselines/gagan_modules/utils.py:76: The name tf.ConfigProto is deprecated. Please use tf.compat.v1.ConfigProto instead.

W1110 10:13:03.697543 139658041808064 module_wrapper.py:139] From /home/zhoujianping/Research/MagiNet/baselines/gagan_modules/utils.py:78: The name tf.Session is deprecated. Please use tf.compat.v1.Session instead.

W1110 10:13:03.922385 139658041808064 module_wrapper.py:139] From gagan.py:141: The name tf.reset_default_graph is deprecated. Please use tf.compat.v1.reset_default_graph instead.

W1110 10:13:04.088312 139658041808064 module_wrapper.py:139] From /home/zhoujianping/Research/MagiNet/baselines/gagan_modules/model_impute.py:146: The name tf.placeholder is deprecated. Please use tf.compat.v1.placeholder instead.

W1110 10:13:04.090098 139658041808064 module_wrapper.py:139] From /home/zhoujianping/Research/MagiNet/baselines/gagan_modules/model_impute.py:65: The name tf.variable_scope is deprecated. Please use tf.compat.v1.variable_scope instead.

W1110 10:13:04.101788 139658041808064 module_wrapper.py:139] From /home/zhoujianping/Research/MagiNet/baselines/gagan_modules/utils.py:102: The name tf.get_variable is deprecated. Please use tf.compat.v1.get_variable instead.

W1110 10:13:04.101966 139658041808064 lazy_loader.py:50] 
The TensorFlow contrib module will not be included in TensorFlow 2.0.
For more information, please see:
  * https://github.com/tensorflow/community/blob/master/rfcs/20180907-contrib-sunset.md
  * https://github.com/tensorflow/addons
  * https://github.com/tensorflow/io (for I/O related ops)
If you depend on functionality not listed there, please file an issue.

/home/zhoujianping/Research/MagiNet/baselines/gagan_modules/layers.py:18: RuntimeWarning: invalid value encountered in true_divide
  self.adj = adj / np.sum(adj, axis=1).reshape(-1, 1)  # mean aggregate
W1110 10:13:11.798110 139658041808064 deprecation.py:506] From /home/zhoujianping/Research/MagiNet/baselines/gagan_modules/utils.py:110: calling Constant.__init__ (from tensorflow.python.ops.init_ops) with dtype is deprecated and will be removed in a future version.
Instructions for updating:
Call initializer instance with the dtype argument instead of passing it to the constructor
W1110 10:13:11.875143 139658041808064 module_wrapper.py:139] From /home/zhoujianping/Research/MagiNet/baselines/gagan_modules/model_impute.py:169: The name tf.trainable_variables is deprecated. Please use tf.compat.v1.trainable_variables instead.

W1110 10:13:11.891189 139658041808064 module_wrapper.py:139] From /home/zhoujianping/Research/MagiNet/baselines/gagan_modules/model_impute.py:177: The name tf.train.RMSPropOptimizer is deprecated. Please use tf.compat.v1.train.RMSPropOptimizer instead.

W1110 10:13:12.018733 139658041808064 deprecation.py:506] From /home/zhoujianping/miniconda3/envs/tf1.14/lib/python3.7/site-packages/tensorflow_core/python/training/rmsprop.py:119: calling Ones.__init__ (from tensorflow.python.ops.init_ops) with dtype is deprecated and will be removed in a future version.
Instructions for updating:
Call initializer instance with the dtype argument instead of passing it to the constructor
W1110 10:13:12.409030 139658041808064 module_wrapper.py:139] From /home/zhoujianping/Research/MagiNet/baselines/gagan_modules/model_impute.py:193: The name tf.global_variables_initializer is deprecated. Please use tf.compat.v1.global_variables_initializer instead.

W1110 10:13:13.053298 139658041808064 module_wrapper.py:139] From /home/zhoujianping/Research/MagiNet/baselines/gagan_modules/model_impute.py:196: The name tf.train.Saver is deprecated. Please use tf.compat.v1.train.Saver instead.

Epoch:[0], G_Loss:98.6352, D_Loss:-0.00016961, Val_RMSE:10.3517, use_time:0.05min
Epoch:[20], G_Loss:9.8987, D_Loss:-0.00006246, Val_RMSE:3.9584, use_time:0.84min
Epoch:[40], G_Loss:7.9987, D_Loss:-0.00005079, Val_RMSE:3.6372, use_time:1.66min
Epoch:[60], G_Loss:7.4995, D_Loss:-0.00005118, Val_RMSE:3.5523, use_time:2.50min
Epoch:[80], G_Loss:7.2120, D_Loss:-0.00005059, Val_RMSE:3.5037, use_time:3.31min
Epoch:[100], G_Loss:6.9737, D_Loss:-0.00005075, Val_RMSE:3.4622, use_time:4.14min
Epoch:[120], G_Loss:6.7714, D_Loss:-0.00004954, Val_RMSE:3.4259, use_time:4.98min
Epoch:[140], G_Loss:6.5971, D_Loss:-0.00004797, Val_RMSE:3.3914, use_time:5.82min
Epoch:[160], G_Loss:6.4436, D_Loss:-0.00004605, Val_RMSE:3.3591, use_time:6.63min
Epoch:[180], G_Loss:6.3074, D_Loss:-0.00004447, Val_RMSE:3.3303, use_time:7.49min
Epoch:[200], G_Loss:6.1864, D_Loss:-0.00004312, Val_RMSE:3.3053, use_time:8.31min
Epoch:[220], G_Loss:6.0789, D_Loss:-0.00004196, Val_RMSE:3.2841, use_time:9.15min
Epoch:[240], G_Loss:5.9783, D_Loss:-0.00004196, Val_RMSE:3.2665, use_time:9.96min
EarlyStopping counter: 1 out of 7
EarlyStopping counter: 2 out of 7
EarlyStopping counter: 1 out of 7
EarlyStopping counter: 2 out of 7
EarlyStopping counter: 1 out of 7
EarlyStopping counter: 2 out of 7
EarlyStopping counter: 3 out of 7
EarlyStopping counter: 4 out of 7
EarlyStopping counter: 5 out of 7
EarlyStopping counter: 6 out of 7
EarlyStopping counter: 7 out of 7
Early stopping
['GA_GAN_concat', 'Shenzhen_MNAR', 2.2596977, 3.43811, 9.280136823189716, 'MNAR', 0.5, 0.01, 500, 32, [32, 64], [32, 64], [64, 32], '11-10 10:23:52']
model_name: GA_GAN_concat, data_name: Shenzhen_MNAR
MAE: 2.259697675704956, RMSE: 3.438110113143921, MAPE: 9.280136823189716
Spend time: 653.0382103919983
