Using TensorFlow backend.
WARNING: Logging before flag parsing goes to stderr.
W1110 03:36:53.126107 140189992363200 __init__.py:329] Limited tf.compat.v2.summary API due to missing TensorBoard installation.
W1110 03:36:55.586219 140189992363200 module_wrapper.py:139] From gagan.py:59: The name tf.random.set_random_seed is deprecated. Please use tf.compat.v1.random.set_random_seed instead.

(627, 627)
W1110 03:36:57.278525 140189992363200 module_wrapper.py:139] From /home/zhoujianping/Research/MagiNet/baselines/gagan_modules/utils.py:76: The name tf.ConfigProto is deprecated. Please use tf.compat.v1.ConfigProto instead.

W1110 03:36:57.278850 140189992363200 module_wrapper.py:139] From /home/zhoujianping/Research/MagiNet/baselines/gagan_modules/utils.py:78: The name tf.Session is deprecated. Please use tf.compat.v1.Session instead.

W1110 03:36:57.495201 140189992363200 module_wrapper.py:139] From gagan.py:141: The name tf.reset_default_graph is deprecated. Please use tf.compat.v1.reset_default_graph instead.

W1110 03:36:57.670157 140189992363200 module_wrapper.py:139] From /home/zhoujianping/Research/MagiNet/baselines/gagan_modules/model_impute.py:146: The name tf.placeholder is deprecated. Please use tf.compat.v1.placeholder instead.

W1110 03:36:57.672004 140189992363200 module_wrapper.py:139] From /home/zhoujianping/Research/MagiNet/baselines/gagan_modules/model_impute.py:65: The name tf.variable_scope is deprecated. Please use tf.compat.v1.variable_scope instead.

W1110 03:36:57.684203 140189992363200 module_wrapper.py:139] From /home/zhoujianping/Research/MagiNet/baselines/gagan_modules/utils.py:102: The name tf.get_variable is deprecated. Please use tf.compat.v1.get_variable instead.

W1110 03:36:57.684389 140189992363200 lazy_loader.py:50] 
The TensorFlow contrib module will not be included in TensorFlow 2.0.
For more information, please see:
  * https://github.com/tensorflow/community/blob/master/rfcs/20180907-contrib-sunset.md
  * https://github.com/tensorflow/addons
  * https://github.com/tensorflow/io (for I/O related ops)
If you depend on functionality not listed there, please file an issue.

/home/zhoujianping/Research/MagiNet/baselines/gagan_modules/layers.py:18: RuntimeWarning: invalid value encountered in true_divide
  self.adj = adj / np.sum(adj, axis=1).reshape(-1, 1)  # mean aggregate
W1110 03:36:59.101007 140189992363200 deprecation.py:506] From /home/zhoujianping/Research/MagiNet/baselines/gagan_modules/utils.py:110: calling Constant.__init__ (from tensorflow.python.ops.init_ops) with dtype is deprecated and will be removed in a future version.
Instructions for updating:
Call initializer instance with the dtype argument instead of passing it to the constructor
W1110 03:36:59.179600 140189992363200 module_wrapper.py:139] From /home/zhoujianping/Research/MagiNet/baselines/gagan_modules/model_impute.py:169: The name tf.trainable_variables is deprecated. Please use tf.compat.v1.trainable_variables instead.

W1110 03:36:59.196092 140189992363200 module_wrapper.py:139] From /home/zhoujianping/Research/MagiNet/baselines/gagan_modules/model_impute.py:177: The name tf.train.RMSPropOptimizer is deprecated. Please use tf.compat.v1.train.RMSPropOptimizer instead.

W1110 03:36:59.337384 140189992363200 deprecation.py:506] From /home/zhoujianping/miniconda3/envs/tf1.14/lib/python3.7/site-packages/tensorflow_core/python/training/rmsprop.py:119: calling Ones.__init__ (from tensorflow.python.ops.init_ops) with dtype is deprecated and will be removed in a future version.
Instructions for updating:
Call initializer instance with the dtype argument instead of passing it to the constructor
W1110 03:36:59.798619 140189992363200 module_wrapper.py:139] From /home/zhoujianping/Research/MagiNet/baselines/gagan_modules/model_impute.py:193: The name tf.global_variables_initializer is deprecated. Please use tf.compat.v1.global_variables_initializer instead.

W1110 03:37:00.482955 140189992363200 module_wrapper.py:139] From /home/zhoujianping/Research/MagiNet/baselines/gagan_modules/model_impute.py:196: The name tf.train.Saver is deprecated. Please use tf.compat.v1.train.Saver instead.

Epoch:[0], G_Loss:100.0003, D_Loss:-0.00021782, Val_RMSE:10.2292, use_time:0.05min
Epoch:[20], G_Loss:5.3496, D_Loss:-0.00020872, Val_RMSE:3.0799, use_time:0.81min
Epoch:[40], G_Loss:4.2055, D_Loss:-0.00013035, Val_RMSE:2.9803, use_time:1.56min
Epoch:[60], G_Loss:3.7752, D_Loss:-0.00011049, Val_RMSE:2.9470, use_time:2.31min
Epoch:[80], G_Loss:3.4995, D_Loss:-0.00009383, Val_RMSE:2.9250, use_time:3.06min
Epoch:[100], G_Loss:3.3107, D_Loss:-0.00008061, Val_RMSE:2.8945, use_time:3.81min
Epoch:[120], G_Loss:3.1631, D_Loss:-0.00007075, Val_RMSE:2.8646, use_time:4.55min
Epoch:[140], G_Loss:3.0377, D_Loss:-0.00006220, Val_RMSE:2.8402, use_time:5.29min
Epoch:[160], G_Loss:2.9265, D_Loss:-0.00005558, Val_RMSE:2.8171, use_time:6.03min
Epoch:[180], G_Loss:2.8291, D_Loss:-0.00005175, Val_RMSE:2.7969, use_time:6.78min
Epoch:[200], G_Loss:2.7434, D_Loss:-0.00004928, Val_RMSE:2.7782, use_time:7.52min
Epoch:[220], G_Loss:2.6665, D_Loss:-0.00004791, Val_RMSE:2.7601, use_time:8.26min
Epoch:[240], G_Loss:2.5985, D_Loss:-0.00004625, Val_RMSE:2.7437, use_time:9.00min
Epoch:[260], G_Loss:2.5386, D_Loss:-0.00004529, Val_RMSE:2.7301, use_time:9.73min
Epoch:[280], G_Loss:2.4852, D_Loss:-0.00004420, Val_RMSE:2.7183, use_time:10.47min
Epoch:[300], G_Loss:2.4372, D_Loss:-0.00004386, Val_RMSE:2.7075, use_time:11.20min
Epoch:[320], G_Loss:2.3940, D_Loss:-0.00004316, Val_RMSE:2.6969, use_time:11.93min
Epoch:[340], G_Loss:2.3542, D_Loss:-0.00004248, Val_RMSE:2.6867, use_time:12.68min
EarlyStopping counter: 1 out of 7
Epoch:[360], G_Loss:2.3167, D_Loss:-0.00004203, Val_RMSE:2.6786, use_time:13.42min
EarlyStopping counter: 1 out of 7
EarlyStopping counter: 1 out of 7
EarlyStopping counter: 1 out of 7
EarlyStopping counter: 1 out of 7
EarlyStopping counter: 1 out of 7
EarlyStopping counter: 1 out of 7
EarlyStopping counter: 2 out of 7
EarlyStopping counter: 1 out of 7
EarlyStopping counter: 1 out of 7
EarlyStopping counter: 1 out of 7
Epoch:[380], G_Loss:2.2820, D_Loss:-0.00004115, Val_RMSE:2.6749, use_time:14.10min
EarlyStopping counter: 1 out of 7
EarlyStopping counter: 1 out of 7
EarlyStopping counter: 1 out of 7
EarlyStopping counter: 1 out of 7
EarlyStopping counter: 1 out of 7
EarlyStopping counter: 1 out of 7
EarlyStopping counter: 1 out of 7
EarlyStopping counter: 1 out of 7
Epoch:[400], G_Loss:2.2516, D_Loss:-0.00004160, Val_RMSE:2.6605, use_time:14.80min
EarlyStopping counter: 1 out of 7
EarlyStopping counter: 1 out of 7
EarlyStopping counter: 2 out of 7
EarlyStopping counter: 1 out of 7
EarlyStopping counter: 2 out of 7
EarlyStopping counter: 1 out of 7
EarlyStopping counter: 2 out of 7
EarlyStopping counter: 1 out of 7
EarlyStopping counter: 2 out of 7
EarlyStopping counter: 1 out of 7
EarlyStopping counter: 2 out of 7
EarlyStopping counter: 1 out of 7
EarlyStopping counter: 2 out of 7
Epoch:[420], G_Loss:2.2239, D_Loss:-0.00004163, Val_RMSE:2.6536, use_time:15.47min
EarlyStopping counter: 1 out of 7
EarlyStopping counter: 2 out of 7
EarlyStopping counter: 1 out of 7
EarlyStopping counter: 2 out of 7
EarlyStopping counter: 1 out of 7
EarlyStopping counter: 2 out of 7
EarlyStopping counter: 1 out of 7
EarlyStopping counter: 2 out of 7
EarlyStopping counter: 1 out of 7
EarlyStopping counter: 2 out of 7
EarlyStopping counter: 1 out of 7
EarlyStopping counter: 2 out of 7
EarlyStopping counter: 1 out of 7
Epoch:[440], G_Loss:2.1984, D_Loss:-0.00004085, Val_RMSE:2.6476, use_time:16.14min
EarlyStopping counter: 1 out of 7
EarlyStopping counter: 1 out of 7
EarlyStopping counter: 1 out of 7
EarlyStopping counter: 1 out of 7
EarlyStopping counter: 2 out of 7
EarlyStopping counter: 3 out of 7
EarlyStopping counter: 4 out of 7
EarlyStopping counter: 1 out of 7
EarlyStopping counter: 1 out of 7
EarlyStopping counter: 1 out of 7
EarlyStopping counter: 1 out of 7
Epoch:[460], G_Loss:2.1742, D_Loss:-0.00004060, Val_RMSE:2.6429, use_time:16.81min
EarlyStopping counter: 1 out of 7
EarlyStopping counter: 1 out of 7
EarlyStopping counter: 1 out of 7
EarlyStopping counter: 1 out of 7
Epoch:[480], G_Loss:2.1527, D_Loss:-0.00004079, Val_RMSE:2.6360, use_time:17.53min
EarlyStopping counter: 1 out of 7
EarlyStopping counter: 2 out of 7
EarlyStopping counter: 1 out of 7
EarlyStopping counter: 2 out of 7
EarlyStopping counter: 1 out of 7
EarlyStopping counter: 2 out of 7
EarlyStopping counter: 1 out of 7
EarlyStopping counter: 2 out of 7
EarlyStopping counter: 1 out of 7
EarlyStopping counter: 1 out of 7
EarlyStopping counter: 1 out of 7
EarlyStopping counter: 1 out of 7
['GA_GAN_concat', 'Shenzhen_MAR', 1.8873549, 2.7905054, 7.696488647656392, 'MAR', 0.5, 0.01, 500, 32, [32, 64], [32, 64], [64, 32], '11-10 03:55:11']
model_name: GA_GAN_concat, data_name: Shenzhen_MAR
MAE: 1.887354850769043, RMSE: 2.7905054092407227, MAPE: 7.696488647656392
Spend time: 1096.4977617263794
