Using TensorFlow backend.
WARNING: Logging before flag parsing goes to stderr.
W1110 09:46:48.619319 140378552517824 __init__.py:329] Limited tf.compat.v2.summary API due to missing TensorBoard installation.
W1110 09:46:54.314356 140378552517824 module_wrapper.py:139] From gagan.py:59: The name tf.random.set_random_seed is deprecated. Please use tf.compat.v1.random.set_random_seed instead.

(627, 627)
W1110 09:46:56.293569 140378552517824 module_wrapper.py:139] From /home/zhoujianping/Research/MagiNet/baselines/gagan_modules/utils.py:76: The name tf.ConfigProto is deprecated. Please use tf.compat.v1.ConfigProto instead.

W1110 09:46:56.294053 140378552517824 module_wrapper.py:139] From /home/zhoujianping/Research/MagiNet/baselines/gagan_modules/utils.py:78: The name tf.Session is deprecated. Please use tf.compat.v1.Session instead.

W1110 09:46:56.516271 140378552517824 module_wrapper.py:139] From gagan.py:141: The name tf.reset_default_graph is deprecated. Please use tf.compat.v1.reset_default_graph instead.

W1110 09:46:56.740631 140378552517824 module_wrapper.py:139] From /home/zhoujianping/Research/MagiNet/baselines/gagan_modules/model_impute.py:146: The name tf.placeholder is deprecated. Please use tf.compat.v1.placeholder instead.

W1110 09:46:56.742711 140378552517824 module_wrapper.py:139] From /home/zhoujianping/Research/MagiNet/baselines/gagan_modules/model_impute.py:65: The name tf.variable_scope is deprecated. Please use tf.compat.v1.variable_scope instead.

W1110 09:46:56.755201 140378552517824 module_wrapper.py:139] From /home/zhoujianping/Research/MagiNet/baselines/gagan_modules/utils.py:102: The name tf.get_variable is deprecated. Please use tf.compat.v1.get_variable instead.

W1110 09:46:56.755406 140378552517824 lazy_loader.py:50] 
The TensorFlow contrib module will not be included in TensorFlow 2.0.
For more information, please see:
  * https://github.com/tensorflow/community/blob/master/rfcs/20180907-contrib-sunset.md
  * https://github.com/tensorflow/addons
  * https://github.com/tensorflow/io (for I/O related ops)
If you depend on functionality not listed there, please file an issue.

/home/zhoujianping/Research/MagiNet/baselines/gagan_modules/layers.py:18: RuntimeWarning: invalid value encountered in true_divide
  self.adj = adj / np.sum(adj, axis=1).reshape(-1, 1)  # mean aggregate
W1110 09:46:59.685444 140378552517824 deprecation.py:506] From /home/zhoujianping/Research/MagiNet/baselines/gagan_modules/utils.py:110: calling Constant.__init__ (from tensorflow.python.ops.init_ops) with dtype is deprecated and will be removed in a future version.
Instructions for updating:
Call initializer instance with the dtype argument instead of passing it to the constructor
W1110 09:46:59.762797 140378552517824 module_wrapper.py:139] From /home/zhoujianping/Research/MagiNet/baselines/gagan_modules/model_impute.py:169: The name tf.trainable_variables is deprecated. Please use tf.compat.v1.trainable_variables instead.

W1110 09:46:59.779029 140378552517824 module_wrapper.py:139] From /home/zhoujianping/Research/MagiNet/baselines/gagan_modules/model_impute.py:177: The name tf.train.RMSPropOptimizer is deprecated. Please use tf.compat.v1.train.RMSPropOptimizer instead.

W1110 09:46:59.919113 140378552517824 deprecation.py:506] From /home/zhoujianping/miniconda3/envs/tf1.14/lib/python3.7/site-packages/tensorflow_core/python/training/rmsprop.py:119: calling Ones.__init__ (from tensorflow.python.ops.init_ops) with dtype is deprecated and will be removed in a future version.
Instructions for updating:
Call initializer instance with the dtype argument instead of passing it to the constructor
W1110 09:47:00.318272 140378552517824 module_wrapper.py:139] From /home/zhoujianping/Research/MagiNet/baselines/gagan_modules/model_impute.py:193: The name tf.global_variables_initializer is deprecated. Please use tf.compat.v1.global_variables_initializer instead.

W1110 09:47:00.951356 140378552517824 module_wrapper.py:139] From /home/zhoujianping/Research/MagiNet/baselines/gagan_modules/model_impute.py:196: The name tf.train.Saver is deprecated. Please use tf.compat.v1.train.Saver instead.

Epoch:[0], G_Loss:93.5042, D_Loss:-0.00017331, Val_RMSE:10.1061, use_time:0.05min
Epoch:[20], G_Loss:10.0518, D_Loss:-0.00009156, Val_RMSE:3.9666, use_time:0.84min
Epoch:[40], G_Loss:8.0498, D_Loss:-0.00010711, Val_RMSE:3.6224, use_time:1.66min
Epoch:[60], G_Loss:7.5610, D_Loss:-0.00009965, Val_RMSE:3.5464, use_time:2.51min
Epoch:[80], G_Loss:7.2590, D_Loss:-0.00009514, Val_RMSE:3.5003, use_time:3.30min
Epoch:[100], G_Loss:7.0334, D_Loss:-0.00009209, Val_RMSE:3.4637, use_time:4.12min
Epoch:[120], G_Loss:6.8430, D_Loss:-0.00008935, Val_RMSE:3.4296, use_time:4.92min
Epoch:[140], G_Loss:6.6811, D_Loss:-0.00008670, Val_RMSE:3.4040, use_time:5.72min
EarlyStopping counter: 1 out of 7
EarlyStopping counter: 1 out of 7
EarlyStopping counter: 1 out of 7
EarlyStopping counter: 1 out of 7
EarlyStopping counter: 1 out of 7
Epoch:[160], G_Loss:6.5365, D_Loss:-0.00008412, Val_RMSE:3.3927, use_time:6.45min
EarlyStopping counter: 1 out of 7
EarlyStopping counter: 1 out of 7
Epoch:[180], G_Loss:6.4085, D_Loss:-0.00008186, Val_RMSE:3.3733, use_time:7.23min
Epoch:[200], G_Loss:6.2901, D_Loss:-0.00007896, Val_RMSE:3.3509, use_time:8.00min
Epoch:[220], G_Loss:6.1755, D_Loss:-0.00007753, Val_RMSE:3.3270, use_time:8.79min
Epoch:[240], G_Loss:6.0696, D_Loss:-0.00007528, Val_RMSE:3.3054, use_time:9.59min
Epoch:[260], G_Loss:5.9739, D_Loss:-0.00007378, Val_RMSE:3.2868, use_time:10.42min
Epoch:[280], G_Loss:5.8893, D_Loss:-0.00007219, Val_RMSE:3.2710, use_time:11.23min
EarlyStopping counter: 1 out of 7
EarlyStopping counter: 1 out of 7
EarlyStopping counter: 1 out of 7
EarlyStopping counter: 2 out of 7
EarlyStopping counter: 1 out of 7
EarlyStopping counter: 1 out of 7
EarlyStopping counter: 2 out of 7
EarlyStopping counter: 3 out of 7
Epoch:[300], G_Loss:5.8140, D_Loss:-0.00007150, Val_RMSE:3.2599, use_time:11.96min
EarlyStopping counter: 1 out of 7
EarlyStopping counter: 2 out of 7
EarlyStopping counter: 3 out of 7
EarlyStopping counter: 4 out of 7
EarlyStopping counter: 1 out of 7
EarlyStopping counter: 2 out of 7
EarlyStopping counter: 3 out of 7
EarlyStopping counter: 1 out of 7
EarlyStopping counter: 2 out of 7
EarlyStopping counter: 3 out of 7
EarlyStopping counter: 4 out of 7
EarlyStopping counter: 1 out of 7
EarlyStopping counter: 2 out of 7
EarlyStopping counter: 3 out of 7
EarlyStopping counter: 4 out of 7
Epoch:[320], G_Loss:5.7436, D_Loss:-0.00007014, Val_RMSE:3.2550, use_time:12.63min
EarlyStopping counter: 5 out of 7
EarlyStopping counter: 6 out of 7
EarlyStopping counter: 1 out of 7
EarlyStopping counter: 2 out of 7
EarlyStopping counter: 1 out of 7
EarlyStopping counter: 2 out of 7
EarlyStopping counter: 1 out of 7
EarlyStopping counter: 1 out of 7
EarlyStopping counter: 2 out of 7
EarlyStopping counter: 3 out of 7
EarlyStopping counter: 1 out of 7
EarlyStopping counter: 1 out of 7
Epoch:[340], G_Loss:5.6796, D_Loss:-0.00006900, Val_RMSE:3.2426, use_time:13.33min
EarlyStopping counter: 2 out of 7
EarlyStopping counter: 3 out of 7
EarlyStopping counter: 4 out of 7
EarlyStopping counter: 5 out of 7
EarlyStopping counter: 6 out of 7
EarlyStopping counter: 7 out of 7
Early stopping
['GA_GAN_concat', 'Shenzhen_MNAR', 2.2497215, 3.4245317, 9.32339022081574, 'MNAR', 0.5, 0.01, 500, 32, [32, 64], [32, 64], [64, 32], '11-10 10:00:30']
model_name: GA_GAN_concat, data_name: Shenzhen_MNAR
MAE: 2.2497215270996094, RMSE: 3.4245316982269287, MAPE: 9.32339022081574
Spend time: 817.673718214035
