Using TensorFlow backend.
WARNING: Logging before flag parsing goes to stderr.
W1110 02:59:34.744544 140708921132224 __init__.py:329] Limited tf.compat.v2.summary API due to missing TensorBoard installation.
W1110 02:59:37.280174 140708921132224 module_wrapper.py:139] From gagan.py:59: The name tf.random.set_random_seed is deprecated. Please use tf.compat.v1.random.set_random_seed instead.

(627, 627)
W1110 02:59:40.079623 140708921132224 module_wrapper.py:139] From /home/zhoujianping/Research/MagiNet/baselines/gagan_modules/utils.py:76: The name tf.ConfigProto is deprecated. Please use tf.compat.v1.ConfigProto instead.

W1110 02:59:40.080881 140708921132224 module_wrapper.py:139] From /home/zhoujianping/Research/MagiNet/baselines/gagan_modules/utils.py:78: The name tf.Session is deprecated. Please use tf.compat.v1.Session instead.

W1110 02:59:40.288945 140708921132224 module_wrapper.py:139] From gagan.py:141: The name tf.reset_default_graph is deprecated. Please use tf.compat.v1.reset_default_graph instead.

W1110 02:59:40.496048 140708921132224 module_wrapper.py:139] From /home/zhoujianping/Research/MagiNet/baselines/gagan_modules/model_impute.py:146: The name tf.placeholder is deprecated. Please use tf.compat.v1.placeholder instead.

W1110 02:59:40.500213 140708921132224 module_wrapper.py:139] From /home/zhoujianping/Research/MagiNet/baselines/gagan_modules/model_impute.py:65: The name tf.variable_scope is deprecated. Please use tf.compat.v1.variable_scope instead.

W1110 02:59:40.518682 140708921132224 module_wrapper.py:139] From /home/zhoujianping/Research/MagiNet/baselines/gagan_modules/utils.py:102: The name tf.get_variable is deprecated. Please use tf.compat.v1.get_variable instead.

W1110 02:59:40.518923 140708921132224 lazy_loader.py:50] 
The TensorFlow contrib module will not be included in TensorFlow 2.0.
For more information, please see:
  * https://github.com/tensorflow/community/blob/master/rfcs/20180907-contrib-sunset.md
  * https://github.com/tensorflow/addons
  * https://github.com/tensorflow/io (for I/O related ops)
If you depend on functionality not listed there, please file an issue.

/home/zhoujianping/Research/MagiNet/baselines/gagan_modules/layers.py:18: RuntimeWarning: invalid value encountered in true_divide
  self.adj = adj / np.sum(adj, axis=1).reshape(-1, 1)  # mean aggregate
W1110 02:59:41.751338 140708921132224 deprecation.py:506] From /home/zhoujianping/Research/MagiNet/baselines/gagan_modules/utils.py:110: calling Constant.__init__ (from tensorflow.python.ops.init_ops) with dtype is deprecated and will be removed in a future version.
Instructions for updating:
Call initializer instance with the dtype argument instead of passing it to the constructor
W1110 02:59:41.830055 140708921132224 module_wrapper.py:139] From /home/zhoujianping/Research/MagiNet/baselines/gagan_modules/model_impute.py:169: The name tf.trainable_variables is deprecated. Please use tf.compat.v1.trainable_variables instead.

W1110 02:59:41.846698 140708921132224 module_wrapper.py:139] From /home/zhoujianping/Research/MagiNet/baselines/gagan_modules/model_impute.py:177: The name tf.train.RMSPropOptimizer is deprecated. Please use tf.compat.v1.train.RMSPropOptimizer instead.

W1110 02:59:41.999615 140708921132224 deprecation.py:506] From /home/zhoujianping/miniconda3/envs/tf1.14/lib/python3.7/site-packages/tensorflow_core/python/training/rmsprop.py:119: calling Ones.__init__ (from tensorflow.python.ops.init_ops) with dtype is deprecated and will be removed in a future version.
Instructions for updating:
Call initializer instance with the dtype argument instead of passing it to the constructor
W1110 02:59:42.507316 140708921132224 module_wrapper.py:139] From /home/zhoujianping/Research/MagiNet/baselines/gagan_modules/model_impute.py:193: The name tf.global_variables_initializer is deprecated. Please use tf.compat.v1.global_variables_initializer instead.

W1110 02:59:43.266358 140708921132224 module_wrapper.py:139] From /home/zhoujianping/Research/MagiNet/baselines/gagan_modules/model_impute.py:196: The name tf.train.Saver is deprecated. Please use tf.compat.v1.train.Saver instead.

Epoch:[0], G_Loss:94.9968, D_Loss:-0.00022062, Val_RMSE:10.0906, use_time:0.05min
Epoch:[20], G_Loss:5.6193, D_Loss:-0.00023260, Val_RMSE:3.1268, use_time:0.78min
Epoch:[40], G_Loss:4.4428, D_Loss:-0.00016923, Val_RMSE:3.0545, use_time:1.53min
Epoch:[60], G_Loss:3.9885, D_Loss:-0.00014404, Val_RMSE:3.0062, use_time:2.27min
Epoch:[80], G_Loss:3.7249, D_Loss:-0.00013132, Val_RMSE:2.9751, use_time:3.00min
Epoch:[100], G_Loss:3.5287, D_Loss:-0.00012293, Val_RMSE:2.9485, use_time:3.73min
Epoch:[120], G_Loss:3.3670, D_Loss:-0.00011491, Val_RMSE:2.9235, use_time:4.46min
EarlyStopping counter: 1 out of 7
Epoch:[140], G_Loss:3.2293, D_Loss:-0.00010657, Val_RMSE:2.9023, use_time:5.20min
Epoch:[160], G_Loss:3.1172, D_Loss:-0.00009889, Val_RMSE:2.8808, use_time:5.93min
Epoch:[180], G_Loss:3.0244, D_Loss:-0.00009271, Val_RMSE:2.8626, use_time:6.67min
Epoch:[200], G_Loss:2.9459, D_Loss:-0.00008717, Val_RMSE:2.8448, use_time:7.43min
Epoch:[220], G_Loss:2.8762, D_Loss:-0.00008247, Val_RMSE:2.8289, use_time:8.17min
Epoch:[240], G_Loss:2.8122, D_Loss:-0.00007925, Val_RMSE:2.8137, use_time:8.90min
Epoch:[260], G_Loss:2.7526, D_Loss:-0.00007537, Val_RMSE:2.7993, use_time:9.65min
EarlyStopping counter: 1 out of 7
EarlyStopping counter: 1 out of 7
EarlyStopping counter: 1 out of 7
EarlyStopping counter: 1 out of 7
EarlyStopping counter: 1 out of 7
EarlyStopping counter: 1 out of 7
Epoch:[280], G_Loss:2.6986, D_Loss:-0.00007302, Val_RMSE:2.7847, use_time:10.35min
EarlyStopping counter: 1 out of 7
EarlyStopping counter: 1 out of 7
Epoch:[300], G_Loss:2.6485, D_Loss:-0.00007123, Val_RMSE:2.7705, use_time:11.08min
Epoch:[320], G_Loss:2.6026, D_Loss:-0.00006944, Val_RMSE:2.7591, use_time:11.80min
EarlyStopping counter: 1 out of 7
EarlyStopping counter: 1 out of 7
EarlyStopping counter: 2 out of 7
EarlyStopping counter: 3 out of 7
EarlyStopping counter: 1 out of 7
EarlyStopping counter: 1 out of 7
EarlyStopping counter: 2 out of 7
EarlyStopping counter: 3 out of 7
EarlyStopping counter: 4 out of 7
EarlyStopping counter: 5 out of 7
Epoch:[340], G_Loss:2.5592, D_Loss:-0.00006766, Val_RMSE:2.7475, use_time:12.49min
EarlyStopping counter: 1 out of 7
EarlyStopping counter: 2 out of 7
EarlyStopping counter: 3 out of 7
Epoch:[360], G_Loss:2.5211, D_Loss:-0.00006691, Val_RMSE:2.7375, use_time:13.19min
EarlyStopping counter: 1 out of 7
EarlyStopping counter: 2 out of 7
EarlyStopping counter: 3 out of 7
EarlyStopping counter: 4 out of 7
Epoch:[380], G_Loss:2.4863, D_Loss:-0.00006530, Val_RMSE:2.7295, use_time:13.90min
Epoch:[400], G_Loss:2.4532, D_Loss:-0.00006483, Val_RMSE:2.7209, use_time:14.62min
Epoch:[420], G_Loss:2.4214, D_Loss:-0.00006381, Val_RMSE:2.7118, use_time:15.34min
Epoch:[440], G_Loss:2.3915, D_Loss:-0.00006334, Val_RMSE:2.7024, use_time:16.05min
Epoch:[460], G_Loss:2.3638, D_Loss:-0.00006266, Val_RMSE:2.6944, use_time:16.77min
Epoch:[480], G_Loss:2.3380, D_Loss:-0.00006223, Val_RMSE:2.6874, use_time:17.51min
['GA_GAN_concat', 'Shenzhen_MAR', 1.9341567, 2.8379455, 7.84941035580487, 'MAR', 0.5, 0.01, 500, 32, [32, 64], [32, 64], [64, 32], '11-10 03:17:57']
model_name: GA_GAN_concat, data_name: Shenzhen_MAR
MAE: 1.9341566562652588, RMSE: 2.8379454612731934, MAPE: 7.84941035580487
Spend time: 1100.6012024879456
