{'data': {'dataset': 'Seattle', 'miss_mechanism': 'MAR', 'miss_ratio': 0.5, 'batch_size': 16, 'test_batch_size': 16, 'val_batch_size': 16}, 'model': {'num_nodes': 323, 'hidden_size': 64, 'in_channel': 1, 'seqlen': 12, 'st_block': 3, 'K': 4, 'd_model': 512, 'n_heads': 4}, 'train': {'cuda': 2, 'lr': '1e-3', 'epochs': 150, 'save_model_path': 'save_model/', 'result_path': 'results/'}}
train X: (6132, 323, 2, 12) train M: (6132, 323, 2, 12) train Y: (6132, 323, 2, 12)
valid X: (876, 323, 2, 12) valid M: (876, 323, 2, 12) valid Y: (876, 323, 2, 12)
test X: (1752, 323, 2, 12) test M: (1752, 323, 2, 12) test Y: (1752, 323, 2, 12)
The input graph is a 0/1 matrix; set "scaling" to False.
Epoch [0/150] :  loss =  0.04992152207705658 epoch_time: 152.06622171401978
Epoch [1/150] :  loss =  0.019653993088771433 epoch_time: 151.96421599388123
Epoch [2/150] :  loss =  0.01634092076710658 epoch_time: 152.65432977676392
Epoch [3/150] :  loss =  0.014486605126876384 epoch_time: 152.4482021331787
Epoch [4/150] :  loss =  0.013718132014522174 epoch_time: 152.34060168266296
Epoch [5/150] :  loss =  0.01323256571413367 epoch_time: 153.5477421283722
Epoch [6/150] :  loss =  0.012413328520779032 epoch_time: 154.19923281669617
Epoch [7/150] :  loss =  0.012069632242249403 epoch_time: 153.04296922683716
Epoch [8/150] :  loss =  0.011549847479424594 epoch_time: 153.55671858787537
Epoch [9/150] :  loss =  0.011543705986696295 epoch_time: 152.76961731910706
Epoch [10/150] :  loss =  0.010980941240025762 epoch_time: 152.74960112571716
Epoch [11/150] :  loss =  0.010734686034993501 epoch_time: 152.45496225357056
Epoch [12/150] :  loss =  0.010660319331994591 epoch_time: 152.57200384140015
Epoch [13/150] :  loss =  0.010585798183456063 epoch_time: 152.65990161895752
Epoch [14/150] :  loss =  0.010289206991728861 epoch_time: 152.3780128955841
Epoch [15/150] :  loss =  0.010384767321132434 epoch_time: 152.8726451396942
Epoch [16/150] :  loss =  0.00998484428419033 epoch_time: 152.73397207260132
Epoch [17/150] :  loss =  0.010022120581803998 epoch_time: 152.89939332008362
Epoch [18/150] :  loss =  0.009869791750437193 epoch_time: 151.02399587631226
Epoch [19/150] :  loss =  0.009771081661407758 epoch_time: 149.49749565124512
Epoch [20/150] :  loss =  0.009727298628907496 epoch_time: 152.89954090118408
Epoch [21/150] :  loss =  0.009520669097886033 epoch_time: 148.427330493927
Epoch [22/150] :  loss =  0.00951372280784805 epoch_time: 148.2664704322815
Epoch [23/150] :  loss =  0.009325123987461362 epoch_time: 147.2376413345337
Epoch [24/150] :  loss =  0.009372504719067365 epoch_time: 150.841956615448
Epoch [25/150] :  loss =  0.009218045940845817 epoch_time: 149.80754280090332
Epoch [26/150] :  loss =  0.009234388423161969 epoch_time: 148.28228449821472
Epoch [27/150] :  loss =  0.009025492439832306 epoch_time: 147.54377365112305
Epoch [28/150] :  loss =  0.009119267255300656 epoch_time: 148.8537769317627
Epoch [29/150] :  loss =  0.009134361948478423 epoch_time: 147.48416590690613
Epoch [30/150] :  loss =  0.00889276747693657 epoch_time: 148.89348769187927
Epoch [31/150] :  loss =  0.009028583982095975 epoch_time: 147.07080721855164
Epoch [32/150] :  loss =  0.008868404106275799 epoch_time: 146.96706581115723
Epoch [33/150] :  loss =  0.008774321647554947 epoch_time: 146.8936150074005
Epoch [34/150] :  loss =  0.008777537379501155 epoch_time: 146.25543570518494
Epoch [35/150] :  loss =  0.008722685989293192 epoch_time: 146.5752193927765
Epoch [36/150] :  loss =  0.008712950416035406 epoch_time: 146.45355892181396
Epoch [37/150] :  loss =  0.008574903706175974 epoch_time: 146.5933120250702
Epoch [38/150] :  loss =  0.008486914317472838 epoch_time: 146.6636781692505
Epoch [39/150] :  loss =  0.008544745135926254 epoch_time: 146.64738512039185
Epoch [40/150] :  loss =  0.008465303074141653 epoch_time: 146.07520937919617
Epoch [41/150] :  loss =  0.008546442068715502 epoch_time: 146.51101303100586
Epoch [42/150] :  loss =  0.008368608070062086 epoch_time: 146.68243288993835
Epoch [43/150] :  loss =  0.0083380810538074 epoch_time: 147.916606426239
Epoch [44/150] :  loss =  0.008391863679814074 epoch_time: 145.88059377670288
Epoch [45/150] :  loss =  0.008195095924747875 epoch_time: 152.8048505783081
Epoch [46/150] :  loss =  0.008463452287590675 epoch_time: 147.40618252754211
Epoch [47/150] :  loss =  0.008128947385557694 epoch_time: 146.88003277778625
Epoch [48/150] :  loss =  0.00815970626839165 epoch_time: 146.49140882492065
Epoch [49/150] :  loss =  0.008143487706547603 epoch_time: 146.77118825912476
Epoch [50/150] :  loss =  0.008091164518797692 epoch_time: 146.25562620162964
Epoch [51/150] :  loss =  0.008130306122135758 epoch_time: 146.45820379257202
Epoch [52/150] :  loss =  0.007936289600669019 epoch_time: 152.42923259735107
Epoch [53/150] :  loss =  0.00802414597516569 epoch_time: 146.15426754951477
Epoch [54/150] :  loss =  0.00798454958082099 epoch_time: 145.8760416507721
Epoch [55/150] :  loss =  0.007918783251322262 epoch_time: 146.31704998016357
Epoch [56/150] :  loss =  0.007963390446093399 epoch_time: 145.93148350715637
Epoch [57/150] :  loss =  0.007847548373926353 epoch_time: 146.67484617233276
Epoch [58/150] :  loss =  0.007864989357282562 epoch_time: 145.79922771453857
Epoch [59/150] :  loss =  0.007821468039765023 epoch_time: 146.17998337745667
Epoch [60/150] :  loss =  0.007762026090252523 epoch_time: 145.9294090270996
Epoch [61/150] :  loss =  0.007863596310926368 epoch_time: 145.8582091331482
Epoch [62/150] :  loss =  0.007668977336531195 epoch_time: 148.136159658432
Epoch [63/150] :  loss =  0.007738102339014101 epoch_time: 147.59085726737976
Epoch [64/150] :  loss =  0.007631509699422168 epoch_time: 146.47175908088684
Epoch [65/150] :  loss =  0.007703676817376011 epoch_time: 146.31147623062134
Epoch [66/150] :  loss =  0.007664373418568478 epoch_time: 146.49614357948303
Epoch [67/150] :  loss =  0.007578102943322544 epoch_time: 146.0619251728058
Epoch [68/150] :  loss =  0.007562912762902367 epoch_time: 145.65343832969666
Epoch [69/150] :  loss =  0.007509094456812211 epoch_time: 150.39685010910034
Epoch [70/150] :  loss =  0.007673301670971948 epoch_time: 146.4319930076599
Epoch [71/150] :  loss =  0.007442282299355914 epoch_time: 146.25202226638794
Epoch [72/150] :  loss =  0.0074205778510076925 epoch_time: 145.90594720840454
Epoch [73/150] :  loss =  0.007442621442654247 epoch_time: 145.5923535823822
Epoch [74/150] :  loss =  0.007398595747266275 epoch_time: 146.2155303955078
Epoch [75/150] :  loss =  0.007458772036140242 epoch_time: 145.65004444122314
Epoch [76/150] :  loss =  0.0073658124286642606 epoch_time: 145.71926856040955
Epoch [77/150] :  loss =  0.00735794931097189 epoch_time: 146.0328392982483
Epoch [78/150] :  loss =  0.007378865747644643 epoch_time: 149.4569022655487
Epoch [79/150] :  loss =  0.007286560297264562 epoch_time: 148.2313404083252
Epoch [80/150] :  loss =  0.007319780248508323 epoch_time: 146.23563432693481
Epoch [81/150] :  loss =  0.00740701736989043 epoch_time: 146.3870747089386
Epoch [82/150] :  loss =  0.007212998555284382 epoch_time: 146.87699794769287
Epoch [83/150] :  loss =  0.007266492343963667 epoch_time: 145.87870144844055
Epoch [84/150] :  loss =  0.00716773023668793 epoch_time: 146.41629481315613
Epoch [85/150] :  loss =  0.007206148366094567 epoch_time: 145.8068585395813
Epoch [86/150] :  loss =  0.007166029185706672 epoch_time: 146.99431347846985
Epoch [87/150] :  loss =  0.007202234891641031 epoch_time: 146.86962509155273
Epoch [88/150] :  loss =  0.007136902980467615 epoch_time: 146.22450613975525
Epoch [89/150] :  loss =  0.007193580684543122 epoch_time: 147.09298014640808
Epoch [90/150] :  loss =  0.007068876865863179 epoch_time: 147.57142043113708
Epoch [91/150] :  loss =  0.007054028317118839 epoch_time: 147.81909561157227
Epoch [92/150] :  loss =  0.007104757040603242 epoch_time: 150.39924836158752
Epoch [93/150] :  loss =  0.007141350580544288 epoch_time: 151.64728212356567
Epoch [94/150] :  loss =  0.006953186502263027 epoch_time: 151.2189404964447
Epoch [95/150] :  loss =  0.006979440682092293 epoch_time: 150.7185881137848
Epoch [96/150] :  loss =  0.007140482079800374 epoch_time: 150.43563628196716
Epoch [97/150] :  loss =  0.006960540664294967 epoch_time: 150.76840376853943
Epoch [98/150] :  loss =  0.006991470803768607 epoch_time: 152.1944706439972
Epoch [99/150] :  loss =  0.0069286106336221565 epoch_time: 151.30720138549805
Epoch [100/150] :  loss =  0.007009448572110462 epoch_time: 150.85756707191467
Epoch [101/150] :  loss =  0.006864463797683129 epoch_time: 155.7804515361786
Epoch [102/150] :  loss =  0.006905378686496988 epoch_time: 153.11214780807495
Epoch [103/150] :  loss =  0.006902991344153027 epoch_time: 153.31323313713074
Epoch [104/150] :  loss =  0.0068768362907576375 epoch_time: 153.15921187400818
Epoch [105/150] :  loss =  0.006966460596837957 epoch_time: 152.89834809303284
Epoch [106/150] :  loss =  0.0067797010160575155 epoch_time: 153.0750162601471
Epoch [107/150] :  loss =  0.0068186740900273435 epoch_time: 152.4208550453186
Epoch [108/150] :  loss =  0.0068597524987126235 epoch_time: 151.47447514533997
Epoch [109/150] :  loss =  0.006804990178352455 epoch_time: 151.41054916381836
Epoch [110/150] :  loss =  0.0067818235426481506 epoch_time: 151.42966771125793
Epoch [111/150] :  loss =  0.006755024483330392 epoch_time: 152.64148044586182
Epoch [112/150] :  loss =  0.006723420654452639 epoch_time: 151.92888975143433
Epoch [113/150] :  loss =  0.006884926776062154 epoch_time: 152.54655575752258
Epoch [114/150] :  loss =  0.006688972566432009 epoch_time: 151.99966526031494
Epoch [115/150] :  loss =  0.006699844507238595 epoch_time: 153.7371964454651
Epoch [116/150] :  loss =  0.0067277146530007785 epoch_time: 152.16950821876526
Epoch [117/150] :  loss =  0.006679059328841201 epoch_time: 152.46949005126953
Epoch [118/150] :  loss =  0.0066849034337792546 epoch_time: 152.01851844787598
Epoch [119/150] :  loss =  0.0066333787484230316 epoch_time: 152.27472162246704
Epoch [120/150] :  loss =  0.00667808279710395 epoch_time: 152.2998206615448
Epoch [121/150] :  loss =  0.006625644496428625 epoch_time: 151.37198066711426
Epoch [122/150] :  loss =  0.006634241501160432 epoch_time: 152.06157898902893
Epoch [123/150] :  loss =  0.006595449774370839 epoch_time: 151.980975151062
Epoch [124/150] :  loss =  0.006622496421186952 epoch_time: 151.72453331947327
Epoch [125/150] :  loss =  0.006590211004853093 epoch_time: 151.79485177993774
Epoch [126/150] :  loss =  0.006579962625740639 epoch_time: 151.7279191017151
Epoch [127/150] :  loss =  0.006591059552495911 epoch_time: 152.6894977092743
Epoch [128/150] :  loss =  0.0065458777480671415 epoch_time: 151.03277015686035
Epoch [129/150] :  loss =  0.006531271663940667 epoch_time: 151.31443905830383
Epoch [130/150] :  loss =  0.006525495709259606 epoch_time: 152.56185126304626
Epoch [131/150] :  loss =  0.006548919071065029 epoch_time: 153.72488808631897
Epoch [132/150] :  loss =  0.006494825150487789 epoch_time: 153.2329261302948
Epoch [133/150] :  loss =  0.006499000031908508 epoch_time: 151.91764545440674
Epoch [134/150] :  loss =  0.006454971161777697 epoch_time: 152.2897012233734
Epoch [135/150] :  loss =  0.006547104661876801 epoch_time: 151.95496559143066
Epoch [136/150] :  loss =  0.006515788152076614 epoch_time: 153.440749168396
Epoch [137/150] :  loss =  0.006412700787526167 epoch_time: 153.31098341941833
Epoch [138/150] :  loss =  0.006430696014528318 epoch_time: 152.58195161819458
Epoch [139/150] :  loss =  0.006420333976469313 epoch_time: 151.7239866256714
Epoch [140/150] :  loss =  0.006384724473415797 epoch_time: 152.2962875366211
Epoch [141/150] :  loss =  0.006466899953617637 epoch_time: 152.10585117340088
Epoch [142/150] :  loss =  0.006344947375813111 epoch_time: 150.93107390403748
Epoch [143/150] :  loss =  0.006446438355245239 epoch_time: 151.63193488121033
Epoch [144/150] :  loss =  0.006347758172826919 epoch_time: 151.86211395263672
Epoch [145/150] :  loss =  0.006435356764995959 epoch_time: 153.32609248161316
Epoch [146/150] :  loss =  0.006321401047898689 epoch_time: 154.32286405563354
Epoch [147/150] :  loss =  0.006341582616490389 epoch_time: 152.4299554824829
Epoch [148/150] :  loss =  0.006317538434814196 epoch_time: 152.5970277786255
Epoch [149/150] :  loss =  0.0063776882586050005 epoch_time: 152.0630021095276
Test result: MAE 2.07487154006958 RMSE 3.191450834274292 MAPE 4.846319699304398
(1752, 323, 1, 12)
(1752, 323, 1, 12)
(1752, 323, 1, 12)
Spend Time: 22495.97013401985
