{'data': {'dataset': 'Seattle', 'miss_mechanism': 'MAR', 'miss_ratio': 0.5, 'batch_size': 16, 'test_batch_size': 16, 'val_batch_size': 16}, 'model': {'num_nodes': 323, 'hidden_size': 64, 'in_channel': 1, 'seqlen': 12, 'st_block': 3, 'K': 4, 'd_model': 512, 'n_heads': 4}, 'train': {'cuda': 2, 'lr': '1e-3', 'epochs': 150, 'save_model_path': 'save_model/', 'result_path': 'results/'}}
train X: (6132, 323, 2, 12) train M: (6132, 323, 2, 12) train Y: (6132, 323, 2, 12)
valid X: (876, 323, 2, 12) valid M: (876, 323, 2, 12) valid Y: (876, 323, 2, 12)
test X: (1752, 323, 2, 12) test M: (1752, 323, 2, 12) test Y: (1752, 323, 2, 12)
The input graph is a 0/1 matrix; set "scaling" to False.
Epoch [0/150] :  loss =  0.04905031752423383 epoch_time: 172.1408634185791
Epoch [1/150] :  loss =  0.0188721743785815 epoch_time: 169.60348629951477
Epoch [2/150] :  loss =  0.01522748662440184 epoch_time: 171.29876017570496
Epoch [3/150] :  loss =  0.01375014473402795 epoch_time: 173.98225784301758
Epoch [4/150] :  loss =  0.012980920660387104 epoch_time: 167.78710269927979
Epoch [5/150] :  loss =  0.012023017591369959 epoch_time: 165.98782873153687
Epoch [6/150] :  loss =  0.011810478933815224 epoch_time: 168.2183268070221
Epoch [7/150] :  loss =  0.011367911620861074 epoch_time: 166.72025179862976
Epoch [8/150] :  loss =  0.010930834911656953 epoch_time: 172.9574248790741
Epoch [9/150] :  loss =  0.010971554130568014 epoch_time: 168.68349385261536
Epoch [10/150] :  loss =  0.010524033522718431 epoch_time: 169.2307734489441
Epoch [11/150] :  loss =  0.01028889211253651 epoch_time: 171.75511765480042
Epoch [12/150] :  loss =  0.010383980824068809 epoch_time: 168.9588499069214
Epoch [13/150] :  loss =  0.010048636121306723 epoch_time: 168.62083768844604
Epoch [14/150] :  loss =  0.010043078008796632 epoch_time: 167.44356775283813
Epoch [15/150] :  loss =  0.009964890012876518 epoch_time: 170.19976592063904
Epoch [16/150] :  loss =  0.009763482761627529 epoch_time: 169.44729733467102
Epoch [17/150] :  loss =  0.009610059980332153 epoch_time: 167.6931402683258
Epoch [18/150] :  loss =  0.009583201596493987 epoch_time: 167.7858121395111
Epoch [19/150] :  loss =  0.009444315869283551 epoch_time: 167.60054206848145
Epoch [20/150] :  loss =  0.00937585470940879 epoch_time: 166.89826560020447
Epoch [21/150] :  loss =  0.009266452817731382 epoch_time: 167.3515989780426
Epoch [22/150] :  loss =  0.009393638437662352 epoch_time: 167.5093195438385
Epoch [23/150] :  loss =  0.009125401484197937 epoch_time: 166.84989070892334
Epoch [24/150] :  loss =  0.009248571398832913 epoch_time: 176.3914439678192
Epoch [25/150] :  loss =  0.009087183733451335 epoch_time: 169.91790580749512
Epoch [26/150] :  loss =  0.009034577523076829 epoch_time: 167.2689950466156
Epoch [27/150] :  loss =  0.008898222124116728 epoch_time: 169.19682240486145
Epoch [28/150] :  loss =  0.008888795036909869 epoch_time: 165.7918119430542
Epoch [29/150] :  loss =  0.008915364222048083 epoch_time: 167.90689373016357
Epoch [30/150] :  loss =  0.008771734838470971 epoch_time: 167.30506253242493
Epoch [31/150] :  loss =  0.008827964383575212 epoch_time: 171.732435464859
Epoch [32/150] :  loss =  0.008680194184610931 epoch_time: 167.86782097816467
Epoch [33/150] :  loss =  0.008647588126526292 epoch_time: 166.56814861297607
Epoch [34/150] :  loss =  0.008577747611222245 epoch_time: 175.02075052261353
Epoch [35/150] :  loss =  0.00848085448888014 epoch_time: 166.63766169548035
Epoch [36/150] :  loss =  0.008539133275917266 epoch_time: 170.19350576400757
Epoch [37/150] :  loss =  0.008392872303375043 epoch_time: 168.30113101005554
Epoch [38/150] :  loss =  0.008345855408454858 epoch_time: 167.66267275810242
Epoch [39/150] :  loss =  0.008346320724134179 epoch_time: 166.99217867851257
Epoch [40/150] :  loss =  0.008232468944091428 epoch_time: 167.46978640556335
Epoch [41/150] :  loss =  0.008295614474870186 epoch_time: 168.90073585510254
Epoch [42/150] :  loss =  0.008176847764843842 epoch_time: 168.7360577583313
Epoch [43/150] :  loss =  0.00811110772944327 epoch_time: 167.85855269432068
Epoch [44/150] :  loss =  0.008145771187021941 epoch_time: 171.01779580116272
Epoch [45/150] :  loss =  0.007993244861912293 epoch_time: 165.90795731544495
Epoch [46/150] :  loss =  0.008202642286050832 epoch_time: 165.24835681915283
Epoch [47/150] :  loss =  0.007951001842836073 epoch_time: 167.87279391288757
Epoch [48/150] :  loss =  0.00789824158831228 epoch_time: 167.15550327301025
Epoch [49/150] :  loss =  0.007991877320212856 epoch_time: 166.30387163162231
Epoch [50/150] :  loss =  0.007852479426219361 epoch_time: 168.42663502693176
Epoch [51/150] :  loss =  0.00785106154701983 epoch_time: 167.01081466674805
Epoch [52/150] :  loss =  0.0077861982499598525 epoch_time: 164.24915981292725
Epoch [53/150] :  loss =  0.007847910811202988 epoch_time: 168.86788821220398
Epoch [54/150] :  loss =  0.00783585465857565 epoch_time: 166.9720504283905
Epoch [55/150] :  loss =  0.0076873046697680065 epoch_time: 166.2983181476593
Epoch [56/150] :  loss =  0.007638179989347312 epoch_time: 168.8506042957306
Epoch [57/150] :  loss =  0.007658245541582194 epoch_time: 167.53548955917358
Epoch [58/150] :  loss =  0.007664567233102086 epoch_time: 163.66161465644836
Epoch [59/150] :  loss =  0.00761690582172984 epoch_time: 166.85585737228394
Epoch [60/150] :  loss =  0.007597596709577677 epoch_time: 169.90702366828918
Epoch [61/150] :  loss =  0.00755810149833754 epoch_time: 166.36746788024902
Epoch [62/150] :  loss =  0.007528969394722178 epoch_time: 167.41491436958313
Epoch [63/150] :  loss =  0.007471117494181574 epoch_time: 166.9685447216034
Epoch [64/150] :  loss =  0.007557537179915623 epoch_time: 169.54503083229065
Epoch [65/150] :  loss =  0.007398906629532576 epoch_time: 170.49230098724365
Epoch [66/150] :  loss =  0.007467846051440574 epoch_time: 166.49925065040588
Epoch [67/150] :  loss =  0.007423486182233319 epoch_time: 170.689373254776
Epoch [68/150] :  loss =  0.0073611722157996455 epoch_time: 168.12510991096497
Epoch [69/150] :  loss =  0.0074664669239912955 epoch_time: 169.79562211036682
Epoch [70/150] :  loss =  0.007298066175280837 epoch_time: 165.99083304405212
Epoch [71/150] :  loss =  0.0073756629511384135 epoch_time: 165.1790246963501
Epoch [72/150] :  loss =  0.007293740639094419 epoch_time: 164.5564296245575
Epoch [73/150] :  loss =  0.007316855676132643 epoch_time: 162.38918709754944
Epoch [74/150] :  loss =  0.007269885387358954 epoch_time: 164.59212279319763
Epoch [75/150] :  loss =  0.007240710160355472 epoch_time: 164.03812193870544
Epoch [76/150] :  loss =  0.007238556531471356 epoch_time: 163.59498405456543
Epoch [77/150] :  loss =  0.007153142904523217 epoch_time: 163.1823227405548
Epoch [78/150] :  loss =  0.0072402277231352246 epoch_time: 165.0237820148468
Epoch [79/150] :  loss =  0.007154344550751072 epoch_time: 165.18814873695374
Epoch [80/150] :  loss =  0.007131462994342049 epoch_time: 162.5866973400116
Epoch [81/150] :  loss =  0.007098727809837631 epoch_time: 164.31350827217102
Epoch [82/150] :  loss =  0.00709964606964301 epoch_time: 164.63188457489014
Epoch [83/150] :  loss =  0.0071583736850395025 epoch_time: 165.64334559440613
Epoch [84/150] :  loss =  0.007052668745018309 epoch_time: 163.89433431625366
Epoch [85/150] :  loss =  0.0070137535573546 epoch_time: 167.42488741874695
Epoch [86/150] :  loss =  0.007140037026450348 epoch_time: 164.81096816062927
Epoch [87/150] :  loss =  0.0070133536792127416 epoch_time: 161.05440497398376
Epoch [88/150] :  loss =  0.0070252263273384115 epoch_time: 163.4163362979889
Epoch [89/150] :  loss =  0.006956706036968778 epoch_time: 164.6156930923462
Epoch [90/150] :  loss =  0.00695972682175731 epoch_time: 165.99141716957092
Epoch [91/150] :  loss =  0.006953284566407092 epoch_time: 163.22516679763794
Epoch [92/150] :  loss =  0.0069703379400986405 epoch_time: 163.06831622123718
Epoch [93/150] :  loss =  0.006945396769879153 epoch_time: 163.80843329429626
Epoch [94/150] :  loss =  0.0068800954819986755 epoch_time: 165.89417219161987
Epoch [95/150] :  loss =  0.0068894580569273485 epoch_time: 162.7270667552948
Epoch [96/150] :  loss =  0.006867413305978213 epoch_time: 164.65941405296326
Epoch [97/150] :  loss =  0.006833348600290871 epoch_time: 162.2993323802948
Epoch [98/150] :  loss =  0.006841298076324165 epoch_time: 161.66211009025574
Epoch [99/150] :  loss =  0.006828128667014728 epoch_time: 162.75721645355225
Epoch [100/150] :  loss =  0.006822180193315337 epoch_time: 163.85918641090393
Epoch [101/150] :  loss =  0.006743032943631988 epoch_time: 163.83708786964417
Epoch [102/150] :  loss =  0.0068432703604533645 epoch_time: 164.03488492965698
Epoch [103/150] :  loss =  0.0067414511322567705 epoch_time: 163.97559690475464
Epoch [104/150] :  loss =  0.006803153296156476 epoch_time: 164.5445475578308
Epoch [105/150] :  loss =  0.0066937494339072146 epoch_time: 164.0719337463379
Epoch [106/150] :  loss =  0.006718882186153981 epoch_time: 162.96269607543945
Epoch [107/150] :  loss =  0.0066662371876494335 epoch_time: 163.64551329612732
Epoch [108/150] :  loss =  0.006734461572098856 epoch_time: 164.04124569892883
Epoch [109/150] :  loss =  0.006665715620329138 epoch_time: 163.50102472305298
Epoch [110/150] :  loss =  0.006674642770425028 epoch_time: 162.7323739528656
Epoch [111/150] :  loss =  0.006633836834225804 epoch_time: 162.1355516910553
Epoch [112/150] :  loss =  0.006711509156351288 epoch_time: 161.52057719230652
Epoch [113/150] :  loss =  0.006622609236122419 epoch_time: 162.66699361801147
Epoch [114/150] :  loss =  0.006656244160694769 epoch_time: 165.75342679023743
Epoch [115/150] :  loss =  0.0065967835422876915 epoch_time: 165.36653923988342
Epoch [116/150] :  loss =  0.006573056294049214 epoch_time: 164.87619185447693
Epoch [117/150] :  loss =  0.006555044959289565 epoch_time: 161.93673658370972
Epoch [118/150] :  loss =  0.006609997684184539 epoch_time: 163.41017842292786
Epoch [119/150] :  loss =  0.00654660217211737 epoch_time: 161.92474174499512
Epoch [120/150] :  loss =  0.006578901119307072 epoch_time: 163.38648104667664
Epoch [121/150] :  loss =  0.006531094390084036 epoch_time: 166.04132294654846
Epoch [122/150] :  loss =  0.006606257798315103 epoch_time: 163.4136564731598
Epoch [123/150] :  loss =  0.006504469548114382 epoch_time: 161.10506629943848
Epoch [124/150] :  loss =  0.006462462624767795 epoch_time: 164.61683082580566
Epoch [125/150] :  loss =  0.006486585082408662 epoch_time: 166.375972032547
Epoch [126/150] :  loss =  0.006508655308910723 epoch_time: 162.32362818717957
Epoch [127/150] :  loss =  0.006430641347833443 epoch_time: 163.58896470069885
Epoch [128/150] :  loss =  0.006623003871936817 epoch_time: 163.27008271217346
Epoch [129/150] :  loss =  0.0064398770094461115 epoch_time: 166.52896332740784
Epoch [130/150] :  loss =  0.006375330134081499 epoch_time: 163.31486654281616
Epoch [131/150] :  loss =  0.006467455737341273 epoch_time: 163.35309672355652
Epoch [132/150] :  loss =  0.006432704035735999 epoch_time: 162.9669749736786
Epoch [133/150] :  loss =  0.006375863156184399 epoch_time: 164.90694117546082
Epoch [134/150] :  loss =  0.0063893111449336475 epoch_time: 166.76640224456787
Epoch [135/150] :  loss =  0.006387470218517895 epoch_time: 163.4427945613861
Epoch [136/150] :  loss =  0.006355026470070395 epoch_time: 162.7465169429779
Epoch [137/150] :  loss =  0.006355942425822529 epoch_time: 162.59239315986633
Epoch [138/150] :  loss =  0.0063566338624999235 epoch_time: 163.4703769683838
Epoch [139/150] :  loss =  0.0063932589449298876 epoch_time: 165.40619254112244
Epoch [140/150] :  loss =  0.006296254293071494 epoch_time: 161.82341122627258
Epoch [141/150] :  loss =  0.006309781621287887 epoch_time: 162.70873069763184
Epoch [142/150] :  loss =  0.006323993537080241 epoch_time: 165.08405995368958
Epoch [143/150] :  loss =  0.00633750804142134 epoch_time: 168.51154232025146
Epoch [144/150] :  loss =  0.006330093430733541 epoch_time: 163.98411059379578
Epoch [145/150] :  loss =  0.006274516872508684 epoch_time: 163.85407853126526
Epoch [146/150] :  loss =  0.006259165373194264 epoch_time: 164.105810880661
Epoch [147/150] :  loss =  0.006357233271652755 epoch_time: 165.8885190486908
Epoch [148/150] :  loss =  0.006202444607576278 epoch_time: 162.5666275024414
Epoch [149/150] :  loss =  0.0062498667696975945 epoch_time: 162.18757343292236
Test result: MAE 2.075018438998529 RMSE 3.1571401815009223 MAPE 4.821843487104611
(1752, 323, 1, 12)
(1752, 323, 1, 12)
(1752, 323, 1, 12)
Spend Time: 24926.729418754578
