{'data': {'dataset': 'Seattle', 'miss_mechanism': 'MAR', 'miss_ratio': 0.5, 'batch_size': 16, 'test_batch_size': 16, 'val_batch_size': 16}, 'model': {'num_nodes': 323, 'hidden_size': 64, 'in_channel': 1, 'seqlen': 12, 'st_block': 3, 'K': 4, 'd_model': 512, 'n_heads': 4}, 'train': {'cuda': 2, 'lr': '1e-3', 'epochs': 150, 'save_model_path': 'save_model/', 'result_path': 'results/'}}
train X: (6132, 323, 2, 12) train M: (6132, 323, 2, 12) train Y: (6132, 323, 2, 12)
valid X: (876, 323, 2, 12) valid M: (876, 323, 2, 12) valid Y: (876, 323, 2, 12)
test X: (1752, 323, 2, 12) test M: (1752, 323, 2, 12) test Y: (1752, 323, 2, 12)
The input graph is a 0/1 matrix; set "scaling" to False.
Epoch [0/150] :  loss =  0.04641275838851774 epoch_time: 163.67574524879456
Epoch [1/150] :  loss =  0.019424085490754806 epoch_time: 162.06517720222473
Epoch [2/150] :  loss =  0.01604458897539492 epoch_time: 168.87633776664734
Epoch [3/150] :  loss =  0.014398189147565668 epoch_time: 166.11313557624817
Epoch [4/150] :  loss =  0.013189470395445824 epoch_time: 163.16676092147827
Epoch [5/150] :  loss =  0.01261459046024053 epoch_time: 164.5676827430725
Epoch [6/150] :  loss =  0.011907495548560595 epoch_time: 165.44170999526978
Epoch [7/150] :  loss =  0.011692285547421003 epoch_time: 162.7029049396515
Epoch [8/150] :  loss =  0.01137483225951049 epoch_time: 162.29227685928345
Epoch [9/150] :  loss =  0.011117998373568602 epoch_time: 160.7002079486847
Epoch [10/150] :  loss =  0.011050061086280039 epoch_time: 163.06228232383728
Epoch [11/150] :  loss =  0.010589117887623919 epoch_time: 165.27565670013428
Epoch [12/150] :  loss =  0.010471054346756622 epoch_time: 163.20250940322876
Epoch [13/150] :  loss =  0.010539305187800588 epoch_time: 162.83009552955627
Epoch [14/150] :  loss =  0.010033927337644855 epoch_time: 163.63851618766785
Epoch [15/150] :  loss =  0.010112154493981507 epoch_time: 163.4899663925171
Epoch [16/150] :  loss =  0.010174164514561804 epoch_time: 163.8696837425232
Epoch [17/150] :  loss =  0.009896042954399794 epoch_time: 163.20281887054443
Epoch [18/150] :  loss =  0.009758067660489663 epoch_time: 163.02739787101746
Epoch [19/150] :  loss =  0.009607049465557793 epoch_time: 166.3719460964203
Epoch [20/150] :  loss =  0.009667398417756582 epoch_time: 165.40114998817444
Epoch [21/150] :  loss =  0.009498030223767273 epoch_time: 165.1500461101532
Epoch [22/150] :  loss =  0.009413245495428177 epoch_time: 163.87138414382935
Epoch [23/150] :  loss =  0.009596650572348153 epoch_time: 161.95002245903015
Epoch [24/150] :  loss =  0.009223265572169717 epoch_time: 163.01757621765137
Epoch [25/150] :  loss =  0.009248674712580396 epoch_time: 164.12827515602112
Epoch [26/150] :  loss =  0.009235189193229113 epoch_time: 164.34863901138306
Epoch [27/150] :  loss =  0.009065187009885753 epoch_time: 164.31750583648682
Epoch [28/150] :  loss =  0.0091067250383882 epoch_time: 163.3878972530365
Epoch [29/150] :  loss =  0.009010583910518713 epoch_time: 164.31246542930603
Epoch [30/150] :  loss =  0.009160464481586436 epoch_time: 162.4827082157135
Epoch [31/150] :  loss =  0.008885016086424002 epoch_time: 164.96863389015198
Epoch [32/150] :  loss =  0.008841984355967725 epoch_time: 161.4809181690216
Epoch [33/150] :  loss =  0.008735678370915897 epoch_time: 162.8702163696289
Epoch [34/150] :  loss =  0.008780144116220375 epoch_time: 165.18332171440125
Epoch [35/150] :  loss =  0.008722079728613608 epoch_time: 162.09222149848938
Epoch [36/150] :  loss =  0.008612652722755835 epoch_time: 165.4564173221588
Epoch [37/150] :  loss =  0.008503248100169003 epoch_time: 163.22360944747925
Epoch [38/150] :  loss =  0.008575670702460533 epoch_time: 164.05473136901855
Epoch [39/150] :  loss =  0.00852541617617438 epoch_time: 165.0414855480194
Epoch [40/150] :  loss =  0.00847458936429272 epoch_time: 164.05910778045654
Epoch [41/150] :  loss =  0.00847081027192568 epoch_time: 165.30141687393188
Epoch [42/150] :  loss =  0.008849979663258031 epoch_time: 162.6089084148407
Epoch [43/150] :  loss =  0.008204363932842776 epoch_time: 161.28384494781494
Epoch [44/150] :  loss =  0.00824422697890744 epoch_time: 162.6241111755371
Epoch [45/150] :  loss =  0.008249085415930798 epoch_time: 162.4437026977539
Epoch [46/150] :  loss =  0.008311590428396206 epoch_time: 163.38806414604187
Epoch [47/150] :  loss =  0.008194631137788141 epoch_time: 165.85082077980042
Epoch [48/150] :  loss =  0.008143840224268692 epoch_time: 165.15725135803223
Epoch [49/150] :  loss =  0.008119195517792832 epoch_time: 162.90835642814636
Epoch [50/150] :  loss =  0.008201611358041797 epoch_time: 165.41830444335938
Epoch [51/150] :  loss =  0.00802055425325913 epoch_time: 162.22933745384216
Epoch [52/150] :  loss =  0.008005697446302898 epoch_time: 164.7814815044403
Epoch [53/150] :  loss =  0.008036268038267735 epoch_time: 164.84467434883118
Epoch [54/150] :  loss =  0.007957548211076452 epoch_time: 165.4023458957672
Epoch [55/150] :  loss =  0.007907880076042298 epoch_time: 163.93634271621704
Epoch [56/150] :  loss =  0.00797015925005932 epoch_time: 163.0800323486328
Epoch [57/150] :  loss =  0.007846801647247048 epoch_time: 164.56419348716736
Epoch [58/150] :  loss =  0.007850066505246408 epoch_time: 162.8527855873108
Epoch [59/150] :  loss =  0.007920377670719366 epoch_time: 164.62175393104553
Epoch [60/150] :  loss =  0.00789649238019289 epoch_time: 165.40485286712646
Epoch [61/150] :  loss =  0.007697464683587896 epoch_time: 167.13130259513855
Epoch [62/150] :  loss =  0.007750507531454787 epoch_time: 165.07852220535278
Epoch [63/150] :  loss =  0.0076382295083021745 epoch_time: 166.1438443660736
Epoch [64/150] :  loss =  0.007678510714564861 epoch_time: 162.7909059524536
Epoch [65/150] :  loss =  0.007721519174083369 epoch_time: 162.79426383972168
Epoch [66/150] :  loss =  0.007636355544188215 epoch_time: 166.44701147079468
Epoch [67/150] :  loss =  0.00762132817908423 epoch_time: 163.9780879020691
Epoch [68/150] :  loss =  0.007611850679192382 epoch_time: 162.12098622322083
Epoch [69/150] :  loss =  0.007554907850135351 epoch_time: 163.51186180114746
Epoch [70/150] :  loss =  0.0076227137324167415 epoch_time: 163.98081970214844
Epoch [71/150] :  loss =  0.0074777718061037985 epoch_time: 162.29879307746887
Epoch [72/150] :  loss =  0.007504264106197904 epoch_time: 164.82987785339355
Epoch [73/150] :  loss =  0.007519144056762646 epoch_time: 162.23501563072205
Epoch [74/150] :  loss =  0.007442306374287 epoch_time: 163.82977485656738
Epoch [75/150] :  loss =  0.007448794357818163 epoch_time: 163.91039061546326
Epoch [76/150] :  loss =  0.007417288253539785 epoch_time: 164.68885445594788
Epoch [77/150] :  loss =  0.007399987543370419 epoch_time: 164.91859459877014
Epoch [78/150] :  loss =  0.0074463813471083995 epoch_time: 165.63805508613586
Epoch [79/150] :  loss =  0.007340981764476358 epoch_time: 164.26476883888245
Epoch [80/150] :  loss =  0.0073487471490807366 epoch_time: 162.66310143470764
Epoch [81/150] :  loss =  0.00734973937869654 epoch_time: 163.55858778953552
Epoch [82/150] :  loss =  0.007240317187097389 epoch_time: 165.1847484111786
Epoch [83/150] :  loss =  0.007277999826328596 epoch_time: 164.2708296775818
Epoch [84/150] :  loss =  0.007319436785716486 epoch_time: 163.34981179237366
Epoch [85/150] :  loss =  0.007178264480899088 epoch_time: 161.9785659313202
Epoch [86/150] :  loss =  0.007243976711227636 epoch_time: 161.3138711452484
Epoch [87/150] :  loss =  0.00723889619136268 epoch_time: 165.243346452713
Epoch [88/150] :  loss =  0.007166538402088918 epoch_time: 162.37419867515564
Epoch [89/150] :  loss =  0.00718062248051865 epoch_time: 164.29058957099915
Epoch [90/150] :  loss =  0.007147872980567627 epoch_time: 162.7730793952942
Epoch [91/150] :  loss =  0.0070932774773003375 epoch_time: 161.76120567321777
Epoch [92/150] :  loss =  0.007119051274154724 epoch_time: 163.2791075706482
Epoch [93/150] :  loss =  0.007113742427463876 epoch_time: 163.5112624168396
Epoch [94/150] :  loss =  0.0070896997943539946 epoch_time: 164.26961612701416
Epoch [95/150] :  loss =  0.007126029127296836 epoch_time: 162.4264621734619
Epoch [96/150] :  loss =  0.006972907346304662 epoch_time: 162.70862245559692
Epoch [97/150] :  loss =  0.006991723826407299 epoch_time: 165.4921097755432
Epoch [98/150] :  loss =  0.007080090879753698 epoch_time: 162.72178769111633
Epoch [99/150] :  loss =  0.006965413683550044 epoch_time: 162.52458333969116
Epoch [100/150] :  loss =  0.006980540074437158 epoch_time: 165.33605360984802
Epoch [101/150] :  loss =  0.006979285831524369 epoch_time: 164.70969247817993
Epoch [102/150] :  loss =  0.007020886702472732 epoch_time: 163.46865940093994
Epoch [103/150] :  loss =  0.006874977868089142 epoch_time: 161.02568221092224
Epoch [104/150] :  loss =  0.0069383077970996965 epoch_time: 164.20521569252014
Epoch [105/150] :  loss =  0.006885187404501873 epoch_time: 167.2815079689026
Epoch [106/150] :  loss =  0.006931484556844225 epoch_time: 165.69526767730713
Epoch [107/150] :  loss =  0.006832730638658783 epoch_time: 163.04594802856445
Epoch [108/150] :  loss =  0.00683657488116296 epoch_time: 163.83100008964539
Epoch [109/150] :  loss =  0.006870123777237798 epoch_time: 164.59290432929993
Epoch [110/150] :  loss =  0.0068177857174305245 epoch_time: 167.53409051895142
Epoch [111/150] :  loss =  0.006882625895135182 epoch_time: 164.97685432434082
Epoch [112/150] :  loss =  0.0067825353604954826 epoch_time: 162.0392141342163
Epoch [113/150] :  loss =  0.006807725578255486 epoch_time: 162.41156268119812
Epoch [114/150] :  loss =  0.006808518153169037 epoch_time: 164.0639922618866
Epoch [115/150] :  loss =  0.006831063620969265 epoch_time: 163.06405782699585
Epoch [116/150] :  loss =  0.006724231544164165 epoch_time: 164.44266772270203
Epoch [117/150] :  loss =  0.00679488769674208 epoch_time: 162.98315143585205
Epoch [118/150] :  loss =  0.006640659177113169 epoch_time: 163.25966024398804
Epoch [119/150] :  loss =  0.0067616949818329886 epoch_time: 162.46160864830017
Epoch [120/150] :  loss =  0.00670348384786242 epoch_time: 161.74107027053833
Epoch [121/150] :  loss =  0.006734984159265878 epoch_time: 162.60494995117188
Epoch [122/150] :  loss =  0.0066901777184587745 epoch_time: 161.91395258903503
Epoch [123/150] :  loss =  0.006669204563271099 epoch_time: 165.54671239852905
