{'data': {'dataset': 'METR-LA', 'miss_mechanism': 'MCAR', 'miss_ratio': 0.5, 'batch_size': 16, 'test_batch_size': 16, 'val_batch_size': 16}, 'model': {'num_nodes': 207, 'hidden_size': 16, 'in_channel': 1, 'seqlen': 12, 'st_block': 3, 'K': 3, 'd_model': 512, 'n_heads': 3}, 'train': {'cuda': 5, 'lr': '1e-3', 'epochs': 150, 'save_model_path': 'save_model/', 'result_path': 'results/'}}
train X: (1999, 207, 2, 12) train M: (1999, 207, 2, 12) train Y: (1999, 207, 2, 12)
valid X: (285, 207, 2, 12) valid M: (285, 207, 2, 12) valid Y: (285, 207, 2, 12)
test X: (571, 207, 2, 12) test M: (571, 207, 2, 12) test Y: (571, 207, 2, 12)
Epoch [0/150] :  loss =  0.10528788104653358 epoch_time: 17.09921956062317
Epoch [1/150] :  loss =  0.044049397170543673 epoch_time: 14.035605430603027
Epoch [2/150] :  loss =  0.037284062668681145 epoch_time: 13.946907758712769
Epoch [3/150] :  loss =  0.033380596280097964 epoch_time: 13.56624150276184
Epoch [4/150] :  loss =  0.030739094689488412 epoch_time: 14.243393182754517
Epoch [5/150] :  loss =  0.028707789555191994 epoch_time: 13.767014265060425
Epoch [6/150] :  loss =  0.0273283995911479 epoch_time: 13.768883466720581
Epoch [7/150] :  loss =  0.02632269601523876 epoch_time: 14.508325338363647
Epoch [8/150] :  loss =  0.02516402696818113 epoch_time: 13.65332579612732
Epoch [9/150] :  loss =  0.024488908767700195 epoch_time: 13.808125972747803
Epoch [10/150] :  loss =  0.023843260705471037 epoch_time: 13.960172414779663
Epoch [11/150] :  loss =  0.02289853775501251 epoch_time: 13.60875654220581
Epoch [12/150] :  loss =  0.0225922562032938 epoch_time: 13.825933694839478
Epoch [13/150] :  loss =  0.021951266072690486 epoch_time: 15.313716888427734
Epoch [14/150] :  loss =  0.021604530043900012 epoch_time: 13.713567018508911
Epoch [15/150] :  loss =  0.02106721520423889 epoch_time: 13.830400705337524
Epoch [16/150] :  loss =  0.020875965669751168 epoch_time: 14.509350776672363
Epoch [17/150] :  loss =  0.020124346286058425 epoch_time: 14.595330476760864
Epoch [18/150] :  loss =  0.019511920958757402 epoch_time: 14.553374528884888
Epoch [19/150] :  loss =  0.01978179828077555 epoch_time: 13.855176448822021
Epoch [20/150] :  loss =  0.019059031218290327 epoch_time: 16.007105588912964
Epoch [21/150] :  loss =  0.018469930842518807 epoch_time: 13.858264923095703
Epoch [22/150] :  loss =  0.018195567958056928 epoch_time: 13.965319633483887
Epoch [23/150] :  loss =  0.01797153473645449 epoch_time: 13.893214464187622
Epoch [24/150] :  loss =  0.017682520031929015 epoch_time: 13.542168140411377
Epoch [25/150] :  loss =  0.017748618468642233 epoch_time: 15.026782512664795
Epoch [26/150] :  loss =  0.01743923918157816 epoch_time: 13.483808755874634
Epoch [27/150] :  loss =  0.017135899908840655 epoch_time: 13.776562452316284
Epoch [28/150] :  loss =  0.016918647341430188 epoch_time: 13.815815210342407
Epoch [29/150] :  loss =  0.01635457953065634 epoch_time: 15.659337520599365
Epoch [30/150] :  loss =  0.016408395312726497 epoch_time: 14.359638690948486
Epoch [31/150] :  loss =  0.016338180378079416 epoch_time: 13.697020053863525
Epoch [32/150] :  loss =  0.016360195264220237 epoch_time: 13.766038656234741
Epoch [33/150] :  loss =  0.016033111728727817 epoch_time: 14.351778268814087
Epoch [34/150] :  loss =  0.015776634000241756 epoch_time: 14.286525011062622
Epoch [35/150] :  loss =  0.015635062851011752 epoch_time: 13.832114696502686
Epoch [36/150] :  loss =  0.015574520073831082 epoch_time: 13.661494731903076
Epoch [37/150] :  loss =  0.015198221623897553 epoch_time: 14.273407459259033
Epoch [38/150] :  loss =  0.01540074110776186 epoch_time: 14.508092164993286
Epoch [39/150] :  loss =  0.015042699582874774 epoch_time: 14.229446172714233
Epoch [40/150] :  loss =  0.014851468048989774 epoch_time: 13.865377187728882
Epoch [41/150] :  loss =  0.01483804052323103 epoch_time: 13.925040483474731
Epoch [42/150] :  loss =  0.014822783417999745 epoch_time: 13.943936824798584
Epoch [43/150] :  loss =  0.014461778193712235 epoch_time: 14.420810461044312
Epoch [44/150] :  loss =  0.014179108075797558 epoch_time: 13.933021545410156
Epoch [45/150] :  loss =  0.014271437384188176 epoch_time: 13.80865478515625
Epoch [46/150] :  loss =  0.0144155932366848 epoch_time: 13.834942817687988
Epoch [47/150] :  loss =  0.014038855940103531 epoch_time: 13.883317708969116
Epoch [48/150] :  loss =  0.013966501593589782 epoch_time: 13.90822982788086
Epoch [49/150] :  loss =  0.014133588962256909 epoch_time: 13.559638023376465
Epoch [50/150] :  loss =  0.013581354066729546 epoch_time: 14.368860006332397
Epoch [51/150] :  loss =  0.013404979571700096 epoch_time: 14.170626640319824
Epoch [52/150] :  loss =  0.013538813345134258 epoch_time: 14.129462480545044
Epoch [53/150] :  loss =  0.013245044499635697 epoch_time: 13.786277055740356
Epoch [54/150] :  loss =  0.013292840868234634 epoch_time: 13.859570026397705
Epoch [55/150] :  loss =  0.01291476421058178 epoch_time: 14.136722803115845
Epoch [56/150] :  loss =  0.012905290879309177 epoch_time: 13.999646663665771
Epoch [57/150] :  loss =  0.013090158477425576 epoch_time: 13.869637489318848
Epoch [58/150] :  loss =  0.012832886032760144 epoch_time: 13.716960668563843
Epoch [59/150] :  loss =  0.012722954362630844 epoch_time: 13.676215171813965
Epoch [60/150] :  loss =  0.012564560070633888 epoch_time: 13.543998956680298
Epoch [61/150] :  loss =  0.012743161603808404 epoch_time: 13.56540298461914
Epoch [62/150] :  loss =  0.012585573963820934 epoch_time: 13.542921304702759
Epoch [63/150] :  loss =  0.0126795239970088 epoch_time: 13.554941415786743
Epoch [64/150] :  loss =  0.012583373434841633 epoch_time: 14.3379807472229
Epoch [65/150] :  loss =  0.012485404774546623 epoch_time: 14.283644437789917
Epoch [66/150] :  loss =  0.012364389587193728 epoch_time: 13.570414066314697
Epoch [67/150] :  loss =  0.012463446840643882 epoch_time: 14.424846410751343
Epoch [68/150] :  loss =  0.012273350931704044 epoch_time: 13.698827266693115
Epoch [69/150] :  loss =  0.01221707158535719 epoch_time: 13.704535484313965
Epoch [70/150] :  loss =  0.01255752682685852 epoch_time: 13.735294342041016
Epoch [71/150] :  loss =  0.0124968551248312 epoch_time: 13.76681137084961
Epoch [72/150] :  loss =  0.012406555578112603 epoch_time: 13.879801988601685
Epoch [73/150] :  loss =  0.012054990984499454 epoch_time: 13.916207551956177
Epoch [74/150] :  loss =  0.012091771222651005 epoch_time: 13.91248083114624
Epoch [75/150] :  loss =  0.012052249006927014 epoch_time: 13.77854585647583
Epoch [76/150] :  loss =  0.012169609144330025 epoch_time: 13.815180540084839
Epoch [77/150] :  loss =  0.01202678632736206 epoch_time: 13.780354261398315
Epoch [78/150] :  loss =  0.011906577095389366 epoch_time: 13.658576965332031
Epoch [79/150] :  loss =  0.011949501369148493 epoch_time: 13.552093029022217
Epoch [80/150] :  loss =  0.011893387533724308 epoch_time: 13.482753276824951
Epoch [81/150] :  loss =  0.01181953738257289 epoch_time: 13.533005475997925
Epoch [82/150] :  loss =  0.011941049464046956 epoch_time: 13.532577276229858
Epoch [83/150] :  loss =  0.011983070962131023 epoch_time: 13.586151599884033
Epoch [84/150] :  loss =  0.011823691535741091 epoch_time: 13.708559036254883
Epoch [85/150] :  loss =  0.01173909554630518 epoch_time: 13.535109519958496
Epoch [86/150] :  loss =  0.011656862199306488 epoch_time: 13.439038753509521
Epoch [87/150] :  loss =  0.011609697699546813 epoch_time: 13.464198589324951
Epoch [88/150] :  loss =  0.011624083407223224 epoch_time: 13.530131816864014
Epoch [89/150] :  loss =  0.011509308181703091 epoch_time: 14.088744640350342
Epoch [90/150] :  loss =  0.011521561816334725 epoch_time: 14.180186748504639
Epoch [91/150] :  loss =  0.011578287970274687 epoch_time: 13.721179008483887
Epoch [92/150] :  loss =  0.011470537394285203 epoch_time: 13.701576471328735
Epoch [93/150] :  loss =  0.011434313584119081 epoch_time: 13.872561931610107
Epoch [94/150] :  loss =  0.011454245299100876 epoch_time: 13.797375202178955
Epoch [95/150] :  loss =  0.011387729194015265 epoch_time: 13.855603218078613
Epoch [96/150] :  loss =  0.011498340751975774 epoch_time: 13.832832336425781
Epoch [97/150] :  loss =  0.011418506689369678 epoch_time: 14.639667510986328
Epoch [98/150] :  loss =  0.011189324751496315 epoch_time: 13.74478006362915
Epoch [99/150] :  loss =  0.011215468365699054 epoch_time: 13.710527896881104
Epoch [100/150] :  loss =  0.011206033162772655 epoch_time: 13.663312196731567
Epoch [101/150] :  loss =  0.0111272853910923 epoch_time: 13.521830558776855
Epoch [102/150] :  loss =  0.011474039778113366 epoch_time: 13.572774171829224
Epoch [103/150] :  loss =  0.011349339209496975 epoch_time: 13.539121150970459
Epoch [104/150] :  loss =  0.01127292525395751 epoch_time: 13.96036982536316
Epoch [105/150] :  loss =  0.011178202964365481 epoch_time: 13.87619662284851
Epoch [106/150] :  loss =  0.011262334652245045 epoch_time: 13.825317144393921
Epoch [107/150] :  loss =  0.011271377786993981 epoch_time: 13.91313886642456
Epoch [108/150] :  loss =  0.011073898583650588 epoch_time: 13.712084293365479
Epoch [109/150] :  loss =  0.011030704915523529 epoch_time: 13.689030647277832
Epoch [110/150] :  loss =  0.011004713736474514 epoch_time: 13.786847352981567
Epoch [111/150] :  loss =  0.011007450111210347 epoch_time: 13.849342346191406
Epoch [112/150] :  loss =  0.010961224183440208 epoch_time: 13.881183385848999
Epoch [113/150] :  loss =  0.010942453999072314 epoch_time: 13.823025941848755
Epoch [114/150] :  loss =  0.01088929845392704 epoch_time: 14.03505563735962
Epoch [115/150] :  loss =  0.011014587510377169 epoch_time: 13.683077812194824
Epoch [116/150] :  loss =  0.010850725125521422 epoch_time: 13.722318410873413
Epoch [117/150] :  loss =  0.010953307457268238 epoch_time: 13.75019383430481
Epoch [118/150] :  loss =  0.010801970027387142 epoch_time: 13.709955215454102
Epoch [119/150] :  loss =  0.010856572195887565 epoch_time: 13.875917434692383
Epoch [120/150] :  loss =  0.0108469343110919 epoch_time: 13.848297119140625
Epoch [121/150] :  loss =  0.01082023473456502 epoch_time: 13.742604494094849
Epoch [122/150] :  loss =  0.010863042201846838 epoch_time: 13.802816390991211
Epoch [123/150] :  loss =  0.01077017906308174 epoch_time: 13.862961053848267
Epoch [124/150] :  loss =  0.010692143850028514 epoch_time: 13.744933366775513
Epoch [125/150] :  loss =  0.010598801497370004 epoch_time: 13.814767360687256
Epoch [126/150] :  loss =  0.010656739443540572 epoch_time: 13.656488180160522
Epoch [127/150] :  loss =  0.010645145326852798 epoch_time: 13.784784317016602
Epoch [128/150] :  loss =  0.01057775578275323 epoch_time: 14.006025791168213
Epoch [129/150] :  loss =  0.010670040503144265 epoch_time: 14.176348209381104
Epoch [130/150] :  loss =  0.010761614389717579 epoch_time: 13.959182024002075
Epoch [131/150] :  loss =  0.010631981026381254 epoch_time: 13.688698053359985
Epoch [132/150] :  loss =  0.010603791385889053 epoch_time: 14.035067796707153
Epoch [133/150] :  loss =  0.010577647116035222 epoch_time: 13.973246335983276
Epoch [134/150] :  loss =  0.010597260907292365 epoch_time: 14.106889486312866
Epoch [135/150] :  loss =  0.010603404644876718 epoch_time: 14.017298936843872
Epoch [136/150] :  loss =  0.010655189145356417 epoch_time: 14.029948472976685
Epoch [137/150] :  loss =  0.010592417180538178 epoch_time: 14.227868556976318
Epoch [138/150] :  loss =  0.010477551028132439 epoch_time: 13.919321298599243
Epoch [139/150] :  loss =  0.010457875769585371 epoch_time: 14.048222064971924
Epoch [140/150] :  loss =  0.010371059689670802 epoch_time: 14.095829010009766
Epoch [141/150] :  loss =  0.010466539088636637 epoch_time: 13.7135910987854
Epoch [142/150] :  loss =  0.010369260508567095 epoch_time: 13.802836894989014
Epoch [143/150] :  loss =  0.010365983705967665 epoch_time: 14.1536545753479
Epoch [144/150] :  loss =  0.01041443221271038 epoch_time: 13.854634523391724
Epoch [145/150] :  loss =  0.010487115699797869 epoch_time: 13.705495834350586
Epoch [146/150] :  loss =  0.010467492464929819 epoch_time: 13.964969158172607
Epoch [147/150] :  loss =  0.010604730647057295 epoch_time: 14.058147430419922
Epoch [148/150] :  loss =  0.01038257186114788 epoch_time: 14.170681715011597
Epoch [149/150] :  loss =  0.010224319573491812 epoch_time: 14.619919538497925
Traceback (most recent call last):
  File "main.py", line 447, in <module>
    main(args)
  File "main.py", line 430, in main
    predict(
  File "main.py", line 235, in predict
    model.load_state_dict(torch.load(best_save_path))
  File "/home/zhoujianping/miniconda3/envs/torch3090/lib/python3.8/site-packages/torch/nn/modules/module.py", line 1223, in load_state_dict
    raise RuntimeError('Error(s) in loading state_dict for {}:\n\t{}'.format(
RuntimeError: Error(s) in loading state_dict for MagiNet:
	size mismatch for AMSTenc.posemb.pe: copying a param with shape torch.Size([1, 5000, 16]) from checkpoint, the shape in current model is torch.Size([1000, 16]).
