{'data': {'dataset': 'METR-LA', 'miss_mechanism': 'MCAR', 'miss_ratio': 0.5, 'batch_size': 16, 'test_batch_size': 16, 'val_batch_size': 16}, 'model': {'num_nodes': 207, 'hidden_size': 16, 'in_channel': 1, 'seqlen': 12, 'st_block': 3, 'K': 3, 'd_model': 512, 'n_heads': 3}, 'train': {'cuda': 6, 'lr': '1e-3', 'epochs': 150, 'save_model_path': 'save_model/', 'result_path': 'results/'}}
train X: (1999, 207, 2, 12) train M: (1999, 207, 2, 12) train Y: (1999, 207, 2, 12)
valid X: (285, 207, 2, 12) valid M: (285, 207, 2, 12) valid Y: (285, 207, 2, 12)
test X: (571, 207, 2, 12) test M: (571, 207, 2, 12) test Y: (571, 207, 2, 12)
Epoch [0/150] :  loss =  0.10549438601732254 epoch_time: 14.255966901779175
Epoch [1/150] :  loss =  0.0480309215337038 epoch_time: 14.474948406219482
Epoch [2/150] :  loss =  0.039727959424257275 epoch_time: 14.565380334854126
Epoch [3/150] :  loss =  0.03594033296406269 epoch_time: 14.087921380996704
Epoch [4/150] :  loss =  0.0328316480666399 epoch_time: 14.130732774734497
Epoch [5/150] :  loss =  0.03066708055138588 epoch_time: 12.898823976516724
Epoch [6/150] :  loss =  0.029195392355322838 epoch_time: 14.13743782043457
Epoch [7/150] :  loss =  0.027794024229049683 epoch_time: 14.675237894058228
Epoch [8/150] :  loss =  0.026822741828858854 epoch_time: 13.443104028701782
Epoch [9/150] :  loss =  0.0259908434599638 epoch_time: 13.34785795211792
Epoch [10/150] :  loss =  0.0250858820900321 epoch_time: 13.428272247314453
Epoch [11/150] :  loss =  0.024277134589850903 epoch_time: 13.32487154006958
Epoch [12/150] :  loss =  0.023625565692782402 epoch_time: 13.487438440322876
Epoch [13/150] :  loss =  0.023045746453106402 epoch_time: 12.962374925613403
Epoch [14/150] :  loss =  0.022308453239500523 epoch_time: 13.079582929611206
Epoch [15/150] :  loss =  0.021697285771369933 epoch_time: 13.212676525115967
Epoch [16/150] :  loss =  0.021430495485663413 epoch_time: 12.90020751953125
Epoch [17/150] :  loss =  0.020856512486934663 epoch_time: 13.15481162071228
Epoch [18/150] :  loss =  0.020451374530792238 epoch_time: 12.441034078598022
Epoch [19/150] :  loss =  0.020079576641321182 epoch_time: 12.827547550201416
Epoch [20/150] :  loss =  0.019636705726385116 epoch_time: 13.62172794342041
Epoch [21/150] :  loss =  0.0192787022292614 epoch_time: 15.0892653465271
Epoch [22/150] :  loss =  0.019065241672098637 epoch_time: 13.684311866760254
Epoch [23/150] :  loss =  0.019087331980466842 epoch_time: 13.31735634803772
Epoch [24/150] :  loss =  0.018736751332879067 epoch_time: 14.472652435302734
Epoch [25/150] :  loss =  0.018483245305716992 epoch_time: 13.508819103240967
Epoch [26/150] :  loss =  0.01834042780101299 epoch_time: 13.461494445800781
Epoch [27/150] :  loss =  0.017797976903617382 epoch_time: 13.549921035766602
Epoch [28/150] :  loss =  0.01776536713540554 epoch_time: 14.509639263153076
Epoch [29/150] :  loss =  0.017526115350425243 epoch_time: 13.366029977798462
Epoch [30/150] :  loss =  0.017417381525039674 epoch_time: 13.223926544189453
Epoch [31/150] :  loss =  0.01712997631728649 epoch_time: 13.443579912185669
Epoch [32/150] :  loss =  0.01709577062726021 epoch_time: 13.574517488479614
Epoch [33/150] :  loss =  0.017056949771940708 epoch_time: 13.50412917137146
Epoch [34/150] :  loss =  0.016702406637370586 epoch_time: 13.6902437210083
Epoch [35/150] :  loss =  0.016392417162656783 epoch_time: 13.738707780838013
Epoch [36/150] :  loss =  0.01647710943967104 epoch_time: 13.702795267105103
Epoch [37/150] :  loss =  0.01641932440549135 epoch_time: 13.46109676361084
Epoch [38/150] :  loss =  0.01617567767947912 epoch_time: 13.560108184814453
Epoch [39/150] :  loss =  0.01590354447811842 epoch_time: 14.177238464355469
Epoch [40/150] :  loss =  0.016223546147346498 epoch_time: 13.399661779403687
Epoch [41/150] :  loss =  0.015917660608887673 epoch_time: 13.401984691619873
Epoch [42/150] :  loss =  0.015458844773471356 epoch_time: 13.505823135375977
Epoch [43/150] :  loss =  0.015625936031341554 epoch_time: 13.482298135757446
Epoch [44/150] :  loss =  0.015505498737096786 epoch_time: 13.163967370986938
Epoch [45/150] :  loss =  0.015382603295147419 epoch_time: 13.654854536056519
Epoch [46/150] :  loss =  0.015400123722851277 epoch_time: 13.414898872375488
Epoch [47/150] :  loss =  0.015093016482889653 epoch_time: 12.988453388214111
Epoch [48/150] :  loss =  0.015200239919126033 epoch_time: 12.89647912979126
Epoch [49/150] :  loss =  0.014947114564478397 epoch_time: 13.177809476852417
Epoch [50/150] :  loss =  0.014863386176526546 epoch_time: 13.477123022079468
Epoch [51/150] :  loss =  0.014819072857499123 epoch_time: 14.018830299377441
Epoch [52/150] :  loss =  0.014755893245339394 epoch_time: 13.345752000808716
Epoch [53/150] :  loss =  0.014852850928902626 epoch_time: 12.959834814071655
Epoch [54/150] :  loss =  0.014616064373403787 epoch_time: 14.60884165763855
Epoch [55/150] :  loss =  0.01431645978987217 epoch_time: 12.902083158493042
Epoch [56/150] :  loss =  0.014442382276058197 epoch_time: 12.877110958099365
Epoch [57/150] :  loss =  0.014420686848461628 epoch_time: 12.81282091140747
Epoch [58/150] :  loss =  0.014120833188295365 epoch_time: 12.996256113052368
Epoch [59/150] :  loss =  0.01423540323972702 epoch_time: 13.256850242614746
Epoch [60/150] :  loss =  0.014268728092312813 epoch_time: 13.227015495300293
Epoch [61/150] :  loss =  0.014166756711900234 epoch_time: 13.120564460754395
Epoch [62/150] :  loss =  0.014252526238560676 epoch_time: 13.043837070465088
Epoch [63/150] :  loss =  0.014297038070857524 epoch_time: 13.40334963798523
Epoch [64/150] :  loss =  0.01380471856892109 epoch_time: 13.496251106262207
Epoch [65/150] :  loss =  0.01399718315154314 epoch_time: 13.33634614944458
Epoch [66/150] :  loss =  0.01396205560863018 epoch_time: 13.4961256980896
Epoch [67/150] :  loss =  0.013828442312777042 epoch_time: 13.413019895553589
Epoch [68/150] :  loss =  0.013798239640891552 epoch_time: 13.470425844192505
Epoch [69/150] :  loss =  0.013779816992580891 epoch_time: 13.33975625038147
Epoch [70/150] :  loss =  0.013391720831394196 epoch_time: 13.333378553390503
Epoch [71/150] :  loss =  0.013617326095700264 epoch_time: 13.437483072280884
Epoch [72/150] :  loss =  0.01376255863904953 epoch_time: 13.464025259017944
Epoch [73/150] :  loss =  0.01374184948205948 epoch_time: 13.02672791481018
Epoch [74/150] :  loss =  0.01362439388036728 epoch_time: 12.848689556121826
Epoch [75/150] :  loss =  0.013351451016962529 epoch_time: 13.80759334564209
Epoch [76/150] :  loss =  0.013371300622820855 epoch_time: 13.667921304702759
Epoch [77/150] :  loss =  0.013314678579568863 epoch_time: 13.485379457473755
Epoch [78/150] :  loss =  0.01318890418857336 epoch_time: 13.423400163650513
Epoch [79/150] :  loss =  0.013186808697879315 epoch_time: 13.675740003585815
Epoch [80/150] :  loss =  0.012916966058313847 epoch_time: 18.272162437438965
Epoch [81/150] :  loss =  0.012986282855272292 epoch_time: 20.815783500671387
Epoch [82/150] :  loss =  0.012968910604715347 epoch_time: 21.588088512420654
Epoch [83/150] :  loss =  0.013137371696531773 epoch_time: 20.29423952102661
Epoch [84/150] :  loss =  0.013027024574577809 epoch_time: 21.591750860214233
Epoch [85/150] :  loss =  0.013101468428969382 epoch_time: 20.41357684135437
Epoch [86/150] :  loss =  0.012895385310053825 epoch_time: 21.866039991378784
Epoch [87/150] :  loss =  0.012741431221365928 epoch_time: 20.556570291519165
Epoch [88/150] :  loss =  0.012774546101689339 epoch_time: 20.630346536636353
Epoch [89/150] :  loss =  0.012786710657179356 epoch_time: 20.868289709091187
Epoch [90/150] :  loss =  0.012817776825278997 epoch_time: 20.172251224517822
Epoch [91/150] :  loss =  0.012655436761677265 epoch_time: 21.352182626724243
Epoch [92/150] :  loss =  0.01260643108189106 epoch_time: 20.466356992721558
Epoch [93/150] :  loss =  0.012650802239775657 epoch_time: 20.61739420890808
Epoch [94/150] :  loss =  0.012525267761200666 epoch_time: 20.827655792236328
Epoch [95/150] :  loss =  0.012426952712237834 epoch_time: 18.36935544013977
Epoch [96/150] :  loss =  0.012394801966845989 epoch_time: 14.498928785324097
Epoch [97/150] :  loss =  0.012873665735125541 epoch_time: 14.144353866577148
Epoch [98/150] :  loss =  0.012584434814751149 epoch_time: 14.071986436843872
Epoch [99/150] :  loss =  0.012278330318629741 epoch_time: 13.94391655921936
Epoch [100/150] :  loss =  0.012277082540094852 epoch_time: 13.441746711730957
Epoch [101/150] :  loss =  0.012430993974208831 epoch_time: 13.433058738708496
Epoch [102/150] :  loss =  0.012261076048016548 epoch_time: 13.335251569747925
Epoch [103/150] :  loss =  0.012228018142282963 epoch_time: 13.336232423782349
Epoch [104/150] :  loss =  0.012184631936252117 epoch_time: 13.357919692993164
Epoch [105/150] :  loss =  0.012055385388433933 epoch_time: 13.013263463973999
Epoch [106/150] :  loss =  0.012177218034863472 epoch_time: 15.304735660552979
Epoch [107/150] :  loss =  0.012127599004656077 epoch_time: 20.96519112586975
Epoch [108/150] :  loss =  0.012080792047083377 epoch_time: 19.122023344039917
Epoch [109/150] :  loss =  0.01224205819517374 epoch_time: 20.214083433151245
Epoch [110/150] :  loss =  0.012302762538194656 epoch_time: 20.998737812042236
Epoch [111/150] :  loss =  0.012121849969029427 epoch_time: 17.541314840316772
Epoch [112/150] :  loss =  0.012113992214202882 epoch_time: 13.63864541053772
Epoch [113/150] :  loss =  0.012094628982245921 epoch_time: 13.686308860778809
Epoch [114/150] :  loss =  0.012097369864583015 epoch_time: 13.877476453781128
Epoch [115/150] :  loss =  0.011804598271846772 epoch_time: 13.531578063964844
Epoch [116/150] :  loss =  0.011822774447500706 epoch_time: 15.580828428268433
Epoch [117/150] :  loss =  0.012063265927135945 epoch_time: 14.424408197402954
Epoch [118/150] :  loss =  0.011900509167462587 epoch_time: 13.92941689491272
Epoch [119/150] :  loss =  0.0119028046913445 epoch_time: 13.437233209609985
Epoch [120/150] :  loss =  0.011746931295841933 epoch_time: 13.797324180603027
Epoch [121/150] :  loss =  0.011827460203319788 epoch_time: 13.676452875137329
Epoch [122/150] :  loss =  0.012133178621530533 epoch_time: 13.943954229354858
Epoch [123/150] :  loss =  0.01173754160106182 epoch_time: 13.965062379837036
Epoch [124/150] :  loss =  0.011876919753849507 epoch_time: 13.333586692810059
Epoch [125/150] :  loss =  0.011663965046405793 epoch_time: 13.424919128417969
Epoch [126/150] :  loss =  0.011593147080391646 epoch_time: 13.19932746887207
Epoch [127/150] :  loss =  0.01152192673832178 epoch_time: 13.817396879196167
Epoch [128/150] :  loss =  0.011515524305403233 epoch_time: 13.43252420425415
Epoch [129/150] :  loss =  0.01163973594456911 epoch_time: 13.941246509552002
Epoch [130/150] :  loss =  0.011564369782805443 epoch_time: 13.528201341629028
Epoch [131/150] :  loss =  0.01156038235500455 epoch_time: 13.593026161193848
Epoch [132/150] :  loss =  0.011558422025293112 epoch_time: 13.822511672973633
Epoch [133/150] :  loss =  0.011500689670443535 epoch_time: 14.242449522018433
Epoch [134/150] :  loss =  0.011694210559129715 epoch_time: 14.2628333568573
Epoch [135/150] :  loss =  0.011567206393927335 epoch_time: 13.905288934707642
Epoch [136/150] :  loss =  0.011492441326379776 epoch_time: 13.60877275466919
Epoch [137/150] :  loss =  0.011541447684168815 epoch_time: 13.654340267181396
Epoch [138/150] :  loss =  0.01143383301794529 epoch_time: 14.055822610855103
Epoch [139/150] :  loss =  0.011212330475449563 epoch_time: 13.528511047363281
Epoch [140/150] :  loss =  0.011357209078967572 epoch_time: 14.095403909683228
Epoch [141/150] :  loss =  0.01145702314004302 epoch_time: 13.791262149810791
Epoch [142/150] :  loss =  0.011266971088945865 epoch_time: 13.37941312789917
Epoch [143/150] :  loss =  0.011235495943576097 epoch_time: 13.57314944267273
Epoch [144/150] :  loss =  0.011195199809968472 epoch_time: 14.054014205932617
Epoch [145/150] :  loss =  0.011264407448470593 epoch_time: 14.08057951927185
Epoch [146/150] :  loss =  0.011267626821994782 epoch_time: 14.084607362747192
Epoch [147/150] :  loss =  0.011211894568055868 epoch_time: 13.667255401611328
Epoch [148/150] :  loss =  0.011259411562234162 epoch_time: 13.378830671310425
Epoch [149/150] :  loss =  0.011225720271468162 epoch_time: 13.448384523391724
Test result: MAE 2.558152562698066 RMSE 5.44278127335043 MAPE 6.486915319182243
(571, 207, 1, 12)
(571, 207, 1, 12)
(571, 207, 1, 12)
Spend Time: 2189.588258266449
