torch.Size([1728, 1, 524, 6])
torch.Size([1728, 1, 524, 6])
torch.Size([1728, 1, 524, 6])
==================================================  Training  ==================================================
Epoch:0
Valid RMSE: 8.4685697555542
====================================================================================================
Epoch:1
Valid RMSE: 5.821944236755371
====================================================================================================
Epoch:2
Valid RMSE: 4.874177932739258
====================================================================================================
Epoch:3
Valid RMSE: 4.682373046875
====================================================================================================
Epoch:4
Valid RMSE: 4.624668121337891
====================================================================================================
Epoch:5
Valid RMSE: 4.557024002075195
====================================================================================================
Epoch:6
Valid RMSE: 4.553743839263916
====================================================================================================
Epoch:7
Valid RMSE: 4.540210247039795
====================================================================================================
Epoch:8
Valid RMSE: 4.518580436706543
====================================================================================================
Epoch:9
Valid RMSE: 4.469467639923096
====================================================================================================
Epoch:10
Valid RMSE: 4.467787265777588
====================================================================================================
Epoch:11
Valid RMSE: 4.403209686279297
====================================================================================================
Epoch:12
Valid RMSE: 4.39022159576416
====================================================================================================
Epoch:13
Valid RMSE: 4.378955364227295
====================================================================================================
Epoch:14
Valid RMSE: 4.314543724060059
====================================================================================================
Epoch:15
Valid RMSE: 4.271271705627441
====================================================================================================
Epoch:16
Valid RMSE: 4.265780925750732
====================================================================================================
Epoch:17
Valid RMSE: 4.239950180053711
====================================================================================================
Epoch:18
Valid RMSE: 4.23048210144043
====================================================================================================
Epoch:19
Valid RMSE: 4.1987833976745605
====================================================================================================
Epoch:20
Valid RMSE: 4.183359146118164
====================================================================================================
Epoch:21
Valid RMSE: 4.168793201446533
====================================================================================================
Epoch:22
Valid RMSE: 4.158836364746094
====================================================================================================
Epoch:23
Valid RMSE: 4.172240257263184
EarlyStopping counter: 1 out of 20
====================================================================================================
Epoch:24
Valid RMSE: 4.145389080047607
====================================================================================================
Epoch:25
Valid RMSE: 4.125174045562744
====================================================================================================
Epoch:26
Valid RMSE: 4.11975622177124
====================================================================================================
Epoch:27
Valid RMSE: 4.088455677032471
====================================================================================================
Epoch:28
Valid RMSE: 4.1152024269104
EarlyStopping counter: 1 out of 20
====================================================================================================
Epoch:29
Valid RMSE: 4.099701404571533
EarlyStopping counter: 2 out of 20
====================================================================================================
Epoch:30
Valid RMSE: 4.107080936431885
EarlyStopping counter: 3 out of 20
====================================================================================================
Epoch:31
Valid RMSE: 4.06198787689209
====================================================================================================
Epoch:32
Valid RMSE: 4.053977966308594
====================================================================================================
Epoch:33
Valid RMSE: 4.060914993286133
EarlyStopping counter: 1 out of 20
====================================================================================================
Epoch:34
Valid RMSE: 4.0538105964660645
====================================================================================================
Epoch:35
Valid RMSE: 4.0483622550964355
====================================================================================================
Epoch:36
Valid RMSE: 4.019600868225098
====================================================================================================
Epoch:37
Valid RMSE: 4.017491817474365
====================================================================================================
Epoch:38
Valid RMSE: 4.02037239074707
EarlyStopping counter: 1 out of 20
====================================================================================================
Epoch:39
Valid RMSE: 4.0183424949646
EarlyStopping counter: 2 out of 20
====================================================================================================
Epoch:40
Valid RMSE: 3.9967880249023438
====================================================================================================
Epoch:41
Valid RMSE: 4.001781463623047
EarlyStopping counter: 1 out of 20
====================================================================================================
Epoch:42
Valid RMSE: 3.9936599731445312
====================================================================================================
Epoch:43
Valid RMSE: 3.966294527053833
====================================================================================================
Epoch:44
Valid RMSE: 3.9731035232543945
EarlyStopping counter: 1 out of 20
====================================================================================================
Epoch:45
Valid RMSE: 3.9896910190582275
EarlyStopping counter: 2 out of 20
====================================================================================================
Epoch:46
Valid RMSE: 3.9614312648773193
====================================================================================================
Epoch:47
Valid RMSE: 3.9728283882141113
EarlyStopping counter: 1 out of 20
====================================================================================================
Epoch:48
Valid RMSE: 3.9560225009918213
====================================================================================================
Epoch:49
Valid RMSE: 3.9669270515441895
EarlyStopping counter: 1 out of 20
====================================================================================================
Epoch:50
Valid RMSE: 3.9390950202941895
====================================================================================================
Epoch:51
Valid RMSE: 3.9476327896118164
EarlyStopping counter: 1 out of 20
====================================================================================================
Epoch:52
Valid RMSE: 3.952775716781616
EarlyStopping counter: 2 out of 20
====================================================================================================
Epoch:53
Valid RMSE: 3.939344644546509
EarlyStopping counter: 3 out of 20
====================================================================================================
Epoch:54
Valid RMSE: 3.974219799041748
EarlyStopping counter: 4 out of 20
====================================================================================================
Epoch:55
Valid RMSE: 3.9658584594726562
EarlyStopping counter: 5 out of 20
====================================================================================================
Epoch:56
Valid RMSE: 3.934856414794922
====================================================================================================
Epoch:57
Valid RMSE: 3.913365602493286
====================================================================================================
Epoch:58
Valid RMSE: 3.9314205646514893
EarlyStopping counter: 1 out of 20
====================================================================================================
Epoch:59
Valid RMSE: 3.935994863510132
EarlyStopping counter: 2 out of 20
====================================================================================================
Epoch:60
Valid RMSE: 3.9240903854370117
EarlyStopping counter: 3 out of 20
====================================================================================================
Epoch:61
Valid RMSE: 3.922395944595337
EarlyStopping counter: 4 out of 20
====================================================================================================
Epoch:62
Valid RMSE: 3.9291911125183105
EarlyStopping counter: 5 out of 20
====================================================================================================
Epoch:63
Valid RMSE: 3.9049410820007324
====================================================================================================
Epoch:64
Valid RMSE: 3.896358013153076
====================================================================================================
Epoch:65
Valid RMSE: 3.9048047065734863
EarlyStopping counter: 1 out of 20
====================================================================================================
Epoch:66
Valid RMSE: 3.9297475814819336
EarlyStopping counter: 2 out of 20
====================================================================================================
Epoch:67
Valid RMSE: 3.892197608947754
====================================================================================================
Epoch:68
Valid RMSE: 3.8992719650268555
EarlyStopping counter: 1 out of 20
====================================================================================================
Epoch:69
Valid RMSE: 3.882490873336792
====================================================================================================
Epoch:70
Valid RMSE: 3.882479667663574
====================================================================================================
Epoch:71
Valid RMSE: 3.8983335494995117
EarlyStopping counter: 1 out of 20
====================================================================================================
Epoch:72
Valid RMSE: 3.9098455905914307
EarlyStopping counter: 2 out of 20
====================================================================================================
Epoch:73
Valid RMSE: 3.897014617919922
EarlyStopping counter: 3 out of 20
====================================================================================================
Epoch:74
Valid RMSE: 3.8855433464050293
EarlyStopping counter: 4 out of 20
====================================================================================================
Epoch:75
Valid RMSE: 3.8622310161590576
====================================================================================================
Epoch:76
Valid RMSE: 3.910773754119873
EarlyStopping counter: 1 out of 20
====================================================================================================
Epoch:77
Valid RMSE: 3.8644556999206543
EarlyStopping counter: 2 out of 20
====================================================================================================
Epoch:78
Valid RMSE: 3.854641914367676
====================================================================================================
Epoch:79
Valid RMSE: 3.8641505241394043
EarlyStopping counter: 1 out of 20
====================================================================================================
Epoch:80
Valid RMSE: 3.861786365509033
EarlyStopping counter: 2 out of 20
====================================================================================================
Epoch:81
Valid RMSE: 3.909557342529297
EarlyStopping counter: 3 out of 20
====================================================================================================
Epoch:82
Valid RMSE: 3.8409483432769775
====================================================================================================
Epoch:83
Valid RMSE: 3.8936080932617188
EarlyStopping counter: 1 out of 20
====================================================================================================
Epoch:84
Valid RMSE: 3.8903346061706543
EarlyStopping counter: 2 out of 20
====================================================================================================
Epoch:85
Valid RMSE: 3.8402655124664307
====================================================================================================
Epoch:86
Valid RMSE: 3.845466136932373
EarlyStopping counter: 1 out of 20
====================================================================================================
Epoch:87
Valid RMSE: 3.8555526733398438
EarlyStopping counter: 2 out of 20
====================================================================================================
Epoch:88
Valid RMSE: 3.851287364959717
EarlyStopping counter: 3 out of 20
====================================================================================================
Epoch:89
Valid RMSE: 3.8324453830718994
====================================================================================================
Epoch:90
Valid RMSE: 3.8457043170928955
EarlyStopping counter: 1 out of 20
====================================================================================================
Epoch:91
Valid RMSE: 3.8593156337738037
EarlyStopping counter: 2 out of 20
====================================================================================================
Epoch:92
Valid RMSE: 3.8269059658050537
====================================================================================================
Epoch:93
Valid RMSE: 3.857156991958618
EarlyStopping counter: 1 out of 20
====================================================================================================
Epoch:94
Valid RMSE: 3.833388328552246
EarlyStopping counter: 2 out of 20
====================================================================================================
Epoch:95
Valid RMSE: 3.8283886909484863
EarlyStopping counter: 3 out of 20
====================================================================================================
Epoch:96
Valid RMSE: 3.837195873260498
EarlyStopping counter: 4 out of 20
====================================================================================================
Epoch:97
Valid RMSE: 3.861675262451172
EarlyStopping counter: 5 out of 20
====================================================================================================
Epoch:98
Valid RMSE: 3.863009452819824
EarlyStopping counter: 6 out of 20
====================================================================================================
Epoch:99
Valid RMSE: 3.8634862899780273
EarlyStopping counter: 7 out of 20
====================================================================================================
Epoch:100
Valid RMSE: 3.8971681594848633
EarlyStopping counter: 8 out of 20
====================================================================================================
Epoch:101
Valid RMSE: 3.8370840549468994
EarlyStopping counter: 9 out of 20
====================================================================================================
Epoch:102
Valid RMSE: 3.8387997150421143
EarlyStopping counter: 10 out of 20
====================================================================================================
Epoch:103
Valid RMSE: 3.863534688949585
EarlyStopping counter: 11 out of 20
====================================================================================================
Epoch:104
Valid RMSE: 3.8557193279266357
EarlyStopping counter: 12 out of 20
====================================================================================================
Epoch:105
Valid RMSE: 3.827376365661621
EarlyStopping counter: 13 out of 20
====================================================================================================
Epoch:106
Valid RMSE: 3.8607177734375
EarlyStopping counter: 14 out of 20
====================================================================================================
Epoch:107
Valid RMSE: 3.8091647624969482
====================================================================================================
Epoch:108
Valid RMSE: 3.82595157623291
EarlyStopping counter: 1 out of 20
====================================================================================================
Epoch:109
Valid RMSE: 3.811473846435547
EarlyStopping counter: 2 out of 20
====================================================================================================
Epoch:110
Valid RMSE: 3.811187744140625
EarlyStopping counter: 3 out of 20
====================================================================================================
Epoch:111
Valid RMSE: 3.7954206466674805
====================================================================================================
Epoch:112
Valid RMSE: 3.8426132202148438
EarlyStopping counter: 1 out of 20
====================================================================================================
Epoch:113
Valid RMSE: 3.801710844039917
EarlyStopping counter: 2 out of 20
====================================================================================================
Epoch:114
Valid RMSE: 3.8120296001434326
EarlyStopping counter: 3 out of 20
====================================================================================================
Epoch:115
Valid RMSE: 3.796520709991455
EarlyStopping counter: 4 out of 20
====================================================================================================
Epoch:116
Valid RMSE: 3.812788724899292
EarlyStopping counter: 5 out of 20
====================================================================================================
Epoch:117
Valid RMSE: 3.822199583053589
EarlyStopping counter: 6 out of 20
====================================================================================================
Epoch:118
Valid RMSE: 3.8104307651519775
EarlyStopping counter: 7 out of 20
====================================================================================================
Epoch:119
Valid RMSE: 3.814037799835205
EarlyStopping counter: 8 out of 20
====================================================================================================
Epoch:120
Valid RMSE: 3.788271903991699
====================================================================================================
Epoch:121
Valid RMSE: 3.845181703567505
EarlyStopping counter: 1 out of 20
====================================================================================================
Epoch:122
Valid RMSE: 3.797011137008667
EarlyStopping counter: 2 out of 20
====================================================================================================
Epoch:123
Valid RMSE: 3.83276104927063
EarlyStopping counter: 3 out of 20
====================================================================================================
Epoch:124
Valid RMSE: 3.7924129962921143
EarlyStopping counter: 4 out of 20
====================================================================================================
Epoch:125
Valid RMSE: 3.7986865043640137
EarlyStopping counter: 5 out of 20
====================================================================================================
Epoch:126
Valid RMSE: 3.797553062438965
EarlyStopping counter: 6 out of 20
====================================================================================================
Epoch:127
Valid RMSE: 3.7978618144989014
EarlyStopping counter: 7 out of 20
====================================================================================================
Epoch:128
Valid RMSE: 3.804666757583618
EarlyStopping counter: 8 out of 20
====================================================================================================
Epoch:129
Valid RMSE: 3.7978744506835938
EarlyStopping counter: 9 out of 20
====================================================================================================
Epoch:130
Valid RMSE: 3.803267478942871
EarlyStopping counter: 10 out of 20
====================================================================================================
Epoch:131
Valid RMSE: 3.812178611755371
EarlyStopping counter: 11 out of 20
====================================================================================================
Epoch:132
Valid RMSE: 3.799248695373535
EarlyStopping counter: 12 out of 20
====================================================================================================
Epoch:133
Valid RMSE: 3.7894184589385986
EarlyStopping counter: 13 out of 20
====================================================================================================
Epoch:134
Valid RMSE: 3.816436767578125
EarlyStopping counter: 14 out of 20
====================================================================================================
Epoch:135
Valid RMSE: 3.845942258834839
EarlyStopping counter: 15 out of 20
====================================================================================================
Epoch:136
Valid RMSE: 3.798563241958618
EarlyStopping counter: 16 out of 20
====================================================================================================
Epoch:137
Valid RMSE: 3.799323558807373
EarlyStopping counter: 17 out of 20
====================================================================================================
Epoch:138
Valid RMSE: 3.7821362018585205
====================================================================================================
Epoch:139
Valid RMSE: 3.8085432052612305
EarlyStopping counter: 1 out of 20
====================================================================================================
Epoch:140
Valid RMSE: 3.8029048442840576
EarlyStopping counter: 2 out of 20
====================================================================================================
Epoch:141
Valid RMSE: 3.7805376052856445
====================================================================================================
Epoch:142
Valid RMSE: 3.77795147895813
====================================================================================================
Epoch:143
Valid RMSE: 3.841362953186035
EarlyStopping counter: 1 out of 20
====================================================================================================
Epoch:144
Valid RMSE: 3.79638409614563
EarlyStopping counter: 2 out of 20
====================================================================================================
Epoch:145
Valid RMSE: 3.8096346855163574
EarlyStopping counter: 3 out of 20
====================================================================================================
Epoch:146
Valid RMSE: 3.7858798503875732
EarlyStopping counter: 4 out of 20
====================================================================================================
Epoch:147
Valid RMSE: 3.79066801071167
EarlyStopping counter: 5 out of 20
====================================================================================================
Epoch:148
Valid RMSE: 3.8424415588378906
EarlyStopping counter: 6 out of 20
====================================================================================================
Epoch:149
Valid RMSE: 3.8105812072753906
EarlyStopping counter: 7 out of 20
====================================================================================================
Epoch:150
Valid RMSE: 3.7892353534698486
EarlyStopping counter: 8 out of 20
====================================================================================================
Epoch:151
Valid RMSE: 3.7982821464538574
EarlyStopping counter: 9 out of 20
====================================================================================================
Epoch:152
Valid RMSE: 3.817951202392578
EarlyStopping counter: 10 out of 20
====================================================================================================
Epoch:153
Valid RMSE: 3.807234048843384
EarlyStopping counter: 11 out of 20
====================================================================================================
Epoch:154
Valid RMSE: 3.7771856784820557
====================================================================================================
Epoch:155
Valid RMSE: 3.7933778762817383
EarlyStopping counter: 1 out of 20
====================================================================================================
Epoch:156
Valid RMSE: 3.776991128921509
====================================================================================================
Epoch:157
Valid RMSE: 3.802208423614502
EarlyStopping counter: 1 out of 20
====================================================================================================
Epoch:158
Valid RMSE: 3.773253917694092
====================================================================================================
Epoch:159
Valid RMSE: 3.779463768005371
EarlyStopping counter: 1 out of 20
====================================================================================================
Epoch:160
Valid RMSE: 3.7753922939300537
EarlyStopping counter: 2 out of 20
====================================================================================================
Epoch:161
Valid RMSE: 3.7861294746398926
EarlyStopping counter: 3 out of 20
====================================================================================================
Epoch:162
Valid RMSE: 3.767378091812134
====================================================================================================
Epoch:163
Valid RMSE: 3.781895875930786
EarlyStopping counter: 1 out of 20
====================================================================================================
Epoch:164
Valid RMSE: 3.7595949172973633
====================================================================================================
Epoch:165
Valid RMSE: 3.804305076599121
EarlyStopping counter: 1 out of 20
====================================================================================================
Epoch:166
Valid RMSE: 3.77101731300354
EarlyStopping counter: 2 out of 20
====================================================================================================
Epoch:167
Valid RMSE: 3.821013927459717
EarlyStopping counter: 3 out of 20
====================================================================================================
Epoch:168
Valid RMSE: 3.7790095806121826
EarlyStopping counter: 4 out of 20
====================================================================================================
Epoch:169
Valid RMSE: 3.780945301055908
EarlyStopping counter: 5 out of 20
====================================================================================================
Epoch:170
Valid RMSE: 3.7653067111968994
EarlyStopping counter: 6 out of 20
====================================================================================================
Epoch:171
Valid RMSE: 3.7781214714050293
EarlyStopping counter: 7 out of 20
====================================================================================================
Epoch:172
Valid RMSE: 3.808140277862549
EarlyStopping counter: 8 out of 20
====================================================================================================
Epoch:173
Valid RMSE: 3.81181001663208
EarlyStopping counter: 9 out of 20
====================================================================================================
Epoch:174
Valid RMSE: 3.7730891704559326
EarlyStopping counter: 10 out of 20
====================================================================================================
Epoch:175
Valid RMSE: 3.7776670455932617
EarlyStopping counter: 11 out of 20
====================================================================================================
Epoch:176
Valid RMSE: 3.7655649185180664
EarlyStopping counter: 12 out of 20
====================================================================================================
Epoch:177
Valid RMSE: 3.7926645278930664
EarlyStopping counter: 13 out of 20
====================================================================================================
Epoch:178
Valid RMSE: 3.802772045135498
EarlyStopping counter: 14 out of 20
====================================================================================================
Epoch:179
Valid RMSE: 3.8102731704711914
EarlyStopping counter: 15 out of 20
====================================================================================================
Epoch:180
Valid RMSE: 3.7880537509918213
EarlyStopping counter: 16 out of 20
====================================================================================================
Epoch:181
Valid RMSE: 3.853672504425049
EarlyStopping counter: 17 out of 20
====================================================================================================
Epoch:182
Valid RMSE: 3.7763633728027344
EarlyStopping counter: 18 out of 20
====================================================================================================
Epoch:183
Valid RMSE: 3.7739627361297607
EarlyStopping counter: 19 out of 20
====================================================================================================
Epoch:184
Valid RMSE: 3.782525062561035
EarlyStopping counter: 20 out of 20
Early stopping
torch.Size([1728, 1, 524, 6])
torch.Size([1728, 1, 524, 6])
torch.Size([1728, 1, 524, 6])
==================================================  Testing  ==================================================
predict shape:  (576, 524, 6)
MAE: 2.550 RMSE: 3.730 MAPE: 11.671
Spend Time: 2176.1837327480316
