torch.Size([1728, 1, 524, 6])
torch.Size([1728, 1, 524, 6])
torch.Size([1728, 1, 524, 6])
==================================================  Training  ==================================================
Epoch:0
Valid RMSE: 8.454669952392578
====================================================================================================
Epoch:1
Valid RMSE: 5.782478332519531
====================================================================================================
Epoch:2
Valid RMSE: 4.8503546714782715
====================================================================================================
Epoch:3
Valid RMSE: 4.6921234130859375
====================================================================================================
Epoch:4
Valid RMSE: 4.651580333709717
====================================================================================================
Epoch:5
Valid RMSE: 4.573885917663574
====================================================================================================
Epoch:6
Valid RMSE: 4.579285621643066
EarlyStopping counter: 1 out of 20
====================================================================================================
Epoch:7
Valid RMSE: 4.528367042541504
====================================================================================================
Epoch:8
Valid RMSE: 4.509113788604736
====================================================================================================
Epoch:9
Valid RMSE: 4.480794429779053
====================================================================================================
Epoch:10
Valid RMSE: 4.443069934844971
====================================================================================================
Epoch:11
Valid RMSE: 4.41615104675293
====================================================================================================
Epoch:12
Valid RMSE: 4.401937484741211
====================================================================================================
Epoch:13
Valid RMSE: 4.387945175170898
====================================================================================================
Epoch:14
Valid RMSE: 4.336875915527344
====================================================================================================
Epoch:15
Valid RMSE: 4.340571880340576
EarlyStopping counter: 1 out of 20
====================================================================================================
Epoch:16
Valid RMSE: 4.274507522583008
====================================================================================================
Epoch:17
Valid RMSE: 4.2432332038879395
====================================================================================================
Epoch:18
Valid RMSE: 4.221242904663086
====================================================================================================
Epoch:19
Valid RMSE: 4.205664157867432
====================================================================================================
Epoch:20
Valid RMSE: 4.200595378875732
====================================================================================================
Epoch:21
Valid RMSE: 4.1780242919921875
====================================================================================================
Epoch:22
Valid RMSE: 4.192014694213867
EarlyStopping counter: 1 out of 20
====================================================================================================
Epoch:23
Valid RMSE: 4.1383137702941895
====================================================================================================
Epoch:24
Valid RMSE: 4.139449119567871
EarlyStopping counter: 1 out of 20
====================================================================================================
Epoch:25
Valid RMSE: 4.153036117553711
EarlyStopping counter: 2 out of 20
====================================================================================================
Epoch:26
Valid RMSE: 4.122244358062744
====================================================================================================
Epoch:27
Valid RMSE: 4.107908725738525
====================================================================================================
Epoch:28
Valid RMSE: 4.106909275054932
====================================================================================================
Epoch:29
Valid RMSE: 4.10490608215332
====================================================================================================
Epoch:30
Valid RMSE: 4.0946478843688965
====================================================================================================
Epoch:31
Valid RMSE: 4.084252834320068
====================================================================================================
Epoch:32
Valid RMSE: 4.072580814361572
====================================================================================================
Epoch:33
Valid RMSE: 4.043748378753662
====================================================================================================
Epoch:34
Valid RMSE: 4.04752254486084
EarlyStopping counter: 1 out of 20
====================================================================================================
Epoch:35
Valid RMSE: 4.043124675750732
====================================================================================================
Epoch:36
Valid RMSE: 4.056273460388184
EarlyStopping counter: 1 out of 20
====================================================================================================
Epoch:37
Valid RMSE: 4.047130584716797
EarlyStopping counter: 2 out of 20
====================================================================================================
Epoch:38
Valid RMSE: 4.047578811645508
EarlyStopping counter: 3 out of 20
====================================================================================================
Epoch:39
Valid RMSE: 4.028752326965332
====================================================================================================
Epoch:40
Valid RMSE: 4.012140274047852
====================================================================================================
Epoch:41
Valid RMSE: 4.016041278839111
EarlyStopping counter: 1 out of 20
====================================================================================================
Epoch:42
Valid RMSE: 4.008352279663086
====================================================================================================
Epoch:43
Valid RMSE: 4.027413368225098
EarlyStopping counter: 1 out of 20
====================================================================================================
Epoch:44
Valid RMSE: 3.983128786087036
====================================================================================================
Epoch:45
Valid RMSE: 3.983736276626587
EarlyStopping counter: 1 out of 20
====================================================================================================
Epoch:46
Valid RMSE: 3.971651315689087
====================================================================================================
Epoch:47
Valid RMSE: 3.9737324714660645
EarlyStopping counter: 1 out of 20
====================================================================================================
Epoch:48
Valid RMSE: 3.9844703674316406
EarlyStopping counter: 2 out of 20
====================================================================================================
Epoch:49
Valid RMSE: 3.9626989364624023
====================================================================================================
Epoch:50
Valid RMSE: 3.9596807956695557
====================================================================================================
Epoch:51
Valid RMSE: 3.9603958129882812
EarlyStopping counter: 1 out of 20
====================================================================================================
Epoch:52
Valid RMSE: 3.957423210144043
====================================================================================================
Epoch:53
Valid RMSE: 3.9439916610717773
====================================================================================================
Epoch:54
Valid RMSE: 3.9547886848449707
EarlyStopping counter: 1 out of 20
====================================================================================================
Epoch:55
Valid RMSE: 3.94447922706604
EarlyStopping counter: 2 out of 20
====================================================================================================
Epoch:56
Valid RMSE: 3.92981219291687
====================================================================================================
Epoch:57
Valid RMSE: 3.9219295978546143
====================================================================================================
Epoch:58
Valid RMSE: 3.934396505355835
EarlyStopping counter: 1 out of 20
====================================================================================================
Epoch:59
Valid RMSE: 3.9357593059539795
EarlyStopping counter: 2 out of 20
====================================================================================================
Epoch:60
Valid RMSE: 3.914930582046509
====================================================================================================
Epoch:61
Valid RMSE: 3.903855323791504
====================================================================================================
Epoch:62
Valid RMSE: 3.905066967010498
EarlyStopping counter: 1 out of 20
====================================================================================================
Epoch:63
Valid RMSE: 3.910156726837158
EarlyStopping counter: 2 out of 20
====================================================================================================
Epoch:64
Valid RMSE: 3.9130985736846924
EarlyStopping counter: 3 out of 20
====================================================================================================
Epoch:65
Valid RMSE: 3.9238619804382324
EarlyStopping counter: 4 out of 20
====================================================================================================
Epoch:66
Valid RMSE: 3.892568826675415
====================================================================================================
Epoch:67
Valid RMSE: 3.90289568901062
EarlyStopping counter: 1 out of 20
====================================================================================================
Epoch:68
Valid RMSE: 3.933074474334717
EarlyStopping counter: 2 out of 20
====================================================================================================
Epoch:69
Valid RMSE: 3.88096284866333
====================================================================================================
Epoch:70
Valid RMSE: 3.889211893081665
EarlyStopping counter: 1 out of 20
====================================================================================================
Epoch:71
Valid RMSE: 3.8818206787109375
EarlyStopping counter: 2 out of 20
====================================================================================================
Epoch:72
Valid RMSE: 3.881606101989746
EarlyStopping counter: 3 out of 20
====================================================================================================
Epoch:73
Valid RMSE: 3.87855863571167
====================================================================================================
Epoch:74
Valid RMSE: 3.8756229877471924
====================================================================================================
Epoch:75
Valid RMSE: 3.873354911804199
====================================================================================================
Epoch:76
Valid RMSE: 3.877669334411621
EarlyStopping counter: 1 out of 20
====================================================================================================
Epoch:77
Valid RMSE: 3.8827695846557617
EarlyStopping counter: 2 out of 20
====================================================================================================
Epoch:78
Valid RMSE: 3.85796856880188
====================================================================================================
Epoch:79
Valid RMSE: 3.870142936706543
EarlyStopping counter: 1 out of 20
====================================================================================================
Epoch:80
Valid RMSE: 3.8522965908050537
====================================================================================================
Epoch:81
Valid RMSE: 3.8706655502319336
EarlyStopping counter: 1 out of 20
====================================================================================================
Epoch:82
Valid RMSE: 3.8447859287261963
====================================================================================================
Epoch:83
Valid RMSE: 3.8592262268066406
EarlyStopping counter: 1 out of 20
====================================================================================================
Epoch:84
Valid RMSE: 3.8516790866851807
EarlyStopping counter: 2 out of 20
====================================================================================================
Epoch:85
Valid RMSE: 3.8647406101226807
EarlyStopping counter: 3 out of 20
====================================================================================================
Epoch:86
Valid RMSE: 3.845754861831665
EarlyStopping counter: 4 out of 20
====================================================================================================
Epoch:87
Valid RMSE: 3.8641014099121094
EarlyStopping counter: 5 out of 20
====================================================================================================
Epoch:88
Valid RMSE: 3.8494670391082764
EarlyStopping counter: 6 out of 20
====================================================================================================
Epoch:89
Valid RMSE: 3.8869175910949707
EarlyStopping counter: 7 out of 20
====================================================================================================
Epoch:90
Valid RMSE: 3.862473726272583
EarlyStopping counter: 8 out of 20
====================================================================================================
Epoch:91
Valid RMSE: 3.835480213165283
====================================================================================================
Epoch:92
Valid RMSE: 3.854992389678955
EarlyStopping counter: 1 out of 20
====================================================================================================
Epoch:93
Valid RMSE: 3.8488497734069824
EarlyStopping counter: 2 out of 20
====================================================================================================
Epoch:94
Valid RMSE: 3.826700448989868
====================================================================================================
Epoch:95
Valid RMSE: 3.8406143188476562
EarlyStopping counter: 1 out of 20
====================================================================================================
Epoch:96
Valid RMSE: 3.819586753845215
====================================================================================================
Epoch:97
Valid RMSE: 3.836005687713623
EarlyStopping counter: 1 out of 20
====================================================================================================
Epoch:98
Valid RMSE: 3.8251163959503174
EarlyStopping counter: 2 out of 20
====================================================================================================
Epoch:99
Valid RMSE: 3.8247833251953125
EarlyStopping counter: 3 out of 20
====================================================================================================
Epoch:100
Valid RMSE: 3.8362176418304443
EarlyStopping counter: 4 out of 20
====================================================================================================
Epoch:101
Valid RMSE: 3.8103396892547607
====================================================================================================
Epoch:102
Valid RMSE: 3.8180363178253174
EarlyStopping counter: 1 out of 20
====================================================================================================
Epoch:103
Valid RMSE: 3.87213134765625
EarlyStopping counter: 2 out of 20
====================================================================================================
Epoch:104
Valid RMSE: 3.8276143074035645
EarlyStopping counter: 3 out of 20
====================================================================================================
Epoch:105
Valid RMSE: 3.812223196029663
EarlyStopping counter: 4 out of 20
====================================================================================================
Epoch:106
Valid RMSE: 3.842369556427002
EarlyStopping counter: 5 out of 20
====================================================================================================
Epoch:107
Valid RMSE: 3.815459728240967
EarlyStopping counter: 6 out of 20
====================================================================================================
Epoch:108
Valid RMSE: 3.809206247329712
====================================================================================================
Epoch:109
Valid RMSE: 3.84674334526062
EarlyStopping counter: 1 out of 20
====================================================================================================
Epoch:110
Valid RMSE: 3.8298771381378174
EarlyStopping counter: 2 out of 20
====================================================================================================
Epoch:111
Valid RMSE: 3.8024585247039795
====================================================================================================
Epoch:112
Valid RMSE: 3.808439016342163
EarlyStopping counter: 1 out of 20
====================================================================================================
Epoch:113
Valid RMSE: 3.848543882369995
EarlyStopping counter: 2 out of 20
====================================================================================================
Epoch:114
Valid RMSE: 3.81514573097229
EarlyStopping counter: 3 out of 20
====================================================================================================
Epoch:115
Valid RMSE: 3.816882610321045
EarlyStopping counter: 4 out of 20
====================================================================================================
Epoch:116
Valid RMSE: 3.8076391220092773
EarlyStopping counter: 5 out of 20
====================================================================================================
Epoch:117
Valid RMSE: 3.8290977478027344
EarlyStopping counter: 6 out of 20
====================================================================================================
Epoch:118
Valid RMSE: 3.812825918197632
EarlyStopping counter: 7 out of 20
====================================================================================================
Epoch:119
Valid RMSE: 3.78885817527771
====================================================================================================
Epoch:120
Valid RMSE: 3.800304889678955
EarlyStopping counter: 1 out of 20
====================================================================================================
Epoch:121
Valid RMSE: 3.8325304985046387
EarlyStopping counter: 2 out of 20
====================================================================================================
Epoch:122
Valid RMSE: 3.8268110752105713
EarlyStopping counter: 3 out of 20
====================================================================================================
Epoch:123
Valid RMSE: 3.8266093730926514
EarlyStopping counter: 4 out of 20
====================================================================================================
Epoch:124
Valid RMSE: 3.8290188312530518
EarlyStopping counter: 5 out of 20
====================================================================================================
Epoch:125
Valid RMSE: 3.8446884155273438
EarlyStopping counter: 6 out of 20
====================================================================================================
Epoch:126
Valid RMSE: 3.8117244243621826
EarlyStopping counter: 7 out of 20
====================================================================================================
Epoch:127
Valid RMSE: 3.802170991897583
EarlyStopping counter: 8 out of 20
====================================================================================================
Epoch:128
Valid RMSE: 3.8025577068328857
EarlyStopping counter: 9 out of 20
====================================================================================================
Epoch:129
Valid RMSE: 3.785980701446533
====================================================================================================
Epoch:130
Valid RMSE: 3.781461477279663
====================================================================================================
Epoch:131
Valid RMSE: 3.7805721759796143
====================================================================================================
Epoch:132
Valid RMSE: 3.791585683822632
EarlyStopping counter: 1 out of 20
====================================================================================================
Epoch:133
Valid RMSE: 3.797694206237793
EarlyStopping counter: 2 out of 20
====================================================================================================
Epoch:134
Valid RMSE: 3.789858818054199
EarlyStopping counter: 3 out of 20
====================================================================================================
Epoch:135
Valid RMSE: 3.792468547821045
EarlyStopping counter: 4 out of 20
====================================================================================================
Epoch:136
Valid RMSE: 3.803711414337158
EarlyStopping counter: 5 out of 20
====================================================================================================
Epoch:137
Valid RMSE: 3.784877300262451
EarlyStopping counter: 6 out of 20
====================================================================================================
Epoch:138
Valid RMSE: 3.8031840324401855
EarlyStopping counter: 7 out of 20
====================================================================================================
Epoch:139
Valid RMSE: 3.7902843952178955
EarlyStopping counter: 8 out of 20
====================================================================================================
Epoch:140
Valid RMSE: 3.81915283203125
EarlyStopping counter: 9 out of 20
====================================================================================================
Epoch:141
Valid RMSE: 3.87093186378479
EarlyStopping counter: 10 out of 20
====================================================================================================
Epoch:142
Valid RMSE: 3.781780242919922
EarlyStopping counter: 11 out of 20
====================================================================================================
Epoch:143
Valid RMSE: 3.8115124702453613
EarlyStopping counter: 12 out of 20
====================================================================================================
Epoch:144
Valid RMSE: 3.7878713607788086
EarlyStopping counter: 13 out of 20
====================================================================================================
Epoch:145
Valid RMSE: 3.814749002456665
EarlyStopping counter: 14 out of 20
====================================================================================================
Epoch:146
Valid RMSE: 3.797774076461792
EarlyStopping counter: 15 out of 20
====================================================================================================
Epoch:147
Valid RMSE: 3.7986841201782227
EarlyStopping counter: 16 out of 20
====================================================================================================
Epoch:148
Valid RMSE: 3.853854179382324
EarlyStopping counter: 17 out of 20
====================================================================================================
Epoch:149
Valid RMSE: 3.785029172897339
EarlyStopping counter: 18 out of 20
====================================================================================================
Epoch:150
Valid RMSE: 3.813168525695801
EarlyStopping counter: 19 out of 20
====================================================================================================
Epoch:151
Valid RMSE: 3.789508819580078
EarlyStopping counter: 20 out of 20
Early stopping
torch.Size([1728, 1, 524, 6])
torch.Size([1728, 1, 524, 6])
torch.Size([1728, 1, 524, 6])
==================================================  Testing  ==================================================
predict shape:  (576, 524, 6)
MAE: 2.564 RMSE: 3.744 MAPE: 11.721
Spend Time: 2555.025259256363
