torch.Size([1728, 1, 524, 6])
torch.Size([1728, 1, 524, 6])
torch.Size([1728, 1, 524, 6])
==================================================  Training  ==================================================
Epoch:0
Valid RMSE: 8.395496368408203
====================================================================================================
Epoch:1
Valid RMSE: 5.597419738769531
====================================================================================================
Epoch:2
Valid RMSE: 4.790120601654053
====================================================================================================
Epoch:3
Valid RMSE: 4.682552337646484
====================================================================================================
Epoch:4
Valid RMSE: 4.5619916915893555
====================================================================================================
Epoch:5
Valid RMSE: 4.542366027832031
====================================================================================================
Epoch:6
Valid RMSE: 4.513620376586914
====================================================================================================
Epoch:7
Valid RMSE: 4.506138801574707
====================================================================================================
Epoch:8
Valid RMSE: 4.443573951721191
====================================================================================================
Epoch:9
Valid RMSE: 4.419952392578125
====================================================================================================
Epoch:10
Valid RMSE: 4.412257671356201
====================================================================================================
Epoch:11
Valid RMSE: 4.343211650848389
====================================================================================================
Epoch:12
Valid RMSE: 4.319846153259277
====================================================================================================
Epoch:13
Valid RMSE: 4.304723262786865
====================================================================================================
Epoch:14
Valid RMSE: 4.250005722045898
====================================================================================================
Epoch:15
Valid RMSE: 4.242959499359131
====================================================================================================
Epoch:16
Valid RMSE: 4.211480140686035
====================================================================================================
Epoch:17
Valid RMSE: 4.195645332336426
====================================================================================================
Epoch:18
Valid RMSE: 4.1812005043029785
====================================================================================================
Epoch:19
Valid RMSE: 4.158563137054443
====================================================================================================
Epoch:20
Valid RMSE: 4.180809497833252
EarlyStopping counter: 1 out of 20
====================================================================================================
Epoch:21
Valid RMSE: 4.154306411743164
====================================================================================================
Epoch:22
Valid RMSE: 4.125918865203857
====================================================================================================
Epoch:23
Valid RMSE: 4.098280906677246
====================================================================================================
Epoch:24
Valid RMSE: 4.098448753356934
EarlyStopping counter: 1 out of 20
====================================================================================================
Epoch:25
Valid RMSE: 4.081641674041748
====================================================================================================
Epoch:26
Valid RMSE: 4.082333564758301
EarlyStopping counter: 1 out of 20
====================================================================================================
Epoch:27
Valid RMSE: 4.058111667633057
====================================================================================================
Epoch:28
Valid RMSE: 4.067777633666992
EarlyStopping counter: 1 out of 20
====================================================================================================
Epoch:29
Valid RMSE: 4.056369781494141
====================================================================================================
Epoch:30
Valid RMSE: 4.045261859893799
====================================================================================================
Epoch:31
Valid RMSE: 4.043812274932861
====================================================================================================
Epoch:32
Valid RMSE: 4.041775226593018
====================================================================================================
Epoch:33
Valid RMSE: 4.005800247192383
====================================================================================================
Epoch:34
Valid RMSE: 4.010051250457764
EarlyStopping counter: 1 out of 20
====================================================================================================
Epoch:35
Valid RMSE: 4.013482570648193
EarlyStopping counter: 2 out of 20
====================================================================================================
Epoch:36
Valid RMSE: 3.9848098754882812
====================================================================================================
Epoch:37
Valid RMSE: 3.989307403564453
EarlyStopping counter: 1 out of 20
====================================================================================================
Epoch:38
Valid RMSE: 3.9970295429229736
EarlyStopping counter: 2 out of 20
====================================================================================================
Epoch:39
Valid RMSE: 3.976969003677368
====================================================================================================
Epoch:40
Valid RMSE: 3.9824469089508057
EarlyStopping counter: 1 out of 20
====================================================================================================
Epoch:41
Valid RMSE: 4.012556076049805
EarlyStopping counter: 2 out of 20
====================================================================================================
Epoch:42
Valid RMSE: 4.004131317138672
EarlyStopping counter: 3 out of 20
====================================================================================================
Epoch:43
Valid RMSE: 3.9746487140655518
====================================================================================================
Epoch:44
Valid RMSE: 3.945552349090576
====================================================================================================
Epoch:45
Valid RMSE: 3.942418336868286
====================================================================================================
Epoch:46
Valid RMSE: 3.962947368621826
EarlyStopping counter: 1 out of 20
====================================================================================================
Epoch:47
Valid RMSE: 3.949090003967285
EarlyStopping counter: 2 out of 20
====================================================================================================
Epoch:48
Valid RMSE: 3.934300422668457
====================================================================================================
Epoch:49
Valid RMSE: 3.9298715591430664
====================================================================================================
Epoch:50
Valid RMSE: 3.9555375576019287
EarlyStopping counter: 1 out of 20
====================================================================================================
Epoch:51
Valid RMSE: 3.924550771713257
====================================================================================================
Epoch:52
Valid RMSE: 3.9150171279907227
====================================================================================================
Epoch:53
Valid RMSE: 3.929692268371582
EarlyStopping counter: 1 out of 20
====================================================================================================
Epoch:54
Valid RMSE: 3.9130003452301025
====================================================================================================
Epoch:55
Valid RMSE: 3.9040212631225586
====================================================================================================
Epoch:56
Valid RMSE: 3.916102886199951
EarlyStopping counter: 1 out of 20
====================================================================================================
Epoch:57
Valid RMSE: 3.9251561164855957
EarlyStopping counter: 2 out of 20
====================================================================================================
Epoch:58
Valid RMSE: 3.883091449737549
====================================================================================================
Epoch:59
Valid RMSE: 3.8920767307281494
EarlyStopping counter: 1 out of 20
====================================================================================================
Epoch:60
Valid RMSE: 3.905442237854004
EarlyStopping counter: 2 out of 20
====================================================================================================
Epoch:61
Valid RMSE: 3.8911449909210205
EarlyStopping counter: 3 out of 20
====================================================================================================
Epoch:62
Valid RMSE: 3.910761594772339
EarlyStopping counter: 4 out of 20
====================================================================================================
Epoch:63
Valid RMSE: 3.8939943313598633
EarlyStopping counter: 5 out of 20
====================================================================================================
Epoch:64
Valid RMSE: 3.8779513835906982
====================================================================================================
Epoch:65
Valid RMSE: 3.8878581523895264
EarlyStopping counter: 1 out of 20
====================================================================================================
Epoch:66
Valid RMSE: 3.8636012077331543
====================================================================================================
Epoch:67
Valid RMSE: 3.8557140827178955
====================================================================================================
Epoch:68
Valid RMSE: 3.8591604232788086
EarlyStopping counter: 1 out of 20
====================================================================================================
Epoch:69
Valid RMSE: 3.8815927505493164
EarlyStopping counter: 2 out of 20
====================================================================================================
Epoch:70
Valid RMSE: 3.8917741775512695
EarlyStopping counter: 3 out of 20
====================================================================================================
Epoch:71
Valid RMSE: 3.8571598529815674
EarlyStopping counter: 4 out of 20
====================================================================================================
Epoch:72
Valid RMSE: 3.8665170669555664
EarlyStopping counter: 5 out of 20
====================================================================================================
Epoch:73
Valid RMSE: 3.8757083415985107
EarlyStopping counter: 6 out of 20
====================================================================================================
Epoch:74
Valid RMSE: 3.855238199234009
====================================================================================================
Epoch:75
Valid RMSE: 3.856001853942871
EarlyStopping counter: 1 out of 20
====================================================================================================
Epoch:76
Valid RMSE: 3.8637378215789795
EarlyStopping counter: 2 out of 20
====================================================================================================
Epoch:77
Valid RMSE: 3.842423677444458
====================================================================================================
Epoch:78
Valid RMSE: 3.8372344970703125
====================================================================================================
Epoch:79
Valid RMSE: 3.838712453842163
EarlyStopping counter: 1 out of 20
====================================================================================================
Epoch:80
Valid RMSE: 3.826702117919922
====================================================================================================
Epoch:81
Valid RMSE: 3.8590168952941895
EarlyStopping counter: 1 out of 20
====================================================================================================
Epoch:82
Valid RMSE: 3.8183979988098145
====================================================================================================
Epoch:83
Valid RMSE: 3.8381032943725586
EarlyStopping counter: 1 out of 20
====================================================================================================
Epoch:84
Valid RMSE: 3.8526225090026855
EarlyStopping counter: 2 out of 20
====================================================================================================
Epoch:85
Valid RMSE: 3.8651669025421143
EarlyStopping counter: 3 out of 20
====================================================================================================
Epoch:86
Valid RMSE: 3.8281538486480713
EarlyStopping counter: 4 out of 20
====================================================================================================
Epoch:87
Valid RMSE: 3.8177003860473633
====================================================================================================
Epoch:88
Valid RMSE: 3.8403308391571045
EarlyStopping counter: 1 out of 20
====================================================================================================
Epoch:89
Valid RMSE: 3.813014507293701
====================================================================================================
Epoch:90
Valid RMSE: 3.8496310710906982
EarlyStopping counter: 1 out of 20
====================================================================================================
Epoch:91
Valid RMSE: 3.8183484077453613
EarlyStopping counter: 2 out of 20
====================================================================================================
Epoch:92
Valid RMSE: 3.8051202297210693
====================================================================================================
Epoch:93
Valid RMSE: 3.819760322570801
EarlyStopping counter: 1 out of 20
====================================================================================================
Epoch:94
Valid RMSE: 3.8266470432281494
EarlyStopping counter: 2 out of 20
====================================================================================================
Epoch:95
Valid RMSE: 3.8002407550811768
====================================================================================================
Epoch:96
Valid RMSE: 3.805576801300049
EarlyStopping counter: 1 out of 20
====================================================================================================
Epoch:97
Valid RMSE: 3.8027729988098145
EarlyStopping counter: 2 out of 20
====================================================================================================
Epoch:98
Valid RMSE: 3.8064699172973633
EarlyStopping counter: 3 out of 20
====================================================================================================
Epoch:99
Valid RMSE: 3.802907705307007
EarlyStopping counter: 4 out of 20
====================================================================================================
Epoch:100
Valid RMSE: 3.7832937240600586
====================================================================================================
Epoch:101
Valid RMSE: 3.77810001373291
====================================================================================================
Epoch:102
Valid RMSE: 3.7877655029296875
EarlyStopping counter: 1 out of 20
====================================================================================================
Epoch:103
Valid RMSE: 3.78285813331604
EarlyStopping counter: 2 out of 20
====================================================================================================
Epoch:104
Valid RMSE: 3.820019245147705
EarlyStopping counter: 3 out of 20
====================================================================================================
Epoch:105
Valid RMSE: 3.789046049118042
EarlyStopping counter: 4 out of 20
====================================================================================================
Epoch:106
Valid RMSE: 3.7880923748016357
EarlyStopping counter: 5 out of 20
====================================================================================================
Epoch:107
Valid RMSE: 3.791790008544922
EarlyStopping counter: 6 out of 20
====================================================================================================
Epoch:108
Valid RMSE: 3.7931337356567383
EarlyStopping counter: 7 out of 20
====================================================================================================
Epoch:109
Valid RMSE: 3.779611825942993
EarlyStopping counter: 8 out of 20
====================================================================================================
Epoch:110
Valid RMSE: 3.8060734272003174
EarlyStopping counter: 9 out of 20
====================================================================================================
Epoch:111
Valid RMSE: 3.778989553451538
EarlyStopping counter: 10 out of 20
====================================================================================================
Epoch:112
Valid RMSE: 3.77506422996521
====================================================================================================
Epoch:113
Valid RMSE: 3.7914531230926514
EarlyStopping counter: 1 out of 20
====================================================================================================
Epoch:114
Valid RMSE: 3.7783164978027344
EarlyStopping counter: 2 out of 20
====================================================================================================
Epoch:115
Valid RMSE: 3.7746267318725586
====================================================================================================
Epoch:116
Valid RMSE: 3.804474353790283
EarlyStopping counter: 1 out of 20
====================================================================================================
Epoch:117
Valid RMSE: 3.760213613510132
====================================================================================================
Epoch:118
Valid RMSE: 3.777491569519043
EarlyStopping counter: 1 out of 20
====================================================================================================
Epoch:119
Valid RMSE: 3.7582387924194336
====================================================================================================
Epoch:120
Valid RMSE: 3.780219554901123
EarlyStopping counter: 1 out of 20
====================================================================================================
Epoch:121
Valid RMSE: 3.7834346294403076
EarlyStopping counter: 2 out of 20
====================================================================================================
Epoch:122
Valid RMSE: 3.788811206817627
EarlyStopping counter: 3 out of 20
====================================================================================================
Epoch:123
Valid RMSE: 3.7701938152313232
EarlyStopping counter: 4 out of 20
====================================================================================================
Epoch:124
Valid RMSE: 3.8127260208129883
EarlyStopping counter: 5 out of 20
====================================================================================================
Epoch:125
Valid RMSE: 3.8125393390655518
EarlyStopping counter: 6 out of 20
====================================================================================================
Epoch:126
Valid RMSE: 3.766238212585449
EarlyStopping counter: 7 out of 20
====================================================================================================
Epoch:127
Valid RMSE: 3.7758586406707764
EarlyStopping counter: 8 out of 20
====================================================================================================
Epoch:128
Valid RMSE: 3.7447454929351807
====================================================================================================
Epoch:129
Valid RMSE: 3.8124656677246094
EarlyStopping counter: 1 out of 20
====================================================================================================
Epoch:130
Valid RMSE: 3.766035795211792
EarlyStopping counter: 2 out of 20
====================================================================================================
Epoch:131
Valid RMSE: 3.756762981414795
EarlyStopping counter: 3 out of 20
====================================================================================================
Epoch:132
Valid RMSE: 3.7697572708129883
EarlyStopping counter: 4 out of 20
====================================================================================================
Epoch:133
Valid RMSE: 3.7715559005737305
EarlyStopping counter: 5 out of 20
====================================================================================================
Epoch:134
Valid RMSE: 3.7508201599121094
EarlyStopping counter: 6 out of 20
====================================================================================================
Epoch:135
Valid RMSE: 3.7701005935668945
EarlyStopping counter: 7 out of 20
====================================================================================================
Epoch:136
Valid RMSE: 3.761866569519043
EarlyStopping counter: 8 out of 20
====================================================================================================
Epoch:137
Valid RMSE: 3.7586069107055664
EarlyStopping counter: 9 out of 20
====================================================================================================
Epoch:138
Valid RMSE: 3.748958110809326
EarlyStopping counter: 10 out of 20
====================================================================================================
Epoch:139
Valid RMSE: 3.766187906265259
EarlyStopping counter: 11 out of 20
====================================================================================================
Epoch:140
Valid RMSE: 3.744957447052002
EarlyStopping counter: 12 out of 20
====================================================================================================
Epoch:141
Valid RMSE: 3.75036883354187
EarlyStopping counter: 13 out of 20
====================================================================================================
Epoch:142
Valid RMSE: 3.7488832473754883
EarlyStopping counter: 14 out of 20
====================================================================================================
Epoch:143
Valid RMSE: 3.740895986557007
====================================================================================================
Epoch:144
Valid RMSE: 3.745102882385254
EarlyStopping counter: 1 out of 20
====================================================================================================
Epoch:145
Valid RMSE: 3.7592287063598633
EarlyStopping counter: 2 out of 20
====================================================================================================
Epoch:146
Valid RMSE: 3.7369837760925293
====================================================================================================
Epoch:147
Valid RMSE: 3.7398288249969482
EarlyStopping counter: 1 out of 20
====================================================================================================
Epoch:148
Valid RMSE: 3.73018741607666
====================================================================================================
Epoch:149
Valid RMSE: 3.76896071434021
EarlyStopping counter: 1 out of 20
====================================================================================================
Epoch:150
Valid RMSE: 3.744222402572632
EarlyStopping counter: 2 out of 20
====================================================================================================
Epoch:151
Valid RMSE: 3.7761917114257812
EarlyStopping counter: 3 out of 20
====================================================================================================
Epoch:152
Valid RMSE: 3.765448570251465
EarlyStopping counter: 4 out of 20
====================================================================================================
Epoch:153
Valid RMSE: 3.733074188232422
EarlyStopping counter: 5 out of 20
====================================================================================================
Epoch:154
Valid RMSE: 3.754260540008545
EarlyStopping counter: 6 out of 20
====================================================================================================
Epoch:155
Valid RMSE: 3.7714755535125732
EarlyStopping counter: 7 out of 20
====================================================================================================
Epoch:156
Valid RMSE: 3.754269599914551
EarlyStopping counter: 8 out of 20
====================================================================================================
Epoch:157
Valid RMSE: 3.7287776470184326
====================================================================================================
Epoch:158
Valid RMSE: 3.7455668449401855
EarlyStopping counter: 1 out of 20
====================================================================================================
Epoch:159
Valid RMSE: 3.7472639083862305
EarlyStopping counter: 2 out of 20
====================================================================================================
Epoch:160
Valid RMSE: 3.7406065464019775
EarlyStopping counter: 3 out of 20
====================================================================================================
Epoch:161
Valid RMSE: 3.7310829162597656
EarlyStopping counter: 4 out of 20
====================================================================================================
Epoch:162
Valid RMSE: 3.7460789680480957
EarlyStopping counter: 5 out of 20
====================================================================================================
Epoch:163
Valid RMSE: 3.786745309829712
EarlyStopping counter: 6 out of 20
====================================================================================================
Epoch:164
Valid RMSE: 3.727367877960205
====================================================================================================
Epoch:165
Valid RMSE: 3.764859199523926
EarlyStopping counter: 1 out of 20
====================================================================================================
Epoch:166
Valid RMSE: 3.746047019958496
EarlyStopping counter: 2 out of 20
====================================================================================================
Epoch:167
Valid RMSE: 3.7294888496398926
EarlyStopping counter: 3 out of 20
====================================================================================================
Epoch:168
Valid RMSE: 3.765409231185913
EarlyStopping counter: 4 out of 20
====================================================================================================
Epoch:169
Valid RMSE: 3.721651315689087
====================================================================================================
Epoch:170
Valid RMSE: 3.74830961227417
EarlyStopping counter: 1 out of 20
====================================================================================================
Epoch:171
Valid RMSE: 3.7248775959014893
EarlyStopping counter: 2 out of 20
====================================================================================================
Epoch:172
Valid RMSE: 3.7559030055999756
EarlyStopping counter: 3 out of 20
====================================================================================================
Epoch:173
Valid RMSE: 3.717695951461792
====================================================================================================
Epoch:174
Valid RMSE: 3.7323007583618164
EarlyStopping counter: 1 out of 20
====================================================================================================
Epoch:175
Valid RMSE: 3.727189302444458
EarlyStopping counter: 2 out of 20
====================================================================================================
Epoch:176
Valid RMSE: 3.73309326171875
EarlyStopping counter: 3 out of 20
====================================================================================================
Epoch:177
Valid RMSE: 3.740980386734009
EarlyStopping counter: 4 out of 20
====================================================================================================
Epoch:178
Valid RMSE: 3.7464659214019775
EarlyStopping counter: 5 out of 20
====================================================================================================
Epoch:179
Valid RMSE: 3.7171924114227295
====================================================================================================
Epoch:180
Valid RMSE: 3.720560312271118
EarlyStopping counter: 1 out of 20
====================================================================================================
Epoch:181
Valid RMSE: 3.7576255798339844
EarlyStopping counter: 2 out of 20
====================================================================================================
Epoch:182
Valid RMSE: 3.7398757934570312
EarlyStopping counter: 3 out of 20
====================================================================================================
Epoch:183
Valid RMSE: 3.724425792694092
EarlyStopping counter: 4 out of 20
====================================================================================================
Epoch:184
Valid RMSE: 3.7184457778930664
EarlyStopping counter: 5 out of 20
====================================================================================================
Epoch:185
Valid RMSE: 3.787144184112549
EarlyStopping counter: 6 out of 20
====================================================================================================
Epoch:186
Valid RMSE: 3.7264697551727295
EarlyStopping counter: 7 out of 20
====================================================================================================
Epoch:187
Valid RMSE: 3.713625907897949
====================================================================================================
Epoch:188
Valid RMSE: 3.7315521240234375
EarlyStopping counter: 1 out of 20
====================================================================================================
Epoch:189
Valid RMSE: 3.7540135383605957
EarlyStopping counter: 2 out of 20
====================================================================================================
Epoch:190
Valid RMSE: 3.711066722869873
====================================================================================================
Epoch:191
Valid RMSE: 3.7127161026000977
EarlyStopping counter: 1 out of 20
====================================================================================================
Epoch:192
Valid RMSE: 3.7132983207702637
EarlyStopping counter: 2 out of 20
====================================================================================================
Epoch:193
Valid RMSE: 3.7156245708465576
EarlyStopping counter: 3 out of 20
====================================================================================================
Epoch:194
Valid RMSE: 3.76804780960083
EarlyStopping counter: 4 out of 20
====================================================================================================
Epoch:195
Valid RMSE: 3.7646777629852295
EarlyStopping counter: 5 out of 20
====================================================================================================
Epoch:196
Valid RMSE: 3.7464070320129395
EarlyStopping counter: 6 out of 20
====================================================================================================
Epoch:197
Valid RMSE: 3.7158122062683105
EarlyStopping counter: 7 out of 20
====================================================================================================
Epoch:198
Valid RMSE: 3.7097582817077637
====================================================================================================
Epoch:199
Valid RMSE: 3.7352871894836426
EarlyStopping counter: 1 out of 20
====================================================================================================
Epoch:200
Valid RMSE: 3.7202436923980713
EarlyStopping counter: 2 out of 20
====================================================================================================
Epoch:201
Valid RMSE: 3.712198495864868
EarlyStopping counter: 3 out of 20
====================================================================================================
Epoch:202
Valid RMSE: 3.7124502658843994
EarlyStopping counter: 4 out of 20
====================================================================================================
Epoch:203
Valid RMSE: 3.773481607437134
EarlyStopping counter: 5 out of 20
====================================================================================================
Epoch:204
Valid RMSE: 3.7271389961242676
EarlyStopping counter: 6 out of 20
====================================================================================================
Epoch:205
Valid RMSE: 3.704169750213623
====================================================================================================
Epoch:206
Valid RMSE: 3.7398173809051514
EarlyStopping counter: 1 out of 20
====================================================================================================
Epoch:207
Valid RMSE: 3.7547998428344727
EarlyStopping counter: 2 out of 20
====================================================================================================
Epoch:208
Valid RMSE: 3.72751784324646
EarlyStopping counter: 3 out of 20
====================================================================================================
Epoch:209
Valid RMSE: 3.740769624710083
EarlyStopping counter: 4 out of 20
====================================================================================================
Epoch:210
Valid RMSE: 3.7493040561676025
EarlyStopping counter: 5 out of 20
====================================================================================================
Epoch:211
Valid RMSE: 3.713871479034424
EarlyStopping counter: 6 out of 20
====================================================================================================
Epoch:212
Valid RMSE: 3.7074975967407227
EarlyStopping counter: 7 out of 20
====================================================================================================
Epoch:213
Valid RMSE: 3.712998628616333
EarlyStopping counter: 8 out of 20
====================================================================================================
Epoch:214
Valid RMSE: 3.712491750717163
EarlyStopping counter: 9 out of 20
====================================================================================================
Epoch:215
Valid RMSE: 3.7319514751434326
EarlyStopping counter: 10 out of 20
====================================================================================================
Epoch:216
Valid RMSE: 3.7163259983062744
EarlyStopping counter: 11 out of 20
====================================================================================================
Epoch:217
Valid RMSE: 3.7245020866394043
EarlyStopping counter: 12 out of 20
====================================================================================================
Epoch:218
Valid RMSE: 3.705538511276245
EarlyStopping counter: 13 out of 20
====================================================================================================
Epoch:219
Valid RMSE: 3.7065234184265137
EarlyStopping counter: 14 out of 20
====================================================================================================
Epoch:220
Valid RMSE: 3.710648775100708
EarlyStopping counter: 15 out of 20
====================================================================================================
Epoch:221
Valid RMSE: 3.7231717109680176
EarlyStopping counter: 16 out of 20
====================================================================================================
Epoch:222
Valid RMSE: 3.7111010551452637
EarlyStopping counter: 17 out of 20
====================================================================================================
Epoch:223
Valid RMSE: 3.7237179279327393
EarlyStopping counter: 18 out of 20
====================================================================================================
Epoch:224
Valid RMSE: 3.7658793926239014
EarlyStopping counter: 19 out of 20
====================================================================================================
Epoch:225
Valid RMSE: 3.7086262702941895
EarlyStopping counter: 20 out of 20
Early stopping
torch.Size([1728, 1, 524, 6])
torch.Size([1728, 1, 524, 6])
torch.Size([1728, 1, 524, 6])
==================================================  Testing  ==================================================
predict shape:  (576, 524, 6)
MAE: 2.522 RMSE: 3.660 MAPE: 11.345
Spend Time: 2385.906797885895
