torch.Size([1728, 1, 524, 6])
torch.Size([1728, 1, 524, 6])
torch.Size([1728, 1, 524, 6])
==================================================  Training  ==================================================
Epoch:0
Valid RMSE: 8.41335678100586
====================================================================================================
Epoch:1
Valid RMSE: 5.504632949829102
====================================================================================================
Epoch:2
Valid RMSE: 4.835928440093994
====================================================================================================
Epoch:3
Valid RMSE: 4.664909839630127
====================================================================================================
Epoch:4
Valid RMSE: 4.603978633880615
====================================================================================================
Epoch:5
Valid RMSE: 4.532455921173096
====================================================================================================
Epoch:6
Valid RMSE: 4.515501022338867
====================================================================================================
Epoch:7
Valid RMSE: 4.489229202270508
====================================================================================================
Epoch:8
Valid RMSE: 4.4721221923828125
====================================================================================================
Epoch:9
Valid RMSE: 4.424137592315674
====================================================================================================
Epoch:10
Valid RMSE: 4.413133144378662
====================================================================================================
Epoch:11
Valid RMSE: 4.332284927368164
====================================================================================================
Epoch:12
Valid RMSE: 4.3116302490234375
====================================================================================================
Epoch:13
Valid RMSE: 4.282865047454834
====================================================================================================
Epoch:14
Valid RMSE: 4.257641792297363
====================================================================================================
Epoch:15
Valid RMSE: 4.21811056137085
====================================================================================================
Epoch:16
Valid RMSE: 4.209865093231201
====================================================================================================
Epoch:17
Valid RMSE: 4.1940484046936035
====================================================================================================
Epoch:18
Valid RMSE: 4.174063682556152
====================================================================================================
Epoch:19
Valid RMSE: 4.1784443855285645
EarlyStopping counter: 1 out of 20
====================================================================================================
Epoch:20
Valid RMSE: 4.142915725708008
====================================================================================================
Epoch:21
Valid RMSE: 4.12059211730957
====================================================================================================
Epoch:22
Valid RMSE: 4.133695602416992
EarlyStopping counter: 1 out of 20
====================================================================================================
Epoch:23
Valid RMSE: 4.1112799644470215
====================================================================================================
Epoch:24
Valid RMSE: 4.096885681152344
====================================================================================================
Epoch:25
Valid RMSE: 4.087420463562012
====================================================================================================
Epoch:26
Valid RMSE: 4.112020015716553
EarlyStopping counter: 1 out of 20
====================================================================================================
Epoch:27
Valid RMSE: 4.096884727478027
EarlyStopping counter: 2 out of 20
====================================================================================================
Epoch:28
Valid RMSE: 4.082174301147461
====================================================================================================
Epoch:29
Valid RMSE: 4.057011604309082
====================================================================================================
Epoch:30
Valid RMSE: 4.055967330932617
====================================================================================================
Epoch:31
Valid RMSE: 4.045657157897949
====================================================================================================
Epoch:32
Valid RMSE: 4.019368648529053
====================================================================================================
Epoch:33
Valid RMSE: 4.034748554229736
EarlyStopping counter: 1 out of 20
====================================================================================================
Epoch:34
Valid RMSE: 4.016300201416016
====================================================================================================
Epoch:35
Valid RMSE: 3.985297679901123
====================================================================================================
Epoch:36
Valid RMSE: 4.000144958496094
EarlyStopping counter: 1 out of 20
====================================================================================================
Epoch:37
Valid RMSE: 3.999911069869995
EarlyStopping counter: 2 out of 20
====================================================================================================
Epoch:38
Valid RMSE: 4.019697666168213
EarlyStopping counter: 3 out of 20
====================================================================================================
Epoch:39
Valid RMSE: 3.9658780097961426
====================================================================================================
Epoch:40
Valid RMSE: 3.97967791557312
EarlyStopping counter: 1 out of 20
====================================================================================================
Epoch:41
Valid RMSE: 4.007800579071045
EarlyStopping counter: 2 out of 20
====================================================================================================
Epoch:42
Valid RMSE: 3.980539083480835
EarlyStopping counter: 3 out of 20
====================================================================================================
Epoch:43
Valid RMSE: 3.9451379776000977
====================================================================================================
Epoch:44
Valid RMSE: 3.9370133876800537
====================================================================================================
Epoch:45
Valid RMSE: 3.9428415298461914
EarlyStopping counter: 1 out of 20
====================================================================================================
Epoch:46
Valid RMSE: 3.934054136276245
====================================================================================================
Epoch:47
Valid RMSE: 3.944959878921509
EarlyStopping counter: 1 out of 20
====================================================================================================
Epoch:48
Valid RMSE: 3.9379119873046875
EarlyStopping counter: 2 out of 20
====================================================================================================
Epoch:49
Valid RMSE: 3.9450786113739014
EarlyStopping counter: 3 out of 20
====================================================================================================
Epoch:50
Valid RMSE: 3.9233169555664062
====================================================================================================
Epoch:51
Valid RMSE: 3.9147660732269287
====================================================================================================
Epoch:52
Valid RMSE: 3.9296422004699707
EarlyStopping counter: 1 out of 20
====================================================================================================
Epoch:53
Valid RMSE: 3.915536642074585
EarlyStopping counter: 2 out of 20
====================================================================================================
Epoch:54
Valid RMSE: 3.9343626499176025
EarlyStopping counter: 3 out of 20
====================================================================================================
Epoch:55
Valid RMSE: 3.9198808670043945
EarlyStopping counter: 4 out of 20
====================================================================================================
Epoch:56
Valid RMSE: 3.9112493991851807
====================================================================================================
Epoch:57
Valid RMSE: 3.923680543899536
EarlyStopping counter: 1 out of 20
====================================================================================================
Epoch:58
Valid RMSE: 3.8935067653656006
====================================================================================================
Epoch:59
Valid RMSE: 3.8829450607299805
====================================================================================================
Epoch:60
Valid RMSE: 3.8846757411956787
EarlyStopping counter: 1 out of 20
====================================================================================================
Epoch:61
Valid RMSE: 3.8891422748565674
EarlyStopping counter: 2 out of 20
====================================================================================================
Epoch:62
Valid RMSE: 3.8752293586730957
====================================================================================================
Epoch:63
Valid RMSE: 3.863666534423828
====================================================================================================
Epoch:64
Valid RMSE: 3.875826597213745
EarlyStopping counter: 1 out of 20
====================================================================================================
Epoch:65
Valid RMSE: 3.8613357543945312
====================================================================================================
Epoch:66
Valid RMSE: 3.8750081062316895
EarlyStopping counter: 1 out of 20
====================================================================================================
Epoch:67
Valid RMSE: 3.855942964553833
====================================================================================================
Epoch:68
Valid RMSE: 3.8511035442352295
====================================================================================================
Epoch:69
Valid RMSE: 3.871723175048828
EarlyStopping counter: 1 out of 20
====================================================================================================
Epoch:70
Valid RMSE: 3.8734042644500732
EarlyStopping counter: 2 out of 20
====================================================================================================
Epoch:71
Valid RMSE: 3.853148937225342
EarlyStopping counter: 3 out of 20
====================================================================================================
Epoch:72
Valid RMSE: 3.904473304748535
EarlyStopping counter: 4 out of 20
====================================================================================================
Epoch:73
Valid RMSE: 3.8392279148101807
====================================================================================================
Epoch:74
Valid RMSE: 3.8417184352874756
EarlyStopping counter: 1 out of 20
====================================================================================================
Epoch:75
Valid RMSE: 3.878397226333618
EarlyStopping counter: 2 out of 20
====================================================================================================
Epoch:76
Valid RMSE: 3.845917224884033
EarlyStopping counter: 3 out of 20
====================================================================================================
Epoch:77
Valid RMSE: 3.8714518547058105
EarlyStopping counter: 4 out of 20
====================================================================================================
Epoch:78
Valid RMSE: 3.826199531555176
====================================================================================================
Epoch:79
Valid RMSE: 3.826801300048828
EarlyStopping counter: 1 out of 20
====================================================================================================
Epoch:80
Valid RMSE: 3.82330060005188
====================================================================================================
Epoch:81
Valid RMSE: 3.8235926628112793
EarlyStopping counter: 1 out of 20
====================================================================================================
Epoch:82
Valid RMSE: 3.819183826446533
====================================================================================================
Epoch:83
Valid RMSE: 3.8530502319335938
EarlyStopping counter: 1 out of 20
====================================================================================================
Epoch:84
Valid RMSE: 3.853762626647949
EarlyStopping counter: 2 out of 20
====================================================================================================
Epoch:85
Valid RMSE: 3.8094656467437744
====================================================================================================
Epoch:86
Valid RMSE: 3.827791929244995
EarlyStopping counter: 1 out of 20
====================================================================================================
Epoch:87
Valid RMSE: 3.8124759197235107
EarlyStopping counter: 2 out of 20
====================================================================================================
Epoch:88
Valid RMSE: 3.82964825630188
EarlyStopping counter: 3 out of 20
====================================================================================================
Epoch:89
Valid RMSE: 3.8426594734191895
EarlyStopping counter: 4 out of 20
====================================================================================================
Epoch:90
Valid RMSE: 3.8247151374816895
EarlyStopping counter: 5 out of 20
====================================================================================================
Epoch:91
Valid RMSE: 3.8207714557647705
EarlyStopping counter: 6 out of 20
====================================================================================================
Epoch:92
Valid RMSE: 3.807373046875
====================================================================================================
Epoch:93
Valid RMSE: 3.834505796432495
EarlyStopping counter: 1 out of 20
====================================================================================================
Epoch:94
Valid RMSE: 3.7996389865875244
====================================================================================================
Epoch:95
Valid RMSE: 3.8445940017700195
EarlyStopping counter: 1 out of 20
====================================================================================================
Epoch:96
Valid RMSE: 3.786071300506592
====================================================================================================
Epoch:97
Valid RMSE: 3.834040403366089
EarlyStopping counter: 1 out of 20
====================================================================================================
Epoch:98
Valid RMSE: 3.868096351623535
EarlyStopping counter: 2 out of 20
====================================================================================================
Epoch:99
Valid RMSE: 3.8330905437469482
EarlyStopping counter: 3 out of 20
====================================================================================================
Epoch:100
Valid RMSE: 3.841647148132324
EarlyStopping counter: 4 out of 20
====================================================================================================
Epoch:101
Valid RMSE: 3.784712791442871
====================================================================================================
Epoch:102
Valid RMSE: 3.784698963165283
====================================================================================================
Epoch:103
Valid RMSE: 3.8227946758270264
EarlyStopping counter: 1 out of 20
====================================================================================================
Epoch:104
Valid RMSE: 3.8186230659484863
EarlyStopping counter: 2 out of 20
====================================================================================================
Epoch:105
Valid RMSE: 3.7797791957855225
====================================================================================================
Epoch:106
Valid RMSE: 3.7945518493652344
EarlyStopping counter: 1 out of 20
====================================================================================================
Epoch:107
Valid RMSE: 3.80621075630188
EarlyStopping counter: 2 out of 20
====================================================================================================
Epoch:108
Valid RMSE: 3.8116328716278076
EarlyStopping counter: 3 out of 20
====================================================================================================
Epoch:109
Valid RMSE: 3.7738325595855713
====================================================================================================
Epoch:110
Valid RMSE: 3.81512713432312
EarlyStopping counter: 1 out of 20
====================================================================================================
Epoch:111
Valid RMSE: 3.7986085414886475
EarlyStopping counter: 2 out of 20
====================================================================================================
Epoch:112
Valid RMSE: 3.7710351943969727
====================================================================================================
Epoch:113
Valid RMSE: 3.77858567237854
EarlyStopping counter: 1 out of 20
====================================================================================================
Epoch:114
Valid RMSE: 3.760941505432129
====================================================================================================
Epoch:115
Valid RMSE: 3.7633678913116455
EarlyStopping counter: 1 out of 20
====================================================================================================
Epoch:116
Valid RMSE: 3.8067197799682617
EarlyStopping counter: 2 out of 20
====================================================================================================
Epoch:117
Valid RMSE: 3.764256715774536
EarlyStopping counter: 3 out of 20
====================================================================================================
Epoch:118
Valid RMSE: 3.7714223861694336
EarlyStopping counter: 4 out of 20
====================================================================================================
Epoch:119
Valid RMSE: 3.7831029891967773
EarlyStopping counter: 5 out of 20
====================================================================================================
Epoch:120
Valid RMSE: 3.7612898349761963
EarlyStopping counter: 6 out of 20
====================================================================================================
Epoch:121
Valid RMSE: 3.7657792568206787
EarlyStopping counter: 7 out of 20
====================================================================================================
Epoch:122
Valid RMSE: 3.7826058864593506
EarlyStopping counter: 8 out of 20
====================================================================================================
Epoch:123
Valid RMSE: 3.820176362991333
EarlyStopping counter: 9 out of 20
====================================================================================================
Epoch:124
Valid RMSE: 3.76781964302063
EarlyStopping counter: 10 out of 20
====================================================================================================
Epoch:125
Valid RMSE: 3.7553040981292725
====================================================================================================
Epoch:126
Valid RMSE: 3.7538294792175293
====================================================================================================
Epoch:127
Valid RMSE: 3.7616238594055176
EarlyStopping counter: 1 out of 20
====================================================================================================
Epoch:128
Valid RMSE: 3.7595815658569336
EarlyStopping counter: 2 out of 20
====================================================================================================
Epoch:129
Valid RMSE: 3.754141092300415
EarlyStopping counter: 3 out of 20
====================================================================================================
Epoch:130
Valid RMSE: 3.755815267562866
EarlyStopping counter: 4 out of 20
====================================================================================================
Epoch:131
Valid RMSE: 3.762970447540283
EarlyStopping counter: 5 out of 20
====================================================================================================
Epoch:132
Valid RMSE: 3.793665647506714
EarlyStopping counter: 6 out of 20
====================================================================================================
Epoch:133
Valid RMSE: 3.7523999214172363
====================================================================================================
Epoch:134
Valid RMSE: 3.7512567043304443
====================================================================================================
Epoch:135
Valid RMSE: 3.761706829071045
EarlyStopping counter: 1 out of 20
====================================================================================================
Epoch:136
Valid RMSE: 3.737455129623413
====================================================================================================
Epoch:137
Valid RMSE: 3.744748115539551
EarlyStopping counter: 1 out of 20
====================================================================================================
Epoch:138
Valid RMSE: 3.747431516647339
EarlyStopping counter: 2 out of 20
====================================================================================================
Epoch:139
Valid RMSE: 3.7759170532226562
EarlyStopping counter: 3 out of 20
====================================================================================================
Epoch:140
Valid RMSE: 3.7669999599456787
EarlyStopping counter: 4 out of 20
====================================================================================================
Epoch:141
Valid RMSE: 3.767888069152832
EarlyStopping counter: 5 out of 20
====================================================================================================
Epoch:142
Valid RMSE: 3.750729560852051
EarlyStopping counter: 6 out of 20
====================================================================================================
Epoch:143
Valid RMSE: 3.752086639404297
EarlyStopping counter: 7 out of 20
====================================================================================================
Epoch:144
Valid RMSE: 3.7887372970581055
EarlyStopping counter: 8 out of 20
====================================================================================================
Epoch:145
Valid RMSE: 3.747650623321533
EarlyStopping counter: 9 out of 20
====================================================================================================
Epoch:146
Valid RMSE: 3.7399487495422363
EarlyStopping counter: 10 out of 20
====================================================================================================
Epoch:147
Valid RMSE: 3.7615137100219727
EarlyStopping counter: 11 out of 20
====================================================================================================
Epoch:148
Valid RMSE: 3.7637035846710205
EarlyStopping counter: 12 out of 20
====================================================================================================
Epoch:149
Valid RMSE: 3.7585554122924805
EarlyStopping counter: 13 out of 20
====================================================================================================
Epoch:150
Valid RMSE: 3.729130268096924
====================================================================================================
Epoch:151
Valid RMSE: 3.745974540710449
EarlyStopping counter: 1 out of 20
====================================================================================================
Epoch:152
Valid RMSE: 3.747368812561035
EarlyStopping counter: 2 out of 20
====================================================================================================
Epoch:153
Valid RMSE: 3.7304704189300537
EarlyStopping counter: 3 out of 20
====================================================================================================
Epoch:154
Valid RMSE: 3.7449450492858887
EarlyStopping counter: 4 out of 20
====================================================================================================
Epoch:155
Valid RMSE: 3.750035285949707
EarlyStopping counter: 5 out of 20
====================================================================================================
Epoch:156
Valid RMSE: 3.7357683181762695
EarlyStopping counter: 6 out of 20
====================================================================================================
Epoch:157
Valid RMSE: 3.7434659004211426
EarlyStopping counter: 7 out of 20
====================================================================================================
Epoch:158
Valid RMSE: 3.794541358947754
EarlyStopping counter: 8 out of 20
====================================================================================================
Epoch:159
Valid RMSE: 3.8120405673980713
EarlyStopping counter: 9 out of 20
====================================================================================================
Epoch:160
Valid RMSE: 3.744489908218384
EarlyStopping counter: 10 out of 20
====================================================================================================
Epoch:161
Valid RMSE: 3.737241506576538
EarlyStopping counter: 11 out of 20
====================================================================================================
Epoch:162
Valid RMSE: 3.729628562927246
EarlyStopping counter: 12 out of 20
====================================================================================================
Epoch:163
Valid RMSE: 3.759746551513672
EarlyStopping counter: 13 out of 20
====================================================================================================
Epoch:164
Valid RMSE: 3.7256109714508057
====================================================================================================
Epoch:165
Valid RMSE: 3.7295150756835938
EarlyStopping counter: 1 out of 20
====================================================================================================
Epoch:166
Valid RMSE: 3.73972487449646
EarlyStopping counter: 2 out of 20
====================================================================================================
Epoch:167
Valid RMSE: 3.7279489040374756
EarlyStopping counter: 3 out of 20
====================================================================================================
Epoch:168
Valid RMSE: 3.73079514503479
EarlyStopping counter: 4 out of 20
====================================================================================================
Epoch:169
Valid RMSE: 3.725208282470703
====================================================================================================
Epoch:170
Valid RMSE: 3.728752613067627
EarlyStopping counter: 1 out of 20
====================================================================================================
Epoch:171
Valid RMSE: 3.7267417907714844
EarlyStopping counter: 2 out of 20
====================================================================================================
Epoch:172
Valid RMSE: 3.770284414291382
EarlyStopping counter: 3 out of 20
====================================================================================================
Epoch:173
Valid RMSE: 3.789905548095703
EarlyStopping counter: 4 out of 20
====================================================================================================
Epoch:174
Valid RMSE: 3.7293710708618164
EarlyStopping counter: 5 out of 20
====================================================================================================
Epoch:175
Valid RMSE: 3.7129995822906494
====================================================================================================
Epoch:176
Valid RMSE: 3.729179859161377
EarlyStopping counter: 1 out of 20
====================================================================================================
Epoch:177
Valid RMSE: 3.7159156799316406
EarlyStopping counter: 2 out of 20
====================================================================================================
Epoch:178
Valid RMSE: 3.775916576385498
EarlyStopping counter: 3 out of 20
====================================================================================================
Epoch:179
Valid RMSE: 3.7406845092773438
EarlyStopping counter: 4 out of 20
====================================================================================================
Epoch:180
Valid RMSE: 3.723629951477051
EarlyStopping counter: 5 out of 20
====================================================================================================
Epoch:181
Valid RMSE: 3.7935571670532227
EarlyStopping counter: 6 out of 20
====================================================================================================
Epoch:182
Valid RMSE: 3.747987985610962
EarlyStopping counter: 7 out of 20
====================================================================================================
Epoch:183
Valid RMSE: 3.7591235637664795
EarlyStopping counter: 8 out of 20
====================================================================================================
Epoch:184
Valid RMSE: 3.7313075065612793
EarlyStopping counter: 9 out of 20
====================================================================================================
Epoch:185
Valid RMSE: 3.80582332611084
EarlyStopping counter: 10 out of 20
====================================================================================================
Epoch:186
Valid RMSE: 3.738642454147339
EarlyStopping counter: 11 out of 20
====================================================================================================
Epoch:187
Valid RMSE: 3.7273647785186768
EarlyStopping counter: 12 out of 20
====================================================================================================
Epoch:188
Valid RMSE: 3.7173428535461426
EarlyStopping counter: 13 out of 20
====================================================================================================
Epoch:189
Valid RMSE: 3.794933795928955
EarlyStopping counter: 14 out of 20
====================================================================================================
Epoch:190
Valid RMSE: 3.719614267349243
EarlyStopping counter: 15 out of 20
====================================================================================================
Epoch:191
Valid RMSE: 3.7771520614624023
EarlyStopping counter: 16 out of 20
====================================================================================================
Epoch:192
Valid RMSE: 3.7498135566711426
EarlyStopping counter: 17 out of 20
====================================================================================================
Epoch:193
Valid RMSE: 3.7162694931030273
EarlyStopping counter: 18 out of 20
====================================================================================================
Epoch:194
Valid RMSE: 3.7449352741241455
EarlyStopping counter: 19 out of 20
====================================================================================================
Epoch:195
Valid RMSE: 3.7237565517425537
EarlyStopping counter: 20 out of 20
Early stopping
torch.Size([1728, 1, 524, 6])
torch.Size([1728, 1, 524, 6])
torch.Size([1728, 1, 524, 6])
==================================================  Testing  ==================================================
predict shape:  (576, 524, 6)
MAE: 2.517 RMSE: 3.675 MAPE: 11.448
Spend Time: 2233.0938646793365
