torch.Size([1728, 1, 524, 6])
torch.Size([1728, 1, 524, 6])
torch.Size([1728, 1, 524, 6])
==================================================  Training  ==================================================
Epoch:0
Valid RMSE: 8.403266906738281
====================================================================================================
Epoch:1
Valid RMSE: 5.5124077796936035
====================================================================================================
Epoch:2
Valid RMSE: 4.873005390167236
====================================================================================================
Epoch:3
Valid RMSE: 4.6730875968933105
====================================================================================================
Epoch:4
Valid RMSE: 4.618987560272217
====================================================================================================
Epoch:5
Valid RMSE: 4.536129951477051
====================================================================================================
Epoch:6
Valid RMSE: 4.505568027496338
====================================================================================================
Epoch:7
Valid RMSE: 4.487793445587158
====================================================================================================
Epoch:8
Valid RMSE: 4.469693660736084
====================================================================================================
Epoch:9
Valid RMSE: 4.415677070617676
====================================================================================================
Epoch:10
Valid RMSE: 4.396720886230469
====================================================================================================
Epoch:11
Valid RMSE: 4.361772060394287
====================================================================================================
Epoch:12
Valid RMSE: 4.344705581665039
====================================================================================================
Epoch:13
Valid RMSE: 4.277120590209961
====================================================================================================
Epoch:14
Valid RMSE: 4.280493259429932
EarlyStopping counter: 1 out of 20
====================================================================================================
Epoch:15
Valid RMSE: 4.24553918838501
====================================================================================================
Epoch:16
Valid RMSE: 4.207705020904541
====================================================================================================
Epoch:17
Valid RMSE: 4.194302558898926
====================================================================================================
Epoch:18
Valid RMSE: 4.188966751098633
====================================================================================================
Epoch:19
Valid RMSE: 4.158085346221924
====================================================================================================
Epoch:20
Valid RMSE: 4.162170886993408
EarlyStopping counter: 1 out of 20
====================================================================================================
Epoch:21
Valid RMSE: 4.126955986022949
====================================================================================================
Epoch:22
Valid RMSE: 4.13504695892334
EarlyStopping counter: 1 out of 20
====================================================================================================
Epoch:23
Valid RMSE: 4.093538284301758
====================================================================================================
Epoch:24
Valid RMSE: 4.083706855773926
====================================================================================================
Epoch:25
Valid RMSE: 4.089008331298828
EarlyStopping counter: 1 out of 20
====================================================================================================
Epoch:26
Valid RMSE: 4.071410179138184
====================================================================================================
Epoch:27
Valid RMSE: 4.075204849243164
EarlyStopping counter: 1 out of 20
====================================================================================================
Epoch:28
Valid RMSE: 4.089091777801514
EarlyStopping counter: 2 out of 20
====================================================================================================
Epoch:29
Valid RMSE: 4.079850196838379
EarlyStopping counter: 3 out of 20
====================================================================================================
Epoch:30
Valid RMSE: 4.041769981384277
====================================================================================================
Epoch:31
Valid RMSE: 4.044835090637207
EarlyStopping counter: 1 out of 20
====================================================================================================
Epoch:32
Valid RMSE: 4.041806697845459
EarlyStopping counter: 2 out of 20
====================================================================================================
Epoch:33
Valid RMSE: 4.023906707763672
====================================================================================================
Epoch:34
Valid RMSE: 4.005305290222168
====================================================================================================
Epoch:35
Valid RMSE: 4.024259090423584
EarlyStopping counter: 1 out of 20
====================================================================================================
Epoch:36
Valid RMSE: 4.012453079223633
EarlyStopping counter: 2 out of 20
====================================================================================================
Epoch:37
Valid RMSE: 3.993513345718384
====================================================================================================
Epoch:38
Valid RMSE: 4.0091552734375
EarlyStopping counter: 1 out of 20
====================================================================================================
Epoch:39
Valid RMSE: 3.9943416118621826
EarlyStopping counter: 2 out of 20
====================================================================================================
Epoch:40
Valid RMSE: 3.988029956817627
====================================================================================================
Epoch:41
Valid RMSE: 3.9790987968444824
====================================================================================================
Epoch:42
Valid RMSE: 3.972740650177002
====================================================================================================
Epoch:43
Valid RMSE: 3.9699249267578125
====================================================================================================
Epoch:44
Valid RMSE: 3.951328754425049
====================================================================================================
Epoch:45
Valid RMSE: 3.9593112468719482
EarlyStopping counter: 1 out of 20
====================================================================================================
Epoch:46
Valid RMSE: 3.942640542984009
====================================================================================================
Epoch:47
Valid RMSE: 3.97310209274292
EarlyStopping counter: 1 out of 20
====================================================================================================
Epoch:48
Valid RMSE: 3.929659605026245
====================================================================================================
Epoch:49
Valid RMSE: 3.931229591369629
EarlyStopping counter: 1 out of 20
====================================================================================================
Epoch:50
Valid RMSE: 3.9264917373657227
====================================================================================================
Epoch:51
Valid RMSE: 3.929969310760498
EarlyStopping counter: 1 out of 20
====================================================================================================
Epoch:52
Valid RMSE: 3.954288959503174
EarlyStopping counter: 2 out of 20
====================================================================================================
Epoch:53
Valid RMSE: 3.9421777725219727
EarlyStopping counter: 3 out of 20
====================================================================================================
Epoch:54
Valid RMSE: 3.9047939777374268
====================================================================================================
Epoch:55
Valid RMSE: 3.90600323677063
EarlyStopping counter: 1 out of 20
====================================================================================================
Epoch:56
Valid RMSE: 3.901458740234375
====================================================================================================
Epoch:57
Valid RMSE: 3.9009556770324707
====================================================================================================
Epoch:58
Valid RMSE: 3.8974313735961914
====================================================================================================
Epoch:59
Valid RMSE: 3.8940718173980713
====================================================================================================
Epoch:60
Valid RMSE: 3.885216236114502
====================================================================================================
Epoch:61
Valid RMSE: 3.8934755325317383
EarlyStopping counter: 1 out of 20
====================================================================================================
Epoch:62
Valid RMSE: 3.88248348236084
====================================================================================================
Epoch:63
Valid RMSE: 3.869476795196533
====================================================================================================
Epoch:64
Valid RMSE: 3.869710683822632
EarlyStopping counter: 1 out of 20
====================================================================================================
Epoch:65
Valid RMSE: 3.8856146335601807
EarlyStopping counter: 2 out of 20
====================================================================================================
Epoch:66
Valid RMSE: 3.8720927238464355
EarlyStopping counter: 3 out of 20
====================================================================================================
Epoch:67
Valid RMSE: 3.867797374725342
====================================================================================================
Epoch:68
Valid RMSE: 3.858377695083618
====================================================================================================
Epoch:69
Valid RMSE: 3.852200508117676
====================================================================================================
Epoch:70
Valid RMSE: 3.8740758895874023
EarlyStopping counter: 1 out of 20
====================================================================================================
Epoch:71
Valid RMSE: 3.8789706230163574
EarlyStopping counter: 2 out of 20
====================================================================================================
Epoch:72
Valid RMSE: 3.8572912216186523
EarlyStopping counter: 3 out of 20
====================================================================================================
Epoch:73
Valid RMSE: 3.848871946334839
====================================================================================================
Epoch:74
Valid RMSE: 3.852756977081299
EarlyStopping counter: 1 out of 20
====================================================================================================
Epoch:75
Valid RMSE: 3.8873586654663086
EarlyStopping counter: 2 out of 20
====================================================================================================
Epoch:76
Valid RMSE: 3.8409762382507324
====================================================================================================
Epoch:77
Valid RMSE: 3.8378355503082275
====================================================================================================
Epoch:78
Valid RMSE: 3.83522891998291
====================================================================================================
Epoch:79
Valid RMSE: 3.8293800354003906
====================================================================================================
Epoch:80
Valid RMSE: 3.8360328674316406
EarlyStopping counter: 1 out of 20
====================================================================================================
Epoch:81
Valid RMSE: 3.821681022644043
====================================================================================================
Epoch:82
Valid RMSE: 3.8522872924804688
EarlyStopping counter: 1 out of 20
====================================================================================================
Epoch:83
Valid RMSE: 3.8562405109405518
EarlyStopping counter: 2 out of 20
====================================================================================================
Epoch:84
Valid RMSE: 3.8332982063293457
EarlyStopping counter: 3 out of 20
====================================================================================================
Epoch:85
Valid RMSE: 3.8430933952331543
EarlyStopping counter: 4 out of 20
====================================================================================================
Epoch:86
Valid RMSE: 3.808687925338745
====================================================================================================
Epoch:87
Valid RMSE: 3.877080202102661
EarlyStopping counter: 1 out of 20
====================================================================================================
Epoch:88
Valid RMSE: 3.8390719890594482
EarlyStopping counter: 2 out of 20
====================================================================================================
Epoch:89
Valid RMSE: 3.8304808139801025
EarlyStopping counter: 3 out of 20
====================================================================================================
Epoch:90
Valid RMSE: 3.812119722366333
EarlyStopping counter: 4 out of 20
====================================================================================================
Epoch:91
Valid RMSE: 3.829268217086792
EarlyStopping counter: 5 out of 20
====================================================================================================
Epoch:92
Valid RMSE: 3.8183107376098633
EarlyStopping counter: 6 out of 20
====================================================================================================
Epoch:93
Valid RMSE: 3.8235256671905518
EarlyStopping counter: 7 out of 20
====================================================================================================
Epoch:94
Valid RMSE: 3.8207826614379883
EarlyStopping counter: 8 out of 20
====================================================================================================
Epoch:95
Valid RMSE: 3.818981170654297
EarlyStopping counter: 9 out of 20
====================================================================================================
Epoch:96
Valid RMSE: 3.816438913345337
EarlyStopping counter: 10 out of 20
====================================================================================================
Epoch:97
Valid RMSE: 3.795872688293457
====================================================================================================
Epoch:98
Valid RMSE: 3.8544392585754395
EarlyStopping counter: 1 out of 20
====================================================================================================
Epoch:99
Valid RMSE: 3.811901092529297
EarlyStopping counter: 2 out of 20
====================================================================================================
Epoch:100
Valid RMSE: 3.786844491958618
====================================================================================================
Epoch:101
Valid RMSE: 3.7929916381835938
EarlyStopping counter: 1 out of 20
====================================================================================================
Epoch:102
Valid RMSE: 3.80607271194458
EarlyStopping counter: 2 out of 20
====================================================================================================
Epoch:103
Valid RMSE: 3.7917561531066895
EarlyStopping counter: 3 out of 20
====================================================================================================
Epoch:104
Valid RMSE: 3.7935256958007812
EarlyStopping counter: 4 out of 20
====================================================================================================
Epoch:105
Valid RMSE: 3.7851169109344482
====================================================================================================
Epoch:106
Valid RMSE: 3.7804994583129883
====================================================================================================
Epoch:107
Valid RMSE: 3.78419828414917
EarlyStopping counter: 1 out of 20
====================================================================================================
Epoch:108
Valid RMSE: 3.813756227493286
EarlyStopping counter: 2 out of 20
====================================================================================================
Epoch:109
Valid RMSE: 3.8074536323547363
EarlyStopping counter: 3 out of 20
====================================================================================================
Epoch:110
Valid RMSE: 3.775818347930908
====================================================================================================
Epoch:111
Valid RMSE: 3.778110980987549
EarlyStopping counter: 1 out of 20
====================================================================================================
Epoch:112
Valid RMSE: 3.7752392292022705
====================================================================================================
Epoch:113
Valid RMSE: 3.81038236618042
EarlyStopping counter: 1 out of 20
====================================================================================================
Epoch:114
Valid RMSE: 3.8038930892944336
EarlyStopping counter: 2 out of 20
====================================================================================================
Epoch:115
Valid RMSE: 3.7786495685577393
EarlyStopping counter: 3 out of 20
====================================================================================================
Epoch:116
Valid RMSE: 3.8123791217803955
EarlyStopping counter: 4 out of 20
====================================================================================================
Epoch:117
Valid RMSE: 3.7738215923309326
====================================================================================================
Epoch:118
Valid RMSE: 3.769547700881958
====================================================================================================
Epoch:119
Valid RMSE: 3.7581677436828613
====================================================================================================
Epoch:120
Valid RMSE: 3.7721939086914062
EarlyStopping counter: 1 out of 20
====================================================================================================
Epoch:121
Valid RMSE: 3.763463258743286
EarlyStopping counter: 2 out of 20
====================================================================================================
Epoch:122
Valid RMSE: 3.7704060077667236
EarlyStopping counter: 3 out of 20
====================================================================================================
Epoch:123
Valid RMSE: 3.783437490463257
EarlyStopping counter: 4 out of 20
====================================================================================================
Epoch:124
Valid RMSE: 3.7728309631347656
EarlyStopping counter: 5 out of 20
====================================================================================================
Epoch:125
Valid RMSE: 3.7649993896484375
EarlyStopping counter: 6 out of 20
====================================================================================================
Epoch:126
Valid RMSE: 3.797534465789795
EarlyStopping counter: 7 out of 20
====================================================================================================
Epoch:127
Valid RMSE: 3.758917808532715
EarlyStopping counter: 8 out of 20
====================================================================================================
Epoch:128
Valid RMSE: 3.763597249984741
EarlyStopping counter: 9 out of 20
====================================================================================================
Epoch:129
Valid RMSE: 3.7554571628570557
====================================================================================================
Epoch:130
Valid RMSE: 3.7616162300109863
EarlyStopping counter: 1 out of 20
====================================================================================================
Epoch:131
Valid RMSE: 3.755059242248535
====================================================================================================
Epoch:132
Valid RMSE: 3.7637851238250732
EarlyStopping counter: 1 out of 20
====================================================================================================
Epoch:133
Valid RMSE: 3.75388240814209
====================================================================================================
Epoch:134
Valid RMSE: 3.7556848526000977
EarlyStopping counter: 1 out of 20
====================================================================================================
Epoch:135
Valid RMSE: 3.79274320602417
EarlyStopping counter: 2 out of 20
====================================================================================================
Epoch:136
Valid RMSE: 3.7747302055358887
EarlyStopping counter: 3 out of 20
====================================================================================================
Epoch:137
Valid RMSE: 3.7585105895996094
EarlyStopping counter: 4 out of 20
====================================================================================================
Epoch:138
Valid RMSE: 3.7874679565429688
EarlyStopping counter: 5 out of 20
====================================================================================================
Epoch:139
Valid RMSE: 3.746314525604248
====================================================================================================
Epoch:140
Valid RMSE: 3.78317928314209
EarlyStopping counter: 1 out of 20
====================================================================================================
Epoch:141
Valid RMSE: 3.795942544937134
EarlyStopping counter: 2 out of 20
====================================================================================================
Epoch:142
Valid RMSE: 3.7580621242523193
EarlyStopping counter: 3 out of 20
====================================================================================================
Epoch:143
Valid RMSE: 3.7564637660980225
EarlyStopping counter: 4 out of 20
====================================================================================================
Epoch:144
Valid RMSE: 3.738471031188965
====================================================================================================
Epoch:145
Valid RMSE: 3.771101713180542
EarlyStopping counter: 1 out of 20
====================================================================================================
Epoch:146
Valid RMSE: 3.755476951599121
EarlyStopping counter: 2 out of 20
====================================================================================================
Epoch:147
Valid RMSE: 3.7590620517730713
EarlyStopping counter: 3 out of 20
====================================================================================================
Epoch:148
Valid RMSE: 3.7546093463897705
EarlyStopping counter: 4 out of 20
====================================================================================================
Epoch:149
Valid RMSE: 3.7425804138183594
EarlyStopping counter: 5 out of 20
====================================================================================================
Epoch:150
Valid RMSE: 3.7374322414398193
====================================================================================================
Epoch:151
Valid RMSE: 3.7374866008758545
EarlyStopping counter: 1 out of 20
====================================================================================================
Epoch:152
Valid RMSE: 3.757331371307373
EarlyStopping counter: 2 out of 20
====================================================================================================
Epoch:153
Valid RMSE: 3.7303695678710938
====================================================================================================
Epoch:154
Valid RMSE: 3.7291760444641113
====================================================================================================
Epoch:155
Valid RMSE: 3.75972318649292
EarlyStopping counter: 1 out of 20
====================================================================================================
Epoch:156
Valid RMSE: 3.736647605895996
EarlyStopping counter: 2 out of 20
====================================================================================================
Epoch:157
Valid RMSE: 3.739621162414551
EarlyStopping counter: 3 out of 20
====================================================================================================
Epoch:158
Valid RMSE: 3.755404472351074
EarlyStopping counter: 4 out of 20
====================================================================================================
Epoch:159
Valid RMSE: 3.726152181625366
====================================================================================================
Epoch:160
Valid RMSE: 3.726698160171509
EarlyStopping counter: 1 out of 20
====================================================================================================
Epoch:161
Valid RMSE: 3.7866146564483643
EarlyStopping counter: 2 out of 20
====================================================================================================
Epoch:162
Valid RMSE: 3.76875638961792
EarlyStopping counter: 3 out of 20
====================================================================================================
Epoch:163
Valid RMSE: 3.7291345596313477
EarlyStopping counter: 4 out of 20
====================================================================================================
Epoch:164
Valid RMSE: 3.76090145111084
EarlyStopping counter: 5 out of 20
====================================================================================================
Epoch:165
Valid RMSE: 3.745748281478882
EarlyStopping counter: 6 out of 20
====================================================================================================
Epoch:166
Valid RMSE: 3.759290933609009
EarlyStopping counter: 7 out of 20
====================================================================================================
Epoch:167
Valid RMSE: 3.7249789237976074
====================================================================================================
Epoch:168
Valid RMSE: 3.724815845489502
====================================================================================================
Epoch:169
Valid RMSE: 3.77070951461792
EarlyStopping counter: 1 out of 20
====================================================================================================
Epoch:170
Valid RMSE: 3.7282307147979736
EarlyStopping counter: 2 out of 20
====================================================================================================
Epoch:171
Valid RMSE: 3.722966432571411
====================================================================================================
Epoch:172
Valid RMSE: 3.72131609916687
====================================================================================================
Epoch:173
Valid RMSE: 3.739187479019165
EarlyStopping counter: 1 out of 20
====================================================================================================
Epoch:174
Valid RMSE: 3.7243106365203857
EarlyStopping counter: 2 out of 20
====================================================================================================
Epoch:175
Valid RMSE: 3.746147632598877
EarlyStopping counter: 3 out of 20
====================================================================================================
Epoch:176
Valid RMSE: 3.720493793487549
====================================================================================================
Epoch:177
Valid RMSE: 3.7150912284851074
====================================================================================================
Epoch:178
Valid RMSE: 3.7255194187164307
EarlyStopping counter: 1 out of 20
====================================================================================================
Epoch:179
Valid RMSE: 3.7196528911590576
EarlyStopping counter: 2 out of 20
====================================================================================================
Epoch:180
Valid RMSE: 3.731757640838623
EarlyStopping counter: 3 out of 20
====================================================================================================
Epoch:181
Valid RMSE: 3.727492094039917
EarlyStopping counter: 4 out of 20
====================================================================================================
Epoch:182
Valid RMSE: 3.7136387825012207
====================================================================================================
Epoch:183
Valid RMSE: 3.7228267192840576
EarlyStopping counter: 1 out of 20
====================================================================================================
Epoch:184
Valid RMSE: 3.72680926322937
EarlyStopping counter: 2 out of 20
====================================================================================================
Epoch:185
Valid RMSE: 3.713547945022583
====================================================================================================
Epoch:186
Valid RMSE: 3.7186520099639893
EarlyStopping counter: 1 out of 20
====================================================================================================
Epoch:187
Valid RMSE: 3.7256174087524414
EarlyStopping counter: 2 out of 20
====================================================================================================
Epoch:188
Valid RMSE: 3.721430778503418
EarlyStopping counter: 3 out of 20
====================================================================================================
Epoch:189
Valid RMSE: 3.7299296855926514
EarlyStopping counter: 4 out of 20
====================================================================================================
Epoch:190
Valid RMSE: 3.746875762939453
EarlyStopping counter: 5 out of 20
====================================================================================================
Epoch:191
Valid RMSE: 3.7175631523132324
EarlyStopping counter: 6 out of 20
====================================================================================================
Epoch:192
Valid RMSE: 3.739766836166382
EarlyStopping counter: 7 out of 20
====================================================================================================
Epoch:193
Valid RMSE: 3.7211973667144775
EarlyStopping counter: 8 out of 20
====================================================================================================
Epoch:194
Valid RMSE: 3.7119314670562744
====================================================================================================
Epoch:195
Valid RMSE: 3.710514545440674
====================================================================================================
Epoch:196
Valid RMSE: 3.7714130878448486
EarlyStopping counter: 1 out of 20
====================================================================================================
Epoch:197
Valid RMSE: 3.726376533508301
EarlyStopping counter: 2 out of 20
====================================================================================================
Epoch:198
Valid RMSE: 3.7425084114074707
EarlyStopping counter: 3 out of 20
====================================================================================================
Epoch:199
Valid RMSE: 3.73974347114563
EarlyStopping counter: 4 out of 20
====================================================================================================
Epoch:200
Valid RMSE: 3.707841157913208
====================================================================================================
Epoch:201
Valid RMSE: 3.7225940227508545
EarlyStopping counter: 1 out of 20
====================================================================================================
Epoch:202
Valid RMSE: 3.713576078414917
EarlyStopping counter: 2 out of 20
====================================================================================================
Epoch:203
Valid RMSE: 3.7262752056121826
EarlyStopping counter: 3 out of 20
====================================================================================================
Epoch:204
Valid RMSE: 3.7428715229034424
EarlyStopping counter: 4 out of 20
====================================================================================================
Epoch:205
Valid RMSE: 3.7241299152374268
EarlyStopping counter: 5 out of 20
====================================================================================================
Epoch:206
Valid RMSE: 3.70202374458313
====================================================================================================
Epoch:207
Valid RMSE: 3.7051188945770264
EarlyStopping counter: 1 out of 20
====================================================================================================
Epoch:208
Valid RMSE: 3.7363150119781494
EarlyStopping counter: 2 out of 20
====================================================================================================
Epoch:209
Valid RMSE: 3.7092552185058594
EarlyStopping counter: 3 out of 20
====================================================================================================
Epoch:210
Valid RMSE: 3.7197659015655518
EarlyStopping counter: 4 out of 20
====================================================================================================
Epoch:211
Valid RMSE: 3.709059000015259
EarlyStopping counter: 5 out of 20
====================================================================================================
Epoch:212
Valid RMSE: 3.7136662006378174
EarlyStopping counter: 6 out of 20
====================================================================================================
Epoch:213
Valid RMSE: 3.7255008220672607
EarlyStopping counter: 7 out of 20
====================================================================================================
Epoch:214
Valid RMSE: 3.7028818130493164
EarlyStopping counter: 8 out of 20
====================================================================================================
Epoch:215
Valid RMSE: 3.7011044025421143
====================================================================================================
Epoch:216
Valid RMSE: 3.727252960205078
EarlyStopping counter: 1 out of 20
====================================================================================================
Epoch:217
Valid RMSE: 3.7117369174957275
EarlyStopping counter: 2 out of 20
====================================================================================================
Epoch:218
Valid RMSE: 3.7253713607788086
EarlyStopping counter: 3 out of 20
====================================================================================================
Epoch:219
Valid RMSE: 3.715796947479248
EarlyStopping counter: 4 out of 20
====================================================================================================
Epoch:220
Valid RMSE: 3.6979598999023438
====================================================================================================
Epoch:221
Valid RMSE: 3.7489025592803955
EarlyStopping counter: 1 out of 20
====================================================================================================
Epoch:222
Valid RMSE: 3.701566457748413
EarlyStopping counter: 2 out of 20
====================================================================================================
Epoch:223
Valid RMSE: 3.7110133171081543
EarlyStopping counter: 3 out of 20
====================================================================================================
Epoch:224
Valid RMSE: 3.7293879985809326
EarlyStopping counter: 4 out of 20
====================================================================================================
Epoch:225
Valid RMSE: 3.727311849594116
EarlyStopping counter: 5 out of 20
====================================================================================================
Epoch:226
Valid RMSE: 3.71036958694458
EarlyStopping counter: 6 out of 20
====================================================================================================
Epoch:227
Valid RMSE: 3.742405891418457
EarlyStopping counter: 7 out of 20
====================================================================================================
Epoch:228
Valid RMSE: 3.737703561782837
EarlyStopping counter: 8 out of 20
====================================================================================================
Epoch:229
Valid RMSE: 3.7911579608917236
EarlyStopping counter: 9 out of 20
====================================================================================================
Epoch:230
Valid RMSE: 3.698878288269043
EarlyStopping counter: 10 out of 20
====================================================================================================
Epoch:231
Valid RMSE: 3.706491231918335
EarlyStopping counter: 11 out of 20
====================================================================================================
Epoch:232
Valid RMSE: 3.7058682441711426
EarlyStopping counter: 12 out of 20
====================================================================================================
Epoch:233
Valid RMSE: 3.7250802516937256
EarlyStopping counter: 13 out of 20
====================================================================================================
Epoch:234
Valid RMSE: 3.7411680221557617
EarlyStopping counter: 14 out of 20
====================================================================================================
Epoch:235
Valid RMSE: 3.7082901000976562
EarlyStopping counter: 15 out of 20
====================================================================================================
Epoch:236
Valid RMSE: 3.699676513671875
EarlyStopping counter: 16 out of 20
====================================================================================================
Epoch:237
Valid RMSE: 3.703312397003174
EarlyStopping counter: 17 out of 20
====================================================================================================
Epoch:238
Valid RMSE: 3.7482380867004395
EarlyStopping counter: 18 out of 20
====================================================================================================
Epoch:239
Valid RMSE: 3.720798969268799
EarlyStopping counter: 19 out of 20
====================================================================================================
Epoch:240
Valid RMSE: 3.7254230976104736
EarlyStopping counter: 20 out of 20
Early stopping
torch.Size([1728, 1, 524, 6])
torch.Size([1728, 1, 524, 6])
torch.Size([1728, 1, 524, 6])
==================================================  Testing  ==================================================
predict shape:  (576, 524, 6)
MAE: 2.518 RMSE: 3.664 MAPE: 11.403
Spend Time: 3365.3129868507385
