torch.Size([1728, 1, 524, 6])
torch.Size([1728, 1, 524, 6])
torch.Size([1728, 1, 524, 6])
==================================================  Training  ==================================================
Epoch:0
Valid RMSE: 8.451974868774414
====================================================================================================
Epoch:1
Valid RMSE: 5.929297924041748
====================================================================================================
Epoch:2
Valid RMSE: 4.809424877166748
====================================================================================================
Epoch:3
Valid RMSE: 4.705104351043701
====================================================================================================
Epoch:4
Valid RMSE: 4.590806484222412
====================================================================================================
Epoch:5
Valid RMSE: 4.620267391204834
EarlyStopping counter: 1 out of 20
====================================================================================================
Epoch:6
Valid RMSE: 4.550271987915039
====================================================================================================
Epoch:7
Valid RMSE: 4.535956382751465
====================================================================================================
Epoch:8
Valid RMSE: 4.488648891448975
====================================================================================================
Epoch:9
Valid RMSE: 4.487086772918701
====================================================================================================
Epoch:10
Valid RMSE: 4.466463088989258
====================================================================================================
Epoch:11
Valid RMSE: 4.404634475708008
====================================================================================================
Epoch:12
Valid RMSE: 4.395266532897949
====================================================================================================
Epoch:13
Valid RMSE: 4.392339706420898
====================================================================================================
Epoch:14
Valid RMSE: 4.304047107696533
====================================================================================================
Epoch:15
Valid RMSE: 4.325572490692139
EarlyStopping counter: 1 out of 20
====================================================================================================
Epoch:16
Valid RMSE: 4.263576507568359
====================================================================================================
Epoch:17
Valid RMSE: 4.2318620681762695
====================================================================================================
Epoch:18
Valid RMSE: 4.243592739105225
EarlyStopping counter: 1 out of 20
====================================================================================================
Epoch:19
Valid RMSE: 4.206997871398926
====================================================================================================
Epoch:20
Valid RMSE: 4.187027931213379
====================================================================================================
Epoch:21
Valid RMSE: 4.186013698577881
====================================================================================================
Epoch:22
Valid RMSE: 4.154088020324707
====================================================================================================
Epoch:23
Valid RMSE: 4.150627613067627
====================================================================================================
Epoch:24
Valid RMSE: 4.160906791687012
EarlyStopping counter: 1 out of 20
====================================================================================================
Epoch:25
Valid RMSE: 4.1360063552856445
====================================================================================================
Epoch:26
Valid RMSE: 4.128469467163086
====================================================================================================
Epoch:27
Valid RMSE: 4.099040985107422
====================================================================================================
Epoch:28
Valid RMSE: 4.094144344329834
====================================================================================================
Epoch:29
Valid RMSE: 4.088907241821289
====================================================================================================
Epoch:30
Valid RMSE: 4.100309371948242
EarlyStopping counter: 1 out of 20
====================================================================================================
Epoch:31
Valid RMSE: 4.073027610778809
====================================================================================================
Epoch:32
Valid RMSE: 4.0882744789123535
EarlyStopping counter: 1 out of 20
====================================================================================================
Epoch:33
Valid RMSE: 4.0449347496032715
====================================================================================================
Epoch:34
Valid RMSE: 4.061596393585205
EarlyStopping counter: 1 out of 20
====================================================================================================
Epoch:35
Valid RMSE: 4.052910327911377
EarlyStopping counter: 2 out of 20
====================================================================================================
Epoch:36
Valid RMSE: 4.030266284942627
====================================================================================================
Epoch:37
Valid RMSE: 4.019032001495361
====================================================================================================
Epoch:38
Valid RMSE: 4.0331034660339355
EarlyStopping counter: 1 out of 20
====================================================================================================
Epoch:39
Valid RMSE: 4.018774032592773
====================================================================================================
Epoch:40
Valid RMSE: 4.006531715393066
====================================================================================================
Epoch:41
Valid RMSE: 3.990422487258911
====================================================================================================
Epoch:42
Valid RMSE: 4.006349086761475
EarlyStopping counter: 1 out of 20
====================================================================================================
Epoch:43
Valid RMSE: 3.9861459732055664
====================================================================================================
Epoch:44
Valid RMSE: 4.045924663543701
EarlyStopping counter: 1 out of 20
====================================================================================================
Epoch:45
Valid RMSE: 3.9739766120910645
====================================================================================================
Epoch:46
Valid RMSE: 3.978149890899658
EarlyStopping counter: 1 out of 20
====================================================================================================
Epoch:47
Valid RMSE: 3.974818229675293
EarlyStopping counter: 2 out of 20
====================================================================================================
Epoch:48
Valid RMSE: 3.9805052280426025
EarlyStopping counter: 3 out of 20
====================================================================================================
Epoch:49
Valid RMSE: 3.9649837017059326
====================================================================================================
Epoch:50
Valid RMSE: 3.965144157409668
EarlyStopping counter: 1 out of 20
====================================================================================================
Epoch:51
Valid RMSE: 3.9491381645202637
====================================================================================================
Epoch:52
Valid RMSE: 3.9443295001983643
====================================================================================================
Epoch:53
Valid RMSE: 3.943186044692993
====================================================================================================
Epoch:54
Valid RMSE: 3.954129219055176
EarlyStopping counter: 1 out of 20
====================================================================================================
Epoch:55
Valid RMSE: 3.9217169284820557
====================================================================================================
Epoch:56
Valid RMSE: 3.9263525009155273
EarlyStopping counter: 1 out of 20
====================================================================================================
Epoch:57
Valid RMSE: 3.9359147548675537
EarlyStopping counter: 2 out of 20
====================================================================================================
Epoch:58
Valid RMSE: 4.016115188598633
EarlyStopping counter: 3 out of 20
====================================================================================================
Epoch:59
Valid RMSE: 3.9215991497039795
====================================================================================================
Epoch:60
Valid RMSE: 3.951174736022949
EarlyStopping counter: 1 out of 20
====================================================================================================
Epoch:61
Valid RMSE: 3.9227426052093506
EarlyStopping counter: 2 out of 20
====================================================================================================
Epoch:62
Valid RMSE: 3.9421818256378174
EarlyStopping counter: 3 out of 20
====================================================================================================
Epoch:63
Valid RMSE: 3.9169375896453857
====================================================================================================
Epoch:64
Valid RMSE: 3.931291341781616
EarlyStopping counter: 1 out of 20
====================================================================================================
Epoch:65
Valid RMSE: 3.9140799045562744
====================================================================================================
Epoch:66
Valid RMSE: 3.907445192337036
====================================================================================================
Epoch:67
Valid RMSE: 3.938098430633545
EarlyStopping counter: 1 out of 20
====================================================================================================
Epoch:68
Valid RMSE: 3.9026615619659424
====================================================================================================
Epoch:69
Valid RMSE: 3.8933863639831543
====================================================================================================
Epoch:70
Valid RMSE: 3.893341541290283
====================================================================================================
Epoch:71
Valid RMSE: 3.8842709064483643
====================================================================================================
Epoch:72
Valid RMSE: 3.8947629928588867
EarlyStopping counter: 1 out of 20
====================================================================================================
Epoch:73
Valid RMSE: 3.8762407302856445
====================================================================================================
Epoch:74
Valid RMSE: 3.8693389892578125
====================================================================================================
Epoch:75
Valid RMSE: 3.879593849182129
EarlyStopping counter: 1 out of 20
====================================================================================================
Epoch:76
Valid RMSE: 3.885460376739502
EarlyStopping counter: 2 out of 20
====================================================================================================
Epoch:77
Valid RMSE: 3.872668743133545
EarlyStopping counter: 3 out of 20
====================================================================================================
Epoch:78
Valid RMSE: 3.864826202392578
====================================================================================================
Epoch:79
Valid RMSE: 3.878509044647217
EarlyStopping counter: 1 out of 20
====================================================================================================
Epoch:80
Valid RMSE: 3.868586540222168
EarlyStopping counter: 2 out of 20
====================================================================================================
Epoch:81
Valid RMSE: 3.870778799057007
EarlyStopping counter: 3 out of 20
====================================================================================================
Epoch:82
Valid RMSE: 3.872952699661255
EarlyStopping counter: 4 out of 20
====================================================================================================
Epoch:83
Valid RMSE: 3.878401756286621
EarlyStopping counter: 5 out of 20
====================================================================================================
Epoch:84
Valid RMSE: 3.8451647758483887
====================================================================================================
Epoch:85
Valid RMSE: 3.865078926086426
EarlyStopping counter: 1 out of 20
====================================================================================================
Epoch:86
Valid RMSE: 3.8537189960479736
EarlyStopping counter: 2 out of 20
====================================================================================================
Epoch:87
Valid RMSE: 3.84720516204834
EarlyStopping counter: 3 out of 20
====================================================================================================
Epoch:88
Valid RMSE: 3.868886709213257
EarlyStopping counter: 4 out of 20
====================================================================================================
Epoch:89
Valid RMSE: 3.8401527404785156
====================================================================================================
Epoch:90
Valid RMSE: 3.8691799640655518
EarlyStopping counter: 1 out of 20
====================================================================================================
Epoch:91
Valid RMSE: 3.868868589401245
EarlyStopping counter: 2 out of 20
====================================================================================================
Epoch:92
Valid RMSE: 3.8234148025512695
====================================================================================================
Epoch:93
Valid RMSE: 3.8842992782592773
EarlyStopping counter: 1 out of 20
====================================================================================================
Epoch:94
Valid RMSE: 3.8425254821777344
EarlyStopping counter: 2 out of 20
====================================================================================================
Epoch:95
Valid RMSE: 3.8231489658355713
====================================================================================================
Epoch:96
Valid RMSE: 3.82230544090271
====================================================================================================
Epoch:97
Valid RMSE: 3.825390338897705
EarlyStopping counter: 1 out of 20
====================================================================================================
Epoch:98
Valid RMSE: 3.8320677280426025
EarlyStopping counter: 2 out of 20
====================================================================================================
Epoch:99
Valid RMSE: 3.8526082038879395
EarlyStopping counter: 3 out of 20
====================================================================================================
Epoch:100
Valid RMSE: 3.8250367641448975
EarlyStopping counter: 4 out of 20
====================================================================================================
Epoch:101
Valid RMSE: 3.8105592727661133
====================================================================================================
Epoch:102
Valid RMSE: 3.828702688217163
EarlyStopping counter: 1 out of 20
====================================================================================================
Epoch:103
Valid RMSE: 3.822687864303589
EarlyStopping counter: 2 out of 20
====================================================================================================
Epoch:104
Valid RMSE: 3.8624491691589355
EarlyStopping counter: 3 out of 20
====================================================================================================
Epoch:105
Valid RMSE: 3.844038724899292
EarlyStopping counter: 4 out of 20
====================================================================================================
Epoch:106
Valid RMSE: 3.840073823928833
EarlyStopping counter: 5 out of 20
====================================================================================================
Epoch:107
Valid RMSE: 3.858106851577759
EarlyStopping counter: 6 out of 20
====================================================================================================
Epoch:108
Valid RMSE: 3.854985475540161
EarlyStopping counter: 7 out of 20
====================================================================================================
Epoch:109
Valid RMSE: 3.7885754108428955
====================================================================================================
Epoch:110
Valid RMSE: 3.8308486938476562
EarlyStopping counter: 1 out of 20
====================================================================================================
Epoch:111
Valid RMSE: 3.8121752738952637
EarlyStopping counter: 2 out of 20
====================================================================================================
Epoch:112
Valid RMSE: 3.8514561653137207
EarlyStopping counter: 3 out of 20
====================================================================================================
Epoch:113
Valid RMSE: 3.8037099838256836
EarlyStopping counter: 4 out of 20
====================================================================================================
Epoch:114
Valid RMSE: 3.8067212104797363
EarlyStopping counter: 5 out of 20
====================================================================================================
Epoch:115
Valid RMSE: 3.8142788410186768
EarlyStopping counter: 6 out of 20
====================================================================================================
Epoch:116
Valid RMSE: 3.8612277507781982
EarlyStopping counter: 7 out of 20
====================================================================================================
Epoch:117
Valid RMSE: 3.830565929412842
EarlyStopping counter: 8 out of 20
====================================================================================================
Epoch:118
Valid RMSE: 3.795931100845337
EarlyStopping counter: 9 out of 20
====================================================================================================
Epoch:119
Valid RMSE: 3.818281412124634
EarlyStopping counter: 10 out of 20
====================================================================================================
Epoch:120
Valid RMSE: 3.8193445205688477
EarlyStopping counter: 11 out of 20
====================================================================================================
Epoch:121
Valid RMSE: 3.8022100925445557
EarlyStopping counter: 12 out of 20
====================================================================================================
Epoch:122
Valid RMSE: 3.8693227767944336
EarlyStopping counter: 13 out of 20
====================================================================================================
Epoch:123
Valid RMSE: 3.79425048828125
EarlyStopping counter: 14 out of 20
====================================================================================================
Epoch:124
Valid RMSE: 3.8207004070281982
EarlyStopping counter: 15 out of 20
====================================================================================================
Epoch:125
Valid RMSE: 3.7935829162597656
EarlyStopping counter: 16 out of 20
====================================================================================================
Epoch:126
Valid RMSE: 3.8092384338378906
EarlyStopping counter: 17 out of 20
====================================================================================================
Epoch:127
Valid RMSE: 3.843661308288574
EarlyStopping counter: 18 out of 20
====================================================================================================
Epoch:128
Valid RMSE: 3.859201192855835
EarlyStopping counter: 19 out of 20
====================================================================================================
Epoch:129
Valid RMSE: 3.8019044399261475
EarlyStopping counter: 20 out of 20
Early stopping
torch.Size([1728, 1, 524, 6])
torch.Size([1728, 1, 524, 6])
torch.Size([1728, 1, 524, 6])
==================================================  Testing  ==================================================
predict shape:  (576, 524, 6)
MAE: 2.564 RMSE: 3.747 MAPE: 11.672
Spend Time: 1657.222267150879
