torch.Size([1999, 1, 207, 12])
torch.Size([1999, 1, 207, 12])
torch.Size([1999, 1, 207, 12])
==================================================  Training  ==================================================
Epoch:0
Valid RMSE: 16.11408233642578
====================================================================================================
Epoch:1
Valid RMSE: 15.946712493896484
====================================================================================================
Epoch:2
Valid RMSE: 15.743708610534668
====================================================================================================
Epoch:3
Valid RMSE: 15.285096168518066
====================================================================================================
Epoch:4
Valid RMSE: 14.665632247924805
====================================================================================================
Epoch:5
Valid RMSE: 14.19746208190918
====================================================================================================
Epoch:6
Valid RMSE: 13.895570755004883
====================================================================================================
Epoch:7
Valid RMSE: 13.646964073181152
====================================================================================================
Epoch:8
Valid RMSE: 13.347604751586914
====================================================================================================
Epoch:9
Valid RMSE: 13.115817070007324
====================================================================================================
Epoch:10
Valid RMSE: 12.960350036621094
====================================================================================================
Epoch:11
Valid RMSE: 12.87038803100586
====================================================================================================
Epoch:12
Valid RMSE: 12.684358596801758
====================================================================================================
Epoch:13
Valid RMSE: 12.618711471557617
====================================================================================================
Epoch:14
Valid RMSE: 12.52730941772461
====================================================================================================
Epoch:15
Valid RMSE: 12.5073881149292
====================================================================================================
Epoch:16
Valid RMSE: 12.408540725708008
====================================================================================================
Epoch:17
Valid RMSE: 12.38951301574707
====================================================================================================
Epoch:18
Valid RMSE: 12.284835815429688
====================================================================================================
Epoch:19
Valid RMSE: 12.336469650268555
EarlyStopping counter: 1 out of 20
====================================================================================================
Epoch:20
Valid RMSE: 12.231191635131836
====================================================================================================
Epoch:21
Valid RMSE: 12.193109512329102
====================================================================================================
Epoch:22
Valid RMSE: 12.214831352233887
EarlyStopping counter: 1 out of 20
====================================================================================================
Epoch:23
Valid RMSE: 12.127138137817383
====================================================================================================
Epoch:24
Valid RMSE: 12.086265563964844
====================================================================================================
Epoch:25
Valid RMSE: 12.106966018676758
EarlyStopping counter: 1 out of 20
====================================================================================================
Epoch:26
Valid RMSE: 12.071943283081055
====================================================================================================
Epoch:27
Valid RMSE: 12.050210952758789
====================================================================================================
Epoch:28
Valid RMSE: 12.030506134033203
====================================================================================================
Epoch:29
Valid RMSE: 12.052449226379395
EarlyStopping counter: 1 out of 20
====================================================================================================
Epoch:30
Valid RMSE: 12.086922645568848
EarlyStopping counter: 2 out of 20
====================================================================================================
Epoch:31
Valid RMSE: 12.02029800415039
====================================================================================================
Epoch:32
Valid RMSE: 11.970976829528809
====================================================================================================
Epoch:33
Valid RMSE: 11.943466186523438
====================================================================================================
Epoch:34
Valid RMSE: 11.832687377929688
====================================================================================================
Epoch:35
Valid RMSE: 11.913610458374023
EarlyStopping counter: 1 out of 20
====================================================================================================
Epoch:36
Valid RMSE: 11.958831787109375
EarlyStopping counter: 2 out of 20
====================================================================================================
Epoch:37
Valid RMSE: 11.82297134399414
====================================================================================================
Epoch:38
Valid RMSE: 11.82431697845459
EarlyStopping counter: 1 out of 20
====================================================================================================
Epoch:39
Valid RMSE: 11.877915382385254
EarlyStopping counter: 2 out of 20
====================================================================================================
Epoch:40
Valid RMSE: 11.79375171661377
====================================================================================================
Epoch:41
Valid RMSE: 11.787595748901367
====================================================================================================
Epoch:42
Valid RMSE: 11.743456840515137
====================================================================================================
Epoch:43
Valid RMSE: 11.80230712890625
EarlyStopping counter: 1 out of 20
====================================================================================================
Epoch:44
Valid RMSE: 11.71640396118164
====================================================================================================
Epoch:45
Valid RMSE: 11.682987213134766
====================================================================================================
Epoch:46
Valid RMSE: 11.660392761230469
====================================================================================================
Epoch:47
Valid RMSE: 11.59231185913086
====================================================================================================
Epoch:48
Valid RMSE: 11.634973526000977
EarlyStopping counter: 1 out of 20
====================================================================================================
Epoch:49
Valid RMSE: 11.602130889892578
EarlyStopping counter: 2 out of 20
====================================================================================================
Epoch:50
Valid RMSE: 11.575727462768555
====================================================================================================
Epoch:51
Valid RMSE: 11.529642105102539
====================================================================================================
Epoch:52
Valid RMSE: 11.556286811828613
EarlyStopping counter: 1 out of 20
====================================================================================================
Epoch:53
Valid RMSE: 11.552311897277832
EarlyStopping counter: 2 out of 20
====================================================================================================
Epoch:54
Valid RMSE: 11.515277862548828
====================================================================================================
Epoch:55
Valid RMSE: 11.60368537902832
EarlyStopping counter: 1 out of 20
====================================================================================================
Epoch:56
Valid RMSE: 11.485628128051758
====================================================================================================
Epoch:57
Valid RMSE: 11.42714786529541
====================================================================================================
Epoch:58
Valid RMSE: 11.448141098022461
EarlyStopping counter: 1 out of 20
====================================================================================================
Epoch:59
Valid RMSE: 11.44839859008789
EarlyStopping counter: 2 out of 20
====================================================================================================
Epoch:60
Valid RMSE: 11.42889404296875
EarlyStopping counter: 3 out of 20
====================================================================================================
Epoch:61
Valid RMSE: 11.426448822021484
====================================================================================================
Epoch:62
Valid RMSE: 11.455080032348633
EarlyStopping counter: 1 out of 20
====================================================================================================
Epoch:63
Valid RMSE: 11.420839309692383
====================================================================================================
Epoch:64
Valid RMSE: 11.349221229553223
====================================================================================================
Epoch:65
Valid RMSE: 11.36601448059082
EarlyStopping counter: 1 out of 20
====================================================================================================
Epoch:66
Valid RMSE: 11.327086448669434
====================================================================================================
Epoch:67
Valid RMSE: 11.252481460571289
====================================================================================================
Epoch:68
Valid RMSE: 11.334451675415039
EarlyStopping counter: 1 out of 20
====================================================================================================
Epoch:69
Valid RMSE: 11.235435485839844
====================================================================================================
Epoch:70
Valid RMSE: 11.277719497680664
EarlyStopping counter: 1 out of 20
====================================================================================================
Epoch:71
Valid RMSE: 11.269542694091797
EarlyStopping counter: 2 out of 20
====================================================================================================
Epoch:72
Valid RMSE: 11.195365905761719
====================================================================================================
Epoch:73
Valid RMSE: 11.213922500610352
EarlyStopping counter: 1 out of 20
====================================================================================================
Epoch:74
Valid RMSE: 11.160858154296875
====================================================================================================
Epoch:75
Valid RMSE: 11.202272415161133
EarlyStopping counter: 1 out of 20
====================================================================================================
Epoch:76
Valid RMSE: 11.14305305480957
====================================================================================================
Epoch:77
Valid RMSE: 11.185582160949707
EarlyStopping counter: 1 out of 20
====================================================================================================
Epoch:78
Valid RMSE: 11.161731719970703
EarlyStopping counter: 2 out of 20
====================================================================================================
Epoch:79
Valid RMSE: 11.088470458984375
====================================================================================================
Epoch:80
Valid RMSE: 11.121557235717773
EarlyStopping counter: 1 out of 20
====================================================================================================
Epoch:81
Valid RMSE: 11.043500900268555
====================================================================================================
Epoch:82
Valid RMSE: 11.070587158203125
EarlyStopping counter: 1 out of 20
====================================================================================================
Epoch:83
Valid RMSE: 11.146915435791016
EarlyStopping counter: 2 out of 20
====================================================================================================
Epoch:84
Valid RMSE: 11.096353530883789
EarlyStopping counter: 3 out of 20
====================================================================================================
Epoch:85
Valid RMSE: 11.065803527832031
EarlyStopping counter: 4 out of 20
====================================================================================================
Epoch:86
Valid RMSE: 10.987320899963379
====================================================================================================
Epoch:87
Valid RMSE: 10.962510108947754
====================================================================================================
Epoch:88
Valid RMSE: 11.02059555053711
EarlyStopping counter: 1 out of 20
====================================================================================================
Epoch:89
Valid RMSE: 11.026840209960938
EarlyStopping counter: 2 out of 20
====================================================================================================
Epoch:90
Valid RMSE: 11.006393432617188
EarlyStopping counter: 3 out of 20
====================================================================================================
Epoch:91
Valid RMSE: 11.044097900390625
EarlyStopping counter: 4 out of 20
====================================================================================================
Epoch:92
Valid RMSE: 11.138513565063477
EarlyStopping counter: 5 out of 20
====================================================================================================
Epoch:93
Valid RMSE: 10.994728088378906
EarlyStopping counter: 6 out of 20
====================================================================================================
Epoch:94
Valid RMSE: 10.925437927246094
====================================================================================================
Epoch:95
Valid RMSE: 10.980783462524414
EarlyStopping counter: 1 out of 20
====================================================================================================
Epoch:96
Valid RMSE: 10.946928024291992
EarlyStopping counter: 2 out of 20
====================================================================================================
Epoch:97
Valid RMSE: 10.9591064453125
EarlyStopping counter: 3 out of 20
====================================================================================================
Epoch:98
Valid RMSE: 10.949000358581543
EarlyStopping counter: 4 out of 20
====================================================================================================
Epoch:99
Valid RMSE: 10.98196792602539
EarlyStopping counter: 5 out of 20
====================================================================================================
Epoch:100
Valid RMSE: 10.960135459899902
EarlyStopping counter: 6 out of 20
====================================================================================================
Epoch:101
Valid RMSE: 10.928840637207031
EarlyStopping counter: 7 out of 20
====================================================================================================
Epoch:102
Valid RMSE: 10.881871223449707
====================================================================================================
Epoch:103
Valid RMSE: 10.917245864868164
EarlyStopping counter: 1 out of 20
====================================================================================================
Epoch:104
Valid RMSE: 10.892744064331055
EarlyStopping counter: 2 out of 20
====================================================================================================
Epoch:105
Valid RMSE: 10.811565399169922
====================================================================================================
Epoch:106
Valid RMSE: 10.882355690002441
EarlyStopping counter: 1 out of 20
====================================================================================================
Epoch:107
Valid RMSE: 10.881742477416992
EarlyStopping counter: 2 out of 20
====================================================================================================
Epoch:108
Valid RMSE: 10.840456008911133
EarlyStopping counter: 3 out of 20
====================================================================================================
Epoch:109
Valid RMSE: 10.933035850524902
EarlyStopping counter: 4 out of 20
====================================================================================================
Epoch:110
Valid RMSE: 10.769994735717773
====================================================================================================
Epoch:111
Valid RMSE: 10.75883674621582
====================================================================================================
Epoch:112
Valid RMSE: 10.794122695922852
EarlyStopping counter: 1 out of 20
====================================================================================================
Epoch:113
Valid RMSE: 10.777737617492676
EarlyStopping counter: 2 out of 20
====================================================================================================
Epoch:114
Valid RMSE: 10.817989349365234
EarlyStopping counter: 3 out of 20
====================================================================================================
Epoch:115
Valid RMSE: 10.826787948608398
EarlyStopping counter: 4 out of 20
====================================================================================================
Epoch:116
Valid RMSE: 10.735881805419922
====================================================================================================
Epoch:117
Valid RMSE: 10.762901306152344
EarlyStopping counter: 1 out of 20
====================================================================================================
Epoch:118
Valid RMSE: 10.747373580932617
EarlyStopping counter: 2 out of 20
====================================================================================================
Epoch:119
Valid RMSE: 10.781803131103516
EarlyStopping counter: 3 out of 20
====================================================================================================
Epoch:120
Valid RMSE: 10.788867950439453
EarlyStopping counter: 4 out of 20
====================================================================================================
Epoch:121
Valid RMSE: 10.784887313842773
EarlyStopping counter: 5 out of 20
====================================================================================================
Epoch:122
Valid RMSE: 10.756145477294922
EarlyStopping counter: 6 out of 20
====================================================================================================
Epoch:123
Valid RMSE: 10.752197265625
EarlyStopping counter: 7 out of 20
====================================================================================================
Epoch:124
Valid RMSE: 10.739484786987305
EarlyStopping counter: 8 out of 20
====================================================================================================
Epoch:125
Valid RMSE: 10.71418571472168
====================================================================================================
Epoch:126
Valid RMSE: 10.680147171020508
====================================================================================================
Epoch:127
Valid RMSE: 10.648826599121094
====================================================================================================
Epoch:128
Valid RMSE: 10.647798538208008
====================================================================================================
Epoch:129
Valid RMSE: 10.682815551757812
EarlyStopping counter: 1 out of 20
====================================================================================================
Epoch:130
Valid RMSE: 10.727359771728516
EarlyStopping counter: 2 out of 20
====================================================================================================
Epoch:131
Valid RMSE: 10.674220085144043
EarlyStopping counter: 3 out of 20
====================================================================================================
Epoch:132
Valid RMSE: 10.635643005371094
====================================================================================================
Epoch:133
Valid RMSE: 10.726264953613281
EarlyStopping counter: 1 out of 20
====================================================================================================
Epoch:134
Valid RMSE: 10.654132843017578
EarlyStopping counter: 2 out of 20
====================================================================================================
Epoch:135
Valid RMSE: 10.657880783081055
EarlyStopping counter: 3 out of 20
====================================================================================================
Epoch:136
Valid RMSE: 10.66091537475586
EarlyStopping counter: 4 out of 20
====================================================================================================
Epoch:137
Valid RMSE: 10.648307800292969
EarlyStopping counter: 5 out of 20
====================================================================================================
Epoch:138
Valid RMSE: 10.623634338378906
====================================================================================================
Epoch:139
Valid RMSE: 10.588737487792969
====================================================================================================
Epoch:140
Valid RMSE: 10.57303524017334
====================================================================================================
Epoch:141
Valid RMSE: 10.665006637573242
EarlyStopping counter: 1 out of 20
====================================================================================================
Epoch:142
Valid RMSE: 10.599384307861328
EarlyStopping counter: 2 out of 20
====================================================================================================
Epoch:143
Valid RMSE: 10.622140884399414
EarlyStopping counter: 3 out of 20
====================================================================================================
Epoch:144
Valid RMSE: 10.62557315826416
EarlyStopping counter: 4 out of 20
====================================================================================================
Epoch:145
Valid RMSE: 10.621707916259766
EarlyStopping counter: 5 out of 20
====================================================================================================
Epoch:146
Valid RMSE: 10.589534759521484
EarlyStopping counter: 6 out of 20
====================================================================================================
Epoch:147
Valid RMSE: 10.554479598999023
====================================================================================================
Epoch:148
Valid RMSE: 10.504840850830078
====================================================================================================
Epoch:149
Valid RMSE: 10.496171951293945
====================================================================================================
Epoch:150
Valid RMSE: 10.567571640014648
EarlyStopping counter: 1 out of 20
====================================================================================================
Epoch:151
Valid RMSE: 10.54898452758789
EarlyStopping counter: 2 out of 20
====================================================================================================
Epoch:152
Valid RMSE: 10.472286224365234
====================================================================================================
Epoch:153
Valid RMSE: 10.534337997436523
EarlyStopping counter: 1 out of 20
====================================================================================================
Epoch:154
Valid RMSE: 10.504623413085938
EarlyStopping counter: 2 out of 20
====================================================================================================
Epoch:155
Valid RMSE: 10.509641647338867
EarlyStopping counter: 3 out of 20
====================================================================================================
Epoch:156
Valid RMSE: 10.53858757019043
EarlyStopping counter: 4 out of 20
====================================================================================================
Epoch:157
Valid RMSE: 10.451339721679688
====================================================================================================
Epoch:158
Valid RMSE: 10.472173690795898
EarlyStopping counter: 1 out of 20
====================================================================================================
Epoch:159
Valid RMSE: 10.46423053741455
EarlyStopping counter: 2 out of 20
====================================================================================================
Epoch:160
Valid RMSE: 10.430527687072754
====================================================================================================
Epoch:161
Valid RMSE: 10.444751739501953
EarlyStopping counter: 1 out of 20
====================================================================================================
Epoch:162
Valid RMSE: 10.424467086791992
====================================================================================================
Epoch:163
Valid RMSE: 10.443775177001953
EarlyStopping counter: 1 out of 20
====================================================================================================
Epoch:164
Valid RMSE: 10.508840560913086
EarlyStopping counter: 2 out of 20
====================================================================================================
Epoch:165
Valid RMSE: 10.51504898071289
EarlyStopping counter: 3 out of 20
====================================================================================================
Epoch:166
Valid RMSE: 10.39872932434082
====================================================================================================
Epoch:167
Valid RMSE: 10.450613021850586
EarlyStopping counter: 1 out of 20
====================================================================================================
Epoch:168
Valid RMSE: 10.45761775970459
EarlyStopping counter: 2 out of 20
====================================================================================================
Epoch:169
Valid RMSE: 10.417070388793945
EarlyStopping counter: 3 out of 20
====================================================================================================
Epoch:170
Valid RMSE: 10.456937789916992
EarlyStopping counter: 4 out of 20
====================================================================================================
Epoch:171
Valid RMSE: 10.379705429077148
====================================================================================================
Epoch:172
Valid RMSE: 10.360620498657227
====================================================================================================
Epoch:173
Valid RMSE: 10.40475082397461
EarlyStopping counter: 1 out of 20
====================================================================================================
Epoch:174
Valid RMSE: 10.445201873779297
EarlyStopping counter: 2 out of 20
====================================================================================================
Epoch:175
Valid RMSE: 10.30592155456543
====================================================================================================
Epoch:176
Valid RMSE: 10.3326416015625
EarlyStopping counter: 1 out of 20
====================================================================================================
Epoch:177
Valid RMSE: 10.380008697509766
EarlyStopping counter: 2 out of 20
====================================================================================================
Epoch:178
Valid RMSE: 10.401870727539062
EarlyStopping counter: 3 out of 20
====================================================================================================
Epoch:179
Valid RMSE: 10.432182312011719
EarlyStopping counter: 4 out of 20
====================================================================================================
Epoch:180
Valid RMSE: 10.351570129394531
EarlyStopping counter: 5 out of 20
====================================================================================================
Epoch:181
Valid RMSE: 10.333903312683105
EarlyStopping counter: 6 out of 20
====================================================================================================
Epoch:182
Valid RMSE: 10.399463653564453
EarlyStopping counter: 7 out of 20
====================================================================================================
Epoch:183
Valid RMSE: 10.308177947998047
EarlyStopping counter: 8 out of 20
====================================================================================================
Epoch:184
Valid RMSE: 10.37982177734375
EarlyStopping counter: 9 out of 20
====================================================================================================
Epoch:185
Valid RMSE: 10.319498062133789
EarlyStopping counter: 10 out of 20
====================================================================================================
Epoch:186
Valid RMSE: 10.333833694458008
EarlyStopping counter: 11 out of 20
====================================================================================================
Epoch:187
Valid RMSE: 10.262710571289062
====================================================================================================
Epoch:188
Valid RMSE: 10.255964279174805
====================================================================================================
Epoch:189
Valid RMSE: 10.322437286376953
EarlyStopping counter: 1 out of 20
====================================================================================================
Epoch:190
Valid RMSE: 10.274950981140137
EarlyStopping counter: 2 out of 20
====================================================================================================
Epoch:191
Valid RMSE: 10.245553970336914
====================================================================================================
Epoch:192
Valid RMSE: 10.299088478088379
EarlyStopping counter: 1 out of 20
====================================================================================================
Epoch:193
Valid RMSE: 10.248113632202148
EarlyStopping counter: 2 out of 20
====================================================================================================
Epoch:194
Valid RMSE: 10.323235511779785
EarlyStopping counter: 3 out of 20
====================================================================================================
Epoch:195
Valid RMSE: 10.338104248046875
EarlyStopping counter: 4 out of 20
====================================================================================================
Epoch:196
Valid RMSE: 10.268756866455078
EarlyStopping counter: 5 out of 20
====================================================================================================
Epoch:197
Valid RMSE: 10.246798515319824
EarlyStopping counter: 6 out of 20
====================================================================================================
Epoch:198
Valid RMSE: 10.21847152709961
====================================================================================================
Epoch:199
Valid RMSE: 10.187662124633789
====================================================================================================
Epoch:200
Valid RMSE: 10.298175811767578
EarlyStopping counter: 1 out of 20
====================================================================================================
Epoch:201
Valid RMSE: 10.156500816345215
====================================================================================================
Epoch:202
Valid RMSE: 10.25103759765625
EarlyStopping counter: 1 out of 20
====================================================================================================
Epoch:203
Valid RMSE: 10.236320495605469
EarlyStopping counter: 2 out of 20
====================================================================================================
Epoch:204
Valid RMSE: 10.203030586242676
EarlyStopping counter: 3 out of 20
====================================================================================================
Epoch:205
Valid RMSE: 10.212104797363281
EarlyStopping counter: 4 out of 20
====================================================================================================
Epoch:206
Valid RMSE: 10.217414855957031
EarlyStopping counter: 5 out of 20
====================================================================================================
Epoch:207
Valid RMSE: 10.209277153015137
EarlyStopping counter: 6 out of 20
====================================================================================================
Epoch:208
Valid RMSE: 10.17918586730957
EarlyStopping counter: 7 out of 20
====================================================================================================
Epoch:209
Valid RMSE: 10.252012252807617
EarlyStopping counter: 8 out of 20
====================================================================================================
Epoch:210
Valid RMSE: 10.128782272338867
====================================================================================================
Epoch:211
Valid RMSE: 10.146955490112305
EarlyStopping counter: 1 out of 20
====================================================================================================
Epoch:212
Valid RMSE: 10.140853881835938
EarlyStopping counter: 2 out of 20
====================================================================================================
Epoch:213
Valid RMSE: 10.086997985839844
====================================================================================================
Epoch:214
Valid RMSE: 10.116207122802734
EarlyStopping counter: 1 out of 20
====================================================================================================
Epoch:215
Valid RMSE: 10.114831924438477
EarlyStopping counter: 2 out of 20
====================================================================================================
Epoch:216
Valid RMSE: 10.123429298400879
EarlyStopping counter: 3 out of 20
====================================================================================================
Epoch:217
Valid RMSE: 10.16201400756836
EarlyStopping counter: 4 out of 20
====================================================================================================
Epoch:218
Valid RMSE: 10.093432426452637
EarlyStopping counter: 5 out of 20
====================================================================================================
Epoch:219
Valid RMSE: 10.092011451721191
EarlyStopping counter: 6 out of 20
====================================================================================================
Epoch:220
Valid RMSE: 10.096993446350098
EarlyStopping counter: 7 out of 20
====================================================================================================
Epoch:221
Valid RMSE: 10.109650611877441
EarlyStopping counter: 8 out of 20
====================================================================================================
Epoch:222
Valid RMSE: 10.06728744506836
====================================================================================================
Epoch:223
Valid RMSE: 10.05717945098877
====================================================================================================
Epoch:224
Valid RMSE: 10.059545516967773
EarlyStopping counter: 1 out of 20
====================================================================================================
Epoch:225
Valid RMSE: 10.089241027832031
EarlyStopping counter: 2 out of 20
====================================================================================================
Epoch:226
Valid RMSE: 10.020774841308594
====================================================================================================
Epoch:227
Valid RMSE: 10.093103408813477
EarlyStopping counter: 1 out of 20
====================================================================================================
Epoch:228
Valid RMSE: 10.07240104675293
EarlyStopping counter: 2 out of 20
====================================================================================================
Epoch:229
Valid RMSE: 10.062911033630371
EarlyStopping counter: 3 out of 20
====================================================================================================
Epoch:230
Valid RMSE: 10.003175735473633
====================================================================================================
Epoch:231
Valid RMSE: 10.152238845825195
EarlyStopping counter: 1 out of 20
====================================================================================================
Epoch:232
Valid RMSE: 9.999326705932617
====================================================================================================
Epoch:233
Valid RMSE: 10.04343032836914
EarlyStopping counter: 1 out of 20
====================================================================================================
Epoch:234
Valid RMSE: 10.00262451171875
EarlyStopping counter: 2 out of 20
====================================================================================================
Epoch:235
Valid RMSE: 10.093605995178223
EarlyStopping counter: 3 out of 20
====================================================================================================
Epoch:236
Valid RMSE: 10.015728950500488
EarlyStopping counter: 4 out of 20
====================================================================================================
Epoch:237
Valid RMSE: 9.96125316619873
====================================================================================================
Epoch:238
Valid RMSE: 9.946901321411133
====================================================================================================
Epoch:239
Valid RMSE: 9.998170852661133
EarlyStopping counter: 1 out of 20
====================================================================================================
Epoch:240
Valid RMSE: 9.941904067993164
====================================================================================================
Epoch:241
Valid RMSE: 9.959686279296875
EarlyStopping counter: 1 out of 20
====================================================================================================
Epoch:242
Valid RMSE: 9.949665069580078
EarlyStopping counter: 2 out of 20
====================================================================================================
Epoch:243
Valid RMSE: 9.936267852783203
====================================================================================================
Epoch:244
Valid RMSE: 9.97768783569336
EarlyStopping counter: 1 out of 20
====================================================================================================
Epoch:245
Valid RMSE: 10.001872062683105
EarlyStopping counter: 2 out of 20
====================================================================================================
Epoch:246
Valid RMSE: 9.979888916015625
EarlyStopping counter: 3 out of 20
====================================================================================================
Epoch:247
Valid RMSE: 9.96247673034668
EarlyStopping counter: 4 out of 20
====================================================================================================
Epoch:248
Valid RMSE: 9.928053855895996
====================================================================================================
Epoch:249
Valid RMSE: 9.96699333190918
EarlyStopping counter: 1 out of 20
====================================================================================================
Epoch:250
Valid RMSE: 9.95269775390625
EarlyStopping counter: 2 out of 20
====================================================================================================
Epoch:251
Valid RMSE: 9.88088607788086
====================================================================================================
Epoch:252
Valid RMSE: 9.956287384033203
EarlyStopping counter: 1 out of 20
====================================================================================================
Epoch:253
Valid RMSE: 9.975736618041992
EarlyStopping counter: 2 out of 20
====================================================================================================
Epoch:254
Valid RMSE: 9.883279800415039
EarlyStopping counter: 3 out of 20
====================================================================================================
Epoch:255
Valid RMSE: 9.894959449768066
EarlyStopping counter: 4 out of 20
====================================================================================================
Epoch:256
Valid RMSE: 9.98431396484375
EarlyStopping counter: 5 out of 20
====================================================================================================
Epoch:257
Valid RMSE: 9.926401138305664
EarlyStopping counter: 6 out of 20
====================================================================================================
Epoch:258
Valid RMSE: 9.885359764099121
EarlyStopping counter: 7 out of 20
====================================================================================================
Epoch:259
Valid RMSE: 9.957801818847656
EarlyStopping counter: 8 out of 20
====================================================================================================
Epoch:260
Valid RMSE: 9.842290878295898
====================================================================================================
Epoch:261
Valid RMSE: 9.933545112609863
EarlyStopping counter: 1 out of 20
====================================================================================================
Epoch:262
Valid RMSE: 9.83922290802002
====================================================================================================
Epoch:263
Valid RMSE: 9.873872756958008
EarlyStopping counter: 1 out of 20
====================================================================================================
Epoch:264
Valid RMSE: 9.86413860321045
EarlyStopping counter: 2 out of 20
====================================================================================================
Epoch:265
Valid RMSE: 9.813719749450684
====================================================================================================
Epoch:266
Valid RMSE: 9.825984001159668
EarlyStopping counter: 1 out of 20
====================================================================================================
Epoch:267
Valid RMSE: 9.875654220581055
EarlyStopping counter: 2 out of 20
====================================================================================================
Epoch:268
Valid RMSE: 9.807845115661621
====================================================================================================
Epoch:269
Valid RMSE: 9.79183578491211
====================================================================================================
Epoch:270
Valid RMSE: 9.803060531616211
EarlyStopping counter: 1 out of 20
====================================================================================================
Epoch:271
Valid RMSE: 9.788762092590332
====================================================================================================
Epoch:272
Valid RMSE: 9.789645195007324
EarlyStopping counter: 1 out of 20
====================================================================================================
Epoch:273
Valid RMSE: 9.82607650756836
EarlyStopping counter: 2 out of 20
====================================================================================================
Epoch:274
Valid RMSE: 9.781662940979004
====================================================================================================
Epoch:275
Valid RMSE: 9.769705772399902
====================================================================================================
Epoch:276
Valid RMSE: 9.74040412902832
====================================================================================================
Epoch:277
Valid RMSE: 9.815338134765625
EarlyStopping counter: 1 out of 20
====================================================================================================
Epoch:278
Valid RMSE: 9.75558853149414
EarlyStopping counter: 2 out of 20
====================================================================================================
Epoch:279
Valid RMSE: 9.791515350341797
EarlyStopping counter: 3 out of 20
====================================================================================================
Epoch:280
Valid RMSE: 9.776140213012695
EarlyStopping counter: 4 out of 20
====================================================================================================
Epoch:281
Valid RMSE: 9.720844268798828
====================================================================================================
Epoch:282
Valid RMSE: 9.728851318359375
EarlyStopping counter: 1 out of 20
====================================================================================================
Epoch:283
Valid RMSE: 9.737438201904297
EarlyStopping counter: 2 out of 20
====================================================================================================
Epoch:284
Valid RMSE: 9.701906204223633
====================================================================================================
Epoch:285
Valid RMSE: 9.743550300598145
EarlyStopping counter: 1 out of 20
====================================================================================================
Epoch:286
Valid RMSE: 9.743926048278809
EarlyStopping counter: 2 out of 20
====================================================================================================
Epoch:287
Valid RMSE: 9.696796417236328
====================================================================================================
Epoch:288
Valid RMSE: 9.726080894470215
EarlyStopping counter: 1 out of 20
====================================================================================================
Epoch:289
Valid RMSE: 9.697722434997559
EarlyStopping counter: 2 out of 20
====================================================================================================
Epoch:290
Valid RMSE: 9.694271087646484
====================================================================================================
Epoch:291
Valid RMSE: 9.761445999145508
EarlyStopping counter: 1 out of 20
====================================================================================================
Epoch:292
Valid RMSE: 9.69176959991455
====================================================================================================
Epoch:293
Valid RMSE: 9.690150260925293
====================================================================================================
Epoch:294
Valid RMSE: 9.699211120605469
EarlyStopping counter: 1 out of 20
====================================================================================================
Epoch:295
Valid RMSE: 9.691624641418457
EarlyStopping counter: 2 out of 20
====================================================================================================
Epoch:296
Valid RMSE: 9.676445007324219
====================================================================================================
Epoch:297
Valid RMSE: 9.692546844482422
EarlyStopping counter: 1 out of 20
====================================================================================================
Epoch:298
Valid RMSE: 9.645837783813477
====================================================================================================
Epoch:299
Valid RMSE: 9.64947509765625
EarlyStopping counter: 1 out of 20
====================================================================================================
Epoch:300
Valid RMSE: 9.650245666503906
EarlyStopping counter: 2 out of 20
====================================================================================================
Epoch:301
Valid RMSE: 9.629499435424805
====================================================================================================
Epoch:302
Valid RMSE: 9.602248191833496
====================================================================================================
Epoch:303
Valid RMSE: 9.644187927246094
EarlyStopping counter: 1 out of 20
====================================================================================================
Epoch:304
Valid RMSE: 9.618267059326172
EarlyStopping counter: 2 out of 20
====================================================================================================
Epoch:305
Valid RMSE: 9.662798881530762
EarlyStopping counter: 3 out of 20
====================================================================================================
Epoch:306
Valid RMSE: 9.740476608276367
EarlyStopping counter: 4 out of 20
====================================================================================================
Epoch:307
Valid RMSE: 9.57689094543457
====================================================================================================
Epoch:308
Valid RMSE: 9.613037109375
EarlyStopping counter: 1 out of 20
====================================================================================================
Epoch:309
Valid RMSE: 9.625203132629395
EarlyStopping counter: 2 out of 20
====================================================================================================
Epoch:310
Valid RMSE: 9.6050386428833
EarlyStopping counter: 3 out of 20
====================================================================================================
Epoch:311
Valid RMSE: 9.636540412902832
EarlyStopping counter: 4 out of 20
====================================================================================================
Epoch:312
Valid RMSE: 9.566133499145508
====================================================================================================
Epoch:313
Valid RMSE: 9.568946838378906
EarlyStopping counter: 1 out of 20
====================================================================================================
Epoch:314
Valid RMSE: 9.6368408203125
EarlyStopping counter: 2 out of 20
====================================================================================================
Epoch:315
Valid RMSE: 9.637564659118652
EarlyStopping counter: 3 out of 20
====================================================================================================
Epoch:316
Valid RMSE: 9.570783615112305
EarlyStopping counter: 4 out of 20
====================================================================================================
Epoch:317
Valid RMSE: 9.622919082641602
EarlyStopping counter: 5 out of 20
====================================================================================================
Epoch:318
Valid RMSE: 9.58296012878418
EarlyStopping counter: 6 out of 20
====================================================================================================
Epoch:319
Valid RMSE: 9.521806716918945
====================================================================================================
Epoch:320
Valid RMSE: 9.551441192626953
EarlyStopping counter: 1 out of 20
====================================================================================================
Epoch:321
Valid RMSE: 9.545095443725586
EarlyStopping counter: 2 out of 20
====================================================================================================
Epoch:322
Valid RMSE: 9.600101470947266
EarlyStopping counter: 3 out of 20
====================================================================================================
Epoch:323
Valid RMSE: 9.537672996520996
EarlyStopping counter: 4 out of 20
====================================================================================================
Epoch:324
Valid RMSE: 9.577333450317383
EarlyStopping counter: 5 out of 20
====================================================================================================
Epoch:325
Valid RMSE: 9.589179992675781
EarlyStopping counter: 6 out of 20
====================================================================================================
Epoch:326
Valid RMSE: 9.510231018066406
====================================================================================================
Epoch:327
Valid RMSE: 9.523085594177246
EarlyStopping counter: 1 out of 20
====================================================================================================
Epoch:328
Valid RMSE: 9.51115894317627
EarlyStopping counter: 2 out of 20
====================================================================================================
Epoch:329
Valid RMSE: 9.460100173950195
====================================================================================================
Epoch:330
Valid RMSE: 9.471765518188477
EarlyStopping counter: 1 out of 20
====================================================================================================
Epoch:331
Valid RMSE: 9.584660530090332
EarlyStopping counter: 2 out of 20
====================================================================================================
Epoch:332
Valid RMSE: 9.531912803649902
EarlyStopping counter: 3 out of 20
====================================================================================================
Epoch:333
Valid RMSE: 9.450667381286621
====================================================================================================
Epoch:334
Valid RMSE: 9.578500747680664
EarlyStopping counter: 1 out of 20
====================================================================================================
Epoch:335
Valid RMSE: 9.554671287536621
EarlyStopping counter: 2 out of 20
====================================================================================================
Epoch:336
Valid RMSE: 9.522726058959961
EarlyStopping counter: 3 out of 20
====================================================================================================
Epoch:337
Valid RMSE: 9.444648742675781
====================================================================================================
Epoch:338
Valid RMSE: 9.483055114746094
EarlyStopping counter: 1 out of 20
====================================================================================================
Epoch:339
Valid RMSE: 9.561271667480469
EarlyStopping counter: 2 out of 20
====================================================================================================
Epoch:340
Valid RMSE: 9.458471298217773
EarlyStopping counter: 3 out of 20
====================================================================================================
Epoch:341
Valid RMSE: 9.448619842529297
EarlyStopping counter: 4 out of 20
====================================================================================================
Epoch:342
Valid RMSE: 9.509688377380371
EarlyStopping counter: 5 out of 20
====================================================================================================
Epoch:343
Valid RMSE: 9.45791244506836
EarlyStopping counter: 6 out of 20
====================================================================================================
Epoch:344
Valid RMSE: 9.418546676635742
====================================================================================================
Epoch:345
Valid RMSE: 9.48843002319336
EarlyStopping counter: 1 out of 20
====================================================================================================
Epoch:346
Valid RMSE: 9.420164108276367
EarlyStopping counter: 2 out of 20
====================================================================================================
Epoch:347
Valid RMSE: 9.42147445678711
EarlyStopping counter: 3 out of 20
====================================================================================================
Epoch:348
Valid RMSE: 9.457662582397461
EarlyStopping counter: 4 out of 20
====================================================================================================
Epoch:349
Valid RMSE: 9.450956344604492
EarlyStopping counter: 5 out of 20
====================================================================================================
Epoch:350
Valid RMSE: 9.392087936401367
====================================================================================================
Epoch:351
Valid RMSE: 9.432137489318848
EarlyStopping counter: 1 out of 20
====================================================================================================
Epoch:352
Valid RMSE: 9.403122901916504
EarlyStopping counter: 2 out of 20
====================================================================================================
Epoch:353
Valid RMSE: 9.394275665283203
EarlyStopping counter: 3 out of 20
====================================================================================================
Epoch:354
Valid RMSE: 9.419313430786133
EarlyStopping counter: 4 out of 20
====================================================================================================
Epoch:355
Valid RMSE: 9.390419006347656
====================================================================================================
Epoch:356
Valid RMSE: 9.425735473632812
EarlyStopping counter: 1 out of 20
====================================================================================================
Epoch:357
Valid RMSE: 9.364110946655273
====================================================================================================
Epoch:358
Valid RMSE: 9.322671890258789
====================================================================================================
Epoch:359
Valid RMSE: 9.382171630859375
EarlyStopping counter: 1 out of 20
====================================================================================================
Epoch:360
Valid RMSE: 9.355107307434082
EarlyStopping counter: 2 out of 20
====================================================================================================
Epoch:361
Valid RMSE: 9.451286315917969
EarlyStopping counter: 3 out of 20
====================================================================================================
Epoch:362
Valid RMSE: 9.363848686218262
EarlyStopping counter: 4 out of 20
====================================================================================================
Epoch:363
Valid RMSE: 9.319185256958008
====================================================================================================
Epoch:364
Valid RMSE: 9.36432933807373
EarlyStopping counter: 1 out of 20
====================================================================================================
Epoch:365
Valid RMSE: 9.356218338012695
EarlyStopping counter: 2 out of 20
====================================================================================================
Epoch:366
Valid RMSE: 9.41244125366211
EarlyStopping counter: 3 out of 20
====================================================================================================
Epoch:367
Valid RMSE: 9.339372634887695
EarlyStopping counter: 4 out of 20
====================================================================================================
Epoch:368
Valid RMSE: 9.380533218383789
EarlyStopping counter: 5 out of 20
====================================================================================================
Epoch:369
Valid RMSE: 9.294269561767578
====================================================================================================
Epoch:370
Valid RMSE: 9.322676658630371
EarlyStopping counter: 1 out of 20
====================================================================================================
Epoch:371
Valid RMSE: 9.344684600830078
EarlyStopping counter: 2 out of 20
====================================================================================================
Epoch:372
Valid RMSE: 9.315229415893555
EarlyStopping counter: 3 out of 20
====================================================================================================
Epoch:373
Valid RMSE: 9.342711448669434
EarlyStopping counter: 4 out of 20
====================================================================================================
Epoch:374
Valid RMSE: 9.267536163330078
====================================================================================================
Epoch:375
Valid RMSE: 9.273710250854492
EarlyStopping counter: 1 out of 20
====================================================================================================
Epoch:376
Valid RMSE: 9.309427261352539
EarlyStopping counter: 2 out of 20
====================================================================================================
Epoch:377
Valid RMSE: 9.259897232055664
====================================================================================================
Epoch:378
Valid RMSE: 9.241106986999512
====================================================================================================
Epoch:379
Valid RMSE: 9.27275276184082
EarlyStopping counter: 1 out of 20
====================================================================================================
Epoch:380
Valid RMSE: 9.23236083984375
====================================================================================================
Epoch:381
Valid RMSE: 9.271780014038086
EarlyStopping counter: 1 out of 20
====================================================================================================
Epoch:382
Valid RMSE: 9.275948524475098
EarlyStopping counter: 2 out of 20
====================================================================================================
Epoch:383
Valid RMSE: 9.248086929321289
EarlyStopping counter: 3 out of 20
====================================================================================================
Epoch:384
Valid RMSE: 9.261279106140137
EarlyStopping counter: 4 out of 20
====================================================================================================
Epoch:385
Valid RMSE: 9.32827377319336
EarlyStopping counter: 5 out of 20
====================================================================================================
Epoch:386
Valid RMSE: 9.221657752990723
====================================================================================================
Epoch:387
Valid RMSE: 9.216764450073242
====================================================================================================
Epoch:388
Valid RMSE: 9.20681381225586
====================================================================================================
Epoch:389
Valid RMSE: 9.289824485778809
EarlyStopping counter: 1 out of 20
====================================================================================================
Epoch:390
Valid RMSE: 9.212516784667969
EarlyStopping counter: 2 out of 20
====================================================================================================
Epoch:391
Valid RMSE: 9.170186996459961
====================================================================================================
Epoch:392
Valid RMSE: 9.206572532653809
EarlyStopping counter: 1 out of 20
====================================================================================================
Epoch:393
Valid RMSE: 9.213558197021484
EarlyStopping counter: 2 out of 20
====================================================================================================
Epoch:394
Valid RMSE: 9.216776847839355
EarlyStopping counter: 3 out of 20
====================================================================================================
Epoch:395
Valid RMSE: 9.20157241821289
EarlyStopping counter: 4 out of 20
====================================================================================================
Epoch:396
Valid RMSE: 9.202709197998047
EarlyStopping counter: 5 out of 20
====================================================================================================
Epoch:397
Valid RMSE: 9.185310363769531
EarlyStopping counter: 6 out of 20
====================================================================================================
Epoch:398
Valid RMSE: 9.146940231323242
====================================================================================================
Epoch:399
Valid RMSE: 9.17525863647461
EarlyStopping counter: 1 out of 20
====================================================================================================
Epoch:400
Valid RMSE: 9.227044105529785
EarlyStopping counter: 2 out of 20
====================================================================================================
Epoch:401
Valid RMSE: 9.183269500732422
EarlyStopping counter: 3 out of 20
====================================================================================================
Epoch:402
Valid RMSE: 9.160255432128906
EarlyStopping counter: 4 out of 20
====================================================================================================
Epoch:403
Valid RMSE: 9.225470542907715
EarlyStopping counter: 5 out of 20
====================================================================================================
Epoch:404
Valid RMSE: 9.135353088378906
====================================================================================================
Epoch:405
Valid RMSE: 9.10871696472168
====================================================================================================
Epoch:406
Valid RMSE: 9.132137298583984
EarlyStopping counter: 1 out of 20
====================================================================================================
Epoch:407
Valid RMSE: 9.143503189086914
EarlyStopping counter: 2 out of 20
====================================================================================================
Epoch:408
Valid RMSE: 9.14698314666748
EarlyStopping counter: 3 out of 20
====================================================================================================
Epoch:409
Valid RMSE: 9.137630462646484
EarlyStopping counter: 4 out of 20
====================================================================================================
Epoch:410
Valid RMSE: 9.1285400390625
EarlyStopping counter: 5 out of 20
====================================================================================================
Epoch:411
Valid RMSE: 9.13209056854248
EarlyStopping counter: 6 out of 20
====================================================================================================
Epoch:412
Valid RMSE: 9.098285675048828
====================================================================================================
Epoch:413
Valid RMSE: 9.125345230102539
EarlyStopping counter: 1 out of 20
====================================================================================================
Epoch:414
Valid RMSE: 9.096784591674805
====================================================================================================
Epoch:415
Valid RMSE: 9.082871437072754
====================================================================================================
Epoch:416
Valid RMSE: 9.113775253295898
EarlyStopping counter: 1 out of 20
====================================================================================================
Epoch:417
Valid RMSE: 9.100186347961426
EarlyStopping counter: 2 out of 20
====================================================================================================
Epoch:418
Valid RMSE: 9.117378234863281
EarlyStopping counter: 3 out of 20
====================================================================================================
Epoch:419
Valid RMSE: 9.06622314453125
====================================================================================================
Epoch:420
Valid RMSE: 9.115663528442383
EarlyStopping counter: 1 out of 20
====================================================================================================
Epoch:421
Valid RMSE: 9.115175247192383
EarlyStopping counter: 2 out of 20
====================================================================================================
Epoch:422
Valid RMSE: 9.096111297607422
EarlyStopping counter: 3 out of 20
====================================================================================================
Epoch:423
Valid RMSE: 9.081851959228516
EarlyStopping counter: 4 out of 20
====================================================================================================
Epoch:424
Valid RMSE: 9.125823020935059
EarlyStopping counter: 5 out of 20
====================================================================================================
Epoch:425
Valid RMSE: 9.099778175354004
EarlyStopping counter: 6 out of 20
====================================================================================================
Epoch:426
Valid RMSE: 9.065254211425781
====================================================================================================
Epoch:427
Valid RMSE: 9.089035034179688
EarlyStopping counter: 1 out of 20
====================================================================================================
Epoch:428
Valid RMSE: 9.096464157104492
EarlyStopping counter: 2 out of 20
====================================================================================================
Epoch:429
Valid RMSE: 9.100080490112305
EarlyStopping counter: 3 out of 20
====================================================================================================
Epoch:430
Valid RMSE: 9.031966209411621
====================================================================================================
Epoch:431
Valid RMSE: 9.073590278625488
EarlyStopping counter: 1 out of 20
====================================================================================================
Epoch:432
Valid RMSE: 9.042946815490723
EarlyStopping counter: 2 out of 20
====================================================================================================
Epoch:433
Valid RMSE: 9.042505264282227
EarlyStopping counter: 3 out of 20
====================================================================================================
Epoch:434
Valid RMSE: 9.042675018310547
EarlyStopping counter: 4 out of 20
====================================================================================================
Epoch:435
Valid RMSE: 9.03986930847168
EarlyStopping counter: 5 out of 20
====================================================================================================
Epoch:436
Valid RMSE: 9.124279022216797
EarlyStopping counter: 6 out of 20
====================================================================================================
Epoch:437
Valid RMSE: 9.094951629638672
EarlyStopping counter: 7 out of 20
====================================================================================================
Epoch:438
Valid RMSE: 9.00200080871582
====================================================================================================
Epoch:439
Valid RMSE: 9.020491600036621
EarlyStopping counter: 1 out of 20
====================================================================================================
Epoch:440
Valid RMSE: 9.031542778015137
EarlyStopping counter: 2 out of 20
====================================================================================================
Epoch:441
Valid RMSE: 9.017529487609863
EarlyStopping counter: 3 out of 20
====================================================================================================
Epoch:442
Valid RMSE: 9.086111068725586
EarlyStopping counter: 4 out of 20
====================================================================================================
Epoch:443
Valid RMSE: 8.980273246765137
====================================================================================================
Epoch:444
Valid RMSE: 9.002241134643555
EarlyStopping counter: 1 out of 20
====================================================================================================
Epoch:445
Valid RMSE: 9.063419342041016
EarlyStopping counter: 2 out of 20
====================================================================================================
Epoch:446
Valid RMSE: 9.008162498474121
EarlyStopping counter: 3 out of 20
====================================================================================================
Epoch:447
Valid RMSE: 8.949563026428223
====================================================================================================
Epoch:448
Valid RMSE: 8.997673034667969
EarlyStopping counter: 1 out of 20
====================================================================================================
Epoch:449
Valid RMSE: 8.972574234008789
EarlyStopping counter: 2 out of 20
====================================================================================================
Epoch:450
Valid RMSE: 9.004056930541992
EarlyStopping counter: 3 out of 20
====================================================================================================
Epoch:451
Valid RMSE: 9.002700805664062
EarlyStopping counter: 4 out of 20
====================================================================================================
Epoch:452
Valid RMSE: 9.036458969116211
EarlyStopping counter: 5 out of 20
====================================================================================================
Epoch:453
Valid RMSE: 8.965596199035645
EarlyStopping counter: 6 out of 20
====================================================================================================
Epoch:454
Valid RMSE: 8.997499465942383
EarlyStopping counter: 7 out of 20
====================================================================================================
Epoch:455
Valid RMSE: 9.028060913085938
EarlyStopping counter: 8 out of 20
====================================================================================================
Epoch:456
Valid RMSE: 8.947953224182129
====================================================================================================
Epoch:457
Valid RMSE: 8.930804252624512
====================================================================================================
Epoch:458
Valid RMSE: 8.9238862991333
====================================================================================================
Epoch:459
Valid RMSE: 8.981773376464844
EarlyStopping counter: 1 out of 20
====================================================================================================
Epoch:460
Valid RMSE: 8.93653392791748
EarlyStopping counter: 2 out of 20
====================================================================================================
Epoch:461
Valid RMSE: 8.894920349121094
====================================================================================================
Epoch:462
Valid RMSE: 8.944791793823242
EarlyStopping counter: 1 out of 20
====================================================================================================
Epoch:463
Valid RMSE: 8.989667892456055
EarlyStopping counter: 2 out of 20
====================================================================================================
Epoch:464
Valid RMSE: 8.98344898223877
EarlyStopping counter: 3 out of 20
====================================================================================================
Epoch:465
Valid RMSE: 8.961294174194336
EarlyStopping counter: 4 out of 20
====================================================================================================
Epoch:466
Valid RMSE: 8.9385347366333
EarlyStopping counter: 5 out of 20
====================================================================================================
Epoch:467
Valid RMSE: 8.939736366271973
EarlyStopping counter: 6 out of 20
====================================================================================================
Epoch:468
Valid RMSE: 8.910673141479492
EarlyStopping counter: 7 out of 20
====================================================================================================
Epoch:469
Valid RMSE: 8.922576904296875
EarlyStopping counter: 8 out of 20
====================================================================================================
Epoch:470
Valid RMSE: 8.913070678710938
EarlyStopping counter: 9 out of 20
====================================================================================================
Epoch:471
Valid RMSE: 8.917688369750977
EarlyStopping counter: 10 out of 20
====================================================================================================
Epoch:472
Valid RMSE: 8.973847389221191
EarlyStopping counter: 11 out of 20
====================================================================================================
Epoch:473
Valid RMSE: 8.892801284790039
====================================================================================================
Epoch:474
Valid RMSE: 8.935920715332031
EarlyStopping counter: 1 out of 20
====================================================================================================
Epoch:475
Valid RMSE: 8.904010772705078
EarlyStopping counter: 2 out of 20
====================================================================================================
Epoch:476
Valid RMSE: 8.957670211791992
EarlyStopping counter: 3 out of 20
====================================================================================================
Epoch:477
Valid RMSE: 8.947025299072266
EarlyStopping counter: 4 out of 20
====================================================================================================
Epoch:478
Valid RMSE: 8.926492691040039
EarlyStopping counter: 5 out of 20
====================================================================================================
Epoch:479
Valid RMSE: 9.004867553710938
EarlyStopping counter: 6 out of 20
====================================================================================================
Epoch:480
Valid RMSE: 8.954057693481445
EarlyStopping counter: 7 out of 20
====================================================================================================
Epoch:481
Valid RMSE: 8.893960952758789
EarlyStopping counter: 8 out of 20
====================================================================================================
Epoch:482
Valid RMSE: 8.869207382202148
====================================================================================================
Epoch:483
Valid RMSE: 8.884611129760742
EarlyStopping counter: 1 out of 20
====================================================================================================
Epoch:484
Valid RMSE: 8.865065574645996
====================================================================================================
Epoch:485
Valid RMSE: 8.920442581176758
EarlyStopping counter: 1 out of 20
====================================================================================================
Epoch:486
Valid RMSE: 8.920052528381348
EarlyStopping counter: 2 out of 20
====================================================================================================
Epoch:487
Valid RMSE: 8.87175464630127
EarlyStopping counter: 3 out of 20
====================================================================================================
Epoch:488
Valid RMSE: 8.93343448638916
EarlyStopping counter: 4 out of 20
====================================================================================================
Epoch:489
Valid RMSE: 8.885831832885742
EarlyStopping counter: 5 out of 20
====================================================================================================
Epoch:490
Valid RMSE: 8.871740341186523
EarlyStopping counter: 6 out of 20
====================================================================================================
Epoch:491
Valid RMSE: 8.894329071044922
EarlyStopping counter: 7 out of 20
====================================================================================================
Epoch:492
Valid RMSE: 8.875789642333984
EarlyStopping counter: 8 out of 20
====================================================================================================
Epoch:493
Valid RMSE: 8.83293628692627
====================================================================================================
Epoch:494
Valid RMSE: 8.852315902709961
EarlyStopping counter: 1 out of 20
====================================================================================================
Epoch:495
Valid RMSE: 8.870574951171875
EarlyStopping counter: 2 out of 20
====================================================================================================
Epoch:496
Valid RMSE: 8.918737411499023
EarlyStopping counter: 3 out of 20
====================================================================================================
Epoch:497
Valid RMSE: 8.881867408752441
EarlyStopping counter: 4 out of 20
====================================================================================================
Epoch:498
Valid RMSE: 8.892403602600098
EarlyStopping counter: 5 out of 20
====================================================================================================
Epoch:499
Valid RMSE: 8.909109115600586
EarlyStopping counter: 6 out of 20
====================================================================================================
torch.Size([1999, 1, 207, 12])
torch.Size([1999, 1, 207, 12])
torch.Size([1999, 1, 207, 12])
==================================================  Testing  ==================================================
predict shape:  (544, 207, 12)
MAE: 5.951 RMSE: 10.473 MAPE: 11.597
Spend Time: 5222.135069847107
