torch.Size([1999, 1, 207, 12])
torch.Size([1999, 1, 207, 12])
torch.Size([1999, 1, 207, 12])
==================================================  Training  ==================================================
Epoch:0
Valid RMSE: 16.733070373535156
====================================================================================================
Epoch:1
Valid RMSE: 16.48101043701172
====================================================================================================
Epoch:2
Valid RMSE: 15.643585205078125
====================================================================================================
Epoch:3
Valid RMSE: 14.455039024353027
====================================================================================================
Epoch:4
Valid RMSE: 13.766308784484863
====================================================================================================
Epoch:5
Valid RMSE: 13.637218475341797
====================================================================================================
Epoch:6
Valid RMSE: 13.184576988220215
====================================================================================================
Epoch:7
Valid RMSE: 13.079000473022461
====================================================================================================
Epoch:8
Valid RMSE: 12.842683792114258
====================================================================================================
Epoch:9
Valid RMSE: 12.836146354675293
====================================================================================================
Epoch:10
Valid RMSE: 12.664680480957031
====================================================================================================
Epoch:11
Valid RMSE: 12.462928771972656
====================================================================================================
Epoch:12
Valid RMSE: 12.353589057922363
====================================================================================================
Epoch:13
Valid RMSE: 12.34518051147461
====================================================================================================
Epoch:14
Valid RMSE: 12.262162208557129
====================================================================================================
Epoch:15
Valid RMSE: 12.308466911315918
EarlyStopping counter: 1 out of 20
====================================================================================================
Epoch:16
Valid RMSE: 12.204410552978516
====================================================================================================
Epoch:17
Valid RMSE: 12.142354965209961
====================================================================================================
Epoch:18
Valid RMSE: 12.09300422668457
====================================================================================================
Epoch:19
Valid RMSE: 12.041711807250977
====================================================================================================
Epoch:20
Valid RMSE: 11.92575454711914
====================================================================================================
Epoch:21
Valid RMSE: 11.980146408081055
EarlyStopping counter: 1 out of 20
====================================================================================================
Epoch:22
Valid RMSE: 12.080615997314453
EarlyStopping counter: 2 out of 20
====================================================================================================
Epoch:23
Valid RMSE: 11.954339981079102
EarlyStopping counter: 3 out of 20
====================================================================================================
Epoch:24
Valid RMSE: 11.890893936157227
====================================================================================================
Epoch:25
Valid RMSE: 11.909666061401367
EarlyStopping counter: 1 out of 20
====================================================================================================
Epoch:26
Valid RMSE: 11.98648452758789
EarlyStopping counter: 2 out of 20
====================================================================================================
Epoch:27
Valid RMSE: 11.850849151611328
====================================================================================================
Epoch:28
Valid RMSE: 12.0311279296875
EarlyStopping counter: 1 out of 20
====================================================================================================
Epoch:29
Valid RMSE: 11.737363815307617
====================================================================================================
Epoch:30
Valid RMSE: 11.804039001464844
EarlyStopping counter: 1 out of 20
====================================================================================================
Epoch:31
Valid RMSE: 11.80555534362793
EarlyStopping counter: 2 out of 20
====================================================================================================
Epoch:32
Valid RMSE: 11.762991905212402
EarlyStopping counter: 3 out of 20
====================================================================================================
Epoch:33
Valid RMSE: 11.767857551574707
EarlyStopping counter: 4 out of 20
====================================================================================================
Epoch:34
Valid RMSE: 11.77669906616211
EarlyStopping counter: 5 out of 20
====================================================================================================
Epoch:35
Valid RMSE: 11.83327865600586
EarlyStopping counter: 6 out of 20
====================================================================================================
Epoch:36
Valid RMSE: 11.73919677734375
EarlyStopping counter: 7 out of 20
====================================================================================================
Epoch:37
Valid RMSE: 11.724016189575195
====================================================================================================
Epoch:38
Valid RMSE: 11.700758934020996
====================================================================================================
Epoch:39
Valid RMSE: 11.730151176452637
EarlyStopping counter: 1 out of 20
====================================================================================================
Epoch:40
Valid RMSE: 11.62509536743164
====================================================================================================
Epoch:41
Valid RMSE: 11.658127784729004
EarlyStopping counter: 1 out of 20
====================================================================================================
Epoch:42
Valid RMSE: 11.641426086425781
EarlyStopping counter: 2 out of 20
====================================================================================================
Epoch:43
Valid RMSE: 11.597333908081055
====================================================================================================
Epoch:44
Valid RMSE: 11.64122200012207
EarlyStopping counter: 1 out of 20
====================================================================================================
Epoch:45
Valid RMSE: 11.573501586914062
====================================================================================================
Epoch:46
Valid RMSE: 11.522056579589844
====================================================================================================
Epoch:47
Valid RMSE: 11.499032974243164
====================================================================================================
Epoch:48
Valid RMSE: 11.516712188720703
EarlyStopping counter: 1 out of 20
====================================================================================================
Epoch:49
Valid RMSE: 11.503633499145508
EarlyStopping counter: 2 out of 20
====================================================================================================
Epoch:50
Valid RMSE: 11.518928527832031
EarlyStopping counter: 3 out of 20
====================================================================================================
Epoch:51
Valid RMSE: 11.45179557800293
====================================================================================================
Epoch:52
Valid RMSE: 11.535457611083984
EarlyStopping counter: 1 out of 20
====================================================================================================
Epoch:53
Valid RMSE: 11.583979606628418
EarlyStopping counter: 2 out of 20
====================================================================================================
Epoch:54
Valid RMSE: 11.445347785949707
====================================================================================================
Epoch:55
Valid RMSE: 11.46499252319336
EarlyStopping counter: 1 out of 20
====================================================================================================
Epoch:56
Valid RMSE: 11.505973815917969
EarlyStopping counter: 2 out of 20
====================================================================================================
Epoch:57
Valid RMSE: 11.366140365600586
====================================================================================================
Epoch:58
Valid RMSE: 11.341788291931152
====================================================================================================
Epoch:59
Valid RMSE: 11.402490615844727
EarlyStopping counter: 1 out of 20
====================================================================================================
Epoch:60
Valid RMSE: 11.326762199401855
====================================================================================================
Epoch:61
Valid RMSE: 11.413311004638672
EarlyStopping counter: 1 out of 20
====================================================================================================
Epoch:62
Valid RMSE: 11.316970825195312
====================================================================================================
Epoch:63
Valid RMSE: 11.363910675048828
EarlyStopping counter: 1 out of 20
====================================================================================================
Epoch:64
Valid RMSE: 11.221576690673828
====================================================================================================
Epoch:65
Valid RMSE: 11.220672607421875
====================================================================================================
Epoch:66
Valid RMSE: 11.38597297668457
EarlyStopping counter: 1 out of 20
====================================================================================================
Epoch:67
Valid RMSE: 11.286091804504395
EarlyStopping counter: 2 out of 20
====================================================================================================
Epoch:68
Valid RMSE: 11.232282638549805
EarlyStopping counter: 3 out of 20
====================================================================================================
Epoch:69
Valid RMSE: 11.189523696899414
====================================================================================================
Epoch:70
Valid RMSE: 11.308427810668945
EarlyStopping counter: 1 out of 20
====================================================================================================
Epoch:71
Valid RMSE: 11.215211868286133
EarlyStopping counter: 2 out of 20
====================================================================================================
Epoch:72
Valid RMSE: 11.214729309082031
EarlyStopping counter: 3 out of 20
====================================================================================================
Epoch:73
Valid RMSE: 11.11799430847168
====================================================================================================
Epoch:74
Valid RMSE: 11.211220741271973
EarlyStopping counter: 1 out of 20
====================================================================================================
Epoch:75
Valid RMSE: 11.191847801208496
EarlyStopping counter: 2 out of 20
====================================================================================================
Epoch:76
Valid RMSE: 11.24191665649414
EarlyStopping counter: 3 out of 20
====================================================================================================
Epoch:77
Valid RMSE: 11.207138061523438
EarlyStopping counter: 4 out of 20
====================================================================================================
Epoch:78
Valid RMSE: 11.075438499450684
====================================================================================================
Epoch:79
Valid RMSE: 11.204961776733398
EarlyStopping counter: 1 out of 20
====================================================================================================
Epoch:80
Valid RMSE: 11.182989120483398
EarlyStopping counter: 2 out of 20
====================================================================================================
Epoch:81
Valid RMSE: 11.08110237121582
EarlyStopping counter: 3 out of 20
====================================================================================================
Epoch:82
Valid RMSE: 11.011978149414062
====================================================================================================
Epoch:83
Valid RMSE: 10.983710289001465
====================================================================================================
Epoch:84
Valid RMSE: 11.08587646484375
EarlyStopping counter: 1 out of 20
====================================================================================================
Epoch:85
Valid RMSE: 11.024698257446289
EarlyStopping counter: 2 out of 20
====================================================================================================
Epoch:86
Valid RMSE: 11.162924766540527
EarlyStopping counter: 3 out of 20
====================================================================================================
Epoch:87
Valid RMSE: 11.031017303466797
EarlyStopping counter: 4 out of 20
====================================================================================================
Epoch:88
Valid RMSE: 11.023435592651367
EarlyStopping counter: 5 out of 20
====================================================================================================
Epoch:89
Valid RMSE: 11.003120422363281
EarlyStopping counter: 6 out of 20
====================================================================================================
Epoch:90
Valid RMSE: 11.058738708496094
EarlyStopping counter: 7 out of 20
====================================================================================================
Epoch:91
Valid RMSE: 10.975728988647461
====================================================================================================
Epoch:92
Valid RMSE: 11.092659950256348
EarlyStopping counter: 1 out of 20
====================================================================================================
Epoch:93
Valid RMSE: 10.941972732543945
====================================================================================================
Epoch:94
Valid RMSE: 10.92483139038086
====================================================================================================
Epoch:95
Valid RMSE: 10.995370864868164
EarlyStopping counter: 1 out of 20
====================================================================================================
Epoch:96
Valid RMSE: 10.971471786499023
EarlyStopping counter: 2 out of 20
====================================================================================================
Epoch:97
Valid RMSE: 10.970054626464844
EarlyStopping counter: 3 out of 20
====================================================================================================
Epoch:98
Valid RMSE: 10.908302307128906
====================================================================================================
Epoch:99
Valid RMSE: 10.912104606628418
EarlyStopping counter: 1 out of 20
====================================================================================================
Epoch:100
Valid RMSE: 10.901531219482422
====================================================================================================
Epoch:101
Valid RMSE: 11.094209671020508
EarlyStopping counter: 1 out of 20
====================================================================================================
Epoch:102
Valid RMSE: 10.904462814331055
EarlyStopping counter: 2 out of 20
====================================================================================================
Epoch:103
Valid RMSE: 10.94094467163086
EarlyStopping counter: 3 out of 20
====================================================================================================
Epoch:104
Valid RMSE: 10.939153671264648
EarlyStopping counter: 4 out of 20
====================================================================================================
Epoch:105
Valid RMSE: 10.863061904907227
====================================================================================================
Epoch:106
Valid RMSE: 10.912291526794434
EarlyStopping counter: 1 out of 20
====================================================================================================
Epoch:107
Valid RMSE: 10.837857246398926
====================================================================================================
Epoch:108
Valid RMSE: 10.897344589233398
EarlyStopping counter: 1 out of 20
====================================================================================================
Epoch:109
Valid RMSE: 10.898841857910156
EarlyStopping counter: 2 out of 20
====================================================================================================
Epoch:110
Valid RMSE: 10.887118339538574
EarlyStopping counter: 3 out of 20
====================================================================================================
Epoch:111
Valid RMSE: 10.844477653503418
EarlyStopping counter: 4 out of 20
====================================================================================================
Epoch:112
Valid RMSE: 10.805583953857422
====================================================================================================
Epoch:113
Valid RMSE: 10.800980567932129
====================================================================================================
Epoch:114
Valid RMSE: 10.875396728515625
EarlyStopping counter: 1 out of 20
====================================================================================================
Epoch:115
Valid RMSE: 10.84249496459961
EarlyStopping counter: 2 out of 20
====================================================================================================
Epoch:116
Valid RMSE: 10.805953025817871
EarlyStopping counter: 3 out of 20
====================================================================================================
Epoch:117
Valid RMSE: 10.723997116088867
====================================================================================================
Epoch:118
Valid RMSE: 10.725603103637695
EarlyStopping counter: 1 out of 20
====================================================================================================
Epoch:119
Valid RMSE: 10.825126647949219
EarlyStopping counter: 2 out of 20
====================================================================================================
Epoch:120
Valid RMSE: 10.778129577636719
EarlyStopping counter: 3 out of 20
====================================================================================================
Epoch:121
Valid RMSE: 10.736003875732422
EarlyStopping counter: 4 out of 20
====================================================================================================
Epoch:122
Valid RMSE: 10.748010635375977
EarlyStopping counter: 5 out of 20
====================================================================================================
Epoch:123
Valid RMSE: 10.741353988647461
EarlyStopping counter: 6 out of 20
====================================================================================================
Epoch:124
Valid RMSE: 10.74049186706543
EarlyStopping counter: 7 out of 20
====================================================================================================
Epoch:125
Valid RMSE: 10.829051971435547
EarlyStopping counter: 8 out of 20
====================================================================================================
Epoch:126
Valid RMSE: 10.742517471313477
EarlyStopping counter: 9 out of 20
====================================================================================================
Epoch:127
Valid RMSE: 10.71998405456543
====================================================================================================
Epoch:128
Valid RMSE: 10.657903671264648
====================================================================================================
Epoch:129
Valid RMSE: 10.731389045715332
EarlyStopping counter: 1 out of 20
====================================================================================================
Epoch:130
Valid RMSE: 10.69886589050293
EarlyStopping counter: 2 out of 20
====================================================================================================
Epoch:131
Valid RMSE: 10.66984748840332
EarlyStopping counter: 3 out of 20
====================================================================================================
Epoch:132
Valid RMSE: 10.72670841217041
EarlyStopping counter: 4 out of 20
====================================================================================================
Epoch:133
Valid RMSE: 10.651463508605957
====================================================================================================
Epoch:134
Valid RMSE: 10.705780029296875
EarlyStopping counter: 1 out of 20
====================================================================================================
Epoch:135
Valid RMSE: 10.706517219543457
EarlyStopping counter: 2 out of 20
====================================================================================================
Epoch:136
Valid RMSE: 10.640247344970703
====================================================================================================
Epoch:137
Valid RMSE: 10.672799110412598
EarlyStopping counter: 1 out of 20
====================================================================================================
Epoch:138
Valid RMSE: 10.64376449584961
EarlyStopping counter: 2 out of 20
====================================================================================================
Epoch:139
Valid RMSE: 10.617437362670898
====================================================================================================
Epoch:140
Valid RMSE: 10.768178939819336
EarlyStopping counter: 1 out of 20
====================================================================================================
Epoch:141
Valid RMSE: 10.593740463256836
====================================================================================================
Epoch:142
Valid RMSE: 10.651286125183105
EarlyStopping counter: 1 out of 20
====================================================================================================
Epoch:143
Valid RMSE: 10.567169189453125
====================================================================================================
Epoch:144
Valid RMSE: 10.56193733215332
====================================================================================================
Epoch:145
Valid RMSE: 10.562981605529785
EarlyStopping counter: 1 out of 20
====================================================================================================
Epoch:146
Valid RMSE: 10.673141479492188
EarlyStopping counter: 2 out of 20
====================================================================================================
Epoch:147
Valid RMSE: 10.631592750549316
EarlyStopping counter: 3 out of 20
====================================================================================================
Epoch:148
Valid RMSE: 10.59168815612793
EarlyStopping counter: 4 out of 20
====================================================================================================
Epoch:149
Valid RMSE: 10.586898803710938
EarlyStopping counter: 5 out of 20
====================================================================================================
Epoch:150
Valid RMSE: 10.73991870880127
EarlyStopping counter: 6 out of 20
====================================================================================================
Epoch:151
Valid RMSE: 10.622190475463867
EarlyStopping counter: 7 out of 20
====================================================================================================
Epoch:152
Valid RMSE: 10.564184188842773
EarlyStopping counter: 8 out of 20
====================================================================================================
Epoch:153
Valid RMSE: 10.630136489868164
EarlyStopping counter: 9 out of 20
====================================================================================================
Epoch:154
Valid RMSE: 10.623283386230469
EarlyStopping counter: 10 out of 20
====================================================================================================
Epoch:155
Valid RMSE: 10.691513061523438
EarlyStopping counter: 11 out of 20
====================================================================================================
Epoch:156
Valid RMSE: 10.553265571594238
====================================================================================================
Epoch:157
Valid RMSE: 10.492209434509277
====================================================================================================
Epoch:158
Valid RMSE: 10.59342098236084
EarlyStopping counter: 1 out of 20
====================================================================================================
Epoch:159
Valid RMSE: 10.569642066955566
EarlyStopping counter: 2 out of 20
====================================================================================================
Epoch:160
Valid RMSE: 10.552751541137695
EarlyStopping counter: 3 out of 20
====================================================================================================
Epoch:161
Valid RMSE: 10.614182472229004
EarlyStopping counter: 4 out of 20
====================================================================================================
Epoch:162
Valid RMSE: 10.508750915527344
EarlyStopping counter: 5 out of 20
====================================================================================================
Epoch:163
Valid RMSE: 10.630849838256836
EarlyStopping counter: 6 out of 20
====================================================================================================
Epoch:164
Valid RMSE: 10.524806022644043
EarlyStopping counter: 7 out of 20
====================================================================================================
Epoch:165
Valid RMSE: 10.51439380645752
EarlyStopping counter: 8 out of 20
====================================================================================================
Epoch:166
Valid RMSE: 10.515153884887695
EarlyStopping counter: 9 out of 20
====================================================================================================
Epoch:167
Valid RMSE: 10.510244369506836
EarlyStopping counter: 10 out of 20
====================================================================================================
Epoch:168
Valid RMSE: 10.546626091003418
EarlyStopping counter: 11 out of 20
====================================================================================================
Epoch:169
Valid RMSE: 10.449016571044922
====================================================================================================
Epoch:170
Valid RMSE: 10.521851539611816
EarlyStopping counter: 1 out of 20
====================================================================================================
Epoch:171
Valid RMSE: 10.508184432983398
EarlyStopping counter: 2 out of 20
====================================================================================================
Epoch:172
Valid RMSE: 10.555137634277344
EarlyStopping counter: 3 out of 20
====================================================================================================
Epoch:173
Valid RMSE: 10.481853485107422
EarlyStopping counter: 4 out of 20
====================================================================================================
Epoch:174
Valid RMSE: 10.481268882751465
EarlyStopping counter: 5 out of 20
====================================================================================================
Epoch:175
Valid RMSE: 10.540970802307129
EarlyStopping counter: 6 out of 20
====================================================================================================
Epoch:176
Valid RMSE: 10.480765342712402
EarlyStopping counter: 7 out of 20
====================================================================================================
Epoch:177
Valid RMSE: 10.439680099487305
====================================================================================================
Epoch:178
Valid RMSE: 10.607051849365234
EarlyStopping counter: 1 out of 20
====================================================================================================
Epoch:179
Valid RMSE: 10.470309257507324
EarlyStopping counter: 2 out of 20
====================================================================================================
Epoch:180
Valid RMSE: 10.519594192504883
EarlyStopping counter: 3 out of 20
====================================================================================================
Epoch:181
Valid RMSE: 10.428948402404785
====================================================================================================
Epoch:182
Valid RMSE: 10.480053901672363
EarlyStopping counter: 1 out of 20
====================================================================================================
Epoch:183
Valid RMSE: 10.453481674194336
EarlyStopping counter: 2 out of 20
====================================================================================================
Epoch:184
Valid RMSE: 10.550921440124512
EarlyStopping counter: 3 out of 20
====================================================================================================
Epoch:185
Valid RMSE: 10.461776733398438
EarlyStopping counter: 4 out of 20
====================================================================================================
Epoch:186
Valid RMSE: 10.496689796447754
EarlyStopping counter: 5 out of 20
====================================================================================================
Epoch:187
Valid RMSE: 10.410226821899414
====================================================================================================
Epoch:188
Valid RMSE: 10.389810562133789
====================================================================================================
Epoch:189
Valid RMSE: 10.49131965637207
EarlyStopping counter: 1 out of 20
====================================================================================================
Epoch:190
Valid RMSE: 10.476860046386719
EarlyStopping counter: 2 out of 20
====================================================================================================
Epoch:191
Valid RMSE: 10.526844024658203
EarlyStopping counter: 3 out of 20
====================================================================================================
Epoch:192
Valid RMSE: 10.42984390258789
EarlyStopping counter: 4 out of 20
====================================================================================================
Epoch:193
Valid RMSE: 10.482178688049316
EarlyStopping counter: 5 out of 20
====================================================================================================
Epoch:194
Valid RMSE: 10.356861114501953
====================================================================================================
Epoch:195
Valid RMSE: 10.373971939086914
EarlyStopping counter: 1 out of 20
====================================================================================================
Epoch:196
Valid RMSE: 10.375337600708008
EarlyStopping counter: 2 out of 20
====================================================================================================
Epoch:197
Valid RMSE: 10.363346099853516
EarlyStopping counter: 3 out of 20
====================================================================================================
Epoch:198
Valid RMSE: 10.390482902526855
EarlyStopping counter: 4 out of 20
====================================================================================================
Epoch:199
Valid RMSE: 10.392583847045898
EarlyStopping counter: 5 out of 20
====================================================================================================
Epoch:200
Valid RMSE: 10.40296459197998
EarlyStopping counter: 6 out of 20
====================================================================================================
Epoch:201
Valid RMSE: 10.283815383911133
====================================================================================================
Epoch:202
Valid RMSE: 10.378860473632812
EarlyStopping counter: 1 out of 20
====================================================================================================
Epoch:203
Valid RMSE: 10.45077133178711
EarlyStopping counter: 2 out of 20
====================================================================================================
Epoch:204
Valid RMSE: 10.406063079833984
EarlyStopping counter: 3 out of 20
====================================================================================================
Epoch:205
Valid RMSE: 10.358786582946777
EarlyStopping counter: 4 out of 20
====================================================================================================
Epoch:206
Valid RMSE: 10.46543025970459
EarlyStopping counter: 5 out of 20
====================================================================================================
Epoch:207
Valid RMSE: 10.312803268432617
EarlyStopping counter: 6 out of 20
====================================================================================================
Epoch:208
Valid RMSE: 10.369518280029297
EarlyStopping counter: 7 out of 20
====================================================================================================
Epoch:209
Valid RMSE: 10.301443099975586
EarlyStopping counter: 8 out of 20
====================================================================================================
Epoch:210
Valid RMSE: 10.384334564208984
EarlyStopping counter: 9 out of 20
====================================================================================================
Epoch:211
Valid RMSE: 10.34408950805664
EarlyStopping counter: 10 out of 20
====================================================================================================
Epoch:212
Valid RMSE: 10.264163970947266
====================================================================================================
Epoch:213
Valid RMSE: 10.306711196899414
EarlyStopping counter: 1 out of 20
====================================================================================================
Epoch:214
Valid RMSE: 10.289958953857422
EarlyStopping counter: 2 out of 20
====================================================================================================
Epoch:215
Valid RMSE: 10.32003402709961
EarlyStopping counter: 3 out of 20
====================================================================================================
Epoch:216
Valid RMSE: 10.286396026611328
EarlyStopping counter: 4 out of 20
====================================================================================================
Epoch:217
Valid RMSE: 10.321531295776367
EarlyStopping counter: 5 out of 20
====================================================================================================
Epoch:218
Valid RMSE: 10.287817001342773
EarlyStopping counter: 6 out of 20
====================================================================================================
Epoch:219
Valid RMSE: 10.362220764160156
EarlyStopping counter: 7 out of 20
====================================================================================================
Epoch:220
Valid RMSE: 10.278197288513184
EarlyStopping counter: 8 out of 20
====================================================================================================
Epoch:221
Valid RMSE: 10.332328796386719
EarlyStopping counter: 9 out of 20
====================================================================================================
Epoch:222
Valid RMSE: 10.292839050292969
EarlyStopping counter: 10 out of 20
====================================================================================================
Epoch:223
Valid RMSE: 10.297313690185547
EarlyStopping counter: 11 out of 20
====================================================================================================
Epoch:224
Valid RMSE: 10.345422744750977
EarlyStopping counter: 12 out of 20
====================================================================================================
Epoch:225
Valid RMSE: 10.213674545288086
====================================================================================================
Epoch:226
Valid RMSE: 10.21249771118164
====================================================================================================
Epoch:227
Valid RMSE: 10.281798362731934
EarlyStopping counter: 1 out of 20
====================================================================================================
Epoch:228
Valid RMSE: 10.248636245727539
EarlyStopping counter: 2 out of 20
====================================================================================================
Epoch:229
Valid RMSE: 10.193706512451172
====================================================================================================
Epoch:230
Valid RMSE: 10.272976875305176
EarlyStopping counter: 1 out of 20
====================================================================================================
Epoch:231
Valid RMSE: 10.251977920532227
EarlyStopping counter: 2 out of 20
====================================================================================================
Epoch:232
Valid RMSE: 10.208944320678711
EarlyStopping counter: 3 out of 20
====================================================================================================
Epoch:233
Valid RMSE: 10.23884391784668
EarlyStopping counter: 4 out of 20
====================================================================================================
Epoch:234
Valid RMSE: 10.222696304321289
EarlyStopping counter: 5 out of 20
====================================================================================================
Epoch:235
Valid RMSE: 10.240715980529785
EarlyStopping counter: 6 out of 20
====================================================================================================
Epoch:236
Valid RMSE: 10.206567764282227
EarlyStopping counter: 7 out of 20
====================================================================================================
Epoch:237
Valid RMSE: 10.227434158325195
EarlyStopping counter: 8 out of 20
====================================================================================================
Epoch:238
Valid RMSE: 10.266742706298828
EarlyStopping counter: 9 out of 20
====================================================================================================
Epoch:239
Valid RMSE: 10.144269943237305
====================================================================================================
Epoch:240
Valid RMSE: 10.275636672973633
EarlyStopping counter: 1 out of 20
====================================================================================================
Epoch:241
Valid RMSE: 10.209425926208496
EarlyStopping counter: 2 out of 20
====================================================================================================
Epoch:242
Valid RMSE: 10.126585960388184
====================================================================================================
Epoch:243
Valid RMSE: 10.240711212158203
EarlyStopping counter: 1 out of 20
====================================================================================================
Epoch:244
Valid RMSE: 10.144588470458984
EarlyStopping counter: 2 out of 20
====================================================================================================
Epoch:245
Valid RMSE: 10.1692533493042
EarlyStopping counter: 3 out of 20
====================================================================================================
Epoch:246
Valid RMSE: 10.22032356262207
EarlyStopping counter: 4 out of 20
====================================================================================================
Epoch:247
Valid RMSE: 10.240472793579102
EarlyStopping counter: 5 out of 20
====================================================================================================
Epoch:248
Valid RMSE: 10.18154525756836
EarlyStopping counter: 6 out of 20
====================================================================================================
Epoch:249
Valid RMSE: 10.150375366210938
EarlyStopping counter: 7 out of 20
====================================================================================================
Epoch:250
Valid RMSE: 10.210514068603516
EarlyStopping counter: 8 out of 20
====================================================================================================
Epoch:251
Valid RMSE: 10.081180572509766
====================================================================================================
Epoch:252
Valid RMSE: 10.154109954833984
EarlyStopping counter: 1 out of 20
====================================================================================================
Epoch:253
Valid RMSE: 10.100208282470703
EarlyStopping counter: 2 out of 20
====================================================================================================
Epoch:254
Valid RMSE: 10.117701530456543
EarlyStopping counter: 3 out of 20
====================================================================================================
Epoch:255
Valid RMSE: 10.226245880126953
EarlyStopping counter: 4 out of 20
====================================================================================================
Epoch:256
Valid RMSE: 10.159793853759766
EarlyStopping counter: 5 out of 20
====================================================================================================
Epoch:257
Valid RMSE: 10.173291206359863
EarlyStopping counter: 6 out of 20
====================================================================================================
Epoch:258
Valid RMSE: 10.112724304199219
EarlyStopping counter: 7 out of 20
====================================================================================================
Epoch:259
Valid RMSE: 10.095882415771484
EarlyStopping counter: 8 out of 20
====================================================================================================
Epoch:260
Valid RMSE: 10.148696899414062
EarlyStopping counter: 9 out of 20
====================================================================================================
Epoch:261
Valid RMSE: 10.128633499145508
EarlyStopping counter: 10 out of 20
====================================================================================================
Epoch:262
Valid RMSE: 10.043621063232422
====================================================================================================
Epoch:263
Valid RMSE: 10.108299255371094
EarlyStopping counter: 1 out of 20
====================================================================================================
Epoch:264
Valid RMSE: 10.116260528564453
EarlyStopping counter: 2 out of 20
====================================================================================================
Epoch:265
Valid RMSE: 10.047089576721191
EarlyStopping counter: 3 out of 20
====================================================================================================
Epoch:266
Valid RMSE: 10.086137771606445
EarlyStopping counter: 4 out of 20
====================================================================================================
Epoch:267
Valid RMSE: 10.163581848144531
EarlyStopping counter: 5 out of 20
====================================================================================================
Epoch:268
Valid RMSE: 10.093328475952148
EarlyStopping counter: 6 out of 20
====================================================================================================
Epoch:269
Valid RMSE: 10.016619682312012
====================================================================================================
Epoch:270
Valid RMSE: 10.040210723876953
EarlyStopping counter: 1 out of 20
====================================================================================================
Epoch:271
Valid RMSE: 10.155447006225586
EarlyStopping counter: 2 out of 20
====================================================================================================
Epoch:272
Valid RMSE: 10.072186470031738
EarlyStopping counter: 3 out of 20
====================================================================================================
Epoch:273
Valid RMSE: 10.087337493896484
EarlyStopping counter: 4 out of 20
====================================================================================================
Epoch:274
Valid RMSE: 10.024369239807129
EarlyStopping counter: 5 out of 20
====================================================================================================
Epoch:275
Valid RMSE: 9.97697639465332
====================================================================================================
Epoch:276
Valid RMSE: 10.101365089416504
EarlyStopping counter: 1 out of 20
====================================================================================================
Epoch:277
Valid RMSE: 10.000155448913574
EarlyStopping counter: 2 out of 20
====================================================================================================
Epoch:278
Valid RMSE: 9.97987174987793
EarlyStopping counter: 3 out of 20
====================================================================================================
Epoch:279
Valid RMSE: 9.968198776245117
====================================================================================================
Epoch:280
Valid RMSE: 10.075665473937988
EarlyStopping counter: 1 out of 20
====================================================================================================
Epoch:281
Valid RMSE: 9.985963821411133
EarlyStopping counter: 2 out of 20
====================================================================================================
Epoch:282
Valid RMSE: 10.025140762329102
EarlyStopping counter: 3 out of 20
====================================================================================================
Epoch:283
Valid RMSE: 10.065263748168945
EarlyStopping counter: 4 out of 20
====================================================================================================
Epoch:284
Valid RMSE: 9.920204162597656
====================================================================================================
Epoch:285
Valid RMSE: 9.959619522094727
EarlyStopping counter: 1 out of 20
====================================================================================================
Epoch:286
Valid RMSE: 9.944023132324219
EarlyStopping counter: 2 out of 20
====================================================================================================
Epoch:287
Valid RMSE: 9.965723991394043
EarlyStopping counter: 3 out of 20
====================================================================================================
Epoch:288
Valid RMSE: 10.077681541442871
EarlyStopping counter: 4 out of 20
====================================================================================================
Epoch:289
Valid RMSE: 9.951173782348633
EarlyStopping counter: 5 out of 20
====================================================================================================
Epoch:290
Valid RMSE: 10.056564331054688
EarlyStopping counter: 6 out of 20
====================================================================================================
Epoch:291
Valid RMSE: 9.965494155883789
EarlyStopping counter: 7 out of 20
====================================================================================================
Epoch:292
Valid RMSE: 10.04106330871582
EarlyStopping counter: 8 out of 20
====================================================================================================
Epoch:293
Valid RMSE: 9.974987030029297
EarlyStopping counter: 9 out of 20
====================================================================================================
Epoch:294
Valid RMSE: 9.893111228942871
====================================================================================================
Epoch:295
Valid RMSE: 9.966337203979492
EarlyStopping counter: 1 out of 20
====================================================================================================
Epoch:296
Valid RMSE: 9.97266960144043
EarlyStopping counter: 2 out of 20
====================================================================================================
Epoch:297
Valid RMSE: 9.940837860107422
EarlyStopping counter: 3 out of 20
====================================================================================================
Epoch:298
Valid RMSE: 9.983631134033203
EarlyStopping counter: 4 out of 20
====================================================================================================
Epoch:299
Valid RMSE: 9.865303039550781
====================================================================================================
Epoch:300
Valid RMSE: 9.934553146362305
EarlyStopping counter: 1 out of 20
====================================================================================================
Epoch:301
Valid RMSE: 9.94219970703125
EarlyStopping counter: 2 out of 20
====================================================================================================
Epoch:302
Valid RMSE: 9.998994827270508
EarlyStopping counter: 3 out of 20
====================================================================================================
Epoch:303
Valid RMSE: 9.92569637298584
EarlyStopping counter: 4 out of 20
====================================================================================================
Epoch:304
Valid RMSE: 9.893362045288086
EarlyStopping counter: 5 out of 20
====================================================================================================
Epoch:305
Valid RMSE: 9.910429000854492
EarlyStopping counter: 6 out of 20
====================================================================================================
Epoch:306
Valid RMSE: 9.913623809814453
EarlyStopping counter: 7 out of 20
====================================================================================================
Epoch:307
Valid RMSE: 9.957792282104492
EarlyStopping counter: 8 out of 20
====================================================================================================
Epoch:308
Valid RMSE: 9.877861022949219
EarlyStopping counter: 9 out of 20
====================================================================================================
Epoch:309
Valid RMSE: 9.975963592529297
EarlyStopping counter: 10 out of 20
====================================================================================================
Epoch:310
Valid RMSE: 9.890074729919434
EarlyStopping counter: 11 out of 20
====================================================================================================
Epoch:311
Valid RMSE: 9.901618957519531
EarlyStopping counter: 12 out of 20
====================================================================================================
Epoch:312
Valid RMSE: 9.897918701171875
EarlyStopping counter: 13 out of 20
====================================================================================================
Epoch:313
Valid RMSE: 9.88316535949707
EarlyStopping counter: 14 out of 20
====================================================================================================
Epoch:314
Valid RMSE: 9.893640518188477
EarlyStopping counter: 15 out of 20
====================================================================================================
Epoch:315
Valid RMSE: 9.955212593078613
EarlyStopping counter: 16 out of 20
====================================================================================================
Epoch:316
Valid RMSE: 9.885381698608398
EarlyStopping counter: 17 out of 20
====================================================================================================
Epoch:317
Valid RMSE: 9.963371276855469
EarlyStopping counter: 18 out of 20
====================================================================================================
Epoch:318
Valid RMSE: 9.851839065551758
====================================================================================================
Epoch:319
Valid RMSE: 9.863811492919922
EarlyStopping counter: 1 out of 20
====================================================================================================
Epoch:320
Valid RMSE: 9.878325462341309
EarlyStopping counter: 2 out of 20
====================================================================================================
Epoch:321
Valid RMSE: 9.841899871826172
====================================================================================================
Epoch:322
Valid RMSE: 9.827728271484375
====================================================================================================
Epoch:323
Valid RMSE: 9.827351570129395
====================================================================================================
Epoch:324
Valid RMSE: 9.872339248657227
EarlyStopping counter: 1 out of 20
====================================================================================================
Epoch:325
Valid RMSE: 9.868395805358887
EarlyStopping counter: 2 out of 20
====================================================================================================
Epoch:326
Valid RMSE: 9.866475105285645
EarlyStopping counter: 3 out of 20
====================================================================================================
Epoch:327
Valid RMSE: 9.787453651428223
====================================================================================================
Epoch:328
Valid RMSE: 9.908109664916992
EarlyStopping counter: 1 out of 20
====================================================================================================
Epoch:329
Valid RMSE: 9.792707443237305
EarlyStopping counter: 2 out of 20
====================================================================================================
Epoch:330
Valid RMSE: 9.820802688598633
EarlyStopping counter: 3 out of 20
====================================================================================================
Epoch:331
Valid RMSE: 9.773181915283203
====================================================================================================
Epoch:332
Valid RMSE: 9.787983894348145
EarlyStopping counter: 1 out of 20
====================================================================================================
Epoch:333
Valid RMSE: 9.849775314331055
EarlyStopping counter: 2 out of 20
====================================================================================================
Epoch:334
Valid RMSE: 9.811851501464844
EarlyStopping counter: 3 out of 20
====================================================================================================
Epoch:335
Valid RMSE: 9.745298385620117
====================================================================================================
Epoch:336
Valid RMSE: 9.800884246826172
EarlyStopping counter: 1 out of 20
====================================================================================================
Epoch:337
Valid RMSE: 9.79985237121582
EarlyStopping counter: 2 out of 20
====================================================================================================
Epoch:338
Valid RMSE: 9.749931335449219
EarlyStopping counter: 3 out of 20
====================================================================================================
Epoch:339
Valid RMSE: 9.847074508666992
EarlyStopping counter: 4 out of 20
====================================================================================================
Epoch:340
Valid RMSE: 9.83127212524414
EarlyStopping counter: 5 out of 20
====================================================================================================
Epoch:341
Valid RMSE: 9.803482055664062
EarlyStopping counter: 6 out of 20
====================================================================================================
Epoch:342
Valid RMSE: 9.852418899536133
EarlyStopping counter: 7 out of 20
====================================================================================================
Epoch:343
Valid RMSE: 9.806257247924805
EarlyStopping counter: 8 out of 20
====================================================================================================
Epoch:344
Valid RMSE: 9.711638450622559
====================================================================================================
Epoch:345
Valid RMSE: 9.845722198486328
EarlyStopping counter: 1 out of 20
====================================================================================================
Epoch:346
Valid RMSE: 9.749916076660156
EarlyStopping counter: 2 out of 20
====================================================================================================
Epoch:347
Valid RMSE: 9.679689407348633
====================================================================================================
Epoch:348
Valid RMSE: 9.763622283935547
EarlyStopping counter: 1 out of 20
====================================================================================================
Epoch:349
Valid RMSE: 9.792900085449219
EarlyStopping counter: 2 out of 20
====================================================================================================
Epoch:350
Valid RMSE: 9.776823043823242
EarlyStopping counter: 3 out of 20
====================================================================================================
Epoch:351
Valid RMSE: 9.730522155761719
EarlyStopping counter: 4 out of 20
====================================================================================================
Epoch:352
Valid RMSE: 9.776278495788574
EarlyStopping counter: 5 out of 20
====================================================================================================
Epoch:353
Valid RMSE: 9.808984756469727
EarlyStopping counter: 6 out of 20
====================================================================================================
Epoch:354
Valid RMSE: 9.767658233642578
EarlyStopping counter: 7 out of 20
====================================================================================================
Epoch:355
Valid RMSE: 9.755195617675781
EarlyStopping counter: 8 out of 20
====================================================================================================
Epoch:356
Valid RMSE: 9.793766021728516
EarlyStopping counter: 9 out of 20
====================================================================================================
Epoch:357
Valid RMSE: 9.723108291625977
EarlyStopping counter: 10 out of 20
====================================================================================================
Epoch:358
Valid RMSE: 9.69810962677002
EarlyStopping counter: 11 out of 20
====================================================================================================
Epoch:359
Valid RMSE: 9.667430877685547
====================================================================================================
Epoch:360
Valid RMSE: 9.70047378540039
EarlyStopping counter: 1 out of 20
====================================================================================================
Epoch:361
Valid RMSE: 9.703452110290527
EarlyStopping counter: 2 out of 20
====================================================================================================
Epoch:362
Valid RMSE: 9.757591247558594
EarlyStopping counter: 3 out of 20
====================================================================================================
Epoch:363
Valid RMSE: 9.709356307983398
EarlyStopping counter: 4 out of 20
====================================================================================================
Epoch:364
Valid RMSE: 9.6854248046875
EarlyStopping counter: 5 out of 20
====================================================================================================
Epoch:365
Valid RMSE: 9.68838119506836
EarlyStopping counter: 6 out of 20
====================================================================================================
Epoch:366
Valid RMSE: 9.784637451171875
EarlyStopping counter: 7 out of 20
====================================================================================================
Epoch:367
Valid RMSE: 9.732080459594727
EarlyStopping counter: 8 out of 20
====================================================================================================
Epoch:368
Valid RMSE: 9.652810096740723
====================================================================================================
Epoch:369
Valid RMSE: 9.72651195526123
EarlyStopping counter: 1 out of 20
====================================================================================================
Epoch:370
Valid RMSE: 9.661075592041016
EarlyStopping counter: 2 out of 20
====================================================================================================
Epoch:371
Valid RMSE: 9.682455062866211
EarlyStopping counter: 3 out of 20
====================================================================================================
Epoch:372
Valid RMSE: 9.636919021606445
====================================================================================================
Epoch:373
Valid RMSE: 9.798311233520508
EarlyStopping counter: 1 out of 20
====================================================================================================
Epoch:374
Valid RMSE: 9.688060760498047
EarlyStopping counter: 2 out of 20
====================================================================================================
Epoch:375
Valid RMSE: 9.721555709838867
EarlyStopping counter: 3 out of 20
====================================================================================================
Epoch:376
Valid RMSE: 9.63111400604248
====================================================================================================
Epoch:377
Valid RMSE: 9.704720497131348
EarlyStopping counter: 1 out of 20
====================================================================================================
Epoch:378
Valid RMSE: 9.704124450683594
EarlyStopping counter: 2 out of 20
====================================================================================================
Epoch:379
Valid RMSE: 9.66443920135498
EarlyStopping counter: 3 out of 20
====================================================================================================
Epoch:380
Valid RMSE: 9.60205078125
====================================================================================================
Epoch:381
Valid RMSE: 9.68571662902832
EarlyStopping counter: 1 out of 20
====================================================================================================
Epoch:382
Valid RMSE: 9.682461738586426
EarlyStopping counter: 2 out of 20
====================================================================================================
Epoch:383
Valid RMSE: 9.577844619750977
====================================================================================================
Epoch:384
Valid RMSE: 9.65015983581543
EarlyStopping counter: 1 out of 20
====================================================================================================
Epoch:385
Valid RMSE: 9.666912078857422
EarlyStopping counter: 2 out of 20
====================================================================================================
Epoch:386
Valid RMSE: 9.631119728088379
EarlyStopping counter: 3 out of 20
====================================================================================================
Epoch:387
Valid RMSE: 9.632040977478027
EarlyStopping counter: 4 out of 20
====================================================================================================
Epoch:388
Valid RMSE: 9.631340026855469
EarlyStopping counter: 5 out of 20
====================================================================================================
Epoch:389
Valid RMSE: 9.59487533569336
EarlyStopping counter: 6 out of 20
====================================================================================================
Epoch:390
Valid RMSE: 9.623875617980957
EarlyStopping counter: 7 out of 20
====================================================================================================
Epoch:391
Valid RMSE: 9.643192291259766
EarlyStopping counter: 8 out of 20
====================================================================================================
Epoch:392
Valid RMSE: 9.663153648376465
EarlyStopping counter: 9 out of 20
====================================================================================================
Epoch:393
Valid RMSE: 9.622909545898438
EarlyStopping counter: 10 out of 20
====================================================================================================
Epoch:394
Valid RMSE: 9.622880935668945
EarlyStopping counter: 11 out of 20
====================================================================================================
Epoch:395
Valid RMSE: 9.662016868591309
EarlyStopping counter: 12 out of 20
====================================================================================================
Epoch:396
Valid RMSE: 9.590108871459961
EarlyStopping counter: 13 out of 20
====================================================================================================
Epoch:397
Valid RMSE: 9.580723762512207
EarlyStopping counter: 14 out of 20
====================================================================================================
Epoch:398
Valid RMSE: 9.65549087524414
EarlyStopping counter: 15 out of 20
====================================================================================================
Epoch:399
Valid RMSE: 9.590648651123047
EarlyStopping counter: 16 out of 20
====================================================================================================
Epoch:400
Valid RMSE: 9.571393966674805
====================================================================================================
Epoch:401
Valid RMSE: 9.632121086120605
EarlyStopping counter: 1 out of 20
====================================================================================================
Epoch:402
Valid RMSE: 9.591423034667969
EarlyStopping counter: 2 out of 20
====================================================================================================
Epoch:403
Valid RMSE: 9.57834529876709
EarlyStopping counter: 3 out of 20
====================================================================================================
Epoch:404
Valid RMSE: 9.542335510253906
====================================================================================================
Epoch:405
Valid RMSE: 9.59388542175293
EarlyStopping counter: 1 out of 20
====================================================================================================
Epoch:406
Valid RMSE: 9.553773880004883
EarlyStopping counter: 2 out of 20
====================================================================================================
Epoch:407
Valid RMSE: 9.579137802124023
EarlyStopping counter: 3 out of 20
====================================================================================================
Epoch:408
Valid RMSE: 9.555419921875
EarlyStopping counter: 4 out of 20
====================================================================================================
Epoch:409
Valid RMSE: 9.576255798339844
EarlyStopping counter: 5 out of 20
====================================================================================================
Epoch:410
Valid RMSE: 9.595623016357422
EarlyStopping counter: 6 out of 20
====================================================================================================
Epoch:411
Valid RMSE: 9.551987648010254
EarlyStopping counter: 7 out of 20
====================================================================================================
Epoch:412
Valid RMSE: 9.583566665649414
EarlyStopping counter: 8 out of 20
====================================================================================================
Epoch:413
Valid RMSE: 9.519478797912598
====================================================================================================
Epoch:414
Valid RMSE: 9.537534713745117
EarlyStopping counter: 1 out of 20
====================================================================================================
Epoch:415
Valid RMSE: 9.604981422424316
EarlyStopping counter: 2 out of 20
====================================================================================================
Epoch:416
Valid RMSE: 9.619773864746094
EarlyStopping counter: 3 out of 20
====================================================================================================
Epoch:417
Valid RMSE: 9.500658988952637
====================================================================================================
Epoch:418
Valid RMSE: 9.572030067443848
EarlyStopping counter: 1 out of 20
====================================================================================================
Epoch:419
Valid RMSE: 9.513985633850098
EarlyStopping counter: 2 out of 20
====================================================================================================
Epoch:420
Valid RMSE: 9.571150779724121
EarlyStopping counter: 3 out of 20
====================================================================================================
Epoch:421
Valid RMSE: 9.523234367370605
EarlyStopping counter: 4 out of 20
====================================================================================================
Epoch:422
Valid RMSE: 9.524707794189453
EarlyStopping counter: 5 out of 20
====================================================================================================
Epoch:423
Valid RMSE: 9.576239585876465
EarlyStopping counter: 6 out of 20
====================================================================================================
Epoch:424
Valid RMSE: 9.47941780090332
====================================================================================================
Epoch:425
Valid RMSE: 9.506633758544922
EarlyStopping counter: 1 out of 20
====================================================================================================
Epoch:426
Valid RMSE: 9.547272682189941
EarlyStopping counter: 2 out of 20
====================================================================================================
Epoch:427
Valid RMSE: 9.48849105834961
EarlyStopping counter: 3 out of 20
====================================================================================================
Epoch:428
Valid RMSE: 9.478869438171387
====================================================================================================
Epoch:429
Valid RMSE: 9.50863265991211
EarlyStopping counter: 1 out of 20
====================================================================================================
Epoch:430
Valid RMSE: 9.476393699645996
====================================================================================================
Epoch:431
Valid RMSE: 9.508304595947266
EarlyStopping counter: 1 out of 20
====================================================================================================
Epoch:432
Valid RMSE: 9.497041702270508
EarlyStopping counter: 2 out of 20
====================================================================================================
Epoch:433
Valid RMSE: 9.443367958068848
====================================================================================================
Epoch:434
Valid RMSE: 9.464308738708496
EarlyStopping counter: 1 out of 20
====================================================================================================
Epoch:435
Valid RMSE: 9.477760314941406
EarlyStopping counter: 2 out of 20
====================================================================================================
Epoch:436
Valid RMSE: 9.512876510620117
EarlyStopping counter: 3 out of 20
====================================================================================================
Epoch:437
Valid RMSE: 9.519580841064453
EarlyStopping counter: 4 out of 20
====================================================================================================
Epoch:438
Valid RMSE: 9.415111541748047
====================================================================================================
Epoch:439
Valid RMSE: 9.55093765258789
EarlyStopping counter: 1 out of 20
====================================================================================================
Epoch:440
Valid RMSE: 9.463611602783203
EarlyStopping counter: 2 out of 20
====================================================================================================
Epoch:441
Valid RMSE: 9.510459899902344
EarlyStopping counter: 3 out of 20
====================================================================================================
Epoch:442
Valid RMSE: 9.483505249023438
EarlyStopping counter: 4 out of 20
====================================================================================================
Epoch:443
Valid RMSE: 9.49270248413086
EarlyStopping counter: 5 out of 20
====================================================================================================
Epoch:444
Valid RMSE: 9.466047286987305
EarlyStopping counter: 6 out of 20
====================================================================================================
Epoch:445
Valid RMSE: 9.456338882446289
EarlyStopping counter: 7 out of 20
====================================================================================================
Epoch:446
Valid RMSE: 9.458909034729004
EarlyStopping counter: 8 out of 20
====================================================================================================
Epoch:447
Valid RMSE: 9.389082908630371
====================================================================================================
Epoch:448
Valid RMSE: 9.425153732299805
EarlyStopping counter: 1 out of 20
====================================================================================================
Epoch:449
Valid RMSE: 9.479864120483398
EarlyStopping counter: 2 out of 20
====================================================================================================
Epoch:450
Valid RMSE: 9.472636222839355
EarlyStopping counter: 3 out of 20
====================================================================================================
Epoch:451
Valid RMSE: 9.495692253112793
EarlyStopping counter: 4 out of 20
====================================================================================================
Epoch:452
Valid RMSE: 9.431774139404297
EarlyStopping counter: 5 out of 20
====================================================================================================
Epoch:453
Valid RMSE: 9.457221984863281
EarlyStopping counter: 6 out of 20
====================================================================================================
Epoch:454
Valid RMSE: 9.384241104125977
====================================================================================================
Epoch:455
Valid RMSE: 9.432512283325195
EarlyStopping counter: 1 out of 20
====================================================================================================
Epoch:456
Valid RMSE: 9.397184371948242
EarlyStopping counter: 2 out of 20
====================================================================================================
Epoch:457
Valid RMSE: 9.436888694763184
EarlyStopping counter: 3 out of 20
====================================================================================================
Epoch:458
Valid RMSE: 9.411314010620117
EarlyStopping counter: 4 out of 20
====================================================================================================
Epoch:459
Valid RMSE: 9.434480667114258
EarlyStopping counter: 5 out of 20
====================================================================================================
Epoch:460
Valid RMSE: 9.384330749511719
EarlyStopping counter: 6 out of 20
====================================================================================================
Epoch:461
Valid RMSE: 9.370065689086914
====================================================================================================
Epoch:462
Valid RMSE: 9.371166229248047
EarlyStopping counter: 1 out of 20
====================================================================================================
Epoch:463
Valid RMSE: 9.434574127197266
EarlyStopping counter: 2 out of 20
====================================================================================================
Epoch:464
Valid RMSE: 9.378449440002441
EarlyStopping counter: 3 out of 20
====================================================================================================
Epoch:465
Valid RMSE: 9.433334350585938
EarlyStopping counter: 4 out of 20
====================================================================================================
Epoch:466
Valid RMSE: 9.419408798217773
EarlyStopping counter: 5 out of 20
====================================================================================================
Epoch:467
Valid RMSE: 9.386327743530273
EarlyStopping counter: 6 out of 20
====================================================================================================
Epoch:468
Valid RMSE: 9.394152641296387
EarlyStopping counter: 7 out of 20
====================================================================================================
Epoch:469
Valid RMSE: 9.365547180175781
====================================================================================================
Epoch:470
Valid RMSE: 9.403654098510742
EarlyStopping counter: 1 out of 20
====================================================================================================
Epoch:471
Valid RMSE: 9.416816711425781
EarlyStopping counter: 2 out of 20
====================================================================================================
Epoch:472
Valid RMSE: 9.352630615234375
====================================================================================================
Epoch:473
Valid RMSE: 9.335837364196777
====================================================================================================
Epoch:474
Valid RMSE: 9.375829696655273
EarlyStopping counter: 1 out of 20
====================================================================================================
Epoch:475
Valid RMSE: 9.36584186553955
EarlyStopping counter: 2 out of 20
====================================================================================================
Epoch:476
Valid RMSE: 9.354360580444336
EarlyStopping counter: 3 out of 20
====================================================================================================
Epoch:477
Valid RMSE: 9.406621932983398
EarlyStopping counter: 4 out of 20
====================================================================================================
Epoch:478
Valid RMSE: 9.324444770812988
====================================================================================================
Epoch:479
Valid RMSE: 9.31613826751709
====================================================================================================
Epoch:480
Valid RMSE: 9.40584945678711
EarlyStopping counter: 1 out of 20
====================================================================================================
Epoch:481
Valid RMSE: 9.298623085021973
====================================================================================================
Epoch:482
Valid RMSE: 9.334700584411621
EarlyStopping counter: 1 out of 20
====================================================================================================
Epoch:483
Valid RMSE: 9.312925338745117
EarlyStopping counter: 2 out of 20
====================================================================================================
Epoch:484
Valid RMSE: 9.321673393249512
EarlyStopping counter: 3 out of 20
====================================================================================================
Epoch:485
Valid RMSE: 9.36671257019043
EarlyStopping counter: 4 out of 20
====================================================================================================
Epoch:486
Valid RMSE: 9.374166488647461
EarlyStopping counter: 5 out of 20
====================================================================================================
Epoch:487
Valid RMSE: 9.366634368896484
EarlyStopping counter: 6 out of 20
====================================================================================================
Epoch:488
Valid RMSE: 9.338410377502441
EarlyStopping counter: 7 out of 20
====================================================================================================
Epoch:489
Valid RMSE: 9.403276443481445
EarlyStopping counter: 8 out of 20
====================================================================================================
Epoch:490
Valid RMSE: 9.316840171813965
EarlyStopping counter: 9 out of 20
====================================================================================================
Epoch:491
Valid RMSE: 9.288459777832031
====================================================================================================
Epoch:492
Valid RMSE: 9.353041648864746
EarlyStopping counter: 1 out of 20
====================================================================================================
Epoch:493
Valid RMSE: 9.244329452514648
====================================================================================================
Epoch:494
Valid RMSE: 9.273344039916992
EarlyStopping counter: 1 out of 20
====================================================================================================
Epoch:495
Valid RMSE: 9.314155578613281
EarlyStopping counter: 2 out of 20
====================================================================================================
Epoch:496
Valid RMSE: 9.256807327270508
EarlyStopping counter: 3 out of 20
====================================================================================================
Epoch:497
Valid RMSE: 9.254919052124023
EarlyStopping counter: 4 out of 20
====================================================================================================
Epoch:498
Valid RMSE: 9.309314727783203
EarlyStopping counter: 5 out of 20
====================================================================================================
Epoch:499
Valid RMSE: 9.287667274475098
EarlyStopping counter: 6 out of 20
====================================================================================================
torch.Size([1999, 1, 207, 12])
torch.Size([1999, 1, 207, 12])
torch.Size([1999, 1, 207, 12])
==================================================  Testing  ==================================================
predict shape:  (544, 207, 12)
MAE: 5.663 RMSE: 10.333 MAPE: 11.414
Spend Time: 6543.662003040314
