torch.Size([1999, 1, 207, 12])
torch.Size([1999, 1, 207, 12])
torch.Size([1999, 1, 207, 12])
==================================================  Training  ==================================================
Epoch:0
Valid RMSE: 16.087135314941406
====================================================================================================
Epoch:1
Valid RMSE: 16.065858840942383
====================================================================================================
Epoch:2
Valid RMSE: 15.770868301391602
====================================================================================================
Epoch:3
Valid RMSE: 15.185513496398926
====================================================================================================
Epoch:4
Valid RMSE: 14.583621978759766
====================================================================================================
Epoch:5
Valid RMSE: 14.12584114074707
====================================================================================================
Epoch:6
Valid RMSE: 13.78901481628418
====================================================================================================
Epoch:7
Valid RMSE: 13.547391891479492
====================================================================================================
Epoch:8
Valid RMSE: 13.353996276855469
====================================================================================================
Epoch:9
Valid RMSE: 13.220158576965332
====================================================================================================
Epoch:10
Valid RMSE: 13.029396057128906
====================================================================================================
Epoch:11
Valid RMSE: 12.919827461242676
====================================================================================================
Epoch:12
Valid RMSE: 12.742298126220703
====================================================================================================
Epoch:13
Valid RMSE: 12.664361953735352
====================================================================================================
Epoch:14
Valid RMSE: 12.64242935180664
====================================================================================================
Epoch:15
Valid RMSE: 12.483162879943848
====================================================================================================
Epoch:16
Valid RMSE: 12.410051345825195
====================================================================================================
Epoch:17
Valid RMSE: 12.337163925170898
====================================================================================================
Epoch:18
Valid RMSE: 12.371797561645508
EarlyStopping counter: 1 out of 20
====================================================================================================
Epoch:19
Valid RMSE: 12.280351638793945
====================================================================================================
Epoch:20
Valid RMSE: 12.303640365600586
EarlyStopping counter: 1 out of 20
====================================================================================================
Epoch:21
Valid RMSE: 12.255416870117188
====================================================================================================
Epoch:22
Valid RMSE: 12.278373718261719
EarlyStopping counter: 1 out of 20
====================================================================================================
Epoch:23
Valid RMSE: 12.250388145446777
====================================================================================================
Epoch:24
Valid RMSE: 12.156356811523438
====================================================================================================
Epoch:25
Valid RMSE: 12.1812162399292
EarlyStopping counter: 1 out of 20
====================================================================================================
Epoch:26
Valid RMSE: 12.069424629211426
====================================================================================================
Epoch:27
Valid RMSE: 12.126672744750977
EarlyStopping counter: 1 out of 20
====================================================================================================
Epoch:28
Valid RMSE: 12.101072311401367
EarlyStopping counter: 2 out of 20
====================================================================================================
Epoch:29
Valid RMSE: 12.047420501708984
====================================================================================================
Epoch:30
Valid RMSE: 12.091512680053711
EarlyStopping counter: 1 out of 20
====================================================================================================
Epoch:31
Valid RMSE: 12.084121704101562
EarlyStopping counter: 2 out of 20
====================================================================================================
Epoch:32
Valid RMSE: 11.961715698242188
====================================================================================================
Epoch:33
Valid RMSE: 11.96243667602539
EarlyStopping counter: 1 out of 20
====================================================================================================
Epoch:34
Valid RMSE: 11.911437034606934
====================================================================================================
Epoch:35
Valid RMSE: 11.844217300415039
====================================================================================================
Epoch:36
Valid RMSE: 11.891876220703125
EarlyStopping counter: 1 out of 20
====================================================================================================
Epoch:37
Valid RMSE: 11.863268852233887
EarlyStopping counter: 2 out of 20
====================================================================================================
Epoch:38
Valid RMSE: 11.801074028015137
====================================================================================================
Epoch:39
Valid RMSE: 11.868619918823242
EarlyStopping counter: 1 out of 20
====================================================================================================
Epoch:40
Valid RMSE: 11.853716850280762
EarlyStopping counter: 2 out of 20
====================================================================================================
Epoch:41
Valid RMSE: 11.805963516235352
EarlyStopping counter: 3 out of 20
====================================================================================================
Epoch:42
Valid RMSE: 11.767736434936523
====================================================================================================
Epoch:43
Valid RMSE: 11.750679016113281
====================================================================================================
Epoch:44
Valid RMSE: 11.726054191589355
====================================================================================================
Epoch:45
Valid RMSE: 11.699427604675293
====================================================================================================
Epoch:46
Valid RMSE: 11.680438995361328
====================================================================================================
Epoch:47
Valid RMSE: 11.716337203979492
EarlyStopping counter: 1 out of 20
====================================================================================================
Epoch:48
Valid RMSE: 11.727858543395996
EarlyStopping counter: 2 out of 20
====================================================================================================
Epoch:49
Valid RMSE: 11.649763107299805
====================================================================================================
Epoch:50
Valid RMSE: 11.692279815673828
EarlyStopping counter: 1 out of 20
====================================================================================================
Epoch:51
Valid RMSE: 11.64598560333252
====================================================================================================
Epoch:52
Valid RMSE: 11.647974967956543
EarlyStopping counter: 1 out of 20
====================================================================================================
Epoch:53
Valid RMSE: 11.621828079223633
====================================================================================================
Epoch:54
Valid RMSE: 11.577835083007812
====================================================================================================
Epoch:55
Valid RMSE: 11.479316711425781
====================================================================================================
Epoch:56
Valid RMSE: 11.4846830368042
EarlyStopping counter: 1 out of 20
====================================================================================================
Epoch:57
Valid RMSE: 11.429753303527832
====================================================================================================
Epoch:58
Valid RMSE: 11.425758361816406
====================================================================================================
Epoch:59
Valid RMSE: 11.458576202392578
EarlyStopping counter: 1 out of 20
====================================================================================================
Epoch:60
Valid RMSE: 11.461313247680664
EarlyStopping counter: 2 out of 20
====================================================================================================
Epoch:61
Valid RMSE: 11.319351196289062
====================================================================================================
Epoch:62
Valid RMSE: 11.392494201660156
EarlyStopping counter: 1 out of 20
====================================================================================================
Epoch:63
Valid RMSE: 11.34001350402832
EarlyStopping counter: 2 out of 20
====================================================================================================
Epoch:64
Valid RMSE: 11.323004722595215
EarlyStopping counter: 3 out of 20
====================================================================================================
Epoch:65
Valid RMSE: 11.42280387878418
EarlyStopping counter: 4 out of 20
====================================================================================================
Epoch:66
Valid RMSE: 11.277800559997559
====================================================================================================
Epoch:67
Valid RMSE: 11.31214714050293
EarlyStopping counter: 1 out of 20
====================================================================================================
Epoch:68
Valid RMSE: 11.302410125732422
EarlyStopping counter: 2 out of 20
====================================================================================================
Epoch:69
Valid RMSE: 11.338455200195312
EarlyStopping counter: 3 out of 20
====================================================================================================
Epoch:70
Valid RMSE: 11.222305297851562
====================================================================================================
Epoch:71
Valid RMSE: 11.284762382507324
EarlyStopping counter: 1 out of 20
====================================================================================================
Epoch:72
Valid RMSE: 11.264354705810547
EarlyStopping counter: 2 out of 20
====================================================================================================
Epoch:73
Valid RMSE: 11.215950965881348
====================================================================================================
Epoch:74
Valid RMSE: 11.225984573364258
EarlyStopping counter: 1 out of 20
====================================================================================================
Epoch:75
Valid RMSE: 11.204277038574219
====================================================================================================
Epoch:76
Valid RMSE: 11.173445701599121
====================================================================================================
Epoch:77
Valid RMSE: 11.201027870178223
EarlyStopping counter: 1 out of 20
====================================================================================================
Epoch:78
Valid RMSE: 11.237031936645508
EarlyStopping counter: 2 out of 20
====================================================================================================
Epoch:79
Valid RMSE: 11.194791793823242
EarlyStopping counter: 3 out of 20
====================================================================================================
Epoch:80
Valid RMSE: 11.111952781677246
====================================================================================================
Epoch:81
Valid RMSE: 11.199756622314453
EarlyStopping counter: 1 out of 20
====================================================================================================
Epoch:82
Valid RMSE: 11.230935096740723
EarlyStopping counter: 2 out of 20
====================================================================================================
Epoch:83
Valid RMSE: 11.156079292297363
EarlyStopping counter: 3 out of 20
====================================================================================================
Epoch:84
Valid RMSE: 11.18094539642334
EarlyStopping counter: 4 out of 20
====================================================================================================
Epoch:85
Valid RMSE: 11.151556015014648
EarlyStopping counter: 5 out of 20
====================================================================================================
Epoch:86
Valid RMSE: 11.224093437194824
EarlyStopping counter: 6 out of 20
====================================================================================================
Epoch:87
Valid RMSE: 11.041821479797363
====================================================================================================
Epoch:88
Valid RMSE: 11.043697357177734
EarlyStopping counter: 1 out of 20
====================================================================================================
Epoch:89
Valid RMSE: 11.07811164855957
EarlyStopping counter: 2 out of 20
====================================================================================================
Epoch:90
Valid RMSE: 11.014723777770996
====================================================================================================
Epoch:91
Valid RMSE: 11.007564544677734
====================================================================================================
Epoch:92
Valid RMSE: 10.954191207885742
====================================================================================================
Epoch:93
Valid RMSE: 11.008695602416992
EarlyStopping counter: 1 out of 20
====================================================================================================
Epoch:94
Valid RMSE: 11.02537727355957
EarlyStopping counter: 2 out of 20
====================================================================================================
Epoch:95
Valid RMSE: 11.010523796081543
EarlyStopping counter: 3 out of 20
====================================================================================================
Epoch:96
Valid RMSE: 10.992578506469727
EarlyStopping counter: 4 out of 20
====================================================================================================
Epoch:97
Valid RMSE: 10.93722152709961
====================================================================================================
Epoch:98
Valid RMSE: 10.888822555541992
====================================================================================================
Epoch:99
Valid RMSE: 10.974241256713867
EarlyStopping counter: 1 out of 20
====================================================================================================
Epoch:100
Valid RMSE: 10.927955627441406
EarlyStopping counter: 2 out of 20
====================================================================================================
Epoch:101
Valid RMSE: 10.931954383850098
EarlyStopping counter: 3 out of 20
====================================================================================================
Epoch:102
Valid RMSE: 10.96609878540039
EarlyStopping counter: 4 out of 20
====================================================================================================
Epoch:103
Valid RMSE: 10.951898574829102
EarlyStopping counter: 5 out of 20
====================================================================================================
Epoch:104
Valid RMSE: 10.90114974975586
EarlyStopping counter: 6 out of 20
====================================================================================================
Epoch:105
Valid RMSE: 10.894461631774902
EarlyStopping counter: 7 out of 20
====================================================================================================
Epoch:106
Valid RMSE: 10.922563552856445
EarlyStopping counter: 8 out of 20
====================================================================================================
Epoch:107
Valid RMSE: 11.042390823364258
EarlyStopping counter: 9 out of 20
====================================================================================================
Epoch:108
Valid RMSE: 10.824663162231445
====================================================================================================
Epoch:109
Valid RMSE: 10.856040000915527
EarlyStopping counter: 1 out of 20
====================================================================================================
Epoch:110
Valid RMSE: 10.795586585998535
====================================================================================================
Epoch:111
Valid RMSE: 10.821818351745605
EarlyStopping counter: 1 out of 20
====================================================================================================
Epoch:112
Valid RMSE: 10.817638397216797
EarlyStopping counter: 2 out of 20
====================================================================================================
Epoch:113
Valid RMSE: 10.844776153564453
EarlyStopping counter: 3 out of 20
====================================================================================================
Epoch:114
Valid RMSE: 10.791529655456543
====================================================================================================
Epoch:115
Valid RMSE: 10.841056823730469
EarlyStopping counter: 1 out of 20
====================================================================================================
Epoch:116
Valid RMSE: 10.78726863861084
====================================================================================================
Epoch:117
Valid RMSE: 10.82573127746582
EarlyStopping counter: 1 out of 20
====================================================================================================
Epoch:118
Valid RMSE: 10.766138076782227
====================================================================================================
Epoch:119
Valid RMSE: 10.789511680603027
EarlyStopping counter: 1 out of 20
====================================================================================================
Epoch:120
Valid RMSE: 10.709518432617188
====================================================================================================
Epoch:121
Valid RMSE: 10.76611328125
EarlyStopping counter: 1 out of 20
====================================================================================================
Epoch:122
Valid RMSE: 10.799995422363281
EarlyStopping counter: 2 out of 20
====================================================================================================
Epoch:123
Valid RMSE: 10.816051483154297
EarlyStopping counter: 3 out of 20
====================================================================================================
Epoch:124
Valid RMSE: 10.709203720092773
====================================================================================================
Epoch:125
Valid RMSE: 10.77557373046875
EarlyStopping counter: 1 out of 20
====================================================================================================
Epoch:126
Valid RMSE: 10.82789421081543
EarlyStopping counter: 2 out of 20
====================================================================================================
Epoch:127
Valid RMSE: 10.758721351623535
EarlyStopping counter: 3 out of 20
====================================================================================================
Epoch:128
Valid RMSE: 10.701385498046875
====================================================================================================
Epoch:129
Valid RMSE: 10.669286727905273
====================================================================================================
Epoch:130
Valid RMSE: 10.699103355407715
EarlyStopping counter: 1 out of 20
====================================================================================================
Epoch:131
Valid RMSE: 10.687639236450195
EarlyStopping counter: 2 out of 20
====================================================================================================
Epoch:132
Valid RMSE: 10.728418350219727
EarlyStopping counter: 3 out of 20
====================================================================================================
Epoch:133
Valid RMSE: 10.687060356140137
EarlyStopping counter: 4 out of 20
====================================================================================================
Epoch:134
Valid RMSE: 10.696022033691406
EarlyStopping counter: 5 out of 20
====================================================================================================
Epoch:135
Valid RMSE: 10.640612602233887
====================================================================================================
Epoch:136
Valid RMSE: 10.704875946044922
EarlyStopping counter: 1 out of 20
====================================================================================================
Epoch:137
Valid RMSE: 10.650318145751953
EarlyStopping counter: 2 out of 20
====================================================================================================
Epoch:138
Valid RMSE: 10.60825252532959
====================================================================================================
Epoch:139
Valid RMSE: 10.68982219696045
EarlyStopping counter: 1 out of 20
====================================================================================================
Epoch:140
Valid RMSE: 10.606287002563477
====================================================================================================
Epoch:141
Valid RMSE: 10.585549354553223
====================================================================================================
Epoch:142
Valid RMSE: 10.605264663696289
EarlyStopping counter: 1 out of 20
====================================================================================================
Epoch:143
Valid RMSE: 10.580202102661133
====================================================================================================
Epoch:144
Valid RMSE: 10.624327659606934
EarlyStopping counter: 1 out of 20
====================================================================================================
Epoch:145
Valid RMSE: 10.561603546142578
====================================================================================================
Epoch:146
Valid RMSE: 10.604297637939453
EarlyStopping counter: 1 out of 20
====================================================================================================
Epoch:147
Valid RMSE: 10.537948608398438
====================================================================================================
Epoch:148
Valid RMSE: 10.570533752441406
EarlyStopping counter: 1 out of 20
====================================================================================================
Epoch:149
Valid RMSE: 10.571081161499023
EarlyStopping counter: 2 out of 20
====================================================================================================
Epoch:150
Valid RMSE: 10.703625679016113
EarlyStopping counter: 3 out of 20
====================================================================================================
Epoch:151
Valid RMSE: 10.582958221435547
EarlyStopping counter: 4 out of 20
====================================================================================================
Epoch:152
Valid RMSE: 10.647215843200684
EarlyStopping counter: 5 out of 20
====================================================================================================
Epoch:153
Valid RMSE: 10.550515174865723
EarlyStopping counter: 6 out of 20
====================================================================================================
Epoch:154
Valid RMSE: 10.481252670288086
====================================================================================================
Epoch:155
Valid RMSE: 10.57017993927002
EarlyStopping counter: 1 out of 20
====================================================================================================
Epoch:156
Valid RMSE: 10.522941589355469
EarlyStopping counter: 2 out of 20
====================================================================================================
Epoch:157
Valid RMSE: 10.48042106628418
====================================================================================================
Epoch:158
Valid RMSE: 10.487480163574219
EarlyStopping counter: 1 out of 20
====================================================================================================
Epoch:159
Valid RMSE: 10.57018756866455
EarlyStopping counter: 2 out of 20
====================================================================================================
Epoch:160
Valid RMSE: 10.479324340820312
====================================================================================================
Epoch:161
Valid RMSE: 10.495559692382812
EarlyStopping counter: 1 out of 20
====================================================================================================
Epoch:162
Valid RMSE: 10.439992904663086
====================================================================================================
Epoch:163
Valid RMSE: 10.422220230102539
====================================================================================================
Epoch:164
Valid RMSE: 10.419885635375977
====================================================================================================
Epoch:165
Valid RMSE: 10.408681869506836
====================================================================================================
Epoch:166
Valid RMSE: 10.495064735412598
EarlyStopping counter: 1 out of 20
====================================================================================================
Epoch:167
Valid RMSE: 10.563584327697754
EarlyStopping counter: 2 out of 20
====================================================================================================
Epoch:168
Valid RMSE: 10.557578086853027
EarlyStopping counter: 3 out of 20
====================================================================================================
Epoch:169
Valid RMSE: 10.37750244140625
====================================================================================================
Epoch:170
Valid RMSE: 10.504240989685059
EarlyStopping counter: 1 out of 20
====================================================================================================
Epoch:171
Valid RMSE: 10.436927795410156
EarlyStopping counter: 2 out of 20
====================================================================================================
Epoch:172
Valid RMSE: 10.387937545776367
EarlyStopping counter: 3 out of 20
====================================================================================================
Epoch:173
Valid RMSE: 10.373329162597656
====================================================================================================
Epoch:174
Valid RMSE: 10.306785583496094
====================================================================================================
Epoch:175
Valid RMSE: 10.414437294006348
EarlyStopping counter: 1 out of 20
====================================================================================================
Epoch:176
Valid RMSE: 10.38169002532959
EarlyStopping counter: 2 out of 20
====================================================================================================
Epoch:177
Valid RMSE: 10.333736419677734
EarlyStopping counter: 3 out of 20
====================================================================================================
Epoch:178
Valid RMSE: 10.34836196899414
EarlyStopping counter: 4 out of 20
====================================================================================================
Epoch:179
Valid RMSE: 10.356114387512207
EarlyStopping counter: 5 out of 20
====================================================================================================
Epoch:180
Valid RMSE: 10.334077835083008
EarlyStopping counter: 6 out of 20
====================================================================================================
Epoch:181
Valid RMSE: 10.335512161254883
EarlyStopping counter: 7 out of 20
====================================================================================================
Epoch:182
Valid RMSE: 10.328852653503418
EarlyStopping counter: 8 out of 20
====================================================================================================
Epoch:183
Valid RMSE: 10.288837432861328
====================================================================================================
Epoch:184
Valid RMSE: 10.330852508544922
EarlyStopping counter: 1 out of 20
====================================================================================================
Epoch:185
Valid RMSE: 10.353099822998047
EarlyStopping counter: 2 out of 20
====================================================================================================
Epoch:186
Valid RMSE: 10.299402236938477
EarlyStopping counter: 3 out of 20
====================================================================================================
Epoch:187
Valid RMSE: 10.374366760253906
EarlyStopping counter: 4 out of 20
====================================================================================================
Epoch:188
Valid RMSE: 10.331023216247559
EarlyStopping counter: 5 out of 20
====================================================================================================
Epoch:189
Valid RMSE: 10.362317085266113
EarlyStopping counter: 6 out of 20
====================================================================================================
Epoch:190
Valid RMSE: 10.358384132385254
EarlyStopping counter: 7 out of 20
====================================================================================================
Epoch:191
Valid RMSE: 10.292984962463379
EarlyStopping counter: 8 out of 20
====================================================================================================
Epoch:192
Valid RMSE: 10.314053535461426
EarlyStopping counter: 9 out of 20
====================================================================================================
Epoch:193
Valid RMSE: 10.278197288513184
====================================================================================================
Epoch:194
Valid RMSE: 10.246933937072754
====================================================================================================
Epoch:195
Valid RMSE: 10.23536491394043
====================================================================================================
Epoch:196
Valid RMSE: 10.255359649658203
EarlyStopping counter: 1 out of 20
====================================================================================================
Epoch:197
Valid RMSE: 10.279401779174805
EarlyStopping counter: 2 out of 20
====================================================================================================
Epoch:198
Valid RMSE: 10.267568588256836
EarlyStopping counter: 3 out of 20
====================================================================================================
Epoch:199
Valid RMSE: 10.244138717651367
EarlyStopping counter: 4 out of 20
====================================================================================================
Epoch:200
Valid RMSE: 10.184608459472656
====================================================================================================
Epoch:201
Valid RMSE: 10.2216796875
EarlyStopping counter: 1 out of 20
====================================================================================================
Epoch:202
Valid RMSE: 10.24197006225586
EarlyStopping counter: 2 out of 20
====================================================================================================
Epoch:203
Valid RMSE: 10.212827682495117
EarlyStopping counter: 3 out of 20
====================================================================================================
Epoch:204
Valid RMSE: 10.185359954833984
EarlyStopping counter: 4 out of 20
====================================================================================================
Epoch:205
Valid RMSE: 10.220149993896484
EarlyStopping counter: 5 out of 20
====================================================================================================
Epoch:206
Valid RMSE: 10.192649841308594
EarlyStopping counter: 6 out of 20
====================================================================================================
Epoch:207
Valid RMSE: 10.211692810058594
EarlyStopping counter: 7 out of 20
====================================================================================================
Epoch:208
Valid RMSE: 10.170472145080566
====================================================================================================
Epoch:209
Valid RMSE: 10.190933227539062
EarlyStopping counter: 1 out of 20
====================================================================================================
Epoch:210
Valid RMSE: 10.171812057495117
EarlyStopping counter: 2 out of 20
====================================================================================================
Epoch:211
Valid RMSE: 10.158702850341797
====================================================================================================
Epoch:212
Valid RMSE: 10.106918334960938
====================================================================================================
Epoch:213
Valid RMSE: 10.179952621459961
EarlyStopping counter: 1 out of 20
====================================================================================================
Epoch:214
Valid RMSE: 10.137838363647461
EarlyStopping counter: 2 out of 20
====================================================================================================
Epoch:215
Valid RMSE: 10.135892868041992
EarlyStopping counter: 3 out of 20
====================================================================================================
Epoch:216
Valid RMSE: 10.084611892700195
====================================================================================================
Epoch:217
Valid RMSE: 10.126943588256836
EarlyStopping counter: 1 out of 20
====================================================================================================
Epoch:218
Valid RMSE: 10.044628143310547
====================================================================================================
Epoch:219
Valid RMSE: 10.131214141845703
EarlyStopping counter: 1 out of 20
====================================================================================================
Epoch:220
Valid RMSE: 10.146293640136719
EarlyStopping counter: 2 out of 20
====================================================================================================
Epoch:221
Valid RMSE: 10.065107345581055
EarlyStopping counter: 3 out of 20
====================================================================================================
Epoch:222
Valid RMSE: 10.075788497924805
EarlyStopping counter: 4 out of 20
====================================================================================================
Epoch:223
Valid RMSE: 10.068195343017578
EarlyStopping counter: 5 out of 20
====================================================================================================
Epoch:224
Valid RMSE: 10.044167518615723
====================================================================================================
Epoch:225
Valid RMSE: 10.045337677001953
EarlyStopping counter: 1 out of 20
====================================================================================================
Epoch:226
Valid RMSE: 9.997665405273438
====================================================================================================
Epoch:227
Valid RMSE: 10.042773246765137
EarlyStopping counter: 1 out of 20
====================================================================================================
Epoch:228
Valid RMSE: 10.050756454467773
EarlyStopping counter: 2 out of 20
====================================================================================================
Epoch:229
Valid RMSE: 10.016397476196289
EarlyStopping counter: 3 out of 20
====================================================================================================
Epoch:230
Valid RMSE: 10.0269136428833
EarlyStopping counter: 4 out of 20
====================================================================================================
Epoch:231
Valid RMSE: 10.067998886108398
EarlyStopping counter: 5 out of 20
====================================================================================================
Epoch:232
Valid RMSE: 9.974008560180664
====================================================================================================
Epoch:233
Valid RMSE: 10.04326057434082
EarlyStopping counter: 1 out of 20
====================================================================================================
Epoch:234
Valid RMSE: 9.991403579711914
EarlyStopping counter: 2 out of 20
====================================================================================================
Epoch:235
Valid RMSE: 9.960773468017578
====================================================================================================
Epoch:236
Valid RMSE: 10.001867294311523
EarlyStopping counter: 1 out of 20
====================================================================================================
Epoch:237
Valid RMSE: 10.029739379882812
EarlyStopping counter: 2 out of 20
====================================================================================================
Epoch:238
Valid RMSE: 10.029033660888672
EarlyStopping counter: 3 out of 20
====================================================================================================
Epoch:239
Valid RMSE: 9.934282302856445
====================================================================================================
Epoch:240
Valid RMSE: 9.954319953918457
EarlyStopping counter: 1 out of 20
====================================================================================================
Epoch:241
Valid RMSE: 9.920309066772461
====================================================================================================
Epoch:242
Valid RMSE: 9.92763614654541
EarlyStopping counter: 1 out of 20
====================================================================================================
Epoch:243
Valid RMSE: 9.920162200927734
====================================================================================================
Epoch:244
Valid RMSE: 9.927103042602539
EarlyStopping counter: 1 out of 20
====================================================================================================
Epoch:245
Valid RMSE: 9.877252578735352
====================================================================================================
Epoch:246
Valid RMSE: 9.995399475097656
EarlyStopping counter: 1 out of 20
====================================================================================================
Epoch:247
Valid RMSE: 9.893692016601562
EarlyStopping counter: 2 out of 20
====================================================================================================
Epoch:248
Valid RMSE: 9.937578201293945
EarlyStopping counter: 3 out of 20
====================================================================================================
Epoch:249
Valid RMSE: 9.883407592773438
EarlyStopping counter: 4 out of 20
====================================================================================================
Epoch:250
Valid RMSE: 9.947948455810547
EarlyStopping counter: 5 out of 20
====================================================================================================
Epoch:251
Valid RMSE: 9.869697570800781
====================================================================================================
Epoch:252
Valid RMSE: 9.91628646850586
EarlyStopping counter: 1 out of 20
====================================================================================================
Epoch:253
Valid RMSE: 9.923727989196777
EarlyStopping counter: 2 out of 20
====================================================================================================
Epoch:254
Valid RMSE: 9.870404243469238
EarlyStopping counter: 3 out of 20
====================================================================================================
Epoch:255
Valid RMSE: 9.912975311279297
EarlyStopping counter: 4 out of 20
====================================================================================================
Epoch:256
Valid RMSE: 9.866233825683594
====================================================================================================
Epoch:257
Valid RMSE: 9.880157470703125
EarlyStopping counter: 1 out of 20
====================================================================================================
Epoch:258
Valid RMSE: 9.834760665893555
====================================================================================================
Epoch:259
Valid RMSE: 9.944060325622559
EarlyStopping counter: 1 out of 20
====================================================================================================
Epoch:260
Valid RMSE: 9.856679916381836
EarlyStopping counter: 2 out of 20
====================================================================================================
Epoch:261
Valid RMSE: 9.901505470275879
EarlyStopping counter: 3 out of 20
====================================================================================================
Epoch:262
Valid RMSE: 9.904523849487305
EarlyStopping counter: 4 out of 20
====================================================================================================
Epoch:263
Valid RMSE: 9.825603485107422
====================================================================================================
Epoch:264
Valid RMSE: 9.822210311889648
====================================================================================================
Epoch:265
Valid RMSE: 9.822504043579102
EarlyStopping counter: 1 out of 20
====================================================================================================
Epoch:266
Valid RMSE: 9.89858341217041
EarlyStopping counter: 2 out of 20
====================================================================================================
Epoch:267
Valid RMSE: 9.808622360229492
====================================================================================================
Epoch:268
Valid RMSE: 9.81058406829834
EarlyStopping counter: 1 out of 20
====================================================================================================
Epoch:269
Valid RMSE: 9.834522247314453
EarlyStopping counter: 2 out of 20
====================================================================================================
Epoch:270
Valid RMSE: 9.743115425109863
====================================================================================================
Epoch:271
Valid RMSE: 9.806253433227539
EarlyStopping counter: 1 out of 20
====================================================================================================
Epoch:272
Valid RMSE: 9.7887601852417
EarlyStopping counter: 2 out of 20
====================================================================================================
Epoch:273
Valid RMSE: 9.74722957611084
EarlyStopping counter: 3 out of 20
====================================================================================================
Epoch:274
Valid RMSE: 9.769123077392578
EarlyStopping counter: 4 out of 20
====================================================================================================
Epoch:275
Valid RMSE: 9.764557838439941
EarlyStopping counter: 5 out of 20
====================================================================================================
Epoch:276
Valid RMSE: 9.743791580200195
EarlyStopping counter: 6 out of 20
====================================================================================================
Epoch:277
Valid RMSE: 9.737966537475586
====================================================================================================
Epoch:278
Valid RMSE: 9.747881889343262
EarlyStopping counter: 1 out of 20
====================================================================================================
Epoch:279
Valid RMSE: 9.710926055908203
====================================================================================================
Epoch:280
Valid RMSE: 9.79074478149414
EarlyStopping counter: 1 out of 20
====================================================================================================
Epoch:281
Valid RMSE: 9.749631881713867
EarlyStopping counter: 2 out of 20
====================================================================================================
Epoch:282
Valid RMSE: 9.722663879394531
EarlyStopping counter: 3 out of 20
====================================================================================================
Epoch:283
Valid RMSE: 9.773086547851562
EarlyStopping counter: 4 out of 20
====================================================================================================
Epoch:284
Valid RMSE: 9.745378494262695
EarlyStopping counter: 5 out of 20
====================================================================================================
Epoch:285
Valid RMSE: 9.720954895019531
EarlyStopping counter: 6 out of 20
====================================================================================================
Epoch:286
Valid RMSE: 9.663445472717285
====================================================================================================
Epoch:287
Valid RMSE: 9.734838485717773
EarlyStopping counter: 1 out of 20
====================================================================================================
Epoch:288
Valid RMSE: 9.66038990020752
====================================================================================================
Epoch:289
Valid RMSE: 9.666597366333008
EarlyStopping counter: 1 out of 20
====================================================================================================
Epoch:290
Valid RMSE: 9.749056816101074
EarlyStopping counter: 2 out of 20
====================================================================================================
Epoch:291
Valid RMSE: 9.660691261291504
EarlyStopping counter: 3 out of 20
====================================================================================================
Epoch:292
Valid RMSE: 9.678211212158203
EarlyStopping counter: 4 out of 20
====================================================================================================
Epoch:293
Valid RMSE: 9.634344100952148
====================================================================================================
Epoch:294
Valid RMSE: 9.671302795410156
EarlyStopping counter: 1 out of 20
====================================================================================================
Epoch:295
Valid RMSE: 9.652702331542969
EarlyStopping counter: 2 out of 20
====================================================================================================
Epoch:296
Valid RMSE: 9.639227867126465
EarlyStopping counter: 3 out of 20
====================================================================================================
Epoch:297
Valid RMSE: 9.621806144714355
====================================================================================================
Epoch:298
Valid RMSE: 9.618913650512695
====================================================================================================
Epoch:299
Valid RMSE: 9.699016571044922
EarlyStopping counter: 1 out of 20
====================================================================================================
Epoch:300
Valid RMSE: 9.641477584838867
EarlyStopping counter: 2 out of 20
====================================================================================================
Epoch:301
Valid RMSE: 9.584074974060059
====================================================================================================
Epoch:302
Valid RMSE: 9.633100509643555
EarlyStopping counter: 1 out of 20
====================================================================================================
Epoch:303
Valid RMSE: 9.615158081054688
EarlyStopping counter: 2 out of 20
====================================================================================================
Epoch:304
Valid RMSE: 9.610189437866211
EarlyStopping counter: 3 out of 20
====================================================================================================
Epoch:305
Valid RMSE: 9.659923553466797
EarlyStopping counter: 4 out of 20
====================================================================================================
Epoch:306
Valid RMSE: 9.593267440795898
EarlyStopping counter: 5 out of 20
====================================================================================================
Epoch:307
Valid RMSE: 9.56202220916748
====================================================================================================
Epoch:308
Valid RMSE: 9.573404312133789
EarlyStopping counter: 1 out of 20
====================================================================================================
Epoch:309
Valid RMSE: 9.60049057006836
EarlyStopping counter: 2 out of 20
====================================================================================================
Epoch:310
Valid RMSE: 9.607305526733398
EarlyStopping counter: 3 out of 20
====================================================================================================
Epoch:311
Valid RMSE: 9.581377029418945
EarlyStopping counter: 4 out of 20
====================================================================================================
Epoch:312
Valid RMSE: 9.61446762084961
EarlyStopping counter: 5 out of 20
====================================================================================================
Epoch:313
Valid RMSE: 9.553512573242188
====================================================================================================
Epoch:314
Valid RMSE: 9.59598159790039
EarlyStopping counter: 1 out of 20
====================================================================================================
Epoch:315
Valid RMSE: 9.631781578063965
EarlyStopping counter: 2 out of 20
====================================================================================================
Epoch:316
Valid RMSE: 9.541908264160156
====================================================================================================
Epoch:317
Valid RMSE: 9.608567237854004
EarlyStopping counter: 1 out of 20
====================================================================================================
Epoch:318
Valid RMSE: 9.511019706726074
====================================================================================================
Epoch:319
Valid RMSE: 9.601944923400879
EarlyStopping counter: 1 out of 20
====================================================================================================
Epoch:320
Valid RMSE: 9.529712677001953
EarlyStopping counter: 2 out of 20
====================================================================================================
Epoch:321
Valid RMSE: 9.551578521728516
EarlyStopping counter: 3 out of 20
====================================================================================================
Epoch:322
Valid RMSE: 9.489032745361328
====================================================================================================
Epoch:323
Valid RMSE: 9.488611221313477
====================================================================================================
Epoch:324
Valid RMSE: 9.579108238220215
EarlyStopping counter: 1 out of 20
====================================================================================================
Epoch:325
Valid RMSE: 9.49474048614502
EarlyStopping counter: 2 out of 20
====================================================================================================
Epoch:326
Valid RMSE: 9.584861755371094
EarlyStopping counter: 3 out of 20
====================================================================================================
Epoch:327
Valid RMSE: 9.532575607299805
EarlyStopping counter: 4 out of 20
====================================================================================================
Epoch:328
Valid RMSE: 9.512313842773438
EarlyStopping counter: 5 out of 20
====================================================================================================
Epoch:329
Valid RMSE: 9.494452476501465
EarlyStopping counter: 6 out of 20
====================================================================================================
Epoch:330
Valid RMSE: 9.47758960723877
====================================================================================================
Epoch:331
Valid RMSE: 9.50339126586914
EarlyStopping counter: 1 out of 20
====================================================================================================
Epoch:332
Valid RMSE: 9.478660583496094
EarlyStopping counter: 2 out of 20
====================================================================================================
Epoch:333
Valid RMSE: 9.490119934082031
EarlyStopping counter: 3 out of 20
====================================================================================================
Epoch:334
Valid RMSE: 9.516693115234375
EarlyStopping counter: 4 out of 20
====================================================================================================
Epoch:335
Valid RMSE: 9.478302001953125
EarlyStopping counter: 5 out of 20
====================================================================================================
Epoch:336
Valid RMSE: 9.446182250976562
====================================================================================================
Epoch:337
Valid RMSE: 9.515702247619629
EarlyStopping counter: 1 out of 20
====================================================================================================
Epoch:338
Valid RMSE: 9.471834182739258
EarlyStopping counter: 2 out of 20
====================================================================================================
Epoch:339
Valid RMSE: 9.434629440307617
====================================================================================================
Epoch:340
Valid RMSE: 9.545494079589844
EarlyStopping counter: 1 out of 20
====================================================================================================
Epoch:341
Valid RMSE: 9.443841934204102
EarlyStopping counter: 2 out of 20
====================================================================================================
Epoch:342
Valid RMSE: 9.450418472290039
EarlyStopping counter: 3 out of 20
====================================================================================================
Epoch:343
Valid RMSE: 9.449216842651367
EarlyStopping counter: 4 out of 20
====================================================================================================
Epoch:344
Valid RMSE: 9.393341064453125
====================================================================================================
Epoch:345
Valid RMSE: 9.407220840454102
EarlyStopping counter: 1 out of 20
====================================================================================================
Epoch:346
Valid RMSE: 9.396871566772461
EarlyStopping counter: 2 out of 20
====================================================================================================
Epoch:347
Valid RMSE: 9.462091445922852
EarlyStopping counter: 3 out of 20
====================================================================================================
Epoch:348
Valid RMSE: 9.439645767211914
EarlyStopping counter: 4 out of 20
====================================================================================================
Epoch:349
Valid RMSE: 9.481660842895508
EarlyStopping counter: 5 out of 20
====================================================================================================
Epoch:350
Valid RMSE: 9.389999389648438
====================================================================================================
Epoch:351
Valid RMSE: 9.382128715515137
====================================================================================================
Epoch:352
Valid RMSE: 9.412195205688477
EarlyStopping counter: 1 out of 20
====================================================================================================
Epoch:353
Valid RMSE: 9.386442184448242
EarlyStopping counter: 2 out of 20
====================================================================================================
Epoch:354
Valid RMSE: 9.391284942626953
EarlyStopping counter: 3 out of 20
====================================================================================================
Epoch:355
Valid RMSE: 9.327524185180664
====================================================================================================
Epoch:356
Valid RMSE: 9.341743469238281
EarlyStopping counter: 1 out of 20
====================================================================================================
Epoch:357
Valid RMSE: 9.324867248535156
====================================================================================================
Epoch:358
Valid RMSE: 9.362735748291016
EarlyStopping counter: 1 out of 20
====================================================================================================
Epoch:359
Valid RMSE: 9.42206859588623
EarlyStopping counter: 2 out of 20
====================================================================================================
Epoch:360
Valid RMSE: 9.332813262939453
EarlyStopping counter: 3 out of 20
====================================================================================================
Epoch:361
Valid RMSE: 9.35234260559082
EarlyStopping counter: 4 out of 20
====================================================================================================
Epoch:362
Valid RMSE: 9.321783065795898
====================================================================================================
Epoch:363
Valid RMSE: 9.340139389038086
EarlyStopping counter: 1 out of 20
====================================================================================================
Epoch:364
Valid RMSE: 9.342662811279297
EarlyStopping counter: 2 out of 20
====================================================================================================
Epoch:365
Valid RMSE: 9.319168090820312
====================================================================================================
Epoch:366
Valid RMSE: 9.29951286315918
====================================================================================================
Epoch:367
Valid RMSE: 9.327821731567383
EarlyStopping counter: 1 out of 20
====================================================================================================
Epoch:368
Valid RMSE: 9.296329498291016
====================================================================================================
Epoch:369
Valid RMSE: 9.267131805419922
====================================================================================================
Epoch:370
Valid RMSE: 9.33300495147705
EarlyStopping counter: 1 out of 20
====================================================================================================
Epoch:371
Valid RMSE: 9.26643180847168
====================================================================================================
Epoch:372
Valid RMSE: 9.272493362426758
EarlyStopping counter: 1 out of 20
====================================================================================================
Epoch:373
Valid RMSE: 9.286602020263672
EarlyStopping counter: 2 out of 20
====================================================================================================
Epoch:374
Valid RMSE: 9.246536254882812
====================================================================================================
Epoch:375
Valid RMSE: 9.266464233398438
EarlyStopping counter: 1 out of 20
====================================================================================================
Epoch:376
Valid RMSE: 9.275086402893066
EarlyStopping counter: 2 out of 20
====================================================================================================
Epoch:377
Valid RMSE: 9.3531494140625
EarlyStopping counter: 3 out of 20
====================================================================================================
Epoch:378
Valid RMSE: 9.291664123535156
EarlyStopping counter: 4 out of 20
====================================================================================================
Epoch:379
Valid RMSE: 9.238214492797852
====================================================================================================
Epoch:380
Valid RMSE: 9.253071784973145
EarlyStopping counter: 1 out of 20
====================================================================================================
Epoch:381
Valid RMSE: 9.235479354858398
====================================================================================================
Epoch:382
Valid RMSE: 9.247678756713867
EarlyStopping counter: 1 out of 20
====================================================================================================
Epoch:383
Valid RMSE: 9.268871307373047
EarlyStopping counter: 2 out of 20
====================================================================================================
Epoch:384
Valid RMSE: 9.21450138092041
====================================================================================================
Epoch:385
Valid RMSE: 9.18942642211914
====================================================================================================
Epoch:386
Valid RMSE: 9.286087036132812
EarlyStopping counter: 1 out of 20
====================================================================================================
Epoch:387
Valid RMSE: 9.218147277832031
EarlyStopping counter: 2 out of 20
====================================================================================================
Epoch:388
Valid RMSE: 9.252057075500488
EarlyStopping counter: 3 out of 20
====================================================================================================
Epoch:389
Valid RMSE: 9.249881744384766
EarlyStopping counter: 4 out of 20
====================================================================================================
Epoch:390
Valid RMSE: 9.206209182739258
EarlyStopping counter: 5 out of 20
====================================================================================================
Epoch:391
Valid RMSE: 9.16507339477539
====================================================================================================
Epoch:392
Valid RMSE: 9.215734481811523
EarlyStopping counter: 1 out of 20
====================================================================================================
Epoch:393
Valid RMSE: 9.163793563842773
====================================================================================================
Epoch:394
Valid RMSE: 9.16366195678711
====================================================================================================
Epoch:395
Valid RMSE: 9.241220474243164
EarlyStopping counter: 1 out of 20
====================================================================================================
Epoch:396
Valid RMSE: 9.185619354248047
EarlyStopping counter: 2 out of 20
====================================================================================================
Epoch:397
Valid RMSE: 9.215600967407227
EarlyStopping counter: 3 out of 20
====================================================================================================
Epoch:398
Valid RMSE: 9.234837532043457
EarlyStopping counter: 4 out of 20
====================================================================================================
Epoch:399
Valid RMSE: 9.151532173156738
====================================================================================================
Epoch:400
Valid RMSE: 9.196237564086914
EarlyStopping counter: 1 out of 20
====================================================================================================
Epoch:401
Valid RMSE: 9.174848556518555
EarlyStopping counter: 2 out of 20
====================================================================================================
Epoch:402
Valid RMSE: 9.188530921936035
EarlyStopping counter: 3 out of 20
====================================================================================================
Epoch:403
Valid RMSE: 9.14677906036377
====================================================================================================
Epoch:404
Valid RMSE: 9.101469039916992
====================================================================================================
Epoch:405
Valid RMSE: 9.244279861450195
EarlyStopping counter: 1 out of 20
====================================================================================================
Epoch:406
Valid RMSE: 9.105632781982422
EarlyStopping counter: 2 out of 20
====================================================================================================
Epoch:407
Valid RMSE: 9.124739646911621
EarlyStopping counter: 3 out of 20
====================================================================================================
Epoch:408
Valid RMSE: 9.130926132202148
EarlyStopping counter: 4 out of 20
====================================================================================================
Epoch:409
Valid RMSE: 9.111061096191406
EarlyStopping counter: 5 out of 20
====================================================================================================
Epoch:410
Valid RMSE: 9.11974048614502
EarlyStopping counter: 6 out of 20
====================================================================================================
Epoch:411
Valid RMSE: 9.053388595581055
====================================================================================================
Epoch:412
Valid RMSE: 9.101319313049316
EarlyStopping counter: 1 out of 20
====================================================================================================
Epoch:413
Valid RMSE: 9.083440780639648
EarlyStopping counter: 2 out of 20
====================================================================================================
Epoch:414
Valid RMSE: 9.133779525756836
EarlyStopping counter: 3 out of 20
====================================================================================================
Epoch:415
Valid RMSE: 9.120101928710938
EarlyStopping counter: 4 out of 20
====================================================================================================
Epoch:416
Valid RMSE: 9.117587089538574
EarlyStopping counter: 5 out of 20
====================================================================================================
Epoch:417
Valid RMSE: 9.060300827026367
EarlyStopping counter: 6 out of 20
====================================================================================================
Epoch:418
Valid RMSE: 9.055837631225586
EarlyStopping counter: 7 out of 20
====================================================================================================
Epoch:419
Valid RMSE: 9.110068321228027
EarlyStopping counter: 8 out of 20
====================================================================================================
Epoch:420
Valid RMSE: 9.12552261352539
EarlyStopping counter: 9 out of 20
====================================================================================================
Epoch:421
Valid RMSE: 9.125564575195312
EarlyStopping counter: 10 out of 20
====================================================================================================
Epoch:422
Valid RMSE: 9.075623512268066
EarlyStopping counter: 11 out of 20
====================================================================================================
Epoch:423
Valid RMSE: 9.03357219696045
====================================================================================================
Epoch:424
Valid RMSE: 9.125141143798828
EarlyStopping counter: 1 out of 20
====================================================================================================
Epoch:425
Valid RMSE: 9.028282165527344
====================================================================================================
Epoch:426
Valid RMSE: 9.057401657104492
EarlyStopping counter: 1 out of 20
====================================================================================================
Epoch:427
Valid RMSE: 9.034366607666016
EarlyStopping counter: 2 out of 20
====================================================================================================
Epoch:428
Valid RMSE: 9.022342681884766
====================================================================================================
Epoch:429
Valid RMSE: 8.993284225463867
====================================================================================================
Epoch:430
Valid RMSE: 9.036802291870117
EarlyStopping counter: 1 out of 20
====================================================================================================
Epoch:431
Valid RMSE: 9.049348831176758
EarlyStopping counter: 2 out of 20
====================================================================================================
Epoch:432
Valid RMSE: 9.02375602722168
EarlyStopping counter: 3 out of 20
====================================================================================================
Epoch:433
Valid RMSE: 9.069570541381836
EarlyStopping counter: 4 out of 20
====================================================================================================
Epoch:434
Valid RMSE: 9.004166603088379
EarlyStopping counter: 5 out of 20
====================================================================================================
Epoch:435
Valid RMSE: 8.998406410217285
EarlyStopping counter: 6 out of 20
====================================================================================================
Epoch:436
Valid RMSE: 8.958961486816406
====================================================================================================
Epoch:437
Valid RMSE: 8.962257385253906
EarlyStopping counter: 1 out of 20
====================================================================================================
Epoch:438
Valid RMSE: 9.022961616516113
EarlyStopping counter: 2 out of 20
====================================================================================================
Epoch:439
Valid RMSE: 8.961870193481445
EarlyStopping counter: 3 out of 20
====================================================================================================
Epoch:440
Valid RMSE: 9.005473136901855
EarlyStopping counter: 4 out of 20
====================================================================================================
Epoch:441
Valid RMSE: 9.08218002319336
EarlyStopping counter: 5 out of 20
====================================================================================================
Epoch:442
Valid RMSE: 9.002384185791016
EarlyStopping counter: 6 out of 20
====================================================================================================
Epoch:443
Valid RMSE: 8.9644775390625
EarlyStopping counter: 7 out of 20
====================================================================================================
Epoch:444
Valid RMSE: 8.954557418823242
====================================================================================================
Epoch:445
Valid RMSE: 8.967303276062012
EarlyStopping counter: 1 out of 20
====================================================================================================
Epoch:446
Valid RMSE: 8.969697952270508
EarlyStopping counter: 2 out of 20
====================================================================================================
Epoch:447
Valid RMSE: 8.951720237731934
====================================================================================================
Epoch:448
Valid RMSE: 8.958436965942383
EarlyStopping counter: 1 out of 20
====================================================================================================
Epoch:449
Valid RMSE: 8.926319122314453
====================================================================================================
Epoch:450
Valid RMSE: 8.960905075073242
EarlyStopping counter: 1 out of 20
====================================================================================================
Epoch:451
Valid RMSE: 8.902206420898438
====================================================================================================
Epoch:452
Valid RMSE: 8.943918228149414
EarlyStopping counter: 1 out of 20
====================================================================================================
Epoch:453
Valid RMSE: 8.977163314819336
EarlyStopping counter: 2 out of 20
====================================================================================================
Epoch:454
Valid RMSE: 8.965408325195312
EarlyStopping counter: 3 out of 20
====================================================================================================
Epoch:455
Valid RMSE: 8.931072235107422
EarlyStopping counter: 4 out of 20
====================================================================================================
Epoch:456
Valid RMSE: 8.986287117004395
EarlyStopping counter: 5 out of 20
====================================================================================================
Epoch:457
Valid RMSE: 8.880045890808105
====================================================================================================
Epoch:458
Valid RMSE: 8.904584884643555
EarlyStopping counter: 1 out of 20
====================================================================================================
Epoch:459
Valid RMSE: 8.93521785736084
EarlyStopping counter: 2 out of 20
====================================================================================================
Epoch:460
Valid RMSE: 8.91830825805664
EarlyStopping counter: 3 out of 20
====================================================================================================
Epoch:461
Valid RMSE: 8.903810501098633
EarlyStopping counter: 4 out of 20
====================================================================================================
Epoch:462
Valid RMSE: 8.89841365814209
EarlyStopping counter: 5 out of 20
====================================================================================================
Epoch:463
Valid RMSE: 8.948906898498535
EarlyStopping counter: 6 out of 20
====================================================================================================
Epoch:464
Valid RMSE: 8.88581657409668
EarlyStopping counter: 7 out of 20
====================================================================================================
Epoch:465
Valid RMSE: 8.902139663696289
EarlyStopping counter: 8 out of 20
====================================================================================================
Epoch:466
Valid RMSE: 8.9030179977417
EarlyStopping counter: 9 out of 20
====================================================================================================
Epoch:467
Valid RMSE: 8.902701377868652
EarlyStopping counter: 10 out of 20
====================================================================================================
Epoch:468
Valid RMSE: 8.85794448852539
====================================================================================================
Epoch:469
Valid RMSE: 8.871088981628418
EarlyStopping counter: 1 out of 20
====================================================================================================
Epoch:470
Valid RMSE: 8.859153747558594
EarlyStopping counter: 2 out of 20
====================================================================================================
Epoch:471
Valid RMSE: 8.892556190490723
EarlyStopping counter: 3 out of 20
====================================================================================================
Epoch:472
Valid RMSE: 8.886232376098633
EarlyStopping counter: 4 out of 20
====================================================================================================
Epoch:473
Valid RMSE: 8.909286499023438
EarlyStopping counter: 5 out of 20
====================================================================================================
Epoch:474
Valid RMSE: 8.863842010498047
EarlyStopping counter: 6 out of 20
====================================================================================================
Epoch:475
Valid RMSE: 8.882359504699707
EarlyStopping counter: 7 out of 20
====================================================================================================
Epoch:476
Valid RMSE: 8.922819137573242
EarlyStopping counter: 8 out of 20
====================================================================================================
Epoch:477
Valid RMSE: 8.859217643737793
EarlyStopping counter: 9 out of 20
====================================================================================================
Epoch:478
Valid RMSE: 8.873491287231445
EarlyStopping counter: 10 out of 20
====================================================================================================
Epoch:479
Valid RMSE: 8.911242485046387
EarlyStopping counter: 11 out of 20
====================================================================================================
Epoch:480
Valid RMSE: 8.88992977142334
EarlyStopping counter: 12 out of 20
====================================================================================================
Epoch:481
Valid RMSE: 8.857955932617188
EarlyStopping counter: 13 out of 20
====================================================================================================
Epoch:482
Valid RMSE: 8.877516746520996
EarlyStopping counter: 14 out of 20
====================================================================================================
Epoch:483
Valid RMSE: 8.857337951660156
====================================================================================================
Epoch:484
Valid RMSE: 8.842084884643555
====================================================================================================
Epoch:485
Valid RMSE: 8.819266319274902
====================================================================================================
Epoch:486
Valid RMSE: 8.840457916259766
EarlyStopping counter: 1 out of 20
====================================================================================================
Epoch:487
Valid RMSE: 8.856341361999512
EarlyStopping counter: 2 out of 20
====================================================================================================
Epoch:488
Valid RMSE: 8.858512878417969
EarlyStopping counter: 3 out of 20
====================================================================================================
Epoch:489
Valid RMSE: 8.843231201171875
EarlyStopping counter: 4 out of 20
====================================================================================================
Epoch:490
Valid RMSE: 8.859015464782715
EarlyStopping counter: 5 out of 20
====================================================================================================
Epoch:491
Valid RMSE: 8.834949493408203
EarlyStopping counter: 6 out of 20
====================================================================================================
Epoch:492
Valid RMSE: 8.830946922302246
EarlyStopping counter: 7 out of 20
====================================================================================================
Epoch:493
Valid RMSE: 8.826153755187988
EarlyStopping counter: 8 out of 20
====================================================================================================
Epoch:494
Valid RMSE: 8.85577392578125
EarlyStopping counter: 9 out of 20
====================================================================================================
Epoch:495
Valid RMSE: 8.840129852294922
EarlyStopping counter: 10 out of 20
====================================================================================================
Epoch:496
Valid RMSE: 8.797396659851074
====================================================================================================
Epoch:497
Valid RMSE: 8.805907249450684
EarlyStopping counter: 1 out of 20
====================================================================================================
Epoch:498
Valid RMSE: 8.794998168945312
====================================================================================================
Epoch:499
Valid RMSE: 8.822694778442383
EarlyStopping counter: 1 out of 20
====================================================================================================
torch.Size([1999, 1, 207, 12])
torch.Size([1999, 1, 207, 12])
torch.Size([1999, 1, 207, 12])
==================================================  Testing  ==================================================
predict shape:  (544, 207, 12)
MAE: 5.889 RMSE: 10.524 MAPE: 11.512
Spend Time: 5704.794702529907
