torch.Size([1999, 1, 207, 12])
torch.Size([1999, 1, 207, 12])
torch.Size([1999, 1, 207, 12])
==================================================  Training  ==================================================
Epoch:0
Valid RMSE: 16.07952117919922
====================================================================================================
Epoch:1
Valid RMSE: 15.936653137207031
====================================================================================================
Epoch:2
Valid RMSE: 15.607891082763672
====================================================================================================
Epoch:3
Valid RMSE: 15.044046401977539
====================================================================================================
Epoch:4
Valid RMSE: 14.51041030883789
====================================================================================================
Epoch:5
Valid RMSE: 14.028910636901855
====================================================================================================
Epoch:6
Valid RMSE: 13.626611709594727
====================================================================================================
Epoch:7
Valid RMSE: 13.41707992553711
====================================================================================================
Epoch:8
Valid RMSE: 13.295262336730957
====================================================================================================
Epoch:9
Valid RMSE: 13.04184341430664
====================================================================================================
Epoch:10
Valid RMSE: 12.858987808227539
====================================================================================================
Epoch:11
Valid RMSE: 12.693660736083984
====================================================================================================
Epoch:12
Valid RMSE: 12.711965560913086
EarlyStopping counter: 1 out of 20
====================================================================================================
Epoch:13
Valid RMSE: 12.491387367248535
====================================================================================================
Epoch:14
Valid RMSE: 12.454547882080078
====================================================================================================
Epoch:15
Valid RMSE: 12.431983947753906
====================================================================================================
Epoch:16
Valid RMSE: 12.3778657913208
====================================================================================================
Epoch:17
Valid RMSE: 12.294334411621094
====================================================================================================
Epoch:18
Valid RMSE: 12.288646697998047
====================================================================================================
Epoch:19
Valid RMSE: 12.312596321105957
EarlyStopping counter: 1 out of 20
====================================================================================================
Epoch:20
Valid RMSE: 12.23137092590332
====================================================================================================
Epoch:21
Valid RMSE: 12.236400604248047
EarlyStopping counter: 1 out of 20
====================================================================================================
Epoch:22
Valid RMSE: 12.156984329223633
====================================================================================================
Epoch:23
Valid RMSE: 12.17037296295166
EarlyStopping counter: 1 out of 20
====================================================================================================
Epoch:24
Valid RMSE: 12.117008209228516
====================================================================================================
Epoch:25
Valid RMSE: 12.152377128601074
EarlyStopping counter: 1 out of 20
====================================================================================================
Epoch:26
Valid RMSE: 12.06493854522705
====================================================================================================
Epoch:27
Valid RMSE: 12.000633239746094
====================================================================================================
Epoch:28
Valid RMSE: 12.008410453796387
EarlyStopping counter: 1 out of 20
====================================================================================================
Epoch:29
Valid RMSE: 11.983430862426758
====================================================================================================
Epoch:30
Valid RMSE: 11.930917739868164
====================================================================================================
Epoch:31
Valid RMSE: 11.942658424377441
EarlyStopping counter: 1 out of 20
====================================================================================================
Epoch:32
Valid RMSE: 11.84658145904541
====================================================================================================
Epoch:33
Valid RMSE: 11.831949234008789
====================================================================================================
Epoch:34
Valid RMSE: 11.829089164733887
====================================================================================================
Epoch:35
Valid RMSE: 11.870856285095215
EarlyStopping counter: 1 out of 20
====================================================================================================
Epoch:36
Valid RMSE: 11.844533920288086
EarlyStopping counter: 2 out of 20
====================================================================================================
Epoch:37
Valid RMSE: 11.872882843017578
EarlyStopping counter: 3 out of 20
====================================================================================================
Epoch:38
Valid RMSE: 11.780050277709961
====================================================================================================
Epoch:39
Valid RMSE: 11.77728271484375
====================================================================================================
Epoch:40
Valid RMSE: 11.694510459899902
====================================================================================================
Epoch:41
Valid RMSE: 11.672218322753906
====================================================================================================
Epoch:42
Valid RMSE: 11.745851516723633
EarlyStopping counter: 1 out of 20
====================================================================================================
Epoch:43
Valid RMSE: 11.612044334411621
====================================================================================================
Epoch:44
Valid RMSE: 11.677743911743164
EarlyStopping counter: 1 out of 20
====================================================================================================
Epoch:45
Valid RMSE: 11.737194061279297
EarlyStopping counter: 2 out of 20
====================================================================================================
Epoch:46
Valid RMSE: 11.658266067504883
EarlyStopping counter: 3 out of 20
====================================================================================================
Epoch:47
Valid RMSE: 11.552886962890625
====================================================================================================
Epoch:48
Valid RMSE: 11.601993560791016
EarlyStopping counter: 1 out of 20
====================================================================================================
Epoch:49
Valid RMSE: 11.548198699951172
====================================================================================================
Epoch:50
Valid RMSE: 11.528548240661621
====================================================================================================
Epoch:51
Valid RMSE: 11.566789627075195
EarlyStopping counter: 1 out of 20
====================================================================================================
Epoch:52
Valid RMSE: 11.50791072845459
====================================================================================================
Epoch:53
Valid RMSE: 11.504727363586426
====================================================================================================
Epoch:54
Valid RMSE: 11.523598670959473
EarlyStopping counter: 1 out of 20
====================================================================================================
Epoch:55
Valid RMSE: 11.463249206542969
====================================================================================================
Epoch:56
Valid RMSE: 11.484747886657715
EarlyStopping counter: 1 out of 20
====================================================================================================
Epoch:57
Valid RMSE: 11.452421188354492
====================================================================================================
Epoch:58
Valid RMSE: 11.460870742797852
EarlyStopping counter: 1 out of 20
====================================================================================================
Epoch:59
Valid RMSE: 11.433782577514648
====================================================================================================
Epoch:60
Valid RMSE: 11.436925888061523
EarlyStopping counter: 1 out of 20
====================================================================================================
Epoch:61
Valid RMSE: 11.338016510009766
====================================================================================================
Epoch:62
Valid RMSE: 11.36782455444336
EarlyStopping counter: 1 out of 20
====================================================================================================
Epoch:63
Valid RMSE: 11.347253799438477
EarlyStopping counter: 2 out of 20
====================================================================================================
Epoch:64
Valid RMSE: 11.330617904663086
====================================================================================================
Epoch:65
Valid RMSE: 11.360791206359863
EarlyStopping counter: 1 out of 20
====================================================================================================
Epoch:66
Valid RMSE: 11.285284042358398
====================================================================================================
Epoch:67
Valid RMSE: 11.30511474609375
EarlyStopping counter: 1 out of 20
====================================================================================================
Epoch:68
Valid RMSE: 11.2652587890625
====================================================================================================
Epoch:69
Valid RMSE: 11.276670455932617
EarlyStopping counter: 1 out of 20
====================================================================================================
Epoch:70
Valid RMSE: 11.226154327392578
====================================================================================================
Epoch:71
Valid RMSE: 11.300676345825195
EarlyStopping counter: 1 out of 20
====================================================================================================
Epoch:72
Valid RMSE: 11.227714538574219
EarlyStopping counter: 2 out of 20
====================================================================================================
Epoch:73
Valid RMSE: 11.190479278564453
====================================================================================================
Epoch:74
Valid RMSE: 11.178037643432617
====================================================================================================
Epoch:75
Valid RMSE: 11.230536460876465
EarlyStopping counter: 1 out of 20
====================================================================================================
Epoch:76
Valid RMSE: 11.148305892944336
====================================================================================================
Epoch:77
Valid RMSE: 11.1502685546875
EarlyStopping counter: 1 out of 20
====================================================================================================
Epoch:78
Valid RMSE: 11.158395767211914
EarlyStopping counter: 2 out of 20
====================================================================================================
Epoch:79
Valid RMSE: 11.077722549438477
====================================================================================================
Epoch:80
Valid RMSE: 11.156221389770508
EarlyStopping counter: 1 out of 20
====================================================================================================
Epoch:81
Valid RMSE: 11.15768051147461
EarlyStopping counter: 2 out of 20
====================================================================================================
Epoch:82
Valid RMSE: 11.03494930267334
====================================================================================================
Epoch:83
Valid RMSE: 11.079639434814453
EarlyStopping counter: 1 out of 20
====================================================================================================
Epoch:84
Valid RMSE: 11.03672981262207
EarlyStopping counter: 2 out of 20
====================================================================================================
Epoch:85
Valid RMSE: 11.09023666381836
EarlyStopping counter: 3 out of 20
====================================================================================================
Epoch:86
Valid RMSE: 11.110221862792969
EarlyStopping counter: 4 out of 20
====================================================================================================
Epoch:87
Valid RMSE: 11.09022331237793
EarlyStopping counter: 5 out of 20
====================================================================================================
Epoch:88
Valid RMSE: 11.11185073852539
EarlyStopping counter: 6 out of 20
====================================================================================================
Epoch:89
Valid RMSE: 11.013749122619629
====================================================================================================
Epoch:90
Valid RMSE: 10.993703842163086
====================================================================================================
Epoch:91
Valid RMSE: 11.038503646850586
EarlyStopping counter: 1 out of 20
====================================================================================================
Epoch:92
Valid RMSE: 10.99999713897705
EarlyStopping counter: 2 out of 20
====================================================================================================
Epoch:93
Valid RMSE: 11.013923645019531
EarlyStopping counter: 3 out of 20
====================================================================================================
Epoch:94
Valid RMSE: 10.959146499633789
====================================================================================================
Epoch:95
Valid RMSE: 10.93747615814209
====================================================================================================
Epoch:96
Valid RMSE: 10.950837135314941
EarlyStopping counter: 1 out of 20
====================================================================================================
Epoch:97
Valid RMSE: 10.97950553894043
EarlyStopping counter: 2 out of 20
====================================================================================================
Epoch:98
Valid RMSE: 10.954681396484375
EarlyStopping counter: 3 out of 20
====================================================================================================
Epoch:99
Valid RMSE: 10.957620620727539
EarlyStopping counter: 4 out of 20
====================================================================================================
Epoch:100
Valid RMSE: 10.99222183227539
EarlyStopping counter: 5 out of 20
====================================================================================================
Epoch:101
Valid RMSE: 10.914351463317871
====================================================================================================
Epoch:102
Valid RMSE: 10.878572463989258
====================================================================================================
Epoch:103
Valid RMSE: 10.884918212890625
EarlyStopping counter: 1 out of 20
====================================================================================================
Epoch:104
Valid RMSE: 10.917961120605469
EarlyStopping counter: 2 out of 20
====================================================================================================
Epoch:105
Valid RMSE: 10.903655052185059
EarlyStopping counter: 3 out of 20
====================================================================================================
Epoch:106
Valid RMSE: 10.847599029541016
====================================================================================================
Epoch:107
Valid RMSE: 10.88492202758789
EarlyStopping counter: 1 out of 20
====================================================================================================
Epoch:108
Valid RMSE: 10.8623685836792
EarlyStopping counter: 2 out of 20
====================================================================================================
Epoch:109
Valid RMSE: 10.800680160522461
====================================================================================================
Epoch:110
Valid RMSE: 10.903491020202637
EarlyStopping counter: 1 out of 20
====================================================================================================
Epoch:111
Valid RMSE: 10.863389015197754
EarlyStopping counter: 2 out of 20
====================================================================================================
Epoch:112
Valid RMSE: 10.855386734008789
EarlyStopping counter: 3 out of 20
====================================================================================================
Epoch:113
Valid RMSE: 10.80881404876709
EarlyStopping counter: 4 out of 20
====================================================================================================
Epoch:114
Valid RMSE: 10.741645812988281
====================================================================================================
Epoch:115
Valid RMSE: 10.74622631072998
EarlyStopping counter: 1 out of 20
====================================================================================================
Epoch:116
Valid RMSE: 10.786865234375
EarlyStopping counter: 2 out of 20
====================================================================================================
Epoch:117
Valid RMSE: 10.782838821411133
EarlyStopping counter: 3 out of 20
====================================================================================================
Epoch:118
Valid RMSE: 10.738004684448242
====================================================================================================
Epoch:119
Valid RMSE: 10.781482696533203
EarlyStopping counter: 1 out of 20
====================================================================================================
Epoch:120
Valid RMSE: 10.770196914672852
EarlyStopping counter: 2 out of 20
====================================================================================================
Epoch:121
Valid RMSE: 10.70087718963623
====================================================================================================
Epoch:122
Valid RMSE: 10.679533004760742
====================================================================================================
Epoch:123
Valid RMSE: 10.827004432678223
EarlyStopping counter: 1 out of 20
====================================================================================================
Epoch:124
Valid RMSE: 10.675867080688477
====================================================================================================
Epoch:125
Valid RMSE: 10.670637130737305
====================================================================================================
Epoch:126
Valid RMSE: 10.769630432128906
EarlyStopping counter: 1 out of 20
====================================================================================================
Epoch:127
Valid RMSE: 10.679835319519043
EarlyStopping counter: 2 out of 20
====================================================================================================
Epoch:128
Valid RMSE: 10.707438468933105
EarlyStopping counter: 3 out of 20
====================================================================================================
Epoch:129
Valid RMSE: 10.682790756225586
EarlyStopping counter: 4 out of 20
====================================================================================================
Epoch:130
Valid RMSE: 10.636510848999023
====================================================================================================
Epoch:131
Valid RMSE: 10.596076011657715
====================================================================================================
Epoch:132
Valid RMSE: 10.572160720825195
====================================================================================================
Epoch:133
Valid RMSE: 10.642499923706055
EarlyStopping counter: 1 out of 20
====================================================================================================
Epoch:134
Valid RMSE: 10.640693664550781
EarlyStopping counter: 2 out of 20
====================================================================================================
Epoch:135
Valid RMSE: 10.706287384033203
EarlyStopping counter: 3 out of 20
====================================================================================================
Epoch:136
Valid RMSE: 10.619067192077637
EarlyStopping counter: 4 out of 20
====================================================================================================
Epoch:137
Valid RMSE: 10.591622352600098
EarlyStopping counter: 5 out of 20
====================================================================================================
Epoch:138
Valid RMSE: 10.675094604492188
EarlyStopping counter: 6 out of 20
====================================================================================================
Epoch:139
Valid RMSE: 10.561800003051758
====================================================================================================
Epoch:140
Valid RMSE: 10.634034156799316
EarlyStopping counter: 1 out of 20
====================================================================================================
Epoch:141
Valid RMSE: 10.623708724975586
EarlyStopping counter: 2 out of 20
====================================================================================================
Epoch:142
Valid RMSE: 10.610264778137207
EarlyStopping counter: 3 out of 20
====================================================================================================
Epoch:143
Valid RMSE: 10.601444244384766
EarlyStopping counter: 4 out of 20
====================================================================================================
Epoch:144
Valid RMSE: 10.527637481689453
====================================================================================================
Epoch:145
Valid RMSE: 10.594419479370117
EarlyStopping counter: 1 out of 20
====================================================================================================
Epoch:146
Valid RMSE: 10.537490844726562
EarlyStopping counter: 2 out of 20
====================================================================================================
Epoch:147
Valid RMSE: 10.559717178344727
EarlyStopping counter: 3 out of 20
====================================================================================================
Epoch:148
Valid RMSE: 10.527069091796875
====================================================================================================
Epoch:149
Valid RMSE: 10.612003326416016
EarlyStopping counter: 1 out of 20
====================================================================================================
Epoch:150
Valid RMSE: 10.518887519836426
====================================================================================================
Epoch:151
Valid RMSE: 10.48794937133789
====================================================================================================
Epoch:152
Valid RMSE: 10.453340530395508
====================================================================================================
Epoch:153
Valid RMSE: 10.577474594116211
EarlyStopping counter: 1 out of 20
====================================================================================================
Epoch:154
Valid RMSE: 10.538076400756836
EarlyStopping counter: 2 out of 20
====================================================================================================
Epoch:155
Valid RMSE: 10.562654495239258
EarlyStopping counter: 3 out of 20
====================================================================================================
Epoch:156
Valid RMSE: 10.511575698852539
EarlyStopping counter: 4 out of 20
====================================================================================================
Epoch:157
Valid RMSE: 10.504499435424805
EarlyStopping counter: 5 out of 20
====================================================================================================
Epoch:158
Valid RMSE: 10.53439998626709
EarlyStopping counter: 6 out of 20
====================================================================================================
Epoch:159
Valid RMSE: 10.50894546508789
EarlyStopping counter: 7 out of 20
====================================================================================================
Epoch:160
Valid RMSE: 10.471976280212402
EarlyStopping counter: 8 out of 20
====================================================================================================
Epoch:161
Valid RMSE: 10.493950843811035
EarlyStopping counter: 9 out of 20
====================================================================================================
Epoch:162
Valid RMSE: 10.47439956665039
EarlyStopping counter: 10 out of 20
====================================================================================================
Epoch:163
Valid RMSE: 10.457261085510254
EarlyStopping counter: 11 out of 20
====================================================================================================
Epoch:164
Valid RMSE: 10.468852996826172
EarlyStopping counter: 12 out of 20
====================================================================================================
Epoch:165
Valid RMSE: 10.409408569335938
====================================================================================================
Epoch:166
Valid RMSE: 10.471186637878418
EarlyStopping counter: 1 out of 20
====================================================================================================
Epoch:167
Valid RMSE: 10.432547569274902
EarlyStopping counter: 2 out of 20
====================================================================================================
Epoch:168
Valid RMSE: 10.399110794067383
====================================================================================================
Epoch:169
Valid RMSE: 10.424858093261719
EarlyStopping counter: 1 out of 20
====================================================================================================
Epoch:170
Valid RMSE: 10.426139831542969
EarlyStopping counter: 2 out of 20
====================================================================================================
Epoch:171
Valid RMSE: 10.45271110534668
EarlyStopping counter: 3 out of 20
====================================================================================================
Epoch:172
Valid RMSE: 10.388225555419922
====================================================================================================
Epoch:173
Valid RMSE: 10.356456756591797
====================================================================================================
Epoch:174
Valid RMSE: 10.447959899902344
EarlyStopping counter: 1 out of 20
====================================================================================================
Epoch:175
Valid RMSE: 10.357217788696289
EarlyStopping counter: 2 out of 20
====================================================================================================
Epoch:176
Valid RMSE: 10.364636421203613
EarlyStopping counter: 3 out of 20
====================================================================================================
Epoch:177
Valid RMSE: 10.483789443969727
EarlyStopping counter: 4 out of 20
====================================================================================================
Epoch:178
Valid RMSE: 10.381453514099121
EarlyStopping counter: 5 out of 20
====================================================================================================
Epoch:179
Valid RMSE: 10.390153884887695
EarlyStopping counter: 6 out of 20
====================================================================================================
Epoch:180
Valid RMSE: 10.403472900390625
EarlyStopping counter: 7 out of 20
====================================================================================================
Epoch:181
Valid RMSE: 10.31439208984375
====================================================================================================
Epoch:182
Valid RMSE: 10.362444877624512
EarlyStopping counter: 1 out of 20
====================================================================================================
Epoch:183
Valid RMSE: 10.383783340454102
EarlyStopping counter: 2 out of 20
====================================================================================================
Epoch:184
Valid RMSE: 10.369335174560547
EarlyStopping counter: 3 out of 20
====================================================================================================
Epoch:185
Valid RMSE: 10.316001892089844
EarlyStopping counter: 4 out of 20
====================================================================================================
Epoch:186
Valid RMSE: 10.302902221679688
====================================================================================================
Epoch:187
Valid RMSE: 10.300193786621094
====================================================================================================
Epoch:188
Valid RMSE: 10.297395706176758
====================================================================================================
Epoch:189
Valid RMSE: 10.400493621826172
EarlyStopping counter: 1 out of 20
====================================================================================================
Epoch:190
Valid RMSE: 10.310823440551758
EarlyStopping counter: 2 out of 20
====================================================================================================
Epoch:191
Valid RMSE: 10.280365943908691
====================================================================================================
Epoch:192
Valid RMSE: 10.247218132019043
====================================================================================================
Epoch:193
Valid RMSE: 10.362715721130371
EarlyStopping counter: 1 out of 20
====================================================================================================
Epoch:194
Valid RMSE: 10.239167213439941
====================================================================================================
Epoch:195
Valid RMSE: 10.203937530517578
====================================================================================================
Epoch:196
Valid RMSE: 10.29649543762207
EarlyStopping counter: 1 out of 20
====================================================================================================
Epoch:197
Valid RMSE: 10.23063850402832
EarlyStopping counter: 2 out of 20
====================================================================================================
Epoch:198
Valid RMSE: 10.180398941040039
====================================================================================================
Epoch:199
Valid RMSE: 10.224691390991211
EarlyStopping counter: 1 out of 20
====================================================================================================
Epoch:200
Valid RMSE: 10.251773834228516
EarlyStopping counter: 2 out of 20
====================================================================================================
Epoch:201
Valid RMSE: 10.201264381408691
EarlyStopping counter: 3 out of 20
====================================================================================================
Epoch:202
Valid RMSE: 10.17325496673584
====================================================================================================
Epoch:203
Valid RMSE: 10.201164245605469
EarlyStopping counter: 1 out of 20
====================================================================================================
Epoch:204
Valid RMSE: 10.219310760498047
EarlyStopping counter: 2 out of 20
====================================================================================================
Epoch:205
Valid RMSE: 10.243017196655273
EarlyStopping counter: 3 out of 20
====================================================================================================
Epoch:206
Valid RMSE: 10.149368286132812
====================================================================================================
Epoch:207
Valid RMSE: 10.21859359741211
EarlyStopping counter: 1 out of 20
====================================================================================================
Epoch:208
Valid RMSE: 10.224784851074219
EarlyStopping counter: 2 out of 20
====================================================================================================
Epoch:209
Valid RMSE: 10.191235542297363
EarlyStopping counter: 3 out of 20
====================================================================================================
Epoch:210
Valid RMSE: 10.124929428100586
====================================================================================================
Epoch:211
Valid RMSE: 10.228923797607422
EarlyStopping counter: 1 out of 20
====================================================================================================
Epoch:212
Valid RMSE: 10.15455436706543
EarlyStopping counter: 2 out of 20
====================================================================================================
Epoch:213
Valid RMSE: 10.138263702392578
EarlyStopping counter: 3 out of 20
====================================================================================================
Epoch:214
Valid RMSE: 10.147527694702148
EarlyStopping counter: 4 out of 20
====================================================================================================
Epoch:215
Valid RMSE: 10.149896621704102
EarlyStopping counter: 5 out of 20
====================================================================================================
Epoch:216
Valid RMSE: 10.153021812438965
EarlyStopping counter: 6 out of 20
====================================================================================================
Epoch:217
Valid RMSE: 10.16700553894043
EarlyStopping counter: 7 out of 20
====================================================================================================
Epoch:218
Valid RMSE: 10.149541854858398
EarlyStopping counter: 8 out of 20
====================================================================================================
Epoch:219
Valid RMSE: 10.149681091308594
EarlyStopping counter: 9 out of 20
====================================================================================================
Epoch:220
Valid RMSE: 10.116873741149902
====================================================================================================
Epoch:221
Valid RMSE: 10.138418197631836
EarlyStopping counter: 1 out of 20
====================================================================================================
Epoch:222
Valid RMSE: 10.129997253417969
EarlyStopping counter: 2 out of 20
====================================================================================================
Epoch:223
Valid RMSE: 10.080316543579102
====================================================================================================
Epoch:224
Valid RMSE: 10.087373733520508
EarlyStopping counter: 1 out of 20
====================================================================================================
Epoch:225
Valid RMSE: 10.075265884399414
====================================================================================================
Epoch:226
Valid RMSE: 10.08363151550293
EarlyStopping counter: 1 out of 20
====================================================================================================
Epoch:227
Valid RMSE: 10.078264236450195
EarlyStopping counter: 2 out of 20
====================================================================================================
Epoch:228
Valid RMSE: 10.080850601196289
EarlyStopping counter: 3 out of 20
====================================================================================================
Epoch:229
Valid RMSE: 10.056715965270996
====================================================================================================
Epoch:230
Valid RMSE: 9.999870300292969
====================================================================================================
Epoch:231
Valid RMSE: 10.113292694091797
EarlyStopping counter: 1 out of 20
====================================================================================================
Epoch:232
Valid RMSE: 10.001121520996094
EarlyStopping counter: 2 out of 20
====================================================================================================
Epoch:233
Valid RMSE: 9.950948715209961
====================================================================================================
Epoch:234
Valid RMSE: 9.989485740661621
EarlyStopping counter: 1 out of 20
====================================================================================================
Epoch:235
Valid RMSE: 9.999187469482422
EarlyStopping counter: 2 out of 20
====================================================================================================
Epoch:236
Valid RMSE: 10.073080062866211
EarlyStopping counter: 3 out of 20
====================================================================================================
Epoch:237
Valid RMSE: 9.996614456176758
EarlyStopping counter: 4 out of 20
====================================================================================================
Epoch:238
Valid RMSE: 9.947349548339844
====================================================================================================
Epoch:239
Valid RMSE: 10.028656959533691
EarlyStopping counter: 1 out of 20
====================================================================================================
Epoch:240
Valid RMSE: 9.951417922973633
EarlyStopping counter: 2 out of 20
====================================================================================================
Epoch:241
Valid RMSE: 9.948704719543457
EarlyStopping counter: 3 out of 20
====================================================================================================
Epoch:242
Valid RMSE: 9.91434383392334
====================================================================================================
Epoch:243
Valid RMSE: 9.957066535949707
EarlyStopping counter: 1 out of 20
====================================================================================================
Epoch:244
Valid RMSE: 9.928813934326172
EarlyStopping counter: 2 out of 20
====================================================================================================
Epoch:245
Valid RMSE: 9.902936935424805
====================================================================================================
Epoch:246
Valid RMSE: 9.894710540771484
====================================================================================================
Epoch:247
Valid RMSE: 9.985633850097656
EarlyStopping counter: 1 out of 20
====================================================================================================
Epoch:248
Valid RMSE: 9.939894676208496
EarlyStopping counter: 2 out of 20
====================================================================================================
Epoch:249
Valid RMSE: 10.03036117553711
EarlyStopping counter: 3 out of 20
====================================================================================================
Epoch:250
Valid RMSE: 9.884355545043945
====================================================================================================
Epoch:251
Valid RMSE: 9.921099662780762
EarlyStopping counter: 1 out of 20
====================================================================================================
Epoch:252
Valid RMSE: 9.8614501953125
====================================================================================================
Epoch:253
Valid RMSE: 9.886621475219727
EarlyStopping counter: 1 out of 20
====================================================================================================
Epoch:254
Valid RMSE: 9.874614715576172
EarlyStopping counter: 2 out of 20
====================================================================================================
Epoch:255
Valid RMSE: 9.844436645507812
====================================================================================================
Epoch:256
Valid RMSE: 9.902844429016113
EarlyStopping counter: 1 out of 20
====================================================================================================
Epoch:257
Valid RMSE: 9.915343284606934
EarlyStopping counter: 2 out of 20
====================================================================================================
Epoch:258
Valid RMSE: 9.890592575073242
EarlyStopping counter: 3 out of 20
====================================================================================================
Epoch:259
Valid RMSE: 9.834156036376953
====================================================================================================
Epoch:260
Valid RMSE: 9.89644718170166
EarlyStopping counter: 1 out of 20
====================================================================================================
Epoch:261
Valid RMSE: 9.839855194091797
EarlyStopping counter: 2 out of 20
====================================================================================================
Epoch:262
Valid RMSE: 9.782878875732422
====================================================================================================
Epoch:263
Valid RMSE: 9.820140838623047
EarlyStopping counter: 1 out of 20
====================================================================================================
Epoch:264
Valid RMSE: 9.80807113647461
EarlyStopping counter: 2 out of 20
====================================================================================================
Epoch:265
Valid RMSE: 9.796940803527832
EarlyStopping counter: 3 out of 20
====================================================================================================
Epoch:266
Valid RMSE: 9.828203201293945
EarlyStopping counter: 4 out of 20
====================================================================================================
Epoch:267
Valid RMSE: 9.80317211151123
EarlyStopping counter: 5 out of 20
====================================================================================================
Epoch:268
Valid RMSE: 9.788089752197266
EarlyStopping counter: 6 out of 20
====================================================================================================
Epoch:269
Valid RMSE: 9.825693130493164
EarlyStopping counter: 7 out of 20
====================================================================================================
Epoch:270
Valid RMSE: 9.804153442382812
EarlyStopping counter: 8 out of 20
====================================================================================================
Epoch:271
Valid RMSE: 9.739330291748047
====================================================================================================
Epoch:272
Valid RMSE: 9.783302307128906
EarlyStopping counter: 1 out of 20
====================================================================================================
Epoch:273
Valid RMSE: 9.818872451782227
EarlyStopping counter: 2 out of 20
====================================================================================================
Epoch:274
Valid RMSE: 9.778255462646484
EarlyStopping counter: 3 out of 20
====================================================================================================
Epoch:275
Valid RMSE: 9.841670036315918
EarlyStopping counter: 4 out of 20
====================================================================================================
Epoch:276
Valid RMSE: 9.744697570800781
EarlyStopping counter: 5 out of 20
====================================================================================================
Epoch:277
Valid RMSE: 9.823480606079102
EarlyStopping counter: 6 out of 20
====================================================================================================
Epoch:278
Valid RMSE: 9.766484260559082
EarlyStopping counter: 7 out of 20
====================================================================================================
Epoch:279
Valid RMSE: 9.810302734375
EarlyStopping counter: 8 out of 20
====================================================================================================
Epoch:280
Valid RMSE: 9.786558151245117
EarlyStopping counter: 9 out of 20
====================================================================================================
Epoch:281
Valid RMSE: 9.736103057861328
====================================================================================================
Epoch:282
Valid RMSE: 9.754648208618164
EarlyStopping counter: 1 out of 20
====================================================================================================
Epoch:283
Valid RMSE: 9.756465911865234
EarlyStopping counter: 2 out of 20
====================================================================================================
Epoch:284
Valid RMSE: 9.739395141601562
EarlyStopping counter: 3 out of 20
====================================================================================================
Epoch:285
Valid RMSE: 9.709197998046875
====================================================================================================
Epoch:286
Valid RMSE: 9.693699836730957
====================================================================================================
Epoch:287
Valid RMSE: 9.756492614746094
EarlyStopping counter: 1 out of 20
====================================================================================================
Epoch:288
Valid RMSE: 9.716537475585938
EarlyStopping counter: 2 out of 20
====================================================================================================
Epoch:289
Valid RMSE: 9.761407852172852
EarlyStopping counter: 3 out of 20
====================================================================================================
Epoch:290
Valid RMSE: 9.715328216552734
EarlyStopping counter: 4 out of 20
====================================================================================================
Epoch:291
Valid RMSE: 9.720897674560547
EarlyStopping counter: 5 out of 20
====================================================================================================
Epoch:292
Valid RMSE: 9.676604270935059
====================================================================================================
Epoch:293
Valid RMSE: 9.704150199890137
EarlyStopping counter: 1 out of 20
====================================================================================================
Epoch:294
Valid RMSE: 9.676789283752441
EarlyStopping counter: 2 out of 20
====================================================================================================
Epoch:295
Valid RMSE: 9.649907112121582
====================================================================================================
Epoch:296
Valid RMSE: 9.63522720336914
====================================================================================================
Epoch:297
Valid RMSE: 9.689713478088379
EarlyStopping counter: 1 out of 20
====================================================================================================
Epoch:298
Valid RMSE: 9.653321266174316
EarlyStopping counter: 2 out of 20
====================================================================================================
Epoch:299
Valid RMSE: 9.63818359375
EarlyStopping counter: 3 out of 20
====================================================================================================
Epoch:300
Valid RMSE: 9.716287612915039
EarlyStopping counter: 4 out of 20
====================================================================================================
Epoch:301
Valid RMSE: 9.70506477355957
EarlyStopping counter: 5 out of 20
====================================================================================================
Epoch:302
Valid RMSE: 9.671587944030762
EarlyStopping counter: 6 out of 20
====================================================================================================
Epoch:303
Valid RMSE: 9.626301765441895
====================================================================================================
Epoch:304
Valid RMSE: 9.634763717651367
EarlyStopping counter: 1 out of 20
====================================================================================================
Epoch:305
Valid RMSE: 9.608949661254883
====================================================================================================
Epoch:306
Valid RMSE: 9.591485977172852
====================================================================================================
Epoch:307
Valid RMSE: 9.578322410583496
====================================================================================================
Epoch:308
Valid RMSE: 9.60539722442627
EarlyStopping counter: 1 out of 20
====================================================================================================
Epoch:309
Valid RMSE: 9.585060119628906
EarlyStopping counter: 2 out of 20
====================================================================================================
Epoch:310
Valid RMSE: 9.66008186340332
EarlyStopping counter: 3 out of 20
====================================================================================================
Epoch:311
Valid RMSE: 9.566261291503906
====================================================================================================
Epoch:312
Valid RMSE: 9.64139175415039
EarlyStopping counter: 1 out of 20
====================================================================================================
Epoch:313
Valid RMSE: 9.621981620788574
EarlyStopping counter: 2 out of 20
====================================================================================================
Epoch:314
Valid RMSE: 9.629480361938477
EarlyStopping counter: 3 out of 20
====================================================================================================
Epoch:315
Valid RMSE: 9.626770973205566
EarlyStopping counter: 4 out of 20
====================================================================================================
Epoch:316
Valid RMSE: 9.561315536499023
====================================================================================================
Epoch:317
Valid RMSE: 9.61526870727539
EarlyStopping counter: 1 out of 20
====================================================================================================
Epoch:318
Valid RMSE: 9.568568229675293
EarlyStopping counter: 2 out of 20
====================================================================================================
Epoch:319
Valid RMSE: 9.59126091003418
EarlyStopping counter: 3 out of 20
====================================================================================================
Epoch:320
Valid RMSE: 9.573484420776367
EarlyStopping counter: 4 out of 20
====================================================================================================
Epoch:321
Valid RMSE: 9.559791564941406
====================================================================================================
Epoch:322
Valid RMSE: 9.48826789855957
====================================================================================================
Epoch:323
Valid RMSE: 9.593005180358887
EarlyStopping counter: 1 out of 20
====================================================================================================
Epoch:324
Valid RMSE: 9.55789566040039
EarlyStopping counter: 2 out of 20
====================================================================================================
Epoch:325
Valid RMSE: 9.547889709472656
EarlyStopping counter: 3 out of 20
====================================================================================================
Epoch:326
Valid RMSE: 9.543522834777832
EarlyStopping counter: 4 out of 20
====================================================================================================
Epoch:327
Valid RMSE: 9.594157218933105
EarlyStopping counter: 5 out of 20
====================================================================================================
Epoch:328
Valid RMSE: 9.529353141784668
EarlyStopping counter: 6 out of 20
====================================================================================================
Epoch:329
Valid RMSE: 9.511199951171875
EarlyStopping counter: 7 out of 20
====================================================================================================
Epoch:330
Valid RMSE: 9.501758575439453
EarlyStopping counter: 8 out of 20
====================================================================================================
Epoch:331
Valid RMSE: 9.491610527038574
EarlyStopping counter: 9 out of 20
====================================================================================================
Epoch:332
Valid RMSE: 9.576332092285156
EarlyStopping counter: 10 out of 20
====================================================================================================
Epoch:333
Valid RMSE: 9.573034286499023
EarlyStopping counter: 11 out of 20
====================================================================================================
Epoch:334
Valid RMSE: 9.531476974487305
EarlyStopping counter: 12 out of 20
====================================================================================================
Epoch:335
Valid RMSE: 9.484939575195312
====================================================================================================
Epoch:336
Valid RMSE: 9.460979461669922
====================================================================================================
Epoch:337
Valid RMSE: 9.492923736572266
EarlyStopping counter: 1 out of 20
====================================================================================================
Epoch:338
Valid RMSE: 9.459495544433594
====================================================================================================
Epoch:339
Valid RMSE: 9.477898597717285
EarlyStopping counter: 1 out of 20
====================================================================================================
Epoch:340
Valid RMSE: 9.408512115478516
====================================================================================================
Epoch:341
Valid RMSE: 9.426127433776855
EarlyStopping counter: 1 out of 20
====================================================================================================
Epoch:342
Valid RMSE: 9.42306900024414
EarlyStopping counter: 2 out of 20
====================================================================================================
Epoch:343
Valid RMSE: 9.491704940795898
EarlyStopping counter: 3 out of 20
====================================================================================================
Epoch:344
Valid RMSE: 9.40068244934082
====================================================================================================
Epoch:345
Valid RMSE: 9.41832160949707
EarlyStopping counter: 1 out of 20
====================================================================================================
Epoch:346
Valid RMSE: 9.454398155212402
EarlyStopping counter: 2 out of 20
====================================================================================================
Epoch:347
Valid RMSE: 9.412375450134277
EarlyStopping counter: 3 out of 20
====================================================================================================
Epoch:348
Valid RMSE: 9.415754318237305
EarlyStopping counter: 4 out of 20
====================================================================================================
Epoch:349
Valid RMSE: 9.432815551757812
EarlyStopping counter: 5 out of 20
====================================================================================================
Epoch:350
Valid RMSE: 9.378547668457031
====================================================================================================
Epoch:351
Valid RMSE: 9.407901763916016
EarlyStopping counter: 1 out of 20
====================================================================================================
Epoch:352
Valid RMSE: 9.397785186767578
EarlyStopping counter: 2 out of 20
====================================================================================================
Epoch:353
Valid RMSE: 9.377982139587402
====================================================================================================
Epoch:354
Valid RMSE: 9.403907775878906
EarlyStopping counter: 1 out of 20
====================================================================================================
Epoch:355
Valid RMSE: 9.39743709564209
EarlyStopping counter: 2 out of 20
====================================================================================================
Epoch:356
Valid RMSE: 9.406169891357422
EarlyStopping counter: 3 out of 20
====================================================================================================
Epoch:357
Valid RMSE: 9.421215057373047
EarlyStopping counter: 4 out of 20
====================================================================================================
Epoch:358
Valid RMSE: 9.379827499389648
EarlyStopping counter: 5 out of 20
====================================================================================================
Epoch:359
Valid RMSE: 9.408544540405273
EarlyStopping counter: 6 out of 20
====================================================================================================
Epoch:360
Valid RMSE: 9.346108436584473
====================================================================================================
Epoch:361
Valid RMSE: 9.352903366088867
EarlyStopping counter: 1 out of 20
====================================================================================================
Epoch:362
Valid RMSE: 9.312073707580566
====================================================================================================
Epoch:363
Valid RMSE: 9.386008262634277
EarlyStopping counter: 1 out of 20
====================================================================================================
Epoch:364
Valid RMSE: 9.376750946044922
EarlyStopping counter: 2 out of 20
====================================================================================================
Epoch:365
Valid RMSE: 9.303866386413574
====================================================================================================
Epoch:366
Valid RMSE: 9.334169387817383
EarlyStopping counter: 1 out of 20
====================================================================================================
Epoch:367
Valid RMSE: 9.389688491821289
EarlyStopping counter: 2 out of 20
====================================================================================================
Epoch:368
Valid RMSE: 9.330221176147461
EarlyStopping counter: 3 out of 20
====================================================================================================
Epoch:369
Valid RMSE: 9.368061065673828
EarlyStopping counter: 4 out of 20
====================================================================================================
Epoch:370
Valid RMSE: 9.367188453674316
EarlyStopping counter: 5 out of 20
====================================================================================================
Epoch:371
Valid RMSE: 9.273555755615234
====================================================================================================
Epoch:372
Valid RMSE: 9.291411399841309
EarlyStopping counter: 1 out of 20
====================================================================================================
Epoch:373
Valid RMSE: 9.351484298706055
EarlyStopping counter: 2 out of 20
====================================================================================================
Epoch:374
Valid RMSE: 9.283243179321289
EarlyStopping counter: 3 out of 20
====================================================================================================
Epoch:375
Valid RMSE: 9.265445709228516
====================================================================================================
Epoch:376
Valid RMSE: 9.29823112487793
EarlyStopping counter: 1 out of 20
====================================================================================================
Epoch:377
Valid RMSE: 9.26572036743164
EarlyStopping counter: 2 out of 20
====================================================================================================
Epoch:378
Valid RMSE: 9.30395793914795
EarlyStopping counter: 3 out of 20
====================================================================================================
Epoch:379
Valid RMSE: 9.302921295166016
EarlyStopping counter: 4 out of 20
====================================================================================================
Epoch:380
Valid RMSE: 9.339509963989258
EarlyStopping counter: 5 out of 20
====================================================================================================
Epoch:381
Valid RMSE: 9.311441421508789
EarlyStopping counter: 6 out of 20
====================================================================================================
Epoch:382
Valid RMSE: 9.267654418945312
EarlyStopping counter: 7 out of 20
====================================================================================================
Epoch:383
Valid RMSE: 9.25767707824707
====================================================================================================
Epoch:384
Valid RMSE: 9.219234466552734
====================================================================================================
Epoch:385
Valid RMSE: 9.283842086791992
EarlyStopping counter: 1 out of 20
====================================================================================================
Epoch:386
Valid RMSE: 9.263631820678711
EarlyStopping counter: 2 out of 20
====================================================================================================
Epoch:387
Valid RMSE: 9.186774253845215
====================================================================================================
Epoch:388
Valid RMSE: 9.229934692382812
EarlyStopping counter: 1 out of 20
====================================================================================================
Epoch:389
Valid RMSE: 9.218185424804688
EarlyStopping counter: 2 out of 20
====================================================================================================
Epoch:390
Valid RMSE: 9.304444313049316
EarlyStopping counter: 3 out of 20
====================================================================================================
Epoch:391
Valid RMSE: 9.22040843963623
EarlyStopping counter: 4 out of 20
====================================================================================================
Epoch:392
Valid RMSE: 9.232511520385742
EarlyStopping counter: 5 out of 20
====================================================================================================
Epoch:393
Valid RMSE: 9.206099510192871
EarlyStopping counter: 6 out of 20
====================================================================================================
Epoch:394
Valid RMSE: 9.19031810760498
EarlyStopping counter: 7 out of 20
====================================================================================================
Epoch:395
Valid RMSE: 9.164499282836914
====================================================================================================
Epoch:396
Valid RMSE: 9.183917999267578
EarlyStopping counter: 1 out of 20
====================================================================================================
Epoch:397
Valid RMSE: 9.196097373962402
EarlyStopping counter: 2 out of 20
====================================================================================================
Epoch:398
Valid RMSE: 9.158714294433594
====================================================================================================
Epoch:399
Valid RMSE: 9.162246704101562
EarlyStopping counter: 1 out of 20
====================================================================================================
Epoch:400
Valid RMSE: 9.18826675415039
EarlyStopping counter: 2 out of 20
====================================================================================================
Epoch:401
Valid RMSE: 9.202397346496582
EarlyStopping counter: 3 out of 20
====================================================================================================
Epoch:402
Valid RMSE: 9.149015426635742
====================================================================================================
Epoch:403
Valid RMSE: 9.173749923706055
EarlyStopping counter: 1 out of 20
====================================================================================================
Epoch:404
Valid RMSE: 9.159786224365234
EarlyStopping counter: 2 out of 20
====================================================================================================
Epoch:405
Valid RMSE: 9.153999328613281
EarlyStopping counter: 3 out of 20
====================================================================================================
Epoch:406
Valid RMSE: 9.119098663330078
====================================================================================================
Epoch:407
Valid RMSE: 9.153234481811523
EarlyStopping counter: 1 out of 20
====================================================================================================
Epoch:408
Valid RMSE: 9.136188507080078
EarlyStopping counter: 2 out of 20
====================================================================================================
Epoch:409
Valid RMSE: 9.129926681518555
EarlyStopping counter: 3 out of 20
====================================================================================================
Epoch:410
Valid RMSE: 9.126779556274414
EarlyStopping counter: 4 out of 20
====================================================================================================
Epoch:411
Valid RMSE: 9.15989875793457
EarlyStopping counter: 5 out of 20
====================================================================================================
Epoch:412
Valid RMSE: 9.101210594177246
====================================================================================================
Epoch:413
Valid RMSE: 9.137235641479492
EarlyStopping counter: 1 out of 20
====================================================================================================
Epoch:414
Valid RMSE: 9.118396759033203
EarlyStopping counter: 2 out of 20
====================================================================================================
Epoch:415
Valid RMSE: 9.118562698364258
EarlyStopping counter: 3 out of 20
====================================================================================================
Epoch:416
Valid RMSE: 9.117998123168945
EarlyStopping counter: 4 out of 20
====================================================================================================
Epoch:417
Valid RMSE: 9.076042175292969
====================================================================================================
Epoch:418
Valid RMSE: 9.080775260925293
EarlyStopping counter: 1 out of 20
====================================================================================================
Epoch:419
Valid RMSE: 9.093042373657227
EarlyStopping counter: 2 out of 20
====================================================================================================
Epoch:420
Valid RMSE: 9.074165344238281
====================================================================================================
Epoch:421
Valid RMSE: 9.095836639404297
EarlyStopping counter: 1 out of 20
====================================================================================================
Epoch:422
Valid RMSE: 9.070253372192383
====================================================================================================
Epoch:423
Valid RMSE: 9.055593490600586
====================================================================================================
Epoch:424
Valid RMSE: 9.03692626953125
====================================================================================================
Epoch:425
Valid RMSE: 9.062763214111328
EarlyStopping counter: 1 out of 20
====================================================================================================
Epoch:426
Valid RMSE: 9.055013656616211
EarlyStopping counter: 2 out of 20
====================================================================================================
Epoch:427
Valid RMSE: 9.04236888885498
EarlyStopping counter: 3 out of 20
====================================================================================================
Epoch:428
Valid RMSE: 9.126960754394531
EarlyStopping counter: 4 out of 20
====================================================================================================
Epoch:429
Valid RMSE: 9.059551239013672
EarlyStopping counter: 5 out of 20
====================================================================================================
Epoch:430
Valid RMSE: 9.023210525512695
====================================================================================================
Epoch:431
Valid RMSE: 9.019975662231445
====================================================================================================
Epoch:432
Valid RMSE: 9.091560363769531
EarlyStopping counter: 1 out of 20
====================================================================================================
Epoch:433
Valid RMSE: 8.987833023071289
====================================================================================================
Epoch:434
Valid RMSE: 9.044198989868164
EarlyStopping counter: 1 out of 20
====================================================================================================
Epoch:435
Valid RMSE: 8.984445571899414
====================================================================================================
Epoch:436
Valid RMSE: 8.994340896606445
EarlyStopping counter: 1 out of 20
====================================================================================================
Epoch:437
Valid RMSE: 8.998917579650879
EarlyStopping counter: 2 out of 20
====================================================================================================
Epoch:438
Valid RMSE: 9.025886535644531
EarlyStopping counter: 3 out of 20
====================================================================================================
Epoch:439
Valid RMSE: 9.023653030395508
EarlyStopping counter: 4 out of 20
====================================================================================================
Epoch:440
Valid RMSE: 9.041443824768066
EarlyStopping counter: 5 out of 20
====================================================================================================
Epoch:441
Valid RMSE: 8.98511028289795
EarlyStopping counter: 6 out of 20
====================================================================================================
Epoch:442
Valid RMSE: 8.993387222290039
EarlyStopping counter: 7 out of 20
====================================================================================================
Epoch:443
Valid RMSE: 9.003915786743164
EarlyStopping counter: 8 out of 20
====================================================================================================
Epoch:444
Valid RMSE: 8.990760803222656
EarlyStopping counter: 9 out of 20
====================================================================================================
Epoch:445
Valid RMSE: 9.029474258422852
EarlyStopping counter: 10 out of 20
====================================================================================================
Epoch:446
Valid RMSE: 8.985865592956543
EarlyStopping counter: 11 out of 20
====================================================================================================
Epoch:447
Valid RMSE: 8.956488609313965
====================================================================================================
Epoch:448
Valid RMSE: 9.029582977294922
EarlyStopping counter: 1 out of 20
====================================================================================================
Epoch:449
Valid RMSE: 8.98996353149414
EarlyStopping counter: 2 out of 20
====================================================================================================
Epoch:450
Valid RMSE: 8.91476821899414
====================================================================================================
Epoch:451
Valid RMSE: 9.029972076416016
EarlyStopping counter: 1 out of 20
====================================================================================================
Epoch:452
Valid RMSE: 8.950313568115234
EarlyStopping counter: 2 out of 20
====================================================================================================
Epoch:453
Valid RMSE: 8.960248947143555
EarlyStopping counter: 3 out of 20
====================================================================================================
Epoch:454
Valid RMSE: 8.920729637145996
EarlyStopping counter: 4 out of 20
====================================================================================================
Epoch:455
Valid RMSE: 8.91869831085205
EarlyStopping counter: 5 out of 20
====================================================================================================
Epoch:456
Valid RMSE: 8.947166442871094
EarlyStopping counter: 6 out of 20
====================================================================================================
Epoch:457
Valid RMSE: 8.915924072265625
EarlyStopping counter: 7 out of 20
====================================================================================================
Epoch:458
Valid RMSE: 8.94278621673584
EarlyStopping counter: 8 out of 20
====================================================================================================
Epoch:459
Valid RMSE: 8.909421920776367
====================================================================================================
Epoch:460
Valid RMSE: 8.904502868652344
====================================================================================================
Epoch:461
Valid RMSE: 8.92143440246582
EarlyStopping counter: 1 out of 20
====================================================================================================
Epoch:462
Valid RMSE: 8.929762840270996
EarlyStopping counter: 2 out of 20
====================================================================================================
Epoch:463
Valid RMSE: 8.898148536682129
====================================================================================================
Epoch:464
Valid RMSE: 8.945138931274414
EarlyStopping counter: 1 out of 20
====================================================================================================
Epoch:465
Valid RMSE: 8.92280387878418
EarlyStopping counter: 2 out of 20
====================================================================================================
Epoch:466
Valid RMSE: 8.937641143798828
EarlyStopping counter: 3 out of 20
====================================================================================================
Epoch:467
Valid RMSE: 8.88886547088623
====================================================================================================
Epoch:468
Valid RMSE: 8.911759376525879
EarlyStopping counter: 1 out of 20
====================================================================================================
Epoch:469
Valid RMSE: 8.895408630371094
EarlyStopping counter: 2 out of 20
====================================================================================================
Epoch:470
Valid RMSE: 8.883277893066406
====================================================================================================
Epoch:471
Valid RMSE: 8.851222038269043
====================================================================================================
Epoch:472
Valid RMSE: 8.901856422424316
EarlyStopping counter: 1 out of 20
====================================================================================================
Epoch:473
Valid RMSE: 8.864423751831055
EarlyStopping counter: 2 out of 20
====================================================================================================
Epoch:474
Valid RMSE: 8.891463279724121
EarlyStopping counter: 3 out of 20
====================================================================================================
Epoch:475
Valid RMSE: 8.83258056640625
====================================================================================================
Epoch:476
Valid RMSE: 8.914782524108887
EarlyStopping counter: 1 out of 20
====================================================================================================
Epoch:477
Valid RMSE: 8.896686553955078
EarlyStopping counter: 2 out of 20
====================================================================================================
Epoch:478
Valid RMSE: 8.84864330291748
EarlyStopping counter: 3 out of 20
====================================================================================================
Epoch:479
Valid RMSE: 8.90793514251709
EarlyStopping counter: 4 out of 20
====================================================================================================
Epoch:480
Valid RMSE: 8.857916831970215
EarlyStopping counter: 5 out of 20
====================================================================================================
Epoch:481
Valid RMSE: 8.8868408203125
EarlyStopping counter: 6 out of 20
====================================================================================================
Epoch:482
Valid RMSE: 8.862863540649414
EarlyStopping counter: 7 out of 20
====================================================================================================
Epoch:483
Valid RMSE: 8.909265518188477
EarlyStopping counter: 8 out of 20
====================================================================================================
Epoch:484
Valid RMSE: 8.895864486694336
EarlyStopping counter: 9 out of 20
====================================================================================================
Epoch:485
Valid RMSE: 8.816591262817383
====================================================================================================
Epoch:486
Valid RMSE: 8.868871688842773
EarlyStopping counter: 1 out of 20
====================================================================================================
Epoch:487
Valid RMSE: 8.801300048828125
====================================================================================================
Epoch:488
Valid RMSE: 8.83985424041748
EarlyStopping counter: 1 out of 20
====================================================================================================
Epoch:489
Valid RMSE: 8.880446434020996
EarlyStopping counter: 2 out of 20
====================================================================================================
Epoch:490
Valid RMSE: 8.834277153015137
EarlyStopping counter: 3 out of 20
====================================================================================================
Epoch:491
Valid RMSE: 8.887739181518555
EarlyStopping counter: 4 out of 20
====================================================================================================
Epoch:492
Valid RMSE: 8.818832397460938
EarlyStopping counter: 5 out of 20
====================================================================================================
Epoch:493
Valid RMSE: 8.824952125549316
EarlyStopping counter: 6 out of 20
====================================================================================================
Epoch:494
Valid RMSE: 8.785179138183594
====================================================================================================
Epoch:495
Valid RMSE: 8.835857391357422
EarlyStopping counter: 1 out of 20
====================================================================================================
Epoch:496
Valid RMSE: 8.837570190429688
EarlyStopping counter: 2 out of 20
====================================================================================================
Epoch:497
Valid RMSE: 8.791520118713379
EarlyStopping counter: 3 out of 20
====================================================================================================
Epoch:498
Valid RMSE: 8.868830680847168
EarlyStopping counter: 4 out of 20
====================================================================================================
Epoch:499
Valid RMSE: 8.829801559448242
EarlyStopping counter: 5 out of 20
====================================================================================================
torch.Size([1999, 1, 207, 12])
torch.Size([1999, 1, 207, 12])
torch.Size([1999, 1, 207, 12])
==================================================  Testing  ==================================================
predict shape:  (544, 207, 12)
MAE: 5.938 RMSE: 10.495 MAPE: 11.506
Spend Time: 5186.653869152069
