torch.Size([1999, 1, 207, 12])
torch.Size([1999, 1, 207, 12])
torch.Size([1999, 1, 207, 12])
==================================================  Training  ==================================================
Epoch:0
Valid RMSE: 16.662357330322266
====================================================================================================
Epoch:1
Valid RMSE: 16.3591365814209
====================================================================================================
Epoch:2
Valid RMSE: 15.28959846496582
====================================================================================================
Epoch:3
Valid RMSE: 14.150152206420898
====================================================================================================
Epoch:4
Valid RMSE: 13.631662368774414
====================================================================================================
Epoch:5
Valid RMSE: 13.435967445373535
====================================================================================================
Epoch:6
Valid RMSE: 13.108882904052734
====================================================================================================
Epoch:7
Valid RMSE: 13.022930145263672
====================================================================================================
Epoch:8
Valid RMSE: 12.84965705871582
====================================================================================================
Epoch:9
Valid RMSE: 12.811041831970215
====================================================================================================
Epoch:10
Valid RMSE: 12.57241153717041
====================================================================================================
Epoch:11
Valid RMSE: 12.525445938110352
====================================================================================================
Epoch:12
Valid RMSE: 12.421609878540039
====================================================================================================
Epoch:13
Valid RMSE: 12.212644577026367
====================================================================================================
Epoch:14
Valid RMSE: 12.322751998901367
EarlyStopping counter: 1 out of 20
====================================================================================================
Epoch:15
Valid RMSE: 12.213027954101562
EarlyStopping counter: 2 out of 20
====================================================================================================
Epoch:16
Valid RMSE: 12.126118659973145
====================================================================================================
Epoch:17
Valid RMSE: 11.994373321533203
====================================================================================================
Epoch:18
Valid RMSE: 12.022611618041992
EarlyStopping counter: 1 out of 20
====================================================================================================
Epoch:19
Valid RMSE: 11.96102237701416
====================================================================================================
Epoch:20
Valid RMSE: 11.998169898986816
EarlyStopping counter: 1 out of 20
====================================================================================================
Epoch:21
Valid RMSE: 12.103970527648926
EarlyStopping counter: 2 out of 20
====================================================================================================
Epoch:22
Valid RMSE: 11.876394271850586
====================================================================================================
Epoch:23
Valid RMSE: 12.029766082763672
EarlyStopping counter: 1 out of 20
====================================================================================================
Epoch:24
Valid RMSE: 12.002189636230469
EarlyStopping counter: 2 out of 20
====================================================================================================
Epoch:25
Valid RMSE: 11.986238479614258
EarlyStopping counter: 3 out of 20
====================================================================================================
Epoch:26
Valid RMSE: 11.789687156677246
====================================================================================================
Epoch:27
Valid RMSE: 11.768486022949219
====================================================================================================
Epoch:28
Valid RMSE: 11.824761390686035
EarlyStopping counter: 1 out of 20
====================================================================================================
Epoch:29
Valid RMSE: 11.777681350708008
EarlyStopping counter: 2 out of 20
====================================================================================================
Epoch:30
Valid RMSE: 11.817399978637695
EarlyStopping counter: 3 out of 20
====================================================================================================
Epoch:31
Valid RMSE: 11.694488525390625
====================================================================================================
Epoch:32
Valid RMSE: 11.780662536621094
EarlyStopping counter: 1 out of 20
====================================================================================================
Epoch:33
Valid RMSE: 11.825439453125
EarlyStopping counter: 2 out of 20
====================================================================================================
Epoch:34
Valid RMSE: 11.74372673034668
EarlyStopping counter: 3 out of 20
====================================================================================================
Epoch:35
Valid RMSE: 11.75728988647461
EarlyStopping counter: 4 out of 20
====================================================================================================
Epoch:36
Valid RMSE: 11.669610977172852
====================================================================================================
Epoch:37
Valid RMSE: 11.706550598144531
EarlyStopping counter: 1 out of 20
====================================================================================================
Epoch:38
Valid RMSE: 11.70473861694336
EarlyStopping counter: 2 out of 20
====================================================================================================
Epoch:39
Valid RMSE: 11.619556427001953
====================================================================================================
Epoch:40
Valid RMSE: 11.537775993347168
====================================================================================================
Epoch:41
Valid RMSE: 11.693441390991211
EarlyStopping counter: 1 out of 20
====================================================================================================
Epoch:42
Valid RMSE: 11.66378402709961
EarlyStopping counter: 2 out of 20
====================================================================================================
Epoch:43
Valid RMSE: 11.651163101196289
EarlyStopping counter: 3 out of 20
====================================================================================================
Epoch:44
Valid RMSE: 11.534290313720703
====================================================================================================
Epoch:45
Valid RMSE: 11.608701705932617
EarlyStopping counter: 1 out of 20
====================================================================================================
Epoch:46
Valid RMSE: 11.556196212768555
EarlyStopping counter: 2 out of 20
====================================================================================================
Epoch:47
Valid RMSE: 11.57314395904541
EarlyStopping counter: 3 out of 20
====================================================================================================
Epoch:48
Valid RMSE: 11.602758407592773
EarlyStopping counter: 4 out of 20
====================================================================================================
Epoch:49
Valid RMSE: 11.53647518157959
EarlyStopping counter: 5 out of 20
====================================================================================================
Epoch:50
Valid RMSE: 11.560482025146484
EarlyStopping counter: 6 out of 20
====================================================================================================
Epoch:51
Valid RMSE: 11.528740882873535
====================================================================================================
Epoch:52
Valid RMSE: 11.620052337646484
EarlyStopping counter: 1 out of 20
====================================================================================================
Epoch:53
Valid RMSE: 11.533204078674316
EarlyStopping counter: 2 out of 20
====================================================================================================
Epoch:54
Valid RMSE: 11.574856758117676
EarlyStopping counter: 3 out of 20
====================================================================================================
Epoch:55
Valid RMSE: 11.454103469848633
====================================================================================================
Epoch:56
Valid RMSE: 11.36640739440918
====================================================================================================
Epoch:57
Valid RMSE: 11.378580093383789
EarlyStopping counter: 1 out of 20
====================================================================================================
Epoch:58
Valid RMSE: 11.37372875213623
EarlyStopping counter: 2 out of 20
====================================================================================================
Epoch:59
Valid RMSE: 11.436117172241211
EarlyStopping counter: 3 out of 20
====================================================================================================
Epoch:60
Valid RMSE: 11.323173522949219
====================================================================================================
Epoch:61
Valid RMSE: 11.288692474365234
====================================================================================================
Epoch:62
Valid RMSE: 11.52377700805664
EarlyStopping counter: 1 out of 20
====================================================================================================
Epoch:63
Valid RMSE: 11.34177017211914
EarlyStopping counter: 2 out of 20
====================================================================================================
Epoch:64
Valid RMSE: 11.292438507080078
EarlyStopping counter: 3 out of 20
====================================================================================================
Epoch:65
Valid RMSE: 11.413490295410156
EarlyStopping counter: 4 out of 20
====================================================================================================
Epoch:66
Valid RMSE: 11.385278701782227
EarlyStopping counter: 5 out of 20
====================================================================================================
Epoch:67
Valid RMSE: 11.273263931274414
====================================================================================================
Epoch:68
Valid RMSE: 11.360705375671387
EarlyStopping counter: 1 out of 20
====================================================================================================
Epoch:69
Valid RMSE: 11.307195663452148
EarlyStopping counter: 2 out of 20
====================================================================================================
Epoch:70
Valid RMSE: 11.2208251953125
====================================================================================================
Epoch:71
Valid RMSE: 11.292101860046387
EarlyStopping counter: 1 out of 20
====================================================================================================
Epoch:72
Valid RMSE: 11.26298713684082
EarlyStopping counter: 2 out of 20
====================================================================================================
Epoch:73
Valid RMSE: 11.249031066894531
EarlyStopping counter: 3 out of 20
====================================================================================================
Epoch:74
Valid RMSE: 11.115127563476562
====================================================================================================
Epoch:75
Valid RMSE: 11.163080215454102
EarlyStopping counter: 1 out of 20
====================================================================================================
Epoch:76
Valid RMSE: 11.196097373962402
EarlyStopping counter: 2 out of 20
====================================================================================================
Epoch:77
Valid RMSE: 11.129334449768066
EarlyStopping counter: 3 out of 20
====================================================================================================
Epoch:78
Valid RMSE: 11.149237632751465
EarlyStopping counter: 4 out of 20
====================================================================================================
Epoch:79
Valid RMSE: 11.189067840576172
EarlyStopping counter: 5 out of 20
====================================================================================================
Epoch:80
Valid RMSE: 11.19626522064209
EarlyStopping counter: 6 out of 20
====================================================================================================
Epoch:81
Valid RMSE: 11.102520942687988
====================================================================================================
Epoch:82
Valid RMSE: 11.11280632019043
EarlyStopping counter: 1 out of 20
====================================================================================================
Epoch:83
Valid RMSE: 11.142078399658203
EarlyStopping counter: 2 out of 20
====================================================================================================
Epoch:84
Valid RMSE: 11.11906623840332
EarlyStopping counter: 3 out of 20
====================================================================================================
Epoch:85
Valid RMSE: 11.133330345153809
EarlyStopping counter: 4 out of 20
====================================================================================================
Epoch:86
Valid RMSE: 11.090081214904785
====================================================================================================
Epoch:87
Valid RMSE: 11.160322189331055
EarlyStopping counter: 1 out of 20
====================================================================================================
Epoch:88
Valid RMSE: 11.013663291931152
====================================================================================================
Epoch:89
Valid RMSE: 11.062585830688477
EarlyStopping counter: 1 out of 20
====================================================================================================
Epoch:90
Valid RMSE: 11.019987106323242
EarlyStopping counter: 2 out of 20
====================================================================================================
Epoch:91
Valid RMSE: 10.98371696472168
====================================================================================================
Epoch:92
Valid RMSE: 11.011991500854492
EarlyStopping counter: 1 out of 20
====================================================================================================
Epoch:93
Valid RMSE: 11.02613353729248
EarlyStopping counter: 2 out of 20
====================================================================================================
Epoch:94
Valid RMSE: 10.960607528686523
====================================================================================================
Epoch:95
Valid RMSE: 10.947098731994629
====================================================================================================
Epoch:96
Valid RMSE: 10.931063652038574
====================================================================================================
Epoch:97
Valid RMSE: 11.011396408081055
EarlyStopping counter: 1 out of 20
====================================================================================================
Epoch:98
Valid RMSE: 10.913497924804688
====================================================================================================
Epoch:99
Valid RMSE: 10.906850814819336
====================================================================================================
Epoch:100
Valid RMSE: 10.9942626953125
EarlyStopping counter: 1 out of 20
====================================================================================================
Epoch:101
Valid RMSE: 10.936920166015625
EarlyStopping counter: 2 out of 20
====================================================================================================
Epoch:102
Valid RMSE: 10.936342239379883
EarlyStopping counter: 3 out of 20
====================================================================================================
Epoch:103
Valid RMSE: 10.88438606262207
====================================================================================================
Epoch:104
Valid RMSE: 10.936484336853027
EarlyStopping counter: 1 out of 20
====================================================================================================
Epoch:105
Valid RMSE: 10.817192077636719
====================================================================================================
Epoch:106
Valid RMSE: 10.845130920410156
EarlyStopping counter: 1 out of 20
====================================================================================================
Epoch:107
Valid RMSE: 10.864400863647461
EarlyStopping counter: 2 out of 20
====================================================================================================
Epoch:108
Valid RMSE: 10.853148460388184
EarlyStopping counter: 3 out of 20
====================================================================================================
Epoch:109
Valid RMSE: 10.879310607910156
EarlyStopping counter: 4 out of 20
====================================================================================================
Epoch:110
Valid RMSE: 10.867439270019531
EarlyStopping counter: 5 out of 20
====================================================================================================
Epoch:111
Valid RMSE: 10.83590316772461
EarlyStopping counter: 6 out of 20
====================================================================================================
Epoch:112
Valid RMSE: 10.875144958496094
EarlyStopping counter: 7 out of 20
====================================================================================================
Epoch:113
Valid RMSE: 10.792179107666016
====================================================================================================
Epoch:114
Valid RMSE: 10.831951141357422
EarlyStopping counter: 1 out of 20
====================================================================================================
Epoch:115
Valid RMSE: 10.862054824829102
EarlyStopping counter: 2 out of 20
====================================================================================================
Epoch:116
Valid RMSE: 10.860506057739258
EarlyStopping counter: 3 out of 20
====================================================================================================
Epoch:117
Valid RMSE: 10.785012245178223
====================================================================================================
Epoch:118
Valid RMSE: 10.814337730407715
EarlyStopping counter: 1 out of 20
====================================================================================================
Epoch:119
Valid RMSE: 10.787755012512207
EarlyStopping counter: 2 out of 20
====================================================================================================
Epoch:120
Valid RMSE: 10.732852935791016
====================================================================================================
Epoch:121
Valid RMSE: 10.703612327575684
====================================================================================================
Epoch:122
Valid RMSE: 10.65748119354248
====================================================================================================
Epoch:123
Valid RMSE: 10.765621185302734
EarlyStopping counter: 1 out of 20
====================================================================================================
Epoch:124
Valid RMSE: 10.755546569824219
EarlyStopping counter: 2 out of 20
====================================================================================================
Epoch:125
Valid RMSE: 10.802483558654785
EarlyStopping counter: 3 out of 20
====================================================================================================
Epoch:126
Valid RMSE: 10.719876289367676
EarlyStopping counter: 4 out of 20
====================================================================================================
Epoch:127
Valid RMSE: 10.782119750976562
EarlyStopping counter: 5 out of 20
====================================================================================================
Epoch:128
Valid RMSE: 10.744344711303711
EarlyStopping counter: 6 out of 20
====================================================================================================
Epoch:129
Valid RMSE: 10.737104415893555
EarlyStopping counter: 7 out of 20
====================================================================================================
Epoch:130
Valid RMSE: 10.772695541381836
EarlyStopping counter: 8 out of 20
====================================================================================================
Epoch:131
Valid RMSE: 10.725631713867188
EarlyStopping counter: 9 out of 20
====================================================================================================
Epoch:132
Valid RMSE: 10.72001838684082
EarlyStopping counter: 10 out of 20
====================================================================================================
Epoch:133
Valid RMSE: 10.634819030761719
====================================================================================================
Epoch:134
Valid RMSE: 10.73132038116455
EarlyStopping counter: 1 out of 20
====================================================================================================
Epoch:135
Valid RMSE: 10.777509689331055
EarlyStopping counter: 2 out of 20
====================================================================================================
Epoch:136
Valid RMSE: 10.693462371826172
EarlyStopping counter: 3 out of 20
====================================================================================================
Epoch:137
Valid RMSE: 10.682055473327637
EarlyStopping counter: 4 out of 20
====================================================================================================
Epoch:138
Valid RMSE: 10.728431701660156
EarlyStopping counter: 5 out of 20
====================================================================================================
Epoch:139
Valid RMSE: 10.758472442626953
EarlyStopping counter: 6 out of 20
====================================================================================================
Epoch:140
Valid RMSE: 10.642741203308105
EarlyStopping counter: 7 out of 20
====================================================================================================
Epoch:141
Valid RMSE: 10.692255973815918
EarlyStopping counter: 8 out of 20
====================================================================================================
Epoch:142
Valid RMSE: 10.62075138092041
====================================================================================================
Epoch:143
Valid RMSE: 10.585271835327148
====================================================================================================
Epoch:144
Valid RMSE: 10.705568313598633
EarlyStopping counter: 1 out of 20
====================================================================================================
Epoch:145
Valid RMSE: 10.662260055541992
EarlyStopping counter: 2 out of 20
====================================================================================================
Epoch:146
Valid RMSE: 10.694674491882324
EarlyStopping counter: 3 out of 20
====================================================================================================
Epoch:147
Valid RMSE: 10.651350021362305
EarlyStopping counter: 4 out of 20
====================================================================================================
Epoch:148
Valid RMSE: 10.612876892089844
EarlyStopping counter: 5 out of 20
====================================================================================================
Epoch:149
Valid RMSE: 10.644590377807617
EarlyStopping counter: 6 out of 20
====================================================================================================
Epoch:150
Valid RMSE: 10.534832954406738
====================================================================================================
Epoch:151
Valid RMSE: 10.575712203979492
EarlyStopping counter: 1 out of 20
====================================================================================================
Epoch:152
Valid RMSE: 10.621841430664062
EarlyStopping counter: 2 out of 20
====================================================================================================
Epoch:153
Valid RMSE: 10.604995727539062
EarlyStopping counter: 3 out of 20
====================================================================================================
Epoch:154
Valid RMSE: 10.609395980834961
EarlyStopping counter: 4 out of 20
====================================================================================================
Epoch:155
Valid RMSE: 10.687801361083984
EarlyStopping counter: 5 out of 20
====================================================================================================
Epoch:156
Valid RMSE: 10.62467098236084
EarlyStopping counter: 6 out of 20
====================================================================================================
Epoch:157
Valid RMSE: 10.61445140838623
EarlyStopping counter: 7 out of 20
====================================================================================================
Epoch:158
Valid RMSE: 10.567327499389648
EarlyStopping counter: 8 out of 20
====================================================================================================
Epoch:159
Valid RMSE: 10.578847885131836
EarlyStopping counter: 9 out of 20
====================================================================================================
Epoch:160
Valid RMSE: 10.604877471923828
EarlyStopping counter: 10 out of 20
====================================================================================================
Epoch:161
Valid RMSE: 10.459598541259766
====================================================================================================
Epoch:162
Valid RMSE: 10.585424423217773
EarlyStopping counter: 1 out of 20
====================================================================================================
Epoch:163
Valid RMSE: 10.549264907836914
EarlyStopping counter: 2 out of 20
====================================================================================================
Epoch:164
Valid RMSE: 10.542720794677734
EarlyStopping counter: 3 out of 20
====================================================================================================
Epoch:165
Valid RMSE: 10.606368064880371
EarlyStopping counter: 4 out of 20
====================================================================================================
Epoch:166
Valid RMSE: 10.542089462280273
EarlyStopping counter: 5 out of 20
====================================================================================================
Epoch:167
Valid RMSE: 10.487825393676758
EarlyStopping counter: 6 out of 20
====================================================================================================
Epoch:168
Valid RMSE: 10.580635070800781
EarlyStopping counter: 7 out of 20
====================================================================================================
Epoch:169
Valid RMSE: 10.561416625976562
EarlyStopping counter: 8 out of 20
====================================================================================================
Epoch:170
Valid RMSE: 10.602388381958008
EarlyStopping counter: 9 out of 20
====================================================================================================
Epoch:171
Valid RMSE: 10.529376983642578
EarlyStopping counter: 10 out of 20
====================================================================================================
Epoch:172
Valid RMSE: 10.525477409362793
EarlyStopping counter: 11 out of 20
====================================================================================================
Epoch:173
Valid RMSE: 10.474308013916016
EarlyStopping counter: 12 out of 20
====================================================================================================
Epoch:174
Valid RMSE: 10.49692153930664
EarlyStopping counter: 13 out of 20
====================================================================================================
Epoch:175
Valid RMSE: 10.456201553344727
====================================================================================================
Epoch:176
Valid RMSE: 10.488462448120117
EarlyStopping counter: 1 out of 20
====================================================================================================
Epoch:177
Valid RMSE: 10.52417278289795
EarlyStopping counter: 2 out of 20
====================================================================================================
Epoch:178
Valid RMSE: 10.45559024810791
====================================================================================================
Epoch:179
Valid RMSE: 10.571355819702148
EarlyStopping counter: 1 out of 20
====================================================================================================
Epoch:180
Valid RMSE: 10.47220230102539
EarlyStopping counter: 2 out of 20
====================================================================================================
Epoch:181
Valid RMSE: 10.481748580932617
EarlyStopping counter: 3 out of 20
====================================================================================================
Epoch:182
Valid RMSE: 10.476411819458008
EarlyStopping counter: 4 out of 20
====================================================================================================
Epoch:183
Valid RMSE: 10.497791290283203
EarlyStopping counter: 5 out of 20
====================================================================================================
Epoch:184
Valid RMSE: 10.47164535522461
EarlyStopping counter: 6 out of 20
====================================================================================================
Epoch:185
Valid RMSE: 10.498344421386719
EarlyStopping counter: 7 out of 20
====================================================================================================
Epoch:186
Valid RMSE: 10.443229675292969
====================================================================================================
Epoch:187
Valid RMSE: 10.459611892700195
EarlyStopping counter: 1 out of 20
====================================================================================================
Epoch:188
Valid RMSE: 10.461465835571289
EarlyStopping counter: 2 out of 20
====================================================================================================
Epoch:189
Valid RMSE: 10.50474739074707
EarlyStopping counter: 3 out of 20
====================================================================================================
Epoch:190
Valid RMSE: 10.430425643920898
====================================================================================================
Epoch:191
Valid RMSE: 10.436386108398438
EarlyStopping counter: 1 out of 20
====================================================================================================
Epoch:192
Valid RMSE: 10.438413619995117
EarlyStopping counter: 2 out of 20
====================================================================================================
Epoch:193
Valid RMSE: 10.467405319213867
EarlyStopping counter: 3 out of 20
====================================================================================================
Epoch:194
Valid RMSE: 10.438204765319824
EarlyStopping counter: 4 out of 20
====================================================================================================
Epoch:195
Valid RMSE: 10.355932235717773
====================================================================================================
Epoch:196
Valid RMSE: 10.414488792419434
EarlyStopping counter: 1 out of 20
====================================================================================================
Epoch:197
Valid RMSE: 10.484809875488281
EarlyStopping counter: 2 out of 20
====================================================================================================
Epoch:198
Valid RMSE: 10.367436408996582
EarlyStopping counter: 3 out of 20
====================================================================================================
Epoch:199
Valid RMSE: 10.393438339233398
EarlyStopping counter: 4 out of 20
====================================================================================================
Epoch:200
Valid RMSE: 10.431365966796875
EarlyStopping counter: 5 out of 20
====================================================================================================
Epoch:201
Valid RMSE: 10.444684028625488
EarlyStopping counter: 6 out of 20
====================================================================================================
Epoch:202
Valid RMSE: 10.397790908813477
EarlyStopping counter: 7 out of 20
====================================================================================================
Epoch:203
Valid RMSE: 10.325156211853027
====================================================================================================
Epoch:204
Valid RMSE: 10.345246315002441
EarlyStopping counter: 1 out of 20
====================================================================================================
Epoch:205
Valid RMSE: 10.389009475708008
EarlyStopping counter: 2 out of 20
====================================================================================================
Epoch:206
Valid RMSE: 10.378719329833984
EarlyStopping counter: 3 out of 20
====================================================================================================
Epoch:207
Valid RMSE: 10.343046188354492
EarlyStopping counter: 4 out of 20
====================================================================================================
Epoch:208
Valid RMSE: 10.362115859985352
EarlyStopping counter: 5 out of 20
====================================================================================================
Epoch:209
Valid RMSE: 10.33966064453125
EarlyStopping counter: 6 out of 20
====================================================================================================
Epoch:210
Valid RMSE: 10.351335525512695
EarlyStopping counter: 7 out of 20
====================================================================================================
Epoch:211
Valid RMSE: 10.375677108764648
EarlyStopping counter: 8 out of 20
====================================================================================================
Epoch:212
Valid RMSE: 10.360983848571777
EarlyStopping counter: 9 out of 20
====================================================================================================
Epoch:213
Valid RMSE: 10.331460952758789
EarlyStopping counter: 10 out of 20
====================================================================================================
Epoch:214
Valid RMSE: 10.299430847167969
====================================================================================================
Epoch:215
Valid RMSE: 10.246753692626953
====================================================================================================
Epoch:216
Valid RMSE: 10.327795028686523
EarlyStopping counter: 1 out of 20
====================================================================================================
Epoch:217
Valid RMSE: 10.402767181396484
EarlyStopping counter: 2 out of 20
====================================================================================================
Epoch:218
Valid RMSE: 10.324304580688477
EarlyStopping counter: 3 out of 20
====================================================================================================
Epoch:219
Valid RMSE: 10.299850463867188
EarlyStopping counter: 4 out of 20
====================================================================================================
Epoch:220
Valid RMSE: 10.264456748962402
EarlyStopping counter: 5 out of 20
====================================================================================================
Epoch:221
Valid RMSE: 10.257648468017578
EarlyStopping counter: 6 out of 20
====================================================================================================
Epoch:222
Valid RMSE: 10.360754013061523
EarlyStopping counter: 7 out of 20
====================================================================================================
Epoch:223
Valid RMSE: 10.320699691772461
EarlyStopping counter: 8 out of 20
====================================================================================================
Epoch:224
Valid RMSE: 10.265748977661133
EarlyStopping counter: 9 out of 20
====================================================================================================
Epoch:225
Valid RMSE: 10.326961517333984
EarlyStopping counter: 10 out of 20
====================================================================================================
Epoch:226
Valid RMSE: 10.334481239318848
EarlyStopping counter: 11 out of 20
====================================================================================================
Epoch:227
Valid RMSE: 10.282936096191406
EarlyStopping counter: 12 out of 20
====================================================================================================
Epoch:228
Valid RMSE: 10.272785186767578
EarlyStopping counter: 13 out of 20
====================================================================================================
Epoch:229
Valid RMSE: 10.23730182647705
====================================================================================================
Epoch:230
Valid RMSE: 10.259757995605469
EarlyStopping counter: 1 out of 20
====================================================================================================
Epoch:231
Valid RMSE: 10.239447593688965
EarlyStopping counter: 2 out of 20
====================================================================================================
Epoch:232
Valid RMSE: 10.27243423461914
EarlyStopping counter: 3 out of 20
====================================================================================================
Epoch:233
Valid RMSE: 10.249000549316406
EarlyStopping counter: 4 out of 20
====================================================================================================
Epoch:234
Valid RMSE: 10.236370086669922
====================================================================================================
Epoch:235
Valid RMSE: 10.152854919433594
====================================================================================================
Epoch:236
Valid RMSE: 10.178401947021484
EarlyStopping counter: 1 out of 20
====================================================================================================
Epoch:237
Valid RMSE: 10.208610534667969
EarlyStopping counter: 2 out of 20
====================================================================================================
Epoch:238
Valid RMSE: 10.252264976501465
EarlyStopping counter: 3 out of 20
====================================================================================================
Epoch:239
Valid RMSE: 10.28441047668457
EarlyStopping counter: 4 out of 20
====================================================================================================
Epoch:240
Valid RMSE: 10.163667678833008
EarlyStopping counter: 5 out of 20
====================================================================================================
Epoch:241
Valid RMSE: 10.166988372802734
EarlyStopping counter: 6 out of 20
====================================================================================================
Epoch:242
Valid RMSE: 10.1472806930542
====================================================================================================
Epoch:243
Valid RMSE: 10.212928771972656
EarlyStopping counter: 1 out of 20
====================================================================================================
Epoch:244
Valid RMSE: 10.212424278259277
EarlyStopping counter: 2 out of 20
====================================================================================================
Epoch:245
Valid RMSE: 10.138130187988281
====================================================================================================
Epoch:246
Valid RMSE: 10.21426010131836
EarlyStopping counter: 1 out of 20
====================================================================================================
Epoch:247
Valid RMSE: 10.214862823486328
EarlyStopping counter: 2 out of 20
====================================================================================================
Epoch:248
Valid RMSE: 10.197854995727539
EarlyStopping counter: 3 out of 20
====================================================================================================
Epoch:249
Valid RMSE: 10.096349716186523
====================================================================================================
Epoch:250
Valid RMSE: 10.189345359802246
EarlyStopping counter: 1 out of 20
====================================================================================================
Epoch:251
Valid RMSE: 10.14063835144043
EarlyStopping counter: 2 out of 20
====================================================================================================
Epoch:252
Valid RMSE: 10.180147171020508
EarlyStopping counter: 3 out of 20
====================================================================================================
Epoch:253
Valid RMSE: 10.230168342590332
EarlyStopping counter: 4 out of 20
====================================================================================================
Epoch:254
Valid RMSE: 10.100322723388672
EarlyStopping counter: 5 out of 20
====================================================================================================
Epoch:255
Valid RMSE: 10.188441276550293
EarlyStopping counter: 6 out of 20
====================================================================================================
Epoch:256
Valid RMSE: 10.149003028869629
EarlyStopping counter: 7 out of 20
====================================================================================================
Epoch:257
Valid RMSE: 10.16211223602295
EarlyStopping counter: 8 out of 20
====================================================================================================
Epoch:258
Valid RMSE: 10.126947402954102
EarlyStopping counter: 9 out of 20
====================================================================================================
Epoch:259
Valid RMSE: 10.19214916229248
EarlyStopping counter: 10 out of 20
====================================================================================================
Epoch:260
Valid RMSE: 10.102532386779785
EarlyStopping counter: 11 out of 20
====================================================================================================
Epoch:261
Valid RMSE: 10.145895004272461
EarlyStopping counter: 12 out of 20
====================================================================================================
Epoch:262
Valid RMSE: 10.13184928894043
EarlyStopping counter: 13 out of 20
====================================================================================================
Epoch:263
Valid RMSE: 10.067327499389648
====================================================================================================
Epoch:264
Valid RMSE: 10.201498031616211
EarlyStopping counter: 1 out of 20
====================================================================================================
Epoch:265
Valid RMSE: 10.11379623413086
EarlyStopping counter: 2 out of 20
====================================================================================================
Epoch:266
Valid RMSE: 10.079072952270508
EarlyStopping counter: 3 out of 20
====================================================================================================
Epoch:267
Valid RMSE: 10.066019058227539
====================================================================================================
Epoch:268
Valid RMSE: 10.067728042602539
EarlyStopping counter: 1 out of 20
====================================================================================================
Epoch:269
Valid RMSE: 10.122640609741211
EarlyStopping counter: 2 out of 20
====================================================================================================
Epoch:270
Valid RMSE: 10.03714370727539
====================================================================================================
Epoch:271
Valid RMSE: 10.049345016479492
EarlyStopping counter: 1 out of 20
====================================================================================================
Epoch:272
Valid RMSE: 10.027776718139648
====================================================================================================
Epoch:273
Valid RMSE: 10.085955619812012
EarlyStopping counter: 1 out of 20
====================================================================================================
Epoch:274
Valid RMSE: 10.01070785522461
====================================================================================================
Epoch:275
Valid RMSE: 10.111595153808594
EarlyStopping counter: 1 out of 20
====================================================================================================
Epoch:276
Valid RMSE: 9.99240779876709
====================================================================================================
Epoch:277
Valid RMSE: 9.983081817626953
====================================================================================================
Epoch:278
Valid RMSE: 10.121820449829102
EarlyStopping counter: 1 out of 20
====================================================================================================
Epoch:279
Valid RMSE: 10.012325286865234
EarlyStopping counter: 2 out of 20
====================================================================================================
Epoch:280
Valid RMSE: 10.01136589050293
EarlyStopping counter: 3 out of 20
====================================================================================================
Epoch:281
Valid RMSE: 10.015387535095215
EarlyStopping counter: 4 out of 20
====================================================================================================
Epoch:282
Valid RMSE: 9.993385314941406
EarlyStopping counter: 5 out of 20
====================================================================================================
Epoch:283
Valid RMSE: 10.049285888671875
EarlyStopping counter: 6 out of 20
====================================================================================================
Epoch:284
Valid RMSE: 9.973527908325195
====================================================================================================
Epoch:285
Valid RMSE: 10.008760452270508
EarlyStopping counter: 1 out of 20
====================================================================================================
Epoch:286
Valid RMSE: 10.02401351928711
EarlyStopping counter: 2 out of 20
====================================================================================================
Epoch:287
Valid RMSE: 9.99582290649414
EarlyStopping counter: 3 out of 20
====================================================================================================
Epoch:288
Valid RMSE: 9.956197738647461
====================================================================================================
Epoch:289
Valid RMSE: 9.992987632751465
EarlyStopping counter: 1 out of 20
====================================================================================================
Epoch:290
Valid RMSE: 9.960461616516113
EarlyStopping counter: 2 out of 20
====================================================================================================
Epoch:291
Valid RMSE: 9.99777603149414
EarlyStopping counter: 3 out of 20
====================================================================================================
Epoch:292
Valid RMSE: 9.974830627441406
EarlyStopping counter: 4 out of 20
====================================================================================================
Epoch:293
Valid RMSE: 9.982698440551758
EarlyStopping counter: 5 out of 20
====================================================================================================
Epoch:294
Valid RMSE: 10.035884857177734
EarlyStopping counter: 6 out of 20
====================================================================================================
Epoch:295
Valid RMSE: 10.034242630004883
EarlyStopping counter: 7 out of 20
====================================================================================================
Epoch:296
Valid RMSE: 9.973678588867188
EarlyStopping counter: 8 out of 20
====================================================================================================
Epoch:297
Valid RMSE: 10.01391887664795
EarlyStopping counter: 9 out of 20
====================================================================================================
Epoch:298
Valid RMSE: 10.010100364685059
EarlyStopping counter: 10 out of 20
====================================================================================================
Epoch:299
Valid RMSE: 9.959023475646973
EarlyStopping counter: 11 out of 20
====================================================================================================
Epoch:300
Valid RMSE: 9.968475341796875
EarlyStopping counter: 12 out of 20
====================================================================================================
Epoch:301
Valid RMSE: 9.940866470336914
====================================================================================================
Epoch:302
Valid RMSE: 9.959112167358398
EarlyStopping counter: 1 out of 20
====================================================================================================
Epoch:303
Valid RMSE: 9.941567420959473
EarlyStopping counter: 2 out of 20
====================================================================================================
Epoch:304
Valid RMSE: 9.970793724060059
EarlyStopping counter: 3 out of 20
====================================================================================================
Epoch:305
Valid RMSE: 9.929137229919434
====================================================================================================
Epoch:306
Valid RMSE: 9.870782852172852
====================================================================================================
Epoch:307
Valid RMSE: 9.93557357788086
EarlyStopping counter: 1 out of 20
====================================================================================================
Epoch:308
Valid RMSE: 9.997005462646484
EarlyStopping counter: 2 out of 20
====================================================================================================
Epoch:309
Valid RMSE: 9.859392166137695
====================================================================================================
Epoch:310
Valid RMSE: 9.856061935424805
====================================================================================================
Epoch:311
Valid RMSE: 9.885114669799805
EarlyStopping counter: 1 out of 20
====================================================================================================
Epoch:312
Valid RMSE: 9.889501571655273
EarlyStopping counter: 2 out of 20
====================================================================================================
Epoch:313
Valid RMSE: 9.947181701660156
EarlyStopping counter: 3 out of 20
====================================================================================================
Epoch:314
Valid RMSE: 9.893891334533691
EarlyStopping counter: 4 out of 20
====================================================================================================
Epoch:315
Valid RMSE: 9.840282440185547
====================================================================================================
Epoch:316
Valid RMSE: 9.836146354675293
====================================================================================================
Epoch:317
Valid RMSE: 9.918739318847656
EarlyStopping counter: 1 out of 20
====================================================================================================
Epoch:318
Valid RMSE: 9.89926528930664
EarlyStopping counter: 2 out of 20
====================================================================================================
Epoch:319
Valid RMSE: 9.852807998657227
EarlyStopping counter: 3 out of 20
====================================================================================================
Epoch:320
Valid RMSE: 9.920598983764648
EarlyStopping counter: 4 out of 20
====================================================================================================
Epoch:321
Valid RMSE: 9.90638542175293
EarlyStopping counter: 5 out of 20
====================================================================================================
Epoch:322
Valid RMSE: 9.937530517578125
EarlyStopping counter: 6 out of 20
====================================================================================================
Epoch:323
Valid RMSE: 9.853860855102539
EarlyStopping counter: 7 out of 20
====================================================================================================
Epoch:324
Valid RMSE: 9.823984146118164
====================================================================================================
Epoch:325
Valid RMSE: 9.78705883026123
====================================================================================================
Epoch:326
Valid RMSE: 9.823014259338379
EarlyStopping counter: 1 out of 20
====================================================================================================
Epoch:327
Valid RMSE: 9.862014770507812
EarlyStopping counter: 2 out of 20
====================================================================================================
Epoch:328
Valid RMSE: 9.86882495880127
EarlyStopping counter: 3 out of 20
====================================================================================================
Epoch:329
Valid RMSE: 9.788270950317383
EarlyStopping counter: 4 out of 20
====================================================================================================
Epoch:330
Valid RMSE: 9.868823051452637
EarlyStopping counter: 5 out of 20
====================================================================================================
Epoch:331
Valid RMSE: 9.768106460571289
====================================================================================================
Epoch:332
Valid RMSE: 9.825336456298828
EarlyStopping counter: 1 out of 20
====================================================================================================
Epoch:333
Valid RMSE: 9.772958755493164
EarlyStopping counter: 2 out of 20
====================================================================================================
Epoch:334
Valid RMSE: 9.853841781616211
EarlyStopping counter: 3 out of 20
====================================================================================================
Epoch:335
Valid RMSE: 9.850446701049805
EarlyStopping counter: 4 out of 20
====================================================================================================
Epoch:336
Valid RMSE: 9.75897216796875
====================================================================================================
Epoch:337
Valid RMSE: 9.759891510009766
EarlyStopping counter: 1 out of 20
====================================================================================================
Epoch:338
Valid RMSE: 9.829548835754395
EarlyStopping counter: 2 out of 20
====================================================================================================
Epoch:339
Valid RMSE: 9.849483489990234
EarlyStopping counter: 3 out of 20
====================================================================================================
Epoch:340
Valid RMSE: 9.788272857666016
EarlyStopping counter: 4 out of 20
====================================================================================================
Epoch:341
Valid RMSE: 9.781366348266602
EarlyStopping counter: 5 out of 20
====================================================================================================
Epoch:342
Valid RMSE: 9.795429229736328
EarlyStopping counter: 6 out of 20
====================================================================================================
Epoch:343
Valid RMSE: 9.807761192321777
EarlyStopping counter: 7 out of 20
====================================================================================================
Epoch:344
Valid RMSE: 9.77755355834961
EarlyStopping counter: 8 out of 20
====================================================================================================
Epoch:345
Valid RMSE: 9.747852325439453
====================================================================================================
Epoch:346
Valid RMSE: 9.725658416748047
====================================================================================================
Epoch:347
Valid RMSE: 9.710695266723633
====================================================================================================
Epoch:348
Valid RMSE: 9.755216598510742
EarlyStopping counter: 1 out of 20
====================================================================================================
Epoch:349
Valid RMSE: 9.793363571166992
EarlyStopping counter: 2 out of 20
====================================================================================================
Epoch:350
Valid RMSE: 9.716760635375977
EarlyStopping counter: 3 out of 20
====================================================================================================
Epoch:351
Valid RMSE: 9.717042922973633
EarlyStopping counter: 4 out of 20
====================================================================================================
Epoch:352
Valid RMSE: 9.752117156982422
EarlyStopping counter: 5 out of 20
====================================================================================================
Epoch:353
Valid RMSE: 9.800612449645996
EarlyStopping counter: 6 out of 20
====================================================================================================
Epoch:354
Valid RMSE: 9.778818130493164
EarlyStopping counter: 7 out of 20
====================================================================================================
Epoch:355
Valid RMSE: 9.729126930236816
EarlyStopping counter: 8 out of 20
====================================================================================================
Epoch:356
Valid RMSE: 9.755178451538086
EarlyStopping counter: 9 out of 20
====================================================================================================
Epoch:357
Valid RMSE: 9.698150634765625
====================================================================================================
Epoch:358
Valid RMSE: 9.72350025177002
EarlyStopping counter: 1 out of 20
====================================================================================================
Epoch:359
Valid RMSE: 9.790756225585938
EarlyStopping counter: 2 out of 20
====================================================================================================
Epoch:360
Valid RMSE: 9.720865249633789
EarlyStopping counter: 3 out of 20
====================================================================================================
Epoch:361
Valid RMSE: 9.694189071655273
====================================================================================================
Epoch:362
Valid RMSE: 9.687088012695312
====================================================================================================
Epoch:363
Valid RMSE: 9.69035816192627
EarlyStopping counter: 1 out of 20
====================================================================================================
Epoch:364
Valid RMSE: 9.668720245361328
====================================================================================================
Epoch:365
Valid RMSE: 9.736595153808594
EarlyStopping counter: 1 out of 20
====================================================================================================
Epoch:366
Valid RMSE: 9.638291358947754
====================================================================================================
Epoch:367
Valid RMSE: 9.795516967773438
EarlyStopping counter: 1 out of 20
====================================================================================================
Epoch:368
Valid RMSE: 9.663627624511719
EarlyStopping counter: 2 out of 20
====================================================================================================
Epoch:369
Valid RMSE: 9.705581665039062
EarlyStopping counter: 3 out of 20
====================================================================================================
Epoch:370
Valid RMSE: 9.69232177734375
EarlyStopping counter: 4 out of 20
====================================================================================================
Epoch:371
Valid RMSE: 9.645007133483887
EarlyStopping counter: 5 out of 20
====================================================================================================
Epoch:372
Valid RMSE: 9.634556770324707
====================================================================================================
Epoch:373
Valid RMSE: 9.662490844726562
EarlyStopping counter: 1 out of 20
====================================================================================================
Epoch:374
Valid RMSE: 9.634401321411133
====================================================================================================
Epoch:375
Valid RMSE: 9.661307334899902
EarlyStopping counter: 1 out of 20
====================================================================================================
Epoch:376
Valid RMSE: 9.791396141052246
EarlyStopping counter: 2 out of 20
====================================================================================================
Epoch:377
Valid RMSE: 9.680214881896973
EarlyStopping counter: 3 out of 20
====================================================================================================
Epoch:378
Valid RMSE: 9.663267135620117
EarlyStopping counter: 4 out of 20
====================================================================================================
Epoch:379
Valid RMSE: 9.661127090454102
EarlyStopping counter: 5 out of 20
====================================================================================================
Epoch:380
Valid RMSE: 9.678071975708008
EarlyStopping counter: 6 out of 20
====================================================================================================
Epoch:381
Valid RMSE: 9.653608322143555
EarlyStopping counter: 7 out of 20
====================================================================================================
Epoch:382
Valid RMSE: 9.59427261352539
====================================================================================================
Epoch:383
Valid RMSE: 9.609128952026367
EarlyStopping counter: 1 out of 20
====================================================================================================
Epoch:384
Valid RMSE: 9.708502769470215
EarlyStopping counter: 2 out of 20
====================================================================================================
Epoch:385
Valid RMSE: 9.695028305053711
EarlyStopping counter: 3 out of 20
====================================================================================================
Epoch:386
Valid RMSE: 9.61965274810791
EarlyStopping counter: 4 out of 20
====================================================================================================
Epoch:387
Valid RMSE: 9.62643814086914
EarlyStopping counter: 5 out of 20
====================================================================================================
Epoch:388
Valid RMSE: 9.68258285522461
EarlyStopping counter: 6 out of 20
====================================================================================================
Epoch:389
Valid RMSE: 9.59206485748291
====================================================================================================
Epoch:390
Valid RMSE: 9.56888198852539
====================================================================================================
Epoch:391
Valid RMSE: 9.697772979736328
EarlyStopping counter: 1 out of 20
====================================================================================================
Epoch:392
Valid RMSE: 9.638607025146484
EarlyStopping counter: 2 out of 20
====================================================================================================
Epoch:393
Valid RMSE: 9.63530445098877
EarlyStopping counter: 3 out of 20
====================================================================================================
Epoch:394
Valid RMSE: 9.575223922729492
EarlyStopping counter: 4 out of 20
====================================================================================================
Epoch:395
Valid RMSE: 9.664946556091309
EarlyStopping counter: 5 out of 20
====================================================================================================
Epoch:396
Valid RMSE: 9.627480506896973
EarlyStopping counter: 6 out of 20
====================================================================================================
Epoch:397
Valid RMSE: 9.638944625854492
EarlyStopping counter: 7 out of 20
====================================================================================================
Epoch:398
Valid RMSE: 9.555583953857422
====================================================================================================
Epoch:399
Valid RMSE: 9.624755859375
EarlyStopping counter: 1 out of 20
====================================================================================================
Epoch:400
Valid RMSE: 9.556687355041504
EarlyStopping counter: 2 out of 20
====================================================================================================
Epoch:401
Valid RMSE: 9.582706451416016
EarlyStopping counter: 3 out of 20
====================================================================================================
Epoch:402
Valid RMSE: 9.602509498596191
EarlyStopping counter: 4 out of 20
====================================================================================================
Epoch:403
Valid RMSE: 9.550701141357422
====================================================================================================
Epoch:404
Valid RMSE: 9.571962356567383
EarlyStopping counter: 1 out of 20
====================================================================================================
Epoch:405
Valid RMSE: 9.561407089233398
EarlyStopping counter: 2 out of 20
====================================================================================================
Epoch:406
Valid RMSE: 9.558940887451172
EarlyStopping counter: 3 out of 20
====================================================================================================
Epoch:407
Valid RMSE: 9.568130493164062
EarlyStopping counter: 4 out of 20
====================================================================================================
Epoch:408
Valid RMSE: 9.59524154663086
EarlyStopping counter: 5 out of 20
====================================================================================================
Epoch:409
Valid RMSE: 9.581155776977539
EarlyStopping counter: 6 out of 20
====================================================================================================
Epoch:410
Valid RMSE: 9.552133560180664
EarlyStopping counter: 7 out of 20
====================================================================================================
Epoch:411
Valid RMSE: 9.533214569091797
====================================================================================================
Epoch:412
Valid RMSE: 9.530771255493164
====================================================================================================
Epoch:413
Valid RMSE: 9.523195266723633
====================================================================================================
Epoch:414
Valid RMSE: 9.551212310791016
EarlyStopping counter: 1 out of 20
====================================================================================================
Epoch:415
Valid RMSE: 9.621430397033691
EarlyStopping counter: 2 out of 20
====================================================================================================
Epoch:416
Valid RMSE: 9.551966667175293
EarlyStopping counter: 3 out of 20
====================================================================================================
Epoch:417
Valid RMSE: 9.571489334106445
EarlyStopping counter: 4 out of 20
====================================================================================================
Epoch:418
Valid RMSE: 9.605863571166992
EarlyStopping counter: 5 out of 20
====================================================================================================
Epoch:419
Valid RMSE: 9.562131881713867
EarlyStopping counter: 6 out of 20
====================================================================================================
Epoch:420
Valid RMSE: 9.548694610595703
EarlyStopping counter: 7 out of 20
====================================================================================================
Epoch:421
Valid RMSE: 9.546232223510742
EarlyStopping counter: 8 out of 20
====================================================================================================
Epoch:422
Valid RMSE: 9.51020336151123
====================================================================================================
Epoch:423
Valid RMSE: 9.517919540405273
EarlyStopping counter: 1 out of 20
====================================================================================================
Epoch:424
Valid RMSE: 9.495933532714844
====================================================================================================
Epoch:425
Valid RMSE: 9.53581428527832
EarlyStopping counter: 1 out of 20
====================================================================================================
Epoch:426
Valid RMSE: 9.499971389770508
EarlyStopping counter: 2 out of 20
====================================================================================================
Epoch:427
Valid RMSE: 9.560187339782715
EarlyStopping counter: 3 out of 20
====================================================================================================
Epoch:428
Valid RMSE: 9.451709747314453
====================================================================================================
Epoch:429
Valid RMSE: 9.5381498336792
EarlyStopping counter: 1 out of 20
====================================================================================================
Epoch:430
Valid RMSE: 9.482489585876465
EarlyStopping counter: 2 out of 20
====================================================================================================
Epoch:431
Valid RMSE: 9.446327209472656
====================================================================================================
Epoch:432
Valid RMSE: 9.475123405456543
EarlyStopping counter: 1 out of 20
====================================================================================================
Epoch:433
Valid RMSE: 9.484684944152832
EarlyStopping counter: 2 out of 20
====================================================================================================
Epoch:434
Valid RMSE: 9.46281623840332
EarlyStopping counter: 3 out of 20
====================================================================================================
Epoch:435
Valid RMSE: 9.471080780029297
EarlyStopping counter: 4 out of 20
====================================================================================================
Epoch:436
Valid RMSE: 9.549874305725098
EarlyStopping counter: 5 out of 20
====================================================================================================
Epoch:437
Valid RMSE: 9.443769454956055
====================================================================================================
Epoch:438
Valid RMSE: 9.501351356506348
EarlyStopping counter: 1 out of 20
====================================================================================================
Epoch:439
Valid RMSE: 9.494344711303711
EarlyStopping counter: 2 out of 20
====================================================================================================
Epoch:440
Valid RMSE: 9.452495574951172
EarlyStopping counter: 3 out of 20
====================================================================================================
Epoch:441
Valid RMSE: 9.425347328186035
====================================================================================================
Epoch:442
Valid RMSE: 9.447627067565918
EarlyStopping counter: 1 out of 20
====================================================================================================
Epoch:443
Valid RMSE: 9.511249542236328
EarlyStopping counter: 2 out of 20
====================================================================================================
Epoch:444
Valid RMSE: 9.455270767211914
EarlyStopping counter: 3 out of 20
====================================================================================================
Epoch:445
Valid RMSE: 9.506662368774414
EarlyStopping counter: 4 out of 20
====================================================================================================
Epoch:446
Valid RMSE: 9.427417755126953
EarlyStopping counter: 5 out of 20
====================================================================================================
Epoch:447
Valid RMSE: 9.428359985351562
EarlyStopping counter: 6 out of 20
====================================================================================================
Epoch:448
Valid RMSE: 9.403392791748047
====================================================================================================
Epoch:449
Valid RMSE: 9.374410629272461
====================================================================================================
Epoch:450
Valid RMSE: 9.445272445678711
EarlyStopping counter: 1 out of 20
====================================================================================================
Epoch:451
Valid RMSE: 9.49464225769043
EarlyStopping counter: 2 out of 20
====================================================================================================
Epoch:452
Valid RMSE: 9.37131118774414
====================================================================================================
Epoch:453
Valid RMSE: 9.426210403442383
EarlyStopping counter: 1 out of 20
====================================================================================================
Epoch:454
Valid RMSE: 9.366003036499023
====================================================================================================
Epoch:455
Valid RMSE: 9.384479522705078
EarlyStopping counter: 1 out of 20
====================================================================================================
Epoch:456
Valid RMSE: 9.426589012145996
EarlyStopping counter: 2 out of 20
====================================================================================================
Epoch:457
Valid RMSE: 9.419340133666992
EarlyStopping counter: 3 out of 20
====================================================================================================
Epoch:458
Valid RMSE: 9.480095863342285
EarlyStopping counter: 4 out of 20
====================================================================================================
Epoch:459
Valid RMSE: 9.353157043457031
====================================================================================================
Epoch:460
Valid RMSE: 9.438365936279297
EarlyStopping counter: 1 out of 20
====================================================================================================
Epoch:461
Valid RMSE: 9.38101577758789
EarlyStopping counter: 2 out of 20
====================================================================================================
Epoch:462
Valid RMSE: 9.44353199005127
EarlyStopping counter: 3 out of 20
====================================================================================================
Epoch:463
Valid RMSE: 9.55451488494873
EarlyStopping counter: 4 out of 20
====================================================================================================
Epoch:464
Valid RMSE: 9.39181900024414
EarlyStopping counter: 5 out of 20
====================================================================================================
Epoch:465
Valid RMSE: 9.378365516662598
EarlyStopping counter: 6 out of 20
====================================================================================================
Epoch:466
Valid RMSE: 9.374424934387207
EarlyStopping counter: 7 out of 20
====================================================================================================
Epoch:467
Valid RMSE: 9.347762107849121
====================================================================================================
Epoch:468
Valid RMSE: 9.394477844238281
EarlyStopping counter: 1 out of 20
====================================================================================================
Epoch:469
Valid RMSE: 9.42280387878418
EarlyStopping counter: 2 out of 20
====================================================================================================
Epoch:470
Valid RMSE: 9.328035354614258
====================================================================================================
Epoch:471
Valid RMSE: 9.395735740661621
EarlyStopping counter: 1 out of 20
====================================================================================================
Epoch:472
Valid RMSE: 9.369081497192383
EarlyStopping counter: 2 out of 20
====================================================================================================
Epoch:473
Valid RMSE: 9.318485260009766
====================================================================================================
Epoch:474
Valid RMSE: 9.434347152709961
EarlyStopping counter: 1 out of 20
====================================================================================================
Epoch:475
Valid RMSE: 9.410364151000977
EarlyStopping counter: 2 out of 20
====================================================================================================
Epoch:476
Valid RMSE: 9.369237899780273
EarlyStopping counter: 3 out of 20
====================================================================================================
Epoch:477
Valid RMSE: 9.39453125
EarlyStopping counter: 4 out of 20
====================================================================================================
Epoch:478
Valid RMSE: 9.32197093963623
EarlyStopping counter: 5 out of 20
====================================================================================================
Epoch:479
Valid RMSE: 9.37449836730957
EarlyStopping counter: 6 out of 20
====================================================================================================
Epoch:480
Valid RMSE: 9.377405166625977
EarlyStopping counter: 7 out of 20
====================================================================================================
Epoch:481
Valid RMSE: 9.296701431274414
====================================================================================================
Epoch:482
Valid RMSE: 9.336904525756836
EarlyStopping counter: 1 out of 20
====================================================================================================
Epoch:483
Valid RMSE: 9.35634708404541
EarlyStopping counter: 2 out of 20
====================================================================================================
Epoch:484
Valid RMSE: 9.391019821166992
EarlyStopping counter: 3 out of 20
====================================================================================================
Epoch:485
Valid RMSE: 9.362552642822266
EarlyStopping counter: 4 out of 20
====================================================================================================
Epoch:486
Valid RMSE: 9.298078536987305
EarlyStopping counter: 5 out of 20
====================================================================================================
Epoch:487
Valid RMSE: 9.35597038269043
EarlyStopping counter: 6 out of 20
====================================================================================================
Epoch:488
Valid RMSE: 9.311728477478027
EarlyStopping counter: 7 out of 20
====================================================================================================
Epoch:489
Valid RMSE: 9.345009803771973
EarlyStopping counter: 8 out of 20
====================================================================================================
Epoch:490
Valid RMSE: 9.310129165649414
EarlyStopping counter: 9 out of 20
====================================================================================================
Epoch:491
Valid RMSE: 9.272941589355469
====================================================================================================
Epoch:492
Valid RMSE: 9.302918434143066
EarlyStopping counter: 1 out of 20
====================================================================================================
Epoch:493
Valid RMSE: 9.318456649780273
EarlyStopping counter: 2 out of 20
====================================================================================================
Epoch:494
Valid RMSE: 9.38425064086914
EarlyStopping counter: 3 out of 20
====================================================================================================
Epoch:495
Valid RMSE: 9.295486450195312
EarlyStopping counter: 4 out of 20
====================================================================================================
Epoch:496
Valid RMSE: 9.282811164855957
EarlyStopping counter: 5 out of 20
====================================================================================================
Epoch:497
Valid RMSE: 9.386503219604492
EarlyStopping counter: 6 out of 20
====================================================================================================
Epoch:498
Valid RMSE: 9.29460334777832
EarlyStopping counter: 7 out of 20
====================================================================================================
Epoch:499
Valid RMSE: 9.333483695983887
EarlyStopping counter: 8 out of 20
====================================================================================================
torch.Size([1999, 1, 207, 12])
torch.Size([1999, 1, 207, 12])
torch.Size([1999, 1, 207, 12])
==================================================  Testing  ==================================================
predict shape:  (544, 207, 12)
MAE: 5.634 RMSE: 10.348 MAPE: 11.379
Spend Time: 5947.422403097153
