torch.Size([1999, 1, 207, 12])
torch.Size([1999, 1, 207, 12])
torch.Size([1999, 1, 207, 12])
==================================================  Training  ==================================================
Epoch:0
Valid RMSE: 16.808996200561523
====================================================================================================
Epoch:1
Valid RMSE: 16.601396560668945
====================================================================================================
Epoch:2
Valid RMSE: 16.012523651123047
====================================================================================================
Epoch:3
Valid RMSE: 14.627920150756836
====================================================================================================
Epoch:4
Valid RMSE: 13.8819580078125
====================================================================================================
Epoch:5
Valid RMSE: 13.338533401489258
====================================================================================================
Epoch:6
Valid RMSE: 13.086023330688477
====================================================================================================
Epoch:7
Valid RMSE: 12.917036056518555
====================================================================================================
Epoch:8
Valid RMSE: 12.859350204467773
====================================================================================================
Epoch:9
Valid RMSE: 12.82529067993164
====================================================================================================
Epoch:10
Valid RMSE: 12.718194961547852
====================================================================================================
Epoch:11
Valid RMSE: 12.613794326782227
====================================================================================================
Epoch:12
Valid RMSE: 12.345105171203613
====================================================================================================
Epoch:13
Valid RMSE: 12.432628631591797
EarlyStopping counter: 1 out of 20
====================================================================================================
Epoch:14
Valid RMSE: 12.292387008666992
====================================================================================================
Epoch:15
Valid RMSE: 12.14326286315918
====================================================================================================
Epoch:16
Valid RMSE: 12.094301223754883
====================================================================================================
Epoch:17
Valid RMSE: 12.15384292602539
EarlyStopping counter: 1 out of 20
====================================================================================================
Epoch:18
Valid RMSE: 12.103939056396484
EarlyStopping counter: 2 out of 20
====================================================================================================
Epoch:19
Valid RMSE: 12.060664176940918
====================================================================================================
Epoch:20
Valid RMSE: 12.01658821105957
====================================================================================================
Epoch:21
Valid RMSE: 11.93452262878418
====================================================================================================
Epoch:22
Valid RMSE: 11.999847412109375
EarlyStopping counter: 1 out of 20
====================================================================================================
Epoch:23
Valid RMSE: 12.083213806152344
EarlyStopping counter: 2 out of 20
====================================================================================================
Epoch:24
Valid RMSE: 11.828882217407227
====================================================================================================
Epoch:25
Valid RMSE: 11.982905387878418
EarlyStopping counter: 1 out of 20
====================================================================================================
Epoch:26
Valid RMSE: 11.871292114257812
EarlyStopping counter: 2 out of 20
====================================================================================================
Epoch:27
Valid RMSE: 11.895383834838867
EarlyStopping counter: 3 out of 20
====================================================================================================
Epoch:28
Valid RMSE: 11.847620010375977
EarlyStopping counter: 4 out of 20
====================================================================================================
Epoch:29
Valid RMSE: 11.82805061340332
====================================================================================================
Epoch:30
Valid RMSE: 11.810213088989258
====================================================================================================
Epoch:31
Valid RMSE: 11.758461952209473
====================================================================================================
Epoch:32
Valid RMSE: 11.777522087097168
EarlyStopping counter: 1 out of 20
====================================================================================================
Epoch:33
Valid RMSE: 11.792308807373047
EarlyStopping counter: 2 out of 20
====================================================================================================
Epoch:34
Valid RMSE: 11.690892219543457
====================================================================================================
Epoch:35
Valid RMSE: 11.640878677368164
====================================================================================================
Epoch:36
Valid RMSE: 11.843324661254883
EarlyStopping counter: 1 out of 20
====================================================================================================
Epoch:37
Valid RMSE: 11.759592056274414
EarlyStopping counter: 2 out of 20
====================================================================================================
Epoch:38
Valid RMSE: 11.626578330993652
====================================================================================================
Epoch:39
Valid RMSE: 11.683727264404297
EarlyStopping counter: 1 out of 20
====================================================================================================
Epoch:40
Valid RMSE: 11.659527778625488
EarlyStopping counter: 2 out of 20
====================================================================================================
Epoch:41
Valid RMSE: 11.70687484741211
EarlyStopping counter: 3 out of 20
====================================================================================================
Epoch:42
Valid RMSE: 11.657381057739258
EarlyStopping counter: 4 out of 20
====================================================================================================
Epoch:43
Valid RMSE: 11.58725643157959
====================================================================================================
Epoch:44
Valid RMSE: 11.586310386657715
====================================================================================================
Epoch:45
Valid RMSE: 11.648456573486328
EarlyStopping counter: 1 out of 20
====================================================================================================
Epoch:46
Valid RMSE: 11.622611999511719
EarlyStopping counter: 2 out of 20
====================================================================================================
Epoch:47
Valid RMSE: 11.59626579284668
EarlyStopping counter: 3 out of 20
====================================================================================================
Epoch:48
Valid RMSE: 11.533895492553711
====================================================================================================
Epoch:49
Valid RMSE: 11.512572288513184
====================================================================================================
Epoch:50
Valid RMSE: 11.469828605651855
====================================================================================================
Epoch:51
Valid RMSE: 11.617856979370117
EarlyStopping counter: 1 out of 20
====================================================================================================
Epoch:52
Valid RMSE: 11.546079635620117
EarlyStopping counter: 2 out of 20
====================================================================================================
Epoch:53
Valid RMSE: 11.557964324951172
EarlyStopping counter: 3 out of 20
====================================================================================================
Epoch:54
Valid RMSE: 11.466808319091797
====================================================================================================
Epoch:55
Valid RMSE: 11.388583183288574
====================================================================================================
Epoch:56
Valid RMSE: 11.486906051635742
EarlyStopping counter: 1 out of 20
====================================================================================================
Epoch:57
Valid RMSE: 11.473714828491211
EarlyStopping counter: 2 out of 20
====================================================================================================
Epoch:58
Valid RMSE: 11.301122665405273
====================================================================================================
Epoch:59
Valid RMSE: 11.447195053100586
EarlyStopping counter: 1 out of 20
====================================================================================================
Epoch:60
Valid RMSE: 11.41836166381836
EarlyStopping counter: 2 out of 20
====================================================================================================
Epoch:61
Valid RMSE: 11.335062026977539
EarlyStopping counter: 3 out of 20
====================================================================================================
Epoch:62
Valid RMSE: 11.389436721801758
EarlyStopping counter: 4 out of 20
====================================================================================================
Epoch:63
Valid RMSE: 11.326086044311523
EarlyStopping counter: 5 out of 20
====================================================================================================
Epoch:64
Valid RMSE: 11.339111328125
EarlyStopping counter: 6 out of 20
====================================================================================================
Epoch:65
Valid RMSE: 11.305850982666016
EarlyStopping counter: 7 out of 20
====================================================================================================
Epoch:66
Valid RMSE: 11.289581298828125
====================================================================================================
Epoch:67
Valid RMSE: 11.282299995422363
====================================================================================================
Epoch:68
Valid RMSE: 11.308481216430664
EarlyStopping counter: 1 out of 20
====================================================================================================
Epoch:69
Valid RMSE: 11.201644897460938
====================================================================================================
Epoch:70
Valid RMSE: 11.229460716247559
EarlyStopping counter: 1 out of 20
====================================================================================================
Epoch:71
Valid RMSE: 11.326983451843262
EarlyStopping counter: 2 out of 20
====================================================================================================
Epoch:72
Valid RMSE: 11.203057289123535
EarlyStopping counter: 3 out of 20
====================================================================================================
Epoch:73
Valid RMSE: 11.140310287475586
====================================================================================================
Epoch:74
Valid RMSE: 11.198577880859375
EarlyStopping counter: 1 out of 20
====================================================================================================
Epoch:75
Valid RMSE: 11.30606460571289
EarlyStopping counter: 2 out of 20
====================================================================================================
Epoch:76
Valid RMSE: 11.130468368530273
====================================================================================================
Epoch:77
Valid RMSE: 11.138559341430664
EarlyStopping counter: 1 out of 20
====================================================================================================
Epoch:78
Valid RMSE: 11.225189208984375
EarlyStopping counter: 2 out of 20
====================================================================================================
Epoch:79
Valid RMSE: 11.144131660461426
EarlyStopping counter: 3 out of 20
====================================================================================================
Epoch:80
Valid RMSE: 11.083318710327148
====================================================================================================
Epoch:81
Valid RMSE: 11.059648513793945
====================================================================================================
Epoch:82
Valid RMSE: 11.106873512268066
EarlyStopping counter: 1 out of 20
====================================================================================================
Epoch:83
Valid RMSE: 11.18499755859375
EarlyStopping counter: 2 out of 20
====================================================================================================
Epoch:84
Valid RMSE: 11.173070907592773
EarlyStopping counter: 3 out of 20
====================================================================================================
Epoch:85
Valid RMSE: 11.070279121398926
EarlyStopping counter: 4 out of 20
====================================================================================================
Epoch:86
Valid RMSE: 11.106674194335938
EarlyStopping counter: 5 out of 20
====================================================================================================
Epoch:87
Valid RMSE: 11.179672241210938
EarlyStopping counter: 6 out of 20
====================================================================================================
Epoch:88
Valid RMSE: 11.142736434936523
EarlyStopping counter: 7 out of 20
====================================================================================================
Epoch:89
Valid RMSE: 11.006354331970215
====================================================================================================
Epoch:90
Valid RMSE: 11.050949096679688
EarlyStopping counter: 1 out of 20
====================================================================================================
Epoch:91
Valid RMSE: 10.97589111328125
====================================================================================================
Epoch:92
Valid RMSE: 10.948545455932617
====================================================================================================
Epoch:93
Valid RMSE: 10.969740867614746
EarlyStopping counter: 1 out of 20
====================================================================================================
Epoch:94
Valid RMSE: 10.986461639404297
EarlyStopping counter: 2 out of 20
====================================================================================================
Epoch:95
Valid RMSE: 10.93302059173584
====================================================================================================
Epoch:96
Valid RMSE: 10.950559616088867
EarlyStopping counter: 1 out of 20
====================================================================================================
Epoch:97
Valid RMSE: 10.94302749633789
EarlyStopping counter: 2 out of 20
====================================================================================================
Epoch:98
Valid RMSE: 10.938949584960938
EarlyStopping counter: 3 out of 20
====================================================================================================
Epoch:99
Valid RMSE: 10.946767807006836
EarlyStopping counter: 4 out of 20
====================================================================================================
Epoch:100
Valid RMSE: 10.878536224365234
====================================================================================================
Epoch:101
Valid RMSE: 10.899721145629883
EarlyStopping counter: 1 out of 20
====================================================================================================
Epoch:102
Valid RMSE: 10.887697219848633
EarlyStopping counter: 2 out of 20
====================================================================================================
Epoch:103
Valid RMSE: 10.787392616271973
====================================================================================================
Epoch:104
Valid RMSE: 10.880769729614258
EarlyStopping counter: 1 out of 20
====================================================================================================
Epoch:105
Valid RMSE: 10.91877555847168
EarlyStopping counter: 2 out of 20
====================================================================================================
Epoch:106
Valid RMSE: 10.89171028137207
EarlyStopping counter: 3 out of 20
====================================================================================================
Epoch:107
Valid RMSE: 10.943611145019531
EarlyStopping counter: 4 out of 20
====================================================================================================
Epoch:108
Valid RMSE: 10.822722434997559
EarlyStopping counter: 5 out of 20
====================================================================================================
Epoch:109
Valid RMSE: 10.863016128540039
EarlyStopping counter: 6 out of 20
====================================================================================================
Epoch:110
Valid RMSE: 10.862265586853027
EarlyStopping counter: 7 out of 20
====================================================================================================
Epoch:111
Valid RMSE: 10.899615287780762
EarlyStopping counter: 8 out of 20
====================================================================================================
Epoch:112
Valid RMSE: 10.798048973083496
EarlyStopping counter: 9 out of 20
====================================================================================================
Epoch:113
Valid RMSE: 10.79702091217041
EarlyStopping counter: 10 out of 20
====================================================================================================
Epoch:114
Valid RMSE: 10.80979061126709
EarlyStopping counter: 11 out of 20
====================================================================================================
Epoch:115
Valid RMSE: 10.819465637207031
EarlyStopping counter: 12 out of 20
====================================================================================================
Epoch:116
Valid RMSE: 10.867376327514648
EarlyStopping counter: 13 out of 20
====================================================================================================
Epoch:117
Valid RMSE: 10.804638862609863
EarlyStopping counter: 14 out of 20
====================================================================================================
Epoch:118
Valid RMSE: 10.769116401672363
====================================================================================================
Epoch:119
Valid RMSE: 10.793404579162598
EarlyStopping counter: 1 out of 20
====================================================================================================
Epoch:120
Valid RMSE: 10.790071487426758
EarlyStopping counter: 2 out of 20
====================================================================================================
Epoch:121
Valid RMSE: 10.78622817993164
EarlyStopping counter: 3 out of 20
====================================================================================================
Epoch:122
Valid RMSE: 10.858232498168945
EarlyStopping counter: 4 out of 20
====================================================================================================
Epoch:123
Valid RMSE: 10.800919532775879
EarlyStopping counter: 5 out of 20
====================================================================================================
Epoch:124
Valid RMSE: 10.88338565826416
EarlyStopping counter: 6 out of 20
====================================================================================================
Epoch:125
Valid RMSE: 10.746427536010742
====================================================================================================
Epoch:126
Valid RMSE: 10.758155822753906
EarlyStopping counter: 1 out of 20
====================================================================================================
Epoch:127
Valid RMSE: 10.77836799621582
EarlyStopping counter: 2 out of 20
====================================================================================================
Epoch:128
Valid RMSE: 10.73425579071045
====================================================================================================
Epoch:129
Valid RMSE: 10.77309513092041
EarlyStopping counter: 1 out of 20
====================================================================================================
Epoch:130
Valid RMSE: 10.63520622253418
====================================================================================================
Epoch:131
Valid RMSE: 10.761429786682129
EarlyStopping counter: 1 out of 20
====================================================================================================
Epoch:132
Valid RMSE: 10.638158798217773
EarlyStopping counter: 2 out of 20
====================================================================================================
Epoch:133
Valid RMSE: 10.687162399291992
EarlyStopping counter: 3 out of 20
====================================================================================================
Epoch:134
Valid RMSE: 10.717842102050781
EarlyStopping counter: 4 out of 20
====================================================================================================
Epoch:135
Valid RMSE: 10.611040115356445
====================================================================================================
Epoch:136
Valid RMSE: 10.666614532470703
EarlyStopping counter: 1 out of 20
====================================================================================================
Epoch:137
Valid RMSE: 10.67356014251709
EarlyStopping counter: 2 out of 20
====================================================================================================
Epoch:138
Valid RMSE: 10.698725700378418
EarlyStopping counter: 3 out of 20
====================================================================================================
Epoch:139
Valid RMSE: 10.671316146850586
EarlyStopping counter: 4 out of 20
====================================================================================================
Epoch:140
Valid RMSE: 10.624004364013672
EarlyStopping counter: 5 out of 20
====================================================================================================
Epoch:141
Valid RMSE: 10.560606956481934
====================================================================================================
Epoch:142
Valid RMSE: 10.67244815826416
EarlyStopping counter: 1 out of 20
====================================================================================================
Epoch:143
Valid RMSE: 10.669971466064453
EarlyStopping counter: 2 out of 20
====================================================================================================
Epoch:144
Valid RMSE: 10.594560623168945
EarlyStopping counter: 3 out of 20
====================================================================================================
Epoch:145
Valid RMSE: 10.658714294433594
EarlyStopping counter: 4 out of 20
====================================================================================================
Epoch:146
Valid RMSE: 10.665823936462402
EarlyStopping counter: 5 out of 20
====================================================================================================
Epoch:147
Valid RMSE: 10.56818962097168
EarlyStopping counter: 6 out of 20
====================================================================================================
Epoch:148
Valid RMSE: 10.66529655456543
EarlyStopping counter: 7 out of 20
====================================================================================================
Epoch:149
Valid RMSE: 10.675860404968262
EarlyStopping counter: 8 out of 20
====================================================================================================
Epoch:150
Valid RMSE: 10.662707328796387
EarlyStopping counter: 9 out of 20
====================================================================================================
Epoch:151
Valid RMSE: 10.634950637817383
EarlyStopping counter: 10 out of 20
====================================================================================================
Epoch:152
Valid RMSE: 10.664623260498047
EarlyStopping counter: 11 out of 20
====================================================================================================
Epoch:153
Valid RMSE: 10.604850769042969
EarlyStopping counter: 12 out of 20
====================================================================================================
Epoch:154
Valid RMSE: 10.539290428161621
====================================================================================================
Epoch:155
Valid RMSE: 10.579849243164062
EarlyStopping counter: 1 out of 20
====================================================================================================
Epoch:156
Valid RMSE: 10.576393127441406
EarlyStopping counter: 2 out of 20
====================================================================================================
Epoch:157
Valid RMSE: 10.520059585571289
====================================================================================================
Epoch:158
Valid RMSE: 10.598424911499023
EarlyStopping counter: 1 out of 20
====================================================================================================
Epoch:159
Valid RMSE: 10.538900375366211
EarlyStopping counter: 2 out of 20
====================================================================================================
Epoch:160
Valid RMSE: 10.529533386230469
EarlyStopping counter: 3 out of 20
====================================================================================================
Epoch:161
Valid RMSE: 10.56433391571045
EarlyStopping counter: 4 out of 20
====================================================================================================
Epoch:162
Valid RMSE: 10.528741836547852
EarlyStopping counter: 5 out of 20
====================================================================================================
Epoch:163
Valid RMSE: 10.593669891357422
EarlyStopping counter: 6 out of 20
====================================================================================================
Epoch:164
Valid RMSE: 10.645414352416992
EarlyStopping counter: 7 out of 20
====================================================================================================
Epoch:165
Valid RMSE: 10.511615753173828
====================================================================================================
Epoch:166
Valid RMSE: 10.537818908691406
EarlyStopping counter: 1 out of 20
====================================================================================================
Epoch:167
Valid RMSE: 10.658345222473145
EarlyStopping counter: 2 out of 20
====================================================================================================
Epoch:168
Valid RMSE: 10.542905807495117
EarlyStopping counter: 3 out of 20
====================================================================================================
Epoch:169
Valid RMSE: 10.526836395263672
EarlyStopping counter: 4 out of 20
====================================================================================================
Epoch:170
Valid RMSE: 10.560770988464355
EarlyStopping counter: 5 out of 20
====================================================================================================
Epoch:171
Valid RMSE: 10.511731147766113
EarlyStopping counter: 6 out of 20
====================================================================================================
Epoch:172
Valid RMSE: 10.516419410705566
EarlyStopping counter: 7 out of 20
====================================================================================================
Epoch:173
Valid RMSE: 10.52236557006836
EarlyStopping counter: 8 out of 20
====================================================================================================
Epoch:174
Valid RMSE: 10.496192932128906
====================================================================================================
Epoch:175
Valid RMSE: 10.519872665405273
EarlyStopping counter: 1 out of 20
====================================================================================================
Epoch:176
Valid RMSE: 10.422518730163574
====================================================================================================
Epoch:177
Valid RMSE: 10.480073928833008
EarlyStopping counter: 1 out of 20
====================================================================================================
Epoch:178
Valid RMSE: 10.49856948852539
EarlyStopping counter: 2 out of 20
====================================================================================================
Epoch:179
Valid RMSE: 10.483634948730469
EarlyStopping counter: 3 out of 20
====================================================================================================
Epoch:180
Valid RMSE: 10.500720024108887
EarlyStopping counter: 4 out of 20
====================================================================================================
Epoch:181
Valid RMSE: 10.52292251586914
EarlyStopping counter: 5 out of 20
====================================================================================================
Epoch:182
Valid RMSE: 10.445552825927734
EarlyStopping counter: 6 out of 20
====================================================================================================
Epoch:183
Valid RMSE: 10.438520431518555
EarlyStopping counter: 7 out of 20
====================================================================================================
Epoch:184
Valid RMSE: 10.4453706741333
EarlyStopping counter: 8 out of 20
====================================================================================================
Epoch:185
Valid RMSE: 10.411216735839844
====================================================================================================
Epoch:186
Valid RMSE: 10.511590957641602
EarlyStopping counter: 1 out of 20
====================================================================================================
Epoch:187
Valid RMSE: 10.527985572814941
EarlyStopping counter: 2 out of 20
====================================================================================================
Epoch:188
Valid RMSE: 10.35743522644043
====================================================================================================
Epoch:189
Valid RMSE: 10.341103553771973
====================================================================================================
Epoch:190
Valid RMSE: 10.446017265319824
EarlyStopping counter: 1 out of 20
====================================================================================================
Epoch:191
Valid RMSE: 10.442281723022461
EarlyStopping counter: 2 out of 20
====================================================================================================
Epoch:192
Valid RMSE: 10.461271286010742
EarlyStopping counter: 3 out of 20
====================================================================================================
Epoch:193
Valid RMSE: 10.420796394348145
EarlyStopping counter: 4 out of 20
====================================================================================================
Epoch:194
Valid RMSE: 10.362807273864746
EarlyStopping counter: 5 out of 20
====================================================================================================
Epoch:195
Valid RMSE: 10.341658592224121
EarlyStopping counter: 6 out of 20
====================================================================================================
Epoch:196
Valid RMSE: 10.328896522521973
====================================================================================================
Epoch:197
Valid RMSE: 10.367197036743164
EarlyStopping counter: 1 out of 20
====================================================================================================
Epoch:198
Valid RMSE: 10.28908920288086
====================================================================================================
Epoch:199
Valid RMSE: 10.31275749206543
EarlyStopping counter: 1 out of 20
====================================================================================================
Epoch:200
Valid RMSE: 10.336091041564941
EarlyStopping counter: 2 out of 20
====================================================================================================
Epoch:201
Valid RMSE: 10.34914779663086
EarlyStopping counter: 3 out of 20
====================================================================================================
Epoch:202
Valid RMSE: 10.378740310668945
EarlyStopping counter: 4 out of 20
====================================================================================================
Epoch:203
Valid RMSE: 10.29929256439209
EarlyStopping counter: 5 out of 20
====================================================================================================
Epoch:204
Valid RMSE: 10.4044189453125
EarlyStopping counter: 6 out of 20
====================================================================================================
Epoch:205
Valid RMSE: 10.30846881866455
EarlyStopping counter: 7 out of 20
====================================================================================================
Epoch:206
Valid RMSE: 10.275818824768066
====================================================================================================
Epoch:207
Valid RMSE: 10.369382858276367
EarlyStopping counter: 1 out of 20
====================================================================================================
Epoch:208
Valid RMSE: 10.455476760864258
EarlyStopping counter: 2 out of 20
====================================================================================================
Epoch:209
Valid RMSE: 10.45842170715332
EarlyStopping counter: 3 out of 20
====================================================================================================
Epoch:210
Valid RMSE: 10.306589126586914
EarlyStopping counter: 4 out of 20
====================================================================================================
Epoch:211
Valid RMSE: 10.303509712219238
EarlyStopping counter: 5 out of 20
====================================================================================================
Epoch:212
Valid RMSE: 10.277908325195312
EarlyStopping counter: 6 out of 20
====================================================================================================
Epoch:213
Valid RMSE: 10.35272216796875
EarlyStopping counter: 7 out of 20
====================================================================================================
Epoch:214
Valid RMSE: 10.331829071044922
EarlyStopping counter: 8 out of 20
====================================================================================================
Epoch:215
Valid RMSE: 10.326091766357422
EarlyStopping counter: 9 out of 20
====================================================================================================
Epoch:216
Valid RMSE: 10.304550170898438
EarlyStopping counter: 10 out of 20
====================================================================================================
Epoch:217
Valid RMSE: 10.259986877441406
====================================================================================================
Epoch:218
Valid RMSE: 10.369400978088379
EarlyStopping counter: 1 out of 20
====================================================================================================
Epoch:219
Valid RMSE: 10.255023956298828
====================================================================================================
Epoch:220
Valid RMSE: 10.239917755126953
====================================================================================================
Epoch:221
Valid RMSE: 10.300919532775879
EarlyStopping counter: 1 out of 20
====================================================================================================
Epoch:222
Valid RMSE: 10.252554893493652
EarlyStopping counter: 2 out of 20
====================================================================================================
Epoch:223
Valid RMSE: 10.31143569946289
EarlyStopping counter: 3 out of 20
====================================================================================================
Epoch:224
Valid RMSE: 10.303207397460938
EarlyStopping counter: 4 out of 20
====================================================================================================
Epoch:225
Valid RMSE: 10.287300109863281
EarlyStopping counter: 5 out of 20
====================================================================================================
Epoch:226
Valid RMSE: 10.275991439819336
EarlyStopping counter: 6 out of 20
====================================================================================================
Epoch:227
Valid RMSE: 10.233750343322754
====================================================================================================
Epoch:228
Valid RMSE: 10.333883285522461
EarlyStopping counter: 1 out of 20
====================================================================================================
Epoch:229
Valid RMSE: 10.293512344360352
EarlyStopping counter: 2 out of 20
====================================================================================================
Epoch:230
Valid RMSE: 10.189131736755371
====================================================================================================
Epoch:231
Valid RMSE: 10.24699592590332
EarlyStopping counter: 1 out of 20
====================================================================================================
Epoch:232
Valid RMSE: 10.234601974487305
EarlyStopping counter: 2 out of 20
====================================================================================================
Epoch:233
Valid RMSE: 10.255538940429688
EarlyStopping counter: 3 out of 20
====================================================================================================
Epoch:234
Valid RMSE: 10.233442306518555
EarlyStopping counter: 4 out of 20
====================================================================================================
Epoch:235
Valid RMSE: 10.14453411102295
====================================================================================================
Epoch:236
Valid RMSE: 10.234119415283203
EarlyStopping counter: 1 out of 20
====================================================================================================
Epoch:237
Valid RMSE: 10.328598022460938
EarlyStopping counter: 2 out of 20
====================================================================================================
Epoch:238
Valid RMSE: 10.232646942138672
EarlyStopping counter: 3 out of 20
====================================================================================================
Epoch:239
Valid RMSE: 10.15794563293457
EarlyStopping counter: 4 out of 20
====================================================================================================
Epoch:240
Valid RMSE: 10.241602897644043
EarlyStopping counter: 5 out of 20
====================================================================================================
Epoch:241
Valid RMSE: 10.137903213500977
====================================================================================================
Epoch:242
Valid RMSE: 10.157408714294434
EarlyStopping counter: 1 out of 20
====================================================================================================
Epoch:243
Valid RMSE: 10.179781913757324
EarlyStopping counter: 2 out of 20
====================================================================================================
Epoch:244
Valid RMSE: 10.083990097045898
====================================================================================================
Epoch:245
Valid RMSE: 10.093158721923828
EarlyStopping counter: 1 out of 20
====================================================================================================
Epoch:246
Valid RMSE: 10.161630630493164
EarlyStopping counter: 2 out of 20
====================================================================================================
Epoch:247
Valid RMSE: 10.147138595581055
EarlyStopping counter: 3 out of 20
====================================================================================================
Epoch:248
Valid RMSE: 10.097549438476562
EarlyStopping counter: 4 out of 20
====================================================================================================
Epoch:249
Valid RMSE: 10.123762130737305
EarlyStopping counter: 5 out of 20
====================================================================================================
Epoch:250
Valid RMSE: 10.072844505310059
====================================================================================================
Epoch:251
Valid RMSE: 10.076358795166016
EarlyStopping counter: 1 out of 20
====================================================================================================
Epoch:252
Valid RMSE: 10.187469482421875
EarlyStopping counter: 2 out of 20
====================================================================================================
Epoch:253
Valid RMSE: 10.16599178314209
EarlyStopping counter: 3 out of 20
====================================================================================================
Epoch:254
Valid RMSE: 10.158103942871094
EarlyStopping counter: 4 out of 20
====================================================================================================
Epoch:255
Valid RMSE: 10.176889419555664
EarlyStopping counter: 5 out of 20
====================================================================================================
Epoch:256
Valid RMSE: 10.1202392578125
EarlyStopping counter: 6 out of 20
====================================================================================================
Epoch:257
Valid RMSE: 10.137866973876953
EarlyStopping counter: 7 out of 20
====================================================================================================
Epoch:258
Valid RMSE: 10.092472076416016
EarlyStopping counter: 8 out of 20
====================================================================================================
Epoch:259
Valid RMSE: 10.146448135375977
EarlyStopping counter: 9 out of 20
====================================================================================================
Epoch:260
Valid RMSE: 10.09564208984375
EarlyStopping counter: 10 out of 20
====================================================================================================
Epoch:261
Valid RMSE: 10.129463195800781
EarlyStopping counter: 11 out of 20
====================================================================================================
Epoch:262
Valid RMSE: 10.086307525634766
EarlyStopping counter: 12 out of 20
====================================================================================================
Epoch:263
Valid RMSE: 10.076702117919922
EarlyStopping counter: 13 out of 20
====================================================================================================
Epoch:264
Valid RMSE: 10.027074813842773
====================================================================================================
Epoch:265
Valid RMSE: 10.08574104309082
EarlyStopping counter: 1 out of 20
====================================================================================================
Epoch:266
Valid RMSE: 10.154446601867676
EarlyStopping counter: 2 out of 20
====================================================================================================
Epoch:267
Valid RMSE: 10.026248931884766
====================================================================================================
Epoch:268
Valid RMSE: 10.015297889709473
====================================================================================================
Epoch:269
Valid RMSE: 10.064573287963867
EarlyStopping counter: 1 out of 20
====================================================================================================
Epoch:270
Valid RMSE: 10.007118225097656
====================================================================================================
Epoch:271
Valid RMSE: 10.078119277954102
EarlyStopping counter: 1 out of 20
====================================================================================================
Epoch:272
Valid RMSE: 10.083950996398926
EarlyStopping counter: 2 out of 20
====================================================================================================
Epoch:273
Valid RMSE: 9.997318267822266
====================================================================================================
Epoch:274
Valid RMSE: 10.053499221801758
EarlyStopping counter: 1 out of 20
====================================================================================================
Epoch:275
Valid RMSE: 10.04015827178955
EarlyStopping counter: 2 out of 20
====================================================================================================
Epoch:276
Valid RMSE: 10.041350364685059
EarlyStopping counter: 3 out of 20
====================================================================================================
Epoch:277
Valid RMSE: 10.063821792602539
EarlyStopping counter: 4 out of 20
====================================================================================================
Epoch:278
Valid RMSE: 9.959983825683594
====================================================================================================
Epoch:279
Valid RMSE: 10.008041381835938
EarlyStopping counter: 1 out of 20
====================================================================================================
Epoch:280
Valid RMSE: 9.965371131896973
EarlyStopping counter: 2 out of 20
====================================================================================================
Epoch:281
Valid RMSE: 10.011354446411133
EarlyStopping counter: 3 out of 20
====================================================================================================
Epoch:282
Valid RMSE: 10.052708625793457
EarlyStopping counter: 4 out of 20
====================================================================================================
Epoch:283
Valid RMSE: 10.018268585205078
EarlyStopping counter: 5 out of 20
====================================================================================================
Epoch:284
Valid RMSE: 10.013510704040527
EarlyStopping counter: 6 out of 20
====================================================================================================
Epoch:285
Valid RMSE: 10.00511360168457
EarlyStopping counter: 7 out of 20
====================================================================================================
Epoch:286
Valid RMSE: 9.999327659606934
EarlyStopping counter: 8 out of 20
====================================================================================================
Epoch:287
Valid RMSE: 9.983266830444336
EarlyStopping counter: 9 out of 20
====================================================================================================
Epoch:288
Valid RMSE: 9.982401847839355
EarlyStopping counter: 10 out of 20
====================================================================================================
Epoch:289
Valid RMSE: 9.931636810302734
====================================================================================================
Epoch:290
Valid RMSE: 9.970659255981445
EarlyStopping counter: 1 out of 20
====================================================================================================
Epoch:291
Valid RMSE: 9.923303604125977
====================================================================================================
Epoch:292
Valid RMSE: 9.944700241088867
EarlyStopping counter: 1 out of 20
====================================================================================================
Epoch:293
Valid RMSE: 9.983464241027832
EarlyStopping counter: 2 out of 20
====================================================================================================
Epoch:294
Valid RMSE: 9.997453689575195
EarlyStopping counter: 3 out of 20
====================================================================================================
Epoch:295
Valid RMSE: 9.983329772949219
EarlyStopping counter: 4 out of 20
====================================================================================================
Epoch:296
Valid RMSE: 9.933881759643555
EarlyStopping counter: 5 out of 20
====================================================================================================
Epoch:297
Valid RMSE: 9.935474395751953
EarlyStopping counter: 6 out of 20
====================================================================================================
Epoch:298
Valid RMSE: 9.991922378540039
EarlyStopping counter: 7 out of 20
====================================================================================================
Epoch:299
Valid RMSE: 9.89804458618164
====================================================================================================
Epoch:300
Valid RMSE: 9.929043769836426
EarlyStopping counter: 1 out of 20
====================================================================================================
Epoch:301
Valid RMSE: 9.957109451293945
EarlyStopping counter: 2 out of 20
====================================================================================================
Epoch:302
Valid RMSE: 9.980146408081055
EarlyStopping counter: 3 out of 20
====================================================================================================
Epoch:303
Valid RMSE: 9.956645965576172
EarlyStopping counter: 4 out of 20
====================================================================================================
Epoch:304
Valid RMSE: 9.847684860229492
====================================================================================================
Epoch:305
Valid RMSE: 9.890665054321289
EarlyStopping counter: 1 out of 20
====================================================================================================
Epoch:306
Valid RMSE: 9.917901992797852
EarlyStopping counter: 2 out of 20
====================================================================================================
Epoch:307
Valid RMSE: 9.919990539550781
EarlyStopping counter: 3 out of 20
====================================================================================================
Epoch:308
Valid RMSE: 9.890308380126953
EarlyStopping counter: 4 out of 20
====================================================================================================
Epoch:309
Valid RMSE: 9.811767578125
====================================================================================================
Epoch:310
Valid RMSE: 9.898031234741211
EarlyStopping counter: 1 out of 20
====================================================================================================
Epoch:311
Valid RMSE: 9.872315406799316
EarlyStopping counter: 2 out of 20
====================================================================================================
Epoch:312
Valid RMSE: 9.823930740356445
EarlyStopping counter: 3 out of 20
====================================================================================================
Epoch:313
Valid RMSE: 9.891738891601562
EarlyStopping counter: 4 out of 20
====================================================================================================
Epoch:314
Valid RMSE: 9.887838363647461
EarlyStopping counter: 5 out of 20
====================================================================================================
Epoch:315
Valid RMSE: 9.991384506225586
EarlyStopping counter: 6 out of 20
====================================================================================================
Epoch:316
Valid RMSE: 9.873163223266602
EarlyStopping counter: 7 out of 20
====================================================================================================
Epoch:317
Valid RMSE: 9.917181015014648
EarlyStopping counter: 8 out of 20
====================================================================================================
Epoch:318
Valid RMSE: 9.865822792053223
EarlyStopping counter: 9 out of 20
====================================================================================================
Epoch:319
Valid RMSE: 9.832128524780273
EarlyStopping counter: 10 out of 20
====================================================================================================
Epoch:320
Valid RMSE: 9.766777992248535
====================================================================================================
Epoch:321
Valid RMSE: 9.900455474853516
EarlyStopping counter: 1 out of 20
====================================================================================================
Epoch:322
Valid RMSE: 9.899962425231934
EarlyStopping counter: 2 out of 20
====================================================================================================
Epoch:323
Valid RMSE: 9.833087921142578
EarlyStopping counter: 3 out of 20
====================================================================================================
Epoch:324
Valid RMSE: 9.8742094039917
EarlyStopping counter: 4 out of 20
====================================================================================================
Epoch:325
Valid RMSE: 9.830391883850098
EarlyStopping counter: 5 out of 20
====================================================================================================
Epoch:326
Valid RMSE: 9.802156448364258
EarlyStopping counter: 6 out of 20
====================================================================================================
Epoch:327
Valid RMSE: 9.83484935760498
EarlyStopping counter: 7 out of 20
====================================================================================================
Epoch:328
Valid RMSE: 9.836050033569336
EarlyStopping counter: 8 out of 20
====================================================================================================
Epoch:329
Valid RMSE: 9.872146606445312
EarlyStopping counter: 9 out of 20
====================================================================================================
Epoch:330
Valid RMSE: 9.821783065795898
EarlyStopping counter: 10 out of 20
====================================================================================================
Epoch:331
Valid RMSE: 9.799388885498047
EarlyStopping counter: 11 out of 20
====================================================================================================
Epoch:332
Valid RMSE: 9.83150863647461
EarlyStopping counter: 12 out of 20
====================================================================================================
Epoch:333
Valid RMSE: 9.756080627441406
====================================================================================================
Epoch:334
Valid RMSE: 9.829622268676758
EarlyStopping counter: 1 out of 20
====================================================================================================
Epoch:335
Valid RMSE: 9.829875946044922
EarlyStopping counter: 2 out of 20
====================================================================================================
Epoch:336
Valid RMSE: 9.815131187438965
EarlyStopping counter: 3 out of 20
====================================================================================================
Epoch:337
Valid RMSE: 9.78417682647705
EarlyStopping counter: 4 out of 20
====================================================================================================
Epoch:338
Valid RMSE: 9.77768325805664
EarlyStopping counter: 5 out of 20
====================================================================================================
Epoch:339
Valid RMSE: 9.743917465209961
====================================================================================================
Epoch:340
Valid RMSE: 9.749549865722656
EarlyStopping counter: 1 out of 20
====================================================================================================
Epoch:341
Valid RMSE: 9.75776195526123
EarlyStopping counter: 2 out of 20
====================================================================================================
Epoch:342
Valid RMSE: 9.823125839233398
EarlyStopping counter: 3 out of 20
====================================================================================================
Epoch:343
Valid RMSE: 9.743776321411133
====================================================================================================
Epoch:344
Valid RMSE: 9.82699966430664
EarlyStopping counter: 1 out of 20
====================================================================================================
Epoch:345
Valid RMSE: 9.772557258605957
EarlyStopping counter: 2 out of 20
====================================================================================================
Epoch:346
Valid RMSE: 9.691816329956055
====================================================================================================
Epoch:347
Valid RMSE: 9.76192569732666
EarlyStopping counter: 1 out of 20
====================================================================================================
Epoch:348
Valid RMSE: 9.74911880493164
EarlyStopping counter: 2 out of 20
====================================================================================================
Epoch:349
Valid RMSE: 9.693827629089355
EarlyStopping counter: 3 out of 20
====================================================================================================
Epoch:350
Valid RMSE: 9.701135635375977
EarlyStopping counter: 4 out of 20
====================================================================================================
Epoch:351
Valid RMSE: 9.725595474243164
EarlyStopping counter: 5 out of 20
====================================================================================================
Epoch:352
Valid RMSE: 9.674838066101074
====================================================================================================
Epoch:353
Valid RMSE: 9.711296081542969
EarlyStopping counter: 1 out of 20
====================================================================================================
Epoch:354
Valid RMSE: 9.714603424072266
EarlyStopping counter: 2 out of 20
====================================================================================================
Epoch:355
Valid RMSE: 9.717761039733887
EarlyStopping counter: 3 out of 20
====================================================================================================
Epoch:356
Valid RMSE: 9.693748474121094
EarlyStopping counter: 4 out of 20
====================================================================================================
Epoch:357
Valid RMSE: 9.762800216674805
EarlyStopping counter: 5 out of 20
====================================================================================================
Epoch:358
Valid RMSE: 9.687154769897461
EarlyStopping counter: 6 out of 20
====================================================================================================
Epoch:359
Valid RMSE: 9.706666946411133
EarlyStopping counter: 7 out of 20
====================================================================================================
Epoch:360
Valid RMSE: 9.716007232666016
EarlyStopping counter: 8 out of 20
====================================================================================================
Epoch:361
Valid RMSE: 9.69321060180664
EarlyStopping counter: 9 out of 20
====================================================================================================
Epoch:362
Valid RMSE: 9.714932441711426
EarlyStopping counter: 10 out of 20
====================================================================================================
Epoch:363
Valid RMSE: 9.704132080078125
EarlyStopping counter: 11 out of 20
====================================================================================================
Epoch:364
Valid RMSE: 9.748611450195312
EarlyStopping counter: 12 out of 20
====================================================================================================
Epoch:365
Valid RMSE: 9.750582695007324
EarlyStopping counter: 13 out of 20
====================================================================================================
Epoch:366
Valid RMSE: 9.773102760314941
EarlyStopping counter: 14 out of 20
====================================================================================================
Epoch:367
Valid RMSE: 9.814008712768555
EarlyStopping counter: 15 out of 20
====================================================================================================
Epoch:368
Valid RMSE: 9.659207344055176
====================================================================================================
Epoch:369
Valid RMSE: 9.705387115478516
EarlyStopping counter: 1 out of 20
====================================================================================================
Epoch:370
Valid RMSE: 9.686065673828125
EarlyStopping counter: 2 out of 20
====================================================================================================
Epoch:371
Valid RMSE: 9.665576934814453
EarlyStopping counter: 3 out of 20
====================================================================================================
Epoch:372
Valid RMSE: 9.720220565795898
EarlyStopping counter: 4 out of 20
====================================================================================================
Epoch:373
Valid RMSE: 9.682096481323242
EarlyStopping counter: 5 out of 20
====================================================================================================
Epoch:374
Valid RMSE: 9.713130950927734
EarlyStopping counter: 6 out of 20
====================================================================================================
Epoch:375
Valid RMSE: 9.645812034606934
====================================================================================================
Epoch:376
Valid RMSE: 9.63994312286377
====================================================================================================
Epoch:377
Valid RMSE: 9.705242156982422
EarlyStopping counter: 1 out of 20
====================================================================================================
Epoch:378
Valid RMSE: 9.651432037353516
EarlyStopping counter: 2 out of 20
====================================================================================================
Epoch:379
Valid RMSE: 9.675024032592773
EarlyStopping counter: 3 out of 20
====================================================================================================
Epoch:380
Valid RMSE: 9.621782302856445
====================================================================================================
Epoch:381
Valid RMSE: 9.661510467529297
EarlyStopping counter: 1 out of 20
====================================================================================================
Epoch:382
Valid RMSE: 9.61090087890625
====================================================================================================
Epoch:383
Valid RMSE: 9.679481506347656
EarlyStopping counter: 1 out of 20
====================================================================================================
Epoch:384
Valid RMSE: 9.594927787780762
====================================================================================================
Epoch:385
Valid RMSE: 9.634298324584961
EarlyStopping counter: 1 out of 20
====================================================================================================
Epoch:386
Valid RMSE: 9.658015251159668
EarlyStopping counter: 2 out of 20
====================================================================================================
Epoch:387
Valid RMSE: 9.62211799621582
EarlyStopping counter: 3 out of 20
====================================================================================================
Epoch:388
Valid RMSE: 9.752703666687012
EarlyStopping counter: 4 out of 20
====================================================================================================
Epoch:389
Valid RMSE: 9.593106269836426
====================================================================================================
Epoch:390
Valid RMSE: 9.622446060180664
EarlyStopping counter: 1 out of 20
====================================================================================================
Epoch:391
Valid RMSE: 9.579680442810059
====================================================================================================
Epoch:392
Valid RMSE: 9.60989761352539
EarlyStopping counter: 1 out of 20
====================================================================================================
Epoch:393
Valid RMSE: 9.592462539672852
EarlyStopping counter: 2 out of 20
====================================================================================================
Epoch:394
Valid RMSE: 9.555448532104492
====================================================================================================
Epoch:395
Valid RMSE: 9.635973930358887
EarlyStopping counter: 1 out of 20
====================================================================================================
Epoch:396
Valid RMSE: 9.580883979797363
EarlyStopping counter: 2 out of 20
====================================================================================================
Epoch:397
Valid RMSE: 9.617790222167969
EarlyStopping counter: 3 out of 20
====================================================================================================
Epoch:398
Valid RMSE: 9.546703338623047
====================================================================================================
Epoch:399
Valid RMSE: 9.59019947052002
EarlyStopping counter: 1 out of 20
====================================================================================================
Epoch:400
Valid RMSE: 9.560680389404297
EarlyStopping counter: 2 out of 20
====================================================================================================
Epoch:401
Valid RMSE: 9.624639511108398
EarlyStopping counter: 3 out of 20
====================================================================================================
Epoch:402
Valid RMSE: 9.625556945800781
EarlyStopping counter: 4 out of 20
====================================================================================================
Epoch:403
Valid RMSE: 9.570184707641602
EarlyStopping counter: 5 out of 20
====================================================================================================
Epoch:404
Valid RMSE: 9.546634674072266
====================================================================================================
Epoch:405
Valid RMSE: 9.585420608520508
EarlyStopping counter: 1 out of 20
====================================================================================================
Epoch:406
Valid RMSE: 9.600922584533691
EarlyStopping counter: 2 out of 20
====================================================================================================
Epoch:407
Valid RMSE: 9.591222763061523
EarlyStopping counter: 3 out of 20
====================================================================================================
Epoch:408
Valid RMSE: 9.578601837158203
EarlyStopping counter: 4 out of 20
====================================================================================================
Epoch:409
Valid RMSE: 9.575297355651855
EarlyStopping counter: 5 out of 20
====================================================================================================
Epoch:410
Valid RMSE: 9.557077407836914
EarlyStopping counter: 6 out of 20
====================================================================================================
Epoch:411
Valid RMSE: 9.56684398651123
EarlyStopping counter: 7 out of 20
====================================================================================================
Epoch:412
Valid RMSE: 9.514610290527344
====================================================================================================
Epoch:413
Valid RMSE: 9.59054946899414
EarlyStopping counter: 1 out of 20
====================================================================================================
Epoch:414
Valid RMSE: 9.489799499511719
====================================================================================================
Epoch:415
Valid RMSE: 9.527958869934082
EarlyStopping counter: 1 out of 20
====================================================================================================
Epoch:416
Valid RMSE: 9.540908813476562
EarlyStopping counter: 2 out of 20
====================================================================================================
Epoch:417
Valid RMSE: 9.584854125976562
EarlyStopping counter: 3 out of 20
====================================================================================================
Epoch:418
Valid RMSE: 9.52196979522705
EarlyStopping counter: 4 out of 20
====================================================================================================
Epoch:419
Valid RMSE: 9.534003257751465
EarlyStopping counter: 5 out of 20
====================================================================================================
Epoch:420
Valid RMSE: 9.572798728942871
EarlyStopping counter: 6 out of 20
====================================================================================================
Epoch:421
Valid RMSE: 9.561822891235352
EarlyStopping counter: 7 out of 20
====================================================================================================
Epoch:422
Valid RMSE: 9.505979537963867
EarlyStopping counter: 8 out of 20
====================================================================================================
Epoch:423
Valid RMSE: 9.545101165771484
EarlyStopping counter: 9 out of 20
====================================================================================================
Epoch:424
Valid RMSE: 9.463973999023438
====================================================================================================
Epoch:425
Valid RMSE: 9.494007110595703
EarlyStopping counter: 1 out of 20
====================================================================================================
Epoch:426
Valid RMSE: 9.510527610778809
EarlyStopping counter: 2 out of 20
====================================================================================================
Epoch:427
Valid RMSE: 9.509136199951172
EarlyStopping counter: 3 out of 20
====================================================================================================
Epoch:428
Valid RMSE: 9.4876070022583
EarlyStopping counter: 4 out of 20
====================================================================================================
Epoch:429
Valid RMSE: 9.495851516723633
EarlyStopping counter: 5 out of 20
====================================================================================================
Epoch:430
Valid RMSE: 9.448698997497559
====================================================================================================
Epoch:431
Valid RMSE: 9.48031234741211
EarlyStopping counter: 1 out of 20
====================================================================================================
Epoch:432
Valid RMSE: 9.495431900024414
EarlyStopping counter: 2 out of 20
====================================================================================================
Epoch:433
Valid RMSE: 9.497114181518555
EarlyStopping counter: 3 out of 20
====================================================================================================
Epoch:434
Valid RMSE: 9.431879043579102
====================================================================================================
Epoch:435
Valid RMSE: 9.4532470703125
EarlyStopping counter: 1 out of 20
====================================================================================================
Epoch:436
Valid RMSE: 9.428373336791992
====================================================================================================
Epoch:437
Valid RMSE: 9.447064399719238
EarlyStopping counter: 1 out of 20
====================================================================================================
Epoch:438
Valid RMSE: 9.470932006835938
EarlyStopping counter: 2 out of 20
====================================================================================================
Epoch:439
Valid RMSE: 9.481765747070312
EarlyStopping counter: 3 out of 20
====================================================================================================
Epoch:440
Valid RMSE: 9.435466766357422
EarlyStopping counter: 4 out of 20
====================================================================================================
Epoch:441
Valid RMSE: 9.4222993850708
====================================================================================================
Epoch:442
Valid RMSE: 9.437952041625977
EarlyStopping counter: 1 out of 20
====================================================================================================
Epoch:443
Valid RMSE: 9.46349811553955
EarlyStopping counter: 2 out of 20
====================================================================================================
Epoch:444
Valid RMSE: 9.419271469116211
====================================================================================================
Epoch:445
Valid RMSE: 9.47731876373291
EarlyStopping counter: 1 out of 20
====================================================================================================
Epoch:446
Valid RMSE: 9.432640075683594
EarlyStopping counter: 2 out of 20
====================================================================================================
Epoch:447
Valid RMSE: 9.499984741210938
EarlyStopping counter: 3 out of 20
====================================================================================================
Epoch:448
Valid RMSE: 9.423320770263672
EarlyStopping counter: 4 out of 20
====================================================================================================
Epoch:449
Valid RMSE: 9.475102424621582
EarlyStopping counter: 5 out of 20
====================================================================================================
Epoch:450
Valid RMSE: 9.469980239868164
EarlyStopping counter: 6 out of 20
====================================================================================================
Epoch:451
Valid RMSE: 9.386996269226074
====================================================================================================
Epoch:452
Valid RMSE: 9.444734573364258
EarlyStopping counter: 1 out of 20
====================================================================================================
Epoch:453
Valid RMSE: 9.433481216430664
EarlyStopping counter: 2 out of 20
====================================================================================================
Epoch:454
Valid RMSE: 9.477962493896484
EarlyStopping counter: 3 out of 20
====================================================================================================
Epoch:455
Valid RMSE: 9.392436981201172
EarlyStopping counter: 4 out of 20
====================================================================================================
Epoch:456
Valid RMSE: 9.443414688110352
EarlyStopping counter: 5 out of 20
====================================================================================================
Epoch:457
Valid RMSE: 9.376958847045898
====================================================================================================
Epoch:458
Valid RMSE: 9.376693725585938
====================================================================================================
Epoch:459
Valid RMSE: 9.409855842590332
EarlyStopping counter: 1 out of 20
====================================================================================================
Epoch:460
Valid RMSE: 9.405763626098633
EarlyStopping counter: 2 out of 20
====================================================================================================
Epoch:461
Valid RMSE: 9.419391632080078
EarlyStopping counter: 3 out of 20
====================================================================================================
Epoch:462
Valid RMSE: 9.373701095581055
====================================================================================================
Epoch:463
Valid RMSE: 9.365921020507812
====================================================================================================
Epoch:464
Valid RMSE: 9.34927749633789
====================================================================================================
Epoch:465
Valid RMSE: 9.444724082946777
EarlyStopping counter: 1 out of 20
====================================================================================================
Epoch:466
Valid RMSE: 9.345632553100586
====================================================================================================
Epoch:467
Valid RMSE: 9.448958396911621
EarlyStopping counter: 1 out of 20
====================================================================================================
Epoch:468
Valid RMSE: 9.336886405944824
====================================================================================================
Epoch:469
Valid RMSE: 9.38652229309082
EarlyStopping counter: 1 out of 20
====================================================================================================
Epoch:470
Valid RMSE: 9.34640884399414
EarlyStopping counter: 2 out of 20
====================================================================================================
Epoch:471
Valid RMSE: 9.419240951538086
EarlyStopping counter: 3 out of 20
====================================================================================================
Epoch:472
Valid RMSE: 9.342022895812988
EarlyStopping counter: 4 out of 20
====================================================================================================
Epoch:473
Valid RMSE: 9.352611541748047
EarlyStopping counter: 5 out of 20
====================================================================================================
Epoch:474
Valid RMSE: 9.4185791015625
EarlyStopping counter: 6 out of 20
====================================================================================================
Epoch:475
Valid RMSE: 9.34414005279541
EarlyStopping counter: 7 out of 20
====================================================================================================
Epoch:476
Valid RMSE: 9.421783447265625
EarlyStopping counter: 8 out of 20
====================================================================================================
Epoch:477
Valid RMSE: 9.318015098571777
====================================================================================================
Epoch:478
Valid RMSE: 9.334731101989746
EarlyStopping counter: 1 out of 20
====================================================================================================
Epoch:479
Valid RMSE: 9.31577205657959
====================================================================================================
Epoch:480
Valid RMSE: 9.393501281738281
EarlyStopping counter: 1 out of 20
====================================================================================================
Epoch:481
Valid RMSE: 9.34757137298584
EarlyStopping counter: 2 out of 20
====================================================================================================
Epoch:482
Valid RMSE: 9.350838661193848
EarlyStopping counter: 3 out of 20
====================================================================================================
Epoch:483
Valid RMSE: 9.278301239013672
====================================================================================================
Epoch:484
Valid RMSE: 9.29269027709961
EarlyStopping counter: 1 out of 20
====================================================================================================
Epoch:485
Valid RMSE: 9.322258949279785
EarlyStopping counter: 2 out of 20
====================================================================================================
Epoch:486
Valid RMSE: 9.398458480834961
EarlyStopping counter: 3 out of 20
====================================================================================================
Epoch:487
Valid RMSE: 9.343973159790039
EarlyStopping counter: 4 out of 20
====================================================================================================
Epoch:488
Valid RMSE: 9.327367782592773
EarlyStopping counter: 5 out of 20
====================================================================================================
Epoch:489
Valid RMSE: 9.280271530151367
EarlyStopping counter: 6 out of 20
====================================================================================================
Epoch:490
Valid RMSE: 9.299962997436523
EarlyStopping counter: 7 out of 20
====================================================================================================
Epoch:491
Valid RMSE: 9.26690673828125
====================================================================================================
Epoch:492
Valid RMSE: 9.283498764038086
EarlyStopping counter: 1 out of 20
====================================================================================================
Epoch:493
Valid RMSE: 9.302772521972656
EarlyStopping counter: 2 out of 20
====================================================================================================
Epoch:494
Valid RMSE: 9.309125900268555
EarlyStopping counter: 3 out of 20
====================================================================================================
Epoch:495
Valid RMSE: 9.2744722366333
EarlyStopping counter: 4 out of 20
====================================================================================================
Epoch:496
Valid RMSE: 9.240074157714844
====================================================================================================
Epoch:497
Valid RMSE: 9.302705764770508
EarlyStopping counter: 1 out of 20
====================================================================================================
Epoch:498
Valid RMSE: 9.300602912902832
EarlyStopping counter: 2 out of 20
====================================================================================================
Epoch:499
Valid RMSE: 9.270496368408203
EarlyStopping counter: 3 out of 20
====================================================================================================
torch.Size([1999, 1, 207, 12])
torch.Size([1999, 1, 207, 12])
torch.Size([1999, 1, 207, 12])
==================================================  Testing  ==================================================
predict shape:  (544, 207, 12)
MAE: 5.616 RMSE: 10.333 MAPE: 11.359
Spend Time: 6704.585181474686
