torch.Size([3024, 1, 325, 12])
torch.Size([3024, 1, 325, 12])
torch.Size([3024, 1, 325, 12])
==================================================  Training  ==================================================
Epoch:0
Valid RMSE: 8.72150993347168
====================================================================================================
Epoch:1
Valid RMSE: 6.7305426597595215
====================================================================================================
Epoch:2
Valid RMSE: 5.950634956359863
====================================================================================================
Epoch:3
Valid RMSE: 5.79432487487793
====================================================================================================
Epoch:4
Valid RMSE: 5.702444076538086
====================================================================================================
Epoch:5
Valid RMSE: 5.6776652336120605
====================================================================================================
Epoch:6
Valid RMSE: 5.57088041305542
====================================================================================================
Epoch:7
Valid RMSE: 5.628936767578125
EarlyStopping counter: 1 out of 20
====================================================================================================
Epoch:8
Valid RMSE: 5.54795503616333
====================================================================================================
Epoch:9
Valid RMSE: 5.509888648986816
====================================================================================================
Epoch:10
Valid RMSE: 5.500921249389648
====================================================================================================
Epoch:11
Valid RMSE: 5.4277143478393555
====================================================================================================
Epoch:12
Valid RMSE: 5.413383960723877
====================================================================================================
Epoch:13
Valid RMSE: 5.371396541595459
====================================================================================================
Epoch:14
Valid RMSE: 5.310976028442383
====================================================================================================
Epoch:15
Valid RMSE: 5.271847724914551
====================================================================================================
Epoch:16
Valid RMSE: 5.254318714141846
====================================================================================================
Epoch:17
Valid RMSE: 5.208410263061523
====================================================================================================
Epoch:18
Valid RMSE: 5.191409111022949
====================================================================================================
Epoch:19
Valid RMSE: 5.127749443054199
====================================================================================================
Epoch:20
Valid RMSE: 5.120231628417969
====================================================================================================
Epoch:21
Valid RMSE: 5.0644001960754395
====================================================================================================
Epoch:22
Valid RMSE: 5.100111961364746
EarlyStopping counter: 1 out of 20
====================================================================================================
Epoch:23
Valid RMSE: 5.046618938446045
====================================================================================================
Epoch:24
Valid RMSE: 5.028924942016602
====================================================================================================
Epoch:25
Valid RMSE: 5.01707649230957
====================================================================================================
Epoch:26
Valid RMSE: 4.998324871063232
====================================================================================================
Epoch:27
Valid RMSE: 5.002537250518799
EarlyStopping counter: 1 out of 20
====================================================================================================
Epoch:28
Valid RMSE: 4.93879508972168
====================================================================================================
Epoch:29
Valid RMSE: 4.941112995147705
EarlyStopping counter: 1 out of 20
====================================================================================================
Epoch:30
Valid RMSE: 4.954132080078125
EarlyStopping counter: 2 out of 20
====================================================================================================
Epoch:31
Valid RMSE: 4.915279865264893
====================================================================================================
Epoch:32
Valid RMSE: 4.951699256896973
EarlyStopping counter: 1 out of 20
====================================================================================================
Epoch:33
Valid RMSE: 4.904027938842773
====================================================================================================
Epoch:34
Valid RMSE: 4.8748955726623535
====================================================================================================
Epoch:35
Valid RMSE: 4.88456392288208
EarlyStopping counter: 1 out of 20
====================================================================================================
Epoch:36
Valid RMSE: 4.854813575744629
====================================================================================================
Epoch:37
Valid RMSE: 4.877066612243652
EarlyStopping counter: 1 out of 20
====================================================================================================
Epoch:38
Valid RMSE: 4.885516166687012
EarlyStopping counter: 2 out of 20
====================================================================================================
Epoch:39
Valid RMSE: 4.847519874572754
====================================================================================================
Epoch:40
Valid RMSE: 4.835358619689941
====================================================================================================
Epoch:41
Valid RMSE: 4.832406044006348
====================================================================================================
Epoch:42
Valid RMSE: 4.824300765991211
====================================================================================================
Epoch:43
Valid RMSE: 4.802703380584717
====================================================================================================
Epoch:44
Valid RMSE: 4.777695655822754
====================================================================================================
Epoch:45
Valid RMSE: 4.7727437019348145
====================================================================================================
Epoch:46
Valid RMSE: 4.754599571228027
====================================================================================================
Epoch:47
Valid RMSE: 4.752184867858887
====================================================================================================
Epoch:48
Valid RMSE: 4.753879070281982
EarlyStopping counter: 1 out of 20
====================================================================================================
Epoch:49
Valid RMSE: 4.749543190002441
====================================================================================================
Epoch:50
Valid RMSE: 4.752996921539307
EarlyStopping counter: 1 out of 20
====================================================================================================
Epoch:51
Valid RMSE: 4.74150276184082
====================================================================================================
Epoch:52
Valid RMSE: 4.736754894256592
====================================================================================================
Epoch:53
Valid RMSE: 4.690704822540283
====================================================================================================
Epoch:54
Valid RMSE: 4.713466644287109
EarlyStopping counter: 1 out of 20
====================================================================================================
Epoch:55
Valid RMSE: 4.6830291748046875
====================================================================================================
Epoch:56
Valid RMSE: 4.688936233520508
EarlyStopping counter: 1 out of 20
====================================================================================================
Epoch:57
Valid RMSE: 4.7391276359558105
EarlyStopping counter: 2 out of 20
====================================================================================================
Epoch:58
Valid RMSE: 4.689859867095947
EarlyStopping counter: 3 out of 20
====================================================================================================
Epoch:59
Valid RMSE: 4.737632751464844
EarlyStopping counter: 4 out of 20
====================================================================================================
Epoch:60
Valid RMSE: 4.630015850067139
====================================================================================================
Epoch:61
Valid RMSE: 4.675411701202393
EarlyStopping counter: 1 out of 20
====================================================================================================
Epoch:62
Valid RMSE: 4.624936103820801
====================================================================================================
Epoch:63
Valid RMSE: 4.662093639373779
EarlyStopping counter: 1 out of 20
====================================================================================================
Epoch:64
Valid RMSE: 4.639723777770996
EarlyStopping counter: 2 out of 20
====================================================================================================
Epoch:65
Valid RMSE: 4.640503883361816
EarlyStopping counter: 3 out of 20
====================================================================================================
Epoch:66
Valid RMSE: 4.616039752960205
====================================================================================================
Epoch:67
Valid RMSE: 4.623319625854492
EarlyStopping counter: 1 out of 20
====================================================================================================
Epoch:68
Valid RMSE: 4.607540607452393
====================================================================================================
Epoch:69
Valid RMSE: 4.616880416870117
EarlyStopping counter: 1 out of 20
====================================================================================================
Epoch:70
Valid RMSE: 4.602697849273682
====================================================================================================
Epoch:71
Valid RMSE: 4.59171724319458
====================================================================================================
Epoch:72
Valid RMSE: 4.580417633056641
====================================================================================================
Epoch:73
Valid RMSE: 4.577058792114258
====================================================================================================
Epoch:74
Valid RMSE: 4.5784454345703125
EarlyStopping counter: 1 out of 20
====================================================================================================
Epoch:75
Valid RMSE: 4.611610412597656
EarlyStopping counter: 2 out of 20
====================================================================================================
Epoch:76
Valid RMSE: 4.580494403839111
EarlyStopping counter: 3 out of 20
====================================================================================================
Epoch:77
Valid RMSE: 4.610142707824707
EarlyStopping counter: 4 out of 20
====================================================================================================
Epoch:78
Valid RMSE: 4.583343982696533
EarlyStopping counter: 5 out of 20
====================================================================================================
Epoch:79
Valid RMSE: 4.561359405517578
====================================================================================================
Epoch:80
Valid RMSE: 4.518072605133057
====================================================================================================
Epoch:81
Valid RMSE: 4.559690475463867
EarlyStopping counter: 1 out of 20
====================================================================================================
Epoch:82
Valid RMSE: 4.521327495574951
EarlyStopping counter: 2 out of 20
====================================================================================================
Epoch:83
Valid RMSE: 4.543120384216309
EarlyStopping counter: 3 out of 20
====================================================================================================
Epoch:84
Valid RMSE: 4.5096211433410645
====================================================================================================
Epoch:85
Valid RMSE: 4.553059101104736
EarlyStopping counter: 1 out of 20
====================================================================================================
Epoch:86
Valid RMSE: 4.53872013092041
EarlyStopping counter: 2 out of 20
====================================================================================================
Epoch:87
Valid RMSE: 4.495709419250488
====================================================================================================
Epoch:88
Valid RMSE: 4.499303340911865
EarlyStopping counter: 1 out of 20
====================================================================================================
Epoch:89
Valid RMSE: 4.496941089630127
EarlyStopping counter: 2 out of 20
====================================================================================================
Epoch:90
Valid RMSE: 4.487819194793701
====================================================================================================
Epoch:91
Valid RMSE: 4.47435188293457
====================================================================================================
Epoch:92
Valid RMSE: 4.470849990844727
====================================================================================================
Epoch:93
Valid RMSE: 4.516057014465332
EarlyStopping counter: 1 out of 20
====================================================================================================
Epoch:94
Valid RMSE: 4.472546100616455
EarlyStopping counter: 2 out of 20
====================================================================================================
Epoch:95
Valid RMSE: 4.473315238952637
EarlyStopping counter: 3 out of 20
====================================================================================================
Epoch:96
Valid RMSE: 4.442141056060791
====================================================================================================
Epoch:97
Valid RMSE: 4.429579734802246
====================================================================================================
Epoch:98
Valid RMSE: 4.474056720733643
EarlyStopping counter: 1 out of 20
====================================================================================================
Epoch:99
Valid RMSE: 4.427781105041504
====================================================================================================
Epoch:100
Valid RMSE: 4.4495849609375
EarlyStopping counter: 1 out of 20
====================================================================================================
Epoch:101
Valid RMSE: 4.419511795043945
====================================================================================================
Epoch:102
Valid RMSE: 4.450707912445068
EarlyStopping counter: 1 out of 20
====================================================================================================
Epoch:103
Valid RMSE: 4.408785820007324
====================================================================================================
Epoch:104
Valid RMSE: 4.415972709655762
EarlyStopping counter: 1 out of 20
====================================================================================================
Epoch:105
Valid RMSE: 4.4181671142578125
EarlyStopping counter: 2 out of 20
====================================================================================================
Epoch:106
Valid RMSE: 4.421480178833008
EarlyStopping counter: 3 out of 20
====================================================================================================
Epoch:107
Valid RMSE: 4.514615535736084
EarlyStopping counter: 4 out of 20
====================================================================================================
Epoch:108
Valid RMSE: 4.429737091064453
EarlyStopping counter: 5 out of 20
====================================================================================================
Epoch:109
Valid RMSE: 4.4409871101379395
EarlyStopping counter: 6 out of 20
====================================================================================================
Epoch:110
Valid RMSE: 4.430224895477295
EarlyStopping counter: 7 out of 20
====================================================================================================
Epoch:111
Valid RMSE: 4.427059650421143
EarlyStopping counter: 8 out of 20
====================================================================================================
Epoch:112
Valid RMSE: 4.402122497558594
====================================================================================================
Epoch:113
Valid RMSE: 4.404125690460205
EarlyStopping counter: 1 out of 20
====================================================================================================
Epoch:114
Valid RMSE: 4.375931262969971
====================================================================================================
Epoch:115
Valid RMSE: 4.40568733215332
EarlyStopping counter: 1 out of 20
====================================================================================================
Epoch:116
Valid RMSE: 4.398856163024902
EarlyStopping counter: 2 out of 20
====================================================================================================
Epoch:117
Valid RMSE: 4.3834638595581055
EarlyStopping counter: 3 out of 20
====================================================================================================
Epoch:118
Valid RMSE: 4.387693405151367
EarlyStopping counter: 4 out of 20
====================================================================================================
Epoch:119
Valid RMSE: 4.379059791564941
EarlyStopping counter: 5 out of 20
====================================================================================================
Epoch:120
Valid RMSE: 4.369565010070801
====================================================================================================
Epoch:121
Valid RMSE: 4.3531389236450195
====================================================================================================
Epoch:122
Valid RMSE: 4.342213153839111
====================================================================================================
Epoch:123
Valid RMSE: 4.346374988555908
EarlyStopping counter: 1 out of 20
====================================================================================================
Epoch:124
Valid RMSE: 4.325451374053955
====================================================================================================
Epoch:125
Valid RMSE: 4.320510387420654
====================================================================================================
Epoch:126
Valid RMSE: 4.409749984741211
EarlyStopping counter: 1 out of 20
====================================================================================================
Epoch:127
Valid RMSE: 4.328480243682861
EarlyStopping counter: 2 out of 20
====================================================================================================
Epoch:128
Valid RMSE: 4.3489251136779785
EarlyStopping counter: 3 out of 20
====================================================================================================
Epoch:129
Valid RMSE: 4.341231346130371
EarlyStopping counter: 4 out of 20
====================================================================================================
Epoch:130
Valid RMSE: 4.309787273406982
====================================================================================================
Epoch:131
Valid RMSE: 4.411317825317383
EarlyStopping counter: 1 out of 20
====================================================================================================
Epoch:132
Valid RMSE: 4.305392742156982
====================================================================================================
Epoch:133
Valid RMSE: 4.298270225524902
====================================================================================================
Epoch:134
Valid RMSE: 4.297054767608643
====================================================================================================
Epoch:135
Valid RMSE: 4.290582180023193
====================================================================================================
Epoch:136
Valid RMSE: 4.321439743041992
EarlyStopping counter: 1 out of 20
====================================================================================================
Epoch:137
Valid RMSE: 4.327077388763428
EarlyStopping counter: 2 out of 20
====================================================================================================
Epoch:138
Valid RMSE: 4.310575485229492
EarlyStopping counter: 3 out of 20
====================================================================================================
Epoch:139
Valid RMSE: 4.336064338684082
EarlyStopping counter: 4 out of 20
====================================================================================================
Epoch:140
Valid RMSE: 4.287571430206299
====================================================================================================
Epoch:141
Valid RMSE: 4.303871154785156
EarlyStopping counter: 1 out of 20
====================================================================================================
Epoch:142
Valid RMSE: 4.296308994293213
EarlyStopping counter: 2 out of 20
====================================================================================================
Epoch:143
Valid RMSE: 4.31619930267334
EarlyStopping counter: 3 out of 20
====================================================================================================
Epoch:144
Valid RMSE: 4.31950569152832
EarlyStopping counter: 4 out of 20
====================================================================================================
Epoch:145
Valid RMSE: 4.320914268493652
EarlyStopping counter: 5 out of 20
====================================================================================================
Epoch:146
Valid RMSE: 4.284325122833252
====================================================================================================
Epoch:147
Valid RMSE: 4.272364616394043
====================================================================================================
Epoch:148
Valid RMSE: 4.274376392364502
EarlyStopping counter: 1 out of 20
====================================================================================================
Epoch:149
Valid RMSE: 4.279483318328857
EarlyStopping counter: 2 out of 20
====================================================================================================
Epoch:150
Valid RMSE: 4.264902591705322
====================================================================================================
Epoch:151
Valid RMSE: 4.267593860626221
EarlyStopping counter: 1 out of 20
====================================================================================================
Epoch:152
Valid RMSE: 4.253762245178223
====================================================================================================
Epoch:153
Valid RMSE: 4.270694255828857
EarlyStopping counter: 1 out of 20
====================================================================================================
Epoch:154
Valid RMSE: 4.2354912757873535
====================================================================================================
Epoch:155
Valid RMSE: 4.241679668426514
EarlyStopping counter: 1 out of 20
====================================================================================================
Epoch:156
Valid RMSE: 4.267965793609619
EarlyStopping counter: 2 out of 20
====================================================================================================
Epoch:157
Valid RMSE: 4.284383296966553
EarlyStopping counter: 3 out of 20
====================================================================================================
Epoch:158
Valid RMSE: 4.273181438446045
EarlyStopping counter: 4 out of 20
====================================================================================================
Epoch:159
Valid RMSE: 4.257571697235107
EarlyStopping counter: 5 out of 20
====================================================================================================
Epoch:160
Valid RMSE: 4.293530464172363
EarlyStopping counter: 6 out of 20
====================================================================================================
Epoch:161
Valid RMSE: 4.303361415863037
EarlyStopping counter: 7 out of 20
====================================================================================================
Epoch:162
Valid RMSE: 4.236435413360596
EarlyStopping counter: 8 out of 20
====================================================================================================
Epoch:163
Valid RMSE: 4.226713180541992
====================================================================================================
Epoch:164
Valid RMSE: 4.230760097503662
EarlyStopping counter: 1 out of 20
====================================================================================================
Epoch:165
Valid RMSE: 4.21392297744751
====================================================================================================
Epoch:166
Valid RMSE: 4.243731498718262
EarlyStopping counter: 1 out of 20
====================================================================================================
Epoch:167
Valid RMSE: 4.215315818786621
EarlyStopping counter: 2 out of 20
====================================================================================================
Epoch:168
Valid RMSE: 4.229304790496826
EarlyStopping counter: 3 out of 20
====================================================================================================
Epoch:169
Valid RMSE: 4.240469932556152
EarlyStopping counter: 4 out of 20
====================================================================================================
Epoch:170
Valid RMSE: 4.234217166900635
EarlyStopping counter: 5 out of 20
====================================================================================================
Epoch:171
Valid RMSE: 4.195225715637207
====================================================================================================
Epoch:172
Valid RMSE: 4.2223639488220215
EarlyStopping counter: 1 out of 20
====================================================================================================
Epoch:173
Valid RMSE: 4.23445463180542
EarlyStopping counter: 2 out of 20
====================================================================================================
Epoch:174
Valid RMSE: 4.207232475280762
EarlyStopping counter: 3 out of 20
====================================================================================================
Epoch:175
Valid RMSE: 4.190697193145752
====================================================================================================
Epoch:176
Valid RMSE: 4.25455904006958
EarlyStopping counter: 1 out of 20
====================================================================================================
Epoch:177
Valid RMSE: 4.226128578186035
EarlyStopping counter: 2 out of 20
====================================================================================================
Epoch:178
Valid RMSE: 4.179642677307129
====================================================================================================
Epoch:179
Valid RMSE: 4.227555274963379
EarlyStopping counter: 1 out of 20
====================================================================================================
Epoch:180
Valid RMSE: 4.240333080291748
EarlyStopping counter: 2 out of 20
====================================================================================================
Epoch:181
Valid RMSE: 4.175440788269043
====================================================================================================
Epoch:182
Valid RMSE: 4.177794456481934
EarlyStopping counter: 1 out of 20
====================================================================================================
Epoch:183
Valid RMSE: 4.16894006729126
====================================================================================================
Epoch:184
Valid RMSE: 4.1745500564575195
EarlyStopping counter: 1 out of 20
====================================================================================================
Epoch:185
Valid RMSE: 4.196020126342773
EarlyStopping counter: 2 out of 20
====================================================================================================
Epoch:186
Valid RMSE: 4.163754463195801
====================================================================================================
Epoch:187
Valid RMSE: 4.176707744598389
EarlyStopping counter: 1 out of 20
====================================================================================================
Epoch:188
Valid RMSE: 4.170512676239014
EarlyStopping counter: 2 out of 20
====================================================================================================
Epoch:189
Valid RMSE: 4.208536148071289
EarlyStopping counter: 3 out of 20
====================================================================================================
Epoch:190
Valid RMSE: 4.189703941345215
EarlyStopping counter: 4 out of 20
====================================================================================================
Epoch:191
Valid RMSE: 4.17686128616333
EarlyStopping counter: 5 out of 20
====================================================================================================
Epoch:192
Valid RMSE: 4.139065265655518
====================================================================================================
Epoch:193
Valid RMSE: 4.13232421875
====================================================================================================
Epoch:194
Valid RMSE: 4.173518657684326
EarlyStopping counter: 1 out of 20
====================================================================================================
Epoch:195
Valid RMSE: 4.178776264190674
EarlyStopping counter: 2 out of 20
====================================================================================================
Epoch:196
Valid RMSE: 4.145667552947998
EarlyStopping counter: 3 out of 20
====================================================================================================
Epoch:197
Valid RMSE: 4.158064365386963
EarlyStopping counter: 4 out of 20
====================================================================================================
Epoch:198
Valid RMSE: 4.186933994293213
EarlyStopping counter: 5 out of 20
====================================================================================================
Epoch:199
Valid RMSE: 4.159423351287842
EarlyStopping counter: 6 out of 20
====================================================================================================
Epoch:200
Valid RMSE: 4.161154747009277
EarlyStopping counter: 7 out of 20
====================================================================================================
Epoch:201
Valid RMSE: 4.140875339508057
EarlyStopping counter: 8 out of 20
====================================================================================================
Epoch:202
Valid RMSE: 4.126276016235352
====================================================================================================
Epoch:203
Valid RMSE: 4.140746593475342
EarlyStopping counter: 1 out of 20
====================================================================================================
Epoch:204
Valid RMSE: 4.142422199249268
EarlyStopping counter: 2 out of 20
====================================================================================================
Epoch:205
Valid RMSE: 4.123876571655273
====================================================================================================
Epoch:206
Valid RMSE: 4.186896800994873
EarlyStopping counter: 1 out of 20
====================================================================================================
Epoch:207
Valid RMSE: 4.193550109863281
EarlyStopping counter: 2 out of 20
====================================================================================================
Epoch:208
Valid RMSE: 4.1595377922058105
EarlyStopping counter: 3 out of 20
====================================================================================================
Epoch:209
Valid RMSE: 4.1161956787109375
====================================================================================================
Epoch:210
Valid RMSE: 4.110743522644043
====================================================================================================
Epoch:211
Valid RMSE: 4.136533737182617
EarlyStopping counter: 1 out of 20
====================================================================================================
Epoch:212
Valid RMSE: 4.115036964416504
EarlyStopping counter: 2 out of 20
====================================================================================================
Epoch:213
Valid RMSE: 4.147306442260742
EarlyStopping counter: 3 out of 20
====================================================================================================
Epoch:214
Valid RMSE: 4.174990653991699
EarlyStopping counter: 4 out of 20
====================================================================================================
Epoch:215
Valid RMSE: 4.186816215515137
EarlyStopping counter: 5 out of 20
====================================================================================================
Epoch:216
Valid RMSE: 4.116122245788574
EarlyStopping counter: 6 out of 20
====================================================================================================
Epoch:217
Valid RMSE: 4.133452415466309
EarlyStopping counter: 7 out of 20
====================================================================================================
Epoch:218
Valid RMSE: 4.112846851348877
EarlyStopping counter: 8 out of 20
====================================================================================================
Epoch:219
Valid RMSE: 4.168579578399658
EarlyStopping counter: 9 out of 20
====================================================================================================
Epoch:220
Valid RMSE: 4.117478370666504
EarlyStopping counter: 10 out of 20
====================================================================================================
Epoch:221
Valid RMSE: 4.096599578857422
====================================================================================================
Epoch:222
Valid RMSE: 4.129150390625
EarlyStopping counter: 1 out of 20
====================================================================================================
Epoch:223
Valid RMSE: 4.1040849685668945
EarlyStopping counter: 2 out of 20
====================================================================================================
Epoch:224
Valid RMSE: 4.0903754234313965
====================================================================================================
Epoch:225
Valid RMSE: 4.107805252075195
EarlyStopping counter: 1 out of 20
====================================================================================================
Epoch:226
Valid RMSE: 4.182267189025879
EarlyStopping counter: 2 out of 20
====================================================================================================
Epoch:227
Valid RMSE: 4.10703706741333
EarlyStopping counter: 3 out of 20
====================================================================================================
Epoch:228
Valid RMSE: 4.136754035949707
EarlyStopping counter: 4 out of 20
====================================================================================================
Epoch:229
Valid RMSE: 4.071053981781006
====================================================================================================
Epoch:230
Valid RMSE: 4.073914527893066
EarlyStopping counter: 1 out of 20
====================================================================================================
Epoch:231
Valid RMSE: 4.087509632110596
EarlyStopping counter: 2 out of 20
====================================================================================================
Epoch:232
Valid RMSE: 4.088532447814941
EarlyStopping counter: 3 out of 20
====================================================================================================
Epoch:233
Valid RMSE: 4.088881969451904
EarlyStopping counter: 4 out of 20
====================================================================================================
Epoch:234
Valid RMSE: 4.080867767333984
EarlyStopping counter: 5 out of 20
====================================================================================================
Epoch:235
Valid RMSE: 4.073864459991455
EarlyStopping counter: 6 out of 20
====================================================================================================
Epoch:236
Valid RMSE: 4.086010932922363
EarlyStopping counter: 7 out of 20
====================================================================================================
Epoch:237
Valid RMSE: 4.145505428314209
EarlyStopping counter: 8 out of 20
====================================================================================================
Epoch:238
Valid RMSE: 4.099928855895996
EarlyStopping counter: 9 out of 20
====================================================================================================
Epoch:239
Valid RMSE: 4.106694221496582
EarlyStopping counter: 10 out of 20
====================================================================================================
Epoch:240
Valid RMSE: 4.080548286437988
EarlyStopping counter: 11 out of 20
====================================================================================================
Epoch:241
Valid RMSE: 4.094576835632324
EarlyStopping counter: 12 out of 20
====================================================================================================
Epoch:242
Valid RMSE: 4.07474422454834
EarlyStopping counter: 13 out of 20
====================================================================================================
Epoch:243
Valid RMSE: 4.0584330558776855
====================================================================================================
Epoch:244
Valid RMSE: 4.062071800231934
EarlyStopping counter: 1 out of 20
====================================================================================================
Epoch:245
Valid RMSE: 4.10853910446167
EarlyStopping counter: 2 out of 20
====================================================================================================
Epoch:246
Valid RMSE: 4.049926280975342
====================================================================================================
Epoch:247
Valid RMSE: 4.066058158874512
EarlyStopping counter: 1 out of 20
====================================================================================================
Epoch:248
Valid RMSE: 4.054855823516846
EarlyStopping counter: 2 out of 20
====================================================================================================
Epoch:249
Valid RMSE: 4.065459728240967
EarlyStopping counter: 3 out of 20
====================================================================================================
Epoch:250
Valid RMSE: 4.0611395835876465
EarlyStopping counter: 4 out of 20
====================================================================================================
Epoch:251
Valid RMSE: 4.078424453735352
EarlyStopping counter: 5 out of 20
====================================================================================================
Epoch:252
Valid RMSE: 4.081018447875977
EarlyStopping counter: 6 out of 20
====================================================================================================
Epoch:253
Valid RMSE: 4.0672149658203125
EarlyStopping counter: 7 out of 20
====================================================================================================
Epoch:254
Valid RMSE: 4.035329818725586
====================================================================================================
Epoch:255
Valid RMSE: 4.085275650024414
EarlyStopping counter: 1 out of 20
====================================================================================================
Epoch:256
Valid RMSE: 4.063455581665039
EarlyStopping counter: 2 out of 20
====================================================================================================
Epoch:257
Valid RMSE: 4.062888145446777
EarlyStopping counter: 3 out of 20
====================================================================================================
Epoch:258
Valid RMSE: 4.081553936004639
EarlyStopping counter: 4 out of 20
====================================================================================================
Epoch:259
Valid RMSE: 4.1012678146362305
EarlyStopping counter: 5 out of 20
====================================================================================================
Epoch:260
Valid RMSE: 4.058587074279785
EarlyStopping counter: 6 out of 20
====================================================================================================
Epoch:261
Valid RMSE: 4.047292709350586
EarlyStopping counter: 7 out of 20
====================================================================================================
Epoch:262
Valid RMSE: 4.030642986297607
====================================================================================================
Epoch:263
Valid RMSE: 4.049689292907715
EarlyStopping counter: 1 out of 20
====================================================================================================
Epoch:264
Valid RMSE: 4.068090438842773
EarlyStopping counter: 2 out of 20
====================================================================================================
Epoch:265
Valid RMSE: 4.055660247802734
EarlyStopping counter: 3 out of 20
====================================================================================================
Epoch:266
Valid RMSE: 4.060638904571533
EarlyStopping counter: 4 out of 20
====================================================================================================
Epoch:267
Valid RMSE: 4.109176158905029
EarlyStopping counter: 5 out of 20
====================================================================================================
Epoch:268
Valid RMSE: 4.083216667175293
EarlyStopping counter: 6 out of 20
====================================================================================================
Epoch:269
Valid RMSE: 4.128664016723633
EarlyStopping counter: 7 out of 20
====================================================================================================
Epoch:270
Valid RMSE: 4.073821544647217
EarlyStopping counter: 8 out of 20
====================================================================================================
Epoch:271
Valid RMSE: 4.0349931716918945
EarlyStopping counter: 9 out of 20
====================================================================================================
Epoch:272
Valid RMSE: 4.047390460968018
EarlyStopping counter: 10 out of 20
====================================================================================================
Epoch:273
Valid RMSE: 4.072463512420654
EarlyStopping counter: 11 out of 20
====================================================================================================
Epoch:274
Valid RMSE: 4.027956485748291
====================================================================================================
Epoch:275
Valid RMSE: 4.022405624389648
====================================================================================================
Epoch:276
Valid RMSE: 4.022484302520752
EarlyStopping counter: 1 out of 20
====================================================================================================
Epoch:277
Valid RMSE: 4.052538871765137
EarlyStopping counter: 2 out of 20
====================================================================================================
Epoch:278
Valid RMSE: 4.038590431213379
EarlyStopping counter: 3 out of 20
====================================================================================================
Epoch:279
Valid RMSE: 4.072922229766846
EarlyStopping counter: 4 out of 20
====================================================================================================
Epoch:280
Valid RMSE: 4.017120361328125
====================================================================================================
Epoch:281
Valid RMSE: 4.003217697143555
====================================================================================================
Epoch:282
Valid RMSE: 4.077358722686768
EarlyStopping counter: 1 out of 20
====================================================================================================
Epoch:283
Valid RMSE: 4.011086463928223
EarlyStopping counter: 2 out of 20
====================================================================================================
Epoch:284
Valid RMSE: 4.044004917144775
EarlyStopping counter: 3 out of 20
====================================================================================================
Epoch:285
Valid RMSE: 4.020846366882324
EarlyStopping counter: 4 out of 20
====================================================================================================
Epoch:286
Valid RMSE: 4.015613079071045
EarlyStopping counter: 5 out of 20
====================================================================================================
Epoch:287
Valid RMSE: 4.012333393096924
EarlyStopping counter: 6 out of 20
====================================================================================================
Epoch:288
Valid RMSE: 4.051965713500977
EarlyStopping counter: 7 out of 20
====================================================================================================
Epoch:289
Valid RMSE: 4.162501335144043
EarlyStopping counter: 8 out of 20
====================================================================================================
Epoch:290
Valid RMSE: 4.038614273071289
EarlyStopping counter: 9 out of 20
====================================================================================================
Epoch:291
Valid RMSE: 4.052559852600098
EarlyStopping counter: 10 out of 20
====================================================================================================
Epoch:292
Valid RMSE: 4.006654739379883
EarlyStopping counter: 11 out of 20
====================================================================================================
Epoch:293
Valid RMSE: 4.008876323699951
EarlyStopping counter: 12 out of 20
====================================================================================================
Epoch:294
Valid RMSE: 4.0073699951171875
EarlyStopping counter: 13 out of 20
====================================================================================================
Epoch:295
Valid RMSE: 4.014611721038818
EarlyStopping counter: 14 out of 20
====================================================================================================
Epoch:296
Valid RMSE: 4.002309322357178
====================================================================================================
Epoch:297
Valid RMSE: 4.096952438354492
EarlyStopping counter: 1 out of 20
====================================================================================================
Epoch:298
Valid RMSE: 4.027846336364746
EarlyStopping counter: 2 out of 20
====================================================================================================
Epoch:299
Valid RMSE: 4.020640850067139
EarlyStopping counter: 3 out of 20
====================================================================================================
Epoch:300
Valid RMSE: 3.997859001159668
====================================================================================================
Epoch:301
Valid RMSE: 4.026736259460449
EarlyStopping counter: 1 out of 20
====================================================================================================
Epoch:302
Valid RMSE: 3.9997706413269043
EarlyStopping counter: 2 out of 20
====================================================================================================
Epoch:303
Valid RMSE: 4.0214104652404785
EarlyStopping counter: 3 out of 20
====================================================================================================
Epoch:304
Valid RMSE: 4.007349967956543
EarlyStopping counter: 4 out of 20
====================================================================================================
Epoch:305
Valid RMSE: 4.017277240753174
EarlyStopping counter: 5 out of 20
====================================================================================================
Epoch:306
Valid RMSE: 4.024445533752441
EarlyStopping counter: 6 out of 20
====================================================================================================
Epoch:307
Valid RMSE: 3.9891629219055176
====================================================================================================
Epoch:308
Valid RMSE: 3.974039316177368
====================================================================================================
Epoch:309
Valid RMSE: 3.997081756591797
EarlyStopping counter: 1 out of 20
====================================================================================================
Epoch:310
Valid RMSE: 3.9953627586364746
EarlyStopping counter: 2 out of 20
====================================================================================================
Epoch:311
Valid RMSE: 3.976681709289551
EarlyStopping counter: 3 out of 20
====================================================================================================
Epoch:312
Valid RMSE: 3.9918477535247803
EarlyStopping counter: 4 out of 20
====================================================================================================
Epoch:313
Valid RMSE: 3.9990627765655518
EarlyStopping counter: 5 out of 20
====================================================================================================
Epoch:314
Valid RMSE: 4.020476818084717
EarlyStopping counter: 6 out of 20
====================================================================================================
Epoch:315
Valid RMSE: 3.986307382583618
EarlyStopping counter: 7 out of 20
====================================================================================================
Epoch:316
Valid RMSE: 4.012791156768799
EarlyStopping counter: 8 out of 20
====================================================================================================
Epoch:317
Valid RMSE: 3.9815237522125244
EarlyStopping counter: 9 out of 20
====================================================================================================
Epoch:318
Valid RMSE: 3.9934892654418945
EarlyStopping counter: 10 out of 20
====================================================================================================
Epoch:319
Valid RMSE: 4.00502347946167
EarlyStopping counter: 11 out of 20
====================================================================================================
Epoch:320
Valid RMSE: 4.039244651794434
EarlyStopping counter: 12 out of 20
====================================================================================================
Epoch:321
Valid RMSE: 3.9760489463806152
EarlyStopping counter: 13 out of 20
====================================================================================================
Epoch:322
Valid RMSE: 3.993375062942505
EarlyStopping counter: 14 out of 20
====================================================================================================
Epoch:323
Valid RMSE: 3.9718923568725586
====================================================================================================
Epoch:324
Valid RMSE: 3.9657704830169678
====================================================================================================
Epoch:325
Valid RMSE: 3.970075845718384
EarlyStopping counter: 1 out of 20
====================================================================================================
Epoch:326
Valid RMSE: 3.9738805294036865
EarlyStopping counter: 2 out of 20
====================================================================================================
Epoch:327
Valid RMSE: 4.007777690887451
EarlyStopping counter: 3 out of 20
====================================================================================================
Epoch:328
Valid RMSE: 3.9836373329162598
EarlyStopping counter: 4 out of 20
====================================================================================================
Epoch:329
Valid RMSE: 4.0188679695129395
EarlyStopping counter: 5 out of 20
====================================================================================================
Epoch:330
Valid RMSE: 3.969339609146118
EarlyStopping counter: 6 out of 20
====================================================================================================
Epoch:331
Valid RMSE: 3.9751763343811035
EarlyStopping counter: 7 out of 20
====================================================================================================
Epoch:332
Valid RMSE: 4.037838459014893
EarlyStopping counter: 8 out of 20
====================================================================================================
Epoch:333
Valid RMSE: 3.9920454025268555
EarlyStopping counter: 9 out of 20
====================================================================================================
Epoch:334
Valid RMSE: 3.993039846420288
EarlyStopping counter: 10 out of 20
====================================================================================================
Epoch:335
Valid RMSE: 3.9897537231445312
EarlyStopping counter: 11 out of 20
====================================================================================================
Epoch:336
Valid RMSE: 3.966222047805786
EarlyStopping counter: 12 out of 20
====================================================================================================
Epoch:337
Valid RMSE: 3.9842164516448975
EarlyStopping counter: 13 out of 20
====================================================================================================
Epoch:338
Valid RMSE: 4.0432963371276855
EarlyStopping counter: 14 out of 20
====================================================================================================
Epoch:339
Valid RMSE: 3.97495698928833
EarlyStopping counter: 15 out of 20
====================================================================================================
Epoch:340
Valid RMSE: 3.9627482891082764
====================================================================================================
Epoch:341
Valid RMSE: 4.002478122711182
EarlyStopping counter: 1 out of 20
====================================================================================================
Epoch:342
Valid RMSE: 4.021965026855469
EarlyStopping counter: 2 out of 20
====================================================================================================
Epoch:343
Valid RMSE: 3.98051118850708
EarlyStopping counter: 3 out of 20
====================================================================================================
Epoch:344
Valid RMSE: 3.984764575958252
EarlyStopping counter: 4 out of 20
====================================================================================================
Epoch:345
Valid RMSE: 3.9837069511413574
EarlyStopping counter: 5 out of 20
====================================================================================================
Epoch:346
Valid RMSE: 3.9622344970703125
====================================================================================================
Epoch:347
Valid RMSE: 3.992539882659912
EarlyStopping counter: 1 out of 20
====================================================================================================
Epoch:348
Valid RMSE: 4.059471130371094
EarlyStopping counter: 2 out of 20
====================================================================================================
Epoch:349
Valid RMSE: 4.031460285186768
EarlyStopping counter: 3 out of 20
====================================================================================================
Epoch:350
Valid RMSE: 3.9818408489227295
EarlyStopping counter: 4 out of 20
====================================================================================================
Epoch:351
Valid RMSE: 3.9606807231903076
====================================================================================================
Epoch:352
Valid RMSE: 3.967482566833496
EarlyStopping counter: 1 out of 20
====================================================================================================
Epoch:353
Valid RMSE: 3.973141670227051
EarlyStopping counter: 2 out of 20
====================================================================================================
Epoch:354
Valid RMSE: 3.9573848247528076
====================================================================================================
Epoch:355
Valid RMSE: 3.9565343856811523
====================================================================================================
Epoch:356
Valid RMSE: 3.9639804363250732
EarlyStopping counter: 1 out of 20
====================================================================================================
Epoch:357
Valid RMSE: 3.940683126449585
====================================================================================================
Epoch:358
Valid RMSE: 3.9544339179992676
EarlyStopping counter: 1 out of 20
====================================================================================================
Epoch:359
Valid RMSE: 4.029575824737549
EarlyStopping counter: 2 out of 20
====================================================================================================
Epoch:360
Valid RMSE: 3.9600961208343506
EarlyStopping counter: 3 out of 20
====================================================================================================
Epoch:361
Valid RMSE: 3.962669610977173
EarlyStopping counter: 4 out of 20
====================================================================================================
Epoch:362
Valid RMSE: 3.967391014099121
EarlyStopping counter: 5 out of 20
====================================================================================================
Epoch:363
Valid RMSE: 3.969977855682373
EarlyStopping counter: 6 out of 20
====================================================================================================
Epoch:364
Valid RMSE: 3.948627471923828
EarlyStopping counter: 7 out of 20
====================================================================================================
Epoch:365
Valid RMSE: 3.985403299331665
EarlyStopping counter: 8 out of 20
====================================================================================================
Epoch:366
Valid RMSE: 4.013555526733398
EarlyStopping counter: 9 out of 20
====================================================================================================
Epoch:367
Valid RMSE: 3.975742816925049
EarlyStopping counter: 10 out of 20
====================================================================================================
Epoch:368
Valid RMSE: 3.9806771278381348
EarlyStopping counter: 11 out of 20
====================================================================================================
Epoch:369
Valid RMSE: 3.94154691696167
EarlyStopping counter: 12 out of 20
====================================================================================================
Epoch:370
Valid RMSE: 3.9552857875823975
EarlyStopping counter: 13 out of 20
====================================================================================================
Epoch:371
Valid RMSE: 3.9493906497955322
EarlyStopping counter: 14 out of 20
====================================================================================================
Epoch:372
Valid RMSE: 4.048128128051758
EarlyStopping counter: 15 out of 20
====================================================================================================
Epoch:373
Valid RMSE: 3.9709010124206543
EarlyStopping counter: 16 out of 20
====================================================================================================
Epoch:374
Valid RMSE: 3.988452434539795
EarlyStopping counter: 17 out of 20
====================================================================================================
Epoch:375
Valid RMSE: 3.933490514755249
====================================================================================================
Epoch:376
Valid RMSE: 3.922070026397705
====================================================================================================
Epoch:377
Valid RMSE: 3.9597666263580322
EarlyStopping counter: 1 out of 20
====================================================================================================
Epoch:378
Valid RMSE: 3.964022159576416
EarlyStopping counter: 2 out of 20
====================================================================================================
Epoch:379
Valid RMSE: 3.925577402114868
EarlyStopping counter: 3 out of 20
====================================================================================================
Epoch:380
Valid RMSE: 3.9485011100769043
EarlyStopping counter: 4 out of 20
====================================================================================================
Epoch:381
Valid RMSE: 3.978020191192627
EarlyStopping counter: 5 out of 20
====================================================================================================
Epoch:382
Valid RMSE: 3.993590831756592
EarlyStopping counter: 6 out of 20
====================================================================================================
Epoch:383
Valid RMSE: 3.9699478149414062
EarlyStopping counter: 7 out of 20
====================================================================================================
Epoch:384
Valid RMSE: 3.917043447494507
====================================================================================================
Epoch:385
Valid RMSE: 4.080791473388672
EarlyStopping counter: 1 out of 20
====================================================================================================
Epoch:386
Valid RMSE: 3.9693286418914795
EarlyStopping counter: 2 out of 20
====================================================================================================
Epoch:387
Valid RMSE: 3.9901506900787354
EarlyStopping counter: 3 out of 20
====================================================================================================
Epoch:388
Valid RMSE: 3.925806760787964
EarlyStopping counter: 4 out of 20
====================================================================================================
Epoch:389
Valid RMSE: 3.963609457015991
EarlyStopping counter: 5 out of 20
====================================================================================================
Epoch:390
Valid RMSE: 3.932250499725342
EarlyStopping counter: 6 out of 20
====================================================================================================
Epoch:391
Valid RMSE: 3.9677648544311523
EarlyStopping counter: 7 out of 20
====================================================================================================
Epoch:392
Valid RMSE: 3.9867939949035645
EarlyStopping counter: 8 out of 20
====================================================================================================
Epoch:393
Valid RMSE: 3.9673306941986084
EarlyStopping counter: 9 out of 20
====================================================================================================
Epoch:394
Valid RMSE: 3.95241379737854
EarlyStopping counter: 10 out of 20
====================================================================================================
Epoch:395
Valid RMSE: 3.948249340057373
EarlyStopping counter: 11 out of 20
====================================================================================================
Epoch:396
Valid RMSE: 3.9647104740142822
EarlyStopping counter: 12 out of 20
====================================================================================================
Epoch:397
Valid RMSE: 3.9199867248535156
EarlyStopping counter: 13 out of 20
====================================================================================================
Epoch:398
Valid RMSE: 3.924701452255249
EarlyStopping counter: 14 out of 20
====================================================================================================
Epoch:399
Valid RMSE: 3.960479974746704
EarlyStopping counter: 15 out of 20
====================================================================================================
Epoch:400
Valid RMSE: 3.9640259742736816
EarlyStopping counter: 16 out of 20
====================================================================================================
Epoch:401
Valid RMSE: 3.958019256591797
EarlyStopping counter: 17 out of 20
====================================================================================================
Epoch:402
Valid RMSE: 3.953437328338623
EarlyStopping counter: 18 out of 20
====================================================================================================
Epoch:403
Valid RMSE: 3.9487664699554443
EarlyStopping counter: 19 out of 20
====================================================================================================
Epoch:404
Valid RMSE: 3.9379072189331055
EarlyStopping counter: 20 out of 20
Early stopping
torch.Size([3024, 1, 325, 12])
torch.Size([3024, 1, 325, 12])
torch.Size([3024, 1, 325, 12])
==================================================  Testing  ==================================================
predict shape:  (864, 325, 12)
MAE: 2.229 RMSE: 4.099 MAPE: 5.027
Spend Time: 6862.769379615784
