torch.Size([3024, 1, 325, 12])
torch.Size([3024, 1, 325, 12])
torch.Size([3024, 1, 325, 12])
==================================================  Training  ==================================================
Epoch:0
Valid RMSE: 8.807581901550293
====================================================================================================
Epoch:1
Valid RMSE: 7.1817097663879395
====================================================================================================
Epoch:2
Valid RMSE: 6.166672706604004
====================================================================================================
Epoch:3
Valid RMSE: 5.8715410232543945
====================================================================================================
Epoch:4
Valid RMSE: 5.7828779220581055
====================================================================================================
Epoch:5
Valid RMSE: 5.6819305419921875
====================================================================================================
Epoch:6
Valid RMSE: 5.710176467895508
EarlyStopping counter: 1 out of 20
====================================================================================================
Epoch:7
Valid RMSE: 5.621586322784424
====================================================================================================
Epoch:8
Valid RMSE: 5.579253673553467
====================================================================================================
Epoch:9
Valid RMSE: 5.56616735458374
====================================================================================================
Epoch:10
Valid RMSE: 5.5339860916137695
====================================================================================================
Epoch:11
Valid RMSE: 5.484008312225342
====================================================================================================
Epoch:12
Valid RMSE: 5.452971935272217
====================================================================================================
Epoch:13
Valid RMSE: 5.431639671325684
====================================================================================================
Epoch:14
Valid RMSE: 5.362706184387207
====================================================================================================
Epoch:15
Valid RMSE: 5.376189708709717
EarlyStopping counter: 1 out of 20
====================================================================================================
Epoch:16
Valid RMSE: 5.261130332946777
====================================================================================================
Epoch:17
Valid RMSE: 5.224390029907227
====================================================================================================
Epoch:18
Valid RMSE: 5.208280086517334
====================================================================================================
Epoch:19
Valid RMSE: 5.214513778686523
EarlyStopping counter: 1 out of 20
====================================================================================================
Epoch:20
Valid RMSE: 5.122199058532715
====================================================================================================
Epoch:21
Valid RMSE: 5.169539928436279
EarlyStopping counter: 1 out of 20
====================================================================================================
Epoch:22
Valid RMSE: 5.110851764678955
====================================================================================================
Epoch:23
Valid RMSE: 5.103506088256836
====================================================================================================
Epoch:24
Valid RMSE: 5.076008319854736
====================================================================================================
Epoch:25
Valid RMSE: 5.057322978973389
====================================================================================================
Epoch:26
Valid RMSE: 5.0498881340026855
====================================================================================================
Epoch:27
Valid RMSE: 5.019084453582764
====================================================================================================
Epoch:28
Valid RMSE: 5.007704734802246
====================================================================================================
Epoch:29
Valid RMSE: 4.977533340454102
====================================================================================================
Epoch:30
Valid RMSE: 5.028146743774414
EarlyStopping counter: 1 out of 20
====================================================================================================
Epoch:31
Valid RMSE: 4.938589096069336
====================================================================================================
Epoch:32
Valid RMSE: 4.972212791442871
EarlyStopping counter: 1 out of 20
====================================================================================================
Epoch:33
Valid RMSE: 4.956999778747559
EarlyStopping counter: 2 out of 20
====================================================================================================
Epoch:34
Valid RMSE: 4.915690898895264
====================================================================================================
Epoch:35
Valid RMSE: 4.920595169067383
EarlyStopping counter: 1 out of 20
====================================================================================================
Epoch:36
Valid RMSE: 4.892794132232666
====================================================================================================
Epoch:37
Valid RMSE: 4.894265651702881
EarlyStopping counter: 1 out of 20
====================================================================================================
Epoch:38
Valid RMSE: 4.950024127960205
EarlyStopping counter: 2 out of 20
====================================================================================================
Epoch:39
Valid RMSE: 4.89035701751709
====================================================================================================
Epoch:40
Valid RMSE: 4.888949394226074
====================================================================================================
Epoch:41
Valid RMSE: 4.877654552459717
====================================================================================================
Epoch:42
Valid RMSE: 4.854794502258301
====================================================================================================
Epoch:43
Valid RMSE: 4.852968692779541
====================================================================================================
Epoch:44
Valid RMSE: 4.863051891326904
EarlyStopping counter: 1 out of 20
====================================================================================================
Epoch:45
Valid RMSE: 4.8460869789123535
====================================================================================================
Epoch:46
Valid RMSE: 4.835028171539307
====================================================================================================
Epoch:47
Valid RMSE: 4.871413230895996
EarlyStopping counter: 1 out of 20
====================================================================================================
Epoch:48
Valid RMSE: 4.821778774261475
====================================================================================================
Epoch:49
Valid RMSE: 4.783858299255371
====================================================================================================
Epoch:50
Valid RMSE: 4.793669700622559
EarlyStopping counter: 1 out of 20
====================================================================================================
Epoch:51
Valid RMSE: 4.803961277008057
EarlyStopping counter: 2 out of 20
====================================================================================================
Epoch:52
Valid RMSE: 4.791536331176758
EarlyStopping counter: 3 out of 20
====================================================================================================
Epoch:53
Valid RMSE: 4.755000591278076
====================================================================================================
Epoch:54
Valid RMSE: 4.78622579574585
EarlyStopping counter: 1 out of 20
====================================================================================================
Epoch:55
Valid RMSE: 4.755998134613037
EarlyStopping counter: 2 out of 20
====================================================================================================
Epoch:56
Valid RMSE: 4.736297130584717
====================================================================================================
Epoch:57
Valid RMSE: 4.761390209197998
EarlyStopping counter: 1 out of 20
====================================================================================================
Epoch:58
Valid RMSE: 4.743041038513184
EarlyStopping counter: 2 out of 20
====================================================================================================
Epoch:59
Valid RMSE: 4.77449369430542
EarlyStopping counter: 3 out of 20
====================================================================================================
Epoch:60
Valid RMSE: 4.736680030822754
EarlyStopping counter: 4 out of 20
====================================================================================================
Epoch:61
Valid RMSE: 4.7204437255859375
====================================================================================================
Epoch:62
Valid RMSE: 4.733880043029785
EarlyStopping counter: 1 out of 20
====================================================================================================
Epoch:63
Valid RMSE: 4.7210845947265625
EarlyStopping counter: 2 out of 20
====================================================================================================
Epoch:64
Valid RMSE: 4.715993881225586
====================================================================================================
Epoch:65
Valid RMSE: 4.733911514282227
EarlyStopping counter: 1 out of 20
====================================================================================================
Epoch:66
Valid RMSE: 4.7072038650512695
====================================================================================================
Epoch:67
Valid RMSE: 4.765074729919434
EarlyStopping counter: 1 out of 20
====================================================================================================
Epoch:68
Valid RMSE: 4.703639984130859
====================================================================================================
Epoch:69
Valid RMSE: 4.740566730499268
EarlyStopping counter: 1 out of 20
====================================================================================================
Epoch:70
Valid RMSE: 4.67142915725708
====================================================================================================
Epoch:71
Valid RMSE: 4.7125444412231445
EarlyStopping counter: 1 out of 20
====================================================================================================
Epoch:72
Valid RMSE: 4.672278881072998
EarlyStopping counter: 2 out of 20
====================================================================================================
Epoch:73
Valid RMSE: 4.655327796936035
====================================================================================================
Epoch:74
Valid RMSE: 4.674453258514404
EarlyStopping counter: 1 out of 20
====================================================================================================
Epoch:75
Valid RMSE: 4.634253025054932
====================================================================================================
Epoch:76
Valid RMSE: 4.6554789543151855
EarlyStopping counter: 1 out of 20
====================================================================================================
Epoch:77
Valid RMSE: 4.722378730773926
EarlyStopping counter: 2 out of 20
====================================================================================================
Epoch:78
Valid RMSE: 4.636340618133545
EarlyStopping counter: 3 out of 20
====================================================================================================
Epoch:79
Valid RMSE: 4.640723705291748
EarlyStopping counter: 4 out of 20
====================================================================================================
Epoch:80
Valid RMSE: 4.647310256958008
EarlyStopping counter: 5 out of 20
====================================================================================================
Epoch:81
Valid RMSE: 4.647706985473633
EarlyStopping counter: 6 out of 20
====================================================================================================
Epoch:82
Valid RMSE: 4.642153739929199
EarlyStopping counter: 7 out of 20
====================================================================================================
Epoch:83
Valid RMSE: 4.609126567840576
====================================================================================================
Epoch:84
Valid RMSE: 4.612339973449707
EarlyStopping counter: 1 out of 20
====================================================================================================
Epoch:85
Valid RMSE: 4.624352931976318
EarlyStopping counter: 2 out of 20
====================================================================================================
Epoch:86
Valid RMSE: 4.586503982543945
====================================================================================================
Epoch:87
Valid RMSE: 4.6266374588012695
EarlyStopping counter: 1 out of 20
====================================================================================================
Epoch:88
Valid RMSE: 4.586156845092773
====================================================================================================
Epoch:89
Valid RMSE: 4.578131675720215
====================================================================================================
Epoch:90
Valid RMSE: 4.605175495147705
EarlyStopping counter: 1 out of 20
====================================================================================================
Epoch:91
Valid RMSE: 4.566599369049072
====================================================================================================
Epoch:92
Valid RMSE: 4.608218669891357
EarlyStopping counter: 1 out of 20
====================================================================================================
Epoch:93
Valid RMSE: 4.577988624572754
EarlyStopping counter: 2 out of 20
====================================================================================================
Epoch:94
Valid RMSE: 4.6023712158203125
EarlyStopping counter: 3 out of 20
====================================================================================================
Epoch:95
Valid RMSE: 4.5726542472839355
EarlyStopping counter: 4 out of 20
====================================================================================================
Epoch:96
Valid RMSE: 4.570587635040283
EarlyStopping counter: 5 out of 20
====================================================================================================
Epoch:97
Valid RMSE: 4.559285640716553
====================================================================================================
Epoch:98
Valid RMSE: 4.5297017097473145
====================================================================================================
Epoch:99
Valid RMSE: 4.570136547088623
EarlyStopping counter: 1 out of 20
====================================================================================================
Epoch:100
Valid RMSE: 4.5473246574401855
EarlyStopping counter: 2 out of 20
====================================================================================================
Epoch:101
Valid RMSE: 4.605473041534424
EarlyStopping counter: 3 out of 20
====================================================================================================
Epoch:102
Valid RMSE: 4.5738935470581055
EarlyStopping counter: 4 out of 20
====================================================================================================
Epoch:103
Valid RMSE: 4.553661823272705
EarlyStopping counter: 5 out of 20
====================================================================================================
Epoch:104
Valid RMSE: 4.51967191696167
====================================================================================================
Epoch:105
Valid RMSE: 4.609018325805664
EarlyStopping counter: 1 out of 20
====================================================================================================
Epoch:106
Valid RMSE: 4.518630504608154
====================================================================================================
Epoch:107
Valid RMSE: 4.52667236328125
EarlyStopping counter: 1 out of 20
====================================================================================================
Epoch:108
Valid RMSE: 4.560060977935791
EarlyStopping counter: 2 out of 20
====================================================================================================
Epoch:109
Valid RMSE: 4.507084846496582
====================================================================================================
Epoch:110
Valid RMSE: 4.525564193725586
EarlyStopping counter: 1 out of 20
====================================================================================================
Epoch:111
Valid RMSE: 4.528046607971191
EarlyStopping counter: 2 out of 20
====================================================================================================
Epoch:112
Valid RMSE: 4.503193378448486
====================================================================================================
Epoch:113
Valid RMSE: 4.553910255432129
EarlyStopping counter: 1 out of 20
====================================================================================================
Epoch:114
Valid RMSE: 4.514941692352295
EarlyStopping counter: 2 out of 20
====================================================================================================
Epoch:115
Valid RMSE: 4.554858207702637
EarlyStopping counter: 3 out of 20
====================================================================================================
Epoch:116
Valid RMSE: 4.50600528717041
EarlyStopping counter: 4 out of 20
====================================================================================================
Epoch:117
Valid RMSE: 4.486966609954834
====================================================================================================
Epoch:118
Valid RMSE: 4.491469860076904
EarlyStopping counter: 1 out of 20
====================================================================================================
Epoch:119
Valid RMSE: 4.4752888679504395
====================================================================================================
Epoch:120
Valid RMSE: 4.4628214836120605
====================================================================================================
Epoch:121
Valid RMSE: 4.471678733825684
EarlyStopping counter: 1 out of 20
====================================================================================================
Epoch:122
Valid RMSE: 4.474108695983887
EarlyStopping counter: 2 out of 20
====================================================================================================
Epoch:123
Valid RMSE: 4.479808807373047
EarlyStopping counter: 3 out of 20
====================================================================================================
Epoch:124
Valid RMSE: 4.457820415496826
====================================================================================================
Epoch:125
Valid RMSE: 4.505456924438477
EarlyStopping counter: 1 out of 20
====================================================================================================
Epoch:126
Valid RMSE: 4.4841628074646
EarlyStopping counter: 2 out of 20
====================================================================================================
Epoch:127
Valid RMSE: 4.490217208862305
EarlyStopping counter: 3 out of 20
====================================================================================================
Epoch:128
Valid RMSE: 4.436976909637451
====================================================================================================
Epoch:129
Valid RMSE: 4.470349311828613
EarlyStopping counter: 1 out of 20
====================================================================================================
Epoch:130
Valid RMSE: 4.482412815093994
EarlyStopping counter: 2 out of 20
====================================================================================================
Epoch:131
Valid RMSE: 4.434891700744629
====================================================================================================
Epoch:132
Valid RMSE: 4.45805549621582
EarlyStopping counter: 1 out of 20
====================================================================================================
Epoch:133
Valid RMSE: 4.446022987365723
EarlyStopping counter: 2 out of 20
====================================================================================================
Epoch:134
Valid RMSE: 4.4860734939575195
EarlyStopping counter: 3 out of 20
====================================================================================================
Epoch:135
Valid RMSE: 4.444265365600586
EarlyStopping counter: 4 out of 20
====================================================================================================
Epoch:136
Valid RMSE: 4.44160270690918
EarlyStopping counter: 5 out of 20
====================================================================================================
Epoch:137
Valid RMSE: 4.421185493469238
====================================================================================================
Epoch:138
Valid RMSE: 4.411556243896484
====================================================================================================
Epoch:139
Valid RMSE: 4.425357818603516
EarlyStopping counter: 1 out of 20
====================================================================================================
Epoch:140
Valid RMSE: 4.441894054412842
EarlyStopping counter: 2 out of 20
====================================================================================================
Epoch:141
Valid RMSE: 4.4067583084106445
====================================================================================================
Epoch:142
Valid RMSE: 4.4339070320129395
EarlyStopping counter: 1 out of 20
====================================================================================================
Epoch:143
Valid RMSE: 4.457211017608643
EarlyStopping counter: 2 out of 20
====================================================================================================
Epoch:144
Valid RMSE: 4.405360698699951
====================================================================================================
Epoch:145
Valid RMSE: 4.416234016418457
EarlyStopping counter: 1 out of 20
====================================================================================================
Epoch:146
Valid RMSE: 4.386480331420898
====================================================================================================
Epoch:147
Valid RMSE: 4.431637287139893
EarlyStopping counter: 1 out of 20
====================================================================================================
Epoch:148
Valid RMSE: 4.457827568054199
EarlyStopping counter: 2 out of 20
====================================================================================================
Epoch:149
Valid RMSE: 4.454845905303955
EarlyStopping counter: 3 out of 20
====================================================================================================
Epoch:150
Valid RMSE: 4.434967994689941
EarlyStopping counter: 4 out of 20
====================================================================================================
Epoch:151
Valid RMSE: 4.41710090637207
EarlyStopping counter: 5 out of 20
====================================================================================================
Epoch:152
Valid RMSE: 4.423556804656982
EarlyStopping counter: 6 out of 20
====================================================================================================
Epoch:153
Valid RMSE: 4.4053568840026855
EarlyStopping counter: 7 out of 20
====================================================================================================
Epoch:154
Valid RMSE: 4.440701007843018
EarlyStopping counter: 8 out of 20
====================================================================================================
Epoch:155
Valid RMSE: 4.4193315505981445
EarlyStopping counter: 9 out of 20
====================================================================================================
Epoch:156
Valid RMSE: 4.390941619873047
EarlyStopping counter: 10 out of 20
====================================================================================================
Epoch:157
Valid RMSE: 4.380814552307129
====================================================================================================
Epoch:158
Valid RMSE: 4.414865016937256
EarlyStopping counter: 1 out of 20
====================================================================================================
Epoch:159
Valid RMSE: 4.378302574157715
====================================================================================================
Epoch:160
Valid RMSE: 4.4327192306518555
EarlyStopping counter: 1 out of 20
====================================================================================================
Epoch:161
Valid RMSE: 4.414755821228027
EarlyStopping counter: 2 out of 20
====================================================================================================
Epoch:162
Valid RMSE: 4.381003379821777
EarlyStopping counter: 3 out of 20
====================================================================================================
Epoch:163
Valid RMSE: 4.424340724945068
EarlyStopping counter: 4 out of 20
====================================================================================================
Epoch:164
Valid RMSE: 4.356385231018066
====================================================================================================
Epoch:165
Valid RMSE: 4.3673095703125
EarlyStopping counter: 1 out of 20
====================================================================================================
Epoch:166
Valid RMSE: 4.368971347808838
EarlyStopping counter: 2 out of 20
====================================================================================================
Epoch:167
Valid RMSE: 4.378373146057129
EarlyStopping counter: 3 out of 20
====================================================================================================
Epoch:168
Valid RMSE: 4.4258036613464355
EarlyStopping counter: 4 out of 20
====================================================================================================
Epoch:169
Valid RMSE: 4.3713698387146
EarlyStopping counter: 5 out of 20
====================================================================================================
Epoch:170
Valid RMSE: 4.394842147827148
EarlyStopping counter: 6 out of 20
====================================================================================================
Epoch:171
Valid RMSE: 4.387879371643066
EarlyStopping counter: 7 out of 20
====================================================================================================
Epoch:172
Valid RMSE: 4.389408588409424
EarlyStopping counter: 8 out of 20
====================================================================================================
Epoch:173
Valid RMSE: 4.332250595092773
====================================================================================================
Epoch:174
Valid RMSE: 4.330771446228027
====================================================================================================
Epoch:175
Valid RMSE: 4.3460259437561035
EarlyStopping counter: 1 out of 20
====================================================================================================
Epoch:176
Valid RMSE: 4.3565778732299805
EarlyStopping counter: 2 out of 20
====================================================================================================
Epoch:177
Valid RMSE: 4.340595722198486
EarlyStopping counter: 3 out of 20
====================================================================================================
Epoch:178
Valid RMSE: 4.373223304748535
EarlyStopping counter: 4 out of 20
====================================================================================================
Epoch:179
Valid RMSE: 4.341733455657959
EarlyStopping counter: 5 out of 20
====================================================================================================
Epoch:180
Valid RMSE: 4.366617202758789
EarlyStopping counter: 6 out of 20
====================================================================================================
Epoch:181
Valid RMSE: 4.3379950523376465
EarlyStopping counter: 7 out of 20
====================================================================================================
Epoch:182
Valid RMSE: 4.367643356323242
EarlyStopping counter: 8 out of 20
====================================================================================================
Epoch:183
Valid RMSE: 4.338341236114502
EarlyStopping counter: 9 out of 20
====================================================================================================
Epoch:184
Valid RMSE: 4.37007474899292
EarlyStopping counter: 10 out of 20
====================================================================================================
Epoch:185
Valid RMSE: 4.395013809204102
EarlyStopping counter: 11 out of 20
====================================================================================================
Epoch:186
Valid RMSE: 4.329713821411133
====================================================================================================
Epoch:187
Valid RMSE: 4.319817066192627
====================================================================================================
Epoch:188
Valid RMSE: 4.308614253997803
====================================================================================================
Epoch:189
Valid RMSE: 4.371170520782471
EarlyStopping counter: 1 out of 20
====================================================================================================
Epoch:190
Valid RMSE: 4.330267906188965
EarlyStopping counter: 2 out of 20
====================================================================================================
Epoch:191
Valid RMSE: 4.3398213386535645
EarlyStopping counter: 3 out of 20
====================================================================================================
Epoch:192
Valid RMSE: 4.315005779266357
EarlyStopping counter: 4 out of 20
====================================================================================================
Epoch:193
Valid RMSE: 4.353149890899658
EarlyStopping counter: 5 out of 20
====================================================================================================
Epoch:194
Valid RMSE: 4.3630242347717285
EarlyStopping counter: 6 out of 20
====================================================================================================
Epoch:195
Valid RMSE: 4.29799222946167
====================================================================================================
Epoch:196
Valid RMSE: 4.33559513092041
EarlyStopping counter: 1 out of 20
====================================================================================================
Epoch:197
Valid RMSE: 4.368626594543457
EarlyStopping counter: 2 out of 20
====================================================================================================
Epoch:198
Valid RMSE: 4.3020524978637695
EarlyStopping counter: 3 out of 20
====================================================================================================
Epoch:199
Valid RMSE: 4.311702251434326
EarlyStopping counter: 4 out of 20
====================================================================================================
Epoch:200
Valid RMSE: 4.301018238067627
EarlyStopping counter: 5 out of 20
====================================================================================================
Epoch:201
Valid RMSE: 4.330931663513184
EarlyStopping counter: 6 out of 20
====================================================================================================
Traceback (most recent call last):
  File "misgan.py", line 665, in <module>
    main()
  File "misgan.py", line 658, in main
    train()
  File "misgan.py", line 472, in train
    train_impute_loss_list.append(impu_loss.detach().cpu().numpy())
RuntimeError: CUDA error: unspecified launch failure
==================
Epoch:204
Valid RMSE: 4.333863258361816
EarlyStopping counter: 2 out of 20
====================================================================================================
Epoch:205
Valid RMSE: 4.329040050506592
EarlyStopping counter: 3 out of 20
====================================================================================================
Epoch:206
Valid RMSE: 4.296618938446045
EarlyStopping counter: 4 out of 20
====================================================================================================
Epoch:207
Valid RMSE: 4.3354902267456055
EarlyStopping counter: 5 out of 20
====================================================================================================
Epoch:208
Valid RMSE: 4.295787334442139
EarlyStopping counter: 6 out of 20
====================================================================================================
Epoch:209
Valid RMSE: 4.290584087371826
====================================================================================================
Epoch:210
Valid RMSE: 4.299397945404053
EarlyStopping counter: 1 out of 20
====================================================================================================
Epoch:211
Valid RMSE: 4.295873641967773
EarlyStopping counter: 2 out of 20
====================================================================================================
Epoch:212
Valid RMSE: 4.268118858337402
====================================================================================================
Epoch:213
Valid RMSE: 4.308685779571533
EarlyStopping counter: 1 out of 20
====================================================================================================
Epoch:214
Valid RMSE: 4.300629615783691
EarlyStopping counter: 2 out of 20
====================================================================================================
Epoch:215
Valid RMSE: 4.29266357421875
EarlyStopping counter: 3 out of 20
====================================================================================================
Epoch:216
Valid RMSE: 4.264379978179932
====================================================================================================
Epoch:217
Valid RMSE: 4.260826587677002
====================================================================================================
Epoch:218
Valid RMSE: 4.275909423828125
EarlyStopping counter: 1 out of 20
====================================================================================================
Epoch:219
Valid RMSE: 4.303858280181885
EarlyStopping counter: 2 out of 20
====================================================================================================
Epoch:220
Valid RMSE: 4.2596025466918945
====================================================================================================
Epoch:221
Valid RMSE: 4.326117515563965
EarlyStopping counter: 1 out of 20
====================================================================================================
Epoch:222
Valid RMSE: 4.309489727020264
EarlyStopping counter: 2 out of 20
====================================================================================================
Epoch:223
Valid RMSE: 4.260459899902344
EarlyStopping counter: 3 out of 20
====================================================================================================
Epoch:224
Valid RMSE: 4.271640300750732
EarlyStopping counter: 4 out of 20
====================================================================================================
Epoch:225
Valid RMSE: 4.294523239135742
EarlyStopping counter: 5 out of 20
====================================================================================================
Epoch:226
Valid RMSE: 4.3302836418151855
EarlyStopping counter: 6 out of 20
====================================================================================================
Epoch:227
Valid RMSE: 4.2767462730407715
EarlyStopping counter: 7 out of 20
====================================================================================================
Epoch:228
Valid RMSE: 4.28678035736084
EarlyStopping counter: 8 out of 20
====================================================================================================
Epoch:229
Valid RMSE: 4.323704719543457
EarlyStopping counter: 9 out of 20
====================================================================================================
Epoch:230
Valid RMSE: 4.271285057067871
EarlyStopping counter: 10 out of 20
====================================================================================================
Epoch:231
Valid RMSE: 4.260437488555908
EarlyStopping counter: 11 out of 20
====================================================================================================
Epoch:232
Valid RMSE: 4.2604498863220215
EarlyStopping counter: 12 out of 20
====================================================================================================
Epoch:233
Valid RMSE: 4.274611473083496
EarlyStopping counter: 13 out of 20
====================================================================================================
Epoch:234
Valid RMSE: 4.279780387878418
EarlyStopping counter: 14 out of 20
====================================================================================================
Epoch:235
Valid RMSE: 4.250481128692627
====================================================================================================
Epoch:236
Valid RMSE: 4.244438171386719
====================================================================================================
Epoch:237
Valid RMSE: 4.258883953094482
EarlyStopping counter: 1 out of 20
====================================================================================================
Epoch:238
Valid RMSE: 4.261269569396973
EarlyStopping counter: 2 out of 20
====================================================================================================
Epoch:239
Valid RMSE: 4.315433025360107
EarlyStopping counter: 3 out of 20
====================================================================================================
Epoch:240
Valid RMSE: 4.251483917236328
EarlyStopping counter: 4 out of 20
====================================================================================================
Epoch:241
Valid RMSE: 4.290664196014404
EarlyStopping counter: 5 out of 20
====================================================================================================
Epoch:242
Valid RMSE: 4.238199710845947
====================================================================================================
Epoch:243
Valid RMSE: 4.2766852378845215
EarlyStopping counter: 1 out of 20
====================================================================================================
Epoch:244
Valid RMSE: 4.249245643615723
EarlyStopping counter: 2 out of 20
====================================================================================================
Epoch:245
Valid RMSE: 4.233795166015625
====================================================================================================
Epoch:246
Valid RMSE: 4.241322040557861
EarlyStopping counter: 1 out of 20
====================================================================================================
Epoch:247
Valid RMSE: 4.232138156890869
====================================================================================================
Epoch:248
Valid RMSE: 4.21452522277832
====================================================================================================
Epoch:249
Valid RMSE: 4.2413811683654785
EarlyStopping counter: 1 out of 20
====================================================================================================
Epoch:250
Valid RMSE: 4.222073078155518
EarlyStopping counter: 2 out of 20
====================================================================================================
Epoch:251
Valid RMSE: 4.229169845581055
EarlyStopping counter: 3 out of 20
====================================================================================================
Epoch:252
Valid RMSE: 4.216919898986816
EarlyStopping counter: 4 out of 20
====================================================================================================
Epoch:253
Valid RMSE: 4.296873092651367
EarlyStopping counter: 5 out of 20
====================================================================================================
Epoch:254
Valid RMSE: 4.229928970336914
EarlyStopping counter: 6 out of 20
====================================================================================================
Epoch:255
Valid RMSE: 4.275303363800049
EarlyStopping counter: 7 out of 20
====================================================================================================
Epoch:256
Valid RMSE: 4.248018264770508
EarlyStopping counter: 8 out of 20
====================================================================================================
Epoch:257
Valid RMSE: 4.2677741050720215
EarlyStopping counter: 9 out of 20
====================================================================================================
Epoch:258
Valid RMSE: 4.287934303283691
EarlyStopping counter: 10 out of 20
====================================================================================================
Epoch:259
Valid RMSE: 4.2522478103637695
EarlyStopping counter: 11 out of 20
====================================================================================================
Epoch:260
Valid RMSE: 4.256824970245361
EarlyStopping counter: 12 out of 20
====================================================================================================
Epoch:261
Valid RMSE: 4.280650615692139
EarlyStopping counter: 13 out of 20
====================================================================================================
Epoch:262
Valid RMSE: 4.218052387237549
EarlyStopping counter: 14 out of 20
====================================================================================================
Epoch:263
Valid RMSE: 4.227992534637451
EarlyStopping counter: 15 out of 20
====================================================================================================
Epoch:264
Valid RMSE: 4.220149040222168
EarlyStopping counter: 16 out of 20
====================================================================================================
Epoch:265
Valid RMSE: 4.238524436950684
EarlyStopping counter: 17 out of 20
====================================================================================================
Epoch:266
Valid RMSE: 4.201943397521973
====================================================================================================
Epoch:267
Valid RMSE: 4.223905086517334
EarlyStopping counter: 1 out of 20
====================================================================================================
Epoch:268
Valid RMSE: 4.23183012008667
EarlyStopping counter: 2 out of 20
====================================================================================================
Epoch:269
Valid RMSE: 4.216863632202148
EarlyStopping counter: 3 out of 20
====================================================================================================
Epoch:270
Valid RMSE: 4.228884696960449
EarlyStopping counter: 4 out of 20
====================================================================================================
Epoch:271
Valid RMSE: 4.20392370223999
EarlyStopping counter: 5 out of 20
====================================================================================================
Epoch:272
Valid RMSE: 4.21522331237793
EarlyStopping counter: 6 out of 20
====================================================================================================
Epoch:273
Valid RMSE: 4.2812581062316895
EarlyStopping counter: 7 out of 20
====================================================================================================
Epoch:274
Valid RMSE: 4.22003173828125
EarlyStopping counter: 8 out of 20
====================================================================================================
Epoch:275
Valid RMSE: 4.226305961608887
EarlyStopping counter: 9 out of 20
====================================================================================================
Epoch:276
Valid RMSE: 4.207085132598877
EarlyStopping counter: 10 out of 20
====================================================================================================
Epoch:277
Valid RMSE: 4.215554714202881
EarlyStopping counter: 11 out of 20
====================================================================================================
Epoch:278
Valid RMSE: 4.2473626136779785
EarlyStopping counter: 12 out of 20
====================================================================================================
Epoch:279
Valid RMSE: 4.234421730041504
EarlyStopping counter: 13 out of 20
====================================================================================================
Epoch:280
Valid RMSE: 4.224122047424316
EarlyStopping counter: 14 out of 20
====================================================================================================
Epoch:281
Valid RMSE: 4.201493263244629
====================================================================================================
Epoch:282
Valid RMSE: 4.245572566986084
EarlyStopping counter: 1 out of 20
====================================================================================================
Epoch:283
Valid RMSE: 4.25508975982666
EarlyStopping counter: 2 out of 20
====================================================================================================
Epoch:284
Valid RMSE: 4.222671031951904
EarlyStopping counter: 3 out of 20
====================================================================================================
Epoch:285
Valid RMSE: 4.194339275360107
====================================================================================================
Epoch:286
Valid RMSE: 4.255640029907227
EarlyStopping counter: 1 out of 20
====================================================================================================
Epoch:287
Valid RMSE: 4.201313018798828
EarlyStopping counter: 2 out of 20
====================================================================================================
Epoch:288
Valid RMSE: 4.235146999359131
EarlyStopping counter: 3 out of 20
====================================================================================================
Epoch:289
Valid RMSE: 4.207150936126709
EarlyStopping counter: 4 out of 20
====================================================================================================
Epoch:290
Valid RMSE: 4.245576858520508
EarlyStopping counter: 5 out of 20
====================================================================================================
Epoch:291
Valid RMSE: 4.2070698738098145
EarlyStopping counter: 6 out of 20
====================================================================================================
Epoch:292
Valid RMSE: 4.241940975189209
EarlyStopping counter: 7 out of 20
====================================================================================================
Epoch:293
Valid RMSE: 4.181971549987793
====================================================================================================
Epoch:294
Valid RMSE: 4.19227933883667
EarlyStopping counter: 1 out of 20
====================================================================================================
Epoch:295
Valid RMSE: 4.182452201843262
EarlyStopping counter: 2 out of 20
====================================================================================================
Epoch:296
Valid RMSE: 4.219411849975586
EarlyStopping counter: 3 out of 20
====================================================================================================
Epoch:297
Valid RMSE: 4.222688674926758
EarlyStopping counter: 4 out of 20
====================================================================================================
Epoch:298
Valid RMSE: 4.184963703155518
EarlyStopping counter: 5 out of 20
====================================================================================================
Epoch:299
Valid RMSE: 4.201394557952881
EarlyStopping counter: 6 out of 20
====================================================================================================
Epoch:300
Valid RMSE: 4.1987762451171875
EarlyStopping counter: 7 out of 20
====================================================================================================
Epoch:301
Valid RMSE: 4.199724197387695
EarlyStopping counter: 8 out of 20
====================================================================================================
Epoch:302
Valid RMSE: 4.215367794036865
EarlyStopping counter: 9 out of 20
====================================================================================================
Epoch:303
Valid RMSE: 4.186079978942871
EarlyStopping counter: 10 out of 20
====================================================================================================
Epoch:304
Valid RMSE: 4.1838059425354
EarlyStopping counter: 11 out of 20
====================================================================================================
Epoch:305
Valid RMSE: 4.217168807983398
EarlyStopping counter: 12 out of 20
====================================================================================================
Epoch:306
Valid RMSE: 4.195013523101807
EarlyStopping counter: 13 out of 20
====================================================================================================
Epoch:307
Valid RMSE: 4.181929111480713
====================================================================================================
Epoch:308
Valid RMSE: 4.198035717010498
EarlyStopping counter: 1 out of 20
====================================================================================================
Epoch:309
Valid RMSE: 4.223419666290283
EarlyStopping counter: 2 out of 20
====================================================================================================
Epoch:310
Valid RMSE: 4.248898506164551
EarlyStopping counter: 3 out of 20
====================================================================================================
Epoch:311
Valid RMSE: 4.230746269226074
EarlyStopping counter: 4 out of 20
====================================================================================================
Epoch:312
Valid RMSE: 4.2200164794921875
EarlyStopping counter: 5 out of 20
====================================================================================================
Epoch:313
Valid RMSE: 4.1916608810424805
EarlyStopping counter: 6 out of 20
====================================================================================================
Epoch:314
Valid RMSE: 4.204369068145752
EarlyStopping counter: 7 out of 20
====================================================================================================
Epoch:315
Valid RMSE: 4.23635196685791
EarlyStopping counter: 8 out of 20
====================================================================================================
Epoch:316
Valid RMSE: 4.232264518737793
EarlyStopping counter: 9 out of 20
====================================================================================================
Epoch:317
Valid RMSE: 4.204265117645264
EarlyStopping counter: 10 out of 20
====================================================================================================
Epoch:318
Valid RMSE: 4.204068183898926
EarlyStopping counter: 11 out of 20
====================================================================================================
Epoch:319
Valid RMSE: 4.184048175811768
EarlyStopping counter: 12 out of 20
====================================================================================================
Epoch:320
Valid RMSE: 4.168405532836914
====================================================================================================
Epoch:321
Valid RMSE: 4.199041366577148
EarlyStopping counter: 1 out of 20
====================================================================================================
Epoch:322
Valid RMSE: 4.211931228637695
EarlyStopping counter: 2 out of 20
====================================================================================================
Epoch:323
Valid RMSE: 4.206527233123779
EarlyStopping counter: 3 out of 20
====================================================================================================
Epoch:324
Valid RMSE: 4.168945789337158
EarlyStopping counter: 4 out of 20
====================================================================================================
Epoch:325
Valid RMSE: 4.199873924255371
EarlyStopping counter: 5 out of 20
====================================================================================================
Epoch:326
Valid RMSE: 4.199842929840088
EarlyStopping counter: 6 out of 20
====================================================================================================
Epoch:327
Valid RMSE: 4.171317100524902
EarlyStopping counter: 7 out of 20
====================================================================================================
Epoch:328
Valid RMSE: 4.219339370727539
EarlyStopping counter: 8 out of 20
====================================================================================================
Epoch:329
Valid RMSE: 4.16856575012207
EarlyStopping counter: 9 out of 20
====================================================================================================
Epoch:330
Valid RMSE: 4.154862880706787
====================================================================================================
Epoch:331
Valid RMSE: 4.160414218902588
EarlyStopping counter: 1 out of 20
====================================================================================================
Epoch:332
Valid RMSE: 4.16562032699585
EarlyStopping counter: 2 out of 20
====================================================================================================
Epoch:333
Valid RMSE: 4.210815906524658
EarlyStopping counter: 3 out of 20
====================================================================================================
Epoch:334
Valid RMSE: 4.169313907623291
EarlyStopping counter: 4 out of 20
====================================================================================================
Epoch:335
Valid RMSE: 4.193261623382568
EarlyStopping counter: 5 out of 20
====================================================================================================
Epoch:336
Valid RMSE: 4.176844596862793
EarlyStopping counter: 6 out of 20
====================================================================================================
Epoch:337
Valid RMSE: 4.199531555175781
EarlyStopping counter: 7 out of 20
====================================================================================================
Epoch:338
Valid RMSE: 4.180355548858643
EarlyStopping counter: 8 out of 20
====================================================================================================
Epoch:339
Valid RMSE: 4.168933868408203
EarlyStopping counter: 9 out of 20
====================================================================================================
Epoch:340
Valid RMSE: 4.195707321166992
EarlyStopping counter: 10 out of 20
====================================================================================================
Epoch:341
Valid RMSE: 4.189342975616455
EarlyStopping counter: 11 out of 20
====================================================================================================
Epoch:342
Valid RMSE: 4.19722318649292
EarlyStopping counter: 12 out of 20
====================================================================================================
Epoch:343
Valid RMSE: 4.150080680847168
====================================================================================================
Epoch:344
Valid RMSE: 4.199150085449219
EarlyStopping counter: 1 out of 20
====================================================================================================
Epoch:345
Valid RMSE: 4.19957160949707
EarlyStopping counter: 2 out of 20
====================================================================================================
Epoch:346
Valid RMSE: 4.191463947296143
EarlyStopping counter: 3 out of 20
====================================================================================================
Epoch:347
Valid RMSE: 4.2067790031433105
EarlyStopping counter: 4 out of 20
====================================================================================================
Epoch:348
Valid RMSE: 4.195700645446777
EarlyStopping counter: 5 out of 20
====================================================================================================
Epoch:349
Valid RMSE: 4.150843143463135
EarlyStopping counter: 6 out of 20
====================================================================================================
Epoch:350
Valid RMSE: 4.220162868499756
EarlyStopping counter: 7 out of 20
====================================================================================================
Epoch:351
Valid RMSE: 4.200412273406982
EarlyStopping counter: 8 out of 20
====================================================================================================
Epoch:352
Valid RMSE: 4.154201984405518
EarlyStopping counter: 9 out of 20
====================================================================================================
Epoch:353
Valid RMSE: 4.185335159301758
EarlyStopping counter: 10 out of 20
====================================================================================================
Epoch:354
Valid RMSE: 4.173977375030518
EarlyStopping counter: 11 out of 20
====================================================================================================
Epoch:355
Valid RMSE: 4.18660306930542
EarlyStopping counter: 12 out of 20
====================================================================================================
Epoch:356
Valid RMSE: 4.204461097717285
EarlyStopping counter: 13 out of 20
====================================================================================================
Epoch:357
Valid RMSE: 4.21411657333374
EarlyStopping counter: 14 out of 20
====================================================================================================
Epoch:358
Valid RMSE: 4.196713924407959
EarlyStopping counter: 15 out of 20
====================================================================================================
Epoch:359
Valid RMSE: 4.148810863494873
====================================================================================================
Epoch:360
Valid RMSE: 4.160173416137695
EarlyStopping counter: 1 out of 20
====================================================================================================
Epoch:361
Valid RMSE: 4.144506454467773
====================================================================================================
Epoch:362
Valid RMSE: 4.174126148223877
EarlyStopping counter: 1 out of 20
====================================================================================================
Epoch:363
Valid RMSE: 4.17270040512085
EarlyStopping counter: 2 out of 20
====================================================================================================
Epoch:364
Valid RMSE: 4.143573760986328
====================================================================================================
Epoch:365
Valid RMSE: 4.155707836151123
EarlyStopping counter: 1 out of 20
====================================================================================================
Epoch:366
Valid RMSE: 4.175400733947754
EarlyStopping counter: 2 out of 20
====================================================================================================
Epoch:367
Valid RMSE: 4.172577381134033
EarlyStopping counter: 3 out of 20
====================================================================================================
Epoch:368
Valid RMSE: 4.1936445236206055
EarlyStopping counter: 4 out of 20
====================================================================================================
Epoch:369
Valid RMSE: 4.143891334533691
EarlyStopping counter: 5 out of 20
====================================================================================================
Epoch:370
Valid RMSE: 4.250741958618164
EarlyStopping counter: 6 out of 20
====================================================================================================
Epoch:371
Valid RMSE: 4.127452850341797
====================================================================================================
Epoch:372
Valid RMSE: 4.249585151672363
EarlyStopping counter: 1 out of 20
====================================================================================================
Epoch:373
Valid RMSE: 4.183692455291748
EarlyStopping counter: 2 out of 20
====================================================================================================
Epoch:374
Valid RMSE: 4.181642532348633
EarlyStopping counter: 3 out of 20
====================================================================================================
Epoch:375
Valid RMSE: 4.158411026000977
EarlyStopping counter: 4 out of 20
====================================================================================================
Epoch:376
Valid RMSE: 4.243295669555664
EarlyStopping counter: 5 out of 20
====================================================================================================
Epoch:377
Valid RMSE: 4.155243396759033
EarlyStopping counter: 6 out of 20
====================================================================================================
Epoch:378
Valid RMSE: 4.13218355178833
EarlyStopping counter: 7 out of 20
====================================================================================================
Epoch:379
Valid RMSE: 4.123081684112549
====================================================================================================
Epoch:380
Valid RMSE: 4.231711387634277
EarlyStopping counter: 1 out of 20
====================================================================================================
Epoch:381
Valid RMSE: 4.193798542022705
EarlyStopping counter: 2 out of 20
====================================================================================================
Epoch:382
Valid RMSE: 4.208171367645264
EarlyStopping counter: 3 out of 20
====================================================================================================
Epoch:383
Valid RMSE: 4.1603569984436035
EarlyStopping counter: 4 out of 20
====================================================================================================
Epoch:384
Valid RMSE: 4.1434855461120605
EarlyStopping counter: 5 out of 20
====================================================================================================
Epoch:385
Valid RMSE: 4.138716697692871
EarlyStopping counter: 6 out of 20
====================================================================================================
Epoch:386
Valid RMSE: 4.142524242401123
EarlyStopping counter: 7 out of 20
====================================================================================================
Epoch:387
Valid RMSE: 4.198390483856201
EarlyStopping counter: 8 out of 20
====================================================================================================
Epoch:388
Valid RMSE: 4.186266899108887
EarlyStopping counter: 9 out of 20
====================================================================================================
Epoch:389
Valid RMSE: 4.178493976593018
EarlyStopping counter: 10 out of 20
====================================================================================================
Epoch:390
Valid RMSE: 4.142322063446045
EarlyStopping counter: 11 out of 20
====================================================================================================
Epoch:391
Valid RMSE: 4.134527206420898
EarlyStopping counter: 12 out of 20
====================================================================================================
Epoch:392
Valid RMSE: 4.1626667976379395
EarlyStopping counter: 13 out of 20
====================================================================================================
Epoch:393
Valid RMSE: 4.2003045082092285
EarlyStopping counter: 14 out of 20
====================================================================================================
Epoch:394
Valid RMSE: 4.169670581817627
EarlyStopping counter: 15 out of 20
====================================================================================================
Epoch:395
Valid RMSE: 4.1722612380981445
EarlyStopping counter: 16 out of 20
====================================================================================================
Epoch:396
Valid RMSE: 4.151229381561279
EarlyStopping counter: 17 out of 20
====================================================================================================
Epoch:397
Valid RMSE: 4.178040027618408
EarlyStopping counter: 18 out of 20
====================================================================================================
Epoch:398
Valid RMSE: 4.1652512550354
EarlyStopping counter: 19 out of 20
====================================================================================================
Epoch:399
Valid RMSE: 4.155324935913086
EarlyStopping counter: 20 out of 20
Early stopping
torch.Size([3024, 1, 325, 12])
torch.Size([3024, 1, 325, 12])
torch.Size([3024, 1, 325, 12])
Traceback (most recent call last):
  File "misgan.py", line 665, in <module>
    main()
  File "misgan.py", line 660, in main
    test()
  File "misgan.py", line 598, in test
    torch.load(
  File "/home/zhoujianping/miniconda3/envs/torch3090/lib/python3.8/site-packages/torch/serialization.py", line 592, in load
    return _load(opened_zipfile, map_location, pickle_module, **pickle_load_args)
  File "/home/zhoujianping/miniconda3/envs/torch3090/lib/python3.8/site-packages/torch/serialization.py", line 851, in _load
    result = unpickler.load()
  File "/home/zhoujianping/miniconda3/envs/torch3090/lib/python3.8/site-packages/torch/serialization.py", line 843, in persistent_load
    load_tensor(data_type, size, key, _maybe_decode_ascii(location))
  File "/home/zhoujianping/miniconda3/envs/torch3090/lib/python3.8/site-packages/torch/serialization.py", line 831, in load_tensor
    storage = zip_file.get_storage_from_record(name, size, dtype).storage()
RuntimeError: [enforce fail at inline_container.cc:222] . file not found: archive/data/94043017262784
 in default_restore_location
    result = fn(storage, location)
  File "/home/zhoujianping/miniconda3/envs/torch3090/lib/python3.8/site-packages/torch/serialization.py", line 157, in _cuda_deserialize
    return obj.cuda(device)
  File "/home/zhoujianping/miniconda3/envs/torch3090/lib/python3.8/site-packages/torch/_utils.py", line 80, in _cuda
    return new_type(self.size()).copy_(self, non_blocking)
RuntimeError: CUDA error: unspecified launch failure
