torch.Size([3024, 1, 325, 12])
torch.Size([3024, 1, 325, 12])
torch.Size([3024, 1, 325, 12])
==================================================  Training  ==================================================
Epoch:0
Valid RMSE: 8.864371299743652
====================================================================================================
Epoch:1
Valid RMSE: 6.964093208312988
====================================================================================================
Epoch:2
Valid RMSE: 6.034510612487793
====================================================================================================
Epoch:3
Valid RMSE: 5.837639808654785
====================================================================================================
Epoch:4
Valid RMSE: 5.757378578186035
====================================================================================================
Epoch:5
Valid RMSE: 5.6610941886901855
====================================================================================================
Epoch:6
Valid RMSE: 5.637257099151611
====================================================================================================
Epoch:7
Valid RMSE: 5.615019798278809
====================================================================================================
Epoch:8
Valid RMSE: 5.558769226074219
====================================================================================================
Epoch:9
Valid RMSE: 5.50144624710083
====================================================================================================
Epoch:10
Valid RMSE: 5.473911762237549
====================================================================================================
Epoch:11
Valid RMSE: 5.410565376281738
====================================================================================================
Epoch:12
Valid RMSE: 5.391511917114258
====================================================================================================
Epoch:13
Valid RMSE: 5.3515143394470215
====================================================================================================
Epoch:14
Valid RMSE: 5.310436725616455
====================================================================================================
Epoch:15
Valid RMSE: 5.266387939453125
====================================================================================================
Epoch:16
Valid RMSE: 5.2320756912231445
====================================================================================================
Epoch:17
Valid RMSE: 5.2225871086120605
====================================================================================================
Epoch:18
Valid RMSE: 5.126060962677002
====================================================================================================
Epoch:19
Valid RMSE: 5.1238579750061035
====================================================================================================
Epoch:20
Valid RMSE: 5.123136520385742
====================================================================================================
Epoch:21
Valid RMSE: 5.081250190734863
====================================================================================================
Epoch:22
Valid RMSE: 5.076266288757324
====================================================================================================
Epoch:23
Valid RMSE: 5.051819801330566
====================================================================================================
Epoch:24
Valid RMSE: 5.013330936431885
====================================================================================================
Epoch:25
Valid RMSE: 5.013335227966309
EarlyStopping counter: 1 out of 20
====================================================================================================
Epoch:26
Valid RMSE: 5.010650634765625
====================================================================================================
Epoch:27
Valid RMSE: 5.025870323181152
EarlyStopping counter: 1 out of 20
====================================================================================================
Epoch:28
Valid RMSE: 4.99038028717041
====================================================================================================
Epoch:29
Valid RMSE: 4.952022075653076
====================================================================================================
Epoch:30
Valid RMSE: 4.945366859436035
====================================================================================================
Epoch:31
Valid RMSE: 4.92503023147583
====================================================================================================
Epoch:32
Valid RMSE: 4.927106857299805
EarlyStopping counter: 1 out of 20
====================================================================================================
Epoch:33
Valid RMSE: 4.913396835327148
====================================================================================================
Epoch:34
Valid RMSE: 4.854116439819336
====================================================================================================
Epoch:35
Valid RMSE: 4.86859130859375
EarlyStopping counter: 1 out of 20
====================================================================================================
Epoch:36
Valid RMSE: 4.907480239868164
EarlyStopping counter: 2 out of 20
====================================================================================================
Epoch:37
Valid RMSE: 4.86616325378418
EarlyStopping counter: 3 out of 20
====================================================================================================
Epoch:38
Valid RMSE: 4.828500747680664
====================================================================================================
Epoch:39
Valid RMSE: 4.830947399139404
EarlyStopping counter: 1 out of 20
====================================================================================================
Epoch:40
Valid RMSE: 4.859964370727539
EarlyStopping counter: 2 out of 20
====================================================================================================
Epoch:41
Valid RMSE: 4.806004047393799
====================================================================================================
Epoch:42
Valid RMSE: 4.793201923370361
====================================================================================================
Epoch:43
Valid RMSE: 4.81440544128418
EarlyStopping counter: 1 out of 20
====================================================================================================
Epoch:44
Valid RMSE: 4.778687953948975
====================================================================================================
Epoch:45
Valid RMSE: 4.783315658569336
EarlyStopping counter: 1 out of 20
====================================================================================================
Epoch:46
Valid RMSE: 4.771843910217285
====================================================================================================
Epoch:47
Valid RMSE: 4.807711124420166
EarlyStopping counter: 1 out of 20
====================================================================================================
Epoch:48
Valid RMSE: 4.772871494293213
EarlyStopping counter: 2 out of 20
====================================================================================================
Epoch:49
Valid RMSE: 4.735820293426514
====================================================================================================
Epoch:50
Valid RMSE: 4.720757961273193
====================================================================================================
Epoch:51
Valid RMSE: 4.755243301391602
EarlyStopping counter: 1 out of 20
====================================================================================================
Epoch:52
Valid RMSE: 4.7324395179748535
EarlyStopping counter: 2 out of 20
====================================================================================================
Epoch:53
Valid RMSE: 4.715665340423584
====================================================================================================
Epoch:54
Valid RMSE: 4.734261512756348
EarlyStopping counter: 1 out of 20
====================================================================================================
Epoch:55
Valid RMSE: 4.717004299163818
EarlyStopping counter: 2 out of 20
====================================================================================================
Epoch:56
Valid RMSE: 4.688981056213379
====================================================================================================
Epoch:57
Valid RMSE: 4.681959629058838
====================================================================================================
Epoch:58
Valid RMSE: 4.661930561065674
====================================================================================================
Epoch:59
Valid RMSE: 4.686734199523926
EarlyStopping counter: 1 out of 20
====================================================================================================
Epoch:60
Valid RMSE: 4.6825361251831055
EarlyStopping counter: 2 out of 20
====================================================================================================
Epoch:61
Valid RMSE: 4.690014839172363
EarlyStopping counter: 3 out of 20
====================================================================================================
Epoch:62
Valid RMSE: 4.6236467361450195
====================================================================================================
Epoch:63
Valid RMSE: 4.656129837036133
EarlyStopping counter: 1 out of 20
====================================================================================================
Epoch:64
Valid RMSE: 4.626175880432129
EarlyStopping counter: 2 out of 20
====================================================================================================
Epoch:65
Valid RMSE: 4.618191719055176
====================================================================================================
Epoch:66
Valid RMSE: 4.607605934143066
====================================================================================================
Epoch:67
Valid RMSE: 4.611169815063477
EarlyStopping counter: 1 out of 20
====================================================================================================
Epoch:68
Valid RMSE: 4.64250373840332
EarlyStopping counter: 2 out of 20
====================================================================================================
Epoch:69
Valid RMSE: 4.627462387084961
EarlyStopping counter: 3 out of 20
====================================================================================================
Epoch:70
Valid RMSE: 4.627204895019531
EarlyStopping counter: 4 out of 20
====================================================================================================
Epoch:71
Valid RMSE: 4.571264743804932
====================================================================================================
Epoch:72
Valid RMSE: 4.605172157287598
EarlyStopping counter: 1 out of 20
====================================================================================================
Epoch:73
Valid RMSE: 4.5914106369018555
EarlyStopping counter: 2 out of 20
====================================================================================================
Epoch:74
Valid RMSE: 4.565183162689209
====================================================================================================
Epoch:75
Valid RMSE: 4.562999248504639
====================================================================================================
Epoch:76
Valid RMSE: 4.587080955505371
EarlyStopping counter: 1 out of 20
====================================================================================================
Epoch:77
Valid RMSE: 4.530319690704346
====================================================================================================
Epoch:78
Valid RMSE: 4.5369768142700195
EarlyStopping counter: 1 out of 20
====================================================================================================
Epoch:79
Valid RMSE: 4.5440354347229
EarlyStopping counter: 2 out of 20
====================================================================================================
Epoch:80
Valid RMSE: 4.521658420562744
====================================================================================================
Epoch:81
Valid RMSE: 4.542846202850342
EarlyStopping counter: 1 out of 20
====================================================================================================
Epoch:82
Valid RMSE: 4.561607837677002
EarlyStopping counter: 2 out of 20
====================================================================================================
Epoch:83
Valid RMSE: 4.514143943786621
====================================================================================================
Epoch:84
Valid RMSE: 4.525733470916748
EarlyStopping counter: 1 out of 20
====================================================================================================
Epoch:85
Valid RMSE: 4.507551670074463
====================================================================================================
Epoch:86
Valid RMSE: 4.487157344818115
====================================================================================================
Epoch:87
Valid RMSE: 4.53843355178833
EarlyStopping counter: 1 out of 20
====================================================================================================
Epoch:88
Valid RMSE: 4.5134172439575195
EarlyStopping counter: 2 out of 20
====================================================================================================
Epoch:89
Valid RMSE: 4.513977527618408
EarlyStopping counter: 3 out of 20
====================================================================================================
Epoch:90
Valid RMSE: 4.507809638977051
EarlyStopping counter: 4 out of 20
====================================================================================================
Epoch:91
Valid RMSE: 4.456721782684326
====================================================================================================
Epoch:92
Valid RMSE: 4.484535217285156
EarlyStopping counter: 1 out of 20
====================================================================================================
Epoch:93
Valid RMSE: 4.464393615722656
EarlyStopping counter: 2 out of 20
====================================================================================================
Epoch:94
Valid RMSE: 4.4936041831970215
EarlyStopping counter: 3 out of 20
====================================================================================================
Epoch:95
Valid RMSE: 4.445454120635986
====================================================================================================
Epoch:96
Valid RMSE: 4.460744857788086
EarlyStopping counter: 1 out of 20
====================================================================================================
Epoch:97
Valid RMSE: 4.443209171295166
====================================================================================================
Epoch:98
Valid RMSE: 4.454026699066162
EarlyStopping counter: 1 out of 20
====================================================================================================
Epoch:99
Valid RMSE: 4.4912190437316895
EarlyStopping counter: 2 out of 20
====================================================================================================
Epoch:100
Valid RMSE: 4.42983865737915
====================================================================================================
Epoch:101
Valid RMSE: 4.438839435577393
EarlyStopping counter: 1 out of 20
====================================================================================================
Epoch:102
Valid RMSE: 4.445756435394287
EarlyStopping counter: 2 out of 20
====================================================================================================
Epoch:103
Valid RMSE: 4.437696933746338
EarlyStopping counter: 3 out of 20
====================================================================================================
Epoch:104
Valid RMSE: 4.417867660522461
====================================================================================================
Epoch:105
Valid RMSE: 4.45784330368042
EarlyStopping counter: 1 out of 20
====================================================================================================
Epoch:106
Valid RMSE: 4.4192070960998535
EarlyStopping counter: 2 out of 20
====================================================================================================
Epoch:107
Valid RMSE: 4.383395195007324
====================================================================================================
Epoch:108
Valid RMSE: 4.403347492218018
EarlyStopping counter: 1 out of 20
====================================================================================================
Epoch:109
Valid RMSE: 4.39349889755249
EarlyStopping counter: 2 out of 20
====================================================================================================
Epoch:110
Valid RMSE: 4.372162342071533
====================================================================================================
Epoch:111
Valid RMSE: 4.4110188484191895
EarlyStopping counter: 1 out of 20
====================================================================================================
Epoch:112
Valid RMSE: 4.442776203155518
EarlyStopping counter: 2 out of 20
====================================================================================================
Epoch:113
Valid RMSE: 4.388119220733643
EarlyStopping counter: 3 out of 20
====================================================================================================
Epoch:114
Valid RMSE: 4.395806312561035
EarlyStopping counter: 4 out of 20
====================================================================================================
Epoch:115
Valid RMSE: 4.390247344970703
EarlyStopping counter: 5 out of 20
====================================================================================================
Epoch:116
Valid RMSE: 4.416909217834473
EarlyStopping counter: 6 out of 20
====================================================================================================
Epoch:117
Valid RMSE: 4.371426105499268
====================================================================================================
Epoch:118
Valid RMSE: 4.401318073272705
EarlyStopping counter: 1 out of 20
====================================================================================================
Epoch:119
Valid RMSE: 4.458169937133789
EarlyStopping counter: 2 out of 20
====================================================================================================
Epoch:120
Valid RMSE: 4.367682456970215
====================================================================================================
Epoch:121
Valid RMSE: 4.406234264373779
EarlyStopping counter: 1 out of 20
====================================================================================================
Epoch:122
Valid RMSE: 4.365866661071777
====================================================================================================
Epoch:123
Valid RMSE: 4.33607816696167
====================================================================================================
Epoch:124
Valid RMSE: 4.347073078155518
EarlyStopping counter: 1 out of 20
====================================================================================================
Epoch:125
Valid RMSE: 4.331475257873535
====================================================================================================
Epoch:126
Valid RMSE: 4.352874279022217
EarlyStopping counter: 1 out of 20
====================================================================================================
Epoch:127
Valid RMSE: 4.3244309425354
====================================================================================================
Epoch:128
Valid RMSE: 4.3597517013549805
EarlyStopping counter: 1 out of 20
====================================================================================================
Epoch:129
Valid RMSE: 4.314733982086182
====================================================================================================
Epoch:130
Valid RMSE: 4.316575527191162
EarlyStopping counter: 1 out of 20
====================================================================================================
Epoch:131
Valid RMSE: 4.309633731842041
====================================================================================================
Epoch:132
Valid RMSE: 4.314887046813965
EarlyStopping counter: 1 out of 20
====================================================================================================
Epoch:133
Valid RMSE: 4.3108811378479
EarlyStopping counter: 2 out of 20
====================================================================================================
Epoch:134
Valid RMSE: 4.354866027832031
EarlyStopping counter: 3 out of 20
====================================================================================================
Epoch:135
Valid RMSE: 4.275347709655762
====================================================================================================
Epoch:136
Valid RMSE: 4.295922756195068
EarlyStopping counter: 1 out of 20
====================================================================================================
Epoch:137
Valid RMSE: 4.305740833282471
EarlyStopping counter: 2 out of 20
====================================================================================================
Epoch:138
Valid RMSE: 4.325399398803711
EarlyStopping counter: 3 out of 20
====================================================================================================
Epoch:139
Valid RMSE: 4.2812018394470215
EarlyStopping counter: 4 out of 20
====================================================================================================
Epoch:140
Valid RMSE: 4.289824485778809
EarlyStopping counter: 5 out of 20
====================================================================================================
Epoch:141
Valid RMSE: 4.291889667510986
EarlyStopping counter: 6 out of 20
====================================================================================================
Epoch:142
Valid RMSE: 4.287086009979248
EarlyStopping counter: 7 out of 20
====================================================================================================
Epoch:143
Valid RMSE: 4.296838760375977
EarlyStopping counter: 8 out of 20
====================================================================================================
Epoch:144
Valid RMSE: 4.270221710205078
====================================================================================================
Epoch:145
Valid RMSE: 4.28347110748291
EarlyStopping counter: 1 out of 20
====================================================================================================
Epoch:146
Valid RMSE: 4.25066614151001
====================================================================================================
Epoch:147
Valid RMSE: 4.294197082519531
EarlyStopping counter: 1 out of 20
====================================================================================================
Epoch:148
Valid RMSE: 4.281154155731201
EarlyStopping counter: 2 out of 20
====================================================================================================
Epoch:149
Valid RMSE: 4.27174186706543
EarlyStopping counter: 3 out of 20
====================================================================================================
Epoch:150
Valid RMSE: 4.27390193939209
EarlyStopping counter: 4 out of 20
====================================================================================================
Epoch:151
Valid RMSE: 4.284916877746582
EarlyStopping counter: 5 out of 20
====================================================================================================
Epoch:152
Valid RMSE: 4.303441524505615
EarlyStopping counter: 6 out of 20
====================================================================================================
Epoch:153
Valid RMSE: 4.259840965270996
EarlyStopping counter: 7 out of 20
====================================================================================================
Epoch:154
Valid RMSE: 4.25821590423584
EarlyStopping counter: 8 out of 20
====================================================================================================
Epoch:155
Valid RMSE: 4.303708076477051
EarlyStopping counter: 9 out of 20
====================================================================================================
Epoch:156
Valid RMSE: 4.246883869171143
====================================================================================================
Epoch:157
Valid RMSE: 4.2553253173828125
EarlyStopping counter: 1 out of 20
====================================================================================================
Epoch:158
Valid RMSE: 4.235483646392822
====================================================================================================
Epoch:159
Valid RMSE: 4.239144325256348
EarlyStopping counter: 1 out of 20
====================================================================================================
Epoch:160
Valid RMSE: 4.253714561462402
EarlyStopping counter: 2 out of 20
====================================================================================================
Epoch:161
Valid RMSE: 4.229310512542725
====================================================================================================
Epoch:162
Valid RMSE: 4.258570194244385
EarlyStopping counter: 1 out of 20
====================================================================================================
Epoch:163
Valid RMSE: 4.210835933685303
====================================================================================================
Epoch:164
Valid RMSE: 4.26198148727417
EarlyStopping counter: 1 out of 20
====================================================================================================
Epoch:165
Valid RMSE: 4.227758884429932
EarlyStopping counter: 2 out of 20
====================================================================================================
Epoch:166
Valid RMSE: 4.221192836761475
EarlyStopping counter: 3 out of 20
====================================================================================================
Epoch:167
Valid RMSE: 4.23313045501709
EarlyStopping counter: 4 out of 20
====================================================================================================
Epoch:168
Valid RMSE: 4.205226421356201
====================================================================================================
Epoch:169
Valid RMSE: 4.213559150695801
EarlyStopping counter: 1 out of 20
====================================================================================================
Epoch:170
Valid RMSE: 4.276993751525879
EarlyStopping counter: 2 out of 20
====================================================================================================
Epoch:171
Valid RMSE: 4.209497451782227
EarlyStopping counter: 3 out of 20
====================================================================================================
Epoch:172
Valid RMSE: 4.20517110824585
====================================================================================================
Epoch:173
Valid RMSE: 4.193063735961914
====================================================================================================
Epoch:174
Valid RMSE: 4.193216800689697
EarlyStopping counter: 1 out of 20
====================================================================================================
Epoch:175
Valid RMSE: 4.1928019523620605
====================================================================================================
Epoch:176
Valid RMSE: 4.190139293670654
====================================================================================================
Epoch:177
Valid RMSE: 4.235321521759033
EarlyStopping counter: 1 out of 20
====================================================================================================
Epoch:178
Valid RMSE: 4.245909690856934
EarlyStopping counter: 2 out of 20
====================================================================================================
Epoch:179
Valid RMSE: 4.198260307312012
EarlyStopping counter: 3 out of 20
====================================================================================================
Epoch:180
Valid RMSE: 4.181044101715088
====================================================================================================
Epoch:181
Valid RMSE: 4.169877529144287
====================================================================================================
Epoch:182
Valid RMSE: 4.182111740112305
EarlyStopping counter: 1 out of 20
====================================================================================================
Epoch:183
Valid RMSE: 4.191277027130127
EarlyStopping counter: 2 out of 20
====================================================================================================
Epoch:184
Valid RMSE: 4.2069196701049805
EarlyStopping counter: 3 out of 20
====================================================================================================
Epoch:185
Valid RMSE: 4.164344310760498
====================================================================================================
Epoch:186
Valid RMSE: 4.175507068634033
EarlyStopping counter: 1 out of 20
====================================================================================================
Epoch:187
Valid RMSE: 4.185338497161865
EarlyStopping counter: 2 out of 20
====================================================================================================
Epoch:188
Valid RMSE: 4.162484645843506
====================================================================================================
Epoch:189
Valid RMSE: 4.1670637130737305
EarlyStopping counter: 1 out of 20
====================================================================================================
Epoch:190
Valid RMSE: 4.185914039611816
EarlyStopping counter: 2 out of 20
====================================================================================================
Epoch:191
Valid RMSE: 4.157331466674805
====================================================================================================
Epoch:192
Valid RMSE: 4.212493896484375
EarlyStopping counter: 1 out of 20
====================================================================================================
Epoch:193
Valid RMSE: 4.160778045654297
EarlyStopping counter: 2 out of 20
====================================================================================================
Epoch:194
Valid RMSE: 4.145310401916504
====================================================================================================
Epoch:195
Valid RMSE: 4.189645290374756
EarlyStopping counter: 1 out of 20
====================================================================================================
Epoch:196
Valid RMSE: 4.172036647796631
EarlyStopping counter: 2 out of 20
====================================================================================================
Epoch:197
Valid RMSE: 4.1650285720825195
EarlyStopping counter: 3 out of 20
====================================================================================================
Epoch:198
Valid RMSE: 4.203707695007324
EarlyStopping counter: 4 out of 20
====================================================================================================
Epoch:199
Valid RMSE: 4.179535865783691
EarlyStopping counter: 5 out of 20
====================================================================================================
Epoch:200
Valid RMSE: 4.146637439727783
EarlyStopping counter: 6 out of 20
====================================================================================================
Epoch:201
Valid RMSE: 4.1698689460754395
EarlyStopping counter: 7 out of 20
====================================================================================================
Epoch:202
Valid RMSE: 4.127765655517578
====================================================================================================
Epoch:203
Valid RMSE: 4.136806964874268
EarlyStopping counter: 1 out of 20
====================================================================================================
Epoch:204
Valid RMSE: 4.172049522399902
EarlyStopping counter: 2 out of 20
====================================================================================================
Epoch:205
Valid RMSE: 4.205101490020752
EarlyStopping counter: 3 out of 20
====================================================================================================
Epoch:206
Valid RMSE: 4.175401210784912
EarlyStopping counter: 4 out of 20
====================================================================================================
Epoch:207
Valid RMSE: 4.140303611755371
EarlyStopping counter: 5 out of 20
====================================================================================================
Epoch:208
Valid RMSE: 4.127634525299072
====================================================================================================
Epoch:209
Valid RMSE: 4.171173095703125
EarlyStopping counter: 1 out of 20
====================================================================================================
Epoch:210
Valid RMSE: 4.138111591339111
EarlyStopping counter: 2 out of 20
====================================================================================================
Epoch:211
Valid RMSE: 4.134248733520508
EarlyStopping counter: 3 out of 20
====================================================================================================
Epoch:212
Valid RMSE: 4.128211498260498
EarlyStopping counter: 4 out of 20
====================================================================================================
Epoch:213
Valid RMSE: 4.1056718826293945
====================================================================================================
Epoch:214
Valid RMSE: 4.128432273864746
EarlyStopping counter: 1 out of 20
====================================================================================================
Epoch:215
Valid RMSE: 4.131468772888184
EarlyStopping counter: 2 out of 20
====================================================================================================
Epoch:216
Valid RMSE: 4.098251819610596
====================================================================================================
Epoch:217
Valid RMSE: 4.104596138000488
EarlyStopping counter: 1 out of 20
====================================================================================================
Epoch:218
Valid RMSE: 4.108794212341309
EarlyStopping counter: 2 out of 20
====================================================================================================
Epoch:219
Valid RMSE: 4.148571014404297
EarlyStopping counter: 3 out of 20
====================================================================================================
Epoch:220
Valid RMSE: 4.113261699676514
EarlyStopping counter: 4 out of 20
====================================================================================================
Epoch:221
Valid RMSE: 4.123203277587891
EarlyStopping counter: 5 out of 20
====================================================================================================
Epoch:222
Valid RMSE: 4.093079090118408
====================================================================================================
Epoch:223
Valid RMSE: 4.096512317657471
EarlyStopping counter: 1 out of 20
====================================================================================================
Epoch:224
Valid RMSE: 4.106547832489014
EarlyStopping counter: 2 out of 20
====================================================================================================
Epoch:225
Valid RMSE: 4.1020965576171875
EarlyStopping counter: 3 out of 20
====================================================================================================
Epoch:226
Valid RMSE: 4.095662593841553
EarlyStopping counter: 4 out of 20
====================================================================================================
Epoch:227
Valid RMSE: 4.099935054779053
EarlyStopping counter: 5 out of 20
====================================================================================================
Epoch:228
Valid RMSE: 4.0906572341918945
====================================================================================================
Epoch:229
Valid RMSE: 4.123403549194336
EarlyStopping counter: 1 out of 20
====================================================================================================
Epoch:230
Valid RMSE: 4.090085983276367
====================================================================================================
Epoch:231
Valid RMSE: 4.107379913330078
EarlyStopping counter: 1 out of 20
====================================================================================================
Epoch:232
Valid RMSE: 4.10471773147583
EarlyStopping counter: 2 out of 20
====================================================================================================
Epoch:233
Valid RMSE: 4.078639507293701
====================================================================================================
Epoch:234
Valid RMSE: 4.103407382965088
EarlyStopping counter: 1 out of 20
====================================================================================================
Epoch:235
Valid RMSE: 4.083070755004883
EarlyStopping counter: 2 out of 20
====================================================================================================
Epoch:236
Valid RMSE: 4.089971542358398
EarlyStopping counter: 3 out of 20
====================================================================================================
Epoch:237
Valid RMSE: 4.063468933105469
====================================================================================================
Epoch:238
Valid RMSE: 4.064959526062012
EarlyStopping counter: 1 out of 20
====================================================================================================
Epoch:239
Valid RMSE: 4.079558372497559
EarlyStopping counter: 2 out of 20
====================================================================================================
Epoch:240
Valid RMSE: 4.096079349517822
EarlyStopping counter: 3 out of 20
====================================================================================================
Epoch:241
Valid RMSE: 4.064962387084961
EarlyStopping counter: 4 out of 20
====================================================================================================
Epoch:242
Valid RMSE: 4.09592866897583
EarlyStopping counter: 5 out of 20
====================================================================================================
Epoch:243
Valid RMSE: 4.073038101196289
EarlyStopping counter: 6 out of 20
====================================================================================================
Epoch:244
Valid RMSE: 4.075969219207764
EarlyStopping counter: 7 out of 20
====================================================================================================
Epoch:245
Valid RMSE: 4.122075080871582
EarlyStopping counter: 8 out of 20
====================================================================================================
Epoch:246
Valid RMSE: 4.050983428955078
====================================================================================================
Epoch:247
Valid RMSE: 4.081539154052734
EarlyStopping counter: 1 out of 20
====================================================================================================
Epoch:248
Valid RMSE: 4.092057228088379
EarlyStopping counter: 2 out of 20
====================================================================================================
Epoch:249
Valid RMSE: 4.118124008178711
EarlyStopping counter: 3 out of 20
====================================================================================================
Epoch:250
Valid RMSE: 4.164986610412598
EarlyStopping counter: 4 out of 20
====================================================================================================
Epoch:251
Valid RMSE: 4.057033538818359
EarlyStopping counter: 5 out of 20
====================================================================================================
Epoch:252
Valid RMSE: 4.095877647399902
EarlyStopping counter: 6 out of 20
====================================================================================================
Epoch:253
Valid RMSE: 4.148959636688232
EarlyStopping counter: 7 out of 20
====================================================================================================
Epoch:254
Valid RMSE: 4.054632186889648
EarlyStopping counter: 8 out of 20
====================================================================================================
Epoch:255
Valid RMSE: 4.062668323516846
EarlyStopping counter: 9 out of 20
====================================================================================================
Epoch:256
Valid RMSE: 4.057628154754639
EarlyStopping counter: 10 out of 20
====================================================================================================
Epoch:257
Valid RMSE: 4.039644718170166
====================================================================================================
Epoch:258
Valid RMSE: 4.049459457397461
EarlyStopping counter: 1 out of 20
====================================================================================================
Epoch:259
Valid RMSE: 4.066291809082031
EarlyStopping counter: 2 out of 20
====================================================================================================
Epoch:260
Valid RMSE: 4.080546855926514
EarlyStopping counter: 3 out of 20
====================================================================================================
Epoch:261
Valid RMSE: 4.101996898651123
EarlyStopping counter: 4 out of 20
====================================================================================================
Epoch:262
Valid RMSE: 4.0654096603393555
EarlyStopping counter: 5 out of 20
====================================================================================================
Epoch:263
Valid RMSE: 4.046813011169434
EarlyStopping counter: 6 out of 20
====================================================================================================
Epoch:264
Valid RMSE: 4.051721572875977
EarlyStopping counter: 7 out of 20
====================================================================================================
Epoch:265
Valid RMSE: 4.0567827224731445
EarlyStopping counter: 8 out of 20
====================================================================================================
Epoch:266
Valid RMSE: 4.058320999145508
EarlyStopping counter: 9 out of 20
====================================================================================================
Epoch:267
Valid RMSE: 4.071418285369873
EarlyStopping counter: 10 out of 20
====================================================================================================
Epoch:268
Valid RMSE: 4.053077220916748
EarlyStopping counter: 11 out of 20
====================================================================================================
Epoch:269
Valid RMSE: 4.028902053833008
====================================================================================================
Epoch:270
Valid RMSE: 4.057524681091309
EarlyStopping counter: 1 out of 20
====================================================================================================
Epoch:271
Valid RMSE: 4.074188709259033
EarlyStopping counter: 2 out of 20
====================================================================================================
Epoch:272
Valid RMSE: 4.069067478179932
EarlyStopping counter: 3 out of 20
====================================================================================================
Epoch:273
Valid RMSE: 4.041621685028076
EarlyStopping counter: 4 out of 20
====================================================================================================
Epoch:274
Valid RMSE: 4.0262980461120605
====================================================================================================
Epoch:275
Valid RMSE: 4.009628772735596
====================================================================================================
Epoch:276
Valid RMSE: 4.043778419494629
EarlyStopping counter: 1 out of 20
====================================================================================================
Epoch:277
Valid RMSE: 4.009318828582764
====================================================================================================
Epoch:278
Valid RMSE: 4.060626029968262
EarlyStopping counter: 1 out of 20
====================================================================================================
Epoch:279
Valid RMSE: 4.019103527069092
EarlyStopping counter: 2 out of 20
====================================================================================================
Epoch:280
Valid RMSE: 4.028929233551025
EarlyStopping counter: 3 out of 20
====================================================================================================
Epoch:281
Valid RMSE: 4.027161598205566
EarlyStopping counter: 4 out of 20
====================================================================================================
Epoch:282
Valid RMSE: 4.005517959594727
====================================================================================================
Epoch:283
Valid RMSE: 4.081531524658203
EarlyStopping counter: 1 out of 20
====================================================================================================
Epoch:284
Valid RMSE: 4.023258686065674
EarlyStopping counter: 2 out of 20
====================================================================================================
Epoch:285
Valid RMSE: 4.035970211029053
EarlyStopping counter: 3 out of 20
====================================================================================================
Epoch:286
Valid RMSE: 4.016900062561035
EarlyStopping counter: 4 out of 20
====================================================================================================
Epoch:287
Valid RMSE: 4.051244735717773
EarlyStopping counter: 5 out of 20
====================================================================================================
Epoch:288
Valid RMSE: 4.026944160461426
EarlyStopping counter: 6 out of 20
====================================================================================================
Epoch:289
Valid RMSE: 4.038931846618652
EarlyStopping counter: 7 out of 20
====================================================================================================
Epoch:290
Valid RMSE: 4.0361738204956055
EarlyStopping counter: 8 out of 20
====================================================================================================
Epoch:291
Valid RMSE: 4.003322601318359
====================================================================================================
Epoch:292
Valid RMSE: 4.05392599105835
EarlyStopping counter: 1 out of 20
====================================================================================================
Epoch:293
Valid RMSE: 4.047999858856201
EarlyStopping counter: 2 out of 20
====================================================================================================
Epoch:294
Valid RMSE: 4.00823450088501
EarlyStopping counter: 3 out of 20
====================================================================================================
Epoch:295
Valid RMSE: 4.045661449432373
EarlyStopping counter: 4 out of 20
====================================================================================================
Epoch:296
Valid RMSE: 4.0297722816467285
EarlyStopping counter: 5 out of 20
====================================================================================================
Epoch:297
Valid RMSE: 4.043643951416016
EarlyStopping counter: 6 out of 20
====================================================================================================
Epoch:298
Valid RMSE: 4.0067338943481445
EarlyStopping counter: 7 out of 20
====================================================================================================
Epoch:299
Valid RMSE: 4.0171308517456055
EarlyStopping counter: 8 out of 20
====================================================================================================
Epoch:300
Valid RMSE: 4.025737285614014
EarlyStopping counter: 9 out of 20
====================================================================================================
Epoch:301
Valid RMSE: 4.0248637199401855
EarlyStopping counter: 10 out of 20
====================================================================================================
Epoch:302
Valid RMSE: 4.0978569984436035
EarlyStopping counter: 11 out of 20
====================================================================================================
Epoch:303
Valid RMSE: 4.005789279937744
EarlyStopping counter: 12 out of 20
====================================================================================================
Epoch:304
Valid RMSE: 3.995668888092041
====================================================================================================
Epoch:305
Valid RMSE: 3.9948055744171143
====================================================================================================
Epoch:306
Valid RMSE: 4.021495342254639
EarlyStopping counter: 1 out of 20
====================================================================================================
Epoch:307
Valid RMSE: 4.030874252319336
EarlyStopping counter: 2 out of 20
====================================================================================================
Epoch:308
Valid RMSE: 3.9928202629089355
====================================================================================================
Epoch:309
Valid RMSE: 4.02883243560791
EarlyStopping counter: 1 out of 20
====================================================================================================
Epoch:310
Valid RMSE: 4.021666526794434
EarlyStopping counter: 2 out of 20
====================================================================================================
Epoch:311
Valid RMSE: 4.023333549499512
EarlyStopping counter: 3 out of 20
====================================================================================================
Epoch:312
Valid RMSE: 4.0311479568481445
EarlyStopping counter: 4 out of 20
====================================================================================================
Epoch:313
Valid RMSE: 3.9967150688171387
EarlyStopping counter: 5 out of 20
====================================================================================================
Epoch:314
Valid RMSE: 3.99000883102417
====================================================================================================
Epoch:315
Valid RMSE: 3.9766159057617188
====================================================================================================
Epoch:316
Valid RMSE: 3.9751744270324707
====================================================================================================
Epoch:317
Valid RMSE: 3.987349271774292
EarlyStopping counter: 1 out of 20
====================================================================================================
Epoch:318
Valid RMSE: 4.0355424880981445
EarlyStopping counter: 2 out of 20
====================================================================================================
Epoch:319
Valid RMSE: 4.035668849945068
EarlyStopping counter: 3 out of 20
====================================================================================================
Epoch:320
Valid RMSE: 3.989027976989746
EarlyStopping counter: 4 out of 20
====================================================================================================
Epoch:321
Valid RMSE: 3.969190835952759
====================================================================================================
Epoch:322
Valid RMSE: 3.9956724643707275
EarlyStopping counter: 1 out of 20
====================================================================================================
Epoch:323
Valid RMSE: 3.98097562789917
EarlyStopping counter: 2 out of 20
====================================================================================================
Epoch:324
Valid RMSE: 3.992581367492676
EarlyStopping counter: 3 out of 20
====================================================================================================
Epoch:325
Valid RMSE: 3.9667346477508545
====================================================================================================
Epoch:326
Valid RMSE: 4.0117878913879395
EarlyStopping counter: 1 out of 20
====================================================================================================
Epoch:327
Valid RMSE: 3.9750633239746094
EarlyStopping counter: 2 out of 20
====================================================================================================
Epoch:328
Valid RMSE: 3.988159656524658
EarlyStopping counter: 3 out of 20
====================================================================================================
Epoch:329
Valid RMSE: 3.986083507537842
EarlyStopping counter: 4 out of 20
====================================================================================================
Epoch:330
Valid RMSE: 3.998723268508911
EarlyStopping counter: 5 out of 20
====================================================================================================
Epoch:331
Valid RMSE: 3.9859795570373535
EarlyStopping counter: 6 out of 20
====================================================================================================
Epoch:332
Valid RMSE: 3.978306293487549
EarlyStopping counter: 7 out of 20
====================================================================================================
Epoch:333
Valid RMSE: 4.013491630554199
EarlyStopping counter: 8 out of 20
====================================================================================================
Epoch:334
Valid RMSE: 3.9747684001922607
EarlyStopping counter: 9 out of 20
====================================================================================================
Epoch:335
Valid RMSE: 3.970872640609741
EarlyStopping counter: 10 out of 20
====================================================================================================
Epoch:336
Valid RMSE: 3.990828037261963
EarlyStopping counter: 11 out of 20
====================================================================================================
Epoch:337
Valid RMSE: 4.000727653503418
EarlyStopping counter: 12 out of 20
====================================================================================================
Epoch:338
Valid RMSE: 3.997450828552246
EarlyStopping counter: 13 out of 20
====================================================================================================
Epoch:339
Valid RMSE: 3.9720208644866943
EarlyStopping counter: 14 out of 20
====================================================================================================
Epoch:340
Valid RMSE: 4.019856929779053
EarlyStopping counter: 15 out of 20
====================================================================================================
Epoch:341
Valid RMSE: 3.9635157585144043
====================================================================================================
Epoch:342
Valid RMSE: 3.989427089691162
EarlyStopping counter: 1 out of 20
====================================================================================================
Epoch:343
Valid RMSE: 3.9762420654296875
EarlyStopping counter: 2 out of 20
====================================================================================================
Epoch:344
Valid RMSE: 3.9883151054382324
EarlyStopping counter: 3 out of 20
====================================================================================================
Epoch:345
Valid RMSE: 4.037049293518066
EarlyStopping counter: 4 out of 20
====================================================================================================
Epoch:346
Valid RMSE: 4.026275157928467
EarlyStopping counter: 5 out of 20
====================================================================================================
Epoch:347
Valid RMSE: 3.977092742919922
EarlyStopping counter: 6 out of 20
====================================================================================================
Epoch:348
Valid RMSE: 3.9997923374176025
EarlyStopping counter: 7 out of 20
====================================================================================================
Epoch:349
Valid RMSE: 3.980194091796875
EarlyStopping counter: 8 out of 20
====================================================================================================
Epoch:350
Valid RMSE: 4.015518665313721
EarlyStopping counter: 9 out of 20
====================================================================================================
Epoch:351
Valid RMSE: 3.977849245071411
EarlyStopping counter: 10 out of 20
====================================================================================================
Epoch:352
Valid RMSE: 3.9895081520080566
EarlyStopping counter: 11 out of 20
====================================================================================================
Epoch:353
Valid RMSE: 3.9650492668151855
EarlyStopping counter: 12 out of 20
====================================================================================================
Epoch:354
Valid RMSE: 4.028591632843018
EarlyStopping counter: 13 out of 20
====================================================================================================
Epoch:355
Valid RMSE: 3.9840879440307617
EarlyStopping counter: 14 out of 20
====================================================================================================
Epoch:356
Valid RMSE: 3.968524932861328
EarlyStopping counter: 15 out of 20
====================================================================================================
Epoch:357
Valid RMSE: 3.9628357887268066
====================================================================================================
Epoch:358
Valid RMSE: 3.9755237102508545
EarlyStopping counter: 1 out of 20
====================================================================================================
Epoch:359
Valid RMSE: 3.9565348625183105
====================================================================================================
Epoch:360
Valid RMSE: 3.985445499420166
EarlyStopping counter: 1 out of 20
====================================================================================================
Epoch:361
Valid RMSE: 4.041238307952881
EarlyStopping counter: 2 out of 20
====================================================================================================
Epoch:362
Valid RMSE: 3.9583563804626465
EarlyStopping counter: 3 out of 20
====================================================================================================
Epoch:363
Valid RMSE: 3.9473981857299805
====================================================================================================
Epoch:364
Valid RMSE: 3.959721803665161
EarlyStopping counter: 1 out of 20
====================================================================================================
Epoch:365
Valid RMSE: 4.007391929626465
EarlyStopping counter: 2 out of 20
====================================================================================================
Epoch:366
Valid RMSE: 3.9893786907196045
EarlyStopping counter: 3 out of 20
====================================================================================================
Epoch:367
Valid RMSE: 3.9714677333831787
EarlyStopping counter: 4 out of 20
====================================================================================================
Epoch:368
Valid RMSE: 3.990905523300171
EarlyStopping counter: 5 out of 20
====================================================================================================
Epoch:369
Valid RMSE: 3.9612631797790527
EarlyStopping counter: 6 out of 20
====================================================================================================
Epoch:370
Valid RMSE: 3.9682459831237793
EarlyStopping counter: 7 out of 20
====================================================================================================
Epoch:371
Valid RMSE: 3.9689455032348633
EarlyStopping counter: 8 out of 20
====================================================================================================
Epoch:372
Valid RMSE: 3.9833860397338867
EarlyStopping counter: 9 out of 20
====================================================================================================
Epoch:373
Valid RMSE: 3.9657082557678223
EarlyStopping counter: 10 out of 20
====================================================================================================
Epoch:374
Valid RMSE: 3.9405899047851562
====================================================================================================
Epoch:375
Valid RMSE: 3.9570744037628174
EarlyStopping counter: 1 out of 20
====================================================================================================
Epoch:376
Valid RMSE: 3.97336745262146
EarlyStopping counter: 2 out of 20
====================================================================================================
Epoch:377
Valid RMSE: 3.973677635192871
EarlyStopping counter: 3 out of 20
====================================================================================================
Epoch:378
Valid RMSE: 3.9441893100738525
EarlyStopping counter: 4 out of 20
====================================================================================================
Epoch:379
Valid RMSE: 3.956420660018921
EarlyStopping counter: 5 out of 20
====================================================================================================
Epoch:380
Valid RMSE: 3.968456506729126
EarlyStopping counter: 6 out of 20
====================================================================================================
Epoch:381
Valid RMSE: 3.9373817443847656
====================================================================================================
Epoch:382
Valid RMSE: 3.9448792934417725
EarlyStopping counter: 1 out of 20
====================================================================================================
Epoch:383
Valid RMSE: 3.941880464553833
EarlyStopping counter: 2 out of 20
====================================================================================================
Epoch:384
Valid RMSE: 3.9353039264678955
====================================================================================================
Epoch:385
Valid RMSE: 3.9723763465881348
EarlyStopping counter: 1 out of 20
====================================================================================================
Epoch:386
Valid RMSE: 3.9461588859558105
EarlyStopping counter: 2 out of 20
====================================================================================================
Epoch:387
Valid RMSE: 3.954564094543457
EarlyStopping counter: 3 out of 20
====================================================================================================
Epoch:388
Valid RMSE: 3.9647419452667236
EarlyStopping counter: 4 out of 20
====================================================================================================
Epoch:389
Valid RMSE: 3.942762851715088
EarlyStopping counter: 5 out of 20
====================================================================================================
Epoch:390
Valid RMSE: 3.9346017837524414
====================================================================================================
Epoch:391
Valid RMSE: 3.9291703701019287
====================================================================================================
Epoch:392
Valid RMSE: 3.9714176654815674
EarlyStopping counter: 1 out of 20
====================================================================================================
Epoch:393
Valid RMSE: 3.964078187942505
EarlyStopping counter: 2 out of 20
====================================================================================================
Epoch:394
Valid RMSE: 3.940804958343506
EarlyStopping counter: 3 out of 20
====================================================================================================
Epoch:395
Valid RMSE: 3.9595439434051514
EarlyStopping counter: 4 out of 20
====================================================================================================
Epoch:396
Valid RMSE: 3.951510429382324
EarlyStopping counter: 5 out of 20
====================================================================================================
Epoch:397
Valid RMSE: 3.936373233795166
EarlyStopping counter: 6 out of 20
====================================================================================================
Epoch:398
Valid RMSE: 3.9248111248016357
====================================================================================================
Epoch:399
Valid RMSE: 3.933361291885376
EarlyStopping counter: 1 out of 20
====================================================================================================
Epoch:400
Valid RMSE: 3.9591310024261475
EarlyStopping counter: 2 out of 20
====================================================================================================
Epoch:401
Valid RMSE: 3.9806056022644043
EarlyStopping counter: 3 out of 20
====================================================================================================
Epoch:402
Valid RMSE: 3.9540693759918213
EarlyStopping counter: 4 out of 20
====================================================================================================
Epoch:403
Valid RMSE: 3.955780029296875
EarlyStopping counter: 5 out of 20
====================================================================================================
Epoch:404
Valid RMSE: 3.9914050102233887
EarlyStopping counter: 6 out of 20
====================================================================================================
Epoch:405
Valid RMSE: 3.947716236114502
EarlyStopping counter: 7 out of 20
====================================================================================================
Epoch:406
Valid RMSE: 3.9296107292175293
EarlyStopping counter: 8 out of 20
====================================================================================================
Epoch:407
Valid RMSE: 3.927269220352173
EarlyStopping counter: 9 out of 20
====================================================================================================
Epoch:408
Valid RMSE: 3.9148058891296387
====================================================================================================
Epoch:409
Valid RMSE: 3.955414295196533
EarlyStopping counter: 1 out of 20
====================================================================================================
Epoch:410
Valid RMSE: 3.9136242866516113
====================================================================================================
Epoch:411
Valid RMSE: 3.9370832443237305
EarlyStopping counter: 1 out of 20
====================================================================================================
Epoch:412
Valid RMSE: 3.9921951293945312
EarlyStopping counter: 2 out of 20
====================================================================================================
Epoch:413
Valid RMSE: 3.9248123168945312
EarlyStopping counter: 3 out of 20
====================================================================================================
Epoch:414
Valid RMSE: 3.989255666732788
EarlyStopping counter: 4 out of 20
====================================================================================================
Epoch:415
Valid RMSE: 3.94791316986084
EarlyStopping counter: 5 out of 20
====================================================================================================
Epoch:416
Valid RMSE: 3.9557085037231445
EarlyStopping counter: 6 out of 20
====================================================================================================
Epoch:417
Valid RMSE: 3.953824520111084
EarlyStopping counter: 7 out of 20
====================================================================================================
Epoch:418
Valid RMSE: 3.9208524227142334
EarlyStopping counter: 8 out of 20
====================================================================================================
Epoch:419
Valid RMSE: 3.974377155303955
EarlyStopping counter: 9 out of 20
====================================================================================================
Epoch:420
Valid RMSE: 3.9412195682525635
EarlyStopping counter: 10 out of 20
====================================================================================================
Epoch:421
Valid RMSE: 3.9037420749664307
====================================================================================================
Epoch:422
Valid RMSE: 3.973417043685913
EarlyStopping counter: 1 out of 20
====================================================================================================
Epoch:423
Valid RMSE: 3.9445114135742188
EarlyStopping counter: 2 out of 20
====================================================================================================
Epoch:424
Valid RMSE: 3.9663987159729004
EarlyStopping counter: 3 out of 20
====================================================================================================
Epoch:425
Valid RMSE: 3.9006130695343018
====================================================================================================
Epoch:426
Valid RMSE: 3.9361612796783447
EarlyStopping counter: 1 out of 20
====================================================================================================
Epoch:427
Valid RMSE: 3.9412333965301514
EarlyStopping counter: 2 out of 20
====================================================================================================
Epoch:428
Valid RMSE: 3.9408416748046875
EarlyStopping counter: 3 out of 20
====================================================================================================
Epoch:429
Valid RMSE: 3.9093141555786133
EarlyStopping counter: 4 out of 20
====================================================================================================
Epoch:430
Valid RMSE: 3.9626731872558594
EarlyStopping counter: 5 out of 20
====================================================================================================
Epoch:431
Valid RMSE: 3.937117338180542
EarlyStopping counter: 6 out of 20
====================================================================================================
Epoch:432
Valid RMSE: 3.901618480682373
EarlyStopping counter: 7 out of 20
====================================================================================================
Epoch:433
Valid RMSE: 3.9251351356506348
EarlyStopping counter: 8 out of 20
====================================================================================================
Epoch:434
Valid RMSE: 3.9123713970184326
EarlyStopping counter: 9 out of 20
====================================================================================================
Epoch:435
Valid RMSE: 3.9205517768859863
EarlyStopping counter: 10 out of 20
====================================================================================================
Epoch:436
Valid RMSE: 3.927130699157715
EarlyStopping counter: 11 out of 20
====================================================================================================
Epoch:437
Valid RMSE: 3.9107584953308105
EarlyStopping counter: 12 out of 20
====================================================================================================
Epoch:438
Valid RMSE: 3.94671893119812
EarlyStopping counter: 13 out of 20
====================================================================================================
Epoch:439
Valid RMSE: 3.927420139312744
EarlyStopping counter: 14 out of 20
====================================================================================================
Epoch:440
Valid RMSE: 3.9623193740844727
EarlyStopping counter: 15 out of 20
====================================================================================================
Epoch:441
Valid RMSE: 3.9167027473449707
EarlyStopping counter: 16 out of 20
====================================================================================================
Epoch:442
Valid RMSE: 3.9527230262756348
EarlyStopping counter: 17 out of 20
====================================================================================================
Epoch:443
Valid RMSE: 3.9533870220184326
EarlyStopping counter: 18 out of 20
====================================================================================================
Epoch:444
Valid RMSE: 3.955463171005249
EarlyStopping counter: 19 out of 20
====================================================================================================
Epoch:445
Valid RMSE: 3.9101080894470215
EarlyStopping counter: 20 out of 20
Early stopping
torch.Size([3024, 1, 325, 12])
torch.Size([3024, 1, 325, 12])
torch.Size([3024, 1, 325, 12])
==================================================  Testing  ==================================================
predict shape:  (864, 325, 12)
MAE: 2.218 RMSE: 4.076 MAPE: 4.984
Spend Time: 6628.630103349686
