torch.Size([3024, 1, 325, 12])
torch.Size([3024, 1, 325, 12])
torch.Size([3024, 1, 325, 12])
==================================================  Training  ==================================================
Epoch:0
Valid RMSE: 8.882936477661133
====================================================================================================
Epoch:1
Valid RMSE: 6.9474263191223145
====================================================================================================
Epoch:2
Valid RMSE: 6.016060829162598
====================================================================================================
Epoch:3
Valid RMSE: 5.776278495788574
====================================================================================================
Epoch:4
Valid RMSE: 5.726430892944336
====================================================================================================
Epoch:5
Valid RMSE: 5.667859077453613
====================================================================================================
Epoch:6
Valid RMSE: 5.603419780731201
====================================================================================================
Epoch:7
Valid RMSE: 5.645757675170898
EarlyStopping counter: 1 out of 20
====================================================================================================
Epoch:8
Valid RMSE: 5.600313186645508
====================================================================================================
Epoch:9
Valid RMSE: 5.577467918395996
====================================================================================================
Epoch:10
Valid RMSE: 5.530289649963379
====================================================================================================
Epoch:11
Valid RMSE: 5.4889655113220215
====================================================================================================
Epoch:12
Valid RMSE: 5.506604194641113
EarlyStopping counter: 1 out of 20
====================================================================================================
Epoch:13
Valid RMSE: 5.468907833099365
====================================================================================================
Epoch:14
Valid RMSE: 5.387533187866211
====================================================================================================
Epoch:15
Valid RMSE: 5.345438480377197
====================================================================================================
Epoch:16
Valid RMSE: 5.314969062805176
====================================================================================================
Epoch:17
Valid RMSE: 5.304869651794434
====================================================================================================
Epoch:18
Valid RMSE: 5.213713645935059
====================================================================================================
Epoch:19
Valid RMSE: 5.2036542892456055
====================================================================================================
Epoch:20
Valid RMSE: 5.224217891693115
EarlyStopping counter: 1 out of 20
====================================================================================================
Epoch:21
Valid RMSE: 5.1479973793029785
====================================================================================================
Epoch:22
Valid RMSE: 5.126576900482178
====================================================================================================
Epoch:23
Valid RMSE: 5.08746337890625
====================================================================================================
Epoch:24
Valid RMSE: 5.0766987800598145
====================================================================================================
Epoch:25
Valid RMSE: 5.051453590393066
====================================================================================================
Epoch:26
Valid RMSE: 5.042130470275879
====================================================================================================
Epoch:27
Valid RMSE: 5.023308753967285
====================================================================================================
Epoch:28
Valid RMSE: 4.968262195587158
====================================================================================================
Epoch:29
Valid RMSE: 4.9814453125
EarlyStopping counter: 1 out of 20
====================================================================================================
Epoch:30
Valid RMSE: 5.0116167068481445
EarlyStopping counter: 2 out of 20
====================================================================================================
Epoch:31
Valid RMSE: 4.972843647003174
EarlyStopping counter: 3 out of 20
====================================================================================================
Epoch:32
Valid RMSE: 4.96370792388916
====================================================================================================
Epoch:33
Valid RMSE: 4.951700687408447
====================================================================================================
Epoch:34
Valid RMSE: 4.893523216247559
====================================================================================================
Epoch:35
Valid RMSE: 4.918490886688232
EarlyStopping counter: 1 out of 20
====================================================================================================
Epoch:36
Valid RMSE: 4.916505813598633
EarlyStopping counter: 2 out of 20
====================================================================================================
Epoch:37
Valid RMSE: 4.94111967086792
EarlyStopping counter: 3 out of 20
====================================================================================================
Epoch:38
Valid RMSE: 4.919994831085205
EarlyStopping counter: 4 out of 20
====================================================================================================
Epoch:39
Valid RMSE: 4.922330379486084
EarlyStopping counter: 5 out of 20
====================================================================================================
Epoch:40
Valid RMSE: 4.873279571533203
====================================================================================================
Epoch:41
Valid RMSE: 4.876996994018555
EarlyStopping counter: 1 out of 20
====================================================================================================
Epoch:42
Valid RMSE: 4.8806233406066895
EarlyStopping counter: 2 out of 20
====================================================================================================
Epoch:43
Valid RMSE: 4.862829208374023
====================================================================================================
Epoch:44
Valid RMSE: 4.832014083862305
====================================================================================================
Epoch:45
Valid RMSE: 4.839416027069092
EarlyStopping counter: 1 out of 20
====================================================================================================
Epoch:46
Valid RMSE: 4.820282459259033
====================================================================================================
Epoch:47
Valid RMSE: 4.835161209106445
EarlyStopping counter: 1 out of 20
====================================================================================================
Epoch:48
Valid RMSE: 4.8171916007995605
====================================================================================================
Epoch:49
Valid RMSE: 4.83997106552124
EarlyStopping counter: 1 out of 20
====================================================================================================
Epoch:50
Valid RMSE: 4.817773818969727
EarlyStopping counter: 2 out of 20
====================================================================================================
Epoch:51
Valid RMSE: 4.790417671203613
====================================================================================================
Epoch:52
Valid RMSE: 4.782572269439697
====================================================================================================
Epoch:53
Valid RMSE: 4.746769905090332
====================================================================================================
Epoch:54
Valid RMSE: 4.7638630867004395
EarlyStopping counter: 1 out of 20
====================================================================================================
Epoch:55
Valid RMSE: 4.773877143859863
EarlyStopping counter: 2 out of 20
====================================================================================================
Epoch:56
Valid RMSE: 4.778820514678955
EarlyStopping counter: 3 out of 20
====================================================================================================
Epoch:57
Valid RMSE: 4.790107250213623
EarlyStopping counter: 4 out of 20
====================================================================================================
Epoch:58
Valid RMSE: 4.755482196807861
EarlyStopping counter: 5 out of 20
====================================================================================================
Epoch:59
Valid RMSE: 4.7668256759643555
EarlyStopping counter: 6 out of 20
====================================================================================================
Epoch:60
Valid RMSE: 4.735874652862549
====================================================================================================
Epoch:61
Valid RMSE: 4.723359107971191
====================================================================================================
Epoch:62
Valid RMSE: 4.711194038391113
====================================================================================================
Epoch:63
Valid RMSE: 4.722855091094971
EarlyStopping counter: 1 out of 20
====================================================================================================
Epoch:64
Valid RMSE: 4.733261585235596
EarlyStopping counter: 2 out of 20
====================================================================================================
Epoch:65
Valid RMSE: 4.711745262145996
EarlyStopping counter: 3 out of 20
====================================================================================================
Epoch:66
Valid RMSE: 4.706048965454102
====================================================================================================
Epoch:67
Valid RMSE: 4.728732585906982
EarlyStopping counter: 1 out of 20
====================================================================================================
Epoch:68
Valid RMSE: 4.782147407531738
EarlyStopping counter: 2 out of 20
====================================================================================================
Epoch:69
Valid RMSE: 4.674971580505371
====================================================================================================
Epoch:70
Valid RMSE: 4.695552825927734
EarlyStopping counter: 1 out of 20
====================================================================================================
Epoch:71
Valid RMSE: 4.656326770782471
====================================================================================================
Epoch:72
Valid RMSE: 4.662085056304932
EarlyStopping counter: 1 out of 20
====================================================================================================
Epoch:73
Valid RMSE: 4.688894271850586
EarlyStopping counter: 2 out of 20
====================================================================================================
Epoch:74
Valid RMSE: 4.687344551086426
EarlyStopping counter: 3 out of 20
====================================================================================================
Epoch:75
Valid RMSE: 4.67312479019165
EarlyStopping counter: 4 out of 20
====================================================================================================
Epoch:76
Valid RMSE: 4.674679279327393
EarlyStopping counter: 5 out of 20
====================================================================================================
Epoch:77
Valid RMSE: 4.671481609344482
EarlyStopping counter: 6 out of 20
====================================================================================================
Epoch:78
Valid RMSE: 4.629576206207275
====================================================================================================
Epoch:79
Valid RMSE: 4.652328968048096
EarlyStopping counter: 1 out of 20
====================================================================================================
Epoch:80
Valid RMSE: 4.630273818969727
EarlyStopping counter: 2 out of 20
====================================================================================================
Epoch:81
Valid RMSE: 4.6319379806518555
EarlyStopping counter: 3 out of 20
====================================================================================================
Epoch:82
Valid RMSE: 4.600994110107422
====================================================================================================
Epoch:83
Valid RMSE: 4.66168737411499
EarlyStopping counter: 1 out of 20
====================================================================================================
Epoch:84
Valid RMSE: 4.599330425262451
====================================================================================================
Epoch:85
Valid RMSE: 4.651456832885742
EarlyStopping counter: 1 out of 20
====================================================================================================
Epoch:86
Valid RMSE: 4.621592998504639
EarlyStopping counter: 2 out of 20
====================================================================================================
Epoch:87
Valid RMSE: 4.615227699279785
EarlyStopping counter: 3 out of 20
====================================================================================================
Epoch:88
Valid RMSE: 4.607578754425049
EarlyStopping counter: 4 out of 20
====================================================================================================
Epoch:89
Valid RMSE: 4.577878952026367
====================================================================================================
Epoch:90
Valid RMSE: 4.594422817230225
EarlyStopping counter: 1 out of 20
====================================================================================================
Epoch:91
Valid RMSE: 4.562529563903809
====================================================================================================
Epoch:92
Valid RMSE: 4.579190254211426
EarlyStopping counter: 1 out of 20
====================================================================================================
Epoch:93
Valid RMSE: 4.58604097366333
EarlyStopping counter: 2 out of 20
====================================================================================================
Epoch:94
Valid RMSE: 4.60482120513916
EarlyStopping counter: 3 out of 20
====================================================================================================
Epoch:95
Valid RMSE: 4.5994110107421875
EarlyStopping counter: 4 out of 20
====================================================================================================
Epoch:96
Valid RMSE: 4.613604545593262
EarlyStopping counter: 5 out of 20
====================================================================================================
Epoch:97
Valid RMSE: 4.558913230895996
====================================================================================================
Epoch:98
Valid RMSE: 4.538436412811279
====================================================================================================
Epoch:99
Valid RMSE: 4.5582804679870605
EarlyStopping counter: 1 out of 20
====================================================================================================
Epoch:100
Valid RMSE: 4.547501087188721
EarlyStopping counter: 2 out of 20
====================================================================================================
Epoch:101
Valid RMSE: 4.539988040924072
EarlyStopping counter: 3 out of 20
====================================================================================================
Epoch:102
Valid RMSE: 4.5883684158325195
EarlyStopping counter: 4 out of 20
====================================================================================================
Epoch:103
Valid RMSE: 4.558341026306152
EarlyStopping counter: 5 out of 20
====================================================================================================
Epoch:104
Valid RMSE: 4.524584770202637
====================================================================================================
Epoch:105
Valid RMSE: 4.541272163391113
EarlyStopping counter: 1 out of 20
====================================================================================================
Epoch:106
Valid RMSE: 4.542911052703857
EarlyStopping counter: 2 out of 20
====================================================================================================
Epoch:107
Valid RMSE: 4.543956756591797
EarlyStopping counter: 3 out of 20
====================================================================================================
Epoch:108
Valid RMSE: 4.513693809509277
====================================================================================================
Epoch:109
Valid RMSE: 4.561689376831055
EarlyStopping counter: 1 out of 20
====================================================================================================
Epoch:110
Valid RMSE: 4.528191566467285
EarlyStopping counter: 2 out of 20
====================================================================================================
Epoch:111
Valid RMSE: 4.508609294891357
====================================================================================================
Epoch:112
Valid RMSE: 4.567435264587402
EarlyStopping counter: 1 out of 20
====================================================================================================
Epoch:113
Valid RMSE: 4.536949634552002
EarlyStopping counter: 2 out of 20
====================================================================================================
Epoch:114
Valid RMSE: 4.532444000244141
EarlyStopping counter: 3 out of 20
====================================================================================================
Epoch:115
Valid RMSE: 4.494022369384766
====================================================================================================
Epoch:116
Valid RMSE: 4.4696807861328125
====================================================================================================
Epoch:117
Valid RMSE: 4.491343975067139
EarlyStopping counter: 1 out of 20
====================================================================================================
Epoch:118
Valid RMSE: 4.494237422943115
EarlyStopping counter: 2 out of 20
====================================================================================================
Epoch:119
Valid RMSE: 4.480790138244629
EarlyStopping counter: 3 out of 20
====================================================================================================
Epoch:120
Valid RMSE: 4.508361339569092
EarlyStopping counter: 4 out of 20
====================================================================================================
Epoch:121
Valid RMSE: 4.472060680389404
EarlyStopping counter: 5 out of 20
====================================================================================================
Epoch:122
Valid RMSE: 4.489528179168701
EarlyStopping counter: 6 out of 20
====================================================================================================
Epoch:123
Valid RMSE: 4.484551429748535
EarlyStopping counter: 7 out of 20
====================================================================================================
Epoch:124
Valid RMSE: 4.515687942504883
EarlyStopping counter: 8 out of 20
====================================================================================================
Epoch:125
Valid RMSE: 4.445338726043701
====================================================================================================
Epoch:126
Valid RMSE: 4.4628424644470215
EarlyStopping counter: 1 out of 20
====================================================================================================
Epoch:127
Valid RMSE: 4.444548606872559
====================================================================================================
Epoch:128
Valid RMSE: 4.465702533721924
EarlyStopping counter: 1 out of 20
====================================================================================================
Epoch:129
Valid RMSE: 4.437171459197998
====================================================================================================
Epoch:130
Valid RMSE: 4.467802047729492
EarlyStopping counter: 1 out of 20
====================================================================================================
Epoch:131
Valid RMSE: 4.455620288848877
EarlyStopping counter: 2 out of 20
====================================================================================================
Epoch:132
Valid RMSE: 4.470993995666504
EarlyStopping counter: 3 out of 20
====================================================================================================
Epoch:133
Valid RMSE: 4.444243431091309
EarlyStopping counter: 4 out of 20
====================================================================================================
Epoch:134
Valid RMSE: 4.424636363983154
====================================================================================================
Epoch:135
Valid RMSE: 4.49247932434082
EarlyStopping counter: 1 out of 20
====================================================================================================
Epoch:136
Valid RMSE: 4.442633628845215
EarlyStopping counter: 2 out of 20
====================================================================================================
Epoch:137
Valid RMSE: 4.532070636749268
EarlyStopping counter: 3 out of 20
====================================================================================================
Epoch:138
Valid RMSE: 4.430246829986572
EarlyStopping counter: 4 out of 20
====================================================================================================
Epoch:139
Valid RMSE: 4.41234016418457
====================================================================================================
Epoch:140
Valid RMSE: 4.420951843261719
EarlyStopping counter: 1 out of 20
====================================================================================================
Epoch:141
Valid RMSE: 4.442510604858398
EarlyStopping counter: 2 out of 20
====================================================================================================
Epoch:142
Valid RMSE: 4.404837131500244
====================================================================================================
Epoch:143
Valid RMSE: 4.477212429046631
EarlyStopping counter: 1 out of 20
====================================================================================================
Epoch:144
Valid RMSE: 4.457165241241455
EarlyStopping counter: 2 out of 20
====================================================================================================
Epoch:145
Valid RMSE: 4.47337532043457
EarlyStopping counter: 3 out of 20
====================================================================================================
Epoch:146
Valid RMSE: 4.413098335266113
EarlyStopping counter: 4 out of 20
====================================================================================================
Epoch:147
Valid RMSE: 4.4209513664245605
EarlyStopping counter: 5 out of 20
====================================================================================================
Epoch:148
Valid RMSE: 4.466257095336914
EarlyStopping counter: 6 out of 20
====================================================================================================
Epoch:149
Valid RMSE: 4.372695446014404
====================================================================================================
Epoch:150
Valid RMSE: 4.416168689727783
EarlyStopping counter: 1 out of 20
====================================================================================================
Epoch:151
Valid RMSE: 4.429923057556152
EarlyStopping counter: 2 out of 20
====================================================================================================
Epoch:152
Valid RMSE: 4.37325382232666
EarlyStopping counter: 3 out of 20
====================================================================================================
Epoch:153
Valid RMSE: 4.378485202789307
EarlyStopping counter: 4 out of 20
====================================================================================================
Epoch:154
Valid RMSE: 4.390958309173584
EarlyStopping counter: 5 out of 20
====================================================================================================
Epoch:155
Valid RMSE: 4.3956685066223145
EarlyStopping counter: 6 out of 20
====================================================================================================
Epoch:156
Valid RMSE: 4.3589959144592285
====================================================================================================
Epoch:157
Valid RMSE: 4.393580913543701
EarlyStopping counter: 1 out of 20
====================================================================================================
Epoch:158
Valid RMSE: 4.398486614227295
EarlyStopping counter: 2 out of 20
====================================================================================================
Epoch:159
Valid RMSE: 4.382330894470215
EarlyStopping counter: 3 out of 20
====================================================================================================
Epoch:160
Valid RMSE: 4.411152362823486
EarlyStopping counter: 4 out of 20
====================================================================================================
Epoch:161
Valid RMSE: 4.371845245361328
EarlyStopping counter: 5 out of 20
====================================================================================================
Epoch:162
Valid RMSE: 4.388955593109131
EarlyStopping counter: 6 out of 20
====================================================================================================
Epoch:163
Valid RMSE: 4.375468730926514
EarlyStopping counter: 7 out of 20
====================================================================================================
Epoch:164
Valid RMSE: 4.37584114074707
EarlyStopping counter: 8 out of 20
====================================================================================================
Epoch:165
Valid RMSE: 4.353350639343262
====================================================================================================
Epoch:166
Valid RMSE: 4.396298885345459
EarlyStopping counter: 1 out of 20
====================================================================================================
Epoch:167
Valid RMSE: 4.359385013580322
EarlyStopping counter: 2 out of 20
====================================================================================================
Epoch:168
Valid RMSE: 4.366586685180664
EarlyStopping counter: 3 out of 20
====================================================================================================
Epoch:169
Valid RMSE: 4.358531475067139
EarlyStopping counter: 4 out of 20
====================================================================================================
Epoch:170
Valid RMSE: 4.37646484375
EarlyStopping counter: 5 out of 20
====================================================================================================
Epoch:171
Valid RMSE: 4.353773593902588
EarlyStopping counter: 6 out of 20
====================================================================================================
Epoch:172
Valid RMSE: 4.344966411590576
====================================================================================================
Epoch:173
Valid RMSE: 4.363734722137451
EarlyStopping counter: 1 out of 20
====================================================================================================
Epoch:174
Valid RMSE: 4.329926013946533
====================================================================================================
Epoch:175
Valid RMSE: 4.350146293640137
EarlyStopping counter: 1 out of 20
====================================================================================================
Epoch:176
Valid RMSE: 4.3665618896484375
EarlyStopping counter: 2 out of 20
====================================================================================================
Epoch:177
Valid RMSE: 4.323785305023193
====================================================================================================
Epoch:178
Valid RMSE: 4.3602752685546875
EarlyStopping counter: 1 out of 20
====================================================================================================
Epoch:179
Valid RMSE: 4.3576178550720215
EarlyStopping counter: 2 out of 20
====================================================================================================
Epoch:180
Valid RMSE: 4.363624095916748
EarlyStopping counter: 3 out of 20
====================================================================================================
Epoch:181
Valid RMSE: 4.366247177124023
EarlyStopping counter: 4 out of 20
====================================================================================================
Epoch:182
Valid RMSE: 4.316767692565918
====================================================================================================
Epoch:183
Valid RMSE: 4.3472466468811035
EarlyStopping counter: 1 out of 20
====================================================================================================
Epoch:184
Valid RMSE: 4.32529354095459
EarlyStopping counter: 2 out of 20
====================================================================================================
Epoch:185
Valid RMSE: 4.313258171081543
====================================================================================================
Epoch:186
Valid RMSE: 4.350825786590576
EarlyStopping counter: 1 out of 20
====================================================================================================
Epoch:187
Valid RMSE: 4.315359115600586
EarlyStopping counter: 2 out of 20
====================================================================================================
Epoch:188
Valid RMSE: 4.329290390014648
EarlyStopping counter: 3 out of 20
====================================================================================================
Epoch:189
Valid RMSE: 4.299897193908691
====================================================================================================
Epoch:190
Valid RMSE: 4.299103736877441
====================================================================================================
Epoch:191
Valid RMSE: 4.320892810821533
EarlyStopping counter: 1 out of 20
====================================================================================================
Epoch:192
Valid RMSE: 4.309704303741455
EarlyStopping counter: 2 out of 20
====================================================================================================
Epoch:193
Valid RMSE: 4.329756736755371
EarlyStopping counter: 3 out of 20
====================================================================================================
Epoch:194
Valid RMSE: 4.362019062042236
EarlyStopping counter: 4 out of 20
====================================================================================================
Epoch:195
Valid RMSE: 4.304917335510254
EarlyStopping counter: 5 out of 20
====================================================================================================
Epoch:196
Valid RMSE: 4.326613903045654
EarlyStopping counter: 6 out of 20
====================================================================================================
Epoch:197
Valid RMSE: 4.319315433502197
EarlyStopping counter: 7 out of 20
====================================================================================================
Epoch:198
Valid RMSE: 4.314286708831787
EarlyStopping counter: 8 out of 20
====================================================================================================
Epoch:199
Valid RMSE: 4.319873332977295
EarlyStopping counter: 9 out of 20
====================================================================================================
Epoch:200
Valid RMSE: 4.314338207244873
EarlyStopping counter: 10 out of 20
====================================================================================================
Epoch:201
Valid RMSE: 4.308843612670898
EarlyStopping counter: 11 out of 20
====================================================================================================
Epoch:202
Valid RMSE: 4.307225227355957
EarlyStopping counter: 12 out of 20
====================================================================================================
Epoch:203
Valid RMSE: 4.2998833656311035
EarlyStopping counter: 13 out of 20
====================================================================================================
Epoch:204
Valid RMSE: 4.321809768676758
EarlyStopping counter: 14 out of 20
====================================================================================================
Epoch:205
Valid RMSE: 4.328723907470703
EarlyStopping counter: 15 out of 20
====================================================================================================
Epoch:206
Valid RMSE: 4.338837623596191
EarlyStopping counter: 16 out of 20
====================================================================================================
Epoch:207
Valid RMSE: 4.299715042114258
EarlyStopping counter: 17 out of 20
====================================================================================================
Epoch:208
Valid RMSE: 4.315401554107666
EarlyStopping counter: 18 out of 20
====================================================================================================
Epoch:209
Valid RMSE: 4.294649600982666
====================================================================================================
Epoch:210
Valid RMSE: 4.320328235626221
EarlyStopping counter: 1 out of 20
====================================================================================================
Epoch:211
Valid RMSE: 4.293576240539551
====================================================================================================
Epoch:212
Valid RMSE: 4.273684978485107
====================================================================================================
Epoch:213
Valid RMSE: 4.288631916046143
EarlyStopping counter: 1 out of 20
====================================================================================================
Epoch:214
Valid RMSE: 4.292501449584961
EarlyStopping counter: 2 out of 20
====================================================================================================
Epoch:215
Valid RMSE: 4.258156776428223
====================================================================================================
Epoch:216
Valid RMSE: 4.279794692993164
EarlyStopping counter: 1 out of 20
====================================================================================================
Epoch:217
Valid RMSE: 4.276118278503418
EarlyStopping counter: 2 out of 20
====================================================================================================
Epoch:218
Valid RMSE: 4.2984185218811035
EarlyStopping counter: 3 out of 20
====================================================================================================
Epoch:219
Valid RMSE: 4.282397747039795
EarlyStopping counter: 4 out of 20
====================================================================================================
Epoch:220
Valid RMSE: 4.30275297164917
EarlyStopping counter: 5 out of 20
====================================================================================================
Epoch:221
Valid RMSE: 4.27580451965332
EarlyStopping counter: 6 out of 20
====================================================================================================
Epoch:222
Valid RMSE: 4.278039932250977
EarlyStopping counter: 7 out of 20
====================================================================================================
Epoch:223
Valid RMSE: 4.277626991271973
EarlyStopping counter: 8 out of 20
====================================================================================================
Epoch:224
Valid RMSE: 4.279932022094727
EarlyStopping counter: 9 out of 20
====================================================================================================
Epoch:225
Valid RMSE: 4.274862766265869
EarlyStopping counter: 10 out of 20
====================================================================================================
Epoch:226
Valid RMSE: 4.2602314949035645
EarlyStopping counter: 11 out of 20
====================================================================================================
Epoch:227
Valid RMSE: 4.324162483215332
EarlyStopping counter: 12 out of 20
====================================================================================================
Epoch:228
Valid RMSE: 4.264132499694824
EarlyStopping counter: 13 out of 20
====================================================================================================
Epoch:229
Valid RMSE: 4.244619846343994
====================================================================================================
Epoch:230
Valid RMSE: 4.305118560791016
EarlyStopping counter: 1 out of 20
====================================================================================================
Epoch:231
Valid RMSE: 4.238953113555908
====================================================================================================
Epoch:232
Valid RMSE: 4.252293109893799
EarlyStopping counter: 1 out of 20
====================================================================================================
Epoch:233
Valid RMSE: 4.262940883636475
EarlyStopping counter: 2 out of 20
====================================================================================================
Epoch:234
Valid RMSE: 4.290975093841553
EarlyStopping counter: 3 out of 20
====================================================================================================
Epoch:235
Valid RMSE: 4.261082172393799
EarlyStopping counter: 4 out of 20
====================================================================================================
Epoch:236
Valid RMSE: 4.331788063049316
EarlyStopping counter: 5 out of 20
====================================================================================================
Epoch:237
Valid RMSE: 4.246718883514404
EarlyStopping counter: 6 out of 20
====================================================================================================
Epoch:238
Valid RMSE: 4.311495780944824
EarlyStopping counter: 7 out of 20
====================================================================================================
Epoch:239
Valid RMSE: 4.2616682052612305
EarlyStopping counter: 8 out of 20
====================================================================================================
Epoch:240
Valid RMSE: 4.238501071929932
====================================================================================================
Epoch:241
Valid RMSE: 4.233738422393799
====================================================================================================
Epoch:242
Valid RMSE: 4.23001766204834
====================================================================================================
Epoch:243
Valid RMSE: 4.240866661071777
EarlyStopping counter: 1 out of 20
====================================================================================================
Epoch:244
Valid RMSE: 4.274688720703125
EarlyStopping counter: 2 out of 20
====================================================================================================
Epoch:245
Valid RMSE: 4.224470615386963
====================================================================================================
Epoch:246
Valid RMSE: 4.296480655670166
EarlyStopping counter: 1 out of 20
====================================================================================================
Epoch:247
Valid RMSE: 4.242611885070801
EarlyStopping counter: 2 out of 20
====================================================================================================
Epoch:248
Valid RMSE: 4.269001007080078
EarlyStopping counter: 3 out of 20
====================================================================================================
Epoch:249
Valid RMSE: 4.2731451988220215
EarlyStopping counter: 4 out of 20
====================================================================================================
Epoch:250
Valid RMSE: 4.21203088760376
====================================================================================================
Epoch:251
Valid RMSE: 4.231396675109863
EarlyStopping counter: 1 out of 20
====================================================================================================
Epoch:252
Valid RMSE: 4.241559028625488
EarlyStopping counter: 2 out of 20
====================================================================================================
Epoch:253
Valid RMSE: 4.223130226135254
EarlyStopping counter: 3 out of 20
====================================================================================================
Epoch:254
Valid RMSE: 4.2559123039245605
EarlyStopping counter: 4 out of 20
====================================================================================================
Epoch:255
Valid RMSE: 4.226683139801025
EarlyStopping counter: 5 out of 20
====================================================================================================
Epoch:256
Valid RMSE: 4.233633518218994
EarlyStopping counter: 6 out of 20
====================================================================================================
Epoch:257
Valid RMSE: 4.24075984954834
EarlyStopping counter: 7 out of 20
====================================================================================================
Epoch:258
Valid RMSE: 4.23329496383667
EarlyStopping counter: 8 out of 20
====================================================================================================
Epoch:259
Valid RMSE: 4.2392377853393555
EarlyStopping counter: 9 out of 20
====================================================================================================
Epoch:260
Valid RMSE: 4.220466136932373
EarlyStopping counter: 10 out of 20
====================================================================================================
Epoch:261
Valid RMSE: 4.245520114898682
EarlyStopping counter: 11 out of 20
====================================================================================================
Epoch:262
Valid RMSE: 4.198541164398193
====================================================================================================
Epoch:263
Valid RMSE: 4.2085981369018555
EarlyStopping counter: 1 out of 20
====================================================================================================
Epoch:264
Valid RMSE: 4.257033348083496
EarlyStopping counter: 2 out of 20
====================================================================================================
Epoch:265
Valid RMSE: 4.272522926330566
EarlyStopping counter: 3 out of 20
====================================================================================================
Epoch:266
Valid RMSE: 4.227169036865234
EarlyStopping counter: 4 out of 20
====================================================================================================
Epoch:267
Valid RMSE: 4.202726364135742
EarlyStopping counter: 5 out of 20
====================================================================================================
Epoch:268
Valid RMSE: 4.191495895385742
====================================================================================================
Epoch:269
Valid RMSE: 4.223953723907471
EarlyStopping counter: 1 out of 20
====================================================================================================
Epoch:270
Valid RMSE: 4.239830017089844
EarlyStopping counter: 2 out of 20
====================================================================================================
Epoch:271
Valid RMSE: 4.286367416381836
EarlyStopping counter: 3 out of 20
====================================================================================================
Epoch:272
Valid RMSE: 4.241375923156738
EarlyStopping counter: 4 out of 20
====================================================================================================
Epoch:273
Valid RMSE: 4.231950759887695
EarlyStopping counter: 5 out of 20
====================================================================================================
Epoch:274
Valid RMSE: 4.243953227996826
EarlyStopping counter: 6 out of 20
====================================================================================================
Epoch:275
Valid RMSE: 4.28326416015625
EarlyStopping counter: 7 out of 20
====================================================================================================
Epoch:276
Valid RMSE: 4.221165180206299
EarlyStopping counter: 8 out of 20
====================================================================================================
Epoch:277
Valid RMSE: 4.279635906219482
EarlyStopping counter: 9 out of 20
====================================================================================================
Epoch:278
Valid RMSE: 4.2099528312683105
EarlyStopping counter: 10 out of 20
====================================================================================================
Epoch:279
Valid RMSE: 4.202367782592773
EarlyStopping counter: 11 out of 20
====================================================================================================
Epoch:280
Valid RMSE: 4.247210502624512
EarlyStopping counter: 12 out of 20
====================================================================================================
Epoch:281
Valid RMSE: 4.21135950088501
EarlyStopping counter: 13 out of 20
====================================================================================================
Epoch:282
Valid RMSE: 4.275435924530029
EarlyStopping counter: 14 out of 20
====================================================================================================
Epoch:283
Valid RMSE: 4.204767227172852
EarlyStopping counter: 15 out of 20
====================================================================================================
Epoch:284
Valid RMSE: 4.206160545349121
EarlyStopping counter: 16 out of 20
====================================================================================================
Epoch:285
Valid RMSE: 4.233965873718262
EarlyStopping counter: 17 out of 20
====================================================================================================
Epoch:286
Valid RMSE: 4.220891952514648
EarlyStopping counter: 18 out of 20
====================================================================================================
Epoch:287
Valid RMSE: 4.228806972503662
EarlyStopping counter: 19 out of 20
====================================================================================================
Epoch:288
Valid RMSE: 4.226558208465576
EarlyStopping counter: 20 out of 20
Early stopping
torch.Size([3024, 1, 325, 12])
torch.Size([3024, 1, 325, 12])
torch.Size([3024, 1, 325, 12])
==================================================  Testing  ==================================================
predict shape:  (864, 325, 12)
MAE: 2.279 RMSE: 4.378 MAPE: 5.278
Spend Time: 4327.73739695549
