torch.Size([3024, 1, 325, 12])
torch.Size([3024, 1, 325, 12])
torch.Size([3024, 1, 325, 12])
==================================================  Training  ==================================================
Epoch:0
Valid RMSE: 8.624691009521484
====================================================================================================
Epoch:1
Valid RMSE: 6.992300033569336
====================================================================================================
Epoch:2
Valid RMSE: 6.036948204040527
====================================================================================================
Epoch:3
Valid RMSE: 5.844568252563477
====================================================================================================
Epoch:4
Valid RMSE: 5.7074666023254395
====================================================================================================
Epoch:5
Valid RMSE: 5.628745079040527
====================================================================================================
Epoch:6
Valid RMSE: 5.649176597595215
EarlyStopping counter: 1 out of 20
====================================================================================================
Epoch:7
Valid RMSE: 5.5934882164001465
====================================================================================================
Epoch:8
Valid RMSE: 5.569363594055176
====================================================================================================
Epoch:9
Valid RMSE: 5.473656177520752
====================================================================================================
Epoch:10
Valid RMSE: 5.448333740234375
====================================================================================================
Epoch:11
Valid RMSE: 5.410165786743164
====================================================================================================
Epoch:12
Valid RMSE: 5.383878707885742
====================================================================================================
Epoch:13
Valid RMSE: 5.36547327041626
====================================================================================================
Epoch:14
Valid RMSE: 5.317258358001709
====================================================================================================
Epoch:15
Valid RMSE: 5.255734443664551
====================================================================================================
Epoch:16
Valid RMSE: 5.178267955780029
====================================================================================================
Epoch:17
Valid RMSE: 5.15702486038208
====================================================================================================
Epoch:18
Valid RMSE: 5.138606071472168
====================================================================================================
Epoch:19
Valid RMSE: 5.1377363204956055
====================================================================================================
Epoch:20
Valid RMSE: 5.073087215423584
====================================================================================================
Epoch:21
Valid RMSE: 5.073134899139404
EarlyStopping counter: 1 out of 20
====================================================================================================
Epoch:22
Valid RMSE: 5.0522308349609375
====================================================================================================
Epoch:23
Valid RMSE: 5.032204627990723
====================================================================================================
Epoch:24
Valid RMSE: 5.0130815505981445
====================================================================================================
Epoch:25
Valid RMSE: 4.994328022003174
====================================================================================================
Epoch:26
Valid RMSE: 5.00206184387207
EarlyStopping counter: 1 out of 20
====================================================================================================
Epoch:27
Valid RMSE: 4.954789161682129
====================================================================================================
Epoch:28
Valid RMSE: 4.971892356872559
EarlyStopping counter: 1 out of 20
====================================================================================================
Epoch:29
Valid RMSE: 4.931090354919434
====================================================================================================
Epoch:30
Valid RMSE: 4.933257102966309
EarlyStopping counter: 1 out of 20
====================================================================================================
Epoch:31
Valid RMSE: 4.90789794921875
====================================================================================================
Epoch:32
Valid RMSE: 4.905145645141602
====================================================================================================
Epoch:33
Valid RMSE: 4.912158012390137
EarlyStopping counter: 1 out of 20
====================================================================================================
Epoch:34
Valid RMSE: 4.888149261474609
====================================================================================================
Epoch:35
Valid RMSE: 4.871744632720947
====================================================================================================
Epoch:36
Valid RMSE: 4.856156349182129
====================================================================================================
Epoch:37
Valid RMSE: 4.8664984703063965
EarlyStopping counter: 1 out of 20
====================================================================================================
Epoch:38
Valid RMSE: 4.879579067230225
EarlyStopping counter: 2 out of 20
====================================================================================================
Epoch:39
Valid RMSE: 4.870148181915283
EarlyStopping counter: 3 out of 20
====================================================================================================
Epoch:40
Valid RMSE: 4.8250298500061035
====================================================================================================
Epoch:41
Valid RMSE: 4.821667671203613
====================================================================================================
Epoch:42
Valid RMSE: 4.807076454162598
====================================================================================================
Epoch:43
Valid RMSE: 4.765896797180176
====================================================================================================
Epoch:44
Valid RMSE: 4.7995195388793945
EarlyStopping counter: 1 out of 20
====================================================================================================
Epoch:45
Valid RMSE: 4.778750896453857
EarlyStopping counter: 2 out of 20
====================================================================================================
Epoch:46
Valid RMSE: 4.798234939575195
EarlyStopping counter: 3 out of 20
====================================================================================================
Epoch:47
Valid RMSE: 4.778565883636475
EarlyStopping counter: 4 out of 20
====================================================================================================
Epoch:48
Valid RMSE: 4.795156002044678
EarlyStopping counter: 5 out of 20
====================================================================================================
Epoch:49
Valid RMSE: 4.75214958190918
====================================================================================================
Epoch:50
Valid RMSE: 4.753121376037598
EarlyStopping counter: 1 out of 20
====================================================================================================
Epoch:51
Valid RMSE: 4.754571914672852
EarlyStopping counter: 2 out of 20
====================================================================================================
Epoch:52
Valid RMSE: 4.729812145233154
====================================================================================================
Epoch:53
Valid RMSE: 4.700201034545898
====================================================================================================
Epoch:54
Valid RMSE: 4.70127534866333
EarlyStopping counter: 1 out of 20
====================================================================================================
Epoch:55
Valid RMSE: 4.684119701385498
====================================================================================================
Epoch:56
Valid RMSE: 4.692473411560059
EarlyStopping counter: 1 out of 20
====================================================================================================
Epoch:57
Valid RMSE: 4.721216201782227
EarlyStopping counter: 2 out of 20
====================================================================================================
Epoch:58
Valid RMSE: 4.66912841796875
====================================================================================================
Epoch:59
Valid RMSE: 4.682530403137207
EarlyStopping counter: 1 out of 20
====================================================================================================
Epoch:60
Valid RMSE: 4.672856330871582
EarlyStopping counter: 2 out of 20
====================================================================================================
Epoch:61
Valid RMSE: 4.640746593475342
====================================================================================================
Epoch:62
Valid RMSE: 4.650152206420898
EarlyStopping counter: 1 out of 20
====================================================================================================
Epoch:63
Valid RMSE: 4.658411502838135
EarlyStopping counter: 2 out of 20
====================================================================================================
Epoch:64
Valid RMSE: 4.633813381195068
====================================================================================================
Epoch:65
Valid RMSE: 4.684724807739258
EarlyStopping counter: 1 out of 20
====================================================================================================
Epoch:66
Valid RMSE: 4.611037731170654
====================================================================================================
Epoch:67
Valid RMSE: 4.6175856590271
EarlyStopping counter: 1 out of 20
====================================================================================================
Epoch:68
Valid RMSE: 4.592013359069824
====================================================================================================
Epoch:69
Valid RMSE: 4.622364521026611
EarlyStopping counter: 1 out of 20
====================================================================================================
Epoch:70
Valid RMSE: 4.586246013641357
====================================================================================================
Epoch:71
Valid RMSE: 4.6060099601745605
EarlyStopping counter: 1 out of 20
====================================================================================================
Epoch:72
Valid RMSE: 4.581369876861572
====================================================================================================
Epoch:73
Valid RMSE: 4.554437160491943
====================================================================================================
Epoch:74
Valid RMSE: 4.583195209503174
EarlyStopping counter: 1 out of 20
====================================================================================================
Epoch:75
Valid RMSE: 4.540396213531494
====================================================================================================
Epoch:76
Valid RMSE: 4.55476713180542
EarlyStopping counter: 1 out of 20
====================================================================================================
Epoch:77
Valid RMSE: 4.595537185668945
EarlyStopping counter: 2 out of 20
====================================================================================================
Epoch:78
Valid RMSE: 4.586955547332764
EarlyStopping counter: 3 out of 20
====================================================================================================
Epoch:79
Valid RMSE: 4.543694972991943
EarlyStopping counter: 4 out of 20
====================================================================================================
Epoch:80
Valid RMSE: 4.532649040222168
====================================================================================================
Epoch:81
Valid RMSE: 4.540053367614746
EarlyStopping counter: 1 out of 20
====================================================================================================
Epoch:82
Valid RMSE: 4.534795761108398
EarlyStopping counter: 2 out of 20
====================================================================================================
Epoch:83
Valid RMSE: 4.533299922943115
EarlyStopping counter: 3 out of 20
====================================================================================================
Epoch:84
Valid RMSE: 4.508135795593262
====================================================================================================
Epoch:85
Valid RMSE: 4.501368522644043
====================================================================================================
Epoch:86
Valid RMSE: 4.524285316467285
EarlyStopping counter: 1 out of 20
====================================================================================================
Epoch:87
Valid RMSE: 4.50417423248291
EarlyStopping counter: 2 out of 20
====================================================================================================
Epoch:88
Valid RMSE: 4.5285844802856445
EarlyStopping counter: 3 out of 20
====================================================================================================
Epoch:89
Valid RMSE: 4.498425483703613
====================================================================================================
Epoch:90
Valid RMSE: 4.492419719696045
====================================================================================================
Epoch:91
Valid RMSE: 4.496424198150635
EarlyStopping counter: 1 out of 20
====================================================================================================
Epoch:92
Valid RMSE: 4.483543872833252
====================================================================================================
Epoch:93
Valid RMSE: 4.512592792510986
EarlyStopping counter: 1 out of 20
====================================================================================================
Epoch:94
Valid RMSE: 4.4981536865234375
EarlyStopping counter: 2 out of 20
====================================================================================================
Epoch:95
Valid RMSE: 4.505644798278809
EarlyStopping counter: 3 out of 20
====================================================================================================
Epoch:96
Valid RMSE: 4.455233573913574
====================================================================================================
Epoch:97
Valid RMSE: 4.456602573394775
EarlyStopping counter: 1 out of 20
====================================================================================================
Epoch:98
Valid RMSE: 4.45207405090332
====================================================================================================
Epoch:99
Valid RMSE: 4.439730167388916
====================================================================================================
Epoch:100
Valid RMSE: 4.43693208694458
====================================================================================================
Epoch:101
Valid RMSE: 4.5109333992004395
EarlyStopping counter: 1 out of 20
====================================================================================================
Epoch:102
Valid RMSE: 4.433488845825195
====================================================================================================
Epoch:103
Valid RMSE: 4.447622299194336
EarlyStopping counter: 1 out of 20
====================================================================================================
Epoch:104
Valid RMSE: 4.423201084136963
====================================================================================================
Epoch:105
Valid RMSE: 4.446073055267334
EarlyStopping counter: 1 out of 20
====================================================================================================
Epoch:106
Valid RMSE: 4.409743309020996
====================================================================================================
Epoch:107
Valid RMSE: 4.451901435852051
EarlyStopping counter: 1 out of 20
====================================================================================================
Epoch:108
Valid RMSE: 4.458807468414307
EarlyStopping counter: 2 out of 20
====================================================================================================
Epoch:109
Valid RMSE: 4.391335487365723
====================================================================================================
Epoch:110
Valid RMSE: 4.431460857391357
EarlyStopping counter: 1 out of 20
====================================================================================================
Epoch:111
Valid RMSE: 4.410039901733398
EarlyStopping counter: 2 out of 20
====================================================================================================
Epoch:112
Valid RMSE: 4.430728435516357
EarlyStopping counter: 3 out of 20
====================================================================================================
Epoch:113
Valid RMSE: 4.394227504730225
EarlyStopping counter: 4 out of 20
====================================================================================================
Epoch:114
Valid RMSE: 4.392644882202148
EarlyStopping counter: 5 out of 20
====================================================================================================
Epoch:115
Valid RMSE: 4.438196182250977
EarlyStopping counter: 6 out of 20
====================================================================================================
Epoch:116
Valid RMSE: 4.398191452026367
EarlyStopping counter: 7 out of 20
====================================================================================================
Epoch:117
Valid RMSE: 4.373039245605469
====================================================================================================
Epoch:118
Valid RMSE: 4.379251003265381
EarlyStopping counter: 1 out of 20
====================================================================================================
Epoch:119
Valid RMSE: 4.4102702140808105
EarlyStopping counter: 2 out of 20
====================================================================================================
Epoch:120
Valid RMSE: 4.364309310913086
====================================================================================================
Epoch:121
Valid RMSE: 4.394877910614014
EarlyStopping counter: 1 out of 20
====================================================================================================
Epoch:122
Valid RMSE: 4.384608268737793
EarlyStopping counter: 2 out of 20
====================================================================================================
Epoch:123
Valid RMSE: 4.348999500274658
====================================================================================================
Epoch:124
Valid RMSE: 4.346958637237549
====================================================================================================
Epoch:125
Valid RMSE: 4.368443012237549
EarlyStopping counter: 1 out of 20
====================================================================================================
Epoch:126
Valid RMSE: 4.388352394104004
EarlyStopping counter: 2 out of 20
====================================================================================================
Epoch:127
Valid RMSE: 4.338125705718994
====================================================================================================
Epoch:128
Valid RMSE: 4.30838680267334
====================================================================================================
Epoch:129
Valid RMSE: 4.361618995666504
EarlyStopping counter: 1 out of 20
====================================================================================================
Epoch:130
Valid RMSE: 4.312629222869873
EarlyStopping counter: 2 out of 20
====================================================================================================
Epoch:131
Valid RMSE: 4.316498756408691
EarlyStopping counter: 3 out of 20
====================================================================================================
Epoch:132
Valid RMSE: 4.307709693908691
====================================================================================================
Epoch:133
Valid RMSE: 4.340397834777832
EarlyStopping counter: 1 out of 20
====================================================================================================
Epoch:134
Valid RMSE: 4.329241752624512
EarlyStopping counter: 2 out of 20
====================================================================================================
Epoch:135
Valid RMSE: 4.317708492279053
EarlyStopping counter: 3 out of 20
====================================================================================================
Epoch:136
Valid RMSE: 4.301604747772217
====================================================================================================
Epoch:137
Valid RMSE: 4.3430938720703125
EarlyStopping counter: 1 out of 20
====================================================================================================
Epoch:138
Valid RMSE: 4.2858991622924805
====================================================================================================
Epoch:139
Valid RMSE: 4.311522483825684
EarlyStopping counter: 1 out of 20
====================================================================================================
Epoch:140
Valid RMSE: 4.342939853668213
EarlyStopping counter: 2 out of 20
====================================================================================================
Epoch:141
Valid RMSE: 4.29628324508667
EarlyStopping counter: 3 out of 20
====================================================================================================
Epoch:142
Valid RMSE: 4.290835380554199
EarlyStopping counter: 4 out of 20
====================================================================================================
Epoch:143
Valid RMSE: 4.2887091636657715
EarlyStopping counter: 5 out of 20
====================================================================================================
Epoch:144
Valid RMSE: 4.304646968841553
EarlyStopping counter: 6 out of 20
====================================================================================================
Epoch:145
Valid RMSE: 4.298242568969727
EarlyStopping counter: 7 out of 20
====================================================================================================
Epoch:146
Valid RMSE: 4.271689414978027
====================================================================================================
Epoch:147
Valid RMSE: 4.317710876464844
EarlyStopping counter: 1 out of 20
====================================================================================================
Epoch:148
Valid RMSE: 4.266232013702393
====================================================================================================
Epoch:149
Valid RMSE: 4.277106285095215
EarlyStopping counter: 1 out of 20
====================================================================================================
Epoch:150
Valid RMSE: 4.269603252410889
EarlyStopping counter: 2 out of 20
====================================================================================================
Epoch:151
Valid RMSE: 4.302253246307373
EarlyStopping counter: 3 out of 20
====================================================================================================
Epoch:152
Valid RMSE: 4.252287864685059
====================================================================================================
Epoch:153
Valid RMSE: 4.252065658569336
====================================================================================================
Epoch:154
Valid RMSE: 4.291806697845459
EarlyStopping counter: 1 out of 20
====================================================================================================
Epoch:155
Valid RMSE: 4.230658531188965
====================================================================================================
Epoch:156
Valid RMSE: 4.263431072235107
EarlyStopping counter: 1 out of 20
====================================================================================================
Epoch:157
Valid RMSE: 4.2495269775390625
EarlyStopping counter: 2 out of 20
====================================================================================================
Epoch:158
Valid RMSE: 4.249571800231934
EarlyStopping counter: 3 out of 20
====================================================================================================
Epoch:159
Valid RMSE: 4.303742408752441
EarlyStopping counter: 4 out of 20
====================================================================================================
Epoch:160
Valid RMSE: 4.277737140655518
EarlyStopping counter: 5 out of 20
====================================================================================================
Epoch:161
Valid RMSE: 4.222043514251709
====================================================================================================
Epoch:162
Valid RMSE: 4.248916149139404
EarlyStopping counter: 1 out of 20
====================================================================================================
Epoch:163
Valid RMSE: 4.252657413482666
EarlyStopping counter: 2 out of 20
====================================================================================================
Epoch:164
Valid RMSE: 4.237191677093506
EarlyStopping counter: 3 out of 20
====================================================================================================
Epoch:165
Valid RMSE: 4.239935874938965
EarlyStopping counter: 4 out of 20
====================================================================================================
Epoch:166
Valid RMSE: 4.244899272918701
EarlyStopping counter: 5 out of 20
====================================================================================================
Epoch:167
Valid RMSE: 4.240182399749756
EarlyStopping counter: 6 out of 20
====================================================================================================
Epoch:168
Valid RMSE: 4.235461235046387
EarlyStopping counter: 7 out of 20
====================================================================================================
Epoch:169
Valid RMSE: 4.210332870483398
====================================================================================================
Epoch:170
Valid RMSE: 4.2443718910217285
EarlyStopping counter: 1 out of 20
====================================================================================================
Epoch:171
Valid RMSE: 4.237024307250977
EarlyStopping counter: 2 out of 20
====================================================================================================
Epoch:172
Valid RMSE: 4.2247314453125
EarlyStopping counter: 3 out of 20
====================================================================================================
Epoch:173
Valid RMSE: 4.221506118774414
EarlyStopping counter: 4 out of 20
====================================================================================================
Epoch:174
Valid RMSE: 4.228558540344238
EarlyStopping counter: 5 out of 20
====================================================================================================
Epoch:175
Valid RMSE: 4.274259090423584
EarlyStopping counter: 6 out of 20
====================================================================================================
Epoch:176
Valid RMSE: 4.213528156280518
EarlyStopping counter: 7 out of 20
====================================================================================================
Epoch:177
Valid RMSE: 4.251231670379639
EarlyStopping counter: 8 out of 20
====================================================================================================
Epoch:178
Valid RMSE: 4.19837760925293
====================================================================================================
Epoch:179
Valid RMSE: 4.190645217895508
====================================================================================================
Epoch:180
Valid RMSE: 4.223206043243408
EarlyStopping counter: 1 out of 20
====================================================================================================
Epoch:181
Valid RMSE: 4.212099552154541
EarlyStopping counter: 2 out of 20
====================================================================================================
Epoch:182
Valid RMSE: 4.178555965423584
====================================================================================================
Epoch:183
Valid RMSE: 4.206646919250488
EarlyStopping counter: 1 out of 20
====================================================================================================
Epoch:184
Valid RMSE: 4.200840473175049
EarlyStopping counter: 2 out of 20
====================================================================================================
Epoch:185
Valid RMSE: 4.201590061187744
EarlyStopping counter: 3 out of 20
====================================================================================================
Epoch:186
Valid RMSE: 4.183757305145264
EarlyStopping counter: 4 out of 20
====================================================================================================
Epoch:187
Valid RMSE: 4.162288188934326
====================================================================================================
Epoch:188
Valid RMSE: 4.18222188949585
EarlyStopping counter: 1 out of 20
====================================================================================================
Epoch:189
Valid RMSE: 4.183551788330078
EarlyStopping counter: 2 out of 20
====================================================================================================
Epoch:190
Valid RMSE: 4.19709587097168
EarlyStopping counter: 3 out of 20
====================================================================================================
Epoch:191
Valid RMSE: 4.177706718444824
EarlyStopping counter: 4 out of 20
====================================================================================================
Epoch:192
Valid RMSE: 4.169257164001465
EarlyStopping counter: 5 out of 20
====================================================================================================
Epoch:193
Valid RMSE: 4.2284464836120605
EarlyStopping counter: 6 out of 20
====================================================================================================
Epoch:194
Valid RMSE: 4.198061943054199
EarlyStopping counter: 7 out of 20
====================================================================================================
Epoch:195
Valid RMSE: 4.185532093048096
EarlyStopping counter: 8 out of 20
====================================================================================================
Epoch:196
Valid RMSE: 4.214066505432129
EarlyStopping counter: 9 out of 20
====================================================================================================
Epoch:197
Valid RMSE: 4.139037609100342
====================================================================================================
Epoch:198
Valid RMSE: 4.161798477172852
EarlyStopping counter: 1 out of 20
====================================================================================================
Epoch:199
Valid RMSE: 4.145655155181885
EarlyStopping counter: 2 out of 20
====================================================================================================
Epoch:200
Valid RMSE: 4.144294261932373
EarlyStopping counter: 3 out of 20
====================================================================================================
Epoch:201
Valid RMSE: 4.160514831542969
EarlyStopping counter: 4 out of 20
====================================================================================================
Epoch:202
Valid RMSE: 4.135125160217285
====================================================================================================
Epoch:203
Valid RMSE: 4.135183811187744
EarlyStopping counter: 1 out of 20
====================================================================================================
Epoch:204
Valid RMSE: 4.150367259979248
EarlyStopping counter: 2 out of 20
====================================================================================================
Epoch:205
Valid RMSE: 4.148388862609863
EarlyStopping counter: 3 out of 20
====================================================================================================
Epoch:206
Valid RMSE: 4.126799583435059
====================================================================================================
Epoch:207
Valid RMSE: 4.180326461791992
EarlyStopping counter: 1 out of 20
====================================================================================================
Epoch:208
Valid RMSE: 4.123257160186768
====================================================================================================
Epoch:209
Valid RMSE: 4.108077049255371
====================================================================================================
Epoch:210
Valid RMSE: 4.117968559265137
EarlyStopping counter: 1 out of 20
====================================================================================================
Epoch:211
Valid RMSE: 4.166286945343018
EarlyStopping counter: 2 out of 20
====================================================================================================
Epoch:212
Valid RMSE: 4.133266925811768
EarlyStopping counter: 3 out of 20
====================================================================================================
Epoch:213
Valid RMSE: 4.133978366851807
EarlyStopping counter: 4 out of 20
====================================================================================================
Epoch:214
Valid RMSE: 4.127315521240234
EarlyStopping counter: 5 out of 20
====================================================================================================
Epoch:215
Valid RMSE: 4.11106538772583
EarlyStopping counter: 6 out of 20
====================================================================================================
Epoch:216
Valid RMSE: 4.142859935760498
EarlyStopping counter: 7 out of 20
====================================================================================================
Epoch:217
Valid RMSE: 4.136007308959961
EarlyStopping counter: 8 out of 20
====================================================================================================
Epoch:218
Valid RMSE: 4.146134376525879
EarlyStopping counter: 9 out of 20
====================================================================================================
Epoch:219
Valid RMSE: 4.1529998779296875
EarlyStopping counter: 10 out of 20
====================================================================================================
Epoch:220
Valid RMSE: 4.140490531921387
EarlyStopping counter: 11 out of 20
====================================================================================================
Epoch:221
Valid RMSE: 4.101794719696045
====================================================================================================
Epoch:222
Valid RMSE: 4.1368889808654785
EarlyStopping counter: 1 out of 20
====================================================================================================
Epoch:223
Valid RMSE: 4.15192985534668
EarlyStopping counter: 2 out of 20
====================================================================================================
Epoch:224
Valid RMSE: 4.088325023651123
====================================================================================================
Epoch:225
Valid RMSE: 4.109248638153076
EarlyStopping counter: 1 out of 20
====================================================================================================
Epoch:226
Valid RMSE: 4.106253623962402
EarlyStopping counter: 2 out of 20
====================================================================================================
Epoch:227
Valid RMSE: 4.120657444000244
EarlyStopping counter: 3 out of 20
====================================================================================================
Epoch:228
Valid RMSE: 4.126872539520264
EarlyStopping counter: 4 out of 20
====================================================================================================
Epoch:229
Valid RMSE: 4.109177589416504
EarlyStopping counter: 5 out of 20
====================================================================================================
Epoch:230
Valid RMSE: 4.095583915710449
EarlyStopping counter: 6 out of 20
====================================================================================================
Epoch:231
Valid RMSE: 4.100193500518799
EarlyStopping counter: 7 out of 20
====================================================================================================
Epoch:232
Valid RMSE: 4.104458808898926
EarlyStopping counter: 8 out of 20
====================================================================================================
Epoch:233
Valid RMSE: 4.0781636238098145
====================================================================================================
Epoch:234
Valid RMSE: 4.096505165100098
EarlyStopping counter: 1 out of 20
====================================================================================================
Epoch:235
Valid RMSE: 4.136655807495117
EarlyStopping counter: 2 out of 20
====================================================================================================
Epoch:236
Valid RMSE: 4.093907356262207
EarlyStopping counter: 3 out of 20
====================================================================================================
Epoch:237
Valid RMSE: 4.11447811126709
EarlyStopping counter: 4 out of 20
====================================================================================================
Epoch:238
Valid RMSE: 4.075634479522705
====================================================================================================
Epoch:239
Valid RMSE: 4.092321872711182
EarlyStopping counter: 1 out of 20
====================================================================================================
Epoch:240
Valid RMSE: 4.076312065124512
EarlyStopping counter: 2 out of 20
====================================================================================================
Epoch:241
Valid RMSE: 4.075127124786377
====================================================================================================
Epoch:242
Valid RMSE: 4.120224952697754
EarlyStopping counter: 1 out of 20
====================================================================================================
Epoch:243
Valid RMSE: 4.1097517013549805
EarlyStopping counter: 2 out of 20
====================================================================================================
Epoch:244
Valid RMSE: 4.102480888366699
EarlyStopping counter: 3 out of 20
====================================================================================================
Epoch:245
Valid RMSE: 4.085394382476807
EarlyStopping counter: 4 out of 20
====================================================================================================
Epoch:246
Valid RMSE: 4.061206340789795
====================================================================================================
Epoch:247
Valid RMSE: 4.056892395019531
====================================================================================================
Epoch:248
Valid RMSE: 4.077225685119629
EarlyStopping counter: 1 out of 20
====================================================================================================
Epoch:249
Valid RMSE: 4.084296703338623
EarlyStopping counter: 2 out of 20
====================================================================================================
Epoch:250
Valid RMSE: 4.113522529602051
EarlyStopping counter: 3 out of 20
====================================================================================================
Epoch:251
Valid RMSE: 4.070862770080566
EarlyStopping counter: 4 out of 20
====================================================================================================
Epoch:252
Valid RMSE: 4.061830997467041
EarlyStopping counter: 5 out of 20
====================================================================================================
Epoch:253
Valid RMSE: 4.092199325561523
EarlyStopping counter: 6 out of 20
====================================================================================================
Epoch:254
Valid RMSE: 4.073630332946777
EarlyStopping counter: 7 out of 20
====================================================================================================
Epoch:255
Valid RMSE: 4.069860458374023
EarlyStopping counter: 8 out of 20
====================================================================================================
Epoch:256
Valid RMSE: 4.059939861297607
EarlyStopping counter: 9 out of 20
====================================================================================================
Epoch:257
Valid RMSE: 4.061639785766602
EarlyStopping counter: 10 out of 20
====================================================================================================
Epoch:258
Valid RMSE: 4.104363441467285
EarlyStopping counter: 11 out of 20
====================================================================================================
Epoch:259
Valid RMSE: 4.066593647003174
EarlyStopping counter: 12 out of 20
====================================================================================================
Epoch:260
Valid RMSE: 4.124093532562256
EarlyStopping counter: 13 out of 20
====================================================================================================
Epoch:261
Valid RMSE: 4.091980457305908
EarlyStopping counter: 14 out of 20
====================================================================================================
Epoch:262
Valid RMSE: 4.080199718475342
EarlyStopping counter: 15 out of 20
====================================================================================================
Epoch:263
Valid RMSE: 4.064370155334473
EarlyStopping counter: 16 out of 20
====================================================================================================
Epoch:264
Valid RMSE: 4.08812141418457
EarlyStopping counter: 17 out of 20
====================================================================================================
Epoch:265
Valid RMSE: 4.057312488555908
EarlyStopping counter: 18 out of 20
====================================================================================================
Epoch:266
Valid RMSE: 4.03262996673584
====================================================================================================
Epoch:267
Valid RMSE: 4.035323143005371
EarlyStopping counter: 1 out of 20
====================================================================================================
Epoch:268
Valid RMSE: 4.041418075561523
EarlyStopping counter: 2 out of 20
====================================================================================================
Epoch:269
Valid RMSE: 4.028194904327393
====================================================================================================
Epoch:270
Valid RMSE: 4.024697303771973
====================================================================================================
Epoch:271
Valid RMSE: 4.02378511428833
====================================================================================================
Epoch:272
Valid RMSE: 4.039811611175537
EarlyStopping counter: 1 out of 20
====================================================================================================
Epoch:273
Valid RMSE: 4.0313591957092285
EarlyStopping counter: 2 out of 20
====================================================================================================
Epoch:274
Valid RMSE: 4.022210597991943
====================================================================================================
Epoch:275
Valid RMSE: 4.038915157318115
EarlyStopping counter: 1 out of 20
====================================================================================================
Epoch:276
Valid RMSE: 4.036963939666748
EarlyStopping counter: 2 out of 20
====================================================================================================
Epoch:277
Valid RMSE: 4.038326740264893
EarlyStopping counter: 3 out of 20
====================================================================================================
Epoch:278
Valid RMSE: 4.017204761505127
====================================================================================================
Epoch:279
Valid RMSE: 4.05159854888916
EarlyStopping counter: 1 out of 20
====================================================================================================
Epoch:280
Valid RMSE: 4.040492057800293
EarlyStopping counter: 2 out of 20
====================================================================================================
Epoch:281
Valid RMSE: 4.050629138946533
EarlyStopping counter: 3 out of 20
====================================================================================================
Epoch:282
Valid RMSE: 4.057558059692383
EarlyStopping counter: 4 out of 20
====================================================================================================
Epoch:283
Valid RMSE: 4.041317462921143
EarlyStopping counter: 5 out of 20
====================================================================================================
Epoch:284
Valid RMSE: 4.072445392608643
EarlyStopping counter: 6 out of 20
====================================================================================================
Epoch:285
Valid RMSE: 4.0258331298828125
EarlyStopping counter: 7 out of 20
====================================================================================================
Epoch:286
Valid RMSE: 4.014853477478027
====================================================================================================
Epoch:287
Valid RMSE: 4.009368419647217
====================================================================================================
Epoch:288
Valid RMSE: 4.029205322265625
EarlyStopping counter: 1 out of 20
====================================================================================================
Epoch:289
Valid RMSE: 4.03474760055542
EarlyStopping counter: 2 out of 20
====================================================================================================
Epoch:290
Valid RMSE: 4.021484851837158
EarlyStopping counter: 3 out of 20
====================================================================================================
Epoch:291
Valid RMSE: 4.018221378326416
EarlyStopping counter: 4 out of 20
====================================================================================================
Epoch:292
Valid RMSE: 4.035525321960449
EarlyStopping counter: 5 out of 20
====================================================================================================
Epoch:293
Valid RMSE: 4.021904945373535
EarlyStopping counter: 6 out of 20
====================================================================================================
Epoch:294
Valid RMSE: 4.021507740020752
EarlyStopping counter: 7 out of 20
====================================================================================================
Epoch:295
Valid RMSE: 4.051557540893555
EarlyStopping counter: 8 out of 20
====================================================================================================
Epoch:296
Valid RMSE: 3.996306896209717
====================================================================================================
Epoch:297
Valid RMSE: 3.997037172317505
EarlyStopping counter: 1 out of 20
====================================================================================================
Epoch:298
Valid RMSE: 3.9946224689483643
====================================================================================================
Epoch:299
Valid RMSE: 4.005777359008789
EarlyStopping counter: 1 out of 20
====================================================================================================
Epoch:300
Valid RMSE: 4.035585403442383
EarlyStopping counter: 2 out of 20
====================================================================================================
Epoch:301
Valid RMSE: 4.023422718048096
EarlyStopping counter: 3 out of 20
====================================================================================================
Epoch:302
Valid RMSE: 4.020419597625732
EarlyStopping counter: 4 out of 20
====================================================================================================
Epoch:303
Valid RMSE: 4.011917591094971
EarlyStopping counter: 5 out of 20
====================================================================================================
Epoch:304
Valid RMSE: 4.062100410461426
EarlyStopping counter: 6 out of 20
====================================================================================================
Epoch:305
Valid RMSE: 4.000174522399902
EarlyStopping counter: 7 out of 20
====================================================================================================
Epoch:306
Valid RMSE: 4.058105945587158
EarlyStopping counter: 8 out of 20
====================================================================================================
Epoch:307
Valid RMSE: 3.9918577671051025
====================================================================================================
Epoch:308
Valid RMSE: 4.012489318847656
EarlyStopping counter: 1 out of 20
====================================================================================================
Epoch:309
Valid RMSE: 3.9967002868652344
EarlyStopping counter: 2 out of 20
====================================================================================================
Epoch:310
Valid RMSE: 4.03149938583374
EarlyStopping counter: 3 out of 20
====================================================================================================
Epoch:311
Valid RMSE: 3.997368335723877
EarlyStopping counter: 4 out of 20
====================================================================================================
Epoch:312
Valid RMSE: 4.004505634307861
EarlyStopping counter: 5 out of 20
====================================================================================================
Epoch:313
Valid RMSE: 4.006405830383301
EarlyStopping counter: 6 out of 20
====================================================================================================
Epoch:314
Valid RMSE: 4.003200054168701
EarlyStopping counter: 7 out of 20
====================================================================================================
Epoch:315
Valid RMSE: 3.9994773864746094
EarlyStopping counter: 8 out of 20
====================================================================================================
Epoch:316
Valid RMSE: 4.047541618347168
EarlyStopping counter: 9 out of 20
====================================================================================================
Epoch:317
Valid RMSE: 4.030857563018799
EarlyStopping counter: 10 out of 20
====================================================================================================
Epoch:318
Valid RMSE: 4.016669750213623
EarlyStopping counter: 11 out of 20
====================================================================================================
Epoch:319
Valid RMSE: 3.9853742122650146
====================================================================================================
Epoch:320
Valid RMSE: 4.017899513244629
EarlyStopping counter: 1 out of 20
====================================================================================================
Epoch:321
Valid RMSE: 4.029902935028076
EarlyStopping counter: 2 out of 20
====================================================================================================
Epoch:322
Valid RMSE: 4.021930694580078
EarlyStopping counter: 3 out of 20
====================================================================================================
Epoch:323
Valid RMSE: 4.019713401794434
EarlyStopping counter: 4 out of 20
====================================================================================================
Epoch:324
Valid RMSE: 3.9848432540893555
====================================================================================================
Epoch:325
Valid RMSE: 4.024266242980957
EarlyStopping counter: 1 out of 20
====================================================================================================
Epoch:326
Valid RMSE: 3.9991722106933594
EarlyStopping counter: 2 out of 20
====================================================================================================
Epoch:327
Valid RMSE: 3.9846181869506836
====================================================================================================
Epoch:328
Valid RMSE: 4.009482383728027
EarlyStopping counter: 1 out of 20
====================================================================================================
Epoch:329
Valid RMSE: 4.021429061889648
EarlyStopping counter: 2 out of 20
====================================================================================================
Epoch:330
Valid RMSE: 3.995281457901001
EarlyStopping counter: 3 out of 20
====================================================================================================
Epoch:331
Valid RMSE: 3.973928689956665
====================================================================================================
Epoch:332
Valid RMSE: 4.007480621337891
EarlyStopping counter: 1 out of 20
====================================================================================================
Epoch:333
Valid RMSE: 4.010322570800781
EarlyStopping counter: 2 out of 20
====================================================================================================
Epoch:334
Valid RMSE: 3.9892454147338867
EarlyStopping counter: 3 out of 20
====================================================================================================
Epoch:335
Valid RMSE: 4.047118186950684
EarlyStopping counter: 4 out of 20
====================================================================================================
Epoch:336
Valid RMSE: 4.027148246765137
EarlyStopping counter: 5 out of 20
====================================================================================================
Epoch:337
Valid RMSE: 3.9717118740081787
====================================================================================================
Epoch:338
Valid RMSE: 3.9861581325531006
EarlyStopping counter: 1 out of 20
====================================================================================================
Epoch:339
Valid RMSE: 4.036001205444336
EarlyStopping counter: 2 out of 20
====================================================================================================
Epoch:340
Valid RMSE: 4.012660503387451
EarlyStopping counter: 3 out of 20
====================================================================================================
Epoch:341
Valid RMSE: 4.0170392990112305
EarlyStopping counter: 4 out of 20
====================================================================================================
Epoch:342
Valid RMSE: 4.035633563995361
EarlyStopping counter: 5 out of 20
====================================================================================================
Epoch:343
Valid RMSE: 3.9884233474731445
EarlyStopping counter: 6 out of 20
====================================================================================================
Epoch:344
Valid RMSE: 3.979095458984375
EarlyStopping counter: 7 out of 20
====================================================================================================
Epoch:345
Valid RMSE: 4.023268699645996
EarlyStopping counter: 8 out of 20
====================================================================================================
Epoch:346
Valid RMSE: 3.9904632568359375
EarlyStopping counter: 9 out of 20
====================================================================================================
Epoch:347
Valid RMSE: 3.9578137397766113
====================================================================================================
Epoch:348
Valid RMSE: 4.004665374755859
EarlyStopping counter: 1 out of 20
====================================================================================================
Epoch:349
Valid RMSE: 3.9996373653411865
EarlyStopping counter: 2 out of 20
====================================================================================================
Epoch:350
Valid RMSE: 3.9522624015808105
====================================================================================================
Epoch:351
Valid RMSE: 3.9887771606445312
EarlyStopping counter: 1 out of 20
====================================================================================================
Epoch:352
Valid RMSE: 3.974285125732422
EarlyStopping counter: 2 out of 20
====================================================================================================
Epoch:353
Valid RMSE: 4.068871021270752
EarlyStopping counter: 3 out of 20
====================================================================================================
Epoch:354
Valid RMSE: 3.9692435264587402
EarlyStopping counter: 4 out of 20
====================================================================================================
Epoch:355
Valid RMSE: 4.018370628356934
EarlyStopping counter: 5 out of 20
====================================================================================================
Epoch:356
Valid RMSE: 4.022244453430176
EarlyStopping counter: 6 out of 20
====================================================================================================
Epoch:357
Valid RMSE: 3.964259624481201
EarlyStopping counter: 7 out of 20
====================================================================================================
Epoch:358
Valid RMSE: 3.952749729156494
EarlyStopping counter: 8 out of 20
====================================================================================================
Epoch:359
Valid RMSE: 3.9785871505737305
EarlyStopping counter: 9 out of 20
====================================================================================================
Epoch:360
Valid RMSE: 3.9825451374053955
EarlyStopping counter: 10 out of 20
====================================================================================================
Epoch:361
Valid RMSE: 3.9480104446411133
====================================================================================================
Epoch:362
Valid RMSE: 3.940706729888916
====================================================================================================
Epoch:363
Valid RMSE: 3.9460349082946777
EarlyStopping counter: 1 out of 20
====================================================================================================
Epoch:364
Valid RMSE: 3.9688632488250732
EarlyStopping counter: 2 out of 20
====================================================================================================
Epoch:365
Valid RMSE: 3.9988839626312256
EarlyStopping counter: 3 out of 20
====================================================================================================
Epoch:366
Valid RMSE: 3.9466352462768555
EarlyStopping counter: 4 out of 20
====================================================================================================
Epoch:367
Valid RMSE: 3.983318567276001
EarlyStopping counter: 5 out of 20
====================================================================================================
Epoch:368
Valid RMSE: 3.9409830570220947
EarlyStopping counter: 6 out of 20
====================================================================================================
Epoch:369
Valid RMSE: 3.9914956092834473
EarlyStopping counter: 7 out of 20
====================================================================================================
Epoch:370
Valid RMSE: 3.983097553253174
EarlyStopping counter: 8 out of 20
====================================================================================================
Epoch:371
Valid RMSE: 3.977872371673584
EarlyStopping counter: 9 out of 20
====================================================================================================
Epoch:372
Valid RMSE: 3.9631528854370117
EarlyStopping counter: 10 out of 20
====================================================================================================
Epoch:373
Valid RMSE: 3.9769604206085205
EarlyStopping counter: 11 out of 20
====================================================================================================
Epoch:374
Valid RMSE: 4.0108866691589355
EarlyStopping counter: 12 out of 20
====================================================================================================
Epoch:375
Valid RMSE: 3.9471516609191895
EarlyStopping counter: 13 out of 20
====================================================================================================
Epoch:376
Valid RMSE: 3.943751335144043
EarlyStopping counter: 14 out of 20
====================================================================================================
Epoch:377
Valid RMSE: 3.951880931854248
EarlyStopping counter: 15 out of 20
====================================================================================================
Epoch:378
Valid RMSE: 3.9597291946411133
EarlyStopping counter: 16 out of 20
====================================================================================================
Epoch:379
Valid RMSE: 3.9561750888824463
EarlyStopping counter: 17 out of 20
====================================================================================================
Epoch:380
Valid RMSE: 3.957974910736084
EarlyStopping counter: 18 out of 20
====================================================================================================
Epoch:381
Valid RMSE: 4.000332355499268
EarlyStopping counter: 19 out of 20
====================================================================================================
Epoch:382
Valid RMSE: 3.9587996006011963
EarlyStopping counter: 20 out of 20
Early stopping
torch.Size([3024, 1, 325, 12])
torch.Size([3024, 1, 325, 12])
torch.Size([3024, 1, 325, 12])
==================================================  Testing  ==================================================
predict shape:  (864, 325, 12)
MAE: 2.226 RMSE: 4.121 MAPE: 5.051
Spend Time: 7091.397115468979
