torch.Size([3024, 1, 325, 12])
torch.Size([3024, 1, 325, 12])
torch.Size([3024, 1, 325, 12])
==================================================  Training  ==================================================
Epoch:0
Valid RMSE: 9.028326034545898
====================================================================================================
Epoch:1
Valid RMSE: 7.103592872619629
====================================================================================================
Epoch:2
Valid RMSE: 6.159134864807129
====================================================================================================
Epoch:3
Valid RMSE: 5.8608880043029785
====================================================================================================
Epoch:4
Valid RMSE: 5.7636494636535645
====================================================================================================
Epoch:5
Valid RMSE: 5.667971611022949
====================================================================================================
Epoch:6
Valid RMSE: 5.651339054107666
====================================================================================================
Epoch:7
Valid RMSE: 5.649543285369873
====================================================================================================
Epoch:8
Valid RMSE: 5.593586444854736
====================================================================================================
Epoch:9
Valid RMSE: 5.570564270019531
====================================================================================================
Epoch:10
Valid RMSE: 5.553004264831543
====================================================================================================
Epoch:11
Valid RMSE: 5.484616756439209
====================================================================================================
Epoch:12
Valid RMSE: 5.478382587432861
====================================================================================================
Epoch:13
Valid RMSE: 5.444792747497559
====================================================================================================
Epoch:14
Valid RMSE: 5.403380393981934
====================================================================================================
Epoch:15
Valid RMSE: 5.377413272857666
====================================================================================================
Epoch:16
Valid RMSE: 5.270167827606201
====================================================================================================
Epoch:17
Valid RMSE: 5.2811479568481445
EarlyStopping counter: 1 out of 20
====================================================================================================
Epoch:18
Valid RMSE: 5.191665172576904
====================================================================================================
Epoch:19
Valid RMSE: 5.223241806030273
EarlyStopping counter: 1 out of 20
====================================================================================================
Epoch:20
Valid RMSE: 5.1992692947387695
EarlyStopping counter: 2 out of 20
====================================================================================================
Epoch:21
Valid RMSE: 5.1669816970825195
====================================================================================================
Epoch:22
Valid RMSE: 5.110526084899902
====================================================================================================
Epoch:23
Valid RMSE: 5.069448471069336
====================================================================================================
Epoch:24
Valid RMSE: 5.07171630859375
EarlyStopping counter: 1 out of 20
====================================================================================================
Epoch:25
Valid RMSE: 5.031450271606445
====================================================================================================
Epoch:26
Valid RMSE: 5.01300048828125
====================================================================================================
Epoch:27
Valid RMSE: 5.014242172241211
EarlyStopping counter: 1 out of 20
====================================================================================================
Epoch:28
Valid RMSE: 5.023778438568115
EarlyStopping counter: 2 out of 20
====================================================================================================
Epoch:29
Valid RMSE: 4.998288631439209
====================================================================================================
Epoch:30
Valid RMSE: 4.997292518615723
====================================================================================================
Epoch:31
Valid RMSE: 4.98340368270874
====================================================================================================
Epoch:32
Valid RMSE: 4.963566780090332
====================================================================================================
Epoch:33
Valid RMSE: 4.964774131774902
EarlyStopping counter: 1 out of 20
====================================================================================================
Epoch:34
Valid RMSE: 4.900518417358398
====================================================================================================
Epoch:35
Valid RMSE: 4.907438278198242
EarlyStopping counter: 1 out of 20
====================================================================================================
Epoch:36
Valid RMSE: 4.9402947425842285
EarlyStopping counter: 2 out of 20
====================================================================================================
Epoch:37
Valid RMSE: 4.880681991577148
====================================================================================================
Epoch:38
Valid RMSE: 4.940661430358887
EarlyStopping counter: 1 out of 20
====================================================================================================
Epoch:39
Valid RMSE: 4.886078834533691
EarlyStopping counter: 2 out of 20
====================================================================================================
Epoch:40
Valid RMSE: 4.894954204559326
EarlyStopping counter: 3 out of 20
====================================================================================================
Epoch:41
Valid RMSE: 4.856058597564697
====================================================================================================
Epoch:42
Valid RMSE: 4.870767593383789
EarlyStopping counter: 1 out of 20
====================================================================================================
Epoch:43
Valid RMSE: 4.885140895843506
EarlyStopping counter: 2 out of 20
====================================================================================================
Epoch:44
Valid RMSE: 4.8377580642700195
====================================================================================================
Epoch:45
Valid RMSE: 4.870238780975342
EarlyStopping counter: 1 out of 20
====================================================================================================
Epoch:46
Valid RMSE: 4.869454383850098
EarlyStopping counter: 2 out of 20
====================================================================================================
Epoch:47
Valid RMSE: 4.846363067626953
EarlyStopping counter: 3 out of 20
====================================================================================================
Epoch:48
Valid RMSE: 4.848136901855469
EarlyStopping counter: 4 out of 20
====================================================================================================
Epoch:49
Valid RMSE: 4.817587852478027
====================================================================================================
Epoch:50
Valid RMSE: 4.814830303192139
====================================================================================================
Epoch:51
Valid RMSE: 4.806971549987793
====================================================================================================
Epoch:52
Valid RMSE: 4.787961483001709
====================================================================================================
Epoch:53
Valid RMSE: 4.79634428024292
EarlyStopping counter: 1 out of 20
====================================================================================================
Epoch:54
Valid RMSE: 4.756411552429199
====================================================================================================
Epoch:55
Valid RMSE: 4.752214431762695
====================================================================================================
Epoch:56
Valid RMSE: 4.75197696685791
====================================================================================================
Epoch:57
Valid RMSE: 4.819238662719727
EarlyStopping counter: 1 out of 20
====================================================================================================
Epoch:58
Valid RMSE: 4.744147777557373
====================================================================================================
Epoch:59
Valid RMSE: 4.747865200042725
EarlyStopping counter: 1 out of 20
====================================================================================================
Epoch:60
Valid RMSE: 4.756923198699951
EarlyStopping counter: 2 out of 20
====================================================================================================
Epoch:61
Valid RMSE: 4.747262001037598
EarlyStopping counter: 3 out of 20
====================================================================================================
Epoch:62
Valid RMSE: 4.704992294311523
====================================================================================================
Epoch:63
Valid RMSE: 4.7203898429870605
EarlyStopping counter: 1 out of 20
====================================================================================================
Epoch:64
Valid RMSE: 4.717758655548096
EarlyStopping counter: 2 out of 20
====================================================================================================
Epoch:65
Valid RMSE: 4.727178573608398
EarlyStopping counter: 3 out of 20
====================================================================================================
Epoch:66
Valid RMSE: 4.74005651473999
EarlyStopping counter: 4 out of 20
====================================================================================================
Epoch:67
Valid RMSE: 4.697812080383301
====================================================================================================
Epoch:68
Valid RMSE: 4.738329887390137
EarlyStopping counter: 1 out of 20
====================================================================================================
Epoch:69
Valid RMSE: 4.6932477951049805
====================================================================================================
Epoch:70
Valid RMSE: 4.718527317047119
EarlyStopping counter: 1 out of 20
====================================================================================================
Epoch:71
Valid RMSE: 4.669275283813477
====================================================================================================
Epoch:72
Valid RMSE: 4.676133155822754
EarlyStopping counter: 1 out of 20
====================================================================================================
Epoch:73
Valid RMSE: 4.65651273727417
====================================================================================================
Epoch:74
Valid RMSE: 4.702784538269043
EarlyStopping counter: 1 out of 20
====================================================================================================
Epoch:75
Valid RMSE: 4.640144348144531
====================================================================================================
Epoch:76
Valid RMSE: 4.629220008850098
====================================================================================================
Epoch:77
Valid RMSE: 4.722539901733398
EarlyStopping counter: 1 out of 20
====================================================================================================
Epoch:78
Valid RMSE: 4.621729373931885
====================================================================================================
Epoch:79
Valid RMSE: 4.656052589416504
EarlyStopping counter: 1 out of 20
====================================================================================================
Epoch:80
Valid RMSE: 4.6235504150390625
EarlyStopping counter: 2 out of 20
====================================================================================================
Epoch:81
Valid RMSE: 4.642404556274414
EarlyStopping counter: 3 out of 20
====================================================================================================
Epoch:82
Valid RMSE: 4.649588108062744
EarlyStopping counter: 4 out of 20
====================================================================================================
Epoch:83
Valid RMSE: 4.6415581703186035
EarlyStopping counter: 5 out of 20
====================================================================================================
Epoch:84
Valid RMSE: 4.649394512176514
EarlyStopping counter: 6 out of 20
====================================================================================================
Epoch:85
Valid RMSE: 4.655648231506348
EarlyStopping counter: 7 out of 20
====================================================================================================
Epoch:86
Valid RMSE: 4.619734764099121
====================================================================================================
Epoch:87
Valid RMSE: 4.63370418548584
EarlyStopping counter: 1 out of 20
====================================================================================================
Epoch:88
Valid RMSE: 4.657969951629639
EarlyStopping counter: 2 out of 20
====================================================================================================
Epoch:89
Valid RMSE: 4.603570461273193
====================================================================================================
Epoch:90
Valid RMSE: 4.56772518157959
====================================================================================================
Epoch:91
Valid RMSE: 4.577290058135986
EarlyStopping counter: 1 out of 20
====================================================================================================
Epoch:92
Valid RMSE: 4.57489013671875
EarlyStopping counter: 2 out of 20
====================================================================================================
Epoch:93
Valid RMSE: 4.583559036254883
EarlyStopping counter: 3 out of 20
====================================================================================================
Epoch:94
Valid RMSE: 4.556937217712402
====================================================================================================
Epoch:95
Valid RMSE: 4.554327487945557
====================================================================================================
Epoch:96
Valid RMSE: 4.539313316345215
====================================================================================================
Epoch:97
Valid RMSE: 4.571416854858398
EarlyStopping counter: 1 out of 20
====================================================================================================
Epoch:98
Valid RMSE: 4.551102161407471
EarlyStopping counter: 2 out of 20
====================================================================================================
Epoch:99
Valid RMSE: 4.567153453826904
EarlyStopping counter: 3 out of 20
====================================================================================================
Epoch:100
Valid RMSE: 4.56034517288208
EarlyStopping counter: 4 out of 20
====================================================================================================
Epoch:101
Valid RMSE: 4.5382080078125
====================================================================================================
Epoch:102
Valid RMSE: 4.536516189575195
====================================================================================================
Epoch:103
Valid RMSE: 4.545611381530762
EarlyStopping counter: 1 out of 20
====================================================================================================
Epoch:104
Valid RMSE: 4.553391456604004
EarlyStopping counter: 2 out of 20
====================================================================================================
Epoch:105
Valid RMSE: 4.527773857116699
====================================================================================================
Epoch:106
Valid RMSE: 4.491591930389404
====================================================================================================
Epoch:107
Valid RMSE: 4.5094685554504395
EarlyStopping counter: 1 out of 20
====================================================================================================
Epoch:108
Valid RMSE: 4.520495891571045
EarlyStopping counter: 2 out of 20
====================================================================================================
Epoch:109
Valid RMSE: 4.4974260330200195
EarlyStopping counter: 3 out of 20
====================================================================================================
Epoch:110
Valid RMSE: 4.491692066192627
EarlyStopping counter: 4 out of 20
====================================================================================================
Epoch:111
Valid RMSE: 4.494636058807373
EarlyStopping counter: 5 out of 20
====================================================================================================
Epoch:112
Valid RMSE: 4.489748001098633
====================================================================================================
Epoch:113
Valid RMSE: 4.4840216636657715
====================================================================================================
Epoch:114
Valid RMSE: 4.508322715759277
EarlyStopping counter: 1 out of 20
====================================================================================================
Epoch:115
Valid RMSE: 4.513070106506348
EarlyStopping counter: 2 out of 20
====================================================================================================
Epoch:116
Valid RMSE: 4.506822109222412
EarlyStopping counter: 3 out of 20
====================================================================================================
Epoch:117
Valid RMSE: 4.54161262512207
EarlyStopping counter: 4 out of 20
====================================================================================================
Epoch:118
Valid RMSE: 4.56594181060791
EarlyStopping counter: 5 out of 20
====================================================================================================
Epoch:119
Valid RMSE: 4.515456676483154
EarlyStopping counter: 6 out of 20
====================================================================================================
Epoch:120
Valid RMSE: 4.467840671539307
====================================================================================================
Epoch:121
Valid RMSE: 4.470077991485596
EarlyStopping counter: 1 out of 20
====================================================================================================
Epoch:122
Valid RMSE: 4.470346927642822
EarlyStopping counter: 2 out of 20
====================================================================================================
Epoch:123
Valid RMSE: 4.488213539123535
EarlyStopping counter: 3 out of 20
====================================================================================================
Epoch:124
Valid RMSE: 4.452804088592529
====================================================================================================
Epoch:125
Valid RMSE: 4.468179702758789
EarlyStopping counter: 1 out of 20
====================================================================================================
Epoch:126
Valid RMSE: 4.488229751586914
EarlyStopping counter: 2 out of 20
====================================================================================================
Epoch:127
Valid RMSE: 4.450333118438721
====================================================================================================
Epoch:128
Valid RMSE: 4.447213172912598
====================================================================================================
Epoch:129
Valid RMSE: 4.482276439666748
EarlyStopping counter: 1 out of 20
====================================================================================================
Epoch:130
Valid RMSE: 4.441779136657715
====================================================================================================
Epoch:131
Valid RMSE: 4.452645301818848
EarlyStopping counter: 1 out of 20
====================================================================================================
Epoch:132
Valid RMSE: 4.453861236572266
EarlyStopping counter: 2 out of 20
====================================================================================================
Epoch:133
Valid RMSE: 4.451230049133301
EarlyStopping counter: 3 out of 20
====================================================================================================
Epoch:134
Valid RMSE: 4.428744792938232
====================================================================================================
Epoch:135
Valid RMSE: 4.419750690460205
====================================================================================================
Epoch:136
Valid RMSE: 4.428665637969971
EarlyStopping counter: 1 out of 20
====================================================================================================
Epoch:137
Valid RMSE: 4.440221786499023
EarlyStopping counter: 2 out of 20
====================================================================================================
Epoch:138
Valid RMSE: 4.4438629150390625
EarlyStopping counter: 3 out of 20
====================================================================================================
Epoch:139
Valid RMSE: 4.424761772155762
EarlyStopping counter: 4 out of 20
====================================================================================================
Epoch:140
Valid RMSE: 4.455277919769287
EarlyStopping counter: 5 out of 20
====================================================================================================
Epoch:141
Valid RMSE: 4.433813095092773
EarlyStopping counter: 6 out of 20
====================================================================================================
Epoch:142
Valid RMSE: 4.436943531036377
EarlyStopping counter: 7 out of 20
====================================================================================================
Epoch:143
Valid RMSE: 4.41917085647583
====================================================================================================
Epoch:144
Valid RMSE: 4.3737077713012695
====================================================================================================
Epoch:145
Valid RMSE: 4.392639636993408
EarlyStopping counter: 1 out of 20
====================================================================================================
Epoch:146
Valid RMSE: 4.4270830154418945
EarlyStopping counter: 2 out of 20
====================================================================================================
Epoch:147
Valid RMSE: 4.481941223144531
EarlyStopping counter: 3 out of 20
====================================================================================================
Epoch:148
Valid RMSE: 4.401891708374023
EarlyStopping counter: 4 out of 20
====================================================================================================
Epoch:149
Valid RMSE: 4.4068989753723145
EarlyStopping counter: 5 out of 20
====================================================================================================
Epoch:150
Valid RMSE: 4.398159503936768
EarlyStopping counter: 6 out of 20
====================================================================================================
Epoch:151
Valid RMSE: 4.382625579833984
EarlyStopping counter: 7 out of 20
====================================================================================================
Epoch:152
Valid RMSE: 4.399909019470215
EarlyStopping counter: 8 out of 20
====================================================================================================
Epoch:153
Valid RMSE: 4.38226318359375
EarlyStopping counter: 9 out of 20
====================================================================================================
Epoch:154
Valid RMSE: 4.437029838562012
EarlyStopping counter: 10 out of 20
====================================================================================================
Epoch:155
Valid RMSE: 4.383763313293457
EarlyStopping counter: 11 out of 20
====================================================================================================
Epoch:156
Valid RMSE: 4.3908467292785645
EarlyStopping counter: 12 out of 20
====================================================================================================
Epoch:157
Valid RMSE: 4.395048141479492
EarlyStopping counter: 13 out of 20
====================================================================================================
Epoch:158
Valid RMSE: 4.402976989746094
EarlyStopping counter: 14 out of 20
====================================================================================================
Epoch:159
Valid RMSE: 4.373353958129883
====================================================================================================
Epoch:160
Valid RMSE: 4.380547523498535
EarlyStopping counter: 1 out of 20
====================================================================================================
Epoch:161
Valid RMSE: 4.369788646697998
====================================================================================================
Epoch:162
Valid RMSE: 4.384426593780518
EarlyStopping counter: 1 out of 20
====================================================================================================
Epoch:163
Valid RMSE: 4.441746234893799
EarlyStopping counter: 2 out of 20
====================================================================================================
Epoch:164
Valid RMSE: 4.387877464294434
EarlyStopping counter: 3 out of 20
====================================================================================================
Epoch:165
Valid RMSE: 4.350214958190918
====================================================================================================
Epoch:166
Valid RMSE: 4.402787208557129
EarlyStopping counter: 1 out of 20
====================================================================================================
Epoch:167
Valid RMSE: 4.399160385131836
EarlyStopping counter: 2 out of 20
====================================================================================================
Epoch:168
Valid RMSE: 4.354312419891357
EarlyStopping counter: 3 out of 20
====================================================================================================
Epoch:169
Valid RMSE: 4.379580974578857
EarlyStopping counter: 4 out of 20
====================================================================================================
Epoch:170
Valid RMSE: 4.395502090454102
EarlyStopping counter: 5 out of 20
====================================================================================================
Epoch:171
Valid RMSE: 4.354506969451904
EarlyStopping counter: 6 out of 20
====================================================================================================
Epoch:172
Valid RMSE: 4.376038551330566
EarlyStopping counter: 7 out of 20
====================================================================================================
Epoch:173
Valid RMSE: 4.343829154968262
====================================================================================================
Epoch:174
Valid RMSE: 4.351840496063232
EarlyStopping counter: 1 out of 20
====================================================================================================
Epoch:175
Valid RMSE: 4.361341953277588
EarlyStopping counter: 2 out of 20
====================================================================================================
Epoch:176
Valid RMSE: 4.356747150421143
EarlyStopping counter: 3 out of 20
====================================================================================================
Epoch:177
Valid RMSE: 4.3425984382629395
====================================================================================================
Epoch:178
Valid RMSE: 4.372842311859131
EarlyStopping counter: 1 out of 20
====================================================================================================
Epoch:179
Valid RMSE: 4.3532938957214355
EarlyStopping counter: 2 out of 20
====================================================================================================
Epoch:180
Valid RMSE: 4.358336448669434
EarlyStopping counter: 3 out of 20
====================================================================================================
Epoch:181
Valid RMSE: 4.316932201385498
====================================================================================================
Epoch:182
Valid RMSE: 4.3311872482299805
EarlyStopping counter: 1 out of 20
====================================================================================================
Epoch:183
Valid RMSE: 4.336530685424805
EarlyStopping counter: 2 out of 20
====================================================================================================
Epoch:184
Valid RMSE: 4.316418170928955
====================================================================================================
Epoch:185
Valid RMSE: 4.320865154266357
EarlyStopping counter: 1 out of 20
====================================================================================================
Epoch:186
Valid RMSE: 4.288228511810303
====================================================================================================
Epoch:187
Valid RMSE: 4.341761589050293
EarlyStopping counter: 1 out of 20
====================================================================================================
Epoch:188
Valid RMSE: 4.420630931854248
EarlyStopping counter: 2 out of 20
====================================================================================================
Epoch:189
Valid RMSE: 4.325133323669434
EarlyStopping counter: 3 out of 20
====================================================================================================
Epoch:190
Valid RMSE: 4.348824501037598
EarlyStopping counter: 4 out of 20
====================================================================================================
Epoch:191
Valid RMSE: 4.30928897857666
EarlyStopping counter: 5 out of 20
====================================================================================================
Epoch:192
Valid RMSE: 4.324405193328857
EarlyStopping counter: 6 out of 20
====================================================================================================
Epoch:193
Valid RMSE: 4.309343338012695
EarlyStopping counter: 7 out of 20
====================================================================================================
Epoch:194
Valid RMSE: 4.33060884475708
EarlyStopping counter: 8 out of 20
====================================================================================================
Epoch:195
Valid RMSE: 4.305537223815918
EarlyStopping counter: 9 out of 20
====================================================================================================
Epoch:196
Valid RMSE: 4.340912818908691
EarlyStopping counter: 10 out of 20
====================================================================================================
Epoch:197
Valid RMSE: 4.314205646514893
EarlyStopping counter: 11 out of 20
====================================================================================================
Epoch:198
Valid RMSE: 4.288074970245361
====================================================================================================
Epoch:199
Valid RMSE: 4.29191255569458
EarlyStopping counter: 1 out of 20
====================================================================================================
Epoch:200
Valid RMSE: 4.287492752075195
====================================================================================================
Epoch:201
Valid RMSE: 4.376232624053955
EarlyStopping counter: 1 out of 20
====================================================================================================
Epoch:202
Valid RMSE: 4.309000492095947
EarlyStopping counter: 2 out of 20
====================================================================================================
Epoch:203
Valid RMSE: 4.271595478057861
====================================================================================================
Epoch:204
Valid RMSE: 4.290161609649658
EarlyStopping counter: 1 out of 20
====================================================================================================
Epoch:205
Valid RMSE: 4.320871353149414
EarlyStopping counter: 2 out of 20
====================================================================================================
Epoch:206
Valid RMSE: 4.286330699920654
EarlyStopping counter: 3 out of 20
====================================================================================================
Epoch:207
Valid RMSE: 4.320367813110352
EarlyStopping counter: 4 out of 20
====================================================================================================
Epoch:208
Valid RMSE: 4.2613091468811035
====================================================================================================
Epoch:209
Valid RMSE: 4.335967540740967
EarlyStopping counter: 1 out of 20
====================================================================================================
Epoch:210
Valid RMSE: 4.27097749710083
EarlyStopping counter: 2 out of 20
====================================================================================================
Epoch:211
Valid RMSE: 4.272809028625488
EarlyStopping counter: 3 out of 20
====================================================================================================
Epoch:212
Valid RMSE: 4.287890911102295
EarlyStopping counter: 4 out of 20
====================================================================================================
Epoch:213
Valid RMSE: 4.2737345695495605
EarlyStopping counter: 5 out of 20
====================================================================================================
Epoch:214
Valid RMSE: 4.278356552124023
EarlyStopping counter: 6 out of 20
====================================================================================================
Epoch:215
Valid RMSE: 4.300117015838623
EarlyStopping counter: 7 out of 20
====================================================================================================
Epoch:216
Valid RMSE: 4.2645721435546875
EarlyStopping counter: 8 out of 20
====================================================================================================
Epoch:217
Valid RMSE: 4.284828186035156
EarlyStopping counter: 9 out of 20
====================================================================================================
Epoch:218
Valid RMSE: 4.2573089599609375
====================================================================================================
Epoch:219
Valid RMSE: 4.2765727043151855
EarlyStopping counter: 1 out of 20
====================================================================================================
Epoch:220
Valid RMSE: 4.281854629516602
EarlyStopping counter: 2 out of 20
====================================================================================================
Epoch:221
Valid RMSE: 4.274834632873535
EarlyStopping counter: 3 out of 20
====================================================================================================
Epoch:222
Valid RMSE: 4.286783695220947
EarlyStopping counter: 4 out of 20
====================================================================================================
Epoch:223
Valid RMSE: 4.2691144943237305
EarlyStopping counter: 5 out of 20
====================================================================================================
Epoch:224
Valid RMSE: 4.3258957862854
EarlyStopping counter: 6 out of 20
====================================================================================================
Epoch:225
Valid RMSE: 4.284583568572998
EarlyStopping counter: 7 out of 20
====================================================================================================
Epoch:226
Valid RMSE: 4.266512870788574
EarlyStopping counter: 8 out of 20
====================================================================================================
Epoch:227
Valid RMSE: 4.249478816986084
====================================================================================================
Epoch:228
Valid RMSE: 4.257384300231934
EarlyStopping counter: 1 out of 20
====================================================================================================
Epoch:229
Valid RMSE: 4.249441146850586
====================================================================================================
Epoch:230
Valid RMSE: 4.263364791870117
EarlyStopping counter: 1 out of 20
====================================================================================================
Epoch:231
Valid RMSE: 4.281209945678711
EarlyStopping counter: 2 out of 20
====================================================================================================
Epoch:232
Valid RMSE: 4.276849746704102
EarlyStopping counter: 3 out of 20
====================================================================================================
Epoch:233
Valid RMSE: 4.260194778442383
EarlyStopping counter: 4 out of 20
====================================================================================================
Epoch:234
Valid RMSE: 4.2281880378723145
====================================================================================================
Epoch:235
Valid RMSE: 4.251330852508545
EarlyStopping counter: 1 out of 20
====================================================================================================
Epoch:236
Valid RMSE: 4.258735179901123
EarlyStopping counter: 2 out of 20
====================================================================================================
Epoch:237
Valid RMSE: 4.248483657836914
EarlyStopping counter: 3 out of 20
====================================================================================================
Epoch:238
Valid RMSE: 4.2619218826293945
EarlyStopping counter: 4 out of 20
====================================================================================================
Epoch:239
Valid RMSE: 4.2554755210876465
EarlyStopping counter: 5 out of 20
====================================================================================================
Epoch:240
Valid RMSE: 4.284766674041748
EarlyStopping counter: 6 out of 20
====================================================================================================
Epoch:241
Valid RMSE: 4.2488932609558105
EarlyStopping counter: 7 out of 20
====================================================================================================
Epoch:242
Valid RMSE: 4.26517391204834
EarlyStopping counter: 8 out of 20
====================================================================================================
Epoch:243
Valid RMSE: 4.259388446807861
EarlyStopping counter: 9 out of 20
====================================================================================================
Epoch:244
Valid RMSE: 4.239167213439941
EarlyStopping counter: 10 out of 20
====================================================================================================
Epoch:245
Valid RMSE: 4.27193546295166
EarlyStopping counter: 11 out of 20
====================================================================================================
Epoch:246
Valid RMSE: 4.254707336425781
EarlyStopping counter: 12 out of 20
====================================================================================================
Epoch:247
Valid RMSE: 4.231086254119873
EarlyStopping counter: 13 out of 20
====================================================================================================
Epoch:248
Valid RMSE: 4.2822065353393555
EarlyStopping counter: 14 out of 20
====================================================================================================
Epoch:249
Valid RMSE: 4.285164833068848
EarlyStopping counter: 15 out of 20
====================================================================================================
Epoch:250
Valid RMSE: 4.29703426361084
EarlyStopping counter: 16 out of 20
====================================================================================================
Epoch:251
Valid RMSE: 4.227740287780762
====================================================================================================
Epoch:252
Valid RMSE: 4.2394795417785645
EarlyStopping counter: 1 out of 20
====================================================================================================
Epoch:253
Valid RMSE: 4.284893035888672
EarlyStopping counter: 2 out of 20
====================================================================================================
Epoch:254
Valid RMSE: 4.218938827514648
====================================================================================================
Epoch:255
Valid RMSE: 4.2671380043029785
EarlyStopping counter: 1 out of 20
====================================================================================================
Epoch:256
Valid RMSE: 4.21860933303833
====================================================================================================
Epoch:257
Valid RMSE: 4.241863250732422
EarlyStopping counter: 1 out of 20
====================================================================================================
Epoch:258
Valid RMSE: 4.206416130065918
====================================================================================================
Epoch:259
Valid RMSE: 4.24302864074707
EarlyStopping counter: 1 out of 20
====================================================================================================
Epoch:260
Valid RMSE: 4.228779315948486
EarlyStopping counter: 2 out of 20
====================================================================================================
Epoch:261
Valid RMSE: 4.242915153503418
EarlyStopping counter: 3 out of 20
====================================================================================================
Epoch:262
Valid RMSE: 4.248307228088379
EarlyStopping counter: 4 out of 20
====================================================================================================
Epoch:263
Valid RMSE: 4.2279276847839355
EarlyStopping counter: 5 out of 20
====================================================================================================
Epoch:264
Valid RMSE: 4.2401838302612305
EarlyStopping counter: 6 out of 20
====================================================================================================
Epoch:265
Valid RMSE: 4.212292671203613
EarlyStopping counter: 7 out of 20
====================================================================================================
Epoch:266
Valid RMSE: 4.223118782043457
EarlyStopping counter: 8 out of 20
====================================================================================================
Epoch:267
Valid RMSE: 4.236493110656738
EarlyStopping counter: 9 out of 20
====================================================================================================
Epoch:268
Valid RMSE: 4.252248764038086
EarlyStopping counter: 10 out of 20
====================================================================================================
Epoch:269
Valid RMSE: 4.228835582733154
EarlyStopping counter: 11 out of 20
====================================================================================================
Epoch:270
Valid RMSE: 4.211080551147461
EarlyStopping counter: 12 out of 20
====================================================================================================
Epoch:271
Valid RMSE: 4.250594139099121
EarlyStopping counter: 13 out of 20
====================================================================================================
Epoch:272
Valid RMSE: 4.253708362579346
EarlyStopping counter: 14 out of 20
====================================================================================================
Epoch:273
Valid RMSE: 4.23105001449585
EarlyStopping counter: 15 out of 20
====================================================================================================
Epoch:274
Valid RMSE: 4.241943836212158
EarlyStopping counter: 16 out of 20
====================================================================================================
Epoch:275
Valid RMSE: 4.195162296295166
====================================================================================================
Epoch:276
Valid RMSE: 4.235810279846191
EarlyStopping counter: 1 out of 20
====================================================================================================
Epoch:277
Valid RMSE: 4.20896577835083
EarlyStopping counter: 2 out of 20
====================================================================================================
Epoch:278
Valid RMSE: 4.190666675567627
====================================================================================================
Epoch:279
Valid RMSE: 4.20149564743042
EarlyStopping counter: 1 out of 20
====================================================================================================
Epoch:280
Valid RMSE: 4.233906269073486
EarlyStopping counter: 2 out of 20
====================================================================================================
Epoch:281
Valid RMSE: 4.22819185256958
EarlyStopping counter: 3 out of 20
====================================================================================================
Epoch:282
Valid RMSE: 4.274867057800293
EarlyStopping counter: 4 out of 20
====================================================================================================
Epoch:283
Valid RMSE: 4.195079326629639
EarlyStopping counter: 5 out of 20
====================================================================================================
Epoch:284
Valid RMSE: 4.220278739929199
EarlyStopping counter: 6 out of 20
====================================================================================================
Epoch:285
Valid RMSE: 4.212838649749756
EarlyStopping counter: 7 out of 20
====================================================================================================
Epoch:286
Valid RMSE: 4.189126491546631
====================================================================================================
Epoch:287
Valid RMSE: 4.229594707489014
EarlyStopping counter: 1 out of 20
====================================================================================================
Epoch:288
Valid RMSE: 4.218597888946533
EarlyStopping counter: 2 out of 20
====================================================================================================
Epoch:289
Valid RMSE: 4.202549457550049
EarlyStopping counter: 3 out of 20
====================================================================================================
Epoch:290
Valid RMSE: 4.190062999725342
EarlyStopping counter: 4 out of 20
====================================================================================================
Epoch:291
Valid RMSE: 4.177799224853516
====================================================================================================
Epoch:292
Valid RMSE: 4.181829452514648
EarlyStopping counter: 1 out of 20
====================================================================================================
Epoch:293
Valid RMSE: 4.199531078338623
EarlyStopping counter: 2 out of 20
====================================================================================================
Epoch:294
Valid RMSE: 4.199191570281982
EarlyStopping counter: 3 out of 20
====================================================================================================
Epoch:295
Valid RMSE: 4.2053914070129395
EarlyStopping counter: 4 out of 20
====================================================================================================
Epoch:296
Valid RMSE: 4.235285758972168
EarlyStopping counter: 5 out of 20
====================================================================================================
Epoch:297
Valid RMSE: 4.216831684112549
EarlyStopping counter: 6 out of 20
====================================================================================================
Epoch:298
Valid RMSE: 4.299334526062012
EarlyStopping counter: 7 out of 20
====================================================================================================
Epoch:299
Valid RMSE: 4.191277980804443
EarlyStopping counter: 8 out of 20
====================================================================================================
Epoch:300
Valid RMSE: 4.210949420928955
EarlyStopping counter: 9 out of 20
====================================================================================================
Epoch:301
Valid RMSE: 4.2087483406066895
EarlyStopping counter: 10 out of 20
====================================================================================================
Epoch:302
Valid RMSE: 4.18477725982666
EarlyStopping counter: 11 out of 20
====================================================================================================
Epoch:303
Valid RMSE: 4.211212158203125
EarlyStopping counter: 12 out of 20
====================================================================================================
Epoch:304
Valid RMSE: 4.23103666305542
EarlyStopping counter: 13 out of 20
====================================================================================================
Epoch:305
Valid RMSE: 4.19183874130249
EarlyStopping counter: 14 out of 20
====================================================================================================
Epoch:306
Valid RMSE: 4.22325325012207
EarlyStopping counter: 15 out of 20
====================================================================================================
Epoch:307
Valid RMSE: 4.161238670349121
====================================================================================================
Epoch:308
Valid RMSE: 4.194469928741455
EarlyStopping counter: 1 out of 20
====================================================================================================
Epoch:309
Valid RMSE: 4.195666790008545
EarlyStopping counter: 2 out of 20
====================================================================================================
Epoch:310
Valid RMSE: 4.189909934997559
EarlyStopping counter: 3 out of 20
====================================================================================================
Epoch:311
Valid RMSE: 4.195233345031738
EarlyStopping counter: 4 out of 20
====================================================================================================
Epoch:312
Valid RMSE: 4.2383012771606445
EarlyStopping counter: 5 out of 20
====================================================================================================
Epoch:313
Valid RMSE: 4.19741153717041
EarlyStopping counter: 6 out of 20
====================================================================================================
Epoch:314
Valid RMSE: 4.177066326141357
EarlyStopping counter: 7 out of 20
====================================================================================================
Epoch:315
Valid RMSE: 4.216359615325928
EarlyStopping counter: 8 out of 20
====================================================================================================
Epoch:316
Valid RMSE: 4.215271472930908
EarlyStopping counter: 9 out of 20
====================================================================================================
Epoch:317
Valid RMSE: 4.176340579986572
EarlyStopping counter: 10 out of 20
====================================================================================================
Epoch:318
Valid RMSE: 4.169404983520508
EarlyStopping counter: 11 out of 20
====================================================================================================
Epoch:319
Valid RMSE: 4.154796123504639
====================================================================================================
Epoch:320
Valid RMSE: 4.173907279968262
EarlyStopping counter: 1 out of 20
====================================================================================================
Epoch:321
Valid RMSE: 4.187873840332031
EarlyStopping counter: 2 out of 20
====================================================================================================
Epoch:322
Valid RMSE: 4.207225322723389
EarlyStopping counter: 3 out of 20
====================================================================================================
Epoch:323
Valid RMSE: 4.180817604064941
EarlyStopping counter: 4 out of 20
====================================================================================================
Epoch:324
Valid RMSE: 4.151830673217773
====================================================================================================
Epoch:325
Valid RMSE: 4.155584335327148
EarlyStopping counter: 1 out of 20
====================================================================================================
Epoch:326
Valid RMSE: 4.194186210632324
EarlyStopping counter: 2 out of 20
====================================================================================================
Epoch:327
Valid RMSE: 4.1769328117370605
EarlyStopping counter: 3 out of 20
====================================================================================================
Epoch:328
Valid RMSE: 4.226627826690674
EarlyStopping counter: 4 out of 20
====================================================================================================
Epoch:329
Valid RMSE: 4.206800937652588
EarlyStopping counter: 5 out of 20
====================================================================================================
Epoch:330
Valid RMSE: 4.1689372062683105
EarlyStopping counter: 6 out of 20
====================================================================================================
Epoch:331
Valid RMSE: 4.206932544708252
EarlyStopping counter: 7 out of 20
====================================================================================================
Epoch:332
Valid RMSE: 4.210330963134766
EarlyStopping counter: 8 out of 20
====================================================================================================
Epoch:333
Valid RMSE: 4.19014310836792
EarlyStopping counter: 9 out of 20
====================================================================================================
Epoch:334
Valid RMSE: 4.182019233703613
EarlyStopping counter: 10 out of 20
====================================================================================================
Epoch:335
Valid RMSE: 4.162300109863281
EarlyStopping counter: 11 out of 20
====================================================================================================
Epoch:336
Valid RMSE: 4.16463041305542
EarlyStopping counter: 12 out of 20
====================================================================================================
Epoch:337
Valid RMSE: 4.188213348388672
EarlyStopping counter: 13 out of 20
====================================================================================================
Epoch:338
Valid RMSE: 4.20421028137207
EarlyStopping counter: 14 out of 20
====================================================================================================
Epoch:339
Valid RMSE: 4.202596187591553
EarlyStopping counter: 15 out of 20
====================================================================================================
Epoch:340
Valid RMSE: 4.195158958435059
EarlyStopping counter: 16 out of 20
====================================================================================================
Epoch:341
Valid RMSE: 4.1581034660339355
EarlyStopping counter: 17 out of 20
====================================================================================================
Epoch:342
Valid RMSE: 4.175359725952148
EarlyStopping counter: 18 out of 20
====================================================================================================
Epoch:343
Valid RMSE: 4.184772968292236
EarlyStopping counter: 19 out of 20
====================================================================================================
Epoch:344
Valid RMSE: 4.190922260284424
EarlyStopping counter: 20 out of 20
Early stopping
torch.Size([3024, 1, 325, 12])
torch.Size([3024, 1, 325, 12])
torch.Size([3024, 1, 325, 12])
==================================================  Testing  ==================================================
predict shape:  (864, 325, 12)
MAE: 2.323 RMSE: 4.573 MAPE: 5.461
Spend Time: 7120.609687566757

