torch.Size([6132, 1, 323, 12])
torch.Size([6132, 1, 323, 12])
torch.Size([6132, 1, 323, 12])
==================================================  Training  ==================================================
Epoch:0
Valid RMSE: 9.238554954528809
====================================================================================================
Epoch:1
Valid RMSE: 8.333405494689941
====================================================================================================
Epoch:2
Valid RMSE: 8.155862808227539
====================================================================================================
Epoch:3
Valid RMSE: 7.955068588256836
====================================================================================================
Epoch:4
Valid RMSE: 7.847963333129883
====================================================================================================
Epoch:5
Valid RMSE: 7.699701309204102
====================================================================================================
Epoch:6
Valid RMSE: 7.634021282196045
====================================================================================================
Epoch:7
Valid RMSE: 7.555207252502441
====================================================================================================
Epoch:8
Valid RMSE: 7.531783580780029
====================================================================================================
Epoch:9
Valid RMSE: 7.409221172332764
====================================================================================================
Epoch:10
Valid RMSE: 7.402061939239502
====================================================================================================
Epoch:11
Valid RMSE: 7.312325954437256
====================================================================================================
Epoch:12
Valid RMSE: 7.315404891967773
EarlyStopping counter: 1 out of 20
====================================================================================================
Epoch:13
Valid RMSE: 7.25724983215332
====================================================================================================
Epoch:14
Valid RMSE: 7.255252838134766
====================================================================================================
Epoch:15
Valid RMSE: 7.183827877044678
====================================================================================================
Epoch:16
Valid RMSE: 7.20234489440918
EarlyStopping counter: 1 out of 20
====================================================================================================
Epoch:17
Valid RMSE: 7.127878189086914
====================================================================================================
Epoch:18
Valid RMSE: 7.0898966789245605
====================================================================================================
Epoch:19
Valid RMSE: 7.103262424468994
EarlyStopping counter: 1 out of 20
====================================================================================================
Epoch:20
Valid RMSE: 7.048176288604736
====================================================================================================
Epoch:21
Valid RMSE: 7.0356621742248535
====================================================================================================
Epoch:22
Valid RMSE: 7.007896900177002
====================================================================================================
Epoch:23
Valid RMSE: 6.9828009605407715
====================================================================================================
Epoch:24
Valid RMSE: 6.957233428955078
====================================================================================================
Epoch:25
Valid RMSE: 6.942580699920654
====================================================================================================
Epoch:26
Valid RMSE: 6.940974712371826
====================================================================================================
Epoch:27
Valid RMSE: 6.892323017120361
====================================================================================================
Epoch:28
Valid RMSE: 6.901470184326172
EarlyStopping counter: 1 out of 20
====================================================================================================
Epoch:29
Valid RMSE: 6.853292942047119
====================================================================================================
Epoch:30
Valid RMSE: 6.881921768188477
EarlyStopping counter: 1 out of 20
====================================================================================================
Epoch:31
Valid RMSE: 6.809743881225586
====================================================================================================
Epoch:32
Valid RMSE: 6.808345317840576
====================================================================================================
Epoch:33
Valid RMSE: 6.833685398101807
EarlyStopping counter: 1 out of 20
====================================================================================================
Epoch:34
Valid RMSE: 6.784600257873535
====================================================================================================
Epoch:35
Valid RMSE: 6.758905410766602
====================================================================================================
Epoch:36
Valid RMSE: 6.745541095733643
====================================================================================================
Epoch:37
Valid RMSE: 6.7476959228515625
EarlyStopping counter: 1 out of 20
====================================================================================================
Epoch:38
Valid RMSE: 6.731375694274902
====================================================================================================
Epoch:39
Valid RMSE: 6.757256507873535
EarlyStopping counter: 1 out of 20
====================================================================================================
Epoch:40
Valid RMSE: 6.694277763366699
====================================================================================================
Epoch:41
Valid RMSE: 6.672605514526367
====================================================================================================
Epoch:42
Valid RMSE: 6.679975509643555
EarlyStopping counter: 1 out of 20
====================================================================================================
Epoch:43
Valid RMSE: 6.658895015716553
====================================================================================================
Epoch:44
Valid RMSE: 6.635957717895508
====================================================================================================
Epoch:45
Valid RMSE: 6.685615062713623
EarlyStopping counter: 1 out of 20
====================================================================================================
Epoch:46
Valid RMSE: 6.613368511199951
====================================================================================================
Epoch:47
Valid RMSE: 6.621746063232422
EarlyStopping counter: 1 out of 20
====================================================================================================
Epoch:48
Valid RMSE: 6.555312156677246
====================================================================================================
Epoch:49
Valid RMSE: 6.560354709625244
EarlyStopping counter: 1 out of 20
====================================================================================================
Epoch:50
Valid RMSE: 6.609592437744141
EarlyStopping counter: 2 out of 20
====================================================================================================
Epoch:51
Valid RMSE: 6.546217918395996
====================================================================================================
Epoch:52
Valid RMSE: 6.532896041870117
====================================================================================================
Epoch:53
Valid RMSE: 6.529886722564697
====================================================================================================
Epoch:54
Valid RMSE: 6.518759250640869
====================================================================================================
Epoch:55
Valid RMSE: 6.610907077789307
EarlyStopping counter: 1 out of 20
====================================================================================================
Epoch:56
Valid RMSE: 6.470471382141113
====================================================================================================
Epoch:57
Valid RMSE: 6.488174915313721
EarlyStopping counter: 1 out of 20
====================================================================================================
Epoch:58
Valid RMSE: 6.4874491691589355
EarlyStopping counter: 2 out of 20
====================================================================================================
Epoch:59
Valid RMSE: 6.460023880004883
====================================================================================================
Epoch:60
Valid RMSE: 6.453619956970215
====================================================================================================
Epoch:61
Valid RMSE: 6.433676242828369
====================================================================================================
Epoch:62
Valid RMSE: 6.427141189575195
====================================================================================================
Epoch:63
Valid RMSE: 6.4146881103515625
====================================================================================================
Epoch:64
Valid RMSE: 6.42018985748291
EarlyStopping counter: 1 out of 20
====================================================================================================
Epoch:65
Valid RMSE: 6.3996734619140625
====================================================================================================
Epoch:66
Valid RMSE: 6.454286575317383
EarlyStopping counter: 1 out of 20
====================================================================================================
Epoch:67
Valid RMSE: 6.368495941162109
====================================================================================================
Epoch:68
Valid RMSE: 6.423032760620117
EarlyStopping counter: 1 out of 20
====================================================================================================
Epoch:69
Valid RMSE: 6.367234230041504
====================================================================================================
Epoch:70
Valid RMSE: 6.375621318817139
EarlyStopping counter: 1 out of 20
====================================================================================================
Epoch:71
Valid RMSE: 6.376073360443115
EarlyStopping counter: 2 out of 20
====================================================================================================
Epoch:72
Valid RMSE: 6.3389892578125
====================================================================================================
Epoch:73
Valid RMSE: 6.364222049713135
EarlyStopping counter: 1 out of 20
====================================================================================================
Epoch:74
Valid RMSE: 6.318408966064453
====================================================================================================
Epoch:75
Valid RMSE: 6.308230400085449
====================================================================================================
Epoch:76
Valid RMSE: 6.346487522125244
EarlyStopping counter: 1 out of 20
====================================================================================================
Epoch:77
Valid RMSE: 6.297842025756836
====================================================================================================
Epoch:78
Valid RMSE: 6.311125755310059
EarlyStopping counter: 1 out of 20
====================================================================================================
Epoch:79
Valid RMSE: 6.322570323944092
EarlyStopping counter: 2 out of 20
====================================================================================================
Epoch:80
Valid RMSE: 6.265766143798828
====================================================================================================
Epoch:81
Valid RMSE: 6.286493301391602
EarlyStopping counter: 1 out of 20
====================================================================================================
Epoch:82
Valid RMSE: 6.290933132171631
EarlyStopping counter: 2 out of 20
====================================================================================================
Epoch:83
Valid RMSE: 6.263543605804443
====================================================================================================
Epoch:84
Valid RMSE: 6.249082565307617
====================================================================================================
Epoch:85
Valid RMSE: 6.236347675323486
====================================================================================================
Epoch:86
Valid RMSE: 6.231717586517334
====================================================================================================
Epoch:87
Valid RMSE: 6.243494033813477
EarlyStopping counter: 1 out of 20
====================================================================================================
Epoch:88
Valid RMSE: 6.197473526000977
====================================================================================================
Epoch:89
Valid RMSE: 6.24467134475708
EarlyStopping counter: 1 out of 20
====================================================================================================
Epoch:90
Valid RMSE: 6.208678245544434
EarlyStopping counter: 2 out of 20
====================================================================================================
Epoch:91
Valid RMSE: 6.186069011688232
====================================================================================================
Epoch:92
Valid RMSE: 6.16527795791626
====================================================================================================
Epoch:93
Valid RMSE: 6.203305244445801
EarlyStopping counter: 1 out of 20
====================================================================================================
Epoch:94
Valid RMSE: 6.186956882476807
EarlyStopping counter: 2 out of 20
====================================================================================================
Epoch:95
Valid RMSE: 6.180978775024414
EarlyStopping counter: 3 out of 20
====================================================================================================
Epoch:96
Valid RMSE: 6.273187637329102
EarlyStopping counter: 4 out of 20
====================================================================================================
Epoch:97
Valid RMSE: 6.242919921875
EarlyStopping counter: 5 out of 20
====================================================================================================
Epoch:98
Valid RMSE: 6.272537708282471
EarlyStopping counter: 6 out of 20
====================================================================================================
Epoch:99
Valid RMSE: 6.16119909286499
====================================================================================================
Epoch:100
Valid RMSE: 6.1743083000183105
EarlyStopping counter: 1 out of 20
====================================================================================================
Epoch:101
Valid RMSE: 6.129547119140625
====================================================================================================
Epoch:102
Valid RMSE: 6.1477813720703125
EarlyStopping counter: 1 out of 20
====================================================================================================
Epoch:103
Valid RMSE: 6.1143574714660645
====================================================================================================
Epoch:104
Valid RMSE: 6.140700340270996
EarlyStopping counter: 1 out of 20
====================================================================================================
Epoch:105
Valid RMSE: 6.112027645111084
====================================================================================================
Epoch:106
Valid RMSE: 6.14689302444458
EarlyStopping counter: 1 out of 20
====================================================================================================
Epoch:107
Valid RMSE: 6.114429950714111
EarlyStopping counter: 2 out of 20
====================================================================================================
Epoch:108
Valid RMSE: 6.099699020385742
====================================================================================================
Epoch:109
Valid RMSE: 6.085982322692871
====================================================================================================
Epoch:110
Valid RMSE: 6.160004138946533
EarlyStopping counter: 1 out of 20
====================================================================================================
Epoch:111
Valid RMSE: 6.093163013458252
EarlyStopping counter: 2 out of 20
====================================================================================================
Epoch:112
Valid RMSE: 6.07311487197876
====================================================================================================
Epoch:113
Valid RMSE: 6.08577823638916
EarlyStopping counter: 1 out of 20
====================================================================================================
Epoch:114
Valid RMSE: 6.059899806976318
====================================================================================================
Epoch:115
Valid RMSE: 6.054677963256836
====================================================================================================
Epoch:116
Valid RMSE: 6.056602954864502
EarlyStopping counter: 1 out of 20
====================================================================================================
Epoch:117
Valid RMSE: 6.059940338134766
EarlyStopping counter: 2 out of 20
====================================================================================================
Epoch:118
Valid RMSE: 6.024216651916504
====================================================================================================
Epoch:119
Valid RMSE: 6.0551228523254395
EarlyStopping counter: 1 out of 20
====================================================================================================
Epoch:120
Valid RMSE: 6.074129104614258
EarlyStopping counter: 2 out of 20
====================================================================================================
Epoch:121
Valid RMSE: 6.01507043838501
====================================================================================================
Epoch:122
Valid RMSE: 6.0486907958984375
EarlyStopping counter: 1 out of 20
====================================================================================================
Epoch:123
Valid RMSE: 6.013321399688721
====================================================================================================
Epoch:124
Valid RMSE: 6.019725799560547
EarlyStopping counter: 1 out of 20
====================================================================================================
Epoch:125
Valid RMSE: 6.000702857971191
====================================================================================================
Epoch:126
Valid RMSE: 6.042605876922607
EarlyStopping counter: 1 out of 20
====================================================================================================
Epoch:127
Valid RMSE: 5.991228103637695
====================================================================================================
Epoch:128
Valid RMSE: 6.002453804016113
EarlyStopping counter: 1 out of 20
====================================================================================================
Epoch:129
Valid RMSE: 6.000284671783447
EarlyStopping counter: 2 out of 20
====================================================================================================
Epoch:130
Valid RMSE: 5.990438461303711
====================================================================================================
Epoch:131
Valid RMSE: 5.992836952209473
EarlyStopping counter: 1 out of 20
====================================================================================================
Epoch:132
Valid RMSE: 5.985208988189697
====================================================================================================
Epoch:133
Valid RMSE: 6.009644508361816
EarlyStopping counter: 1 out of 20
====================================================================================================
Epoch:134
Valid RMSE: 5.996688365936279
EarlyStopping counter: 2 out of 20
====================================================================================================
Epoch:135
Valid RMSE: 6.031509876251221
EarlyStopping counter: 3 out of 20
====================================================================================================
Epoch:136
Valid RMSE: 5.999149799346924
EarlyStopping counter: 4 out of 20
====================================================================================================
Epoch:137
Valid RMSE: 5.949845314025879
====================================================================================================
Epoch:138
Valid RMSE: 5.969703197479248
EarlyStopping counter: 1 out of 20
====================================================================================================
Epoch:139
Valid RMSE: 5.941476821899414
====================================================================================================
Epoch:140
Valid RMSE: 5.969846248626709
EarlyStopping counter: 1 out of 20
====================================================================================================
Epoch:141
Valid RMSE: 5.941964149475098
EarlyStopping counter: 2 out of 20
====================================================================================================
Epoch:142
Valid RMSE: 5.947986602783203
EarlyStopping counter: 3 out of 20
====================================================================================================
Epoch:143
Valid RMSE: 5.934423446655273
====================================================================================================
Epoch:144
Valid RMSE: 5.94011116027832
EarlyStopping counter: 1 out of 20
====================================================================================================
Epoch:145
Valid RMSE: 5.944847583770752
EarlyStopping counter: 2 out of 20
====================================================================================================
Epoch:146
Valid RMSE: 5.948673725128174
EarlyStopping counter: 3 out of 20
====================================================================================================
Epoch:147
Valid RMSE: 5.945300579071045
EarlyStopping counter: 4 out of 20
====================================================================================================
Epoch:148
Valid RMSE: 5.923659324645996
====================================================================================================
Epoch:149
Valid RMSE: 5.949984073638916
EarlyStopping counter: 1 out of 20
====================================================================================================
Epoch:150
Valid RMSE: 5.944699764251709
EarlyStopping counter: 2 out of 20
====================================================================================================
Epoch:151
Valid RMSE: 5.9070587158203125
====================================================================================================
Epoch:152
Valid RMSE: 5.916562080383301
EarlyStopping counter: 1 out of 20
====================================================================================================
Epoch:153
Valid RMSE: 5.896952152252197
====================================================================================================
Epoch:154
Valid RMSE: 5.9368720054626465
EarlyStopping counter: 1 out of 20
====================================================================================================
Epoch:155
Valid RMSE: 5.90810489654541
EarlyStopping counter: 2 out of 20
====================================================================================================
Epoch:156
Valid RMSE: 5.921047687530518
EarlyStopping counter: 3 out of 20
====================================================================================================
Epoch:157
Valid RMSE: 5.888217926025391
====================================================================================================
Epoch:158
Valid RMSE: 5.900363445281982
EarlyStopping counter: 1 out of 20
====================================================================================================
Epoch:159
Valid RMSE: 5.882848262786865
====================================================================================================
Epoch:160
Valid RMSE: 5.924469470977783
EarlyStopping counter: 1 out of 20
====================================================================================================
Epoch:161
Valid RMSE: 5.911882400512695
EarlyStopping counter: 2 out of 20
====================================================================================================
Epoch:162
Valid RMSE: 5.886630058288574
EarlyStopping counter: 3 out of 20
====================================================================================================
Epoch:163
Valid RMSE: 5.905101776123047
EarlyStopping counter: 4 out of 20
====================================================================================================
Epoch:164
Valid RMSE: 5.879566669464111
====================================================================================================
Epoch:165
Valid RMSE: 5.93524169921875
EarlyStopping counter: 1 out of 20
====================================================================================================
Epoch:166
Valid RMSE: 5.881542205810547
EarlyStopping counter: 2 out of 20
====================================================================================================
Epoch:167
Valid RMSE: 5.890754222869873
EarlyStopping counter: 3 out of 20
====================================================================================================
Epoch:168
Valid RMSE: 5.8848185539245605
EarlyStopping counter: 4 out of 20
====================================================================================================
Epoch:169
Valid RMSE: 5.878101348876953
====================================================================================================
Epoch:170
Valid RMSE: 5.859848976135254
====================================================================================================
Epoch:171
Valid RMSE: 5.873995780944824
EarlyStopping counter: 1 out of 20
====================================================================================================
Epoch:172
Valid RMSE: 5.856644153594971
====================================================================================================
Epoch:173
Valid RMSE: 5.853988170623779
====================================================================================================
Epoch:174
Valid RMSE: 5.938072681427002
EarlyStopping counter: 1 out of 20
====================================================================================================
Epoch:175
Valid RMSE: 5.902218341827393
EarlyStopping counter: 2 out of 20
====================================================================================================
Epoch:176
Valid RMSE: 5.865846633911133
EarlyStopping counter: 3 out of 20
====================================================================================================
Epoch:177
Valid RMSE: 5.925278663635254
EarlyStopping counter: 4 out of 20
====================================================================================================
Epoch:178
Valid RMSE: 5.868316173553467
EarlyStopping counter: 5 out of 20
====================================================================================================
Epoch:179
Valid RMSE: 5.843897342681885
====================================================================================================
Epoch:180
Valid RMSE: 5.8643951416015625
EarlyStopping counter: 1 out of 20
====================================================================================================
Epoch:181
Valid RMSE: 5.856203556060791
EarlyStopping counter: 2 out of 20
====================================================================================================
Epoch:182
Valid RMSE: 5.875722408294678
EarlyStopping counter: 3 out of 20
====================================================================================================
Epoch:183
Valid RMSE: 5.8279290199279785
====================================================================================================
Epoch:184
Valid RMSE: 5.86348295211792
EarlyStopping counter: 1 out of 20
====================================================================================================
Epoch:185
Valid RMSE: 5.875014781951904
EarlyStopping counter: 2 out of 20
====================================================================================================
Epoch:186
Valid RMSE: 5.832032203674316
EarlyStopping counter: 3 out of 20
====================================================================================================
Epoch:187
Valid RMSE: 5.859894275665283
EarlyStopping counter: 4 out of 20
====================================================================================================
Epoch:188
Valid RMSE: 5.82647705078125
====================================================================================================
Epoch:189
Valid RMSE: 5.824434280395508
====================================================================================================
Epoch:190
Valid RMSE: 5.838252544403076
EarlyStopping counter: 1 out of 20
====================================================================================================
Epoch:191
Valid RMSE: 5.821445941925049
====================================================================================================
Epoch:192
Valid RMSE: 5.818216800689697
====================================================================================================
Epoch:193
Valid RMSE: 5.8132405281066895
====================================================================================================
Epoch:194
Valid RMSE: 5.816896915435791
EarlyStopping counter: 1 out of 20
====================================================================================================
Epoch:195
Valid RMSE: 5.808987617492676
====================================================================================================
Epoch:196
Valid RMSE: 5.813375949859619
EarlyStopping counter: 1 out of 20
====================================================================================================
Epoch:197
Valid RMSE: 5.808370590209961
====================================================================================================
Epoch:198
Valid RMSE: 5.816413402557373
EarlyStopping counter: 1 out of 20
====================================================================================================
Epoch:199
Valid RMSE: 5.801507472991943
====================================================================================================
Epoch:200
Valid RMSE: 5.8038859367370605
EarlyStopping counter: 1 out of 20
====================================================================================================
Epoch:201
Valid RMSE: 5.835137367248535
EarlyStopping counter: 2 out of 20
====================================================================================================
Epoch:202
Valid RMSE: 5.792847156524658
====================================================================================================
Epoch:203
Valid RMSE: 5.836621284484863
EarlyStopping counter: 1 out of 20
====================================================================================================
Epoch:204
Valid RMSE: 5.797237873077393
EarlyStopping counter: 2 out of 20
====================================================================================================
Epoch:205
Valid RMSE: 5.817028999328613
EarlyStopping counter: 3 out of 20
====================================================================================================
Epoch:206
Valid RMSE: 5.812168121337891
EarlyStopping counter: 4 out of 20
====================================================================================================
Epoch:207
Valid RMSE: 5.805306911468506
EarlyStopping counter: 5 out of 20
====================================================================================================
Epoch:208
Valid RMSE: 5.842743396759033
EarlyStopping counter: 6 out of 20
====================================================================================================
Epoch:209
Valid RMSE: 5.797573089599609
EarlyStopping counter: 7 out of 20
====================================================================================================
Epoch:210
Valid RMSE: 5.816076278686523
EarlyStopping counter: 8 out of 20
====================================================================================================
Epoch:211
Valid RMSE: 5.811244964599609
EarlyStopping counter: 9 out of 20
====================================================================================================
Epoch:212
Valid RMSE: 5.7823028564453125
====================================================================================================
Epoch:213
Valid RMSE: 5.779026508331299
====================================================================================================
Epoch:214
Valid RMSE: 5.781713008880615
EarlyStopping counter: 1 out of 20
====================================================================================================
Epoch:215
Valid RMSE: 5.785950660705566
EarlyStopping counter: 2 out of 20
====================================================================================================
Epoch:216
Valid RMSE: 5.775802135467529
====================================================================================================
Epoch:217
Valid RMSE: 5.8077168464660645
EarlyStopping counter: 1 out of 20
====================================================================================================
Epoch:218
Valid RMSE: 5.791781902313232
EarlyStopping counter: 2 out of 20
====================================================================================================
Epoch:219
Valid RMSE: 5.786833763122559
EarlyStopping counter: 3 out of 20
====================================================================================================
Epoch:220
Valid RMSE: 5.782731056213379
EarlyStopping counter: 4 out of 20
====================================================================================================
Epoch:221
Valid RMSE: 5.801740646362305
EarlyStopping counter: 5 out of 20
====================================================================================================
Epoch:222
Valid RMSE: 5.765775203704834
====================================================================================================
Epoch:223
Valid RMSE: 5.784990310668945
EarlyStopping counter: 1 out of 20
====================================================================================================
Epoch:224
Valid RMSE: 5.82804536819458
EarlyStopping counter: 2 out of 20
====================================================================================================
Epoch:225
Valid RMSE: 5.784769535064697
EarlyStopping counter: 3 out of 20
====================================================================================================
Epoch:226
Valid RMSE: 5.785717487335205
EarlyStopping counter: 4 out of 20
====================================================================================================
Epoch:227
Valid RMSE: 5.762986183166504
====================================================================================================
Epoch:228
Valid RMSE: 5.767541408538818
EarlyStopping counter: 1 out of 20
====================================================================================================
Epoch:229
Valid RMSE: 5.7825541496276855
EarlyStopping counter: 2 out of 20
====================================================================================================
Epoch:230
Valid RMSE: 5.75873327255249
====================================================================================================
Epoch:231
Valid RMSE: 5.779107570648193
EarlyStopping counter: 1 out of 20
====================================================================================================
Epoch:232
Valid RMSE: 5.761040687561035
EarlyStopping counter: 2 out of 20
====================================================================================================
Epoch:233
Valid RMSE: 5.760659694671631
EarlyStopping counter: 3 out of 20
====================================================================================================
Epoch:234
Valid RMSE: 5.786305904388428
EarlyStopping counter: 4 out of 20
====================================================================================================
Epoch:235
Valid RMSE: 5.765616416931152
EarlyStopping counter: 5 out of 20
====================================================================================================
Epoch:236
Valid RMSE: 5.759979248046875
EarlyStopping counter: 6 out of 20
====================================================================================================
Epoch:237
Valid RMSE: 5.788917064666748
EarlyStopping counter: 7 out of 20
====================================================================================================
Epoch:238
Valid RMSE: 5.801070213317871
EarlyStopping counter: 8 out of 20
====================================================================================================
Epoch:239
Valid RMSE: 5.812783718109131
EarlyStopping counter: 9 out of 20
====================================================================================================
Epoch:240
Valid RMSE: 5.788034439086914
EarlyStopping counter: 10 out of 20
====================================================================================================
Epoch:241
Valid RMSE: 5.757702827453613
====================================================================================================
Epoch:242
Valid RMSE: 5.7674946784973145
EarlyStopping counter: 1 out of 20
====================================================================================================
Epoch:243
Valid RMSE: 5.7376580238342285
====================================================================================================
Epoch:244
Valid RMSE: 5.759687423706055
EarlyStopping counter: 1 out of 20
====================================================================================================
Epoch:245
Valid RMSE: 5.745748519897461
EarlyStopping counter: 2 out of 20
====================================================================================================
Epoch:246
Valid RMSE: 5.753152370452881
EarlyStopping counter: 3 out of 20
====================================================================================================
Epoch:247
Valid RMSE: 5.736681938171387
====================================================================================================
Epoch:248
Valid RMSE: 5.772171974182129
EarlyStopping counter: 1 out of 20
====================================================================================================
Epoch:249
Valid RMSE: 5.762603282928467
EarlyStopping counter: 2 out of 20
====================================================================================================
Epoch:250
Valid RMSE: 5.7423787117004395
EarlyStopping counter: 3 out of 20
====================================================================================================
Epoch:251
Valid RMSE: 5.782442092895508
EarlyStopping counter: 4 out of 20
====================================================================================================
Epoch:252
Valid RMSE: 5.740668296813965
EarlyStopping counter: 5 out of 20
====================================================================================================
Epoch:253
Valid RMSE: 5.774406909942627
EarlyStopping counter: 6 out of 20
====================================================================================================
Epoch:254
Valid RMSE: 5.739386558532715
EarlyStopping counter: 7 out of 20
====================================================================================================
Epoch:255
Valid RMSE: 5.761185169219971
EarlyStopping counter: 8 out of 20
====================================================================================================
Epoch:256
Valid RMSE: 5.745997905731201
EarlyStopping counter: 9 out of 20
====================================================================================================
Epoch:257
Valid RMSE: 5.752498149871826
EarlyStopping counter: 10 out of 20
====================================================================================================
Epoch:258
Valid RMSE: 5.7425408363342285
EarlyStopping counter: 11 out of 20
====================================================================================================
Epoch:259
Valid RMSE: 5.778656482696533
EarlyStopping counter: 12 out of 20
====================================================================================================
Epoch:260
Valid RMSE: 5.726579666137695
====================================================================================================
Epoch:261
Valid RMSE: 5.7413411140441895
EarlyStopping counter: 1 out of 20
====================================================================================================
Epoch:262
Valid RMSE: 5.780126571655273
EarlyStopping counter: 2 out of 20
====================================================================================================
Epoch:263
Valid RMSE: 5.753558158874512
EarlyStopping counter: 3 out of 20
====================================================================================================
Epoch:264
Valid RMSE: 5.759683609008789
EarlyStopping counter: 4 out of 20
====================================================================================================
Epoch:265
Valid RMSE: 5.737600803375244
EarlyStopping counter: 5 out of 20
====================================================================================================
Epoch:266
Valid RMSE: 5.769784450531006
EarlyStopping counter: 6 out of 20
====================================================================================================
Epoch:267
Valid RMSE: 5.7314839363098145
EarlyStopping counter: 7 out of 20
====================================================================================================
Epoch:268
Valid RMSE: 5.722355365753174
====================================================================================================
Epoch:269
Valid RMSE: 5.737777233123779
EarlyStopping counter: 1 out of 20
====================================================================================================
Epoch:270
Valid RMSE: 5.722671031951904
EarlyStopping counter: 2 out of 20
====================================================================================================
Epoch:271
Valid RMSE: 5.73746919631958
EarlyStopping counter: 3 out of 20
====================================================================================================
Epoch:272
Valid RMSE: 5.732622146606445
EarlyStopping counter: 4 out of 20
====================================================================================================
Epoch:273
Valid RMSE: 5.7271575927734375
EarlyStopping counter: 5 out of 20
====================================================================================================
Epoch:274
Valid RMSE: 5.749340534210205
EarlyStopping counter: 6 out of 20
====================================================================================================
Epoch:275
Valid RMSE: 5.724460124969482
EarlyStopping counter: 7 out of 20
====================================================================================================
Epoch:276
Valid RMSE: 5.738372325897217
EarlyStopping counter: 8 out of 20
====================================================================================================
Epoch:277
Valid RMSE: 5.721558570861816
====================================================================================================
Epoch:278
Valid RMSE: 5.728240489959717
EarlyStopping counter: 1 out of 20
====================================================================================================
Epoch:279
Valid RMSE: 5.744833469390869
EarlyStopping counter: 2 out of 20
====================================================================================================
Epoch:280
Valid RMSE: 5.722162246704102
EarlyStopping counter: 3 out of 20
====================================================================================================
Epoch:281
Valid RMSE: 5.742491722106934
EarlyStopping counter: 4 out of 20
====================================================================================================
Epoch:282
Valid RMSE: 5.728125095367432
EarlyStopping counter: 5 out of 20
====================================================================================================
Epoch:283
Valid RMSE: 5.7466959953308105
EarlyStopping counter: 6 out of 20
====================================================================================================
Epoch:284
Valid RMSE: 5.722524642944336
EarlyStopping counter: 7 out of 20
====================================================================================================
Epoch:285
Valid RMSE: 5.738419055938721
EarlyStopping counter: 8 out of 20
====================================================================================================
Epoch:286
Valid RMSE: 5.734835147857666
EarlyStopping counter: 9 out of 20
====================================================================================================
Epoch:287
Valid RMSE: 5.749338150024414
EarlyStopping counter: 10 out of 20
====================================================================================================
Epoch:288
Valid RMSE: 5.7368693351745605
EarlyStopping counter: 11 out of 20
====================================================================================================
Epoch:289
Valid RMSE: 5.762063503265381
EarlyStopping counter: 12 out of 20
====================================================================================================
Epoch:290
Valid RMSE: 5.743363380432129
EarlyStopping counter: 13 out of 20
====================================================================================================
Epoch:291
Valid RMSE: 5.749946117401123
EarlyStopping counter: 14 out of 20
====================================================================================================
Epoch:292
Valid RMSE: 5.727418899536133
EarlyStopping counter: 15 out of 20
====================================================================================================
Epoch:293
Valid RMSE: 5.714620113372803
====================================================================================================
Epoch:294
Valid RMSE: 5.737611770629883
EarlyStopping counter: 1 out of 20
====================================================================================================
Epoch:295
Valid RMSE: 5.755194187164307
EarlyStopping counter: 2 out of 20
====================================================================================================
Epoch:296
Valid RMSE: 5.709893703460693
====================================================================================================
Epoch:297
Valid RMSE: 5.7176947593688965
EarlyStopping counter: 1 out of 20
====================================================================================================
Epoch:298
Valid RMSE: 5.735076427459717
EarlyStopping counter: 2 out of 20
====================================================================================================
Epoch:299
Valid RMSE: 5.711583614349365
EarlyStopping counter: 3 out of 20
====================================================================================================
Epoch:300
Valid RMSE: 5.72844123840332
EarlyStopping counter: 4 out of 20
====================================================================================================
Epoch:301
Valid RMSE: 5.719958782196045
EarlyStopping counter: 5 out of 20
====================================================================================================
Epoch:302
Valid RMSE: 5.729415416717529
EarlyStopping counter: 6 out of 20
====================================================================================================
Epoch:303
Valid RMSE: 5.725930213928223
EarlyStopping counter: 7 out of 20
====================================================================================================
Epoch:304
Valid RMSE: 5.724687576293945
EarlyStopping counter: 8 out of 20
====================================================================================================
Epoch:305
Valid RMSE: 5.7128987312316895
EarlyStopping counter: 9 out of 20
====================================================================================================
Epoch:306
Valid RMSE: 5.709329605102539
====================================================================================================
Epoch:307
Valid RMSE: 5.730338096618652
EarlyStopping counter: 1 out of 20
====================================================================================================
Epoch:308
Valid RMSE: 5.712728977203369
EarlyStopping counter: 2 out of 20
====================================================================================================
Epoch:309
Valid RMSE: 5.7436909675598145
EarlyStopping counter: 3 out of 20
====================================================================================================
Epoch:310
Valid RMSE: 5.734711170196533
EarlyStopping counter: 4 out of 20
====================================================================================================
Epoch:311
Valid RMSE: 5.765399932861328
EarlyStopping counter: 5 out of 20
====================================================================================================
Epoch:312
Valid RMSE: 5.713642120361328
EarlyStopping counter: 6 out of 20
====================================================================================================
Epoch:313
Valid RMSE: 5.700714111328125
====================================================================================================
Epoch:314
Valid RMSE: 5.7118144035339355
EarlyStopping counter: 1 out of 20
====================================================================================================
Epoch:315
Valid RMSE: 5.7049407958984375
EarlyStopping counter: 2 out of 20
====================================================================================================
Epoch:316
Valid RMSE: 5.710570812225342
EarlyStopping counter: 3 out of 20
====================================================================================================
Epoch:317
Valid RMSE: 5.723957061767578
EarlyStopping counter: 4 out of 20
====================================================================================================
Epoch:318
Valid RMSE: 5.722508907318115
EarlyStopping counter: 5 out of 20
====================================================================================================
Epoch:319
Valid RMSE: 5.740991115570068
EarlyStopping counter: 6 out of 20
====================================================================================================
Epoch:320
Valid RMSE: 5.708394527435303
EarlyStopping counter: 7 out of 20
====================================================================================================
Epoch:321
Valid RMSE: 5.709006309509277
EarlyStopping counter: 8 out of 20
====================================================================================================
Epoch:322
Valid RMSE: 5.704323768615723
EarlyStopping counter: 9 out of 20
====================================================================================================
Epoch:323
Valid RMSE: 5.69813871383667
====================================================================================================
Epoch:324
Valid RMSE: 5.713000297546387
EarlyStopping counter: 1 out of 20
====================================================================================================
Epoch:325
Valid RMSE: 5.729620933532715
EarlyStopping counter: 2 out of 20
====================================================================================================
Epoch:326
Valid RMSE: 5.700894832611084
EarlyStopping counter: 3 out of 20
====================================================================================================
Epoch:327
Valid RMSE: 5.724917888641357
EarlyStopping counter: 4 out of 20
====================================================================================================
Epoch:328
Valid RMSE: 5.7185444831848145
EarlyStopping counter: 5 out of 20
====================================================================================================
Epoch:329
Valid RMSE: 5.746094226837158
EarlyStopping counter: 6 out of 20
====================================================================================================
Epoch:330
Valid RMSE: 5.7157158851623535
EarlyStopping counter: 7 out of 20
====================================================================================================
Epoch:331
Valid RMSE: 5.710007667541504
EarlyStopping counter: 8 out of 20
====================================================================================================
Epoch:332
Valid RMSE: 5.726216793060303
EarlyStopping counter: 9 out of 20
====================================================================================================
Epoch:333
Valid RMSE: 5.700057506561279
EarlyStopping counter: 10 out of 20
====================================================================================================
Epoch:334
Valid RMSE: 5.714658260345459
EarlyStopping counter: 11 out of 20
====================================================================================================
Epoch:335
Valid RMSE: 5.703369617462158
EarlyStopping counter: 12 out of 20
====================================================================================================
Epoch:336
Valid RMSE: 5.716297149658203
EarlyStopping counter: 13 out of 20
====================================================================================================
Epoch:337
Valid RMSE: 5.726485729217529
EarlyStopping counter: 14 out of 20
====================================================================================================
Epoch:338
Valid RMSE: 5.701047897338867
EarlyStopping counter: 15 out of 20
====================================================================================================
Epoch:339
Valid RMSE: 5.692224979400635
====================================================================================================
Epoch:340
Valid RMSE: 5.70934534072876
EarlyStopping counter: 1 out of 20
====================================================================================================
Epoch:341
Valid RMSE: 5.7045979499816895
EarlyStopping counter: 2 out of 20
====================================================================================================
Epoch:342
Valid RMSE: 5.693432807922363
EarlyStopping counter: 3 out of 20
====================================================================================================
Epoch:343
Valid RMSE: 5.712246894836426
EarlyStopping counter: 4 out of 20
====================================================================================================
Epoch:344
Valid RMSE: 5.693676948547363
EarlyStopping counter: 5 out of 20
====================================================================================================
Epoch:345
Valid RMSE: 5.70047664642334
EarlyStopping counter: 6 out of 20
====================================================================================================
Epoch:346
Valid RMSE: 5.716315746307373
EarlyStopping counter: 7 out of 20
====================================================================================================
Epoch:347
Valid RMSE: 5.717655181884766
EarlyStopping counter: 8 out of 20
====================================================================================================
Epoch:348
Valid RMSE: 5.721553802490234
EarlyStopping counter: 9 out of 20
====================================================================================================
Epoch:349
Valid RMSE: 5.712599754333496
EarlyStopping counter: 10 out of 20
====================================================================================================
Epoch:350
Valid RMSE: 5.734362602233887
EarlyStopping counter: 11 out of 20
====================================================================================================
Epoch:351
Valid RMSE: 5.716787815093994
EarlyStopping counter: 12 out of 20
====================================================================================================
Epoch:352
Valid RMSE: 5.703597545623779
EarlyStopping counter: 13 out of 20
====================================================================================================
Epoch:353
Valid RMSE: 5.735342979431152
EarlyStopping counter: 14 out of 20
====================================================================================================
Epoch:354
Valid RMSE: 5.709051609039307
EarlyStopping counter: 15 out of 20
====================================================================================================
Epoch:355
Valid RMSE: 5.701428413391113
EarlyStopping counter: 16 out of 20
====================================================================================================
Epoch:356
Valid RMSE: 5.702356815338135
EarlyStopping counter: 17 out of 20
====================================================================================================
Epoch:357
Valid RMSE: 5.711627960205078
EarlyStopping counter: 18 out of 20
====================================================================================================
Epoch:358
Valid RMSE: 5.692132472991943
====================================================================================================
Epoch:359
Valid RMSE: 5.717051982879639
EarlyStopping counter: 1 out of 20
====================================================================================================
Epoch:360
Valid RMSE: 5.701202392578125
EarlyStopping counter: 2 out of 20
====================================================================================================
Epoch:361
Valid RMSE: 5.696246147155762
EarlyStopping counter: 3 out of 20
====================================================================================================
Epoch:362
Valid RMSE: 5.718425750732422
EarlyStopping counter: 4 out of 20
====================================================================================================
Epoch:363
Valid RMSE: 5.711892604827881
EarlyStopping counter: 5 out of 20
====================================================================================================
Epoch:364
Valid RMSE: 5.694512844085693
EarlyStopping counter: 6 out of 20
====================================================================================================
Epoch:365
Valid RMSE: 5.732921600341797
EarlyStopping counter: 7 out of 20
====================================================================================================
Epoch:366
Valid RMSE: 5.701104640960693
EarlyStopping counter: 8 out of 20
====================================================================================================
Epoch:367
Valid RMSE: 5.700146198272705
EarlyStopping counter: 9 out of 20
====================================================================================================
Epoch:368
Valid RMSE: 5.7057623863220215
EarlyStopping counter: 10 out of 20
====================================================================================================
Epoch:369
Valid RMSE: 5.747796535491943
EarlyStopping counter: 11 out of 20
====================================================================================================
Epoch:370
Valid RMSE: 5.706933975219727
EarlyStopping counter: 12 out of 20
====================================================================================================
Epoch:371
Valid RMSE: 5.701653003692627
EarlyStopping counter: 13 out of 20
====================================================================================================
Epoch:372
Valid RMSE: 5.70898962020874
EarlyStopping counter: 14 out of 20
====================================================================================================
Epoch:373
Valid RMSE: 5.705342769622803
EarlyStopping counter: 15 out of 20
====================================================================================================
Epoch:374
Valid RMSE: 5.728810787200928
EarlyStopping counter: 16 out of 20
====================================================================================================
Epoch:375
Valid RMSE: 5.710439205169678
EarlyStopping counter: 17 out of 20
====================================================================================================
Epoch:376
Valid RMSE: 5.716143608093262
EarlyStopping counter: 18 out of 20
====================================================================================================
Epoch:377
Valid RMSE: 5.6831278800964355
====================================================================================================
Epoch:378
Valid RMSE: 5.699808120727539
EarlyStopping counter: 1 out of 20
====================================================================================================
Epoch:379
Valid RMSE: 5.700347900390625
EarlyStopping counter: 2 out of 20
====================================================================================================
Epoch:380
Valid RMSE: 5.713674068450928
EarlyStopping counter: 3 out of 20
====================================================================================================
Epoch:381
Valid RMSE: 5.703317165374756
EarlyStopping counter: 4 out of 20
====================================================================================================
Epoch:382
Valid RMSE: 5.698440074920654
EarlyStopping counter: 5 out of 20
====================================================================================================
Epoch:383
Valid RMSE: 5.711586952209473
EarlyStopping counter: 6 out of 20
====================================================================================================
Epoch:384
Valid RMSE: 5.735608100891113
EarlyStopping counter: 7 out of 20
====================================================================================================
Epoch:385
Valid RMSE: 5.698225975036621
EarlyStopping counter: 8 out of 20
====================================================================================================
Epoch:386
Valid RMSE: 5.699760913848877
EarlyStopping counter: 9 out of 20
====================================================================================================
Epoch:387
Valid RMSE: 5.736428737640381
EarlyStopping counter: 10 out of 20
====================================================================================================
Epoch:388
Valid RMSE: 5.7062225341796875
EarlyStopping counter: 11 out of 20
====================================================================================================
Epoch:389
Valid RMSE: 5.688173770904541
EarlyStopping counter: 12 out of 20
====================================================================================================
Epoch:390
Valid RMSE: 5.705224514007568
EarlyStopping counter: 13 out of 20
====================================================================================================
Epoch:391
Valid RMSE: 5.697339057922363
EarlyStopping counter: 14 out of 20
====================================================================================================
Epoch:392
Valid RMSE: 5.738977909088135
EarlyStopping counter: 15 out of 20
====================================================================================================
Epoch:393
Valid RMSE: 5.706487655639648
EarlyStopping counter: 16 out of 20
====================================================================================================
Epoch:394
Valid RMSE: 5.690005302429199
EarlyStopping counter: 17 out of 20
====================================================================================================
Epoch:395
Valid RMSE: 5.693938732147217
EarlyStopping counter: 18 out of 20
====================================================================================================
Epoch:396
Valid RMSE: 5.721675872802734
EarlyStopping counter: 19 out of 20
====================================================================================================
Epoch:397
Valid RMSE: 5.706046104431152
EarlyStopping counter: 20 out of 20
Early stopping
torch.Size([6132, 1, 323, 12])
torch.Size([6132, 1, 323, 12])
torch.Size([6132, 1, 323, 12])
==================================================  Testing  ==================================================
predict shape:  (1728, 323, 12)
MAE: 3.581 RMSE: 5.551 MAPE: 10.163
Spend Time: 12699.706693172455
