torch.Size([6132, 1, 323, 12])
torch.Size([6132, 1, 323, 12])
torch.Size([6132, 1, 323, 12])
==================================================  Training  ==================================================
Epoch:0
Valid RMSE: 9.664557456970215
====================================================================================================
Epoch:1
Valid RMSE: 8.439881324768066
====================================================================================================
Epoch:2
Valid RMSE: 8.12246322631836
====================================================================================================
Epoch:3
Valid RMSE: 7.950735092163086
====================================================================================================
Epoch:4
Valid RMSE: 7.859797954559326
====================================================================================================
Epoch:5
Valid RMSE: 7.767541885375977
====================================================================================================
Epoch:6
Valid RMSE: 7.632011890411377
====================================================================================================
Epoch:7
Valid RMSE: 7.519686222076416
====================================================================================================
Epoch:8
Valid RMSE: 7.545331954956055
EarlyStopping counter: 1 out of 20
====================================================================================================
Epoch:9
Valid RMSE: 7.440671443939209
====================================================================================================
Epoch:10
Valid RMSE: 7.379361152648926
====================================================================================================
Epoch:11
Valid RMSE: 7.326852798461914
====================================================================================================
Epoch:12
Valid RMSE: 7.288309097290039
====================================================================================================
Epoch:13
Valid RMSE: 7.271585941314697
====================================================================================================
Epoch:14
Valid RMSE: 7.240664482116699
====================================================================================================
Epoch:15
Valid RMSE: 7.223548412322998
====================================================================================================
Epoch:16
Valid RMSE: 7.16032600402832
====================================================================================================
Epoch:17
Valid RMSE: 7.139474868774414
====================================================================================================
Epoch:18
Valid RMSE: 7.103317737579346
====================================================================================================
Epoch:19
Valid RMSE: 7.075408458709717
====================================================================================================
Epoch:20
Valid RMSE: 7.084466934204102
EarlyStopping counter: 1 out of 20
====================================================================================================
Epoch:21
Valid RMSE: 7.053324222564697
====================================================================================================
Epoch:22
Valid RMSE: 7.048919200897217
====================================================================================================
Epoch:23
Valid RMSE: 7.018784523010254
====================================================================================================
Epoch:24
Valid RMSE: 6.952911376953125
====================================================================================================
Epoch:25
Valid RMSE: 6.91414213180542
====================================================================================================
Epoch:26
Valid RMSE: 6.939769268035889
EarlyStopping counter: 1 out of 20
====================================================================================================
Epoch:27
Valid RMSE: 6.973357200622559
EarlyStopping counter: 2 out of 20
====================================================================================================
Epoch:28
Valid RMSE: 6.884292125701904
====================================================================================================
Epoch:29
Valid RMSE: 6.904143810272217
EarlyStopping counter: 1 out of 20
====================================================================================================
Epoch:30
Valid RMSE: 6.869518280029297
====================================================================================================
Epoch:31
Valid RMSE: 6.859927654266357
====================================================================================================
Epoch:32
Valid RMSE: 6.849689483642578
====================================================================================================
Epoch:33
Valid RMSE: 6.801075458526611
====================================================================================================
Epoch:34
Valid RMSE: 6.792234420776367
====================================================================================================
Epoch:35
Valid RMSE: 6.76469087600708
====================================================================================================
Epoch:36
Valid RMSE: 6.763223171234131
====================================================================================================
Epoch:37
Valid RMSE: 6.731203079223633
====================================================================================================
Epoch:38
Valid RMSE: 6.735351085662842
EarlyStopping counter: 1 out of 20
====================================================================================================
Epoch:39
Valid RMSE: 6.763705253601074
EarlyStopping counter: 2 out of 20
====================================================================================================
Epoch:40
Valid RMSE: 6.744817733764648
EarlyStopping counter: 3 out of 20
====================================================================================================
Epoch:41
Valid RMSE: 6.657197952270508
====================================================================================================
Epoch:42
Valid RMSE: 6.649933338165283
====================================================================================================
Epoch:43
Valid RMSE: 6.662457466125488
EarlyStopping counter: 1 out of 20
====================================================================================================
Epoch:44
Valid RMSE: 6.653475284576416
EarlyStopping counter: 2 out of 20
====================================================================================================
Epoch:45
Valid RMSE: 6.709644794464111
EarlyStopping counter: 3 out of 20
====================================================================================================
Epoch:46
Valid RMSE: 6.610394477844238
====================================================================================================
Epoch:47
Valid RMSE: 6.610696792602539
EarlyStopping counter: 1 out of 20
====================================================================================================
Epoch:48
Valid RMSE: 6.630320072174072
EarlyStopping counter: 2 out of 20
====================================================================================================
Epoch:49
Valid RMSE: 6.576251029968262
====================================================================================================
Epoch:50
Valid RMSE: 6.558233737945557
====================================================================================================
Epoch:51
Valid RMSE: 6.560155868530273
EarlyStopping counter: 1 out of 20
====================================================================================================
Epoch:52
Valid RMSE: 6.563017845153809
EarlyStopping counter: 2 out of 20
====================================================================================================
Epoch:53
Valid RMSE: 6.523965358734131
====================================================================================================
Epoch:54
Valid RMSE: 6.500704765319824
====================================================================================================
Epoch:55
Valid RMSE: 6.556285858154297
EarlyStopping counter: 1 out of 20
====================================================================================================
Epoch:56
Valid RMSE: 6.537327289581299
EarlyStopping counter: 2 out of 20
====================================================================================================
Epoch:57
Valid RMSE: 6.500682353973389
====================================================================================================
Epoch:58
Valid RMSE: 6.564846038818359
EarlyStopping counter: 1 out of 20
====================================================================================================
Epoch:59
Valid RMSE: 6.454397678375244
====================================================================================================
Epoch:60
Valid RMSE: 6.450997829437256
====================================================================================================
Epoch:61
Valid RMSE: 6.434076309204102
====================================================================================================
Epoch:62
Valid RMSE: 6.43106746673584
====================================================================================================
Epoch:63
Valid RMSE: 6.425362586975098
====================================================================================================
Epoch:64
Valid RMSE: 6.404856204986572
====================================================================================================
Epoch:65
Valid RMSE: 6.394705772399902
====================================================================================================
Epoch:66
Valid RMSE: 6.413421630859375
EarlyStopping counter: 1 out of 20
====================================================================================================
Epoch:67
Valid RMSE: 6.401938438415527
EarlyStopping counter: 2 out of 20
====================================================================================================
Epoch:68
Valid RMSE: 6.377774715423584
====================================================================================================
Epoch:69
Valid RMSE: 6.356258392333984
====================================================================================================
Epoch:70
Valid RMSE: 6.353132247924805
====================================================================================================
Epoch:71
Valid RMSE: 6.422421932220459
EarlyStopping counter: 1 out of 20
====================================================================================================
Epoch:72
Valid RMSE: 6.324305057525635
====================================================================================================
Epoch:73
Valid RMSE: 6.333373546600342
EarlyStopping counter: 1 out of 20
====================================================================================================
Epoch:74
Valid RMSE: 6.342788219451904
EarlyStopping counter: 2 out of 20
====================================================================================================
Epoch:75
Valid RMSE: 6.320362091064453
====================================================================================================
Epoch:76
Valid RMSE: 6.313614368438721
====================================================================================================
Epoch:77
Valid RMSE: 6.278067588806152
====================================================================================================
Epoch:78
Valid RMSE: 6.2671051025390625
====================================================================================================
Epoch:79
Valid RMSE: 6.285037994384766
EarlyStopping counter: 1 out of 20
====================================================================================================
Epoch:80
Valid RMSE: 6.259925365447998
====================================================================================================
Epoch:81
Valid RMSE: 6.2596282958984375
====================================================================================================
Epoch:82
Valid RMSE: 6.246509075164795
====================================================================================================
Epoch:83
Valid RMSE: 6.228960037231445
====================================================================================================
Epoch:84
Valid RMSE: 6.269870758056641
EarlyStopping counter: 1 out of 20
====================================================================================================
Epoch:85
Valid RMSE: 6.236996650695801
EarlyStopping counter: 2 out of 20
====================================================================================================
Epoch:86
Valid RMSE: 6.229318141937256
EarlyStopping counter: 3 out of 20
====================================================================================================
Epoch:87
Valid RMSE: 6.211184501647949
====================================================================================================
Epoch:88
Valid RMSE: 6.228962421417236
EarlyStopping counter: 1 out of 20
====================================================================================================
Epoch:89
Valid RMSE: 6.212335109710693
EarlyStopping counter: 2 out of 20
====================================================================================================
Epoch:90
Valid RMSE: 6.231333255767822
EarlyStopping counter: 3 out of 20
====================================================================================================
Epoch:91
Valid RMSE: 6.19981050491333
====================================================================================================
Epoch:92
Valid RMSE: 6.186713218688965
====================================================================================================
Epoch:93
Valid RMSE: 6.172280311584473
====================================================================================================
Epoch:94
Valid RMSE: 6.178872585296631
EarlyStopping counter: 1 out of 20
====================================================================================================
Epoch:95
Valid RMSE: 6.147602081298828
====================================================================================================
Epoch:96
Valid RMSE: 6.185257434844971
EarlyStopping counter: 1 out of 20
====================================================================================================
Epoch:97
Valid RMSE: 6.182353496551514
EarlyStopping counter: 2 out of 20
====================================================================================================
Epoch:98
Valid RMSE: 6.190096378326416
EarlyStopping counter: 3 out of 20
====================================================================================================
Epoch:99
Valid RMSE: 6.12640905380249
====================================================================================================
Epoch:100
Valid RMSE: 6.1983642578125
EarlyStopping counter: 1 out of 20
====================================================================================================
Epoch:101
Valid RMSE: 6.119727611541748
====================================================================================================
Epoch:102
Valid RMSE: 6.178430557250977
EarlyStopping counter: 1 out of 20
====================================================================================================
Epoch:103
Valid RMSE: 6.1280436515808105
EarlyStopping counter: 2 out of 20
====================================================================================================
Epoch:104
Valid RMSE: 6.1146979331970215
====================================================================================================
Epoch:105
Valid RMSE: 6.103282451629639
====================================================================================================
Epoch:106
Valid RMSE: 6.111358165740967
EarlyStopping counter: 1 out of 20
====================================================================================================
Epoch:107
Valid RMSE: 6.104852676391602
EarlyStopping counter: 2 out of 20
====================================================================================================
Epoch:108
Valid RMSE: 6.118630886077881
EarlyStopping counter: 3 out of 20
====================================================================================================
Epoch:109
Valid RMSE: 6.071236610412598
====================================================================================================
Epoch:110
Valid RMSE: 6.191556930541992
EarlyStopping counter: 1 out of 20
====================================================================================================
Epoch:111
Valid RMSE: 6.136882305145264
EarlyStopping counter: 2 out of 20
====================================================================================================
Epoch:112
Valid RMSE: 6.070180416107178
====================================================================================================
Epoch:113
Valid RMSE: 6.078464508056641
EarlyStopping counter: 1 out of 20
====================================================================================================
Epoch:114
Valid RMSE: 6.082625865936279
EarlyStopping counter: 2 out of 20
====================================================================================================
Epoch:115
Valid RMSE: 6.05269718170166
====================================================================================================
Epoch:116
Valid RMSE: 6.0470709800720215
====================================================================================================
Epoch:117
Valid RMSE: 6.034438610076904
====================================================================================================
Epoch:118
Valid RMSE: 6.080054759979248
EarlyStopping counter: 1 out of 20
====================================================================================================
Epoch:119
Valid RMSE: 6.031189918518066
====================================================================================================
Epoch:120
Valid RMSE: 6.08714485168457
EarlyStopping counter: 1 out of 20
====================================================================================================
Epoch:121
Valid RMSE: 6.057301044464111
EarlyStopping counter: 2 out of 20
====================================================================================================
Epoch:122
Valid RMSE: 6.015588283538818
====================================================================================================
Epoch:123
Valid RMSE: 6.037416458129883
EarlyStopping counter: 1 out of 20
====================================================================================================
Epoch:124
Valid RMSE: 6.029138088226318
EarlyStopping counter: 2 out of 20
====================================================================================================
Epoch:125
Valid RMSE: 5.990711212158203
====================================================================================================
Epoch:126
Valid RMSE: 6.03888463973999
EarlyStopping counter: 1 out of 20
====================================================================================================
Epoch:127
Valid RMSE: 5.988674640655518
====================================================================================================
Epoch:128
Valid RMSE: 6.066289901733398
EarlyStopping counter: 1 out of 20
====================================================================================================
Epoch:129
Valid RMSE: 6.0186004638671875
EarlyStopping counter: 2 out of 20
====================================================================================================
Epoch:130
Valid RMSE: 5.9793620109558105
====================================================================================================
Epoch:131
Valid RMSE: 6.07048225402832
EarlyStopping counter: 1 out of 20
====================================================================================================
Epoch:132
Valid RMSE: 5.995778560638428
EarlyStopping counter: 2 out of 20
====================================================================================================
Epoch:133
Valid RMSE: 5.970606327056885
====================================================================================================
Epoch:134
Valid RMSE: 5.970357894897461
====================================================================================================
Epoch:135
Valid RMSE: 5.972743511199951
EarlyStopping counter: 1 out of 20
====================================================================================================
Epoch:136
Valid RMSE: 5.962383270263672
====================================================================================================
Epoch:137
Valid RMSE: 6.032286643981934
EarlyStopping counter: 1 out of 20
====================================================================================================
Epoch:138
Valid RMSE: 5.987002849578857
EarlyStopping counter: 2 out of 20
====================================================================================================
Epoch:139
Valid RMSE: 6.025023937225342
EarlyStopping counter: 3 out of 20
====================================================================================================
Epoch:140
Valid RMSE: 5.943049907684326
====================================================================================================
Epoch:141
Valid RMSE: 5.944609642028809
EarlyStopping counter: 1 out of 20
====================================================================================================
Epoch:142
Valid RMSE: 6.014636039733887
EarlyStopping counter: 2 out of 20
====================================================================================================
Epoch:143
Valid RMSE: 5.954306125640869
EarlyStopping counter: 3 out of 20
====================================================================================================
Epoch:144
Valid RMSE: 5.937829494476318
====================================================================================================
Epoch:145
Valid RMSE: 5.934782981872559
====================================================================================================
Epoch:146
Valid RMSE: 5.951243877410889
EarlyStopping counter: 1 out of 20
====================================================================================================
Epoch:147
Valid RMSE: 5.930335521697998
====================================================================================================
Epoch:148
Valid RMSE: 5.92581844329834
====================================================================================================
Epoch:149
Valid RMSE: 5.933166027069092
EarlyStopping counter: 1 out of 20
====================================================================================================
Epoch:150
Valid RMSE: 5.95428991317749
EarlyStopping counter: 2 out of 20
====================================================================================================
Epoch:151
Valid RMSE: 5.933188438415527
EarlyStopping counter: 3 out of 20
====================================================================================================
Epoch:152
Valid RMSE: 5.908569812774658
====================================================================================================
Epoch:153
Valid RMSE: 5.913769245147705
EarlyStopping counter: 1 out of 20
====================================================================================================
Epoch:154
Valid RMSE: 5.918502330780029
EarlyStopping counter: 2 out of 20
====================================================================================================
Epoch:155
Valid RMSE: 5.898705005645752
====================================================================================================
Epoch:156
Valid RMSE: 5.903439521789551
EarlyStopping counter: 1 out of 20
====================================================================================================
Epoch:157
Valid RMSE: 5.925668239593506
EarlyStopping counter: 2 out of 20
====================================================================================================
Epoch:158
Valid RMSE: 5.900318145751953
EarlyStopping counter: 3 out of 20
====================================================================================================
Epoch:159
Valid RMSE: 5.892730712890625
====================================================================================================
Epoch:160
Valid RMSE: 5.922149658203125
EarlyStopping counter: 1 out of 20
====================================================================================================
Epoch:161
Valid RMSE: 5.880861282348633
====================================================================================================
Epoch:162
Valid RMSE: 5.893312454223633
EarlyStopping counter: 1 out of 20
====================================================================================================
Epoch:163
Valid RMSE: 5.871527671813965
====================================================================================================
Epoch:164
Valid RMSE: 5.884991645812988
EarlyStopping counter: 1 out of 20
====================================================================================================
Epoch:165
Valid RMSE: 5.864613056182861
====================================================================================================
Epoch:166
Valid RMSE: 5.870728015899658
EarlyStopping counter: 1 out of 20
====================================================================================================
Epoch:167
Valid RMSE: 5.8776021003723145
EarlyStopping counter: 2 out of 20
====================================================================================================
Epoch:168
Valid RMSE: 5.8697052001953125
EarlyStopping counter: 3 out of 20
====================================================================================================
Epoch:169
Valid RMSE: 5.897956371307373
EarlyStopping counter: 4 out of 20
====================================================================================================
Epoch:170
Valid RMSE: 5.88554048538208
EarlyStopping counter: 5 out of 20
====================================================================================================
Epoch:171
Valid RMSE: 5.870017051696777
EarlyStopping counter: 6 out of 20
====================================================================================================
Epoch:172
Valid RMSE: 5.861433982849121
====================================================================================================
Epoch:173
Valid RMSE: 5.85035514831543
====================================================================================================
Epoch:174
Valid RMSE: 5.850788116455078
EarlyStopping counter: 1 out of 20
====================================================================================================
Epoch:175
Valid RMSE: 5.864584922790527
EarlyStopping counter: 2 out of 20
====================================================================================================
Epoch:176
Valid RMSE: 5.842960834503174
====================================================================================================
Epoch:177
Valid RMSE: 5.82860803604126
====================================================================================================
Epoch:178
Valid RMSE: 5.863389015197754
EarlyStopping counter: 1 out of 20
====================================================================================================
Epoch:179
Valid RMSE: 5.82996940612793
EarlyStopping counter: 2 out of 20
====================================================================================================
Epoch:180
Valid RMSE: 5.865373611450195
EarlyStopping counter: 3 out of 20
====================================================================================================
Epoch:181
Valid RMSE: 5.8402099609375
EarlyStopping counter: 4 out of 20
====================================================================================================
Epoch:182
Valid RMSE: 5.829507827758789
EarlyStopping counter: 5 out of 20
====================================================================================================
Epoch:183
Valid RMSE: 5.876554012298584
EarlyStopping counter: 6 out of 20
====================================================================================================
Epoch:184
Valid RMSE: 5.81114387512207
====================================================================================================
Epoch:185
Valid RMSE: 5.833325386047363
EarlyStopping counter: 1 out of 20
====================================================================================================
Epoch:186
Valid RMSE: 5.817099094390869
EarlyStopping counter: 2 out of 20
====================================================================================================
Epoch:187
Valid RMSE: 5.856899738311768
EarlyStopping counter: 3 out of 20
====================================================================================================
Epoch:188
Valid RMSE: 5.807979106903076
====================================================================================================
Epoch:189
Valid RMSE: 5.848276615142822
EarlyStopping counter: 1 out of 20
====================================================================================================
Epoch:190
Valid RMSE: 5.8151469230651855
EarlyStopping counter: 2 out of 20
====================================================================================================
Epoch:191
Valid RMSE: 5.815817356109619
EarlyStopping counter: 3 out of 20
====================================================================================================
Epoch:192
Valid RMSE: 5.808277606964111
EarlyStopping counter: 4 out of 20
====================================================================================================
Epoch:193
Valid RMSE: 5.853876113891602
EarlyStopping counter: 5 out of 20
====================================================================================================
Epoch:194
Valid RMSE: 5.798105716705322
====================================================================================================
Epoch:195
Valid RMSE: 5.866019248962402
EarlyStopping counter: 1 out of 20
====================================================================================================
Epoch:196
Valid RMSE: 5.874488353729248
EarlyStopping counter: 2 out of 20
====================================================================================================
Epoch:197
Valid RMSE: 5.823267459869385
EarlyStopping counter: 3 out of 20
====================================================================================================
Epoch:198
Valid RMSE: 5.832368850708008
EarlyStopping counter: 4 out of 20
====================================================================================================
Epoch:199
Valid RMSE: 5.919335842132568
EarlyStopping counter: 5 out of 20
====================================================================================================
Epoch:200
Valid RMSE: 5.814806938171387
EarlyStopping counter: 6 out of 20
====================================================================================================
Epoch:201
Valid RMSE: 5.795648574829102
====================================================================================================
Epoch:202
Valid RMSE: 5.826018810272217
EarlyStopping counter: 1 out of 20
====================================================================================================
Epoch:203
Valid RMSE: 5.8089752197265625
EarlyStopping counter: 2 out of 20
====================================================================================================
Epoch:204
Valid RMSE: 5.818732261657715
EarlyStopping counter: 3 out of 20
====================================================================================================
Epoch:205
Valid RMSE: 5.816353797912598
EarlyStopping counter: 4 out of 20
====================================================================================================
Epoch:206
Valid RMSE: 5.784540176391602
====================================================================================================
Epoch:207
Valid RMSE: 5.805484294891357
EarlyStopping counter: 1 out of 20
====================================================================================================
Epoch:208
Valid RMSE: 5.785645484924316
EarlyStopping counter: 2 out of 20
====================================================================================================
Epoch:209
Valid RMSE: 5.8037261962890625
EarlyStopping counter: 3 out of 20
====================================================================================================
Epoch:210
Valid RMSE: 5.834778785705566
EarlyStopping counter: 4 out of 20
====================================================================================================
Epoch:211
Valid RMSE: 5.791360378265381
EarlyStopping counter: 5 out of 20
====================================================================================================
Epoch:212
Valid RMSE: 5.797566890716553
EarlyStopping counter: 6 out of 20
====================================================================================================
Epoch:213
Valid RMSE: 5.7945475578308105
EarlyStopping counter: 7 out of 20
====================================================================================================
Epoch:214
Valid RMSE: 5.785435199737549
EarlyStopping counter: 8 out of 20
====================================================================================================
Epoch:215
Valid RMSE: 5.814729690551758
EarlyStopping counter: 9 out of 20
====================================================================================================
Epoch:216
Valid RMSE: 5.823192596435547
EarlyStopping counter: 10 out of 20
====================================================================================================
Epoch:217
Valid RMSE: 5.78294038772583
====================================================================================================
Epoch:218
Valid RMSE: 5.843292236328125
EarlyStopping counter: 1 out of 20
====================================================================================================
Epoch:219
Valid RMSE: 5.792463302612305
EarlyStopping counter: 2 out of 20
====================================================================================================
Epoch:220
Valid RMSE: 5.7637248039245605
====================================================================================================
Epoch:221
Valid RMSE: 5.785147190093994
EarlyStopping counter: 1 out of 20
====================================================================================================
Epoch:222
Valid RMSE: 5.777444839477539
EarlyStopping counter: 2 out of 20
====================================================================================================
Epoch:223
Valid RMSE: 5.762965679168701
====================================================================================================
Epoch:224
Valid RMSE: 5.792428970336914
EarlyStopping counter: 1 out of 20
====================================================================================================
Epoch:225
Valid RMSE: 5.838049411773682
EarlyStopping counter: 2 out of 20
====================================================================================================
Epoch:226
Valid RMSE: 5.777831077575684
EarlyStopping counter: 3 out of 20
====================================================================================================
Epoch:227
Valid RMSE: 5.774582862854004
EarlyStopping counter: 4 out of 20
====================================================================================================
Epoch:228
Valid RMSE: 5.7977986335754395
EarlyStopping counter: 5 out of 20
====================================================================================================
Epoch:229
Valid RMSE: 5.806344509124756
EarlyStopping counter: 6 out of 20
====================================================================================================
Epoch:230
Valid RMSE: 5.774352073669434
EarlyStopping counter: 7 out of 20
====================================================================================================
Epoch:231
Valid RMSE: 5.772435665130615
EarlyStopping counter: 8 out of 20
====================================================================================================
Epoch:232
Valid RMSE: 5.7671284675598145
EarlyStopping counter: 9 out of 20
====================================================================================================
Epoch:233
Valid RMSE: 5.771504878997803
EarlyStopping counter: 10 out of 20
====================================================================================================
Epoch:234
Valid RMSE: 5.794599533081055
EarlyStopping counter: 11 out of 20
====================================================================================================
Epoch:235
Valid RMSE: 5.808492183685303
EarlyStopping counter: 12 out of 20
====================================================================================================
Epoch:236
Valid RMSE: 5.750638484954834
====================================================================================================
Epoch:237
Valid RMSE: 5.7694172859191895
EarlyStopping counter: 1 out of 20
====================================================================================================
Epoch:238
Valid RMSE: 5.783792018890381
EarlyStopping counter: 2 out of 20
====================================================================================================
Epoch:239
Valid RMSE: 5.7496418952941895
====================================================================================================
Epoch:240
Valid RMSE: 5.744104862213135
====================================================================================================
Epoch:241
Valid RMSE: 5.754730701446533
EarlyStopping counter: 1 out of 20
====================================================================================================
Epoch:242
Valid RMSE: 5.750967502593994
EarlyStopping counter: 2 out of 20
====================================================================================================
Epoch:243
Valid RMSE: 5.761533260345459
EarlyStopping counter: 3 out of 20
====================================================================================================
Epoch:244
Valid RMSE: 5.777045249938965
EarlyStopping counter: 4 out of 20
====================================================================================================
Epoch:245
Valid RMSE: 5.800990581512451
EarlyStopping counter: 5 out of 20
====================================================================================================
Epoch:246
Valid RMSE: 5.751657962799072
EarlyStopping counter: 6 out of 20
====================================================================================================
Epoch:247
Valid RMSE: 5.776844024658203
EarlyStopping counter: 7 out of 20
====================================================================================================
Epoch:248
Valid RMSE: 5.740701198577881
====================================================================================================
Epoch:249
Valid RMSE: 5.769070625305176
EarlyStopping counter: 1 out of 20
====================================================================================================
Epoch:250
Valid RMSE: 5.778509616851807
EarlyStopping counter: 2 out of 20
====================================================================================================
Epoch:251
Valid RMSE: 5.748699188232422
EarlyStopping counter: 3 out of 20
====================================================================================================
Epoch:252
Valid RMSE: 5.76685905456543
EarlyStopping counter: 4 out of 20
====================================================================================================
Epoch:253
Valid RMSE: 5.737450122833252
====================================================================================================
Epoch:254
Valid RMSE: 5.75542688369751
EarlyStopping counter: 1 out of 20
====================================================================================================
Epoch:255
Valid RMSE: 5.739591598510742
EarlyStopping counter: 2 out of 20
====================================================================================================
Epoch:256
Valid RMSE: 5.736613750457764
====================================================================================================
Epoch:257
Valid RMSE: 5.734547138214111
====================================================================================================
Epoch:258
Valid RMSE: 5.744423866271973
EarlyStopping counter: 1 out of 20
====================================================================================================
Epoch:259
Valid RMSE: 5.747554302215576
EarlyStopping counter: 2 out of 20
====================================================================================================
Epoch:260
Valid RMSE: 5.749898910522461
EarlyStopping counter: 3 out of 20
====================================================================================================
Epoch:261
Valid RMSE: 5.733683109283447
====================================================================================================
Epoch:262
Valid RMSE: 5.756146430969238
EarlyStopping counter: 1 out of 20
====================================================================================================
Epoch:263
Valid RMSE: 5.7387919425964355
EarlyStopping counter: 2 out of 20
====================================================================================================
Epoch:264
Valid RMSE: 5.780410289764404
EarlyStopping counter: 3 out of 20
====================================================================================================
Epoch:265
Valid RMSE: 5.7591023445129395
EarlyStopping counter: 4 out of 20
====================================================================================================
Epoch:266
Valid RMSE: 5.76642370223999
EarlyStopping counter: 5 out of 20
====================================================================================================
Epoch:267
Valid RMSE: 5.735696792602539
EarlyStopping counter: 6 out of 20
====================================================================================================
Epoch:268
Valid RMSE: 5.755187034606934
EarlyStopping counter: 7 out of 20
====================================================================================================
Epoch:269
Valid RMSE: 5.727829933166504
====================================================================================================
Epoch:270
Valid RMSE: 5.717658042907715
====================================================================================================
Epoch:271
Valid RMSE: 5.7292327880859375
EarlyStopping counter: 1 out of 20
====================================================================================================
Epoch:272
Valid RMSE: 5.749868392944336
EarlyStopping counter: 2 out of 20
====================================================================================================
Epoch:273
Valid RMSE: 5.734707832336426
EarlyStopping counter: 3 out of 20
====================================================================================================
Epoch:274
Valid RMSE: 5.740015506744385
EarlyStopping counter: 4 out of 20
====================================================================================================
Epoch:275
Valid RMSE: 5.761123180389404
EarlyStopping counter: 5 out of 20
====================================================================================================
Epoch:276
Valid RMSE: 5.744562149047852
EarlyStopping counter: 6 out of 20
====================================================================================================
Epoch:277
Valid RMSE: 5.7543416023254395
EarlyStopping counter: 7 out of 20
====================================================================================================
Epoch:278
Valid RMSE: 5.727124214172363
EarlyStopping counter: 8 out of 20
====================================================================================================
Epoch:279
Valid RMSE: 5.720453262329102
EarlyStopping counter: 9 out of 20
====================================================================================================
Epoch:280
Valid RMSE: 5.738546371459961
EarlyStopping counter: 10 out of 20
====================================================================================================
Epoch:281
Valid RMSE: 5.718738555908203
EarlyStopping counter: 11 out of 20
====================================================================================================
Epoch:282
Valid RMSE: 5.764205455780029
EarlyStopping counter: 12 out of 20
====================================================================================================
Epoch:283
Valid RMSE: 5.829314231872559
EarlyStopping counter: 13 out of 20
====================================================================================================
Epoch:284
Valid RMSE: 5.7587151527404785
EarlyStopping counter: 14 out of 20
====================================================================================================
Epoch:285
Valid RMSE: 5.732323169708252
EarlyStopping counter: 15 out of 20
====================================================================================================
Epoch:286
Valid RMSE: 5.731516361236572
EarlyStopping counter: 16 out of 20
====================================================================================================
Epoch:287
Valid RMSE: 5.73793363571167
EarlyStopping counter: 17 out of 20
====================================================================================================
Epoch:288
Valid RMSE: 5.7216620445251465
EarlyStopping counter: 18 out of 20
====================================================================================================
Epoch:289
Valid RMSE: 5.734288692474365
EarlyStopping counter: 19 out of 20
====================================================================================================
Epoch:290
Valid RMSE: 5.719112396240234
EarlyStopping counter: 20 out of 20
Early stopping
torch.Size([6132, 1, 323, 12])
torch.Size([6132, 1, 323, 12])
torch.Size([6132, 1, 323, 12])
==================================================  Testing  ==================================================
predict shape:  (1728, 323, 12)
MAE: 3.568 RMSE: 5.581 MAPE: 10.110
Spend Time: 9566.031635284424
