torch.Size([6132, 1, 323, 12])
torch.Size([6132, 1, 323, 12])
torch.Size([6132, 1, 323, 12])
==================================================  Training  ==================================================
Epoch:0
Valid RMSE: 9.484344482421875
====================================================================================================
Epoch:1
Valid RMSE: 8.318528175354004
====================================================================================================
Epoch:2
Valid RMSE: 8.17663288116455
====================================================================================================
Epoch:3
Valid RMSE: 7.987513065338135
====================================================================================================
Epoch:4
Valid RMSE: 7.925332069396973
====================================================================================================
Epoch:5
Valid RMSE: 7.7364888191223145
====================================================================================================
Epoch:6
Valid RMSE: 7.6721930503845215
====================================================================================================
Epoch:7
Valid RMSE: 7.571274757385254
====================================================================================================
Epoch:8
Valid RMSE: 7.518161773681641
====================================================================================================
Epoch:9
Valid RMSE: 7.436080455780029
====================================================================================================
Epoch:10
Valid RMSE: 7.454639434814453
EarlyStopping counter: 1 out of 20
====================================================================================================
Epoch:11
Valid RMSE: 7.353107929229736
====================================================================================================
Epoch:12
Valid RMSE: 7.344459056854248
====================================================================================================
Epoch:13
Valid RMSE: 7.285369396209717
====================================================================================================
Epoch:14
Valid RMSE: 7.251714706420898
====================================================================================================
Epoch:15
Valid RMSE: 7.185551166534424
====================================================================================================
Epoch:16
Valid RMSE: 7.237879276275635
EarlyStopping counter: 1 out of 20
====================================================================================================
Epoch:17
Valid RMSE: 7.184258937835693
====================================================================================================
Epoch:18
Valid RMSE: 7.137683868408203
====================================================================================================
Epoch:19
Valid RMSE: 7.156679630279541
EarlyStopping counter: 1 out of 20
====================================================================================================
Epoch:20
Valid RMSE: 7.112982749938965
====================================================================================================
Epoch:21
Valid RMSE: 7.0791015625
====================================================================================================
Epoch:22
Valid RMSE: 7.054819107055664
====================================================================================================
Epoch:23
Valid RMSE: 7.014434814453125
====================================================================================================
Epoch:24
Valid RMSE: 7.036351680755615
EarlyStopping counter: 1 out of 20
====================================================================================================
Epoch:25
Valid RMSE: 6.976442337036133
====================================================================================================
Epoch:26
Valid RMSE: 6.99429988861084
EarlyStopping counter: 1 out of 20
====================================================================================================
Epoch:27
Valid RMSE: 7.0026774406433105
EarlyStopping counter: 2 out of 20
====================================================================================================
Epoch:28
Valid RMSE: 6.985461711883545
EarlyStopping counter: 3 out of 20
====================================================================================================
Epoch:29
Valid RMSE: 6.960792064666748
====================================================================================================
Epoch:30
Valid RMSE: 6.9039306640625
====================================================================================================
Epoch:31
Valid RMSE: 6.869004249572754
====================================================================================================
Epoch:32
Valid RMSE: 6.885666370391846
EarlyStopping counter: 1 out of 20
====================================================================================================
Epoch:33
Valid RMSE: 6.879703044891357
EarlyStopping counter: 2 out of 20
====================================================================================================
Epoch:34
Valid RMSE: 6.869192600250244
EarlyStopping counter: 3 out of 20
====================================================================================================
Epoch:35
Valid RMSE: 6.818392276763916
====================================================================================================
Epoch:36
Valid RMSE: 6.825571537017822
EarlyStopping counter: 1 out of 20
====================================================================================================
Epoch:37
Valid RMSE: 6.7852020263671875
====================================================================================================
Epoch:38
Valid RMSE: 6.791112899780273
EarlyStopping counter: 1 out of 20
====================================================================================================
Epoch:39
Valid RMSE: 6.8275580406188965
EarlyStopping counter: 2 out of 20
====================================================================================================
Epoch:40
Valid RMSE: 6.795453071594238
EarlyStopping counter: 3 out of 20
====================================================================================================
Epoch:41
Valid RMSE: 6.747302532196045
====================================================================================================
Epoch:42
Valid RMSE: 6.743978500366211
====================================================================================================
Epoch:43
Valid RMSE: 6.715543746948242
====================================================================================================
Epoch:44
Valid RMSE: 6.72088098526001
EarlyStopping counter: 1 out of 20
====================================================================================================
Epoch:45
Valid RMSE: 6.728262901306152
EarlyStopping counter: 2 out of 20
====================================================================================================
Epoch:46
Valid RMSE: 6.690014839172363
====================================================================================================
Epoch:47
Valid RMSE: 6.689894676208496
====================================================================================================
Epoch:48
Valid RMSE: 6.632198333740234
====================================================================================================
Epoch:49
Valid RMSE: 6.665497303009033
EarlyStopping counter: 1 out of 20
====================================================================================================
Epoch:50
Valid RMSE: 6.695158958435059
EarlyStopping counter: 2 out of 20
====================================================================================================
Epoch:51
Valid RMSE: 6.633181571960449
EarlyStopping counter: 3 out of 20
====================================================================================================
Epoch:52
Valid RMSE: 6.623471736907959
====================================================================================================
Epoch:53
Valid RMSE: 6.609122276306152
====================================================================================================
Epoch:54
Valid RMSE: 6.616555690765381
EarlyStopping counter: 1 out of 20
====================================================================================================
Epoch:55
Valid RMSE: 6.610341548919678
EarlyStopping counter: 2 out of 20
====================================================================================================
Epoch:56
Valid RMSE: 6.587310314178467
====================================================================================================
Epoch:57
Valid RMSE: 6.640745162963867
EarlyStopping counter: 1 out of 20
====================================================================================================
Epoch:58
Valid RMSE: 6.587443828582764
EarlyStopping counter: 2 out of 20
====================================================================================================
Epoch:59
Valid RMSE: 6.546755790710449
====================================================================================================
Epoch:60
Valid RMSE: 6.547343730926514
EarlyStopping counter: 1 out of 20
====================================================================================================
Epoch:61
Valid RMSE: 6.580122947692871
EarlyStopping counter: 2 out of 20
====================================================================================================
Epoch:62
Valid RMSE: 6.513006210327148
====================================================================================================
Epoch:63
Valid RMSE: 6.547607898712158
EarlyStopping counter: 1 out of 20
====================================================================================================
Epoch:64
Valid RMSE: 6.507674694061279
====================================================================================================
Epoch:65
Valid RMSE: 6.487461566925049
====================================================================================================
Epoch:66
Valid RMSE: 6.494028091430664
EarlyStopping counter: 1 out of 20
====================================================================================================
Epoch:67
Valid RMSE: 6.501399517059326
EarlyStopping counter: 2 out of 20
====================================================================================================
Epoch:68
Valid RMSE: 6.530423164367676
EarlyStopping counter: 3 out of 20
====================================================================================================
Epoch:69
Valid RMSE: 6.479335308074951
====================================================================================================
Epoch:70
Valid RMSE: 6.459033489227295
====================================================================================================
Epoch:71
Valid RMSE: 6.494182586669922
EarlyStopping counter: 1 out of 20
====================================================================================================
Epoch:72
Valid RMSE: 6.47247838973999
EarlyStopping counter: 2 out of 20
====================================================================================================
Epoch:73
Valid RMSE: 6.4636383056640625
EarlyStopping counter: 3 out of 20
====================================================================================================
Epoch:74
Valid RMSE: 6.422797679901123
====================================================================================================
Epoch:75
Valid RMSE: 6.4300618171691895
EarlyStopping counter: 1 out of 20
====================================================================================================
Epoch:76
Valid RMSE: 6.460724353790283
EarlyStopping counter: 2 out of 20
====================================================================================================
Epoch:77
Valid RMSE: 6.417850494384766
====================================================================================================
Epoch:78
Valid RMSE: 6.410444259643555
====================================================================================================
Epoch:79
Valid RMSE: 6.423205375671387
EarlyStopping counter: 1 out of 20
====================================================================================================
Epoch:80
Valid RMSE: 6.381734371185303
====================================================================================================
Epoch:81
Valid RMSE: 6.400785446166992
EarlyStopping counter: 1 out of 20
====================================================================================================
Epoch:82
Valid RMSE: 6.406210899353027
EarlyStopping counter: 2 out of 20
====================================================================================================
Epoch:83
Valid RMSE: 6.399176597595215
EarlyStopping counter: 3 out of 20
====================================================================================================
Epoch:84
Valid RMSE: 6.354533672332764
====================================================================================================
Epoch:85
Valid RMSE: 6.416754245758057
EarlyStopping counter: 1 out of 20
====================================================================================================
Epoch:86
Valid RMSE: 6.353644847869873
====================================================================================================
Epoch:87
Valid RMSE: 6.367815017700195
EarlyStopping counter: 1 out of 20
====================================================================================================
Epoch:88
Valid RMSE: 6.363117694854736
EarlyStopping counter: 2 out of 20
====================================================================================================
Epoch:89
Valid RMSE: 6.355596542358398
EarlyStopping counter: 3 out of 20
====================================================================================================
Epoch:90
Valid RMSE: 6.352877140045166
====================================================================================================
Epoch:91
Valid RMSE: 6.311355113983154
====================================================================================================
Epoch:92
Valid RMSE: 6.329505443572998
EarlyStopping counter: 1 out of 20
====================================================================================================
Epoch:93
Valid RMSE: 6.285776138305664
====================================================================================================
Epoch:94
Valid RMSE: 6.321412086486816
EarlyStopping counter: 1 out of 20
====================================================================================================
Epoch:95
Valid RMSE: 6.317337989807129
EarlyStopping counter: 2 out of 20
====================================================================================================
Epoch:96
Valid RMSE: 6.298589706420898
EarlyStopping counter: 3 out of 20
====================================================================================================
Epoch:97
Valid RMSE: 6.29843807220459
EarlyStopping counter: 4 out of 20
====================================================================================================
Epoch:98
Valid RMSE: 6.30321741104126
EarlyStopping counter: 5 out of 20
====================================================================================================
Epoch:99
Valid RMSE: 6.30698823928833
EarlyStopping counter: 6 out of 20
====================================================================================================
Epoch:100
Valid RMSE: 6.299592018127441
EarlyStopping counter: 7 out of 20
====================================================================================================
Epoch:101
Valid RMSE: 6.283865928649902
====================================================================================================
Epoch:102
Valid RMSE: 6.248205184936523
====================================================================================================
Epoch:103
Valid RMSE: 6.271041393280029
EarlyStopping counter: 1 out of 20
====================================================================================================
Epoch:104
Valid RMSE: 6.253711223602295
EarlyStopping counter: 2 out of 20
====================================================================================================
Epoch:105
Valid RMSE: 6.288827419281006
EarlyStopping counter: 3 out of 20
====================================================================================================
Epoch:106
Valid RMSE: 6.240955829620361
====================================================================================================
Epoch:107
Valid RMSE: 6.247888088226318
EarlyStopping counter: 1 out of 20
====================================================================================================
Epoch:108
Valid RMSE: 6.226206302642822
====================================================================================================
Epoch:109
Valid RMSE: 6.241811275482178
EarlyStopping counter: 1 out of 20
====================================================================================================
Epoch:110
Valid RMSE: 6.2430644035339355
EarlyStopping counter: 2 out of 20
====================================================================================================
Epoch:111
Valid RMSE: 6.224593639373779
====================================================================================================
Epoch:112
Valid RMSE: 6.237863540649414
EarlyStopping counter: 1 out of 20
====================================================================================================
Epoch:113
Valid RMSE: 6.228583812713623
EarlyStopping counter: 2 out of 20
====================================================================================================
Epoch:114
Valid RMSE: 6.184997081756592
====================================================================================================
Epoch:115
Valid RMSE: 6.217052459716797
EarlyStopping counter: 1 out of 20
====================================================================================================
Epoch:116
Valid RMSE: 6.174667835235596
====================================================================================================
Epoch:117
Valid RMSE: 6.196193218231201
EarlyStopping counter: 1 out of 20
====================================================================================================
Epoch:118
Valid RMSE: 6.179376125335693
EarlyStopping counter: 2 out of 20
====================================================================================================
Epoch:119
Valid RMSE: 6.234643459320068
EarlyStopping counter: 3 out of 20
====================================================================================================
Epoch:120
Valid RMSE: 6.188538074493408
EarlyStopping counter: 4 out of 20
====================================================================================================
Epoch:121
Valid RMSE: 6.213006496429443
EarlyStopping counter: 5 out of 20
====================================================================================================
Epoch:122
Valid RMSE: 6.157575607299805
====================================================================================================
Epoch:123
Valid RMSE: 6.151652812957764
====================================================================================================
Epoch:124
Valid RMSE: 6.141387939453125
====================================================================================================
Epoch:125
Valid RMSE: 6.145513534545898
EarlyStopping counter: 1 out of 20
====================================================================================================
Epoch:126
Valid RMSE: 6.169898509979248
EarlyStopping counter: 2 out of 20
====================================================================================================
Epoch:127
Valid RMSE: 6.235898494720459
EarlyStopping counter: 3 out of 20
====================================================================================================
Epoch:128
Valid RMSE: 6.143194675445557
EarlyStopping counter: 4 out of 20
====================================================================================================
Epoch:129
Valid RMSE: 6.159841060638428
EarlyStopping counter: 5 out of 20
====================================================================================================
Epoch:130
Valid RMSE: 6.15081787109375
EarlyStopping counter: 6 out of 20
====================================================================================================
Epoch:131
Valid RMSE: 6.168385982513428
EarlyStopping counter: 7 out of 20
====================================================================================================
Epoch:132
Valid RMSE: 6.126816749572754
====================================================================================================
Epoch:133
Valid RMSE: 6.208490371704102
EarlyStopping counter: 1 out of 20
====================================================================================================
Epoch:134
Valid RMSE: 6.149484634399414
EarlyStopping counter: 2 out of 20
====================================================================================================
Epoch:135
Valid RMSE: 6.13698148727417
EarlyStopping counter: 3 out of 20
====================================================================================================
Epoch:136
Valid RMSE: 6.116484642028809
====================================================================================================
Epoch:137
Valid RMSE: 6.102176189422607
====================================================================================================
Epoch:138
Valid RMSE: 6.107105731964111
EarlyStopping counter: 1 out of 20
====================================================================================================
Epoch:139
Valid RMSE: 6.137788772583008
EarlyStopping counter: 2 out of 20
====================================================================================================
Epoch:140
Valid RMSE: 6.111648082733154
EarlyStopping counter: 3 out of 20
====================================================================================================
Epoch:141
Valid RMSE: 6.092967510223389
====================================================================================================
Epoch:142
Valid RMSE: 6.095739841461182
EarlyStopping counter: 1 out of 20
====================================================================================================
Epoch:143
Valid RMSE: 6.07710599899292
====================================================================================================
Epoch:144
Valid RMSE: 6.118414878845215
EarlyStopping counter: 1 out of 20
====================================================================================================
Epoch:145
Valid RMSE: 6.1136088371276855
EarlyStopping counter: 2 out of 20
====================================================================================================
Epoch:146
Valid RMSE: 6.0756378173828125
====================================================================================================
Epoch:147
Valid RMSE: 6.113364219665527
EarlyStopping counter: 1 out of 20
====================================================================================================
Epoch:148
Valid RMSE: 6.074797630310059
====================================================================================================
Epoch:149
Valid RMSE: 6.085039138793945
EarlyStopping counter: 1 out of 20
====================================================================================================
Epoch:150
Valid RMSE: 6.101553916931152
EarlyStopping counter: 2 out of 20
====================================================================================================
Epoch:151
Valid RMSE: 6.076411724090576
EarlyStopping counter: 3 out of 20
====================================================================================================
Epoch:152
Valid RMSE: 6.090072154998779
EarlyStopping counter: 4 out of 20
====================================================================================================
Epoch:153
Valid RMSE: 6.096499443054199
EarlyStopping counter: 5 out of 20
====================================================================================================
Epoch:154
Valid RMSE: 6.056446075439453
====================================================================================================
Epoch:155
Valid RMSE: 6.054358005523682
====================================================================================================
Epoch:156
Valid RMSE: 6.075705528259277
EarlyStopping counter: 1 out of 20
====================================================================================================
Epoch:157
Valid RMSE: 6.059415340423584
EarlyStopping counter: 2 out of 20
====================================================================================================
Epoch:158
Valid RMSE: 6.047573566436768
====================================================================================================
Epoch:159
Valid RMSE: 6.0527777671813965
EarlyStopping counter: 1 out of 20
====================================================================================================
Epoch:160
Valid RMSE: 6.072482585906982
EarlyStopping counter: 2 out of 20
====================================================================================================
Epoch:161
Valid RMSE: 6.0940399169921875
EarlyStopping counter: 3 out of 20
====================================================================================================
Epoch:162
Valid RMSE: 6.075806140899658
EarlyStopping counter: 4 out of 20
====================================================================================================
Epoch:163
Valid RMSE: 6.038742542266846
====================================================================================================
Epoch:164
Valid RMSE: 6.100630760192871
EarlyStopping counter: 1 out of 20
====================================================================================================
Epoch:165
Valid RMSE: 6.045392036437988
EarlyStopping counter: 2 out of 20
====================================================================================================
Epoch:166
Valid RMSE: 6.053390026092529
EarlyStopping counter: 3 out of 20
====================================================================================================
Epoch:167
Valid RMSE: 6.0471367835998535
EarlyStopping counter: 4 out of 20
====================================================================================================
Epoch:168
Valid RMSE: 6.021516799926758
====================================================================================================
Epoch:169
Valid RMSE: 6.036606311798096
EarlyStopping counter: 1 out of 20
====================================================================================================
Epoch:170
Valid RMSE: 6.018466472625732
====================================================================================================
Epoch:171
Valid RMSE: 6.01123571395874
====================================================================================================
Epoch:172
Valid RMSE: 6.038898944854736
EarlyStopping counter: 1 out of 20
====================================================================================================
Epoch:173
Valid RMSE: 6.0342864990234375
EarlyStopping counter: 2 out of 20
====================================================================================================
Epoch:174
Valid RMSE: 6.06709623336792
EarlyStopping counter: 3 out of 20
====================================================================================================
Epoch:175
Valid RMSE: 6.0580525398254395
EarlyStopping counter: 4 out of 20
====================================================================================================
Epoch:176
Valid RMSE: 6.018087387084961
EarlyStopping counter: 5 out of 20
====================================================================================================
Epoch:177
Valid RMSE: 6.017882823944092
EarlyStopping counter: 6 out of 20
====================================================================================================
Epoch:178
Valid RMSE: 6.035898208618164
EarlyStopping counter: 7 out of 20
====================================================================================================
Epoch:179
Valid RMSE: 5.998459815979004
====================================================================================================
Epoch:180
Valid RMSE: 6.009118556976318
EarlyStopping counter: 1 out of 20
====================================================================================================
Epoch:181
Valid RMSE: 6.047043323516846
EarlyStopping counter: 2 out of 20
====================================================================================================
Epoch:182
Valid RMSE: 6.029162883758545
EarlyStopping counter: 3 out of 20
====================================================================================================
Epoch:183
Valid RMSE: 6.014562129974365
EarlyStopping counter: 4 out of 20
====================================================================================================
Epoch:184
Valid RMSE: 6.004817962646484
EarlyStopping counter: 5 out of 20
====================================================================================================
Epoch:185
Valid RMSE: 6.00360631942749
EarlyStopping counter: 6 out of 20
====================================================================================================
Epoch:186
Valid RMSE: 5.978704452514648
====================================================================================================
Epoch:187
Valid RMSE: 6.0092315673828125
EarlyStopping counter: 1 out of 20
====================================================================================================
Epoch:188
Valid RMSE: 6.007248878479004
EarlyStopping counter: 2 out of 20
====================================================================================================
Epoch:189
Valid RMSE: 5.994740962982178
EarlyStopping counter: 3 out of 20
====================================================================================================
Epoch:190
Valid RMSE: 5.984196186065674
EarlyStopping counter: 4 out of 20
====================================================================================================
Epoch:191
Valid RMSE: 5.9961371421813965
EarlyStopping counter: 5 out of 20
====================================================================================================
Epoch:192
Valid RMSE: 6.007844924926758
EarlyStopping counter: 6 out of 20
====================================================================================================
Epoch:193
Valid RMSE: 5.994477272033691
EarlyStopping counter: 7 out of 20
====================================================================================================
Epoch:194
Valid RMSE: 5.969582557678223
====================================================================================================
Epoch:195
Valid RMSE: 6.021076202392578
EarlyStopping counter: 1 out of 20
====================================================================================================
Epoch:196
Valid RMSE: 6.024768352508545
EarlyStopping counter: 2 out of 20
====================================================================================================
Epoch:197
Valid RMSE: 5.972299575805664
EarlyStopping counter: 3 out of 20
====================================================================================================
Epoch:198
Valid RMSE: 6.043532371520996
EarlyStopping counter: 4 out of 20
====================================================================================================
Epoch:199
Valid RMSE: 5.991640567779541
EarlyStopping counter: 5 out of 20
====================================================================================================
Epoch:200
Valid RMSE: 5.996333599090576
EarlyStopping counter: 6 out of 20
====================================================================================================
Epoch:201
Valid RMSE: 5.9951090812683105
EarlyStopping counter: 7 out of 20
====================================================================================================
Epoch:202
Valid RMSE: 6.037073612213135
EarlyStopping counter: 8 out of 20
====================================================================================================
Epoch:203
Valid RMSE: 5.973265647888184
EarlyStopping counter: 9 out of 20
====================================================================================================
Epoch:204
Valid RMSE: 5.994814872741699
EarlyStopping counter: 10 out of 20
====================================================================================================
Epoch:205
Valid RMSE: 5.971360206604004
EarlyStopping counter: 11 out of 20
====================================================================================================
Epoch:206
Valid RMSE: 5.955010414123535
====================================================================================================
Epoch:207
Valid RMSE: 5.998242378234863
EarlyStopping counter: 1 out of 20
====================================================================================================
Epoch:208
Valid RMSE: 6.000720500946045
EarlyStopping counter: 2 out of 20
====================================================================================================
Epoch:209
Valid RMSE: 5.992855072021484
EarlyStopping counter: 3 out of 20
====================================================================================================
Epoch:210
Valid RMSE: 5.965490341186523
EarlyStopping counter: 4 out of 20
====================================================================================================
Epoch:211
Valid RMSE: 5.955228805541992
EarlyStopping counter: 5 out of 20
====================================================================================================
Epoch:212
Valid RMSE: 5.994565010070801
EarlyStopping counter: 6 out of 20
====================================================================================================
Epoch:213
Valid RMSE: 5.970327854156494
EarlyStopping counter: 7 out of 20
====================================================================================================
Epoch:214
Valid RMSE: 5.934998035430908
====================================================================================================
Epoch:215
Valid RMSE: 6.020479202270508
EarlyStopping counter: 1 out of 20
====================================================================================================
Epoch:216
Valid RMSE: 5.944860935211182
EarlyStopping counter: 2 out of 20
====================================================================================================
Epoch:217
Valid RMSE: 5.98964786529541
EarlyStopping counter: 3 out of 20
====================================================================================================
Epoch:218
Valid RMSE: 5.950005054473877
EarlyStopping counter: 4 out of 20
====================================================================================================
Epoch:219
Valid RMSE: 6.025687217712402
EarlyStopping counter: 5 out of 20
====================================================================================================
Epoch:220
Valid RMSE: 5.948368549346924
EarlyStopping counter: 6 out of 20
====================================================================================================
Epoch:221
Valid RMSE: 5.9479522705078125
EarlyStopping counter: 7 out of 20
====================================================================================================
Epoch:222
Valid RMSE: 5.941845893859863
EarlyStopping counter: 8 out of 20
====================================================================================================
Epoch:223
Valid RMSE: 5.980396747589111
EarlyStopping counter: 9 out of 20
====================================================================================================
Epoch:224
Valid RMSE: 5.933446407318115
====================================================================================================
Epoch:225
Valid RMSE: 5.95783805847168
EarlyStopping counter: 1 out of 20
====================================================================================================
Epoch:226
Valid RMSE: 5.938225269317627
EarlyStopping counter: 2 out of 20
====================================================================================================
Epoch:227
Valid RMSE: 5.92478609085083
====================================================================================================
Epoch:228
Valid RMSE: 5.926923751831055
EarlyStopping counter: 1 out of 20
====================================================================================================
Epoch:229
Valid RMSE: 5.924057483673096
====================================================================================================
Epoch:230
Valid RMSE: 6.011392116546631
EarlyStopping counter: 1 out of 20
====================================================================================================
Epoch:231
Valid RMSE: 5.946034908294678
EarlyStopping counter: 2 out of 20
====================================================================================================
Epoch:232
Valid RMSE: 5.921291351318359
====================================================================================================
Epoch:233
Valid RMSE: 5.949667930603027
EarlyStopping counter: 1 out of 20
====================================================================================================
Epoch:234
Valid RMSE: 5.922174453735352
EarlyStopping counter: 2 out of 20
====================================================================================================
Epoch:235
Valid RMSE: 5.950011730194092
EarlyStopping counter: 3 out of 20
====================================================================================================
Epoch:236
Valid RMSE: 5.938106536865234
EarlyStopping counter: 4 out of 20
====================================================================================================
Epoch:237
Valid RMSE: 5.970218658447266
EarlyStopping counter: 5 out of 20
====================================================================================================
Epoch:238
Valid RMSE: 5.922493934631348
EarlyStopping counter: 6 out of 20
====================================================================================================
Epoch:239
Valid RMSE: 5.9362101554870605
EarlyStopping counter: 7 out of 20
====================================================================================================
Epoch:240
Valid RMSE: 5.918931007385254
====================================================================================================
Epoch:241
Valid RMSE: 5.967347145080566
EarlyStopping counter: 1 out of 20
====================================================================================================
Epoch:242
Valid RMSE: 5.959192276000977
EarlyStopping counter: 2 out of 20
====================================================================================================
Epoch:243
Valid RMSE: 5.913577556610107
====================================================================================================
Epoch:244
Valid RMSE: 5.9427361488342285
EarlyStopping counter: 1 out of 20
====================================================================================================
Epoch:245
Valid RMSE: 5.929996013641357
EarlyStopping counter: 2 out of 20
====================================================================================================
Epoch:246
Valid RMSE: 5.909948825836182
====================================================================================================
Epoch:247
Valid RMSE: 5.934332370758057
EarlyStopping counter: 1 out of 20
====================================================================================================
Epoch:248
Valid RMSE: 5.95496129989624
EarlyStopping counter: 2 out of 20
====================================================================================================
Epoch:249
Valid RMSE: 5.9116644859313965
EarlyStopping counter: 3 out of 20
====================================================================================================
Epoch:250
Valid RMSE: 5.906506538391113
====================================================================================================
Epoch:251
Valid RMSE: 5.94539737701416
EarlyStopping counter: 1 out of 20
====================================================================================================
Epoch:252
Valid RMSE: 5.900213718414307
====================================================================================================
Epoch:253
Valid RMSE: 5.939543724060059
EarlyStopping counter: 1 out of 20
====================================================================================================
Epoch:254
Valid RMSE: 5.930367469787598
EarlyStopping counter: 2 out of 20
====================================================================================================
Epoch:255
Valid RMSE: 5.95495080947876
EarlyStopping counter: 3 out of 20
====================================================================================================
Epoch:256
Valid RMSE: 5.903808116912842
EarlyStopping counter: 4 out of 20
====================================================================================================
Epoch:257
Valid RMSE: 5.9260640144348145
EarlyStopping counter: 5 out of 20
====================================================================================================
Epoch:258
Valid RMSE: 5.901438236236572
EarlyStopping counter: 6 out of 20
====================================================================================================
Epoch:259
Valid RMSE: 5.912573337554932
EarlyStopping counter: 7 out of 20
====================================================================================================
Epoch:260
Valid RMSE: 5.914859294891357
EarlyStopping counter: 8 out of 20
====================================================================================================
Epoch:261
Valid RMSE: 5.928088188171387
EarlyStopping counter: 9 out of 20
====================================================================================================
Epoch:262
Valid RMSE: 5.914224624633789
EarlyStopping counter: 10 out of 20
====================================================================================================
Epoch:263
Valid RMSE: 5.989387035369873
EarlyStopping counter: 11 out of 20
====================================================================================================
Epoch:264
Valid RMSE: 5.897748947143555
====================================================================================================
Epoch:265
Valid RMSE: 5.908568859100342
EarlyStopping counter: 1 out of 20
====================================================================================================
Epoch:266
Valid RMSE: 5.905914783477783
EarlyStopping counter: 2 out of 20
====================================================================================================
Epoch:267
Valid RMSE: 5.898556709289551
EarlyStopping counter: 3 out of 20
====================================================================================================
Epoch:268
Valid RMSE: 5.911108493804932
EarlyStopping counter: 4 out of 20
====================================================================================================
Epoch:269
Valid RMSE: 5.954928874969482
EarlyStopping counter: 5 out of 20
====================================================================================================
Epoch:270
Valid RMSE: 5.879037380218506
====================================================================================================
Epoch:271
Valid RMSE: 5.904672622680664
EarlyStopping counter: 1 out of 20
====================================================================================================
Epoch:272
Valid RMSE: 5.894768714904785
EarlyStopping counter: 2 out of 20
====================================================================================================
Epoch:273
Valid RMSE: 5.913796424865723
EarlyStopping counter: 3 out of 20
====================================================================================================
Epoch:274
Valid RMSE: 5.897024154663086
EarlyStopping counter: 4 out of 20
====================================================================================================
Epoch:275
Valid RMSE: 5.893897533416748
EarlyStopping counter: 5 out of 20
====================================================================================================
Epoch:276
Valid RMSE: 5.901167869567871
EarlyStopping counter: 6 out of 20
====================================================================================================
Epoch:277
Valid RMSE: 5.893612384796143
EarlyStopping counter: 7 out of 20
====================================================================================================
Epoch:278
Valid RMSE: 5.890936374664307
EarlyStopping counter: 8 out of 20
====================================================================================================
Epoch:279
Valid RMSE: 5.885946750640869
EarlyStopping counter: 9 out of 20
====================================================================================================
Epoch:280
Valid RMSE: 5.892160415649414
EarlyStopping counter: 10 out of 20
====================================================================================================
Epoch:281
Valid RMSE: 5.87431526184082
====================================================================================================
Epoch:282
Valid RMSE: 5.919681549072266
EarlyStopping counter: 1 out of 20
====================================================================================================
Epoch:283
Valid RMSE: 5.907429218292236
EarlyStopping counter: 2 out of 20
====================================================================================================
Epoch:284
Valid RMSE: 5.91727876663208
EarlyStopping counter: 3 out of 20
====================================================================================================
Epoch:285
Valid RMSE: 5.909097194671631
EarlyStopping counter: 4 out of 20
====================================================================================================
Epoch:286
Valid RMSE: 5.906717777252197
EarlyStopping counter: 5 out of 20
====================================================================================================
Epoch:287
Valid RMSE: 5.902954578399658
EarlyStopping counter: 6 out of 20
====================================================================================================
Epoch:288
Valid RMSE: 5.8900980949401855
EarlyStopping counter: 7 out of 20
====================================================================================================
Epoch:289
Valid RMSE: 5.893213272094727
EarlyStopping counter: 8 out of 20
====================================================================================================
Epoch:290
Valid RMSE: 5.890350341796875
EarlyStopping counter: 9 out of 20
====================================================================================================
Epoch:291
Valid RMSE: 5.915832042694092
EarlyStopping counter: 10 out of 20
====================================================================================================
Epoch:292
Valid RMSE: 5.880073070526123
EarlyStopping counter: 11 out of 20
====================================================================================================
Epoch:293
Valid RMSE: 5.897510528564453
EarlyStopping counter: 12 out of 20
====================================================================================================
Epoch:294
Valid RMSE: 5.900584697723389
EarlyStopping counter: 13 out of 20
====================================================================================================
Epoch:295
Valid RMSE: 5.876766204833984
EarlyStopping counter: 14 out of 20
====================================================================================================
Epoch:296
Valid RMSE: 5.903663158416748
EarlyStopping counter: 15 out of 20
====================================================================================================
Epoch:297
Valid RMSE: 5.8718485832214355
====================================================================================================
Epoch:298
Valid RMSE: 5.875024318695068
EarlyStopping counter: 1 out of 20
====================================================================================================
Epoch:299
Valid RMSE: 5.896388530731201
EarlyStopping counter: 2 out of 20
====================================================================================================
Epoch:300
Valid RMSE: 5.917415142059326
EarlyStopping counter: 3 out of 20
====================================================================================================
Epoch:301
Valid RMSE: 5.883946895599365
EarlyStopping counter: 4 out of 20
====================================================================================================
Epoch:302
Valid RMSE: 5.915991306304932
EarlyStopping counter: 5 out of 20
====================================================================================================
Epoch:303
Valid RMSE: 5.88084077835083
EarlyStopping counter: 6 out of 20
====================================================================================================
Epoch:304
Valid RMSE: 5.897209644317627
EarlyStopping counter: 7 out of 20
====================================================================================================
Epoch:305
Valid RMSE: 5.903302192687988
EarlyStopping counter: 8 out of 20
====================================================================================================
Epoch:306
Valid RMSE: 5.87598180770874
EarlyStopping counter: 9 out of 20
====================================================================================================
Epoch:307
Valid RMSE: 5.891176700592041
EarlyStopping counter: 10 out of 20
====================================================================================================
Epoch:308
Valid RMSE: 5.911382675170898
EarlyStopping counter: 11 out of 20
====================================================================================================
Epoch:309
Valid RMSE: 5.867757320404053
====================================================================================================
Epoch:310
Valid RMSE: 5.8695526123046875
EarlyStopping counter: 1 out of 20
====================================================================================================
Epoch:311
Valid RMSE: 5.924017429351807
EarlyStopping counter: 2 out of 20
====================================================================================================
Epoch:312
Valid RMSE: 5.870509624481201
EarlyStopping counter: 3 out of 20
====================================================================================================
Epoch:313
Valid RMSE: 5.9369025230407715
EarlyStopping counter: 4 out of 20
====================================================================================================
Epoch:314
Valid RMSE: 5.885806560516357
EarlyStopping counter: 5 out of 20
====================================================================================================
Epoch:315
Valid RMSE: 5.873934268951416
EarlyStopping counter: 6 out of 20
====================================================================================================
Epoch:316
Valid RMSE: 5.937563896179199
EarlyStopping counter: 7 out of 20
====================================================================================================
Epoch:317
Valid RMSE: 5.866251468658447
====================================================================================================
Epoch:318
Valid RMSE: 5.89225435256958
EarlyStopping counter: 1 out of 20
====================================================================================================
Epoch:319
Valid RMSE: 5.892322540283203
EarlyStopping counter: 2 out of 20
====================================================================================================
Epoch:320
Valid RMSE: 5.901309013366699
EarlyStopping counter: 3 out of 20
====================================================================================================
Epoch:321
Valid RMSE: 5.885040760040283
EarlyStopping counter: 4 out of 20
====================================================================================================
Epoch:322
Valid RMSE: 5.935136795043945
EarlyStopping counter: 5 out of 20
====================================================================================================
Epoch:323
Valid RMSE: 5.862898826599121
====================================================================================================
Epoch:324
Valid RMSE: 5.862234115600586
====================================================================================================
Epoch:325
Valid RMSE: 5.883113384246826
EarlyStopping counter: 1 out of 20
====================================================================================================
Epoch:326
Valid RMSE: 5.880636215209961
EarlyStopping counter: 2 out of 20
====================================================================================================
Epoch:327
Valid RMSE: 5.892786026000977
EarlyStopping counter: 3 out of 20
====================================================================================================
Epoch:328
Valid RMSE: 5.873116970062256
EarlyStopping counter: 4 out of 20
====================================================================================================
Epoch:329
Valid RMSE: 5.879751682281494
EarlyStopping counter: 5 out of 20
====================================================================================================
Epoch:330
Valid RMSE: 5.893665790557861
EarlyStopping counter: 6 out of 20
====================================================================================================
Epoch:331
Valid RMSE: 5.964176654815674
EarlyStopping counter: 7 out of 20
====================================================================================================
Epoch:332
Valid RMSE: 5.878995895385742
EarlyStopping counter: 8 out of 20
====================================================================================================
Epoch:333
Valid RMSE: 5.877739429473877
EarlyStopping counter: 9 out of 20
====================================================================================================
Epoch:334
Valid RMSE: 5.891244411468506
EarlyStopping counter: 10 out of 20
====================================================================================================
Epoch:335
Valid RMSE: 5.891680717468262
EarlyStopping counter: 11 out of 20
====================================================================================================
Epoch:336
Valid RMSE: 5.858901500701904
====================================================================================================
Epoch:337
Valid RMSE: 5.859584808349609
EarlyStopping counter: 1 out of 20
====================================================================================================
Epoch:338
Valid RMSE: 5.919371604919434
EarlyStopping counter: 2 out of 20
====================================================================================================
Epoch:339
Valid RMSE: 5.872845649719238
EarlyStopping counter: 3 out of 20
====================================================================================================
Epoch:340
Valid RMSE: 5.909430027008057
EarlyStopping counter: 4 out of 20
====================================================================================================
Epoch:341
Valid RMSE: 5.878484725952148
EarlyStopping counter: 5 out of 20
====================================================================================================
Epoch:342
Valid RMSE: 5.88521146774292
EarlyStopping counter: 6 out of 20
====================================================================================================
Epoch:343
Valid RMSE: 5.877996444702148
EarlyStopping counter: 7 out of 20
====================================================================================================
Epoch:344
Valid RMSE: 5.902838230133057
EarlyStopping counter: 8 out of 20
====================================================================================================
Epoch:345
Valid RMSE: 5.86327600479126
EarlyStopping counter: 9 out of 20
====================================================================================================
Epoch:346
Valid RMSE: 5.862416744232178
EarlyStopping counter: 10 out of 20
====================================================================================================
Epoch:347
Valid RMSE: 5.877101421356201
EarlyStopping counter: 11 out of 20
====================================================================================================
Epoch:348
Valid RMSE: 5.865654945373535
EarlyStopping counter: 12 out of 20
====================================================================================================
Epoch:349
Valid RMSE: 5.878284454345703
EarlyStopping counter: 13 out of 20
====================================================================================================
Epoch:350
Valid RMSE: 5.883734703063965
EarlyStopping counter: 14 out of 20
====================================================================================================
Epoch:351
Valid RMSE: 5.925681114196777
EarlyStopping counter: 15 out of 20
====================================================================================================
Epoch:352
Valid RMSE: 5.863147258758545
EarlyStopping counter: 16 out of 20
====================================================================================================
Epoch:353
Valid RMSE: 5.869319915771484
EarlyStopping counter: 17 out of 20
====================================================================================================
Epoch:354
Valid RMSE: 5.876601696014404
EarlyStopping counter: 18 out of 20
====================================================================================================
Epoch:355
Valid RMSE: 5.896251201629639
EarlyStopping counter: 19 out of 20
====================================================================================================
Epoch:356
Valid RMSE: 5.861487865447998
EarlyStopping counter: 20 out of 20
Early stopping
torch.Size([6132, 1, 323, 12])
torch.Size([6132, 1, 323, 12])
torch.Size([6132, 1, 323, 12])
==================================================  Testing  ==================================================
predict shape:  (1728, 323, 12)
MAE: 3.643 RMSE: 5.811 MAPE: 10.631
Spend Time: 7269.4543488025665
