torch.Size([6132, 1, 323, 12])
torch.Size([6132, 1, 323, 12])
torch.Size([6132, 1, 323, 12])
==================================================  Training  ==================================================
Epoch:0
Valid RMSE: 9.770455360412598
====================================================================================================
Epoch:1
Valid RMSE: 8.407246589660645
====================================================================================================
Epoch:2
Valid RMSE: 8.11484146118164
====================================================================================================
Epoch:3
Valid RMSE: 8.001729011535645
====================================================================================================
Epoch:4
Valid RMSE: 7.855605602264404
====================================================================================================
Epoch:5
Valid RMSE: 7.79441499710083
====================================================================================================
Epoch:6
Valid RMSE: 7.661587238311768
====================================================================================================
Epoch:7
Valid RMSE: 7.5577850341796875
====================================================================================================
Epoch:8
Valid RMSE: 7.551126956939697
====================================================================================================
Epoch:9
Valid RMSE: 7.447484970092773
====================================================================================================
Epoch:10
Valid RMSE: 7.35512113571167
====================================================================================================
Epoch:11
Valid RMSE: 7.3705620765686035
EarlyStopping counter: 1 out of 20
====================================================================================================
Epoch:12
Valid RMSE: 7.320157527923584
====================================================================================================
Epoch:13
Valid RMSE: 7.323938369750977
EarlyStopping counter: 1 out of 20
====================================================================================================
Epoch:14
Valid RMSE: 7.2453999519348145
====================================================================================================
Epoch:15
Valid RMSE: 7.219929218292236
====================================================================================================
Epoch:16
Valid RMSE: 7.2265625
EarlyStopping counter: 1 out of 20
====================================================================================================
Epoch:17
Valid RMSE: 7.234524726867676
EarlyStopping counter: 2 out of 20
====================================================================================================
Epoch:18
Valid RMSE: 7.126803398132324
====================================================================================================
Epoch:19
Valid RMSE: 7.113468170166016
====================================================================================================
Epoch:20
Valid RMSE: 7.061237335205078
====================================================================================================
Epoch:21
Valid RMSE: 7.055572509765625
====================================================================================================
Epoch:22
Valid RMSE: 7.054742336273193
====================================================================================================
Epoch:23
Valid RMSE: 7.026436805725098
====================================================================================================
Epoch:24
Valid RMSE: 7.018317699432373
====================================================================================================
Epoch:25
Valid RMSE: 6.961617469787598
====================================================================================================
Epoch:26
Valid RMSE: 6.982938766479492
EarlyStopping counter: 1 out of 20
====================================================================================================
Epoch:27
Valid RMSE: 6.954001426696777
====================================================================================================
Epoch:28
Valid RMSE: 6.964134693145752
EarlyStopping counter: 1 out of 20
====================================================================================================
Epoch:29
Valid RMSE: 6.921738624572754
====================================================================================================
Epoch:30
Valid RMSE: 6.891406059265137
====================================================================================================
Epoch:31
Valid RMSE: 6.889479637145996
====================================================================================================
Epoch:32
Valid RMSE: 6.859745025634766
====================================================================================================
Epoch:33
Valid RMSE: 6.8295369148254395
====================================================================================================
Epoch:34
Valid RMSE: 6.828632354736328
====================================================================================================
Epoch:35
Valid RMSE: 6.84186315536499
EarlyStopping counter: 1 out of 20
====================================================================================================
Epoch:36
Valid RMSE: 6.814290523529053
====================================================================================================
Epoch:37
Valid RMSE: 6.8062262535095215
====================================================================================================
Epoch:38
Valid RMSE: 6.783939361572266
====================================================================================================
Epoch:39
Valid RMSE: 6.8029632568359375
EarlyStopping counter: 1 out of 20
====================================================================================================
Epoch:40
Valid RMSE: 6.773705959320068
====================================================================================================
Epoch:41
Valid RMSE: 6.773163318634033
====================================================================================================
Epoch:42
Valid RMSE: 6.736941337585449
====================================================================================================
Epoch:43
Valid RMSE: 6.714461326599121
====================================================================================================
Epoch:44
Valid RMSE: 6.727819442749023
EarlyStopping counter: 1 out of 20
====================================================================================================
Epoch:45
Valid RMSE: 6.683176040649414
====================================================================================================
Epoch:46
Valid RMSE: 6.719220161437988
EarlyStopping counter: 1 out of 20
====================================================================================================
Epoch:47
Valid RMSE: 6.708064556121826
EarlyStopping counter: 2 out of 20
====================================================================================================
Epoch:48
Valid RMSE: 6.672361373901367
====================================================================================================
Epoch:49
Valid RMSE: 6.619182586669922
====================================================================================================
Epoch:50
Valid RMSE: 6.632148265838623
EarlyStopping counter: 1 out of 20
====================================================================================================
Epoch:51
Valid RMSE: 6.660358905792236
EarlyStopping counter: 2 out of 20
====================================================================================================
Epoch:52
Valid RMSE: 6.6341328620910645
EarlyStopping counter: 3 out of 20
====================================================================================================
Epoch:53
Valid RMSE: 6.621846675872803
EarlyStopping counter: 4 out of 20
====================================================================================================
Epoch:54
Valid RMSE: 6.584359645843506
====================================================================================================
Epoch:55
Valid RMSE: 6.605832099914551
EarlyStopping counter: 1 out of 20
====================================================================================================
Epoch:56
Valid RMSE: 6.577465057373047
====================================================================================================
Epoch:57
Valid RMSE: 6.608809471130371
EarlyStopping counter: 1 out of 20
====================================================================================================
Epoch:58
Valid RMSE: 6.594794273376465
EarlyStopping counter: 2 out of 20
====================================================================================================
Epoch:59
Valid RMSE: 6.580230712890625
EarlyStopping counter: 3 out of 20
====================================================================================================
Epoch:60
Valid RMSE: 6.579577445983887
EarlyStopping counter: 4 out of 20
====================================================================================================
Epoch:61
Valid RMSE: 6.565975666046143
====================================================================================================
Epoch:62
Valid RMSE: 6.523212909698486
====================================================================================================
Epoch:63
Valid RMSE: 6.495583534240723
====================================================================================================
Epoch:64
Valid RMSE: 6.51047945022583
EarlyStopping counter: 1 out of 20
====================================================================================================
Epoch:65
Valid RMSE: 6.510283470153809
EarlyStopping counter: 2 out of 20
====================================================================================================
Epoch:66
Valid RMSE: 6.525177001953125
EarlyStopping counter: 3 out of 20
====================================================================================================
Epoch:67
Valid RMSE: 6.52645206451416
EarlyStopping counter: 4 out of 20
====================================================================================================
Epoch:68
Valid RMSE: 6.514743804931641
EarlyStopping counter: 5 out of 20
====================================================================================================
Epoch:69
Valid RMSE: 6.459615230560303
====================================================================================================
Epoch:70
Valid RMSE: 6.460017681121826
EarlyStopping counter: 1 out of 20
====================================================================================================
Epoch:71
Valid RMSE: 6.4960713386535645
EarlyStopping counter: 2 out of 20
====================================================================================================
Epoch:72
Valid RMSE: 6.479856491088867
EarlyStopping counter: 3 out of 20
====================================================================================================
Epoch:73
Valid RMSE: 6.4387640953063965
====================================================================================================
Epoch:74
Valid RMSE: 6.4287238121032715
====================================================================================================
Epoch:75
Valid RMSE: 6.430361270904541
EarlyStopping counter: 1 out of 20
====================================================================================================
Epoch:76
Valid RMSE: 6.443465709686279
EarlyStopping counter: 2 out of 20
====================================================================================================
Epoch:77
Valid RMSE: 6.386331081390381
====================================================================================================
Epoch:78
Valid RMSE: 6.39430570602417
EarlyStopping counter: 1 out of 20
====================================================================================================
Epoch:79
Valid RMSE: 6.429780006408691
EarlyStopping counter: 2 out of 20
====================================================================================================
Epoch:80
Valid RMSE: 6.441573619842529
EarlyStopping counter: 3 out of 20
====================================================================================================
Epoch:81
Valid RMSE: 6.383974552154541
====================================================================================================
Epoch:82
Valid RMSE: 6.384271144866943
EarlyStopping counter: 1 out of 20
====================================================================================================
Epoch:83
Valid RMSE: 6.375757694244385
====================================================================================================
Epoch:84
Valid RMSE: 6.35667610168457
====================================================================================================
Epoch:85
Valid RMSE: 6.442542552947998
EarlyStopping counter: 1 out of 20
====================================================================================================
Epoch:86
Valid RMSE: 6.370755672454834
EarlyStopping counter: 2 out of 20
====================================================================================================
Epoch:87
Valid RMSE: 6.347875595092773
====================================================================================================
Epoch:88
Valid RMSE: 6.383591175079346
EarlyStopping counter: 1 out of 20
====================================================================================================
Epoch:89
Valid RMSE: 6.32572078704834
====================================================================================================
Epoch:90
Valid RMSE: 6.334732532501221
EarlyStopping counter: 1 out of 20
====================================================================================================
Epoch:91
Valid RMSE: 6.3152546882629395
====================================================================================================
Epoch:92
Valid RMSE: 6.298111915588379
====================================================================================================
Epoch:93
Valid RMSE: 6.319182872772217
EarlyStopping counter: 1 out of 20
====================================================================================================
Epoch:94
Valid RMSE: 6.290261745452881
====================================================================================================
Epoch:95
Valid RMSE: 6.288857460021973
====================================================================================================
Epoch:96
Valid RMSE: 6.366171836853027
EarlyStopping counter: 1 out of 20
====================================================================================================
Epoch:97
Valid RMSE: 6.269634246826172
====================================================================================================
Epoch:98
Valid RMSE: 6.292644023895264
EarlyStopping counter: 1 out of 20
====================================================================================================
Epoch:99
Valid RMSE: 6.333724021911621
EarlyStopping counter: 2 out of 20
====================================================================================================
Epoch:100
Valid RMSE: 6.254314422607422
====================================================================================================
Epoch:101
Valid RMSE: 6.310639381408691
EarlyStopping counter: 1 out of 20
====================================================================================================
Epoch:102
Valid RMSE: 6.274130344390869
EarlyStopping counter: 2 out of 20
====================================================================================================
Epoch:103
Valid RMSE: 6.267459869384766
EarlyStopping counter: 3 out of 20
====================================================================================================
Epoch:104
Valid RMSE: 6.245100021362305
====================================================================================================
Epoch:105
Valid RMSE: 6.231423854827881
====================================================================================================
Epoch:106
Valid RMSE: 6.258670330047607
EarlyStopping counter: 1 out of 20
====================================================================================================
Epoch:107
Valid RMSE: 6.2417473793029785
EarlyStopping counter: 2 out of 20
====================================================================================================
Epoch:108
Valid RMSE: 6.214945316314697
====================================================================================================
Epoch:109
Valid RMSE: 6.23465633392334
EarlyStopping counter: 1 out of 20
====================================================================================================
Epoch:110
Valid RMSE: 6.213015079498291
====================================================================================================
Epoch:111
Valid RMSE: 6.259801864624023
EarlyStopping counter: 1 out of 20
====================================================================================================
Epoch:112
Valid RMSE: 6.261822700500488
EarlyStopping counter: 2 out of 20
====================================================================================================
Epoch:113
Valid RMSE: 6.19990348815918
====================================================================================================
Epoch:114
Valid RMSE: 6.190941333770752
====================================================================================================
Epoch:115
Valid RMSE: 6.211491107940674
EarlyStopping counter: 1 out of 20
====================================================================================================
Epoch:116
Valid RMSE: 6.213046073913574
EarlyStopping counter: 2 out of 20
====================================================================================================
Epoch:117
Valid RMSE: 6.214292526245117
EarlyStopping counter: 3 out of 20
====================================================================================================
Epoch:118
Valid RMSE: 6.170368194580078
====================================================================================================
Epoch:119
Valid RMSE: 6.190988540649414
EarlyStopping counter: 1 out of 20
====================================================================================================
Epoch:120
Valid RMSE: 6.212770462036133
EarlyStopping counter: 2 out of 20
====================================================================================================
Epoch:121
Valid RMSE: 6.186196327209473
EarlyStopping counter: 3 out of 20
====================================================================================================
Epoch:122
Valid RMSE: 6.216850757598877
EarlyStopping counter: 4 out of 20
====================================================================================================
Epoch:123
Valid RMSE: 6.157383441925049
====================================================================================================
Epoch:124
Valid RMSE: 6.20121431350708
EarlyStopping counter: 1 out of 20
====================================================================================================
Epoch:125
Valid RMSE: 6.133114814758301
====================================================================================================
Epoch:126
Valid RMSE: 6.159602642059326
EarlyStopping counter: 1 out of 20
====================================================================================================
Epoch:127
Valid RMSE: 6.141197681427002
EarlyStopping counter: 2 out of 20
====================================================================================================
Epoch:128
Valid RMSE: 6.151551246643066
EarlyStopping counter: 3 out of 20
====================================================================================================
