torch.Size([6132, 1, 323, 12])
torch.Size([6132, 1, 323, 12])
torch.Size([6132, 1, 323, 12])
==================================================  Training  ==================================================
Epoch:0
Valid RMSE: 9.519672393798828
====================================================================================================
Epoch:1
Valid RMSE: 8.480435371398926
====================================================================================================
Epoch:2
Valid RMSE: 8.136981964111328
====================================================================================================
Epoch:3
Valid RMSE: 7.984836578369141
====================================================================================================
Epoch:4
Valid RMSE: 7.86821985244751
====================================================================================================
Epoch:5
Valid RMSE: 7.715056419372559
====================================================================================================
Epoch:6
Valid RMSE: 7.635650634765625
====================================================================================================
Epoch:7
Valid RMSE: 7.572516441345215
====================================================================================================
Epoch:8
Valid RMSE: 7.517782688140869
====================================================================================================
Epoch:9
Valid RMSE: 7.467276096343994
====================================================================================================
Epoch:10
Valid RMSE: 7.3776936531066895
====================================================================================================
Epoch:11
Valid RMSE: 7.36799430847168
====================================================================================================
Epoch:12
Valid RMSE: 7.2828850746154785
====================================================================================================
Epoch:13
Valid RMSE: 7.252545356750488
====================================================================================================
Epoch:14
Valid RMSE: 7.222039699554443
====================================================================================================
Epoch:15
Valid RMSE: 7.18440580368042
====================================================================================================
Epoch:16
Valid RMSE: 7.140345096588135
====================================================================================================
Epoch:17
Valid RMSE: 7.123593807220459
====================================================================================================
Epoch:18
Valid RMSE: 7.136196136474609
EarlyStopping counter: 1 out of 20
====================================================================================================
Epoch:19
Valid RMSE: 7.088473320007324
====================================================================================================
Epoch:20
Valid RMSE: 7.055488109588623
====================================================================================================
Epoch:21
Valid RMSE: 7.060659408569336
EarlyStopping counter: 1 out of 20
====================================================================================================
Epoch:22
Valid RMSE: 7.013213634490967
====================================================================================================
Epoch:23
Valid RMSE: 6.992814064025879
====================================================================================================
Epoch:24
Valid RMSE: 6.9652018547058105
====================================================================================================
Epoch:25
Valid RMSE: 6.967803478240967
EarlyStopping counter: 1 out of 20
====================================================================================================
Epoch:26
Valid RMSE: 6.924487590789795
====================================================================================================
Epoch:27
Valid RMSE: 6.915813446044922
====================================================================================================
Epoch:28
Valid RMSE: 6.872338771820068
====================================================================================================
Epoch:29
Valid RMSE: 6.863862991333008
====================================================================================================
Epoch:30
Valid RMSE: 6.837587833404541
====================================================================================================
Epoch:31
Valid RMSE: 6.820929527282715
====================================================================================================
Epoch:32
Valid RMSE: 6.8257975578308105
EarlyStopping counter: 1 out of 20
====================================================================================================
Epoch:33
Valid RMSE: 6.776379108428955
====================================================================================================
Epoch:34
Valid RMSE: 6.782313823699951
EarlyStopping counter: 1 out of 20
====================================================================================================
Epoch:35
Valid RMSE: 6.774320602416992
====================================================================================================
Epoch:36
Valid RMSE: 6.80171537399292
EarlyStopping counter: 1 out of 20
====================================================================================================
Epoch:37
Valid RMSE: 6.743181228637695
====================================================================================================
Epoch:38
Valid RMSE: 6.7402729988098145
====================================================================================================
Epoch:39
Valid RMSE: 6.6965155601501465
====================================================================================================
Epoch:40
Valid RMSE: 6.686673164367676
====================================================================================================
Epoch:41
Valid RMSE: 6.677091598510742
====================================================================================================
Epoch:42
Valid RMSE: 6.678587913513184
EarlyStopping counter: 1 out of 20
====================================================================================================
Epoch:43
Valid RMSE: 6.660724639892578
====================================================================================================
Epoch:44
Valid RMSE: 6.646909236907959
====================================================================================================
Epoch:45
Valid RMSE: 6.63958215713501
====================================================================================================
Epoch:46
Valid RMSE: 6.607491493225098
====================================================================================================
Epoch:47
Valid RMSE: 6.589463233947754
====================================================================================================
Epoch:48
Valid RMSE: 6.618071556091309
EarlyStopping counter: 1 out of 20
====================================================================================================
Epoch:49
Valid RMSE: 6.587738990783691
====================================================================================================
Epoch:50
Valid RMSE: 6.567724227905273
====================================================================================================
Epoch:51
Valid RMSE: 6.552149295806885
====================================================================================================
Epoch:52
Valid RMSE: 6.55023193359375
====================================================================================================
Epoch:53
Valid RMSE: 6.527392864227295
====================================================================================================
Epoch:54
Valid RMSE: 6.568233013153076
EarlyStopping counter: 1 out of 20
====================================================================================================
Epoch:55
Valid RMSE: 6.549465179443359
EarlyStopping counter: 2 out of 20
====================================================================================================
Epoch:56
Valid RMSE: 6.51068115234375
====================================================================================================
Epoch:57
Valid RMSE: 6.551752090454102
EarlyStopping counter: 1 out of 20
====================================================================================================
Epoch:58
Valid RMSE: 6.461984157562256
====================================================================================================
Epoch:59
Valid RMSE: 6.4917449951171875
EarlyStopping counter: 1 out of 20
====================================================================================================
Epoch:60
Valid RMSE: 6.443633079528809
====================================================================================================
Epoch:61
Valid RMSE: 6.454593658447266
EarlyStopping counter: 1 out of 20
====================================================================================================
Epoch:62
Valid RMSE: 6.428143501281738
====================================================================================================
Epoch:63
Valid RMSE: 6.4337639808654785
EarlyStopping counter: 1 out of 20
====================================================================================================
Epoch:64
Valid RMSE: 6.432807445526123
EarlyStopping counter: 2 out of 20
====================================================================================================
Epoch:65
Valid RMSE: 6.431671619415283
EarlyStopping counter: 3 out of 20
====================================================================================================
Epoch:66
Valid RMSE: 6.443512916564941
EarlyStopping counter: 4 out of 20
====================================================================================================
Epoch:67
Valid RMSE: 6.382735252380371
====================================================================================================
Epoch:68
Valid RMSE: 6.395784378051758
EarlyStopping counter: 1 out of 20
====================================================================================================
Epoch:69
Valid RMSE: 6.367315769195557
====================================================================================================
Epoch:70
Valid RMSE: 6.35051965713501
====================================================================================================
Epoch:71
Valid RMSE: 6.372457504272461
EarlyStopping counter: 1 out of 20
====================================================================================================
Epoch:72
Valid RMSE: 6.408971309661865
EarlyStopping counter: 2 out of 20
====================================================================================================
Epoch:73
Valid RMSE: 6.390553951263428
EarlyStopping counter: 3 out of 20
====================================================================================================
Epoch:74
Valid RMSE: 6.33335018157959
====================================================================================================
Epoch:75
Valid RMSE: 6.330367565155029
====================================================================================================
Epoch:76
Valid RMSE: 6.32806921005249
====================================================================================================
Epoch:77
Valid RMSE: 6.29630184173584
====================================================================================================
Epoch:78
Valid RMSE: 6.309164524078369
EarlyStopping counter: 1 out of 20
====================================================================================================
Epoch:79
Valid RMSE: 6.282095909118652
====================================================================================================
Epoch:80
Valid RMSE: 6.301910877227783
EarlyStopping counter: 1 out of 20
====================================================================================================
Epoch:81
Valid RMSE: 6.282063007354736
====================================================================================================
Epoch:82
Valid RMSE: 6.294180870056152
EarlyStopping counter: 1 out of 20
====================================================================================================
Epoch:83
Valid RMSE: 6.255758762359619
====================================================================================================
Epoch:84
Valid RMSE: 6.25474214553833
====================================================================================================
Epoch:85
Valid RMSE: 6.267843723297119
EarlyStopping counter: 1 out of 20
====================================================================================================
Epoch:86
Valid RMSE: 6.241626739501953
====================================================================================================
Epoch:87
Valid RMSE: 6.211518287658691
====================================================================================================
Epoch:88
Valid RMSE: 6.230021953582764
EarlyStopping counter: 1 out of 20
====================================================================================================
Epoch:89
Valid RMSE: 6.211674213409424
EarlyStopping counter: 2 out of 20
====================================================================================================
Epoch:90
Valid RMSE: 6.254684925079346
EarlyStopping counter: 3 out of 20
====================================================================================================
Epoch:91
Valid RMSE: 6.192176342010498
====================================================================================================
Epoch:92
Valid RMSE: 6.18312931060791
====================================================================================================
Epoch:93
Valid RMSE: 6.202996253967285
EarlyStopping counter: 1 out of 20
====================================================================================================
Epoch:94
Valid RMSE: 6.284476280212402
EarlyStopping counter: 2 out of 20
====================================================================================================
Epoch:95
Valid RMSE: 6.182346820831299
====================================================================================================
Epoch:96
Valid RMSE: 6.153778076171875
====================================================================================================
Epoch:97
Valid RMSE: 6.145938396453857
====================================================================================================
Epoch:98
Valid RMSE: 6.167420387268066
EarlyStopping counter: 1 out of 20
====================================================================================================
Epoch:99
Valid RMSE: 6.153127670288086
EarlyStopping counter: 2 out of 20
====================================================================================================
Epoch:100
Valid RMSE: 6.159813404083252
EarlyStopping counter: 3 out of 20
====================================================================================================
Epoch:101
Valid RMSE: 6.167819976806641
EarlyStopping counter: 4 out of 20
====================================================================================================
Epoch:102
Valid RMSE: 6.128527641296387
====================================================================================================
Epoch:103
Valid RMSE: 6.135370254516602
EarlyStopping counter: 1 out of 20
====================================================================================================
Epoch:104
Valid RMSE: 6.112167835235596
====================================================================================================
Epoch:105
Valid RMSE: 6.1233906745910645
EarlyStopping counter: 1 out of 20
====================================================================================================
Epoch:106
Valid RMSE: 6.10600471496582
====================================================================================================
Epoch:107
Valid RMSE: 6.087179183959961
====================================================================================================
Epoch:108
Valid RMSE: 6.091928482055664
EarlyStopping counter: 1 out of 20
====================================================================================================
Epoch:109
Valid RMSE: 6.083802223205566
====================================================================================================
Epoch:110
Valid RMSE: 6.079779624938965
====================================================================================================
Epoch:111
Valid RMSE: 6.085570335388184
EarlyStopping counter: 1 out of 20
====================================================================================================
Epoch:112
Valid RMSE: 6.101363658905029
EarlyStopping counter: 2 out of 20
====================================================================================================
Epoch:113
Valid RMSE: 6.074195384979248
====================================================================================================
Epoch:114
Valid RMSE: 6.086012840270996
EarlyStopping counter: 1 out of 20
====================================================================================================
Epoch:115
Valid RMSE: 6.057684898376465
====================================================================================================
Epoch:116
Valid RMSE: 6.047362327575684
====================================================================================================
Epoch:117
Valid RMSE: 6.056783676147461
EarlyStopping counter: 1 out of 20
====================================================================================================
Epoch:118
Valid RMSE: 6.089410305023193
EarlyStopping counter: 2 out of 20
====================================================================================================
Epoch:119
Valid RMSE: 6.040624141693115
====================================================================================================
Epoch:120
Valid RMSE: 6.03672981262207
====================================================================================================
Epoch:121
Valid RMSE: 6.066071510314941
EarlyStopping counter: 1 out of 20
====================================================================================================
Epoch:122
Valid RMSE: 6.036062717437744
====================================================================================================
Epoch:123
Valid RMSE: 6.04538631439209
EarlyStopping counter: 1 out of 20
====================================================================================================
Epoch:124
Valid RMSE: 6.038357257843018
EarlyStopping counter: 2 out of 20
====================================================================================================
Epoch:125
Valid RMSE: 6.023295879364014
====================================================================================================
Epoch:126
Valid RMSE: 6.004967212677002
====================================================================================================
Epoch:127
Valid RMSE: 6.001260280609131
====================================================================================================
Epoch:128
Valid RMSE: 5.99540901184082
====================================================================================================
Epoch:129
Valid RMSE: 5.997262001037598
EarlyStopping counter: 1 out of 20
====================================================================================================
Epoch:130
Valid RMSE: 6.003598690032959
EarlyStopping counter: 2 out of 20
====================================================================================================
Epoch:131
Valid RMSE: 5.989468097686768
====================================================================================================
Epoch:132
Valid RMSE: 5.9984660148620605
EarlyStopping counter: 1 out of 20
====================================================================================================
Epoch:133
Valid RMSE: 5.983997344970703
====================================================================================================
Epoch:134
Valid RMSE: 6.019768714904785
EarlyStopping counter: 1 out of 20
====================================================================================================
Epoch:135
Valid RMSE: 5.973522663116455
====================================================================================================
Epoch:136
Valid RMSE: 5.970996379852295
====================================================================================================
Epoch:137
Valid RMSE: 6.013944149017334
EarlyStopping counter: 1 out of 20
====================================================================================================
Epoch:138
Valid RMSE: 5.958471298217773
====================================================================================================
Epoch:139
Valid RMSE: 5.967949390411377
EarlyStopping counter: 1 out of 20
====================================================================================================
Epoch:140
Valid RMSE: 5.9570794105529785
====================================================================================================
Epoch:141
Valid RMSE: 5.940789222717285
====================================================================================================
Epoch:142
Valid RMSE: 5.945423603057861
EarlyStopping counter: 1 out of 20
====================================================================================================
Epoch:143
Valid RMSE: 5.958404541015625
EarlyStopping counter: 2 out of 20
====================================================================================================
Epoch:144
Valid RMSE: 5.96894645690918
EarlyStopping counter: 3 out of 20
====================================================================================================
Epoch:145
Valid RMSE: 5.931751251220703
====================================================================================================
Epoch:146
Valid RMSE: 5.93648099899292
EarlyStopping counter: 1 out of 20
====================================================================================================
Epoch:147
Valid RMSE: 5.914538860321045
====================================================================================================
Epoch:148
Valid RMSE: 5.925337791442871
EarlyStopping counter: 1 out of 20
====================================================================================================
Epoch:149
Valid RMSE: 5.913424491882324
====================================================================================================
Epoch:150
Valid RMSE: 5.923640727996826
EarlyStopping counter: 1 out of 20
====================================================================================================
Epoch:151
Valid RMSE: 5.934516429901123
EarlyStopping counter: 2 out of 20
====================================================================================================
Epoch:152
Valid RMSE: 5.915828227996826
EarlyStopping counter: 3 out of 20
====================================================================================================
Epoch:153
Valid RMSE: 5.909984111785889
====================================================================================================
Epoch:154
Valid RMSE: 5.907645225524902
====================================================================================================
Epoch:155
Valid RMSE: 5.919567584991455
EarlyStopping counter: 1 out of 20
====================================================================================================
Epoch:156
Valid RMSE: 5.937510013580322
EarlyStopping counter: 2 out of 20
====================================================================================================
Epoch:157
Valid RMSE: 5.9106926918029785
EarlyStopping counter: 3 out of 20
====================================================================================================
Epoch:158
Valid RMSE: 5.892516136169434
====================================================================================================
Epoch:159
Valid RMSE: 5.917733669281006
EarlyStopping counter: 1 out of 20
====================================================================================================
Epoch:160
Valid RMSE: 5.90464973449707
EarlyStopping counter: 2 out of 20
====================================================================================================
Epoch:161
Valid RMSE: 5.890804290771484
====================================================================================================
Epoch:162
Valid RMSE: 5.872793197631836
====================================================================================================
Epoch:163
Valid RMSE: 5.881340980529785
EarlyStopping counter: 1 out of 20
====================================================================================================
Epoch:164
Valid RMSE: 5.878058433532715
EarlyStopping counter: 2 out of 20
====================================================================================================
Epoch:165
Valid RMSE: 5.870602607727051
====================================================================================================
Epoch:166
Valid RMSE: 5.886780738830566
EarlyStopping counter: 1 out of 20
====================================================================================================
Epoch:167
Valid RMSE: 5.8871588706970215
EarlyStopping counter: 2 out of 20
====================================================================================================
Epoch:168
Valid RMSE: 5.878658294677734
EarlyStopping counter: 3 out of 20
====================================================================================================
Epoch:169
Valid RMSE: 5.930578231811523
EarlyStopping counter: 4 out of 20
====================================================================================================
Epoch:170
Valid RMSE: 5.864108562469482
====================================================================================================
Epoch:171
Valid RMSE: 5.883618354797363
EarlyStopping counter: 1 out of 20
====================================================================================================
Epoch:172
Valid RMSE: 5.862910747528076
====================================================================================================
Epoch:173
Valid RMSE: 5.870205879211426
EarlyStopping counter: 1 out of 20
====================================================================================================
Epoch:174
Valid RMSE: 5.871465682983398
EarlyStopping counter: 2 out of 20
====================================================================================================
Epoch:175
Valid RMSE: 5.86470365524292
EarlyStopping counter: 3 out of 20
====================================================================================================
Epoch:176
Valid RMSE: 5.885671138763428
EarlyStopping counter: 4 out of 20
====================================================================================================
Epoch:177
Valid RMSE: 5.868041038513184
EarlyStopping counter: 5 out of 20
====================================================================================================
Epoch:178
Valid RMSE: 5.842349052429199
====================================================================================================
Epoch:179
Valid RMSE: 5.873349666595459
EarlyStopping counter: 1 out of 20
====================================================================================================
Epoch:180
Valid RMSE: 5.877991199493408
EarlyStopping counter: 2 out of 20
====================================================================================================
Epoch:181
Valid RMSE: 5.844955921173096
EarlyStopping counter: 3 out of 20
====================================================================================================
Epoch:182
Valid RMSE: 5.835177898406982
====================================================================================================
Epoch:183
Valid RMSE: 5.869575023651123
EarlyStopping counter: 1 out of 20
====================================================================================================
Epoch:184
Valid RMSE: 5.823587417602539
====================================================================================================
Epoch:185
Valid RMSE: 5.83537483215332
EarlyStopping counter: 1 out of 20
====================================================================================================
Epoch:186
Valid RMSE: 5.859011650085449
EarlyStopping counter: 2 out of 20
====================================================================================================
Epoch:187
Valid RMSE: 5.89377498626709
EarlyStopping counter: 3 out of 20
====================================================================================================
Epoch:188
Valid RMSE: 5.834561824798584
EarlyStopping counter: 4 out of 20
====================================================================================================
Epoch:189
Valid RMSE: 5.842215061187744
EarlyStopping counter: 5 out of 20
====================================================================================================
Epoch:190
Valid RMSE: 5.817248821258545
====================================================================================================
Epoch:191
Valid RMSE: 5.840659141540527
EarlyStopping counter: 1 out of 20
====================================================================================================
Epoch:192
Valid RMSE: 5.848212718963623
EarlyStopping counter: 2 out of 20
====================================================================================================
Epoch:193
Valid RMSE: 5.846109867095947
EarlyStopping counter: 3 out of 20
====================================================================================================
Epoch:194
Valid RMSE: 5.8380513191223145
EarlyStopping counter: 4 out of 20
====================================================================================================
Epoch:195
Valid RMSE: 5.813148021697998
====================================================================================================
Epoch:196
Valid RMSE: 5.826719284057617
EarlyStopping counter: 1 out of 20
====================================================================================================
Epoch:197
Valid RMSE: 5.8730998039245605
EarlyStopping counter: 2 out of 20
====================================================================================================
Epoch:198
Valid RMSE: 5.815157413482666
EarlyStopping counter: 3 out of 20
====================================================================================================
Epoch:199
Valid RMSE: 5.819096088409424
EarlyStopping counter: 4 out of 20
====================================================================================================
Epoch:200
Valid RMSE: 5.814837455749512
EarlyStopping counter: 5 out of 20
====================================================================================================
Epoch:201
Valid RMSE: 5.805654525756836
====================================================================================================
Epoch:202
Valid RMSE: 5.835414409637451
EarlyStopping counter: 1 out of 20
====================================================================================================
Epoch:203
Valid RMSE: 5.794607639312744
====================================================================================================
Epoch:204
Valid RMSE: 5.835346221923828
EarlyStopping counter: 1 out of 20
====================================================================================================
Epoch:205
Valid RMSE: 5.787683010101318
====================================================================================================
Epoch:206
Valid RMSE: 5.796029090881348
EarlyStopping counter: 1 out of 20
====================================================================================================
Epoch:207
Valid RMSE: 5.795630931854248
EarlyStopping counter: 2 out of 20
====================================================================================================
Epoch:208
Valid RMSE: 5.83126163482666
EarlyStopping counter: 3 out of 20
====================================================================================================
Epoch:209
Valid RMSE: 5.809276580810547
EarlyStopping counter: 4 out of 20
====================================================================================================
Epoch:210
Valid RMSE: 5.791864395141602
EarlyStopping counter: 5 out of 20
====================================================================================================
Epoch:211
Valid RMSE: 5.795599937438965
EarlyStopping counter: 6 out of 20
====================================================================================================
Epoch:212
Valid RMSE: 5.80346155166626
EarlyStopping counter: 7 out of 20
====================================================================================================
Epoch:213
Valid RMSE: 5.800051689147949
EarlyStopping counter: 8 out of 20
====================================================================================================
Epoch:214
Valid RMSE: 5.796512603759766
EarlyStopping counter: 9 out of 20
====================================================================================================
Epoch:215
Valid RMSE: 5.792464256286621
EarlyStopping counter: 10 out of 20
====================================================================================================
Epoch:216
Valid RMSE: 5.79129695892334
EarlyStopping counter: 11 out of 20
====================================================================================================
Epoch:217
Valid RMSE: 5.8184814453125
EarlyStopping counter: 12 out of 20
====================================================================================================
Epoch:218
Valid RMSE: 5.786504745483398
====================================================================================================
Epoch:219
Valid RMSE: 5.801074504852295
EarlyStopping counter: 1 out of 20
====================================================================================================
Epoch:220
Valid RMSE: 5.788021087646484
EarlyStopping counter: 2 out of 20
====================================================================================================
Epoch:221
Valid RMSE: 5.790513038635254
EarlyStopping counter: 3 out of 20
====================================================================================================
Epoch:222
Valid RMSE: 5.775600910186768
====================================================================================================
Epoch:223
Valid RMSE: 5.7894287109375
EarlyStopping counter: 1 out of 20
====================================================================================================
Epoch:224
Valid RMSE: 5.75994348526001
====================================================================================================
Epoch:225
Valid RMSE: 5.803869247436523
EarlyStopping counter: 1 out of 20
====================================================================================================
Epoch:226
Valid RMSE: 5.76800012588501
EarlyStopping counter: 2 out of 20
====================================================================================================
Epoch:227
Valid RMSE: 5.765583038330078
EarlyStopping counter: 3 out of 20
====================================================================================================
Epoch:228
Valid RMSE: 5.807094097137451
EarlyStopping counter: 4 out of 20
====================================================================================================
Epoch:229
Valid RMSE: 5.778872013092041
EarlyStopping counter: 5 out of 20
====================================================================================================
Epoch:230
Valid RMSE: 5.754330635070801
====================================================================================================
Epoch:231
Valid RMSE: 5.797140121459961
EarlyStopping counter: 1 out of 20
====================================================================================================
Epoch:232
Valid RMSE: 5.786748886108398
EarlyStopping counter: 2 out of 20
====================================================================================================
Epoch:233
Valid RMSE: 5.785909175872803
EarlyStopping counter: 3 out of 20
====================================================================================================
Epoch:234
Valid RMSE: 5.773042678833008
EarlyStopping counter: 4 out of 20
====================================================================================================
Epoch:235
Valid RMSE: 5.83367395401001
EarlyStopping counter: 5 out of 20
====================================================================================================
Epoch:236
Valid RMSE: 5.766189098358154
EarlyStopping counter: 6 out of 20
====================================================================================================
Epoch:237
Valid RMSE: 5.7682952880859375
EarlyStopping counter: 7 out of 20
====================================================================================================
Epoch:238
Valid RMSE: 5.748879909515381
====================================================================================================
Epoch:239
Valid RMSE: 5.757935047149658
EarlyStopping counter: 1 out of 20
====================================================================================================
Epoch:240
Valid RMSE: 5.806609153747559
EarlyStopping counter: 2 out of 20
====================================================================================================
Epoch:241
Valid RMSE: 5.744877338409424
====================================================================================================
Epoch:242
Valid RMSE: 5.757483005523682
EarlyStopping counter: 1 out of 20
====================================================================================================
Epoch:243
Valid RMSE: 5.77616024017334
EarlyStopping counter: 2 out of 20
====================================================================================================
Epoch:244
Valid RMSE: 5.773303031921387
EarlyStopping counter: 3 out of 20
====================================================================================================
Epoch:245
Valid RMSE: 5.759139537811279
EarlyStopping counter: 4 out of 20
====================================================================================================
Epoch:246
Valid RMSE: 5.791306495666504
EarlyStopping counter: 5 out of 20
====================================================================================================
Epoch:247
Valid RMSE: 5.738568305969238
====================================================================================================
Epoch:248
Valid RMSE: 5.770233154296875
EarlyStopping counter: 1 out of 20
====================================================================================================
Epoch:249
Valid RMSE: 5.751838207244873
EarlyStopping counter: 2 out of 20
====================================================================================================
Epoch:250
Valid RMSE: 5.776186466217041
EarlyStopping counter: 3 out of 20
====================================================================================================
Epoch:251
Valid RMSE: 5.778841972351074
EarlyStopping counter: 4 out of 20
====================================================================================================
Epoch:252
Valid RMSE: 5.731548309326172
====================================================================================================
Epoch:253
Valid RMSE: 5.752477169036865
EarlyStopping counter: 1 out of 20
====================================================================================================
Epoch:254
Valid RMSE: 5.764005661010742
EarlyStopping counter: 2 out of 20
====================================================================================================
Epoch:255
Valid RMSE: 5.762970447540283
EarlyStopping counter: 3 out of 20
====================================================================================================
Epoch:256
Valid RMSE: 5.770876407623291
EarlyStopping counter: 4 out of 20
====================================================================================================
Epoch:257
Valid RMSE: 5.764480113983154
EarlyStopping counter: 5 out of 20
====================================================================================================
Epoch:258
Valid RMSE: 5.742947578430176
EarlyStopping counter: 6 out of 20
====================================================================================================
Epoch:259
Valid RMSE: 5.7302775382995605
====================================================================================================
Epoch:260
Valid RMSE: 5.737832546234131
EarlyStopping counter: 1 out of 20
====================================================================================================
Epoch:261
Valid RMSE: 5.737492084503174
EarlyStopping counter: 2 out of 20
====================================================================================================
Epoch:262
Valid RMSE: 5.75159215927124
EarlyStopping counter: 3 out of 20
====================================================================================================
Epoch:263
Valid RMSE: 5.732828140258789
EarlyStopping counter: 4 out of 20
====================================================================================================
Epoch:264
Valid RMSE: 5.750729084014893
EarlyStopping counter: 5 out of 20
====================================================================================================
Epoch:265
Valid RMSE: 5.776393890380859
EarlyStopping counter: 6 out of 20
====================================================================================================
Epoch:266
Valid RMSE: 5.751030921936035
EarlyStopping counter: 7 out of 20
====================================================================================================
Epoch:267
Valid RMSE: 5.751988887786865
EarlyStopping counter: 8 out of 20
====================================================================================================
Epoch:268
Valid RMSE: 5.747462749481201
EarlyStopping counter: 9 out of 20
====================================================================================================
Epoch:269
Valid RMSE: 5.748007774353027
EarlyStopping counter: 10 out of 20
====================================================================================================
Epoch:270
Valid RMSE: 5.747956275939941
EarlyStopping counter: 11 out of 20
====================================================================================================
Epoch:271
Valid RMSE: 5.726251125335693
====================================================================================================
Epoch:272
Valid RMSE: 5.739408493041992
EarlyStopping counter: 1 out of 20
====================================================================================================
Epoch:273
Valid RMSE: 5.720879554748535
====================================================================================================
Epoch:274
Valid RMSE: 5.745849132537842
EarlyStopping counter: 1 out of 20
====================================================================================================
Epoch:275
Valid RMSE: 5.794155120849609
EarlyStopping counter: 2 out of 20
====================================================================================================
Epoch:276
Valid RMSE: 5.723153591156006
EarlyStopping counter: 3 out of 20
====================================================================================================
Epoch:277
Valid RMSE: 5.729949951171875
EarlyStopping counter: 4 out of 20
====================================================================================================
Epoch:278
Valid RMSE: 5.790798664093018
EarlyStopping counter: 5 out of 20
====================================================================================================
Epoch:279
Valid RMSE: 5.726146221160889
EarlyStopping counter: 6 out of 20
====================================================================================================
Epoch:280
Valid RMSE: 5.720658302307129
====================================================================================================
Epoch:281
Valid RMSE: 5.715114116668701
====================================================================================================
Epoch:282
Valid RMSE: 5.752170562744141
EarlyStopping counter: 1 out of 20
====================================================================================================
Epoch:283
Valid RMSE: 5.745348930358887
EarlyStopping counter: 2 out of 20
====================================================================================================
Epoch:284
Valid RMSE: 5.717194080352783
EarlyStopping counter: 3 out of 20
====================================================================================================
Epoch:285
Valid RMSE: 5.747753143310547
EarlyStopping counter: 4 out of 20
====================================================================================================
Epoch:286
Valid RMSE: 5.7538533210754395
EarlyStopping counter: 5 out of 20
====================================================================================================
Epoch:287
Valid RMSE: 5.709450721740723
====================================================================================================
Epoch:288
Valid RMSE: 5.73891544342041
EarlyStopping counter: 1 out of 20
====================================================================================================
Epoch:289
Valid RMSE: 5.753198146820068
EarlyStopping counter: 2 out of 20
====================================================================================================
Epoch:290
Valid RMSE: 5.703643798828125
====================================================================================================
Epoch:291
Valid RMSE: 5.724897384643555
EarlyStopping counter: 1 out of 20
====================================================================================================
Epoch:292
Valid RMSE: 5.761410713195801
EarlyStopping counter: 2 out of 20
====================================================================================================
Epoch:293
Valid RMSE: 5.70753812789917
EarlyStopping counter: 3 out of 20
====================================================================================================
Epoch:294
Valid RMSE: 5.709491729736328
EarlyStopping counter: 4 out of 20
====================================================================================================
Epoch:295
Valid RMSE: 5.710704803466797
EarlyStopping counter: 5 out of 20
====================================================================================================
Epoch:296
Valid RMSE: 5.703965187072754
EarlyStopping counter: 6 out of 20
====================================================================================================
Epoch:297
Valid RMSE: 5.69962215423584
====================================================================================================
Epoch:298
Valid RMSE: 5.75640869140625
EarlyStopping counter: 1 out of 20
====================================================================================================
Epoch:299
Valid RMSE: 5.734419822692871
EarlyStopping counter: 2 out of 20
====================================================================================================
Epoch:300
Valid RMSE: 5.724663734436035
EarlyStopping counter: 3 out of 20
====================================================================================================
Epoch:301
Valid RMSE: 5.735247611999512
EarlyStopping counter: 4 out of 20
====================================================================================================
Epoch:302
Valid RMSE: 5.7104716300964355
EarlyStopping counter: 5 out of 20
====================================================================================================
Epoch:303
Valid RMSE: 5.72233772277832
EarlyStopping counter: 6 out of 20
====================================================================================================
Epoch:304
Valid RMSE: 5.732351779937744
EarlyStopping counter: 7 out of 20
====================================================================================================
Epoch:305
Valid RMSE: 5.7089056968688965
EarlyStopping counter: 8 out of 20
====================================================================================================
Epoch:306
Valid RMSE: 5.731836318969727
EarlyStopping counter: 9 out of 20
====================================================================================================
Epoch:307
Valid RMSE: 5.7192254066467285
EarlyStopping counter: 10 out of 20
====================================================================================================
Epoch:308
Valid RMSE: 5.709384918212891
EarlyStopping counter: 11 out of 20
====================================================================================================
Epoch:309
Valid RMSE: 5.7372822761535645
EarlyStopping counter: 12 out of 20
====================================================================================================
Epoch:310
Valid RMSE: 5.739468574523926
EarlyStopping counter: 13 out of 20
====================================================================================================
Epoch:311
Valid RMSE: 5.756518363952637
EarlyStopping counter: 14 out of 20
====================================================================================================
Epoch:312
Valid RMSE: 5.714210033416748
EarlyStopping counter: 15 out of 20
====================================================================================================
Epoch:313
Valid RMSE: 5.7317118644714355
EarlyStopping counter: 16 out of 20
====================================================================================================
Epoch:314
Valid RMSE: 5.702418804168701
EarlyStopping counter: 17 out of 20
====================================================================================================
Epoch:315
Valid RMSE: 5.712927341461182
EarlyStopping counter: 18 out of 20
====================================================================================================
Epoch:316
Valid RMSE: 5.719222068786621
EarlyStopping counter: 19 out of 20
====================================================================================================
Epoch:317
Valid RMSE: 5.716846942901611
EarlyStopping counter: 20 out of 20
Early stopping
torch.Size([6132, 1, 323, 12])
torch.Size([6132, 1, 323, 12])
torch.Size([6132, 1, 323, 12])
==================================================  Testing  ==================================================
predict shape:  (1728, 323, 12)
MAE: 3.564 RMSE: 5.573 MAPE: 10.136
Spend Time: 11775.422897577286
