torch.Size([6132, 1, 323, 12])
torch.Size([6132, 1, 323, 12])
torch.Size([6132, 1, 323, 12])
==================================================  Training  ==================================================
Epoch:0
Valid RMSE: 9.565950393676758
====================================================================================================
Epoch:1
Valid RMSE: 8.474030494689941
====================================================================================================
Epoch:2
Valid RMSE: 8.154732704162598
====================================================================================================
Epoch:3
Valid RMSE: 7.967446804046631
====================================================================================================
Epoch:4
Valid RMSE: 7.864416122436523
====================================================================================================
Epoch:5
Valid RMSE: 7.754279613494873
====================================================================================================
Epoch:6
Valid RMSE: 7.6497039794921875
====================================================================================================
Epoch:7
Valid RMSE: 7.585730075836182
====================================================================================================
Epoch:8
Valid RMSE: 7.496526718139648
====================================================================================================
Epoch:9
Valid RMSE: 7.439479827880859
====================================================================================================
Epoch:10
Valid RMSE: 7.378952980041504
====================================================================================================
Epoch:11
Valid RMSE: 7.3740763664245605
====================================================================================================
Epoch:12
Valid RMSE: 7.325308322906494
====================================================================================================
Epoch:13
Valid RMSE: 7.293002605438232
====================================================================================================
Epoch:14
Valid RMSE: 7.2940239906311035
EarlyStopping counter: 1 out of 20
====================================================================================================
Epoch:15
Valid RMSE: 7.195024490356445
====================================================================================================
Epoch:16
Valid RMSE: 7.184086322784424
====================================================================================================
Epoch:17
Valid RMSE: 7.214404582977295
EarlyStopping counter: 1 out of 20
====================================================================================================
Epoch:18
Valid RMSE: 7.188208103179932
EarlyStopping counter: 2 out of 20
====================================================================================================
Epoch:19
Valid RMSE: 7.133832931518555
====================================================================================================
Epoch:20
Valid RMSE: 7.143708229064941
EarlyStopping counter: 1 out of 20
====================================================================================================
Epoch:21
Valid RMSE: 7.081475257873535
====================================================================================================
Epoch:22
Valid RMSE: 7.09356689453125
EarlyStopping counter: 1 out of 20
====================================================================================================
Epoch:23
Valid RMSE: 7.039852142333984
====================================================================================================
Epoch:24
Valid RMSE: 7.02747917175293
====================================================================================================
Epoch:25
Valid RMSE: 7.027282238006592
====================================================================================================
Epoch:26
Valid RMSE: 6.986015796661377
====================================================================================================
Epoch:27
Valid RMSE: 6.961971282958984
====================================================================================================
Epoch:28
Valid RMSE: 6.9432759284973145
====================================================================================================
Epoch:29
Valid RMSE: 6.939929485321045
====================================================================================================
Epoch:30
Valid RMSE: 6.934549808502197
====================================================================================================
Epoch:31
Valid RMSE: 6.904052257537842
====================================================================================================
Epoch:32
Valid RMSE: 6.849544048309326
====================================================================================================
Epoch:33
Valid RMSE: 6.8756022453308105
EarlyStopping counter: 1 out of 20
====================================================================================================
Epoch:34
Valid RMSE: 6.844686985015869
====================================================================================================
Epoch:35
Valid RMSE: 6.838432788848877
====================================================================================================
Epoch:36
Valid RMSE: 6.810031890869141
====================================================================================================
Epoch:37
Valid RMSE: 6.790124416351318
====================================================================================================
Epoch:38
Valid RMSE: 6.837395191192627
EarlyStopping counter: 1 out of 20
====================================================================================================
Epoch:39
Valid RMSE: 6.783355236053467
====================================================================================================
Epoch:40
Valid RMSE: 6.814557075500488
EarlyStopping counter: 1 out of 20
====================================================================================================
Epoch:41
Valid RMSE: 6.732116222381592
====================================================================================================
Epoch:42
Valid RMSE: 6.740285396575928
EarlyStopping counter: 1 out of 20
====================================================================================================
Epoch:43
Valid RMSE: 6.721262454986572
====================================================================================================
Epoch:44
Valid RMSE: 6.724939823150635
EarlyStopping counter: 1 out of 20
====================================================================================================
Epoch:45
Valid RMSE: 6.709064483642578
====================================================================================================
Epoch:46
Valid RMSE: 6.685580730438232
====================================================================================================
Epoch:47
Valid RMSE: 6.706881523132324
EarlyStopping counter: 1 out of 20
====================================================================================================
Epoch:48
Valid RMSE: 6.694519519805908
EarlyStopping counter: 2 out of 20
====================================================================================================
Epoch:49
Valid RMSE: 6.680761337280273
====================================================================================================
Epoch:50
Valid RMSE: 6.658941268920898
====================================================================================================
Epoch:51
Valid RMSE: 6.619711399078369
====================================================================================================
Epoch:52
Valid RMSE: 6.647323131561279
EarlyStopping counter: 1 out of 20
====================================================================================================
Epoch:53
Valid RMSE: 6.618259906768799
====================================================================================================
Epoch:54
Valid RMSE: 6.6324543952941895
EarlyStopping counter: 1 out of 20
====================================================================================================
Epoch:55
Valid RMSE: 6.656133651733398
EarlyStopping counter: 2 out of 20
====================================================================================================
Epoch:56
Valid RMSE: 6.598752975463867
====================================================================================================
Epoch:57
Valid RMSE: 6.597809791564941
====================================================================================================
Epoch:58
Valid RMSE: 6.58042573928833
====================================================================================================
Epoch:59
Valid RMSE: 6.562240123748779
====================================================================================================
Epoch:60
Valid RMSE: 6.530623912811279
====================================================================================================
Epoch:61
Valid RMSE: 6.563661575317383
EarlyStopping counter: 1 out of 20
====================================================================================================
Epoch:62
Valid RMSE: 6.52430534362793
====================================================================================================
Epoch:63
Valid RMSE: 6.541464805603027
EarlyStopping counter: 1 out of 20
====================================================================================================
Epoch:64
Valid RMSE: 6.518957614898682
====================================================================================================
Epoch:65
Valid RMSE: 6.491680145263672
====================================================================================================
Epoch:66
Valid RMSE: 6.503139972686768
EarlyStopping counter: 1 out of 20
====================================================================================================
Epoch:67
Valid RMSE: 6.469579219818115
====================================================================================================
Epoch:68
Valid RMSE: 6.5273613929748535
EarlyStopping counter: 1 out of 20
====================================================================================================
Epoch:69
Valid RMSE: 6.479007244110107
EarlyStopping counter: 2 out of 20
====================================================================================================
Epoch:70
Valid RMSE: 6.448541641235352
====================================================================================================
Epoch:71
Valid RMSE: 6.459139823913574
EarlyStopping counter: 1 out of 20
====================================================================================================
Epoch:72
Valid RMSE: 6.45485782623291
EarlyStopping counter: 2 out of 20
====================================================================================================
Epoch:73
Valid RMSE: 6.48766565322876
EarlyStopping counter: 3 out of 20
====================================================================================================
Epoch:74
Valid RMSE: 6.450915813446045
EarlyStopping counter: 4 out of 20
====================================================================================================
Epoch:75
Valid RMSE: 6.444811820983887
====================================================================================================
Epoch:76
Valid RMSE: 6.463962078094482
EarlyStopping counter: 1 out of 20
====================================================================================================
Epoch:77
Valid RMSE: 6.41681432723999
====================================================================================================
Epoch:78
Valid RMSE: 6.401909828186035
====================================================================================================
Epoch:79
Valid RMSE: 6.415526390075684
EarlyStopping counter: 1 out of 20
====================================================================================================
Epoch:80
Valid RMSE: 6.39756965637207
====================================================================================================
Epoch:81
Valid RMSE: 6.4444804191589355
EarlyStopping counter: 1 out of 20
====================================================================================================
Epoch:82
Valid RMSE: 6.393334865570068
====================================================================================================
Epoch:83
Valid RMSE: 6.432760715484619
EarlyStopping counter: 1 out of 20
====================================================================================================
Epoch:84
Valid RMSE: 6.371208667755127
====================================================================================================
Epoch:85
Valid RMSE: 6.417971611022949
EarlyStopping counter: 1 out of 20
====================================================================================================
Epoch:86
Valid RMSE: 6.345029830932617
====================================================================================================
Epoch:87
Valid RMSE: 6.345242500305176
EarlyStopping counter: 1 out of 20
====================================================================================================
Epoch:88
Valid RMSE: 6.367333889007568
EarlyStopping counter: 2 out of 20
====================================================================================================
Epoch:89
Valid RMSE: 6.326366424560547
====================================================================================================
Epoch:90
Valid RMSE: 6.339236736297607
EarlyStopping counter: 1 out of 20
====================================================================================================
Epoch:91
Valid RMSE: 6.324197769165039
====================================================================================================
Epoch:92
Valid RMSE: 6.302584171295166
====================================================================================================
Epoch:93
Valid RMSE: 6.3572211265563965
EarlyStopping counter: 1 out of 20
====================================================================================================
Epoch:94
Valid RMSE: 6.307084083557129
EarlyStopping counter: 2 out of 20
====================================================================================================
Epoch:95
Valid RMSE: 6.296954154968262
====================================================================================================
Epoch:96
Valid RMSE: 6.301550388336182
EarlyStopping counter: 1 out of 20
====================================================================================================
Epoch:97
Valid RMSE: 6.27667236328125
====================================================================================================
Epoch:98
Valid RMSE: 6.282151222229004
EarlyStopping counter: 1 out of 20
====================================================================================================
Epoch:99
Valid RMSE: 6.315593719482422
EarlyStopping counter: 2 out of 20
====================================================================================================
Epoch:100
Valid RMSE: 6.298682689666748
EarlyStopping counter: 3 out of 20
====================================================================================================
Epoch:101
Valid RMSE: 6.26305627822876
====================================================================================================
Epoch:102
Valid RMSE: 6.253751754760742
====================================================================================================
Epoch:103
Valid RMSE: 6.266774654388428
EarlyStopping counter: 1 out of 20
====================================================================================================
Epoch:104
Valid RMSE: 6.248379230499268
====================================================================================================
Epoch:105
Valid RMSE: 6.25675106048584
EarlyStopping counter: 1 out of 20
====================================================================================================
Epoch:106
Valid RMSE: 6.259519100189209
EarlyStopping counter: 2 out of 20
====================================================================================================
Epoch:107
Valid RMSE: 6.243671894073486
====================================================================================================
Epoch:108
Valid RMSE: 6.243552207946777
====================================================================================================
Epoch:109
Valid RMSE: 6.225152492523193
====================================================================================================
Epoch:110
Valid RMSE: 6.213391304016113
====================================================================================================
Epoch:111
Valid RMSE: 6.222485542297363
EarlyStopping counter: 1 out of 20
====================================================================================================
Epoch:112
Valid RMSE: 6.204169273376465
====================================================================================================
Epoch:113
Valid RMSE: 6.212899208068848
EarlyStopping counter: 1 out of 20
====================================================================================================
Epoch:114
Valid RMSE: 6.226968765258789
EarlyStopping counter: 2 out of 20
====================================================================================================
Epoch:115
Valid RMSE: 6.2071146965026855
EarlyStopping counter: 3 out of 20
====================================================================================================
Epoch:116
Valid RMSE: 6.203395366668701
====================================================================================================
Epoch:117
Valid RMSE: 6.211336612701416
EarlyStopping counter: 1 out of 20
====================================================================================================
Epoch:118
Valid RMSE: 6.250774383544922
EarlyStopping counter: 2 out of 20
====================================================================================================
Epoch:119
Valid RMSE: 6.1849365234375
====================================================================================================
Epoch:120
Valid RMSE: 6.197781562805176
EarlyStopping counter: 1 out of 20
====================================================================================================
Epoch:121
Valid RMSE: 6.189360618591309
EarlyStopping counter: 2 out of 20
====================================================================================================
Epoch:122
Valid RMSE: 6.174061298370361
====================================================================================================
Epoch:123
Valid RMSE: 6.209077835083008
EarlyStopping counter: 1 out of 20
====================================================================================================
Epoch:124
Valid RMSE: 6.189380645751953
EarlyStopping counter: 2 out of 20
====================================================================================================
Epoch:125
Valid RMSE: 6.172077655792236
====================================================================================================
Epoch:126
Valid RMSE: 6.148370742797852
====================================================================================================
Epoch:127
Valid RMSE: 6.157878398895264
EarlyStopping counter: 1 out of 20
====================================================================================================
Epoch:128
Valid RMSE: 6.165028095245361
EarlyStopping counter: 2 out of 20
====================================================================================================
Epoch:129
Valid RMSE: 6.146523475646973
====================================================================================================
Epoch:130
Valid RMSE: 6.152721881866455
EarlyStopping counter: 1 out of 20
====================================================================================================
Epoch:131
Valid RMSE: 6.155411243438721
EarlyStopping counter: 2 out of 20
====================================================================================================
Epoch:132
Valid RMSE: 6.141109466552734
====================================================================================================
Epoch:133
Valid RMSE: 6.1254754066467285
====================================================================================================
Epoch:134
Valid RMSE: 6.150239944458008
EarlyStopping counter: 1 out of 20
====================================================================================================
Epoch:135
Valid RMSE: 6.119266033172607
====================================================================================================
Epoch:136
Valid RMSE: 6.125611305236816
EarlyStopping counter: 1 out of 20
====================================================================================================
Epoch:137
Valid RMSE: 6.1351776123046875
EarlyStopping counter: 2 out of 20
====================================================================================================
Epoch:138
Valid RMSE: 6.110408782958984
====================================================================================================
Epoch:139
Valid RMSE: 6.134340286254883
EarlyStopping counter: 1 out of 20
====================================================================================================
Epoch:140
Valid RMSE: 6.12515926361084
EarlyStopping counter: 2 out of 20
====================================================================================================
Epoch:141
Valid RMSE: 6.099004745483398
====================================================================================================
Epoch:142
Valid RMSE: 6.1616997718811035
EarlyStopping counter: 1 out of 20
====================================================================================================
Epoch:143
Valid RMSE: 6.097360610961914
====================================================================================================
Epoch:144
Valid RMSE: 6.105632305145264
EarlyStopping counter: 1 out of 20
====================================================================================================
Epoch:145
Valid RMSE: 6.104033946990967
EarlyStopping counter: 2 out of 20
====================================================================================================
Epoch:146
Valid RMSE: 6.083144187927246
====================================================================================================
Epoch:147
Valid RMSE: 6.078892230987549
====================================================================================================
Epoch:148
Valid RMSE: 6.0831990242004395
EarlyStopping counter: 1 out of 20
====================================================================================================
Epoch:149
Valid RMSE: 6.095061779022217
EarlyStopping counter: 2 out of 20
====================================================================================================
Epoch:150
Valid RMSE: 6.131526947021484
EarlyStopping counter: 3 out of 20
====================================================================================================
Epoch:151
Valid RMSE: 6.11112117767334
EarlyStopping counter: 4 out of 20
====================================================================================================
Epoch:152
Valid RMSE: 6.075028419494629
====================================================================================================
Epoch:153
Valid RMSE: 6.079805374145508
EarlyStopping counter: 1 out of 20
====================================================================================================
Epoch:154
Valid RMSE: 6.133449554443359
EarlyStopping counter: 2 out of 20
====================================================================================================
Epoch:155
Valid RMSE: 6.064230918884277
====================================================================================================
Epoch:156
Valid RMSE: 6.069621562957764
EarlyStopping counter: 1 out of 20
====================================================================================================
Epoch:157
Valid RMSE: 6.080585956573486
EarlyStopping counter: 2 out of 20
====================================================================================================
Epoch:158
Valid RMSE: 6.053603172302246
====================================================================================================
Epoch:159
Valid RMSE: 6.084616661071777
EarlyStopping counter: 1 out of 20
====================================================================================================
Epoch:160
Valid RMSE: 6.053424835205078
====================================================================================================
Epoch:161
Valid RMSE: 6.1269145011901855
EarlyStopping counter: 1 out of 20
====================================================================================================
Epoch:162
Valid RMSE: 6.057405471801758
EarlyStopping counter: 2 out of 20
====================================================================================================
Epoch:163
Valid RMSE: 6.068660736083984
EarlyStopping counter: 3 out of 20
====================================================================================================
Epoch:164
Valid RMSE: 6.037265777587891
====================================================================================================
Epoch:165
Valid RMSE: 6.117445945739746
EarlyStopping counter: 1 out of 20
====================================================================================================
Epoch:166
Valid RMSE: 6.027699947357178
====================================================================================================
Epoch:167
Valid RMSE: 6.052366256713867
EarlyStopping counter: 1 out of 20
====================================================================================================
Epoch:168
Valid RMSE: 6.038388252258301
EarlyStopping counter: 2 out of 20
====================================================================================================
Epoch:169
Valid RMSE: 6.047939777374268
EarlyStopping counter: 3 out of 20
====================================================================================================
Epoch:170
Valid RMSE: 6.014815330505371
====================================================================================================
Epoch:171
Valid RMSE: 6.031217575073242
EarlyStopping counter: 1 out of 20
====================================================================================================
Epoch:172
Valid RMSE: 6.025666236877441
EarlyStopping counter: 2 out of 20
====================================================================================================
Epoch:173
Valid RMSE: 6.047946453094482
EarlyStopping counter: 3 out of 20
====================================================================================================
Epoch:174
Valid RMSE: 6.041854381561279
EarlyStopping counter: 4 out of 20
====================================================================================================
Epoch:175
Valid RMSE: 6.003711223602295
====================================================================================================
Epoch:176
Valid RMSE: 6.033719539642334
EarlyStopping counter: 1 out of 20
====================================================================================================
Epoch:177
Valid RMSE: 6.053092002868652
EarlyStopping counter: 2 out of 20
====================================================================================================
Epoch:178
Valid RMSE: 6.010872840881348
EarlyStopping counter: 3 out of 20
====================================================================================================
Epoch:179
Valid RMSE: 6.006250381469727
EarlyStopping counter: 4 out of 20
====================================================================================================
Epoch:180
Valid RMSE: 5.996230125427246
====================================================================================================
Epoch:181
Valid RMSE: 6.03455114364624
EarlyStopping counter: 1 out of 20
====================================================================================================
Epoch:182
Valid RMSE: 5.998663902282715
EarlyStopping counter: 2 out of 20
====================================================================================================
Epoch:183
Valid RMSE: 6.070986270904541
EarlyStopping counter: 3 out of 20
====================================================================================================
Epoch:184
Valid RMSE: 6.015566825866699
EarlyStopping counter: 4 out of 20
====================================================================================================
Epoch:185
Valid RMSE: 5.990619659423828
====================================================================================================
Epoch:186
Valid RMSE: 6.000152111053467
EarlyStopping counter: 1 out of 20
====================================================================================================
Epoch:187
Valid RMSE: 6.0211968421936035
EarlyStopping counter: 2 out of 20
====================================================================================================
Epoch:188
Valid RMSE: 6.001318454742432
EarlyStopping counter: 3 out of 20
====================================================================================================
Epoch:189
Valid RMSE: 6.033525466918945
EarlyStopping counter: 4 out of 20
====================================================================================================
Epoch:190
Valid RMSE: 5.987791061401367
====================================================================================================
Epoch:191
Valid RMSE: 6.010501384735107
EarlyStopping counter: 1 out of 20
====================================================================================================
Epoch:192
Valid RMSE: 5.977355480194092
====================================================================================================
Epoch:193
Valid RMSE: 5.999285697937012
EarlyStopping counter: 1 out of 20
====================================================================================================
Epoch:194
Valid RMSE: 5.980488300323486
EarlyStopping counter: 2 out of 20
====================================================================================================
Epoch:195
Valid RMSE: 5.992241859436035
EarlyStopping counter: 3 out of 20
====================================================================================================
Epoch:196
Valid RMSE: 6.0050811767578125
EarlyStopping counter: 4 out of 20
====================================================================================================
Epoch:197
Valid RMSE: 5.997513771057129
EarlyStopping counter: 5 out of 20
====================================================================================================
Epoch:198
Valid RMSE: 6.048027515411377
EarlyStopping counter: 6 out of 20
====================================================================================================
Epoch:199
Valid RMSE: 5.987422466278076
EarlyStopping counter: 7 out of 20
====================================================================================================
Epoch:200
Valid RMSE: 5.9874701499938965
EarlyStopping counter: 8 out of 20
====================================================================================================
Epoch:201
Valid RMSE: 5.962962627410889
====================================================================================================
Epoch:202
Valid RMSE: 6.025760650634766
EarlyStopping counter: 1 out of 20
====================================================================================================
Epoch:203
Valid RMSE: 5.965977191925049
EarlyStopping counter: 2 out of 20
====================================================================================================
Epoch:204
Valid RMSE: 6.00096321105957
EarlyStopping counter: 3 out of 20
====================================================================================================
Epoch:205
Valid RMSE: 5.981621265411377
EarlyStopping counter: 4 out of 20
====================================================================================================
Epoch:206
Valid RMSE: 6.020224571228027
EarlyStopping counter: 5 out of 20
====================================================================================================
Epoch:207
Valid RMSE: 5.9633612632751465
EarlyStopping counter: 6 out of 20
====================================================================================================
Epoch:208
Valid RMSE: 5.9498372077941895
====================================================================================================
Epoch:209
Valid RMSE: 5.96850061416626
EarlyStopping counter: 1 out of 20
====================================================================================================
Epoch:210
Valid RMSE: 5.951693058013916
EarlyStopping counter: 2 out of 20
====================================================================================================
Epoch:211
Valid RMSE: 5.954823017120361
EarlyStopping counter: 3 out of 20
====================================================================================================
Epoch:212
Valid RMSE: 5.939167499542236
====================================================================================================
Epoch:213
Valid RMSE: 5.9544830322265625
EarlyStopping counter: 1 out of 20
====================================================================================================
Epoch:214
Valid RMSE: 5.954116344451904
EarlyStopping counter: 2 out of 20
====================================================================================================
Epoch:215
Valid RMSE: 5.946888446807861
EarlyStopping counter: 3 out of 20
====================================================================================================
Epoch:216
Valid RMSE: 5.954730033874512
EarlyStopping counter: 4 out of 20
====================================================================================================
Epoch:217
Valid RMSE: 5.95000696182251
EarlyStopping counter: 5 out of 20
====================================================================================================
Epoch:218
Valid RMSE: 5.960615158081055
EarlyStopping counter: 6 out of 20
====================================================================================================
Epoch:219
Valid RMSE: 5.970260143280029
EarlyStopping counter: 7 out of 20
====================================================================================================
Epoch:220
Valid RMSE: 5.971261501312256
EarlyStopping counter: 8 out of 20
====================================================================================================
Epoch:221
Valid RMSE: 5.964781761169434
EarlyStopping counter: 9 out of 20
====================================================================================================
Epoch:222
Valid RMSE: 5.972504138946533
EarlyStopping counter: 10 out of 20
====================================================================================================
Epoch:223
Valid RMSE: 5.930215835571289
====================================================================================================
Epoch:224
Valid RMSE: 5.937796592712402
EarlyStopping counter: 1 out of 20
====================================================================================================
Epoch:225
Valid RMSE: 5.966915607452393
EarlyStopping counter: 2 out of 20
====================================================================================================
Epoch:226
Valid RMSE: 5.956500053405762
EarlyStopping counter: 3 out of 20
====================================================================================================
Epoch:227
Valid RMSE: 5.969453811645508
EarlyStopping counter: 4 out of 20
====================================================================================================
Epoch:228
Valid RMSE: 5.949540138244629
EarlyStopping counter: 5 out of 20
====================================================================================================
Epoch:229
Valid RMSE: 5.933566570281982
EarlyStopping counter: 6 out of 20
====================================================================================================
Epoch:230
Valid RMSE: 5.92957067489624
====================================================================================================
Epoch:231
Valid RMSE: 5.928590774536133
====================================================================================================
Epoch:232
Valid RMSE: 5.979940414428711
EarlyStopping counter: 1 out of 20
====================================================================================================
Epoch:233
Valid RMSE: 5.93811559677124
EarlyStopping counter: 2 out of 20
====================================================================================================
Epoch:234
Valid RMSE: 5.934802532196045
EarlyStopping counter: 3 out of 20
====================================================================================================
Epoch:235
Valid RMSE: 5.933639049530029
EarlyStopping counter: 4 out of 20
====================================================================================================
Epoch:236
Valid RMSE: 5.913105487823486
====================================================================================================
Epoch:237
Valid RMSE: 5.924325942993164
EarlyStopping counter: 1 out of 20
====================================================================================================
Epoch:238
Valid RMSE: 5.932790756225586
EarlyStopping counter: 2 out of 20
====================================================================================================
Epoch:239
Valid RMSE: 5.925122261047363
EarlyStopping counter: 3 out of 20
====================================================================================================
Epoch:240
Valid RMSE: 5.91926908493042
EarlyStopping counter: 4 out of 20
====================================================================================================
Epoch:241
Valid RMSE: 5.983592510223389
EarlyStopping counter: 5 out of 20
====================================================================================================
Epoch:242
Valid RMSE: 5.917972087860107
EarlyStopping counter: 6 out of 20
====================================================================================================
Epoch:243
Valid RMSE: 5.962541580200195
EarlyStopping counter: 7 out of 20
====================================================================================================
Epoch:244
Valid RMSE: 5.934641361236572
EarlyStopping counter: 8 out of 20
====================================================================================================
Epoch:245
Valid RMSE: 5.926018714904785
EarlyStopping counter: 9 out of 20
====================================================================================================
Epoch:246
Valid RMSE: 5.939021587371826
EarlyStopping counter: 10 out of 20
====================================================================================================
Epoch:247
Valid RMSE: 5.921823024749756
EarlyStopping counter: 11 out of 20
====================================================================================================
Epoch:248
Valid RMSE: 5.927687644958496
EarlyStopping counter: 12 out of 20
====================================================================================================
Epoch:249
Valid RMSE: 5.915818214416504
EarlyStopping counter: 13 out of 20
====================================================================================================
Epoch:250
Valid RMSE: 5.930551528930664
EarlyStopping counter: 14 out of 20
====================================================================================================
Epoch:251
Valid RMSE: 5.912785053253174
====================================================================================================
Epoch:252
Valid RMSE: 5.91129732131958
====================================================================================================
Epoch:253
Valid RMSE: 5.925703048706055
EarlyStopping counter: 1 out of 20
====================================================================================================
Epoch:254
Valid RMSE: 5.901451587677002
====================================================================================================
Epoch:255
Valid RMSE: 5.891561508178711
====================================================================================================
Epoch:256
Valid RMSE: 5.9252095222473145
EarlyStopping counter: 1 out of 20
====================================================================================================
Epoch:257
Valid RMSE: 5.908355712890625
EarlyStopping counter: 2 out of 20
====================================================================================================
Epoch:258
Valid RMSE: 5.945113182067871
EarlyStopping counter: 3 out of 20
====================================================================================================
Epoch:259
Valid RMSE: 5.930971145629883
EarlyStopping counter: 4 out of 20
====================================================================================================
Epoch:260
Valid RMSE: 5.9046101570129395
EarlyStopping counter: 5 out of 20
====================================================================================================
Epoch:261
Valid RMSE: 5.909866809844971
EarlyStopping counter: 6 out of 20
====================================================================================================
Epoch:262
Valid RMSE: 5.899669170379639
EarlyStopping counter: 7 out of 20
====================================================================================================
Epoch:263
Valid RMSE: 5.890557289123535
====================================================================================================
Epoch:264
Valid RMSE: 5.920648574829102
EarlyStopping counter: 1 out of 20
====================================================================================================
Epoch:265
Valid RMSE: 5.950232028961182
EarlyStopping counter: 2 out of 20
====================================================================================================
Epoch:266
Valid RMSE: 5.900829315185547
EarlyStopping counter: 3 out of 20
====================================================================================================
Epoch:267
Valid RMSE: 5.906552314758301
EarlyStopping counter: 4 out of 20
====================================================================================================
Epoch:268
Valid RMSE: 5.905460357666016
EarlyStopping counter: 5 out of 20
====================================================================================================
Epoch:269
Valid RMSE: 5.915608882904053
EarlyStopping counter: 6 out of 20
====================================================================================================
Epoch:270
Valid RMSE: 5.908202171325684
EarlyStopping counter: 7 out of 20
====================================================================================================
Epoch:271
Valid RMSE: 5.906810283660889
EarlyStopping counter: 8 out of 20
====================================================================================================
Epoch:272
Valid RMSE: 5.931946754455566
EarlyStopping counter: 9 out of 20
====================================================================================================
Epoch:273
Valid RMSE: 5.949514389038086
EarlyStopping counter: 10 out of 20
====================================================================================================
Epoch:274
Valid RMSE: 5.905361175537109
EarlyStopping counter: 11 out of 20
====================================================================================================
Epoch:275
Valid RMSE: 5.917165279388428
EarlyStopping counter: 12 out of 20
====================================================================================================
Epoch:276
Valid RMSE: 5.899312496185303
EarlyStopping counter: 13 out of 20
====================================================================================================
Epoch:277
Valid RMSE: 5.896325588226318
EarlyStopping counter: 14 out of 20
====================================================================================================
Epoch:278
Valid RMSE: 5.934000015258789
EarlyStopping counter: 15 out of 20
====================================================================================================
Epoch:279
Valid RMSE: 5.973331928253174
EarlyStopping counter: 16 out of 20
====================================================================================================
Epoch:280
Valid RMSE: 5.89760684967041
EarlyStopping counter: 17 out of 20
====================================================================================================
Epoch:281
Valid RMSE: 5.878095626831055
====================================================================================================
Epoch:282
Valid RMSE: 5.927792072296143
EarlyStopping counter: 1 out of 20
====================================================================================================
Epoch:283
Valid RMSE: 5.902688503265381
EarlyStopping counter: 2 out of 20
====================================================================================================
Epoch:284
Valid RMSE: 5.941490650177002
EarlyStopping counter: 3 out of 20
====================================================================================================
Epoch:285
Valid RMSE: 5.909207344055176
EarlyStopping counter: 4 out of 20
====================================================================================================
Epoch:286
Valid RMSE: 5.881594181060791
EarlyStopping counter: 5 out of 20
====================================================================================================
Epoch:287
Valid RMSE: 5.921621322631836
EarlyStopping counter: 6 out of 20
====================================================================================================
Epoch:288
Valid RMSE: 5.893708229064941
EarlyStopping counter: 7 out of 20
====================================================================================================
Epoch:289
Valid RMSE: 5.88234281539917
EarlyStopping counter: 8 out of 20
====================================================================================================
Epoch:290
Valid RMSE: 5.886153697967529
EarlyStopping counter: 9 out of 20
====================================================================================================
Epoch:291
Valid RMSE: 5.880858898162842
EarlyStopping counter: 10 out of 20
====================================================================================================
Epoch:292
Valid RMSE: 5.871854782104492
====================================================================================================
Epoch:293
Valid RMSE: 5.9543070793151855
EarlyStopping counter: 1 out of 20
====================================================================================================
Epoch:294
Valid RMSE: 5.891002178192139
EarlyStopping counter: 2 out of 20
====================================================================================================
Epoch:295
Valid RMSE: 5.905533790588379
EarlyStopping counter: 3 out of 20
====================================================================================================
Epoch:296
Valid RMSE: 5.924581527709961
EarlyStopping counter: 4 out of 20
====================================================================================================
Epoch:297
Valid RMSE: 5.884930610656738
EarlyStopping counter: 5 out of 20
====================================================================================================
Epoch:298
Valid RMSE: 5.890824317932129
EarlyStopping counter: 6 out of 20
====================================================================================================
Epoch:299
Valid RMSE: 5.9158406257629395
EarlyStopping counter: 7 out of 20
====================================================================================================
Epoch:300
Valid RMSE: 5.88738489151001
EarlyStopping counter: 8 out of 20
====================================================================================================
Epoch:301
Valid RMSE: 5.9166035652160645
EarlyStopping counter: 9 out of 20
====================================================================================================
Epoch:302
Valid RMSE: 5.884328365325928
EarlyStopping counter: 10 out of 20
====================================================================================================
Epoch:303
Valid RMSE: 5.901295185089111
EarlyStopping counter: 11 out of 20
====================================================================================================
Epoch:304
Valid RMSE: 5.894655227661133
EarlyStopping counter: 12 out of 20
====================================================================================================
Epoch:305
Valid RMSE: 5.8875250816345215
EarlyStopping counter: 13 out of 20
====================================================================================================
Epoch:306
Valid RMSE: 5.912403106689453
EarlyStopping counter: 14 out of 20
====================================================================================================
Epoch:307
Valid RMSE: 5.908742904663086
EarlyStopping counter: 15 out of 20
====================================================================================================
Epoch:308
Valid RMSE: 5.915360450744629
EarlyStopping counter: 16 out of 20
====================================================================================================
Epoch:309
Valid RMSE: 5.908175468444824
EarlyStopping counter: 17 out of 20
====================================================================================================
Epoch:310
Valid RMSE: 5.874356746673584
EarlyStopping counter: 18 out of 20
====================================================================================================
Epoch:311
Valid RMSE: 5.875549793243408
EarlyStopping counter: 19 out of 20
====================================================================================================
Epoch:312
Valid RMSE: 5.928470134735107
EarlyStopping counter: 20 out of 20
Early stopping
torch.Size([6132, 1, 323, 12])
torch.Size([6132, 1, 323, 12])
torch.Size([6132, 1, 323, 12])
==================================================  Testing  ==================================================
predict shape:  (1728, 323, 12)
MAE: 3.638 RMSE: 5.805 MAPE: 10.578
Spend Time: 6408.169148445129
