torch.Size([1728, 1, 627, 6])
torch.Size([1728, 1, 627, 6])
torch.Size([1728, 1, 627, 6])
==================================================  Training  ==================================================
Epoch:0
Valid RMSE: 7.754549026489258
====================================================================================================
Epoch:1
Valid RMSE: 5.66522741317749
====================================================================================================
Epoch:2
Valid RMSE: 4.555572032928467
====================================================================================================
Epoch:3
Valid RMSE: 4.234142303466797
====================================================================================================
Epoch:4
Valid RMSE: 4.174318313598633
====================================================================================================
Epoch:5
Valid RMSE: 4.102663516998291
====================================================================================================
Epoch:6
Valid RMSE: 4.085832118988037
====================================================================================================
Epoch:7
Valid RMSE: 4.10028076171875
EarlyStopping counter: 1 out of 20
====================================================================================================
Epoch:8
Valid RMSE: 4.059215068817139
====================================================================================================
Epoch:9
Valid RMSE: 4.021651744842529
====================================================================================================
Epoch:10
Valid RMSE: 4.042496681213379
EarlyStopping counter: 1 out of 20
====================================================================================================
Epoch:11
Valid RMSE: 3.9844655990600586
====================================================================================================
Epoch:12
Valid RMSE: 3.982292652130127
====================================================================================================
Epoch:13
Valid RMSE: 3.9313228130340576
====================================================================================================
Epoch:14
Valid RMSE: 3.9152750968933105
====================================================================================================
Epoch:15
Valid RMSE: 3.900040626525879
====================================================================================================
Epoch:16
Valid RMSE: 3.947514057159424
EarlyStopping counter: 1 out of 20
====================================================================================================
Epoch:17
Valid RMSE: 3.854566812515259
====================================================================================================
Epoch:18
Valid RMSE: 3.845344066619873
====================================================================================================
Epoch:19
Valid RMSE: 3.883314847946167
EarlyStopping counter: 1 out of 20
====================================================================================================
Epoch:20
Valid RMSE: 3.813302755355835
====================================================================================================
Epoch:21
Valid RMSE: 3.8101136684417725
====================================================================================================
Epoch:22
Valid RMSE: 3.748692035675049
====================================================================================================
Epoch:23
Valid RMSE: 3.7401461601257324
====================================================================================================
Epoch:24
Valid RMSE: 3.7531728744506836
EarlyStopping counter: 1 out of 20
====================================================================================================
Epoch:25
Valid RMSE: 3.7114312648773193
====================================================================================================
Epoch:26
Valid RMSE: 3.7363357543945312
EarlyStopping counter: 1 out of 20
====================================================================================================
Epoch:27
Valid RMSE: 3.6643459796905518
====================================================================================================
Epoch:28
Valid RMSE: 3.648604393005371
====================================================================================================
Epoch:29
Valid RMSE: 3.650949239730835
EarlyStopping counter: 1 out of 20
====================================================================================================
Epoch:30
Valid RMSE: 3.6899986267089844
EarlyStopping counter: 2 out of 20
====================================================================================================
Epoch:31
Valid RMSE: 3.633970022201538
====================================================================================================
Epoch:32
Valid RMSE: 3.6736793518066406
EarlyStopping counter: 1 out of 20
====================================================================================================
Epoch:33
Valid RMSE: 3.594080686569214
====================================================================================================
Epoch:34
Valid RMSE: 3.5887980461120605
====================================================================================================
Epoch:35
Valid RMSE: 3.6331334114074707
EarlyStopping counter: 1 out of 20
====================================================================================================
Epoch:36
Valid RMSE: 3.5727908611297607
====================================================================================================
Epoch:37
Valid RMSE: 3.548609733581543
====================================================================================================
Epoch:38
Valid RMSE: 3.5646345615386963
EarlyStopping counter: 1 out of 20
====================================================================================================
Epoch:39
Valid RMSE: 3.5977325439453125
EarlyStopping counter: 2 out of 20
====================================================================================================
Epoch:40
Valid RMSE: 3.5261948108673096
====================================================================================================
Epoch:41
Valid RMSE: 3.5405356884002686
EarlyStopping counter: 1 out of 20
====================================================================================================
Epoch:42
Valid RMSE: 3.517371416091919
====================================================================================================
Epoch:43
Valid RMSE: 3.521489143371582
EarlyStopping counter: 1 out of 20
====================================================================================================
Epoch:44
Valid RMSE: 3.519551992416382
EarlyStopping counter: 2 out of 20
====================================================================================================
Epoch:45
Valid RMSE: 3.5367443561553955
EarlyStopping counter: 3 out of 20
====================================================================================================
Epoch:46
Valid RMSE: 3.5330722332000732
EarlyStopping counter: 4 out of 20
====================================================================================================
Epoch:47
Valid RMSE: 3.4855852127075195
====================================================================================================
Epoch:48
Valid RMSE: 3.5318918228149414
EarlyStopping counter: 1 out of 20
====================================================================================================
Epoch:49
Valid RMSE: 3.4954051971435547
EarlyStopping counter: 2 out of 20
====================================================================================================
Epoch:50
Valid RMSE: 3.4595839977264404
====================================================================================================
Epoch:51
Valid RMSE: 3.465057849884033
EarlyStopping counter: 1 out of 20
====================================================================================================
Epoch:52
Valid RMSE: 3.5177645683288574
EarlyStopping counter: 2 out of 20
====================================================================================================
Epoch:53
Valid RMSE: 3.490946054458618
EarlyStopping counter: 3 out of 20
====================================================================================================
Epoch:54
Valid RMSE: 3.47153377532959
EarlyStopping counter: 4 out of 20
====================================================================================================
Epoch:55
Valid RMSE: 3.460402250289917
EarlyStopping counter: 5 out of 20
====================================================================================================
Epoch:56
Valid RMSE: 3.4625327587127686
EarlyStopping counter: 6 out of 20
====================================================================================================
Epoch:57
Valid RMSE: 3.513984441757202
EarlyStopping counter: 7 out of 20
====================================================================================================
Epoch:58
Valid RMSE: 3.4543261528015137
====================================================================================================
Epoch:59
Valid RMSE: 3.4610910415649414
EarlyStopping counter: 1 out of 20
====================================================================================================
Epoch:60
Valid RMSE: 3.4703900814056396
EarlyStopping counter: 2 out of 20
====================================================================================================
Epoch:61
Valid RMSE: 3.4582653045654297
EarlyStopping counter: 3 out of 20
====================================================================================================
Epoch:62
Valid RMSE: 3.463801145553589
EarlyStopping counter: 4 out of 20
====================================================================================================
Epoch:63
Valid RMSE: 3.4347972869873047
====================================================================================================
Epoch:64
Valid RMSE: 3.4411885738372803
EarlyStopping counter: 1 out of 20
====================================================================================================
Epoch:65
Valid RMSE: 3.4619081020355225
EarlyStopping counter: 2 out of 20
====================================================================================================
Epoch:66
Valid RMSE: 3.45746111869812
EarlyStopping counter: 3 out of 20
====================================================================================================
Epoch:67
Valid RMSE: 3.466144323348999
EarlyStopping counter: 4 out of 20
====================================================================================================
Epoch:68
Valid RMSE: 3.4704785346984863
EarlyStopping counter: 5 out of 20
====================================================================================================
Epoch:69
Valid RMSE: 3.4417924880981445
EarlyStopping counter: 6 out of 20
====================================================================================================
Epoch:70
Valid RMSE: 3.4499857425689697
EarlyStopping counter: 7 out of 20
====================================================================================================
Epoch:71
Valid RMSE: 3.5365076065063477
EarlyStopping counter: 8 out of 20
====================================================================================================
Epoch:72
Valid RMSE: 3.4175243377685547
====================================================================================================
Epoch:73
Valid RMSE: 3.489650011062622
EarlyStopping counter: 1 out of 20
====================================================================================================
Epoch:74
Valid RMSE: 3.4148476123809814
====================================================================================================
Epoch:75
Valid RMSE: 3.419285535812378
EarlyStopping counter: 1 out of 20
====================================================================================================
Epoch:76
Valid RMSE: 3.4175350666046143
EarlyStopping counter: 2 out of 20
====================================================================================================
Epoch:77
Valid RMSE: 3.415153980255127
EarlyStopping counter: 3 out of 20
====================================================================================================
Epoch:78
Valid RMSE: 3.4673283100128174
EarlyStopping counter: 4 out of 20
====================================================================================================
Epoch:79
Valid RMSE: 3.412289619445801
====================================================================================================
Epoch:80
Valid RMSE: 3.4740536212921143
EarlyStopping counter: 1 out of 20
====================================================================================================
Epoch:81
Valid RMSE: 3.4340293407440186
EarlyStopping counter: 2 out of 20
====================================================================================================
Epoch:82
Valid RMSE: 3.431680202484131
EarlyStopping counter: 3 out of 20
====================================================================================================
Epoch:83
Valid RMSE: 3.411757469177246
====================================================================================================
Epoch:84
Valid RMSE: 3.401306390762329
====================================================================================================
Epoch:85
Valid RMSE: 3.4756879806518555
EarlyStopping counter: 1 out of 20
====================================================================================================
Epoch:86
Valid RMSE: 3.4479475021362305
EarlyStopping counter: 2 out of 20
====================================================================================================
Epoch:87
Valid RMSE: 3.4314215183258057
EarlyStopping counter: 3 out of 20
====================================================================================================
Epoch:88
Valid RMSE: 3.376667022705078
====================================================================================================
Epoch:89
Valid RMSE: 3.397329807281494
EarlyStopping counter: 1 out of 20
====================================================================================================
Epoch:90
Valid RMSE: 3.4203500747680664
EarlyStopping counter: 2 out of 20
====================================================================================================
Epoch:91
Valid RMSE: 3.432981252670288
EarlyStopping counter: 3 out of 20
====================================================================================================
Epoch:92
Valid RMSE: 3.3855040073394775
EarlyStopping counter: 4 out of 20
====================================================================================================
Epoch:93
Valid RMSE: 3.3934032917022705
EarlyStopping counter: 5 out of 20
====================================================================================================
Epoch:94
Valid RMSE: 3.3631904125213623
====================================================================================================
Epoch:95
Valid RMSE: 3.4083292484283447
EarlyStopping counter: 1 out of 20
====================================================================================================
Epoch:96
Valid RMSE: 3.4171066284179688
EarlyStopping counter: 2 out of 20
====================================================================================================
Epoch:97
Valid RMSE: 3.3710317611694336
EarlyStopping counter: 3 out of 20
====================================================================================================
Epoch:98
Valid RMSE: 3.392582893371582
EarlyStopping counter: 4 out of 20
====================================================================================================
Epoch:99
Valid RMSE: 3.424485921859741
EarlyStopping counter: 5 out of 20
====================================================================================================
Epoch:100
Valid RMSE: 3.362236738204956
====================================================================================================
Epoch:101
Valid RMSE: 3.3690764904022217
EarlyStopping counter: 1 out of 20
====================================================================================================
Epoch:102
Valid RMSE: 3.4000368118286133
EarlyStopping counter: 2 out of 20
====================================================================================================
Epoch:103
Valid RMSE: 3.3728017807006836
EarlyStopping counter: 3 out of 20
====================================================================================================
Epoch:104
Valid RMSE: 3.352017402648926
====================================================================================================
Epoch:105
Valid RMSE: 3.41945743560791
EarlyStopping counter: 1 out of 20
====================================================================================================
Epoch:106
Valid RMSE: 3.4361815452575684
EarlyStopping counter: 2 out of 20
====================================================================================================
Epoch:107
Valid RMSE: 3.3817830085754395
EarlyStopping counter: 3 out of 20
====================================================================================================
Epoch:108
Valid RMSE: 3.446770191192627
EarlyStopping counter: 4 out of 20
====================================================================================================
Epoch:109
Valid RMSE: 3.3548765182495117
EarlyStopping counter: 5 out of 20
====================================================================================================
Epoch:110
Valid RMSE: 3.3825106620788574
EarlyStopping counter: 6 out of 20
====================================================================================================
Epoch:111
Valid RMSE: 3.3470511436462402
====================================================================================================
Epoch:112
Valid RMSE: 3.356661081314087
EarlyStopping counter: 1 out of 20
====================================================================================================
Epoch:113
Valid RMSE: 3.3402915000915527
====================================================================================================
Epoch:114
Valid RMSE: 3.33897066116333
====================================================================================================
Epoch:115
Valid RMSE: 3.365579605102539
EarlyStopping counter: 1 out of 20
====================================================================================================
Epoch:116
Valid RMSE: 3.341038703918457
EarlyStopping counter: 2 out of 20
====================================================================================================
Epoch:117
Valid RMSE: 3.3528242111206055
EarlyStopping counter: 3 out of 20
====================================================================================================
Epoch:118
Valid RMSE: 3.331644296646118
====================================================================================================
Epoch:119
Valid RMSE: 3.3770391941070557
EarlyStopping counter: 1 out of 20
====================================================================================================
Epoch:120
Valid RMSE: 3.361862897872925
EarlyStopping counter: 2 out of 20
====================================================================================================
Epoch:121
Valid RMSE: 3.4006452560424805
EarlyStopping counter: 3 out of 20
====================================================================================================
Epoch:122
Valid RMSE: 3.3980891704559326
EarlyStopping counter: 4 out of 20
====================================================================================================
Epoch:123
Valid RMSE: 3.3340938091278076
EarlyStopping counter: 5 out of 20
====================================================================================================
Epoch:124
Valid RMSE: 3.329451560974121
====================================================================================================
Epoch:125
Valid RMSE: 3.382166862487793
EarlyStopping counter: 1 out of 20
====================================================================================================
Epoch:126
Valid RMSE: 3.3670716285705566
EarlyStopping counter: 2 out of 20
====================================================================================================
Epoch:127
Valid RMSE: 3.3663575649261475
EarlyStopping counter: 3 out of 20
====================================================================================================
Epoch:128
Valid RMSE: 3.388535737991333
EarlyStopping counter: 4 out of 20
====================================================================================================
Epoch:129
Valid RMSE: 3.3514316082000732
EarlyStopping counter: 5 out of 20
====================================================================================================
Epoch:130
Valid RMSE: 3.3325517177581787
EarlyStopping counter: 6 out of 20
====================================================================================================
Epoch:131
Valid RMSE: 3.354018211364746
EarlyStopping counter: 7 out of 20
====================================================================================================
Epoch:132
Valid RMSE: 3.3726108074188232
EarlyStopping counter: 8 out of 20
====================================================================================================
Epoch:133
Valid RMSE: 3.33828067779541
EarlyStopping counter: 9 out of 20
====================================================================================================
Epoch:134
Valid RMSE: 3.336627721786499
EarlyStopping counter: 10 out of 20
====================================================================================================
Epoch:135
Valid RMSE: 3.327847957611084
====================================================================================================
Epoch:136
Valid RMSE: 3.350764274597168
EarlyStopping counter: 1 out of 20
====================================================================================================
Epoch:137
Valid RMSE: 3.3328804969787598
EarlyStopping counter: 2 out of 20
====================================================================================================
Epoch:138
Valid RMSE: 3.309591054916382
====================================================================================================
Epoch:139
Valid RMSE: 3.3623206615448
EarlyStopping counter: 1 out of 20
====================================================================================================
Epoch:140
Valid RMSE: 3.3569259643554688
EarlyStopping counter: 2 out of 20
====================================================================================================
Epoch:141
Valid RMSE: 3.320620536804199
EarlyStopping counter: 3 out of 20
====================================================================================================
Epoch:142
Valid RMSE: 3.339024782180786
EarlyStopping counter: 4 out of 20
====================================================================================================
Epoch:143
Valid RMSE: 3.340894937515259
EarlyStopping counter: 5 out of 20
====================================================================================================
Epoch:144
Valid RMSE: 3.329655885696411
EarlyStopping counter: 6 out of 20
====================================================================================================
Epoch:145
Valid RMSE: 3.3489184379577637
EarlyStopping counter: 7 out of 20
====================================================================================================
Epoch:146
Valid RMSE: 3.367027997970581
EarlyStopping counter: 8 out of 20
====================================================================================================
Epoch:147
Valid RMSE: 3.3582637310028076
EarlyStopping counter: 9 out of 20
====================================================================================================
Epoch:148
Valid RMSE: 3.343146800994873
EarlyStopping counter: 10 out of 20
====================================================================================================
Epoch:149
Valid RMSE: 3.3350768089294434
EarlyStopping counter: 11 out of 20
====================================================================================================
Epoch:150
Valid RMSE: 3.3542723655700684
EarlyStopping counter: 12 out of 20
====================================================================================================
Epoch:151
Valid RMSE: 3.3385820388793945
EarlyStopping counter: 13 out of 20
====================================================================================================
Epoch:152
Valid RMSE: 3.3741583824157715
EarlyStopping counter: 14 out of 20
====================================================================================================
Epoch:153
Valid RMSE: 3.3671534061431885
EarlyStopping counter: 15 out of 20
====================================================================================================
Epoch:154
Valid RMSE: 3.3352038860321045
EarlyStopping counter: 16 out of 20
====================================================================================================
Epoch:155
Valid RMSE: 3.309619665145874
EarlyStopping counter: 17 out of 20
====================================================================================================
Epoch:156
Valid RMSE: 3.35058331489563
EarlyStopping counter: 18 out of 20
====================================================================================================
Epoch:157
Valid RMSE: 3.3471896648406982
EarlyStopping counter: 19 out of 20
====================================================================================================
Epoch:158
Valid RMSE: 3.349926471710205
EarlyStopping counter: 20 out of 20
Early stopping
torch.Size([1728, 1, 627, 6])
torch.Size([1728, 1, 627, 6])
torch.Size([1728, 1, 627, 6])
==================================================  Testing  ==================================================
predict shape:  (576, 627, 6)
MAE: 2.245 RMSE: 3.457 MAPE: 9.584
Spend Time: 1694.192670583725
