torch.Size([1728, 1, 627, 6])
torch.Size([1728, 1, 627, 6])
torch.Size([1728, 1, 627, 6])
==================================================  Training  ==================================================
Epoch:0
Valid RMSE: 7.858208656311035
====================================================================================================
Epoch:1
Valid RMSE: 5.8576860427856445
====================================================================================================
Epoch:2
Valid RMSE: 4.878528118133545
====================================================================================================
Epoch:3
Valid RMSE: 4.391894817352295
====================================================================================================
Epoch:4
Valid RMSE: 4.190589427947998
====================================================================================================
Epoch:5
Valid RMSE: 4.108728408813477
====================================================================================================
Epoch:6
Valid RMSE: 4.149867534637451
EarlyStopping counter: 1 out of 20
====================================================================================================
Epoch:7
Valid RMSE: 4.121747970581055
EarlyStopping counter: 2 out of 20
====================================================================================================
Epoch:8
Valid RMSE: 4.0896735191345215
====================================================================================================
Epoch:9
Valid RMSE: 4.048124313354492
====================================================================================================
Epoch:10
Valid RMSE: 4.03349494934082
====================================================================================================
Epoch:11
Valid RMSE: 4.0872416496276855
EarlyStopping counter: 1 out of 20
====================================================================================================
Epoch:12
Valid RMSE: 4.017656326293945
====================================================================================================
Epoch:13
Valid RMSE: 3.9900333881378174
====================================================================================================
Epoch:14
Valid RMSE: 4.007791519165039
EarlyStopping counter: 1 out of 20
====================================================================================================
Epoch:15
Valid RMSE: 4.018881797790527
EarlyStopping counter: 2 out of 20
====================================================================================================
Epoch:16
Valid RMSE: 4.010047435760498
EarlyStopping counter: 3 out of 20
====================================================================================================
Epoch:17
Valid RMSE: 3.99343204498291
EarlyStopping counter: 4 out of 20
====================================================================================================
Epoch:18
Valid RMSE: 3.950753927230835
====================================================================================================
Epoch:19
Valid RMSE: 3.9796037673950195
EarlyStopping counter: 1 out of 20
====================================================================================================
Epoch:20
Valid RMSE: 3.8806965351104736
====================================================================================================
Epoch:21
Valid RMSE: 3.895106792449951
EarlyStopping counter: 1 out of 20
====================================================================================================
Epoch:22
Valid RMSE: 3.861635446548462
====================================================================================================
Epoch:23
Valid RMSE: 3.8712921142578125
EarlyStopping counter: 1 out of 20
====================================================================================================
Epoch:24
Valid RMSE: 3.883741617202759
EarlyStopping counter: 2 out of 20
====================================================================================================
Epoch:25
Valid RMSE: 3.812939167022705
====================================================================================================
Epoch:26
Valid RMSE: 3.8212480545043945
EarlyStopping counter: 1 out of 20
====================================================================================================
Epoch:27
Valid RMSE: 3.825658082962036
EarlyStopping counter: 2 out of 20
====================================================================================================
Epoch:28
Valid RMSE: 3.8175806999206543
EarlyStopping counter: 3 out of 20
====================================================================================================
Epoch:29
Valid RMSE: 3.7354228496551514
====================================================================================================
Epoch:30
Valid RMSE: 3.8058230876922607
EarlyStopping counter: 1 out of 20
====================================================================================================
Epoch:31
Valid RMSE: 3.7921018600463867
EarlyStopping counter: 2 out of 20
====================================================================================================
Epoch:32
Valid RMSE: 3.723310708999634
====================================================================================================
Epoch:33
Valid RMSE: 3.723659038543701
EarlyStopping counter: 1 out of 20
====================================================================================================
Epoch:34
Valid RMSE: 3.745317220687866
EarlyStopping counter: 2 out of 20
====================================================================================================
Epoch:35
Valid RMSE: 3.6776983737945557
====================================================================================================
Epoch:36
Valid RMSE: 3.6261796951293945
====================================================================================================
Epoch:37
Valid RMSE: 3.651472330093384
EarlyStopping counter: 1 out of 20
====================================================================================================
Epoch:38
Valid RMSE: 3.6461405754089355
EarlyStopping counter: 2 out of 20
====================================================================================================
Epoch:39
Valid RMSE: 3.6022653579711914
====================================================================================================
Epoch:40
Valid RMSE: 3.637209892272949
EarlyStopping counter: 1 out of 20
====================================================================================================
Epoch:41
Valid RMSE: 3.6596460342407227
EarlyStopping counter: 2 out of 20
====================================================================================================
Epoch:42
Valid RMSE: 3.5967211723327637
====================================================================================================
Epoch:43
Valid RMSE: 3.5925772190093994
====================================================================================================
Epoch:44
Valid RMSE: 3.574902057647705
====================================================================================================
Epoch:45
Valid RMSE: 3.5935888290405273
EarlyStopping counter: 1 out of 20
====================================================================================================
Epoch:46
Valid RMSE: 3.5731418132781982
====================================================================================================
Epoch:47
Valid RMSE: 3.6112377643585205
EarlyStopping counter: 1 out of 20
====================================================================================================
Epoch:48
Valid RMSE: 3.5529844760894775
====================================================================================================
Epoch:49
Valid RMSE: 3.5458784103393555
====================================================================================================
Epoch:50
Valid RMSE: 3.562079906463623
EarlyStopping counter: 1 out of 20
====================================================================================================
Epoch:51
Valid RMSE: 3.5221524238586426
====================================================================================================
Epoch:52
Valid RMSE: 3.5721521377563477
EarlyStopping counter: 1 out of 20
====================================================================================================
Epoch:53
Valid RMSE: 3.5691919326782227
EarlyStopping counter: 2 out of 20
====================================================================================================
Epoch:54
Valid RMSE: 3.5719010829925537
EarlyStopping counter: 3 out of 20
====================================================================================================
Epoch:55
Valid RMSE: 3.568713665008545
EarlyStopping counter: 4 out of 20
====================================================================================================
Epoch:56
Valid RMSE: 3.5201008319854736
====================================================================================================
Epoch:57
Valid RMSE: 3.54404878616333
EarlyStopping counter: 1 out of 20
====================================================================================================
Epoch:58
Valid RMSE: 3.523937463760376
EarlyStopping counter: 2 out of 20
====================================================================================================
Epoch:59
Valid RMSE: 3.5335278511047363
EarlyStopping counter: 3 out of 20
====================================================================================================
Epoch:60
Valid RMSE: 3.521418333053589
EarlyStopping counter: 4 out of 20
====================================================================================================
Epoch:61
Valid RMSE: 3.4889163970947266
====================================================================================================
Epoch:62
Valid RMSE: 3.590884208679199
EarlyStopping counter: 1 out of 20
====================================================================================================
Epoch:63
Valid RMSE: 3.516542673110962
EarlyStopping counter: 2 out of 20
====================================================================================================
Epoch:64
Valid RMSE: 3.505328416824341
EarlyStopping counter: 3 out of 20
====================================================================================================
Epoch:65
Valid RMSE: 3.5118746757507324
EarlyStopping counter: 4 out of 20
====================================================================================================
Epoch:66
Valid RMSE: 3.526118278503418
EarlyStopping counter: 5 out of 20
====================================================================================================
Epoch:67
Valid RMSE: 3.533966302871704
EarlyStopping counter: 6 out of 20
====================================================================================================
Epoch:68
Valid RMSE: 3.509120464324951
EarlyStopping counter: 7 out of 20
====================================================================================================
Epoch:69
Valid RMSE: 3.4802961349487305
====================================================================================================
Epoch:70
Valid RMSE: 3.5287153720855713
EarlyStopping counter: 1 out of 20
====================================================================================================
Epoch:71
Valid RMSE: 3.4940438270568848
EarlyStopping counter: 2 out of 20
====================================================================================================
Epoch:72
Valid RMSE: 3.533637046813965
EarlyStopping counter: 3 out of 20
====================================================================================================
Epoch:73
Valid RMSE: 3.495924234390259
EarlyStopping counter: 4 out of 20
====================================================================================================
Epoch:74
Valid RMSE: 3.4845666885375977
EarlyStopping counter: 5 out of 20
====================================================================================================
Epoch:75
Valid RMSE: 3.491060733795166
EarlyStopping counter: 6 out of 20
====================================================================================================
Epoch:76
Valid RMSE: 3.467508316040039
====================================================================================================
Epoch:77
Valid RMSE: 3.4787681102752686
EarlyStopping counter: 1 out of 20
====================================================================================================
Epoch:78
Valid RMSE: 3.4609620571136475
====================================================================================================
Epoch:79
Valid RMSE: 3.4536008834838867
====================================================================================================
Epoch:80
Valid RMSE: 3.462238311767578
EarlyStopping counter: 1 out of 20
====================================================================================================
Epoch:81
Valid RMSE: 3.543329954147339
EarlyStopping counter: 2 out of 20
====================================================================================================
Epoch:82
Valid RMSE: 3.442023277282715
====================================================================================================
Epoch:83
Valid RMSE: 3.4405887126922607
====================================================================================================
Epoch:84
Valid RMSE: 3.5029165744781494
EarlyStopping counter: 1 out of 20
====================================================================================================
Epoch:85
Valid RMSE: 3.45397686958313
EarlyStopping counter: 2 out of 20
====================================================================================================
Epoch:86
Valid RMSE: 3.4542598724365234
EarlyStopping counter: 3 out of 20
====================================================================================================
Epoch:87
Valid RMSE: 3.4457483291625977
EarlyStopping counter: 4 out of 20
====================================================================================================
Epoch:88
Valid RMSE: 3.4545609951019287
EarlyStopping counter: 5 out of 20
====================================================================================================
Epoch:89
Valid RMSE: 3.439364433288574
====================================================================================================
Epoch:90
Valid RMSE: 3.584052085876465
EarlyStopping counter: 1 out of 20
====================================================================================================
Epoch:91
Valid RMSE: 3.509222984313965
EarlyStopping counter: 2 out of 20
====================================================================================================
Epoch:92
Valid RMSE: 3.4675633907318115
EarlyStopping counter: 3 out of 20
====================================================================================================
Epoch:93
Valid RMSE: 3.505596876144409
EarlyStopping counter: 4 out of 20
====================================================================================================
Epoch:94
Valid RMSE: 3.4331610202789307
====================================================================================================
Epoch:95
Valid RMSE: 3.490091562271118
EarlyStopping counter: 1 out of 20
====================================================================================================
Epoch:96
Valid RMSE: 3.4285266399383545
====================================================================================================
Epoch:97
Valid RMSE: 3.413170337677002
====================================================================================================
Epoch:98
Valid RMSE: 3.467221975326538
EarlyStopping counter: 1 out of 20
====================================================================================================
Epoch:99
Valid RMSE: 3.495251178741455
EarlyStopping counter: 2 out of 20
====================================================================================================
Epoch:100
Valid RMSE: 3.437443494796753
EarlyStopping counter: 3 out of 20
====================================================================================================
Epoch:101
Valid RMSE: 3.483853340148926
EarlyStopping counter: 4 out of 20
====================================================================================================
Epoch:102
Valid RMSE: 3.4203546047210693
EarlyStopping counter: 5 out of 20
====================================================================================================
Epoch:103
Valid RMSE: 3.45984148979187
EarlyStopping counter: 6 out of 20
====================================================================================================
Epoch:104
Valid RMSE: 3.424981117248535
EarlyStopping counter: 7 out of 20
====================================================================================================
Epoch:105
Valid RMSE: 3.4537057876586914
EarlyStopping counter: 8 out of 20
====================================================================================================
Epoch:106
Valid RMSE: 3.4280614852905273
EarlyStopping counter: 9 out of 20
====================================================================================================
Epoch:107
Valid RMSE: 3.426624298095703
EarlyStopping counter: 10 out of 20
====================================================================================================
Epoch:108
Valid RMSE: 3.467646598815918
EarlyStopping counter: 11 out of 20
====================================================================================================
Epoch:109
Valid RMSE: 3.3986918926239014
====================================================================================================
Epoch:110
Valid RMSE: 3.3990156650543213
EarlyStopping counter: 1 out of 20
====================================================================================================
Epoch:111
Valid RMSE: 3.4209516048431396
EarlyStopping counter: 2 out of 20
====================================================================================================
Epoch:112
Valid RMSE: 3.4843738079071045
EarlyStopping counter: 3 out of 20
====================================================================================================
Epoch:113
Valid RMSE: 3.4473650455474854
EarlyStopping counter: 4 out of 20
====================================================================================================
Epoch:114
Valid RMSE: 3.4028992652893066
EarlyStopping counter: 5 out of 20
====================================================================================================
Epoch:115
Valid RMSE: 3.4582252502441406
EarlyStopping counter: 6 out of 20
====================================================================================================
Epoch:116
Valid RMSE: 3.3905625343322754
====================================================================================================
Epoch:117
Valid RMSE: 3.4518723487854004
EarlyStopping counter: 1 out of 20
====================================================================================================
Epoch:118
Valid RMSE: 3.386756181716919
====================================================================================================
Epoch:119
Valid RMSE: 3.413468360900879
EarlyStopping counter: 1 out of 20
====================================================================================================
Epoch:120
Valid RMSE: 3.448580026626587
EarlyStopping counter: 2 out of 20
====================================================================================================
Epoch:121
Valid RMSE: 3.486567974090576
EarlyStopping counter: 3 out of 20
====================================================================================================
Epoch:122
Valid RMSE: 3.4345762729644775
EarlyStopping counter: 4 out of 20
====================================================================================================
Epoch:123
Valid RMSE: 3.403748035430908
EarlyStopping counter: 5 out of 20
====================================================================================================
Epoch:124
Valid RMSE: 3.430180549621582
EarlyStopping counter: 6 out of 20
====================================================================================================
Epoch:125
Valid RMSE: 3.4628045558929443
EarlyStopping counter: 7 out of 20
====================================================================================================
Epoch:126
Valid RMSE: 3.4798710346221924
EarlyStopping counter: 8 out of 20
====================================================================================================
Epoch:127
Valid RMSE: 3.4632227420806885
EarlyStopping counter: 9 out of 20
====================================================================================================
Epoch:128
Valid RMSE: 3.412461519241333
EarlyStopping counter: 10 out of 20
====================================================================================================
Epoch:129
Valid RMSE: 3.3996148109436035
EarlyStopping counter: 11 out of 20
====================================================================================================
Epoch:130
Valid RMSE: 3.398312568664551
EarlyStopping counter: 12 out of 20
====================================================================================================
Epoch:131
Valid RMSE: 3.415350914001465
EarlyStopping counter: 13 out of 20
====================================================================================================
Epoch:132
Valid RMSE: 3.5166068077087402
EarlyStopping counter: 14 out of 20
====================================================================================================
Epoch:133
Valid RMSE: 3.415496587753296
EarlyStopping counter: 15 out of 20
====================================================================================================
Epoch:134
Valid RMSE: 3.398212194442749
EarlyStopping counter: 16 out of 20
====================================================================================================
Epoch:135
Valid RMSE: 3.3932087421417236
EarlyStopping counter: 17 out of 20
====================================================================================================
Epoch:136
Valid RMSE: 3.387028932571411
EarlyStopping counter: 18 out of 20
====================================================================================================
Epoch:137
Valid RMSE: 3.4287688732147217
EarlyStopping counter: 19 out of 20
====================================================================================================
Epoch:138
Valid RMSE: 3.431004524230957
EarlyStopping counter: 20 out of 20
Early stopping
torch.Size([1728, 1, 627, 6])
torch.Size([1728, 1, 627, 6])
torch.Size([1728, 1, 627, 6])
==================================================  Testing  ==================================================
predict shape:  (576, 627, 6)
MAE: 2.272 RMSE: 3.514 MAPE: 9.840
Spend Time: 1467.7295405864716
