torch.Size([1728, 1, 627, 6])
torch.Size([1728, 1, 627, 6])
torch.Size([1728, 1, 627, 6])
==================================================  Training  ==================================================
Epoch:0
Valid RMSE: 7.871390342712402
====================================================================================================
Epoch:1
Valid RMSE: 5.852138042449951
====================================================================================================
Epoch:2
Valid RMSE: 4.721192359924316
====================================================================================================
Epoch:3
Valid RMSE: 4.340356826782227
====================================================================================================
Epoch:4
Valid RMSE: 4.170044422149658
====================================================================================================
Epoch:5
Valid RMSE: 4.1584086418151855
====================================================================================================
Epoch:6
Valid RMSE: 4.130022048950195
====================================================================================================
Epoch:7
Valid RMSE: 4.1280317306518555
====================================================================================================
Epoch:8
Valid RMSE: 4.034242153167725
====================================================================================================
Epoch:9
Valid RMSE: 4.10587739944458
EarlyStopping counter: 1 out of 20
====================================================================================================
Epoch:10
Valid RMSE: 4.026381015777588
====================================================================================================
Epoch:11
Valid RMSE: 4.031754493713379
EarlyStopping counter: 1 out of 20
====================================================================================================
Epoch:12
Valid RMSE: 4.0145416259765625
====================================================================================================
Epoch:13
Valid RMSE: 4.006099700927734
====================================================================================================
Epoch:14
Valid RMSE: 3.9739482402801514
====================================================================================================
Epoch:15
Valid RMSE: 3.9836552143096924
EarlyStopping counter: 1 out of 20
====================================================================================================
Epoch:16
Valid RMSE: 3.972994804382324
====================================================================================================
Epoch:17
Valid RMSE: 3.9163806438446045
====================================================================================================
Epoch:18
Valid RMSE: 3.9222030639648438
EarlyStopping counter: 1 out of 20
====================================================================================================
Epoch:19
Valid RMSE: 3.870833158493042
====================================================================================================
Epoch:20
Valid RMSE: 3.926163911819458
EarlyStopping counter: 1 out of 20
====================================================================================================
Epoch:21
Valid RMSE: 3.9112980365753174
EarlyStopping counter: 2 out of 20
====================================================================================================
Epoch:22
Valid RMSE: 3.872511625289917
EarlyStopping counter: 3 out of 20
====================================================================================================
Epoch:23
Valid RMSE: 3.8189380168914795
====================================================================================================
Epoch:24
Valid RMSE: 3.872809886932373
EarlyStopping counter: 1 out of 20
====================================================================================================
Epoch:25
Valid RMSE: 3.779308795928955
====================================================================================================
Epoch:26
Valid RMSE: 3.8238754272460938
EarlyStopping counter: 1 out of 20
====================================================================================================
Epoch:27
Valid RMSE: 3.7573442459106445
====================================================================================================
Epoch:28
Valid RMSE: 3.766655445098877
EarlyStopping counter: 1 out of 20
====================================================================================================
Epoch:29
Valid RMSE: 3.7622594833374023
EarlyStopping counter: 2 out of 20
====================================================================================================
Epoch:30
Valid RMSE: 3.696272611618042
====================================================================================================
Epoch:31
Valid RMSE: 3.7041401863098145
EarlyStopping counter: 1 out of 20
====================================================================================================
Epoch:32
Valid RMSE: 3.7000813484191895
EarlyStopping counter: 2 out of 20
====================================================================================================
Epoch:33
Valid RMSE: 3.6613032817840576
====================================================================================================
Epoch:34
Valid RMSE: 3.6539525985717773
====================================================================================================
Epoch:35
Valid RMSE: 3.6315367221832275
====================================================================================================
Epoch:36
Valid RMSE: 3.6366734504699707
EarlyStopping counter: 1 out of 20
====================================================================================================
Epoch:37
Valid RMSE: 3.6568260192871094
EarlyStopping counter: 2 out of 20
====================================================================================================
Epoch:38
Valid RMSE: 3.649583101272583
EarlyStopping counter: 3 out of 20
====================================================================================================
Epoch:39
Valid RMSE: 3.5755865573883057
====================================================================================================
Epoch:40
Valid RMSE: 3.6310665607452393
EarlyStopping counter: 1 out of 20
====================================================================================================
Epoch:41
Valid RMSE: 3.6554043292999268
EarlyStopping counter: 2 out of 20
====================================================================================================
Epoch:42
Valid RMSE: 3.6438090801239014
EarlyStopping counter: 3 out of 20
====================================================================================================
Epoch:43
Valid RMSE: 3.5583598613739014
====================================================================================================
Epoch:44
Valid RMSE: 3.59985089302063
EarlyStopping counter: 1 out of 20
====================================================================================================
Epoch:45
Valid RMSE: 3.6067543029785156
EarlyStopping counter: 2 out of 20
====================================================================================================
Epoch:46
Valid RMSE: 3.5641276836395264
EarlyStopping counter: 3 out of 20
====================================================================================================
Epoch:47
Valid RMSE: 3.580676555633545
EarlyStopping counter: 4 out of 20
====================================================================================================
Epoch:48
Valid RMSE: 3.5905184745788574
EarlyStopping counter: 5 out of 20
====================================================================================================
Epoch:49
Valid RMSE: 3.561890125274658
EarlyStopping counter: 6 out of 20
====================================================================================================
Epoch:50
Valid RMSE: 3.558570384979248
EarlyStopping counter: 7 out of 20
====================================================================================================
Epoch:51
Valid RMSE: 3.5751025676727295
EarlyStopping counter: 8 out of 20
====================================================================================================
Epoch:52
Valid RMSE: 3.5533664226531982
====================================================================================================
Epoch:53
Valid RMSE: 3.63726544380188
EarlyStopping counter: 1 out of 20
====================================================================================================
Epoch:54
Valid RMSE: 3.5216760635375977
====================================================================================================
Epoch:55
Valid RMSE: 3.530829429626465
EarlyStopping counter: 1 out of 20
====================================================================================================
Epoch:56
Valid RMSE: 3.5582668781280518
EarlyStopping counter: 2 out of 20
====================================================================================================
Epoch:57
Valid RMSE: 3.5274767875671387
EarlyStopping counter: 3 out of 20
====================================================================================================
Epoch:58
Valid RMSE: 3.5328361988067627
EarlyStopping counter: 4 out of 20
====================================================================================================
Epoch:59
Valid RMSE: 3.5005483627319336
====================================================================================================
Epoch:60
Valid RMSE: 3.5494744777679443
EarlyStopping counter: 1 out of 20
====================================================================================================
Epoch:61
Valid RMSE: 3.5143165588378906
EarlyStopping counter: 2 out of 20
====================================================================================================
Epoch:62
Valid RMSE: 3.5277211666107178
EarlyStopping counter: 3 out of 20
====================================================================================================
Epoch:63
Valid RMSE: 3.551565170288086
EarlyStopping counter: 4 out of 20
====================================================================================================
Epoch:64
Valid RMSE: 3.494922637939453
====================================================================================================
Epoch:65
Valid RMSE: 3.549241304397583
EarlyStopping counter: 1 out of 20
====================================================================================================
Epoch:66
Valid RMSE: 3.474810838699341
====================================================================================================
Epoch:67
Valid RMSE: 3.5660793781280518
EarlyStopping counter: 1 out of 20
====================================================================================================
Epoch:68
Valid RMSE: 3.5023746490478516
EarlyStopping counter: 2 out of 20
====================================================================================================
Epoch:69
Valid RMSE: 3.453658103942871
====================================================================================================
Epoch:70
Valid RMSE: 3.528548240661621
EarlyStopping counter: 1 out of 20
====================================================================================================
Epoch:71
Valid RMSE: 3.5390501022338867
EarlyStopping counter: 2 out of 20
====================================================================================================
Epoch:72
Valid RMSE: 3.488135814666748
EarlyStopping counter: 3 out of 20
====================================================================================================
Epoch:73
Valid RMSE: 3.5190913677215576
EarlyStopping counter: 4 out of 20
====================================================================================================
Epoch:74
Valid RMSE: 3.5270278453826904
EarlyStopping counter: 5 out of 20
====================================================================================================
Epoch:75
Valid RMSE: 3.447925329208374
====================================================================================================
Epoch:76
Valid RMSE: 3.506303310394287
EarlyStopping counter: 1 out of 20
====================================================================================================
Epoch:77
Valid RMSE: 3.462430477142334
EarlyStopping counter: 2 out of 20
====================================================================================================
Epoch:78
Valid RMSE: 3.5255534648895264
EarlyStopping counter: 3 out of 20
====================================================================================================
Epoch:79
Valid RMSE: 3.5124495029449463
EarlyStopping counter: 4 out of 20
====================================================================================================
Epoch:80
Valid RMSE: 3.500706672668457
EarlyStopping counter: 5 out of 20
====================================================================================================
Epoch:81
Valid RMSE: 3.4909555912017822
EarlyStopping counter: 6 out of 20
====================================================================================================
Epoch:82
Valid RMSE: 3.463716745376587
EarlyStopping counter: 7 out of 20
====================================================================================================
Epoch:83
Valid RMSE: 3.434539556503296
====================================================================================================
Epoch:84
Valid RMSE: 3.5136518478393555
EarlyStopping counter: 1 out of 20
====================================================================================================
Epoch:85
Valid RMSE: 3.4711217880249023
EarlyStopping counter: 2 out of 20
====================================================================================================
Epoch:86
Valid RMSE: 3.4496917724609375
EarlyStopping counter: 3 out of 20
====================================================================================================
Epoch:87
Valid RMSE: 3.46954345703125
EarlyStopping counter: 4 out of 20
====================================================================================================
Epoch:88
Valid RMSE: 3.452824831008911
EarlyStopping counter: 5 out of 20
====================================================================================================
Epoch:89
Valid RMSE: 3.469501256942749
EarlyStopping counter: 6 out of 20
====================================================================================================
Epoch:90
Valid RMSE: 3.5213632583618164
EarlyStopping counter: 7 out of 20
====================================================================================================
Epoch:91
Valid RMSE: 3.4279439449310303
====================================================================================================
Epoch:92
Valid RMSE: 3.4506523609161377
EarlyStopping counter: 1 out of 20
====================================================================================================
Epoch:93
Valid RMSE: 3.4405908584594727
EarlyStopping counter: 2 out of 20
====================================================================================================
Epoch:94
Valid RMSE: 3.4234156608581543
====================================================================================================
Epoch:95
Valid RMSE: 3.436091184616089
EarlyStopping counter: 1 out of 20
====================================================================================================
Epoch:96
Valid RMSE: 3.447449207305908
EarlyStopping counter: 2 out of 20
====================================================================================================
Epoch:97
Valid RMSE: 3.4081623554229736
====================================================================================================
Epoch:98
Valid RMSE: 3.4280154705047607
EarlyStopping counter: 1 out of 20
====================================================================================================
Epoch:99
Valid RMSE: 3.418443441390991
EarlyStopping counter: 2 out of 20
====================================================================================================
Epoch:100
Valid RMSE: 3.43369197845459
EarlyStopping counter: 3 out of 20
====================================================================================================
Epoch:101
Valid RMSE: 3.4631731510162354
EarlyStopping counter: 4 out of 20
====================================================================================================
Epoch:102
Valid RMSE: 3.421875238418579
EarlyStopping counter: 5 out of 20
====================================================================================================
Epoch:103
Valid RMSE: 3.439025402069092
EarlyStopping counter: 6 out of 20
====================================================================================================
Epoch:104
Valid RMSE: 3.399284839630127
====================================================================================================
Epoch:105
Valid RMSE: 3.419426918029785
EarlyStopping counter: 1 out of 20
====================================================================================================
Epoch:106
Valid RMSE: 3.404118299484253
EarlyStopping counter: 2 out of 20
====================================================================================================
Epoch:107
Valid RMSE: 3.408283233642578
EarlyStopping counter: 3 out of 20
====================================================================================================
Epoch:108
Valid RMSE: 3.4671499729156494
EarlyStopping counter: 4 out of 20
====================================================================================================
Epoch:109
Valid RMSE: 3.4263548851013184
EarlyStopping counter: 5 out of 20
====================================================================================================
Epoch:110
Valid RMSE: 3.4669790267944336
EarlyStopping counter: 6 out of 20
====================================================================================================
Epoch:111
Valid RMSE: 3.4324240684509277
EarlyStopping counter: 7 out of 20
====================================================================================================
Epoch:112
Valid RMSE: 3.467524528503418
EarlyStopping counter: 8 out of 20
====================================================================================================
Epoch:113
Valid RMSE: 3.4537360668182373
EarlyStopping counter: 9 out of 20
====================================================================================================
Epoch:114
Valid RMSE: 3.4257113933563232
EarlyStopping counter: 10 out of 20
====================================================================================================
Epoch:115
Valid RMSE: 3.3980042934417725
====================================================================================================
Epoch:116
Valid RMSE: 3.4245026111602783
EarlyStopping counter: 1 out of 20
====================================================================================================
Epoch:117
Valid RMSE: 3.445143699645996
EarlyStopping counter: 2 out of 20
====================================================================================================
Epoch:118
Valid RMSE: 3.437268018722534
EarlyStopping counter: 3 out of 20
====================================================================================================
Epoch:119
Valid RMSE: 3.4382543563842773
EarlyStopping counter: 4 out of 20
====================================================================================================
Epoch:120
Valid RMSE: 3.4041519165039062
EarlyStopping counter: 5 out of 20
====================================================================================================
Epoch:121
Valid RMSE: 3.383328437805176
====================================================================================================
Epoch:122
Valid RMSE: 3.3917770385742188
EarlyStopping counter: 1 out of 20
====================================================================================================
Epoch:123
Valid RMSE: 3.40807843208313
EarlyStopping counter: 2 out of 20
====================================================================================================
Epoch:124
Valid RMSE: 3.4583468437194824
EarlyStopping counter: 3 out of 20
====================================================================================================
Epoch:125
Valid RMSE: 3.4882161617279053
EarlyStopping counter: 4 out of 20
====================================================================================================
Epoch:126
Valid RMSE: 3.402491807937622
EarlyStopping counter: 5 out of 20
====================================================================================================
Epoch:127
Valid RMSE: 3.397980213165283
EarlyStopping counter: 6 out of 20
====================================================================================================
Epoch:128
Valid RMSE: 3.386054754257202
EarlyStopping counter: 7 out of 20
====================================================================================================
Epoch:129
Valid RMSE: 3.4375979900360107
EarlyStopping counter: 8 out of 20
====================================================================================================
Epoch:130
Valid RMSE: 3.3866336345672607
EarlyStopping counter: 9 out of 20
====================================================================================================
Epoch:131
Valid RMSE: 3.4195289611816406
EarlyStopping counter: 10 out of 20
====================================================================================================
Epoch:132
Valid RMSE: 3.4446566104888916
EarlyStopping counter: 11 out of 20
====================================================================================================
Epoch:133
Valid RMSE: 3.387037992477417
EarlyStopping counter: 12 out of 20
====================================================================================================
Epoch:134
Valid RMSE: 3.3909473419189453
EarlyStopping counter: 13 out of 20
====================================================================================================
Epoch:135
Valid RMSE: 3.433192491531372
EarlyStopping counter: 14 out of 20
====================================================================================================
Epoch:136
Valid RMSE: 3.4472179412841797
EarlyStopping counter: 15 out of 20
====================================================================================================
Epoch:137
Valid RMSE: 3.410846710205078
EarlyStopping counter: 16 out of 20
====================================================================================================
Epoch:138
Valid RMSE: 3.429947853088379
EarlyStopping counter: 17 out of 20
====================================================================================================
Epoch:139
Valid RMSE: 3.384430170059204
EarlyStopping counter: 18 out of 20
====================================================================================================
Epoch:140
Valid RMSE: 3.4195024967193604
EarlyStopping counter: 19 out of 20
====================================================================================================
Epoch:141
Valid RMSE: 3.457785129547119
EarlyStopping counter: 20 out of 20
Early stopping
torch.Size([1728, 1, 627, 6])
torch.Size([1728, 1, 627, 6])
torch.Size([1728, 1, 627, 6])
==================================================  Testing  ==================================================
predict shape:  (576, 627, 6)
MAE: 2.275 RMSE: 3.511 MAPE: 9.750
Spend Time: 1428.6715097427368
