torch.Size([1728, 1, 627, 6])
torch.Size([1728, 1, 627, 6])
torch.Size([1728, 1, 627, 6])
==================================================  Training  ==================================================
Epoch:0
Valid RMSE: 7.850968360900879
====================================================================================================
Epoch:1
Valid RMSE: 5.786736011505127
====================================================================================================
Epoch:2
Valid RMSE: 4.854295253753662
====================================================================================================
Epoch:3
Valid RMSE: 4.329139709472656
====================================================================================================
Epoch:4
Valid RMSE: 4.199548721313477
====================================================================================================
Epoch:5
Valid RMSE: 4.122644424438477
====================================================================================================
Epoch:6
Valid RMSE: 4.1476874351501465
EarlyStopping counter: 1 out of 20
====================================================================================================
Epoch:7
Valid RMSE: 4.11244010925293
====================================================================================================
Epoch:8
Valid RMSE: 4.118252754211426
EarlyStopping counter: 1 out of 20
====================================================================================================
Epoch:9
Valid RMSE: 4.1259284019470215
EarlyStopping counter: 2 out of 20
====================================================================================================
Epoch:10
Valid RMSE: 4.020751476287842
====================================================================================================
Epoch:11
Valid RMSE: 4.171580791473389
EarlyStopping counter: 1 out of 20
====================================================================================================
Epoch:12
Valid RMSE: 4.0326313972473145
EarlyStopping counter: 2 out of 20
====================================================================================================
Epoch:13
Valid RMSE: 4.011447429656982
====================================================================================================
Epoch:14
Valid RMSE: 4.006643295288086
====================================================================================================
Epoch:15
Valid RMSE: 3.958207130432129
====================================================================================================
Epoch:16
Valid RMSE: 3.9979727268218994
EarlyStopping counter: 1 out of 20
====================================================================================================
Epoch:17
Valid RMSE: 4.046954154968262
EarlyStopping counter: 2 out of 20
====================================================================================================
Epoch:18
Valid RMSE: 3.9819729328155518
EarlyStopping counter: 3 out of 20
====================================================================================================
Epoch:19
Valid RMSE: 3.943235158920288
====================================================================================================
Epoch:20
Valid RMSE: 3.9871206283569336
EarlyStopping counter: 1 out of 20
====================================================================================================
Epoch:21
Valid RMSE: 3.892178773880005
====================================================================================================
Epoch:22
Valid RMSE: 3.8542943000793457
====================================================================================================
Epoch:23
Valid RMSE: 3.89673113822937
EarlyStopping counter: 1 out of 20
====================================================================================================
Epoch:24
Valid RMSE: 3.88649845123291
EarlyStopping counter: 2 out of 20
====================================================================================================
Epoch:25
Valid RMSE: 3.828597068786621
====================================================================================================
Epoch:26
Valid RMSE: 3.829564332962036
EarlyStopping counter: 1 out of 20
====================================================================================================
Epoch:27
Valid RMSE: 3.9439773559570312
EarlyStopping counter: 2 out of 20
====================================================================================================
Epoch:28
Valid RMSE: 3.8264341354370117
====================================================================================================
Epoch:29
Valid RMSE: 3.75295352935791
====================================================================================================
Epoch:30
Valid RMSE: 3.77655029296875
EarlyStopping counter: 1 out of 20
====================================================================================================
Epoch:31
Valid RMSE: 3.763321876525879
EarlyStopping counter: 2 out of 20
====================================================================================================
Epoch:32
Valid RMSE: 3.76162052154541
EarlyStopping counter: 3 out of 20
====================================================================================================
Epoch:33
Valid RMSE: 3.7008183002471924
====================================================================================================
Epoch:34
Valid RMSE: 3.7870075702667236
EarlyStopping counter: 1 out of 20
====================================================================================================
Epoch:35
Valid RMSE: 3.7102856636047363
EarlyStopping counter: 2 out of 20
====================================================================================================
Epoch:36
Valid RMSE: 3.6670045852661133
====================================================================================================
Epoch:37
Valid RMSE: 3.6566407680511475
====================================================================================================
Epoch:38
Valid RMSE: 3.729609489440918
EarlyStopping counter: 1 out of 20
====================================================================================================
Epoch:39
Valid RMSE: 3.632431983947754
====================================================================================================
Epoch:40
Valid RMSE: 3.6852400302886963
EarlyStopping counter: 1 out of 20
====================================================================================================
Epoch:41
Valid RMSE: 3.6151134967803955
====================================================================================================
Epoch:42
Valid RMSE: 3.6395230293273926
EarlyStopping counter: 1 out of 20
====================================================================================================
Epoch:43
Valid RMSE: 3.6210827827453613
EarlyStopping counter: 2 out of 20
====================================================================================================
Epoch:44
Valid RMSE: 3.6068203449249268
====================================================================================================
Epoch:45
Valid RMSE: 3.6275548934936523
EarlyStopping counter: 1 out of 20
====================================================================================================
Epoch:46
Valid RMSE: 3.6436309814453125
EarlyStopping counter: 2 out of 20
====================================================================================================
Epoch:47
Valid RMSE: 3.6428184509277344
EarlyStopping counter: 3 out of 20
====================================================================================================
Epoch:48
Valid RMSE: 3.6377384662628174
EarlyStopping counter: 4 out of 20
====================================================================================================
Epoch:49
Valid RMSE: 3.570488929748535
====================================================================================================
Epoch:50
Valid RMSE: 3.6183290481567383
EarlyStopping counter: 1 out of 20
====================================================================================================
Epoch:51
Valid RMSE: 3.620624542236328
EarlyStopping counter: 2 out of 20
====================================================================================================
Epoch:52
Valid RMSE: 3.6141810417175293
EarlyStopping counter: 3 out of 20
====================================================================================================
Epoch:53
Valid RMSE: 3.591360330581665
EarlyStopping counter: 4 out of 20
====================================================================================================
Epoch:54
Valid RMSE: 3.5819621086120605
EarlyStopping counter: 5 out of 20
====================================================================================================
Epoch:55
Valid RMSE: 3.5300631523132324
====================================================================================================
Epoch:56
Valid RMSE: 3.5344743728637695
EarlyStopping counter: 1 out of 20
====================================================================================================
Epoch:57
Valid RMSE: 3.5425310134887695
EarlyStopping counter: 2 out of 20
====================================================================================================
Epoch:58
Valid RMSE: 3.5475528240203857
EarlyStopping counter: 3 out of 20
====================================================================================================
Epoch:59
Valid RMSE: 3.486661195755005
====================================================================================================
Epoch:60
Valid RMSE: 3.50758957862854
EarlyStopping counter: 1 out of 20
====================================================================================================
Epoch:61
Valid RMSE: 3.508225440979004
EarlyStopping counter: 2 out of 20
====================================================================================================
Epoch:62
Valid RMSE: 3.550172805786133
EarlyStopping counter: 3 out of 20
====================================================================================================
Epoch:63
Valid RMSE: 3.5464248657226562
EarlyStopping counter: 4 out of 20
====================================================================================================
Epoch:64
Valid RMSE: 3.5490663051605225
EarlyStopping counter: 5 out of 20
====================================================================================================
Epoch:65
Valid RMSE: 3.5403692722320557
EarlyStopping counter: 6 out of 20
====================================================================================================
Epoch:66
Valid RMSE: 3.5032436847686768
EarlyStopping counter: 7 out of 20
====================================================================================================
Epoch:67
Valid RMSE: 3.539792776107788
EarlyStopping counter: 8 out of 20
====================================================================================================
Epoch:68
Valid RMSE: 3.49301815032959
EarlyStopping counter: 9 out of 20
====================================================================================================
Epoch:69
Valid RMSE: 3.4860455989837646
====================================================================================================
Epoch:70
Valid RMSE: 3.456266164779663
====================================================================================================
Epoch:71
Valid RMSE: 3.5355947017669678
EarlyStopping counter: 1 out of 20
====================================================================================================
Epoch:72
Valid RMSE: 3.4869461059570312
EarlyStopping counter: 2 out of 20
====================================================================================================
Epoch:73
Valid RMSE: 3.44480299949646
====================================================================================================
Epoch:74
Valid RMSE: 3.4777941703796387
EarlyStopping counter: 1 out of 20
====================================================================================================
Epoch:75
Valid RMSE: 3.4732136726379395
EarlyStopping counter: 2 out of 20
====================================================================================================
Epoch:76
Valid RMSE: 3.5262060165405273
EarlyStopping counter: 3 out of 20
====================================================================================================
Epoch:77
Valid RMSE: 3.4945149421691895
EarlyStopping counter: 4 out of 20
====================================================================================================
Epoch:78
Valid RMSE: 3.4642627239227295
EarlyStopping counter: 5 out of 20
====================================================================================================
Epoch:79
Valid RMSE: 3.5167057514190674
EarlyStopping counter: 6 out of 20
====================================================================================================
Epoch:80
Valid RMSE: 3.4608066082000732
EarlyStopping counter: 7 out of 20
====================================================================================================
Epoch:81
Valid RMSE: 3.47589373588562
EarlyStopping counter: 8 out of 20
====================================================================================================
Epoch:82
Valid RMSE: 3.52871036529541
EarlyStopping counter: 9 out of 20
====================================================================================================
Epoch:83
Valid RMSE: 3.4716947078704834
EarlyStopping counter: 10 out of 20
====================================================================================================
Epoch:84
Valid RMSE: 3.495358467102051
EarlyStopping counter: 11 out of 20
====================================================================================================
Epoch:85
Valid RMSE: 3.541764974594116
EarlyStopping counter: 12 out of 20
====================================================================================================
Epoch:86
Valid RMSE: 3.4283528327941895
====================================================================================================
Epoch:87
Valid RMSE: 3.463331937789917
EarlyStopping counter: 1 out of 20
====================================================================================================
Epoch:88
Valid RMSE: 3.453439474105835
EarlyStopping counter: 2 out of 20
====================================================================================================
Epoch:89
Valid RMSE: 3.4954378604888916
EarlyStopping counter: 3 out of 20
====================================================================================================
Epoch:90
Valid RMSE: 3.419241428375244
====================================================================================================
Epoch:91
Valid RMSE: 3.4726836681365967
EarlyStopping counter: 1 out of 20
====================================================================================================
Epoch:92
Valid RMSE: 3.4199442863464355
EarlyStopping counter: 2 out of 20
====================================================================================================
Epoch:93
Valid RMSE: 3.4176571369171143
====================================================================================================
Epoch:94
Valid RMSE: 3.4312832355499268
EarlyStopping counter: 1 out of 20
====================================================================================================
Epoch:95
Valid RMSE: 3.4532103538513184
EarlyStopping counter: 2 out of 20
====================================================================================================
Epoch:96
Valid RMSE: 3.435835599899292
EarlyStopping counter: 3 out of 20
====================================================================================================
Epoch:97
Valid RMSE: 3.436537504196167
EarlyStopping counter: 4 out of 20
====================================================================================================
Epoch:98
Valid RMSE: 3.4282474517822266
EarlyStopping counter: 5 out of 20
====================================================================================================
Epoch:99
Valid RMSE: 3.4228756427764893
EarlyStopping counter: 6 out of 20
====================================================================================================
Epoch:100
Valid RMSE: 3.496800661087036
EarlyStopping counter: 7 out of 20
====================================================================================================
Epoch:101
Valid RMSE: 3.4404377937316895
EarlyStopping counter: 8 out of 20
====================================================================================================
Epoch:102
Valid RMSE: 3.423372745513916
EarlyStopping counter: 9 out of 20
====================================================================================================
Epoch:103
Valid RMSE: 3.4115240573883057
====================================================================================================
Epoch:104
Valid RMSE: 3.42518949508667
EarlyStopping counter: 1 out of 20
====================================================================================================
Epoch:105
Valid RMSE: 3.505563497543335
EarlyStopping counter: 2 out of 20
====================================================================================================
Epoch:106
Valid RMSE: 3.395345687866211
====================================================================================================
Epoch:107
Valid RMSE: 3.457674264907837
EarlyStopping counter: 1 out of 20
====================================================================================================
Epoch:108
Valid RMSE: 3.476841449737549
EarlyStopping counter: 2 out of 20
====================================================================================================
Epoch:109
Valid RMSE: 3.43278431892395
EarlyStopping counter: 3 out of 20
====================================================================================================
Epoch:110
Valid RMSE: 3.4055163860321045
EarlyStopping counter: 4 out of 20
====================================================================================================
Epoch:111
Valid RMSE: 3.4232351779937744
EarlyStopping counter: 5 out of 20
====================================================================================================
Epoch:112
Valid RMSE: 3.4209463596343994
EarlyStopping counter: 6 out of 20
====================================================================================================
Epoch:113
Valid RMSE: 3.395279884338379
====================================================================================================
Epoch:114
Valid RMSE: 3.4145076274871826
EarlyStopping counter: 1 out of 20
====================================================================================================
Epoch:115
Valid RMSE: 3.4480249881744385
EarlyStopping counter: 2 out of 20
====================================================================================================
Epoch:116
Valid RMSE: 3.3897616863250732
====================================================================================================
Epoch:117
Valid RMSE: 3.3871140480041504
====================================================================================================
Epoch:118
Valid RMSE: 3.401576042175293
EarlyStopping counter: 1 out of 20
====================================================================================================
Epoch:119
Valid RMSE: 3.3882365226745605
EarlyStopping counter: 2 out of 20
====================================================================================================
Epoch:120
Valid RMSE: 3.3837063312530518
====================================================================================================
Epoch:121
Valid RMSE: 3.443575620651245
EarlyStopping counter: 1 out of 20
====================================================================================================
Epoch:122
Valid RMSE: 3.4392623901367188
EarlyStopping counter: 2 out of 20
====================================================================================================
Epoch:123
Valid RMSE: 3.419611930847168
EarlyStopping counter: 3 out of 20
====================================================================================================
Epoch:124
Valid RMSE: 3.419412136077881
EarlyStopping counter: 4 out of 20
====================================================================================================
Epoch:125
Valid RMSE: 3.4171671867370605
EarlyStopping counter: 5 out of 20
====================================================================================================
Epoch:126
Valid RMSE: 3.383854389190674
EarlyStopping counter: 6 out of 20
====================================================================================================
Epoch:127
Valid RMSE: 3.397984504699707
EarlyStopping counter: 7 out of 20
====================================================================================================
Epoch:128
Valid RMSE: 3.378194808959961
====================================================================================================
Epoch:129
Valid RMSE: 3.3896360397338867
EarlyStopping counter: 1 out of 20
====================================================================================================
Epoch:130
Valid RMSE: 3.4192421436309814
EarlyStopping counter: 2 out of 20
====================================================================================================
Epoch:131
Valid RMSE: 3.3922646045684814
EarlyStopping counter: 3 out of 20
====================================================================================================
Epoch:132
Valid RMSE: 3.444143533706665
EarlyStopping counter: 4 out of 20
====================================================================================================
Epoch:133
Valid RMSE: 3.468719482421875
EarlyStopping counter: 5 out of 20
====================================================================================================
Epoch:134
Valid RMSE: 3.4055252075195312
EarlyStopping counter: 6 out of 20
====================================================================================================
Epoch:135
Valid RMSE: 3.3722758293151855
====================================================================================================
Epoch:136
Valid RMSE: 3.5004189014434814
EarlyStopping counter: 1 out of 20
====================================================================================================
Epoch:137
Valid RMSE: 3.4416210651397705
EarlyStopping counter: 2 out of 20
====================================================================================================
Epoch:138
Valid RMSE: 3.409867286682129
EarlyStopping counter: 3 out of 20
====================================================================================================
Epoch:139
Valid RMSE: 3.445540428161621
EarlyStopping counter: 4 out of 20
====================================================================================================
Epoch:140
Valid RMSE: 3.4112112522125244
EarlyStopping counter: 5 out of 20
====================================================================================================
Epoch:141
Valid RMSE: 3.4164514541625977
EarlyStopping counter: 6 out of 20
====================================================================================================
Epoch:142
Valid RMSE: 3.426370620727539
EarlyStopping counter: 7 out of 20
====================================================================================================
Epoch:143
Valid RMSE: 3.420351028442383
EarlyStopping counter: 8 out of 20
====================================================================================================
Epoch:144
Valid RMSE: 3.4187607765197754
EarlyStopping counter: 9 out of 20
====================================================================================================
Epoch:145
Valid RMSE: 3.4366886615753174
EarlyStopping counter: 10 out of 20
====================================================================================================
Epoch:146
Valid RMSE: 3.428891181945801
EarlyStopping counter: 11 out of 20
====================================================================================================
Epoch:147
Valid RMSE: 3.4076151847839355
EarlyStopping counter: 12 out of 20
====================================================================================================
Epoch:148
Valid RMSE: 3.377990961074829
EarlyStopping counter: 13 out of 20
====================================================================================================
Epoch:149
Valid RMSE: 3.405194044113159
EarlyStopping counter: 14 out of 20
====================================================================================================
Epoch:150
Valid RMSE: 3.43584942817688
EarlyStopping counter: 15 out of 20
====================================================================================================
Epoch:151
Valid RMSE: 3.476602792739868
EarlyStopping counter: 16 out of 20
====================================================================================================
Epoch:152
Valid RMSE: 3.390071392059326
EarlyStopping counter: 17 out of 20
====================================================================================================
Epoch:153
Valid RMSE: 3.4597744941711426
EarlyStopping counter: 18 out of 20
====================================================================================================
Epoch:154
Valid RMSE: 3.431053638458252
EarlyStopping counter: 19 out of 20
====================================================================================================
Epoch:155
Valid RMSE: 3.4577879905700684
EarlyStopping counter: 20 out of 20
Early stopping
torch.Size([1728, 1, 627, 6])
torch.Size([1728, 1, 627, 6])
torch.Size([1728, 1, 627, 6])
==================================================  Testing  ==================================================
predict shape:  (576, 627, 6)
MAE: 2.265 RMSE: 3.502 MAPE: 9.790
Spend Time: 1568.2353942394257
