torch.Size([1728, 1, 627, 6])
torch.Size([1728, 1, 627, 6])
torch.Size([1728, 1, 627, 6])
==================================================  Training  ==================================================
Epoch:0
Valid RMSE: 7.82819128036499
====================================================================================================
Epoch:1
Valid RMSE: 5.654760360717773
====================================================================================================
Epoch:2
Valid RMSE: 4.524631977081299
====================================================================================================
Epoch:3
Valid RMSE: 4.262988090515137
====================================================================================================
Epoch:4
Valid RMSE: 4.150151252746582
====================================================================================================
Epoch:5
Valid RMSE: 4.129331588745117
====================================================================================================
Epoch:6
Valid RMSE: 4.0765228271484375
====================================================================================================
Epoch:7
Valid RMSE: 4.096150875091553
EarlyStopping counter: 1 out of 20
====================================================================================================
Epoch:8
Valid RMSE: 4.075315475463867
====================================================================================================
Epoch:9
Valid RMSE: 4.0065836906433105
====================================================================================================
Epoch:10
Valid RMSE: 3.9742953777313232
====================================================================================================
Epoch:11
Valid RMSE: 3.9666988849639893
====================================================================================================
Epoch:12
Valid RMSE: 3.932695150375366
====================================================================================================
Epoch:13
Valid RMSE: 3.9707870483398438
EarlyStopping counter: 1 out of 20
====================================================================================================
Epoch:14
Valid RMSE: 3.907705545425415
====================================================================================================
Epoch:15
Valid RMSE: 3.924487590789795
EarlyStopping counter: 1 out of 20
====================================================================================================
Epoch:16
Valid RMSE: 3.858677387237549
====================================================================================================
Epoch:17
Valid RMSE: 3.846004009246826
====================================================================================================
Epoch:18
Valid RMSE: 3.843914031982422
====================================================================================================
Epoch:19
Valid RMSE: 3.813183307647705
====================================================================================================
Epoch:20
Valid RMSE: 3.7824935913085938
====================================================================================================
Epoch:21
Valid RMSE: 3.8374452590942383
EarlyStopping counter: 1 out of 20
====================================================================================================
Epoch:22
Valid RMSE: 3.7727770805358887
====================================================================================================
Epoch:23
Valid RMSE: 3.749100685119629
====================================================================================================
Epoch:24
Valid RMSE: 3.7404675483703613
====================================================================================================
Epoch:25
Valid RMSE: 3.7332894802093506
====================================================================================================
Epoch:26
Valid RMSE: 3.725281238555908
====================================================================================================
Epoch:27
Valid RMSE: 3.6719846725463867
====================================================================================================
Epoch:28
Valid RMSE: 3.690708637237549
EarlyStopping counter: 1 out of 20
====================================================================================================
Epoch:29
Valid RMSE: 3.6420652866363525
====================================================================================================
Epoch:30
Valid RMSE: 3.655060291290283
EarlyStopping counter: 1 out of 20
====================================================================================================
Epoch:31
Valid RMSE: 3.653454303741455
EarlyStopping counter: 2 out of 20
====================================================================================================
Epoch:32
Valid RMSE: 3.65102481842041
EarlyStopping counter: 3 out of 20
====================================================================================================
Epoch:33
Valid RMSE: 3.620962381362915
====================================================================================================
Epoch:34
Valid RMSE: 3.586897611618042
====================================================================================================
Epoch:35
Valid RMSE: 3.549687385559082
====================================================================================================
Epoch:36
Valid RMSE: 3.574629545211792
EarlyStopping counter: 1 out of 20
====================================================================================================
Epoch:37
Valid RMSE: 3.612826108932495
EarlyStopping counter: 2 out of 20
====================================================================================================
Epoch:38
Valid RMSE: 3.525040626525879
====================================================================================================
Epoch:39
Valid RMSE: 3.523238182067871
====================================================================================================
Epoch:40
Valid RMSE: 3.5288426876068115
EarlyStopping counter: 1 out of 20
====================================================================================================
Epoch:41
Valid RMSE: 3.550520181655884
EarlyStopping counter: 2 out of 20
====================================================================================================
Epoch:42
Valid RMSE: 3.5346293449401855
EarlyStopping counter: 3 out of 20
====================================================================================================
Epoch:43
Valid RMSE: 3.5023138523101807
====================================================================================================
Epoch:44
Valid RMSE: 3.5357847213745117
EarlyStopping counter: 1 out of 20
====================================================================================================
Epoch:45
Valid RMSE: 3.5400757789611816
EarlyStopping counter: 2 out of 20
====================================================================================================
Epoch:46
Valid RMSE: 3.515026569366455
EarlyStopping counter: 3 out of 20
====================================================================================================
Epoch:47
Valid RMSE: 3.577955484390259
EarlyStopping counter: 4 out of 20
====================================================================================================
Epoch:48
Valid RMSE: 3.494022846221924
====================================================================================================
Epoch:49
Valid RMSE: 3.491933584213257
====================================================================================================
Epoch:50
Valid RMSE: 3.4830291271209717
====================================================================================================
Epoch:51
Valid RMSE: 3.480715751647949
====================================================================================================
Epoch:52
Valid RMSE: 3.4518656730651855
====================================================================================================
Epoch:53
Valid RMSE: 3.464306592941284
EarlyStopping counter: 1 out of 20
====================================================================================================
Epoch:54
Valid RMSE: 3.534064769744873
EarlyStopping counter: 2 out of 20
====================================================================================================
Epoch:55
Valid RMSE: 3.4849770069122314
EarlyStopping counter: 3 out of 20
====================================================================================================
Epoch:56
Valid RMSE: 3.4738738536834717
EarlyStopping counter: 4 out of 20
====================================================================================================
Epoch:57
Valid RMSE: 3.477694511413574
EarlyStopping counter: 5 out of 20
====================================================================================================
Epoch:58
Valid RMSE: 3.4537861347198486
EarlyStopping counter: 6 out of 20
====================================================================================================
Epoch:59
Valid RMSE: 3.469494342803955
EarlyStopping counter: 7 out of 20
====================================================================================================
Epoch:60
Valid RMSE: 3.5511796474456787
EarlyStopping counter: 8 out of 20
====================================================================================================
Epoch:61
Valid RMSE: 3.4619507789611816
EarlyStopping counter: 9 out of 20
====================================================================================================
Epoch:62
Valid RMSE: 3.415553569793701
====================================================================================================
Epoch:63
Valid RMSE: 3.444000720977783
EarlyStopping counter: 1 out of 20
====================================================================================================
Epoch:64
Valid RMSE: 3.458101272583008
EarlyStopping counter: 2 out of 20
====================================================================================================
Epoch:65
Valid RMSE: 3.42232608795166
EarlyStopping counter: 3 out of 20
====================================================================================================
Epoch:66
Valid RMSE: 3.505549192428589
EarlyStopping counter: 4 out of 20
====================================================================================================
Epoch:67
Valid RMSE: 3.4398131370544434
EarlyStopping counter: 5 out of 20
====================================================================================================
Epoch:68
Valid RMSE: 3.446516990661621
EarlyStopping counter: 6 out of 20
====================================================================================================
Epoch:69
Valid RMSE: 3.407113790512085
====================================================================================================
Epoch:70
Valid RMSE: 3.4282898902893066
EarlyStopping counter: 1 out of 20
====================================================================================================
Epoch:71
Valid RMSE: 3.4401328563690186
EarlyStopping counter: 2 out of 20
====================================================================================================
Epoch:72
Valid RMSE: 3.4104020595550537
EarlyStopping counter: 3 out of 20
====================================================================================================
Epoch:73
Valid RMSE: 3.491739273071289
EarlyStopping counter: 4 out of 20
====================================================================================================
Epoch:74
Valid RMSE: 3.543025493621826
EarlyStopping counter: 5 out of 20
====================================================================================================
Epoch:75
Valid RMSE: 3.4375295639038086
EarlyStopping counter: 6 out of 20
====================================================================================================
Epoch:76
Valid RMSE: 3.427548408508301
EarlyStopping counter: 7 out of 20
====================================================================================================
Epoch:77
Valid RMSE: 3.4564037322998047
EarlyStopping counter: 8 out of 20
====================================================================================================
Epoch:78
Valid RMSE: 3.481487512588501
EarlyStopping counter: 9 out of 20
====================================================================================================
Epoch:79
Valid RMSE: 3.384976863861084
====================================================================================================
Epoch:80
Valid RMSE: 3.420177698135376
EarlyStopping counter: 1 out of 20
====================================================================================================
Epoch:81
Valid RMSE: 3.382194995880127
====================================================================================================
Epoch:82
Valid RMSE: 3.4495797157287598
EarlyStopping counter: 1 out of 20
====================================================================================================
Epoch:83
Valid RMSE: 3.4639599323272705
EarlyStopping counter: 2 out of 20
====================================================================================================
Epoch:84
Valid RMSE: 3.407130241394043
EarlyStopping counter: 3 out of 20
====================================================================================================
Epoch:85
Valid RMSE: 3.394439935684204
EarlyStopping counter: 4 out of 20
====================================================================================================
Epoch:86
Valid RMSE: 3.434947967529297
EarlyStopping counter: 5 out of 20
====================================================================================================
Epoch:87
Valid RMSE: 3.3909096717834473
EarlyStopping counter: 6 out of 20
====================================================================================================
Epoch:88
Valid RMSE: 3.4045464992523193
EarlyStopping counter: 7 out of 20
====================================================================================================
Epoch:89
Valid RMSE: 3.4201483726501465
EarlyStopping counter: 8 out of 20
====================================================================================================
Epoch:90
Valid RMSE: 3.3839786052703857
EarlyStopping counter: 9 out of 20
====================================================================================================
Epoch:91
Valid RMSE: 3.357628345489502
====================================================================================================
Epoch:92
Valid RMSE: 3.449032783508301
EarlyStopping counter: 1 out of 20
====================================================================================================
Epoch:93
Valid RMSE: 3.3666486740112305
EarlyStopping counter: 2 out of 20
====================================================================================================
Epoch:94
Valid RMSE: 3.43831729888916
EarlyStopping counter: 3 out of 20
====================================================================================================
Epoch:95
Valid RMSE: 3.3817217350006104
EarlyStopping counter: 4 out of 20
====================================================================================================
Epoch:96
Valid RMSE: 3.4156417846679688
EarlyStopping counter: 5 out of 20
====================================================================================================
Epoch:97
Valid RMSE: 3.38106369972229
EarlyStopping counter: 6 out of 20
====================================================================================================
Epoch:98
Valid RMSE: 3.3866207599639893
EarlyStopping counter: 7 out of 20
====================================================================================================
Epoch:99
Valid RMSE: 3.3610918521881104
EarlyStopping counter: 8 out of 20
====================================================================================================
Epoch:100
Valid RMSE: 3.3878211975097656
EarlyStopping counter: 9 out of 20
====================================================================================================
Epoch:101
Valid RMSE: 3.3821868896484375
EarlyStopping counter: 10 out of 20
====================================================================================================
Epoch:102
Valid RMSE: 3.345991373062134
====================================================================================================
Epoch:103
Valid RMSE: 3.370532751083374
EarlyStopping counter: 1 out of 20
====================================================================================================
Epoch:104
Valid RMSE: 3.360196113586426
EarlyStopping counter: 2 out of 20
====================================================================================================
Epoch:105
Valid RMSE: 3.35288143157959
EarlyStopping counter: 3 out of 20
====================================================================================================
Epoch:106
Valid RMSE: 3.366713523864746
EarlyStopping counter: 4 out of 20
====================================================================================================
Epoch:107
Valid RMSE: 3.396207809448242
EarlyStopping counter: 5 out of 20
====================================================================================================
Epoch:108
Valid RMSE: 3.3848085403442383
EarlyStopping counter: 6 out of 20
====================================================================================================
Epoch:109
Valid RMSE: 3.3933725357055664
EarlyStopping counter: 7 out of 20
====================================================================================================
Epoch:110
Valid RMSE: 3.353431224822998
EarlyStopping counter: 8 out of 20
====================================================================================================
Epoch:111
Valid RMSE: 3.45721435546875
EarlyStopping counter: 9 out of 20
====================================================================================================
Epoch:112
Valid RMSE: 3.3728561401367188
EarlyStopping counter: 10 out of 20
====================================================================================================
Epoch:113
Valid RMSE: 3.344686269760132
====================================================================================================
Epoch:114
Valid RMSE: 3.354708671569824
EarlyStopping counter: 1 out of 20
====================================================================================================
Epoch:115
Valid RMSE: 3.3402509689331055
====================================================================================================
Epoch:116
Valid RMSE: 3.385624885559082
EarlyStopping counter: 1 out of 20
====================================================================================================
Epoch:117
Valid RMSE: 3.3713955879211426
EarlyStopping counter: 2 out of 20
====================================================================================================
Epoch:118
Valid RMSE: 3.3365836143493652
====================================================================================================
Epoch:119
Valid RMSE: 3.329408645629883
====================================================================================================
Epoch:120
Valid RMSE: 3.358527660369873
EarlyStopping counter: 1 out of 20
====================================================================================================
Epoch:121
Valid RMSE: 3.3502354621887207
EarlyStopping counter: 2 out of 20
====================================================================================================
Epoch:122
Valid RMSE: 3.3300790786743164
EarlyStopping counter: 3 out of 20
====================================================================================================
Epoch:123
Valid RMSE: 3.3726093769073486
EarlyStopping counter: 4 out of 20
====================================================================================================
Epoch:124
Valid RMSE: 3.363025665283203
EarlyStopping counter: 5 out of 20
====================================================================================================
Epoch:125
Valid RMSE: 3.332292079925537
EarlyStopping counter: 6 out of 20
====================================================================================================
Epoch:126
Valid RMSE: 3.366741418838501
EarlyStopping counter: 7 out of 20
====================================================================================================
Epoch:127
Valid RMSE: 3.3876824378967285
EarlyStopping counter: 8 out of 20
====================================================================================================
Epoch:128
Valid RMSE: 3.3631062507629395
EarlyStopping counter: 9 out of 20
====================================================================================================
Epoch:129
Valid RMSE: 3.361053466796875
EarlyStopping counter: 10 out of 20
====================================================================================================
Epoch:130
Valid RMSE: 3.391904830932617
EarlyStopping counter: 11 out of 20
====================================================================================================
Epoch:131
Valid RMSE: 3.347484827041626
EarlyStopping counter: 12 out of 20
====================================================================================================
Epoch:132
Valid RMSE: 3.381244659423828
EarlyStopping counter: 13 out of 20
====================================================================================================
Epoch:133
Valid RMSE: 3.3680219650268555
EarlyStopping counter: 14 out of 20
====================================================================================================
Epoch:134
Valid RMSE: 3.3584330081939697
EarlyStopping counter: 15 out of 20
====================================================================================================
Epoch:135
Valid RMSE: 3.3457577228546143
EarlyStopping counter: 16 out of 20
====================================================================================================
Epoch:136
Valid RMSE: 3.3293685913085938
====================================================================================================
Epoch:137
Valid RMSE: 3.318432569503784
====================================================================================================
Epoch:138
Valid RMSE: 3.3453807830810547
EarlyStopping counter: 1 out of 20
====================================================================================================
Epoch:139
Valid RMSE: 3.35088849067688
EarlyStopping counter: 2 out of 20
====================================================================================================
Epoch:140
Valid RMSE: 3.4054369926452637
EarlyStopping counter: 3 out of 20
====================================================================================================
Epoch:141
Valid RMSE: 3.3892436027526855
EarlyStopping counter: 4 out of 20
====================================================================================================
Epoch:142
Valid RMSE: 3.3773183822631836
EarlyStopping counter: 5 out of 20
====================================================================================================
Epoch:143
Valid RMSE: 3.350940704345703
EarlyStopping counter: 6 out of 20
====================================================================================================
Epoch:144
Valid RMSE: 3.385941505432129
EarlyStopping counter: 7 out of 20
====================================================================================================
Epoch:145
Valid RMSE: 3.3343958854675293
EarlyStopping counter: 8 out of 20
====================================================================================================
Epoch:146
Valid RMSE: 3.36478590965271
EarlyStopping counter: 9 out of 20
====================================================================================================
Epoch:147
Valid RMSE: 3.3378055095672607
EarlyStopping counter: 10 out of 20
====================================================================================================
Epoch:148
Valid RMSE: 3.3790273666381836
EarlyStopping counter: 11 out of 20
====================================================================================================
Epoch:149
Valid RMSE: 3.327207088470459
EarlyStopping counter: 12 out of 20
====================================================================================================
Epoch:150
Valid RMSE: 3.3134641647338867
====================================================================================================
Epoch:151
Valid RMSE: 3.325390577316284
EarlyStopping counter: 1 out of 20
====================================================================================================
Epoch:152
Valid RMSE: 3.3113532066345215
====================================================================================================
Epoch:153
Valid RMSE: 3.3113434314727783
====================================================================================================
Epoch:154
Valid RMSE: 3.309522867202759
====================================================================================================
Epoch:155
Valid RMSE: 3.4064314365386963
EarlyStopping counter: 1 out of 20
====================================================================================================
Epoch:156
Valid RMSE: 3.3444175720214844
EarlyStopping counter: 2 out of 20
====================================================================================================
Epoch:157
Valid RMSE: 3.3784842491149902
EarlyStopping counter: 3 out of 20
====================================================================================================
Epoch:158
Valid RMSE: 3.3189258575439453
EarlyStopping counter: 4 out of 20
====================================================================================================
Epoch:159
Valid RMSE: 3.3779215812683105
EarlyStopping counter: 5 out of 20
====================================================================================================
Epoch:160
Valid RMSE: 3.3137495517730713
EarlyStopping counter: 6 out of 20
====================================================================================================
Epoch:161
Valid RMSE: 3.3508241176605225
EarlyStopping counter: 7 out of 20
====================================================================================================
Epoch:162
Valid RMSE: 3.3388004302978516
EarlyStopping counter: 8 out of 20
====================================================================================================
Epoch:163
Valid RMSE: 3.3417608737945557
EarlyStopping counter: 9 out of 20
====================================================================================================
Epoch:164
Valid RMSE: 3.3651914596557617
EarlyStopping counter: 10 out of 20
====================================================================================================
Epoch:165
Valid RMSE: 3.3459882736206055
EarlyStopping counter: 11 out of 20
====================================================================================================
Epoch:166
Valid RMSE: 3.328723907470703
EarlyStopping counter: 12 out of 20
====================================================================================================
Epoch:167
Valid RMSE: 3.3394157886505127
EarlyStopping counter: 13 out of 20
====================================================================================================
Epoch:168
Valid RMSE: 3.3194706439971924
EarlyStopping counter: 14 out of 20
====================================================================================================
Epoch:169
Valid RMSE: 3.3484811782836914
EarlyStopping counter: 15 out of 20
====================================================================================================
Epoch:170
Valid RMSE: 3.330118417739868
EarlyStopping counter: 16 out of 20
====================================================================================================
Epoch:171
Valid RMSE: 3.2966721057891846
====================================================================================================
Epoch:172
Valid RMSE: 3.30045747756958
EarlyStopping counter: 1 out of 20
====================================================================================================
Epoch:173
Valid RMSE: 3.3467490673065186
EarlyStopping counter: 2 out of 20
====================================================================================================
Epoch:174
Valid RMSE: 3.37794828414917
EarlyStopping counter: 3 out of 20
====================================================================================================
Epoch:175
Valid RMSE: 3.3788001537323
EarlyStopping counter: 4 out of 20
====================================================================================================
Epoch:176
Valid RMSE: 3.3464295864105225
EarlyStopping counter: 5 out of 20
====================================================================================================
Epoch:177
Valid RMSE: 3.379028797149658
EarlyStopping counter: 6 out of 20
====================================================================================================
Epoch:178
Valid RMSE: 3.312108039855957
EarlyStopping counter: 7 out of 20
====================================================================================================
Epoch:179
Valid RMSE: 3.301121711730957
EarlyStopping counter: 8 out of 20
====================================================================================================
Epoch:180
Valid RMSE: 3.3272366523742676
EarlyStopping counter: 9 out of 20
====================================================================================================
Epoch:181
Valid RMSE: 3.3470072746276855
EarlyStopping counter: 10 out of 20
====================================================================================================
Epoch:182
Valid RMSE: 3.307851791381836
EarlyStopping counter: 11 out of 20
====================================================================================================
Epoch:183
Valid RMSE: 3.357057809829712
EarlyStopping counter: 12 out of 20
====================================================================================================
Epoch:184
Valid RMSE: 3.339672088623047
EarlyStopping counter: 13 out of 20
====================================================================================================
Epoch:185
Valid RMSE: 3.338827610015869
EarlyStopping counter: 14 out of 20
====================================================================================================
Epoch:186
Valid RMSE: 3.293975591659546
====================================================================================================
Epoch:187
Valid RMSE: 3.3949198722839355
EarlyStopping counter: 1 out of 20
====================================================================================================
Epoch:188
Valid RMSE: 3.3088300228118896
EarlyStopping counter: 2 out of 20
====================================================================================================
Epoch:189
Valid RMSE: 3.293916702270508
====================================================================================================
Epoch:190
Valid RMSE: 3.292346715927124
====================================================================================================
Epoch:191
Valid RMSE: 3.367422342300415
EarlyStopping counter: 1 out of 20
====================================================================================================
Epoch:192
Valid RMSE: 3.346890926361084
EarlyStopping counter: 2 out of 20
====================================================================================================
Epoch:193
Valid RMSE: 3.376105308532715
EarlyStopping counter: 3 out of 20
====================================================================================================
Epoch:194
Valid RMSE: 3.32974910736084
EarlyStopping counter: 4 out of 20
====================================================================================================
Epoch:195
Valid RMSE: 3.3369553089141846
EarlyStopping counter: 5 out of 20
====================================================================================================
Epoch:196
Valid RMSE: 3.3656857013702393
EarlyStopping counter: 6 out of 20
====================================================================================================
Epoch:197
Valid RMSE: 3.3441522121429443
EarlyStopping counter: 7 out of 20
====================================================================================================
Epoch:198
Valid RMSE: 3.297708749771118
EarlyStopping counter: 8 out of 20
====================================================================================================
Epoch:199
Valid RMSE: 3.3148272037506104
EarlyStopping counter: 9 out of 20
====================================================================================================
Epoch:200
Valid RMSE: 3.334798812866211
EarlyStopping counter: 10 out of 20
====================================================================================================
Epoch:201
Valid RMSE: 3.394697666168213
EarlyStopping counter: 11 out of 20
====================================================================================================
Epoch:202
Valid RMSE: 3.362348794937134
EarlyStopping counter: 12 out of 20
====================================================================================================
Epoch:203
Valid RMSE: 3.3609867095947266
EarlyStopping counter: 13 out of 20
====================================================================================================
Epoch:204
Valid RMSE: 3.3162317276000977
EarlyStopping counter: 14 out of 20
====================================================================================================
Epoch:205
Valid RMSE: 3.349163055419922
EarlyStopping counter: 15 out of 20
====================================================================================================
Epoch:206
Valid RMSE: 3.3250010013580322
EarlyStopping counter: 16 out of 20
====================================================================================================
Epoch:207
Valid RMSE: 3.334531784057617
EarlyStopping counter: 17 out of 20
====================================================================================================
Epoch:208
Valid RMSE: 3.3323214054107666
EarlyStopping counter: 18 out of 20
====================================================================================================
Epoch:209
Valid RMSE: 3.377408027648926
EarlyStopping counter: 19 out of 20
====================================================================================================
Epoch:210
Valid RMSE: 3.357532262802124
EarlyStopping counter: 20 out of 20
Early stopping
torch.Size([1728, 1, 627, 6])
torch.Size([1728, 1, 627, 6])
torch.Size([1728, 1, 627, 6])
==================================================  Testing  ==================================================
predict shape:  (576, 627, 6)
MAE: 2.241 RMSE: 3.436 MAPE: 9.536
Spend Time: 1967.8125092983246
