{'data': {'dataset': 'PEMS-BAY', 'miss_mechanism': 'MNAR', 'miss_ratio': 0.5, 'batch_size': 16, 'test_batch_size': 16, 'val_batch_size': 16}, 'model': {'num_nodes': 325, 'hidden_size': 32, 'in_channel': 1, 'seqlen': 12, 'st_block': 3, 'K': 3, 'd_model': 512, 'n_heads': 3}, 'train': {'cuda': 3, 'lr': '1e-3', 'epochs': 150, 'save_model_path': 'save_model/', 'result_path': 'results/'}}
train X: (3024, 325, 2, 12) train M: (3024, 325, 2, 12) train Y: (3024, 325, 2, 12)
valid X: (432, 325, 2, 12) valid M: (432, 325, 2, 12) valid Y: (432, 325, 2, 12)
test X: (864, 325, 2, 12) test M: (864, 325, 2, 12) test Y: (864, 325, 2, 12)
Epoch [0/150] :  loss =  0.07213771265374605 epoch_time: 50.91598987579346
Epoch [1/150] :  loss =  0.026439190581046716 epoch_time: 51.65851378440857
Epoch [2/150] :  loss =  0.021152966271435456 epoch_time: 50.09651732444763
Epoch [3/150] :  loss =  0.018668450060344878 epoch_time: 50.266956090927124
Epoch [4/150] :  loss =  0.017394785035066505 epoch_time: 49.58754229545593
Epoch [5/150] :  loss =  0.015710710651344724 epoch_time: 50.77613067626953
Epoch [6/150] :  loss =  0.014504965562274846 epoch_time: 50.34445309638977
Epoch [7/150] :  loss =  0.014233235777331092 epoch_time: 49.85791826248169
Epoch [8/150] :  loss =  0.013285396105693605 epoch_time: 50.162999629974365
Epoch [9/150] :  loss =  0.013249577133960667 epoch_time: 50.424615144729614
Epoch [10/150] :  loss =  0.012277291703318793 epoch_time: 50.6444296836853
Epoch [11/150] :  loss =  0.011884128029344888 epoch_time: 50.58747363090515
Epoch [12/150] :  loss =  0.011974149920716487 epoch_time: 50.68351769447327
Epoch [13/150] :  loss =  0.011290621722028368 epoch_time: 49.97100806236267
Epoch [14/150] :  loss =  0.011221097624569973 epoch_time: 50.01028752326965
Epoch [15/150] :  loss =  0.010984474916267332 epoch_time: 49.55367970466614
Epoch [16/150] :  loss =  0.011352974140435141 epoch_time: 50.581663846969604
Epoch [17/150] :  loss =  0.010547274156971268 epoch_time: 50.539316177368164
Epoch [18/150] :  loss =  0.010482266276739734 epoch_time: 51.20680046081543
Epoch [19/150] :  loss =  0.010732619165782891 epoch_time: 49.46024131774902
Epoch [20/150] :  loss =  0.01053978573215544 epoch_time: 49.9815776348114
Epoch [21/150] :  loss =  0.01003720901817793 epoch_time: 50.30995059013367
Epoch [22/150] :  loss =  0.009898310721846958 epoch_time: 51.44155931472778
Epoch [23/150] :  loss =  0.009842080569200258 epoch_time: 51.00110721588135
Epoch [24/150] :  loss =  0.009746071788920927 epoch_time: 50.52242112159729
Epoch [25/150] :  loss =  0.009695657102696638 epoch_time: 49.85480332374573
Epoch [26/150] :  loss =  0.009780865263627477 epoch_time: 50.45924258232117
Epoch [27/150] :  loss =  0.009475976563793011 epoch_time: 50.76501226425171
Epoch [28/150] :  loss =  0.009531156793138179 epoch_time: 51.11917686462402
Epoch [29/150] :  loss =  0.009579167405645999 epoch_time: 50.59600114822388
Epoch [30/150] :  loss =  0.009352501225534571 epoch_time: 50.313236951828
Epoch [31/150] :  loss =  0.009180445573908626 epoch_time: 49.92240023612976
Epoch [32/150] :  loss =  0.009177155184150531 epoch_time: 50.57683539390564
Epoch [33/150] :  loss =  0.00917671425711541 epoch_time: 50.243330240249634
Epoch [34/150] :  loss =  0.009011384678718747 epoch_time: 51.529913663864136
Epoch [35/150] :  loss =  0.008928159140937385 epoch_time: 50.645530223846436
Epoch [36/150] :  loss =  0.008953264123567986 epoch_time: 51.25702166557312
Epoch [37/150] :  loss =  0.008807793676005628 epoch_time: 50.16367816925049
Epoch [38/150] :  loss =  0.008674391656227055 epoch_time: 50.32374691963196
Epoch [39/150] :  loss =  0.008937178342233575 epoch_time: 50.39025902748108
Epoch [40/150] :  loss =  0.008836746851484927 epoch_time: 51.73800611495972
Epoch [41/150] :  loss =  0.00864335497171081 epoch_time: 51.86829853057861
Epoch [42/150] :  loss =  0.00869615029829441 epoch_time: 49.8299400806427
Epoch [43/150] :  loss =  0.008486727595073048 epoch_time: 50.53974008560181
Epoch [44/150] :  loss =  0.008497313468189781 epoch_time: 51.00801610946655
Epoch [45/150] :  loss =  0.008441592510001211 epoch_time: 50.02525305747986
Epoch [46/150] :  loss =  0.008383018124809183 epoch_time: 49.751317739486694
Epoch [47/150] :  loss =  0.008337472733011636 epoch_time: 49.75395584106445
Epoch [48/150] :  loss =  0.008316534021918578 epoch_time: 49.73007082939148
Epoch [49/150] :  loss =  0.008368922461553541 epoch_time: 50.082653760910034
Epoch [50/150] :  loss =  0.008172771849092982 epoch_time: 49.91280794143677
Epoch [51/150] :  loss =  0.008039201752691672 epoch_time: 49.990553855895996
Epoch [52/150] :  loss =  0.00859822496456444 epoch_time: 50.31074380874634
Epoch [53/150] :  loss =  0.008476706253729326 epoch_time: 51.184765338897705
Epoch [54/150] :  loss =  0.007932130855917142 epoch_time: 50.1731538772583
Epoch [55/150] :  loss =  0.007985281814678164 epoch_time: 50.49654221534729
Epoch [56/150] :  loss =  0.00795567960591701 epoch_time: 50.14326477050781
Epoch [57/150] :  loss =  0.007912944024182344 epoch_time: 50.73396587371826
Epoch [58/150] :  loss =  0.00805757558170371 epoch_time: 50.10979771614075
Epoch [59/150] :  loss =  0.007952526862186098 epoch_time: 50.7280809879303
Epoch [60/150] :  loss =  0.007962125764972476 epoch_time: 49.88707113265991
Epoch [61/150] :  loss =  0.007903336870075061 epoch_time: 49.90738320350647
Epoch [62/150] :  loss =  0.00778731830644781 epoch_time: 51.00213432312012
Epoch [63/150] :  loss =  0.007745254420177646 epoch_time: 50.37928104400635
Epoch [64/150] :  loss =  0.007747875721188922 epoch_time: 49.92668867111206
Epoch [65/150] :  loss =  0.007770279259790504 epoch_time: 50.332714796066284
Epoch [66/150] :  loss =  0.007680191384953639 epoch_time: 50.638185262680054
Epoch [67/150] :  loss =  0.0076763223482187466 epoch_time: 50.76689672470093
Epoch [68/150] :  loss =  0.00759746947340549 epoch_time: 50.289143085479736
Epoch [69/150] :  loss =  0.007624034304171801 epoch_time: 50.2433295249939
Epoch [70/150] :  loss =  0.007581394131260889 epoch_time: 50.14140725135803
Epoch [71/150] :  loss =  0.007481550292737743 epoch_time: 49.67929267883301
Epoch [72/150] :  loss =  0.00760609576498311 epoch_time: 50.44183921813965
Epoch [73/150] :  loss =  0.007437801651321549 epoch_time: 49.92945456504822
Epoch [74/150] :  loss =  0.007431297915342151 epoch_time: 49.88504958152771
Epoch [75/150] :  loss =  0.007345525959319381 epoch_time: 50.038918256759644
Epoch [76/150] :  loss =  0.007409049572531508 epoch_time: 50.24751877784729
Epoch [77/150] :  loss =  0.007377841174799614 epoch_time: 49.75392031669617
Epoch [78/150] :  loss =  0.007356493090767236 epoch_time: 49.675498962402344
Epoch [79/150] :  loss =  0.007370598397400013 epoch_time: 49.972869634628296
Epoch [80/150] :  loss =  0.007245075070944728 epoch_time: 50.13281798362732
Epoch [81/150] :  loss =  0.007332151127417409 epoch_time: 50.00340962409973
Epoch [82/150] :  loss =  0.007251445083292546 epoch_time: 50.408613443374634
Epoch [83/150] :  loss =  0.007229323836447543 epoch_time: 49.956767320632935
Epoch [84/150] :  loss =  0.007362238023055609 epoch_time: 51.27991533279419
Epoch [85/150] :  loss =  0.00718159370232748 epoch_time: 49.98612976074219
Epoch [86/150] :  loss =  0.007113838541227832 epoch_time: 51.24008560180664
Epoch [87/150] :  loss =  0.007189320651666512 epoch_time: 51.02941823005676
Epoch [88/150] :  loss =  0.007181254619604381 epoch_time: 50.00716423988342
Epoch [89/150] :  loss =  0.007046292952345635 epoch_time: 50.306219816207886
Epoch [90/150] :  loss =  0.007031599089266762 epoch_time: 50.38376426696777
Epoch [91/150] :  loss =  0.007106481442750289 epoch_time: 50.1704044342041
Epoch [92/150] :  loss =  0.007057287804191075 epoch_time: 50.26463985443115
Epoch [93/150] :  loss =  0.007358670619035524 epoch_time: 50.64879131317139
Epoch [94/150] :  loss =  0.006918022995469747 epoch_time: 49.95868897438049
Epoch [95/150] :  loss =  0.006987240956357074 epoch_time: 49.82289147377014
Epoch [96/150] :  loss =  0.00708400960223227 epoch_time: 49.748682498931885
Epoch [97/150] :  loss =  0.006905528182094848 epoch_time: 49.66914749145508
Epoch [98/150] :  loss =  0.0068935369555321 epoch_time: 50.10840559005737
Epoch [99/150] :  loss =  0.006921246904071677 epoch_time: 50.08180856704712
Epoch [100/150] :  loss =  0.006913360466973649 epoch_time: 49.84094715118408
Epoch [101/150] :  loss =  0.006875550640480859 epoch_time: 49.750051736831665
Epoch [102/150] :  loss =  0.0068421378933760536 epoch_time: 49.74122166633606
Epoch [103/150] :  loss =  0.006859658621054478 epoch_time: 49.69837164878845
Epoch [104/150] :  loss =  0.006953773776157981 epoch_time: 49.804856300354004
Epoch [105/150] :  loss =  0.006838246199386145 epoch_time: 49.71418642997742
Epoch [106/150] :  loss =  0.006909977563375991 epoch_time: 49.9360466003418
Epoch [107/150] :  loss =  0.006739937927002314 epoch_time: 49.84743690490723
Epoch [108/150] :  loss =  0.0068570212461054325 epoch_time: 49.866546392440796
Epoch [109/150] :  loss =  0.006773646669610152 epoch_time: 50.12626051902771
Epoch [110/150] :  loss =  0.006908866475833945 epoch_time: 49.95918846130371
Epoch [111/150] :  loss =  0.0066351500541839015 epoch_time: 50.112714529037476
Epoch [112/150] :  loss =  0.00663891025675983 epoch_time: 50.35037851333618
Epoch [113/150] :  loss =  0.00672813204348718 epoch_time: 50.59684443473816
Epoch [114/150] :  loss =  0.0067037805057470765 epoch_time: 49.84258508682251
Epoch [115/150] :  loss =  0.006620048860669451 epoch_time: 50.879213094711304
Epoch [116/150] :  loss =  0.0066772121911444675 epoch_time: 50.819034814834595
Epoch [117/150] :  loss =  0.006679295402059637 epoch_time: 50.68686246871948
Epoch [118/150] :  loss =  0.006600159405183698 epoch_time: 49.70919370651245
Epoch [119/150] :  loss =  0.006590187830466126 epoch_time: 49.50253462791443
Epoch [120/150] :  loss =  0.0067082770863577485 epoch_time: 48.987914085388184
Epoch [121/150] :  loss =  0.006612655295246335 epoch_time: 49.11381793022156
Epoch [122/150] :  loss =  0.006525322070552243 epoch_time: 49.14797234535217
Epoch [123/150] :  loss =  0.006579703148750085 epoch_time: 49.19829201698303
Epoch [124/150] :  loss =  0.006573365040359989 epoch_time: 49.27471423149109
Epoch [125/150] :  loss =  0.006554761073655552 epoch_time: 49.883508920669556
Epoch [126/150] :  loss =  0.006452823474155689 epoch_time: 49.53778886795044
Epoch [127/150] :  loss =  0.006529764846341793 epoch_time: 49.82683348655701
Epoch [128/150] :  loss =  0.006508500719314845 epoch_time: 49.4097797870636
Epoch [129/150] :  loss =  0.006542095111278945 epoch_time: 49.275668144226074
Epoch [130/150] :  loss =  0.0064584000440186294 epoch_time: 51.370686531066895
Epoch [131/150] :  loss =  0.006445319310481113 epoch_time: 51.84112215042114
Epoch [132/150] :  loss =  0.006580986370820375 epoch_time: 49.47036933898926
Epoch [133/150] :  loss =  0.006398654917363452 epoch_time: 49.78120732307434
Epoch [134/150] :  loss =  0.006344420832911969 epoch_time: 49.308642864227295
Epoch [135/150] :  loss =  0.0063810827698381175 epoch_time: 49.41389060020447
Epoch [136/150] :  loss =  0.006423952235352425 epoch_time: 49.477529525756836
Epoch [137/150] :  loss =  0.006341829583068531 epoch_time: 49.37293076515198
Epoch [138/150] :  loss =  0.006508234853821772 epoch_time: 49.398930311203
Epoch [139/150] :  loss =  0.006322981654198239 epoch_time: 49.26740479469299
Epoch [140/150] :  loss =  0.006364995032233536 epoch_time: 50.21301746368408
Epoch [141/150] :  loss =  0.0063341194985523114 epoch_time: 49.39160203933716
Epoch [142/150] :  loss =  0.006376577100208985 epoch_time: 49.24004411697388
Epoch [143/150] :  loss =  0.006417587855288749 epoch_time: 49.31007170677185
Epoch [144/150] :  loss =  0.006259758407299323 epoch_time: 49.24073076248169
Epoch [145/150] :  loss =  0.006309234598779647 epoch_time: 49.33374381065369
Epoch [146/150] :  loss =  0.006284677682237493 epoch_time: 49.41115927696228
Epoch [147/150] :  loss =  0.006241474517438778 epoch_time: 49.93591356277466
Epoch [148/150] :  loss =  0.006293424787049098 epoch_time: 49.47226595878601
Epoch [149/150] :  loss =  0.006284191652580544 epoch_time: 49.69408941268921
Test result: MAE 0.955329887112116 RMSE 1.8824673406345558 MAPE 1.8734742227504948
(864, 325, 1, 12)
(864, 325, 1, 12)
(864, 325, 1, 12)
Spend Time: 7549.341116666794
