{'data': {'dataset': 'PEMS-BAY', 'miss_mechanism': 'MNAR', 'miss_ratio': 0.5, 'batch_size': 16, 'test_batch_size': 16, 'val_batch_size': 16}, 'model': {'num_nodes': 325, 'hidden_size': 32, 'in_channel': 1, 'seqlen': 12, 'st_block': 3, 'K': 3, 'd_model': 512, 'n_heads': 3}, 'train': {'cuda': 3, 'lr': '1e-3', 'epochs': 150, 'save_model_path': 'save_model/', 'result_path': 'results/'}}
train X: (3024, 325, 2, 12) train M: (3024, 325, 2, 12) train Y: (3024, 325, 2, 12)
valid X: (432, 325, 2, 12) valid M: (432, 325, 2, 12) valid Y: (432, 325, 2, 12)
test X: (864, 325, 2, 12) test M: (864, 325, 2, 12) test Y: (864, 325, 2, 12)
Epoch [0/150] :  loss =  0.07345079196488889 epoch_time: 51.18189573287964
Epoch [1/150] :  loss =  0.026925594629670577 epoch_time: 49.68068981170654
Epoch [2/150] :  loss =  0.020573380255391672 epoch_time: 49.817559242248535
Epoch [3/150] :  loss =  0.017287696785633525 epoch_time: 49.95248484611511
Epoch [4/150] :  loss =  0.015432413790631231 epoch_time: 49.88261270523071
Epoch [5/150] :  loss =  0.014804440286877767 epoch_time: 49.419025182724
Epoch [6/150] :  loss =  0.013577436400015675 epoch_time: 49.06975865364075
Epoch [7/150] :  loss =  0.012914562506709623 epoch_time: 49.82438659667969
Epoch [8/150] :  loss =  0.012623762694635877 epoch_time: 50.72729778289795
Epoch [9/150] :  loss =  0.01226907304522616 epoch_time: 49.915048122406006
Epoch [10/150] :  loss =  0.01184060006456637 epoch_time: 49.992953300476074
Epoch [11/150] :  loss =  0.011876885409629534 epoch_time: 49.60820007324219
Epoch [12/150] :  loss =  0.011091143612271894 epoch_time: 49.33210515975952
Epoch [13/150] :  loss =  0.01100663408124573 epoch_time: 49.700345277786255
Epoch [14/150] :  loss =  0.011304406604419151 epoch_time: 49.64571523666382
Epoch [15/150] :  loss =  0.010572369676083326 epoch_time: 49.16712307929993
Epoch [16/150] :  loss =  0.01073614956574544 epoch_time: 49.729618310928345
Epoch [17/150] :  loss =  0.010338996670075826 epoch_time: 49.68258047103882
Epoch [18/150] :  loss =  0.010410122873961295 epoch_time: 49.677051067352295
Epoch [19/150] :  loss =  0.010304694041787158 epoch_time: 50.78333592414856
Epoch [20/150] :  loss =  0.010009912554687136 epoch_time: 49.75979256629944
Epoch [21/150] :  loss =  0.0097279047504777 epoch_time: 49.234864473342896
Epoch [22/150] :  loss =  0.010100755204875318 epoch_time: 49.3713595867157
Epoch [23/150] :  loss =  0.009540153613126783 epoch_time: 49.64443516731262
Epoch [24/150] :  loss =  0.009548052014516932 epoch_time: 50.29704689979553
Epoch [25/150] :  loss =  0.009433120400423095 epoch_time: 49.83563685417175
Epoch [26/150] :  loss =  0.009449997488113622 epoch_time: 49.89724946022034
Epoch [27/150] :  loss =  0.009787320115026973 epoch_time: 49.52325797080994
Epoch [28/150] :  loss =  0.00928922351597557 epoch_time: 50.38082814216614
Epoch [29/150] :  loss =  0.00910777912016899 epoch_time: 49.79021382331848
Epoch [30/150] :  loss =  0.009299081560500242 epoch_time: 49.83224368095398
Epoch [31/150] :  loss =  0.009090697466735803 epoch_time: 49.82814431190491
Epoch [32/150] :  loss =  0.008957893944902238 epoch_time: 49.687960386276245
Epoch [33/150] :  loss =  0.008863833511159533 epoch_time: 50.00614953041077
Epoch [34/150] :  loss =  0.008820086131217304 epoch_time: 49.44361400604248
Epoch [35/150] :  loss =  0.008878774876908335 epoch_time: 49.86931014060974
Epoch [36/150] :  loss =  0.008889260763430563 epoch_time: 49.781736612319946
Epoch [37/150] :  loss =  0.008758168689729203 epoch_time: 49.79397654533386
Epoch [38/150] :  loss =  0.008539447570761676 epoch_time: 50.2329740524292
Epoch [39/150] :  loss =  0.008544756927424006 epoch_time: 49.895811557769775
Epoch [40/150] :  loss =  0.008529348801525812 epoch_time: 50.025381088256836
Epoch [41/150] :  loss =  0.008435069593211646 epoch_time: 49.843870878219604
Epoch [42/150] :  loss =  0.008311471017323947 epoch_time: 49.974913120269775
Epoch [43/150] :  loss =  0.008680158738224279 epoch_time: 50.41171050071716
Epoch [44/150] :  loss =  0.008325187617508823 epoch_time: 51.96349763870239
Epoch [45/150] :  loss =  0.008181326940074247 epoch_time: 50.30660581588745
Epoch [46/150] :  loss =  0.008376928199102324 epoch_time: 49.8391592502594
Epoch [47/150] :  loss =  0.008185957023804938 epoch_time: 49.8230459690094
Epoch [48/150] :  loss =  0.00806807319845551 epoch_time: 50.31999659538269
Epoch [49/150] :  loss =  0.008124460749544952 epoch_time: 50.2446653842926
Epoch [50/150] :  loss =  0.008051110778950037 epoch_time: 50.60792875289917
Epoch [51/150] :  loss =  0.007908241618818864 epoch_time: 50.1292769908905
Epoch [52/150] :  loss =  0.007941218339419239 epoch_time: 50.08804154396057
Epoch [53/150] :  loss =  0.007958816494989805 epoch_time: 51.81240153312683
Epoch [54/150] :  loss =  0.007904072563168864 epoch_time: 52.80914640426636
Epoch [55/150] :  loss =  0.0078006320110665115 epoch_time: 50.27449059486389
Epoch [56/150] :  loss =  0.00785525672127882 epoch_time: 50.318193197250366
Epoch [57/150] :  loss =  0.007865018571022326 epoch_time: 50.82249450683594
Epoch [58/150] :  loss =  0.007697824938173489 epoch_time: 50.06692314147949
Epoch [59/150] :  loss =  0.007750001398442441 epoch_time: 50.59471940994263
Epoch [60/150] :  loss =  0.007666896277220634 epoch_time: 51.02930688858032
Epoch [61/150] :  loss =  0.007604961401768147 epoch_time: 49.51198053359985
Epoch [62/150] :  loss =  0.0076109425475200014 epoch_time: 50.1189968585968
Epoch [63/150] :  loss =  0.00771486367931757 epoch_time: 49.90787625312805
Epoch [64/150] :  loss =  0.007633070377682252 epoch_time: 49.66348576545715
Epoch [65/150] :  loss =  0.007429225072166119 epoch_time: 50.33428883552551
Epoch [66/150] :  loss =  0.007422826122295447 epoch_time: 49.88169741630554
Epoch [67/150] :  loss =  0.007457849838174682 epoch_time: 50.30249547958374
Epoch [68/150] :  loss =  0.007395727633838616 epoch_time: 50.41106557846069
Epoch [69/150] :  loss =  0.007408784379660294 epoch_time: 51.110421895980835
Epoch [70/150] :  loss =  0.0074642119589187796 epoch_time: 49.584638833999634
Epoch [71/150] :  loss =  0.007302825501750386 epoch_time: 50.02372598648071
Epoch [72/150] :  loss =  0.00733200596182277 epoch_time: 50.41933846473694
Epoch [73/150] :  loss =  0.007249094962226177 epoch_time: 50.72970008850098
Epoch [74/150] :  loss =  0.007342425648063895 epoch_time: 49.77121067047119
Epoch [75/150] :  loss =  0.007217262972579904 epoch_time: 50.55269527435303
Epoch [76/150] :  loss =  0.007191167636799119 epoch_time: 49.60012674331665
Epoch [77/150] :  loss =  0.007190596169383123 epoch_time: 49.820990562438965
Epoch [78/150] :  loss =  0.007194672368723091 epoch_time: 49.7431697845459
Epoch [79/150] :  loss =  0.007126658829668212 epoch_time: 50.02435302734375
Epoch [80/150] :  loss =  0.007212356816996973 epoch_time: 49.87883162498474
Epoch [81/150] :  loss =  0.007208280891140617 epoch_time: 51.071385622024536
Epoch [82/150] :  loss =  0.007119007041510293 epoch_time: 49.96350145339966
Epoch [83/150] :  loss =  0.007006688289856785 epoch_time: 50.15551543235779
Epoch [84/150] :  loss =  0.007060560705780825 epoch_time: 50.07155728340149
Epoch [85/150] :  loss =  0.00696294257299058 epoch_time: 50.43920421600342
Epoch [86/150] :  loss =  0.007059300971271658 epoch_time: 50.04069232940674
Epoch [87/150] :  loss =  0.006971720729279455 epoch_time: 49.75202560424805
Epoch [88/150] :  loss =  0.006932301008236156 epoch_time: 49.900346994400024
Epoch [89/150] :  loss =  0.007014081029901429 epoch_time: 50.17853903770447
Epoch [90/150] :  loss =  0.006956012993459664 epoch_time: 50.51341104507446
Epoch [91/150] :  loss =  0.006828269773414211 epoch_time: 49.72345495223999
Epoch [92/150] :  loss =  0.006838971697207954 epoch_time: 50.35391163825989
Epoch [93/150] :  loss =  0.006899211486732519 epoch_time: 50.14089393615723
Epoch [94/150] :  loss =  0.006821315272381066 epoch_time: 50.771042823791504
Epoch [95/150] :  loss =  0.006762740081521096 epoch_time: 50.807276248931885
Epoch [96/150] :  loss =  0.006760033978415387 epoch_time: 49.87120079994202
Epoch [97/150] :  loss =  0.006816694296147457 epoch_time: 49.82925200462341
Epoch [98/150] :  loss =  0.0067459179369348385 epoch_time: 50.49907159805298
Epoch [99/150] :  loss =  0.006738289407203122 epoch_time: 50.574066400527954
Epoch [100/150] :  loss =  0.0066862851504492695 epoch_time: 50.476051568984985
Epoch [101/150] :  loss =  0.006770627484435127 epoch_time: 49.947373151779175
Epoch [102/150] :  loss =  0.006621985341466609 epoch_time: 49.84726142883301
Epoch [103/150] :  loss =  0.006649060660194626 epoch_time: 50.00908637046814
Epoch [104/150] :  loss =  0.006673434488081112 epoch_time: 51.730977058410645
Epoch [105/150] :  loss =  0.00673985592873087 epoch_time: 49.61306071281433
Epoch [106/150] :  loss =  0.00664200638445518 epoch_time: 49.81668448448181
Epoch [107/150] :  loss =  0.006576608693986027 epoch_time: 49.77802014350891
Epoch [108/150] :  loss =  0.006590004892103256 epoch_time: 49.74493741989136
Epoch [109/150] :  loss =  0.006661559526547395 epoch_time: 49.61583614349365
Epoch [110/150] :  loss =  0.006473640327356638 epoch_time: 49.962732553482056
Epoch [111/150] :  loss =  0.006576878361147705 epoch_time: 49.74168586730957
Epoch [112/150] :  loss =  0.006591734882917196 epoch_time: 49.53106927871704
Epoch [113/150] :  loss =  0.006447919338902153 epoch_time: 49.6846444606781
Epoch [114/150] :  loss =  0.006592105431038709 epoch_time: 49.54134559631348
Epoch [115/150] :  loss =  0.00653841406373041 epoch_time: 50.22686171531677
Epoch [116/150] :  loss =  0.006421906420241588 epoch_time: 49.40425395965576
Epoch [117/150] :  loss =  0.006466510793115333 epoch_time: 49.623645067214966
Epoch [118/150] :  loss =  0.0064126065927286625 epoch_time: 49.71252942085266
Epoch [119/150] :  loss =  0.00639281106284923 epoch_time: 49.9241361618042
Epoch [120/150] :  loss =  0.006509695491610617 epoch_time: 49.70191311836243
Epoch [121/150] :  loss =  0.00631970893985853 epoch_time: 49.49648094177246
Epoch [122/150] :  loss =  0.006426391965418896 epoch_time: 51.08559226989746
Epoch [123/150] :  loss =  0.006324576450482247 epoch_time: 49.687296628952026
Epoch [124/150] :  loss =  0.006370395690537792 epoch_time: 49.743985414505005
Epoch [125/150] :  loss =  0.006295366091998639 epoch_time: 49.55046582221985
Epoch [126/150] :  loss =  0.006294620637264516 epoch_time: 49.49203896522522
Epoch [127/150] :  loss =  0.006413741658131282 epoch_time: 49.77904558181763
Epoch [128/150] :  loss =  0.006175898831022322 epoch_time: 51.34098553657532
Epoch [129/150] :  loss =  0.006253948363736666 epoch_time: 49.33910322189331
Epoch [130/150] :  loss =  0.0062392233185982575 epoch_time: 49.64936637878418
Epoch [131/150] :  loss =  0.006283227036455794 epoch_time: 50.949182987213135
Epoch [132/150] :  loss =  0.0063614364880969915 epoch_time: 50.21662735939026
Epoch [133/150] :  loss =  0.00633613536351178 epoch_time: 49.48232293128967
Epoch [134/150] :  loss =  0.006189602225151642 epoch_time: 49.451948404312134
Epoch [135/150] :  loss =  0.006215019235338168 epoch_time: 49.36479616165161
Epoch [136/150] :  loss =  0.006150881663733531 epoch_time: 49.47709536552429
Epoch [137/150] :  loss =  0.006242890085867315 epoch_time: 49.32440662384033
Epoch [138/150] :  loss =  0.006130533795508128 epoch_time: 49.489644289016724
Epoch [139/150] :  loss =  0.006065748018463926 epoch_time: 49.71569085121155
Epoch [140/150] :  loss =  0.006205095884897722 epoch_time: 49.094258546829224
Epoch [141/150] :  loss =  0.006107384720866485 epoch_time: 49.34505009651184
Epoch [142/150] :  loss =  0.006033095091374384 epoch_time: 49.38486909866333
Epoch [143/150] :  loss =  0.006210277396594248 epoch_time: 49.49305582046509
Epoch [144/150] :  loss =  0.0060778131644443545 epoch_time: 50.57982397079468
Epoch [145/150] :  loss =  0.006045526598220464 epoch_time: 49.54014182090759
Epoch [146/150] :  loss =  0.006124707808589967 epoch_time: 49.3848237991333
Epoch [147/150] :  loss =  0.006099390045853046 epoch_time: 49.25729322433472
Epoch [148/150] :  loss =  0.006030762311879289 epoch_time: 49.16660189628601
Epoch [149/150] :  loss =  0.006075846795091238 epoch_time: 50.042102098464966
Test result: MAE 0.9581939851453855 RMSE 1.8921860057589166 MAPE 1.8871834323453087
(864, 325, 1, 12)
(864, 325, 1, 12)
(864, 325, 1, 12)
Spend Time: 7513.038485765457
