{'data': {'dataset': 'Chengdu', 'miss_mechanism': 'MAR', 'miss_ratio': 0.5, 'batch_size': 16, 'test_batch_size': 16, 'val_batch_size': 16}, 'model': {'num_nodes': 524, 'hidden_size': 16, 'in_channel': 1, 'seqlen': 6, 'st_block': 3, 'K': 4, 'd_model': 512, 'n_heads': 4}, 'train': {'cuda': 3, 'lr': '1e-3', 'epochs': 150, 'save_model_path': 'save_model/', 'result_path': 'results/'}}
train X: (1728, 524, 2, 6) train M: (1728, 524, 2, 6) train Y: (1728, 524, 2, 6)
valid X: (576, 524, 2, 6) valid M: (576, 524, 2, 6) valid Y: (576, 524, 2, 6)
test X: (576, 524, 2, 6) test M: (576, 524, 2, 6) test Y: (576, 524, 2, 6)
The input graph is a 0/1 matrix; set "scaling" to False.
Epoch [0/150] :  loss =  0.10594919865468035 epoch_time: 31.19628930091858
Epoch [1/150] :  loss =  0.03564958736576416 epoch_time: 30.837603092193604
Epoch [2/150] :  loss =  0.028813198864184045 epoch_time: 31.097529411315918
Epoch [3/150] :  loss =  0.025831682245350547 epoch_time: 31.020385265350342
Epoch [4/150] :  loss =  0.023850272357877757 epoch_time: 31.24267840385437
Epoch [5/150] :  loss =  0.02228904832844381 epoch_time: 30.96356725692749
Epoch [6/150] :  loss =  0.02162970255853401 epoch_time: 31.123549222946167
Epoch [7/150] :  loss =  0.02035888903601854 epoch_time: 30.851956367492676
Epoch [8/150] :  loss =  0.020130018531172363 epoch_time: 30.792775869369507
Epoch [9/150] :  loss =  0.019717364951416298 epoch_time: 31.28298544883728
Epoch [10/150] :  loss =  0.01938678770912466 epoch_time: 31.15310001373291
Epoch [11/150] :  loss =  0.018639440786231448 epoch_time: 31.403509378433228
Epoch [12/150] :  loss =  0.018118450030063588 epoch_time: 30.90179991722107
Epoch [13/150] :  loss =  0.017878408078104258 epoch_time: 30.97590732574463
Epoch [14/150] :  loss =  0.017498063466822106 epoch_time: 30.894891262054443
Epoch [15/150] :  loss =  0.017908027266255684 epoch_time: 30.899131059646606
Epoch [16/150] :  loss =  0.017070672897346043 epoch_time: 31.100680351257324
Epoch [17/150] :  loss =  0.01698136710803266 epoch_time: 30.914704084396362
Epoch [18/150] :  loss =  0.01726314915275132 epoch_time: 31.35325002670288
Epoch [19/150] :  loss =  0.0165139087130902 epoch_time: 31.73825240135193
Epoch [20/150] :  loss =  0.016548515823497263 epoch_time: 31.372063875198364
Epoch [21/150] :  loss =  0.01622409952149071 epoch_time: 31.302125692367554
Epoch [22/150] :  loss =  0.01630875859754505 epoch_time: 30.954146146774292
Epoch [23/150] :  loss =  0.016067612252232653 epoch_time: 31.27889370918274
Epoch [24/150] :  loss =  0.01579217727434028 epoch_time: 31.741924285888672
Epoch [25/150] :  loss =  0.015912947529512975 epoch_time: 31.20882749557495
Epoch [26/150] :  loss =  0.015695260768687283 epoch_time: 31.37382745742798
Epoch [27/150] :  loss =  0.015849059370035928 epoch_time: 30.954311847686768
Epoch [28/150] :  loss =  0.015661600416664173 epoch_time: 31.559189558029175
Epoch [29/150] :  loss =  0.015566970971930359 epoch_time: 30.93020486831665
Epoch [30/150] :  loss =  0.015148287423437944 epoch_time: 31.17823314666748
Epoch [31/150] :  loss =  0.01480597302455593 epoch_time: 30.820117712020874
Epoch [32/150] :  loss =  0.015147820977425133 epoch_time: 30.930253744125366
Epoch [33/150] :  loss =  0.014844226538790044 epoch_time: 30.91968536376953
Epoch [34/150] :  loss =  0.01502087870095339 epoch_time: 30.79338574409485
Epoch [35/150] :  loss =  0.01467011218752574 epoch_time: 30.869630813598633
Epoch [36/150] :  loss =  0.014699715362102897 epoch_time: 30.947235107421875
Epoch [37/150] :  loss =  0.014736717127056586 epoch_time: 30.848100900650024
Epoch [38/150] :  loss =  0.014418136673393074 epoch_time: 30.867236614227295
Epoch [39/150] :  loss =  0.014546468664236643 epoch_time: 31.114756107330322
Epoch [40/150] :  loss =  0.014376657195734206 epoch_time: 30.928101062774658
Epoch [41/150] :  loss =  0.014301011933841638 epoch_time: 30.90421748161316
Epoch [42/150] :  loss =  0.014362136712642732 epoch_time: 30.710455417633057
Epoch [43/150] :  loss =  0.014371501721648706 epoch_time: 30.596213579177856
Epoch [44/150] :  loss =  0.014057071025793752 epoch_time: 31.124039888381958
Epoch [45/150] :  loss =  0.01405052805353922 epoch_time: 31.317590713500977
Epoch [46/150] :  loss =  0.013880352084352463 epoch_time: 31.113630056381226
Epoch [47/150] :  loss =  0.013821798428479169 epoch_time: 30.808696269989014
Epoch [48/150] :  loss =  0.01386733033211419 epoch_time: 30.908379793167114
Epoch [49/150] :  loss =  0.013829111656243051 epoch_time: 30.814645051956177
Epoch [50/150] :  loss =  0.013884766993147356 epoch_time: 30.961223125457764
Epoch [51/150] :  loss =  0.013957364087993349 epoch_time: 31.226030826568604
Epoch [52/150] :  loss =  0.013466552287961045 epoch_time: 30.913861989974976
Epoch [53/150] :  loss =  0.013596588262805232 epoch_time: 31.110891580581665
Epoch [54/150] :  loss =  0.013335949758550635 epoch_time: 30.89340877532959
Epoch [55/150] :  loss =  0.013690592703857907 epoch_time: 30.794631958007812
Epoch [56/150] :  loss =  0.013465623431666582 epoch_time: 30.85956645011902
Epoch [57/150] :  loss =  0.013258930545783153 epoch_time: 30.80936884880066
Epoch [58/150] :  loss =  0.013323569609956057 epoch_time: 31.249878406524658
Epoch [59/150] :  loss =  0.013358787926672786 epoch_time: 30.808109045028687
Epoch [60/150] :  loss =  0.014164041805391511 epoch_time: 30.963622093200684
Epoch [61/150] :  loss =  0.012928161356184218 epoch_time: 31.072941541671753
Epoch [62/150] :  loss =  0.013038260982958254 epoch_time: 31.00252890586853
Epoch [63/150] :  loss =  0.01333194262244635 epoch_time: 31.00555920600891
Epoch [64/150] :  loss =  0.013062924008678508 epoch_time: 31.10840654373169
Epoch [65/150] :  loss =  0.013165177846396411 epoch_time: 31.081414222717285
Epoch [66/150] :  loss =  0.012898108559764095 epoch_time: 31.145555019378662
Epoch [67/150] :  loss =  0.012829413327078024 epoch_time: 30.97026824951172
Epoch [68/150] :  loss =  0.012912314876707064 epoch_time: 31.132362365722656
Epoch [69/150] :  loss =  0.012958918137613821 epoch_time: 31.046584129333496
Epoch [70/150] :  loss =  0.012683775034491663 epoch_time: 31.156944513320923
Epoch [71/150] :  loss =  0.012570746717284675 epoch_time: 31.207841873168945
Epoch [72/150] :  loss =  0.012666073550159732 epoch_time: 31.02669358253479
Epoch [73/150] :  loss =  0.012580967387529436 epoch_time: 31.462294101715088
Epoch [74/150] :  loss =  0.012686690945109283 epoch_time: 31.189847946166992
Epoch [75/150] :  loss =  0.012682040575546798 epoch_time: 31.16988968849182
Epoch [76/150] :  loss =  0.012496068754612847 epoch_time: 31.349924325942993
Epoch [77/150] :  loss =  0.012594043579021538 epoch_time: 31.16825222969055
Epoch [78/150] :  loss =  0.01242713686251254 epoch_time: 31.11163640022278
Epoch [79/150] :  loss =  0.012290713437660425 epoch_time: 31.57679295539856
Epoch [80/150] :  loss =  0.01238035772823625 epoch_time: 30.988821268081665
Epoch [81/150] :  loss =  0.012260482353330762 epoch_time: 31.138011693954468
Epoch [82/150] :  loss =  0.012306355724663095 epoch_time: 31.057724237442017
Epoch [83/150] :  loss =  0.012317146157362947 epoch_time: 30.8501238822937
Epoch [84/150] :  loss =  0.01218945721026372 epoch_time: 30.72774839401245
Epoch [85/150] :  loss =  0.012069416068563307 epoch_time: 30.70678973197937
Epoch [86/150] :  loss =  0.012117212396804933 epoch_time: 30.702418327331543
Epoch [87/150] :  loss =  0.012404271686035726 epoch_time: 31.19175958633423
Epoch [88/150] :  loss =  0.011892657063004596 epoch_time: 30.694085597991943
Epoch [89/150] :  loss =  0.011999520274844987 epoch_time: 30.90513515472412
Epoch [90/150] :  loss =  0.012074703626610615 epoch_time: 30.485453844070435
Epoch [91/150] :  loss =  0.012082814696003441 epoch_time: 31.271119117736816
Epoch [92/150] :  loss =  0.011824374673543152 epoch_time: 30.507837295532227
Epoch [93/150] :  loss =  0.011863615225862574 epoch_time: 30.22219157218933
Epoch [94/150] :  loss =  0.011856234416848532 epoch_time: 30.795231342315674
Epoch [95/150] :  loss =  0.011624751189999559 epoch_time: 30.271650075912476
Epoch [96/150] :  loss =  0.011596819739443836 epoch_time: 29.88409924507141
Epoch [97/150] :  loss =  0.011595261860983792 epoch_time: 30.428873538970947
Epoch [98/150] :  loss =  0.011633149382692796 epoch_time: 30.56201982498169
Epoch [99/150] :  loss =  0.011730583695073923 epoch_time: 30.627755403518677
Epoch [100/150] :  loss =  0.01161195308452955 epoch_time: 30.63653826713562
Epoch [101/150] :  loss =  0.011695698826332335 epoch_time: 30.46719455718994
Epoch [102/150] :  loss =  0.011402620235458016 epoch_time: 30.438210010528564
Epoch [103/150] :  loss =  0.01167125825304538 epoch_time: 31.357872009277344
Epoch [104/150] :  loss =  0.011656400118092144 epoch_time: 30.601803302764893
Epoch [105/150] :  loss =  0.01165720808354241 epoch_time: 31.342502117156982
Epoch [106/150] :  loss =  0.011350753078996032 epoch_time: 30.370465993881226
Epoch [107/150] :  loss =  0.011222183105052897 epoch_time: 31.230722188949585
Epoch [108/150] :  loss =  0.011140046779204297 epoch_time: 31.346665620803833
Epoch [109/150] :  loss =  0.011307116770357997 epoch_time: 31.40117073059082
Epoch [110/150] :  loss =  0.011075602525293275 epoch_time: 30.63210415840149
Epoch [111/150] :  loss =  0.011329296519289966 epoch_time: 30.399482488632202
Epoch [112/150] :  loss =  0.011250893757851035 epoch_time: 33.753276348114014
Epoch [113/150] :  loss =  0.010948226218008332 epoch_time: 31.067152500152588
Epoch [114/150] :  loss =  0.011056855247631945 epoch_time: 30.39869260787964
Epoch [115/150] :  loss =  0.011084727244451642 epoch_time: 30.14608883857727
Epoch [116/150] :  loss =  0.011028154813512056 epoch_time: 30.39101815223694
Epoch [117/150] :  loss =  0.011100400372891239 epoch_time: 31.310226440429688
Epoch [118/150] :  loss =  0.011112111310164133 epoch_time: 30.67906618118286
Epoch [119/150] :  loss =  0.011140846828412678 epoch_time: 30.581178188323975
Epoch [120/150] :  loss =  0.010945896230017146 epoch_time: 30.84990406036377
Epoch [121/150] :  loss =  0.010864796729206486 epoch_time: 30.32784128189087
Epoch [122/150] :  loss =  0.010876006295870023 epoch_time: 30.58285665512085
Epoch [123/150] :  loss =  0.010795870442288342 epoch_time: 30.618826150894165
Epoch [124/150] :  loss =  0.010931384434958023 epoch_time: 30.50967001914978
Epoch [125/150] :  loss =  0.010949508205090684 epoch_time: 30.250943899154663
Epoch [126/150] :  loss =  0.010706154754626806 epoch_time: 30.25651478767395
Epoch [127/150] :  loss =  0.010850302987145606 epoch_time: 30.14088726043701
Epoch [128/150] :  loss =  0.010729629313573241 epoch_time: 30.841445446014404
Epoch [129/150] :  loss =  0.010631552828406846 epoch_time: 30.238340377807617
Epoch [130/150] :  loss =  0.010869001866214804 epoch_time: 29.869384050369263
Epoch [131/150] :  loss =  0.010640759094342313 epoch_time: 30.625580549240112
Epoch [132/150] :  loss =  0.010587394677309526 epoch_time: 30.461112022399902
Epoch [133/150] :  loss =  0.010406108952506824 epoch_time: 30.470881700515747
Epoch [134/150] :  loss =  0.010707918839115236 epoch_time: 30.2157723903656
Epoch [135/150] :  loss =  0.010772335528465057 epoch_time: 30.544875860214233
Epoch [136/150] :  loss =  0.010592935317954808 epoch_time: 30.083456993103027
Epoch [137/150] :  loss =  0.010471098801914465 epoch_time: 29.858585596084595
Epoch [138/150] :  loss =  0.010498814918618236 epoch_time: 29.899049282073975
Epoch [139/150] :  loss =  0.01047002917793752 epoch_time: 30.171820402145386
Epoch [140/150] :  loss =  0.010558200258485697 epoch_time: 30.447025537490845
Epoch [141/150] :  loss =  0.010516590266316026 epoch_time: 30.426129579544067
Epoch [142/150] :  loss =  0.010322268996215253 epoch_time: 30.524558067321777
Epoch [143/150] :  loss =  0.01034635592131289 epoch_time: 30.848495960235596
Epoch [144/150] :  loss =  0.010311333410855796 epoch_time: 30.472227096557617
Epoch [145/150] :  loss =  0.01040609716437757 epoch_time: 30.46250009536743
Epoch [146/150] :  loss =  0.010247550779712145 epoch_time: 30.319622039794922
Epoch [147/150] :  loss =  0.010270689092404037 epoch_time: 30.02560567855835
Epoch [148/150] :  loss =  0.010364916106617009 epoch_time: 30.599079847335815
Epoch [149/150] :  loss =  0.010391386139586015 epoch_time: 30.406536102294922
Test result: MAE 1.8831689357757568 RMSE 2.802414894104004 MAPE 8.014038644148695
(576, 524, 1, 6)
(576, 524, 1, 6)
(576, 524, 1, 6)
Spend Time: 4641.9797921180725
