{'data': {'dataset': 'Chengdu', 'miss_mechanism': 'MAR', 'miss_ratio': 0.5, 'batch_size': 16, 'test_batch_size': 16, 'val_batch_size': 16}, 'model': {'num_nodes': 524, 'hidden_size': 16, 'in_channel': 1, 'seqlen': 6, 'st_block': 3, 'K': 4, 'd_model': 512, 'n_heads': 4}, 'train': {'cuda': 3, 'lr': '1e-3', 'epochs': 150, 'save_model_path': 'save_model/', 'result_path': 'results/'}}
train X: (1728, 524, 2, 6) train M: (1728, 524, 2, 6) train Y: (1728, 524, 2, 6)
valid X: (576, 524, 2, 6) valid M: (576, 524, 2, 6) valid Y: (576, 524, 2, 6)
test X: (576, 524, 2, 6) test M: (576, 524, 2, 6) test Y: (576, 524, 2, 6)
The input graph is a 0/1 matrix; set "scaling" to False.
Epoch [0/150] :  loss =  0.09776108880975733 epoch_time: 36.719136238098145
Epoch [1/150] :  loss =  0.037031039509370374 epoch_time: 36.08742594718933
Epoch [2/150] :  loss =  0.028469351534214284 epoch_time: 36.03774881362915
Epoch [3/150] :  loss =  0.02345607981637672 epoch_time: 36.05549669265747
Epoch [4/150] :  loss =  0.021161742680878552 epoch_time: 36.44226956367493
Epoch [5/150] :  loss =  0.019929414718515344 epoch_time: 36.01960730552673
Epoch [6/150] :  loss =  0.01883827056735754 epoch_time: 35.93500065803528
Epoch [7/150] :  loss =  0.01833065446569688 epoch_time: 35.864171266555786
Epoch [8/150] :  loss =  0.01793599313262988 epoch_time: 36.122265100479126
Epoch [9/150] :  loss =  0.017366185594626046 epoch_time: 36.35600256919861
Epoch [10/150] :  loss =  0.01676435593550128 epoch_time: 36.479599714279175
Epoch [11/150] :  loss =  0.016800109184933482 epoch_time: 35.798370599746704
Epoch [12/150] :  loss =  0.016661262182794786 epoch_time: 36.178959369659424
Epoch [13/150] :  loss =  0.015874656486428447 epoch_time: 35.94216561317444
Epoch [14/150] :  loss =  0.01580640088973774 epoch_time: 36.5356707572937
Epoch [15/150] :  loss =  0.015612767940318142 epoch_time: 36.27293062210083
Epoch [16/150] :  loss =  0.015402557328343391 epoch_time: 35.967623710632324
Epoch [17/150] :  loss =  0.015338805461026452 epoch_time: 36.06578540802002
Epoch [18/150] :  loss =  0.015205164905637503 epoch_time: 36.33389163017273
Epoch [19/150] :  loss =  0.01497066085640755 epoch_time: 36.47557473182678
Epoch [20/150] :  loss =  0.015021869507445782 epoch_time: 35.86110758781433
Epoch [21/150] :  loss =  0.014963697176426649 epoch_time: 35.652416944503784
Epoch [22/150] :  loss =  0.014427274025769697 epoch_time: 36.18143057823181
Epoch [23/150] :  loss =  0.01461984719046288 epoch_time: 36.133949279785156
Epoch [24/150] :  loss =  0.014876255248155858 epoch_time: 36.26451754570007
Epoch [25/150] :  loss =  0.014431165660628013 epoch_time: 35.90129375457764
Epoch [26/150] :  loss =  0.014275687255172266 epoch_time: 35.94670391082764
Epoch [27/150] :  loss =  0.014237990602850914 epoch_time: 35.91166400909424
Epoch [28/150] :  loss =  0.014017702226906462 epoch_time: 36.22165656089783
Epoch [29/150] :  loss =  0.01422974588866863 epoch_time: 36.60097002983093
Epoch [30/150] :  loss =  0.014064220323537787 epoch_time: 35.778136253356934
Epoch [31/150] :  loss =  0.013875960587972292 epoch_time: 35.810160875320435
Epoch [32/150] :  loss =  0.013670917453796224 epoch_time: 35.96604633331299
Epoch [33/150] :  loss =  0.013938885785777259 epoch_time: 36.17417120933533
Epoch [34/150] :  loss =  0.013631280201176802 epoch_time: 36.00416159629822
Epoch [35/150] :  loss =  0.013545689906028134 epoch_time: 35.75071048736572
Epoch [36/150] :  loss =  0.013572888836885491 epoch_time: 35.82945418357849
Epoch [37/150] :  loss =  0.013179275405558723 epoch_time: 35.92169189453125
Epoch [38/150] :  loss =  0.013724634363488466 epoch_time: 36.596519470214844
Epoch [39/150] :  loss =  0.013531558327721778 epoch_time: 35.9449462890625
Epoch [40/150] :  loss =  0.013249888886801071 epoch_time: 35.943949937820435
Epoch [41/150] :  loss =  0.013313924359088694 epoch_time: 35.73276734352112
Epoch [42/150] :  loss =  0.013355518889578956 epoch_time: 35.71491718292236
Epoch [43/150] :  loss =  0.013249543124671888 epoch_time: 36.38197350502014
Epoch [44/150] :  loss =  0.013107373258443895 epoch_time: 36.18973207473755
Epoch [45/150] :  loss =  0.012966166405628124 epoch_time: 35.800599575042725
Epoch [46/150] :  loss =  0.013169969130238449 epoch_time: 35.85145807266235
Epoch [47/150] :  loss =  0.012989661785670452 epoch_time: 36.05716896057129
Epoch [48/150] :  loss =  0.012805179304753741 epoch_time: 36.65254092216492
Epoch [49/150] :  loss =  0.012728189144076573 epoch_time: 36.27863550186157
Epoch [50/150] :  loss =  0.01334674476162979 epoch_time: 35.87315773963928
Epoch [51/150] :  loss =  0.012948320462816843 epoch_time: 35.906373500823975
Epoch [52/150] :  loss =  0.012570638278568233 epoch_time: 36.10818552970886
Epoch [53/150] :  loss =  0.012638471356627566 epoch_time: 36.191036224365234
Epoch [54/150] :  loss =  0.012589281019582241 epoch_time: 35.467005014419556
Epoch [55/150] :  loss =  0.012684259736151606 epoch_time: 35.529547691345215
Epoch [56/150] :  loss =  0.012578640115895757 epoch_time: 35.57198762893677
Epoch [57/150] :  loss =  0.012592096442218733 epoch_time: 35.967689514160156
Epoch [58/150] :  loss =  0.012471831377802623 epoch_time: 36.0670382976532
Epoch [59/150] :  loss =  0.012322033841714815 epoch_time: 35.64855885505676
Epoch [60/150] :  loss =  0.012432609908972625 epoch_time: 35.629711389541626
Epoch [61/150] :  loss =  0.012555364260656966 epoch_time: 35.541414976119995
Epoch [62/150] :  loss =  0.012427639742209404 epoch_time: 35.697057485580444
Epoch [63/150] :  loss =  0.012447953017221557 epoch_time: 36.094080209732056
Epoch [64/150] :  loss =  0.01261069688566581 epoch_time: 35.56874418258667
Epoch [65/150] :  loss =  0.01223430785143541 epoch_time: 35.56448531150818
Epoch [66/150] :  loss =  0.01215241568301011 epoch_time: 35.42374110221863
Epoch [67/150] :  loss =  0.012137650805353015 epoch_time: 35.72451686859131
Epoch [68/150] :  loss =  0.011939129861140693 epoch_time: 36.37915229797363
Epoch [69/150] :  loss =  0.012264324343521838 epoch_time: 35.6628692150116
Epoch [70/150] :  loss =  0.012122718298255845 epoch_time: 35.45478582382202
Epoch [71/150] :  loss =  0.012238975666049454 epoch_time: 35.62931489944458
Epoch [72/150] :  loss =  0.01208940677827707 epoch_time: 35.67981815338135
Epoch [73/150] :  loss =  0.011919355321744526 epoch_time: 35.96778655052185
Epoch [74/150] :  loss =  0.011853886285313853 epoch_time: 35.56111717224121
Epoch [75/150] :  loss =  0.011835199651411839 epoch_time: 35.635990142822266
Epoch [76/150] :  loss =  0.011946064161343707 epoch_time: 35.689982652664185
Epoch [77/150] :  loss =  0.011879818212171947 epoch_time: 35.92716860771179
Epoch [78/150] :  loss =  0.011832707173501452 epoch_time: 36.129618644714355
Epoch [79/150] :  loss =  0.011956479305539417 epoch_time: 35.61189937591553
Epoch [80/150] :  loss =  0.012038643152832432 epoch_time: 35.53011441230774
Epoch [81/150] :  loss =  0.012019054498523474 epoch_time: 35.626965045928955
Epoch [82/150] :  loss =  0.011639797611644975 epoch_time: 35.78547477722168
Epoch [83/150] :  loss =  0.011731020528478202 epoch_time: 35.795294523239136
Epoch [84/150] :  loss =  0.011550985371555996 epoch_time: 35.680524826049805
Epoch [85/150] :  loss =  0.01155171249303277 epoch_time: 35.59385633468628
Epoch [86/150] :  loss =  0.011804277956899669 epoch_time: 35.56835985183716
Epoch [87/150] :  loss =  0.011640361087672689 epoch_time: 36.05026149749756
Epoch [88/150] :  loss =  0.011675648184286224 epoch_time: 36.17553114891052
Epoch [89/150] :  loss =  0.011462901270499936 epoch_time: 35.58326697349548
Epoch [90/150] :  loss =  0.011577326718165918 epoch_time: 35.61561322212219
Epoch [91/150] :  loss =  0.011505962789265646 epoch_time: 35.74813175201416
Epoch [92/150] :  loss =  0.011350053103847636 epoch_time: 35.80690789222717
Epoch [93/150] :  loss =  0.01157242543477979 epoch_time: 36.40250563621521
Epoch [94/150] :  loss =  0.011362638626316632 epoch_time: 35.708805561065674
Epoch [95/150] :  loss =  0.011325222698764669 epoch_time: 35.73427104949951
Epoch [96/150] :  loss =  0.011454249809806546 epoch_time: 35.66745138168335
Epoch [97/150] :  loss =  0.011461712911518084 epoch_time: 36.027925968170166
Epoch [98/150] :  loss =  0.011426381344251611 epoch_time: 36.266984701156616
Epoch [99/150] :  loss =  0.011303837807780062 epoch_time: 35.88703441619873
Epoch [100/150] :  loss =  0.011227737452524403 epoch_time: 35.84702014923096
Epoch [101/150] :  loss =  0.01142747672619643 epoch_time: 36.13964080810547
Epoch [102/150] :  loss =  0.011174805134672809 epoch_time: 36.527406215667725
Epoch [103/150] :  loss =  0.011160128663673444 epoch_time: 35.95945358276367
Epoch [104/150] :  loss =  0.011252527815048341 epoch_time: 36.0235333442688
Epoch [105/150] :  loss =  0.011204636621254462 epoch_time: 35.90591049194336
Epoch [106/150] :  loss =  0.01110481739009696 epoch_time: 35.873178243637085
Epoch [107/150] :  loss =  0.011338300959862492 epoch_time: 36.608723402023315
Epoch [108/150] :  loss =  0.011123767079509518 epoch_time: 35.935699462890625
Epoch [109/150] :  loss =  0.011052714471049883 epoch_time: 35.70647954940796
Epoch [110/150] :  loss =  0.011142232519988384 epoch_time: 35.85758590698242
Epoch [111/150] :  loss =  0.010996894484075407 epoch_time: 35.78370809555054
Epoch [112/150] :  loss =  0.010923380653063456 epoch_time: 36.37742900848389
Epoch [113/150] :  loss =  0.010880676895828435 epoch_time: 35.95949840545654
Epoch [114/150] :  loss =  0.011119585708473568 epoch_time: 35.88544940948486
Epoch [115/150] :  loss =  0.010800828898532523 epoch_time: 35.95251107215881
Epoch [116/150] :  loss =  0.01133504727234443 epoch_time: 35.85804295539856
Epoch [117/150] :  loss =  0.011060506114046331 epoch_time: 36.34983539581299
Epoch [118/150] :  loss =  0.010813035545180793 epoch_time: 35.77321767807007
Epoch [119/150] :  loss =  0.010719012240534303 epoch_time: 35.91740417480469
Epoch [120/150] :  loss =  0.010944204547235535 epoch_time: 35.80981206893921
Epoch [121/150] :  loss =  0.010742189431632007 epoch_time: 36.13621520996094
Epoch [122/150] :  loss =  0.01068256711759777 epoch_time: 36.17106223106384
Epoch [123/150] :  loss =  0.010670830288694965 epoch_time: 35.88924527168274
Epoch [124/150] :  loss =  0.010706776869483292 epoch_time: 35.926976442337036
Epoch [125/150] :  loss =  0.010742477162879098 epoch_time: 35.9740355014801
Epoch [126/150] :  loss =  0.010657843073002167 epoch_time: 36.43324947357178
Epoch [127/150] :  loss =  0.010694789359587486 epoch_time: 36.32384991645813
Epoch [128/150] :  loss =  0.010746665186835107 epoch_time: 36.12767767906189
Epoch [129/150] :  loss =  0.010702696421908008 epoch_time: 36.515087842941284
Epoch [130/150] :  loss =  0.010482586618443882 epoch_time: 35.83395004272461
Epoch [131/150] :  loss =  0.010773462721974485 epoch_time: 36.339150190353394
Epoch [132/150] :  loss =  0.010468399781664764 epoch_time: 36.02896070480347
Epoch [133/150] :  loss =  0.010448035327027793 epoch_time: 36.08559465408325
Epoch [134/150] :  loss =  0.010649140173983242 epoch_time: 36.39647603034973
Epoch [135/150] :  loss =  0.010421241167932749 epoch_time: 36.390307903289795
Epoch [136/150] :  loss =  0.010352566687355715 epoch_time: 36.486692667007446
Epoch [137/150] :  loss =  0.010319662181212119 epoch_time: 35.949033975601196
Epoch [138/150] :  loss =  0.010402800855916683 epoch_time: 35.835230112075806
Epoch [139/150] :  loss =  0.010503755662486784 epoch_time: 36.25714325904846
Epoch [140/150] :  loss =  0.010360735985967848 epoch_time: 36.028637647628784
Epoch [141/150] :  loss =  0.010257576096423523 epoch_time: 36.766911029815674
Epoch [142/150] :  loss =  0.010369364275700517 epoch_time: 35.93763566017151
Epoch [143/150] :  loss =  0.010202475043048186 epoch_time: 35.80029630661011
Epoch [144/150] :  loss =  0.010456252498207268 epoch_time: 35.77776503562927
Epoch [145/150] :  loss =  0.010360263400124732 epoch_time: 36.32933282852173
Epoch [146/150] :  loss =  0.010216437982981679 epoch_time: 36.55828785896301
Epoch [147/150] :  loss =  0.01012396915919251 epoch_time: 36.252400159835815
Epoch [148/150] :  loss =  0.010132721495918103 epoch_time: 35.92440962791443
Epoch [149/150] :  loss =  0.010302273806667438 epoch_time: 35.99272584915161
Test result: MAE 1.9311240496083362 RMSE 2.8780008763939993 MAPE 8.15577407236876
(576, 524, 1, 6)
(576, 524, 1, 6)
(576, 524, 1, 6)
Spend Time: 5409.679622411728
