dataset:METR-LA
/home/zhoujianping/miniconda3/envs/torch3090/lib/python3.8/site-packages/fancyimpute/solver.py:55: UserWarning: Input matrix is not missing any values
  warnings.warn("Input matrix is not missing any values")
/home/zhoujianping/miniconda3/envs/torch3090/lib/python3.8/site-packages/fancyimpute/solver.py:55: UserWarning: Input matrix is not missing any values
  warnings.warn("Input matrix is not missing any values")
/home/zhoujianping/miniconda3/envs/torch3090/lib/python3.8/site-packages/fancyimpute/solver.py:55: UserWarning: Input matrix is not missing any values
  warnings.warn("Input matrix is not missing any values")
/home/zhoujianping/miniconda3/envs/torch3090/lib/python3.8/site-packages/fancyimpute/solver.py:55: UserWarning: Input matrix is not missing any values
  warnings.warn("Input matrix is not missing any values")
/home/zhoujianping/miniconda3/envs/torch3090/lib/python3.8/site-packages/fancyimpute/solver.py:55: UserWarning: Input matrix is not missing any values
  warnings.warn("Input matrix is not missing any values")
/home/zhoujianping/miniconda3/envs/torch3090/lib/python3.8/site-packages/fancyimpute/solver.py:55: UserWarning: Input matrix is not missing any values
  warnings.warn("Input matrix is not missing any values")
/home/zhoujianping/miniconda3/envs/torch3090/lib/python3.8/site-packages/fancyimpute/solver.py:55: UserWarning: Input matrix is not missing any values
  warnings.warn("Input matrix is not missing any values")
/home/zhoujianping/miniconda3/envs/torch3090/lib/python3.8/site-packages/fancyimpute/solver.py:55: UserWarning: Input matrix is not missing any values
  warnings.warn("Input matrix is not missing any values")
/home/zhoujianping/miniconda3/envs/torch3090/lib/python3.8/site-packages/fancyimpute/solver.py:55: UserWarning: Input matrix is not missing any values
  warnings.warn("Input matrix is not missing any values")
/home/zhoujianping/miniconda3/envs/torch3090/lib/python3.8/site-packages/fancyimpute/solver.py:55: UserWarning: Input matrix is not missing any values
  warnings.warn("Input matrix is not missing any values")
/home/zhoujianping/miniconda3/envs/torch3090/lib/python3.8/site-packages/fancyimpute/solver.py:55: UserWarning: Input matrix is not missing any values
  warnings.warn("Input matrix is not missing any values")
/home/zhoujianping/miniconda3/envs/torch3090/lib/python3.8/site-packages/fancyimpute/solver.py:55: UserWarning: Input matrix is not missing any values
  warnings.warn("Input matrix is not missing any values")
/home/zhoujianping/miniconda3/envs/torch3090/lib/python3.8/site-packages/fancyimpute/solver.py:55: UserWarning: Input matrix is not missing any values
  warnings.warn("Input matrix is not missing any values")
/home/zhoujianping/miniconda3/envs/torch3090/lib/python3.8/site-packages/fancyimpute/solver.py:55: UserWarning: Input matrix is not missing any values
  warnings.warn("Input matrix is not missing any values")
/home/zhoujianping/miniconda3/envs/torch3090/lib/python3.8/site-packages/fancyimpute/solver.py:55: UserWarning: Input matrix is not missing any values
  warnings.warn("Input matrix is not missing any values")
/home/zhoujianping/miniconda3/envs/torch3090/lib/python3.8/site-packages/fancyimpute/solver.py:55: UserWarning: Input matrix is not missing any values
  warnings.warn("Input matrix is not missing any values")
/home/zhoujianping/miniconda3/envs/torch3090/lib/python3.8/site-packages/fancyimpute/solver.py:55: UserWarning: Input matrix is not missing any values
  warnings.warn("Input matrix is not missing any values")
/home/zhoujianping/miniconda3/envs/torch3090/lib/python3.8/site-packages/fancyimpute/solver.py:55: UserWarning: Input matrix is not missing any values
  warnings.warn("Input matrix is not missing any values")
/home/zhoujianping/miniconda3/envs/torch3090/lib/python3.8/site-packages/fancyimpute/solver.py:55: UserWarning: Input matrix is not missing any values
  warnings.warn("Input matrix is not missing any values")
/home/zhoujianping/miniconda3/envs/torch3090/lib/python3.8/site-packages/fancyimpute/solver.py:55: UserWarning: Input matrix is not missing any values
  warnings.warn("Input matrix is not missing any values")
/home/zhoujianping/miniconda3/envs/torch3090/lib/python3.8/site-packages/fancyimpute/solver.py:55: UserWarning: Input matrix is not missing any values
  warnings.warn("Input matrix is not missing any values")
/home/zhoujianping/miniconda3/envs/torch3090/lib/python3.8/site-packages/fancyimpute/solver.py:55: UserWarning: Input matrix is not missing any values
  warnings.warn("Input matrix is not missing any values")
/home/zhoujianping/miniconda3/envs/torch3090/lib/python3.8/site-packages/fancyimpute/solver.py:55: UserWarning: Input matrix is not missing any values
  warnings.warn("Input matrix is not missing any values")
/home/zhoujianping/miniconda3/envs/torch3090/lib/python3.8/site-packages/fancyimpute/solver.py:55: UserWarning: Input matrix is not missing any values
  warnings.warn("Input matrix is not missing any values")
/home/zhoujianping/miniconda3/envs/torch3090/lib/python3.8/site-packages/fancyimpute/solver.py:55: UserWarning: Input matrix is not missing any values
  warnings.warn("Input matrix is not missing any values")
/home/zhoujianping/miniconda3/envs/torch3090/lib/python3.8/site-packages/fancyimpute/solver.py:55: UserWarning: Input matrix is not missing any values
  warnings.warn("Input matrix is not missing any values")
/home/zhoujianping/miniconda3/envs/torch3090/lib/python3.8/site-packages/fancyimpute/solver.py:55: UserWarning: Input matrix is not missing any values
  warnings.warn("Input matrix is not missing any values")
/home/zhoujianping/miniconda3/envs/torch3090/lib/python3.8/site-packages/fancyimpute/solver.py:55: UserWarning: Input matrix is not missing any values
  warnings.warn("Input matrix is not missing any values")
/home/zhoujianping/miniconda3/envs/torch3090/lib/python3.8/site-packages/fancyimpute/solver.py:55: UserWarning: Input matrix is not missing any values
  warnings.warn("Input matrix is not missing any values")
/home/zhoujianping/miniconda3/envs/torch3090/lib/python3.8/site-packages/fancyimpute/solver.py:55: UserWarning: Input matrix is not missing any values
  warnings.warn("Input matrix is not missing any values")
/home/zhoujianping/miniconda3/envs/torch3090/lib/python3.8/site-packages/fancyimpute/solver.py:55: UserWarning: Input matrix is not missing any values
  warnings.warn("Input matrix is not missing any values")
/home/zhoujianping/miniconda3/envs/torch3090/lib/python3.8/site-packages/fancyimpute/solver.py:55: UserWarning: Input matrix is not missing any values
  warnings.warn("Input matrix is not missing any values")
/home/zhoujianping/miniconda3/envs/torch3090/lib/python3.8/site-packages/fancyimpute/solver.py:55: UserWarning: Input matrix is not missing any values
  warnings.warn("Input matrix is not missing any values")
/home/zhoujianping/miniconda3/envs/torch3090/lib/python3.8/site-packages/fancyimpute/solver.py:55: UserWarning: Input matrix is not missing any values
  warnings.warn("Input matrix is not missing any values")
/home/zhoujianping/miniconda3/envs/torch3090/lib/python3.8/site-packages/fancyimpute/solver.py:55: UserWarning: Input matrix is not missing any values
  warnings.warn("Input matrix is not missing any values")
/home/zhoujianping/miniconda3/envs/torch3090/lib/python3.8/site-packages/fancyimpute/solver.py:55: UserWarning: Input matrix is not missing any values
  warnings.warn("Input matrix is not missing any values")
/home/zhoujianping/miniconda3/envs/torch3090/lib/python3.8/site-packages/fancyimpute/solver.py:55: UserWarning: Input matrix is not missing any values
  warnings.warn("Input matrix is not missing any values")
/home/zhoujianping/miniconda3/envs/torch3090/lib/python3.8/site-packages/fancyimpute/solver.py:55: UserWarning: Input matrix is not missing any values
  warnings.warn("Input matrix is not missing any values")
/home/zhoujianping/miniconda3/envs/torch3090/lib/python3.8/site-packages/fancyimpute/solver.py:55: UserWarning: Input matrix is not missing any values
  warnings.warn("Input matrix is not missing any values")
MAE 3.545100720746249 RMSE 5.779185886498015 MAPE 8.108363183506492
Spend Time: 87.93783593177795
