{'data': {'dataset': 'Seattle', 'miss_mechanism': 'MNAR', 'miss_ratio': 0.5, 'batch_size': 16, 'test_batch_size': 16, 'val_batch_size': 16}, 'model': {'num_nodes': 323, 'hidden_size': 64, 'in_channel': 1, 'seqlen': 12, 'st_block': 3, 'K': 4, 'd_model': 512, 'n_heads': 4}, 'train': {'cuda': 3, 'lr': '1e-3', 'epochs': 150, 'save_model_path': 'save_model/', 'result_path': 'results/'}}
train X: (6132, 323, 2, 12) train M: (6132, 323, 2, 12) train Y: (6132, 323, 2, 12)
valid X: (876, 323, 2, 12) valid M: (876, 323, 2, 12) valid Y: (876, 323, 2, 12)
test X: (1752, 323, 2, 12) test M: (1752, 323, 2, 12) test Y: (1752, 323, 2, 12)
The input graph is a 0/1 matrix; set "scaling" to False.
Epoch [0/150] :  loss =  0.06325814408774022 epoch_time: 153.75365114212036
Epoch [1/150] :  loss =  0.03250253721489571 epoch_time: 155.81852316856384
Epoch [2/150] :  loss =  0.02824000485513049 epoch_time: 155.0187795162201
Epoch [3/150] :  loss =  0.026015703432979837 epoch_time: 151.48704743385315
Epoch [4/150] :  loss =  0.02453567444657286 epoch_time: 154.39651083946228
Epoch [5/150] :  loss =  0.023780262146222714 epoch_time: 152.6605875492096
Epoch [6/150] :  loss =  0.023186963638484787 epoch_time: 153.06474804878235
Epoch [7/150] :  loss =  0.022807602707568247 epoch_time: 153.3016972541809
Epoch [8/150] :  loss =  0.021691335117793642 epoch_time: 156.61393570899963
Epoch [9/150] :  loss =  0.021557144299246527 epoch_time: 153.1879210472107
Epoch [10/150] :  loss =  0.021083570032108884 epoch_time: 154.73005175590515
Epoch [11/150] :  loss =  0.020875559450360015 epoch_time: 153.93403553962708
Epoch [12/150] :  loss =  0.020645651905700408 epoch_time: 155.09954619407654
Epoch [13/150] :  loss =  0.020259058122367907 epoch_time: 159.22761225700378
Epoch [14/150] :  loss =  0.020074986372492276 epoch_time: 155.09811067581177
Epoch [15/150] :  loss =  0.01988004770828411 epoch_time: 153.32880091667175
Epoch [16/150] :  loss =  0.02012783119183344 epoch_time: 158.1986265182495
Epoch [17/150] :  loss =  0.019670409443885244 epoch_time: 150.88076186180115
Epoch [18/150] :  loss =  0.01945190590292138 epoch_time: 157.33583068847656
Epoch [19/150] :  loss =  0.019236339547205716 epoch_time: 155.23497676849365
Epoch [20/150] :  loss =  0.01915470783327085 epoch_time: 150.6580421924591
Epoch [21/150] :  loss =  0.019109732672707953 epoch_time: 151.43140387535095
Epoch [22/150] :  loss =  0.019092821414233185 epoch_time: 149.33749437332153
Epoch [23/150] :  loss =  0.0188400852396929 epoch_time: 153.5849323272705
Epoch [24/150] :  loss =  0.018746210769071087 epoch_time: 148.95661902427673
Epoch [25/150] :  loss =  0.0187314723370946 epoch_time: 147.95285534858704
Epoch [26/150] :  loss =  0.018469590327489033 epoch_time: 149.54901552200317
Epoch [27/150] :  loss =  0.018455558844531577 epoch_time: 151.31957697868347
Epoch [28/150] :  loss =  0.018237177578460734 epoch_time: 150.59406304359436
Epoch [29/150] :  loss =  0.01829146559612127 epoch_time: 151.72869729995728
Epoch [30/150] :  loss =  0.018070339484741755 epoch_time: 150.61041617393494
Epoch [31/150] :  loss =  0.01807663878814007 epoch_time: 150.2082371711731
Epoch [32/150] :  loss =  0.01791706781417209 epoch_time: 151.81175231933594
Epoch [33/150] :  loss =  0.01790011700116641 epoch_time: 151.56339359283447
Epoch [34/150] :  loss =  0.01785799509525532 epoch_time: 148.65159225463867
Epoch [35/150] :  loss =  0.017649871020694263 epoch_time: 152.50994157791138
Epoch [36/150] :  loss =  0.017524956461177982 epoch_time: 152.71677684783936
Epoch [37/150] :  loss =  0.017461562463722657 epoch_time: 150.1808898448944
Epoch [38/150] :  loss =  0.01751179195465132 epoch_time: 149.4428586959839
Epoch [39/150] :  loss =  0.017341758253072232 epoch_time: 149.7188014984131
Epoch [40/150] :  loss =  0.017265410443845514 epoch_time: 150.8147132396698
Epoch [41/150] :  loss =  0.017224325592299767 epoch_time: 148.37915754318237
Epoch [42/150] :  loss =  0.017098616854733944 epoch_time: 149.83739376068115
Epoch [43/150] :  loss =  0.017064677299155544 epoch_time: 148.70611143112183
Epoch [44/150] :  loss =  0.017032680691045243 epoch_time: 152.0156753063202
Epoch [45/150] :  loss =  0.01697035410082511 epoch_time: 154.83803272247314
Epoch [46/150] :  loss =  0.016872827220746938 epoch_time: 148.96659636497498
Epoch [47/150] :  loss =  0.016790475543530192 epoch_time: 150.95054864883423
Epoch [48/150] :  loss =  0.01672504023493578 epoch_time: 149.09562420845032
Epoch [49/150] :  loss =  0.016776668201297678 epoch_time: 149.41643857955933
Epoch [50/150] :  loss =  0.016646784444067936 epoch_time: 148.69557523727417
Epoch [51/150] :  loss =  0.016622742962984677 epoch_time: 151.59762835502625
Epoch [52/150] :  loss =  0.016483283317938913 epoch_time: 149.5323657989502
Epoch [53/150] :  loss =  0.016538654226072442 epoch_time: 150.1626718044281
Epoch [54/150] :  loss =  0.016380583588518977 epoch_time: 150.46516609191895
Epoch [55/150] :  loss =  0.01645525513352671 epoch_time: 150.84618496894836
Epoch [56/150] :  loss =  0.016384015572839417 epoch_time: 149.0991199016571
Epoch [57/150] :  loss =  0.01631028138945112 epoch_time: 149.2404682636261
Epoch [58/150] :  loss =  0.01620092704736938 epoch_time: 148.28381991386414
Epoch [59/150] :  loss =  0.01616951701968598 epoch_time: 149.84045362472534
Epoch [60/150] :  loss =  0.016126644538114004 epoch_time: 150.8445646762848
Epoch [61/150] :  loss =  0.016086721608492855 epoch_time: 151.8095247745514
Epoch [62/150] :  loss =  0.0160336612680112 epoch_time: 151.2845163345337
Epoch [63/150] :  loss =  0.016016777653324727 epoch_time: 148.12482738494873
Epoch [64/150] :  loss =  0.015948255228674196 epoch_time: 149.7763888835907
Epoch [65/150] :  loss =  0.015910322976803098 epoch_time: 146.35303235054016
Epoch [66/150] :  loss =  0.015854720411880407 epoch_time: 149.8195993900299
Epoch [67/150] :  loss =  0.015843373832467478 epoch_time: 153.33234238624573
Epoch [68/150] :  loss =  0.015927072522269253 epoch_time: 152.0557804107666
Epoch [69/150] :  loss =  0.0157939618875389 epoch_time: 152.5498435497284
Epoch [70/150] :  loss =  0.01582812055615553 epoch_time: 147.22945404052734
Epoch [71/150] :  loss =  0.015663560950391304 epoch_time: 149.95209550857544
Epoch [72/150] :  loss =  0.015642100838401046 epoch_time: 148.0474202632904
Epoch [73/150] :  loss =  0.015625491197473213 epoch_time: 149.3399760723114
Epoch [74/150] :  loss =  0.015604773989859192 epoch_time: 150.40742659568787
Epoch [75/150] :  loss =  0.015536601674587777 epoch_time: 149.88061690330505
Epoch [76/150] :  loss =  0.015502426921254179 epoch_time: 150.1001718044281
Epoch [77/150] :  loss =  0.015514897466346156 epoch_time: 149.56656551361084
Epoch [78/150] :  loss =  0.01546820777487786 epoch_time: 149.67898964881897
Epoch [79/150] :  loss =  0.015386668096956177 epoch_time: 148.9512288570404
Epoch [80/150] :  loss =  0.01547071481278787 epoch_time: 150.73664784431458
Epoch [81/150] :  loss =  0.01529568701274305 epoch_time: 149.84296536445618
Epoch [82/150] :  loss =  0.015380613030477738 epoch_time: 150.2571666240692
Epoch [83/150] :  loss =  0.015248286739127556 epoch_time: 151.2016875743866
Epoch [84/150] :  loss =  0.01540146573097445 epoch_time: 151.52806043624878
Epoch [85/150] :  loss =  0.015159257789491676 epoch_time: 150.70329236984253
Epoch [86/150] :  loss =  0.015220743594303107 epoch_time: 149.26765966415405
Epoch [87/150] :  loss =  0.015114812539347136 epoch_time: 150.3757119178772
Epoch [88/150] :  loss =  0.015163227354302459 epoch_time: 151.60143756866455
Epoch [89/150] :  loss =  0.015073659381111307 epoch_time: 149.5592758655548
Epoch [90/150] :  loss =  0.015132259987391686 epoch_time: 149.36365747451782
Epoch [91/150] :  loss =  0.014996463908270622 epoch_time: 149.82815098762512
Epoch [92/150] :  loss =  0.015061858583067078 epoch_time: 150.6684136390686
Epoch [93/150] :  loss =  0.015004525349165002 epoch_time: 149.41153001785278
Epoch [94/150] :  loss =  0.015013063455019923 epoch_time: 150.191388130188
Epoch [95/150] :  loss =  0.014942458476677226 epoch_time: 148.33564233779907
Epoch [96/150] :  loss =  0.014879916316810219 epoch_time: 151.43204641342163
Epoch [97/150] :  loss =  0.014871584132682377 epoch_time: 150.17269921302795
Epoch [98/150] :  loss =  0.014814605764210379 epoch_time: 150.40552020072937
Epoch [99/150] :  loss =  0.014856303183478303 epoch_time: 152.57250905036926
Epoch [100/150] :  loss =  0.014794454427222567 epoch_time: 152.10310745239258
Epoch [101/150] :  loss =  0.014807427365061207 epoch_time: 151.11324310302734
Epoch [102/150] :  loss =  0.014800080437756455 epoch_time: 150.6646444797516
Epoch [103/150] :  loss =  0.014687317069425868 epoch_time: 149.51001977920532
Epoch [104/150] :  loss =  0.014785356094459226 epoch_time: 151.05722951889038
Epoch [105/150] :  loss =  0.014708236968241787 epoch_time: 149.71955370903015
Epoch [106/150] :  loss =  0.014600448659621179 epoch_time: 150.49649024009705
Epoch [107/150] :  loss =  0.014633187315970039 epoch_time: 148.84352207183838
Epoch [108/150] :  loss =  0.014621625651974076 epoch_time: 151.98065829277039
Epoch [109/150] :  loss =  0.014584576536435634 epoch_time: 151.0658438205719
Epoch [110/150] :  loss =  0.014572598622180521 epoch_time: 152.13064289093018
Epoch [111/150] :  loss =  0.014479156978874622 epoch_time: 150.29414749145508
Epoch [112/150] :  loss =  0.014686133026164802 epoch_time: 151.94071435928345
Epoch [113/150] :  loss =  0.01446536225557793 epoch_time: 149.26008486747742
Epoch [114/150] :  loss =  0.014478509668454839 epoch_time: 148.64699172973633
Epoch [115/150] :  loss =  0.01442962705671865 epoch_time: 151.29633283615112
Epoch [116/150] :  loss =  0.014387644308347566 epoch_time: 146.88318920135498
Epoch [117/150] :  loss =  0.01440439702370592 epoch_time: 147.70068454742432
Epoch [118/150] :  loss =  0.014472517344984226 epoch_time: 151.77531147003174
Epoch [119/150] :  loss =  0.01438901942310622 epoch_time: 149.2547357082367
Epoch [120/150] :  loss =  0.014373480538779404 epoch_time: 148.9520721435547
Epoch [121/150] :  loss =  0.014297740538798584 epoch_time: 150.17692637443542
Epoch [122/150] :  loss =  0.014332066467128849 epoch_time: 148.7784559726715
Epoch [123/150] :  loss =  0.01423097932517218 epoch_time: 153.675772190094
Epoch [124/150] :  loss =  0.014285454718143834 epoch_time: 149.72851538658142
Epoch [125/150] :  loss =  0.014236252354749013 epoch_time: 150.90794253349304
Epoch [126/150] :  loss =  0.014269045968831051 epoch_time: 149.34161925315857
Epoch [127/150] :  loss =  0.014198644857970066 epoch_time: 151.97018766403198
Epoch [128/150] :  loss =  0.014139635345297089 epoch_time: 150.1893663406372
Epoch [129/150] :  loss =  0.014164054434028609 epoch_time: 150.2541310787201
Epoch [130/150] :  loss =  0.0141321626433637 epoch_time: 148.2440538406372
Epoch [131/150] :  loss =  0.014160610990074929 epoch_time: 151.75285744667053
Epoch [132/150] :  loss =  0.014180332133643484 epoch_time: 146.9373164176941
Epoch [133/150] :  loss =  0.014075694566903016 epoch_time: 149.52866649627686
Epoch [134/150] :  loss =  0.014091111440696599 epoch_time: 147.38937187194824
Epoch [135/150] :  loss =  0.014027175578424552 epoch_time: 150.94696021080017
Epoch [136/150] :  loss =  0.014092230012465734 epoch_time: 150.33594822883606
Epoch [137/150] :  loss =  0.013995759368602497 epoch_time: 147.78119134902954
Epoch [138/150] :  loss =  0.014087437215493992 epoch_time: 148.2608139514923
Epoch [139/150] :  loss =  0.01394417077729789 epoch_time: 150.30590724945068
Epoch [140/150] :  loss =  0.013981583421506608 epoch_time: 153.775408744812
Epoch [141/150] :  loss =  0.013920835469131513 epoch_time: 148.31471228599548
Epoch [142/150] :  loss =  0.014023617062775884 epoch_time: 150.56401443481445
Epoch [143/150] :  loss =  0.013895439236269643 epoch_time: 150.89040398597717
Epoch [144/150] :  loss =  0.013889471663181515 epoch_time: 151.93334007263184
Epoch [145/150] :  loss =  0.013904850129620172 epoch_time: 146.98439621925354
Epoch [146/150] :  loss =  0.013853333914691271 epoch_time: 151.9595603942871
Epoch [147/150] :  loss =  0.013849936471766947 epoch_time: 149.97894859313965
Epoch [148/150] :  loss =  0.01383293152806194 epoch_time: 149.1697747707367
Epoch [149/150] :  loss =  0.013881133862014394 epoch_time: 148.18003869056702
Test result: MAE 2.189987962617363 RMSE 3.3982755220274496 MAPE 5.174637964314922
(1752, 323, 1, 12)
(1752, 323, 1, 12)
(1752, 323, 1, 12)
Spend Time: 22638.58329319954
