{'data': {'dataset': 'Seattle', 'miss_mechanism': 'MNAR', 'miss_ratio': 0.5, 'batch_size': 16, 'test_batch_size': 16, 'val_batch_size': 16}, 'model': {'num_nodes': 323, 'hidden_size': 64, 'in_channel': 1, 'seqlen': 12, 'st_block': 3, 'K': 4, 'd_model': 512, 'n_heads': 4}, 'train': {'cuda': 3, 'lr': '1e-3', 'epochs': 150, 'save_model_path': 'save_model/', 'result_path': 'results/'}}
train X: (6132, 323, 2, 12) train M: (6132, 323, 2, 12) train Y: (6132, 323, 2, 12)
valid X: (876, 323, 2, 12) valid M: (876, 323, 2, 12) valid Y: (876, 323, 2, 12)
test X: (1752, 323, 2, 12) test M: (1752, 323, 2, 12) test Y: (1752, 323, 2, 12)
The input graph is a 0/1 matrix; set "scaling" to False.
Epoch [0/150] :  loss =  0.06059929472879352 epoch_time: 151.75261044502258
Epoch [1/150] :  loss =  0.032532261073356494 epoch_time: 150.65171241760254
Epoch [2/150] :  loss =  0.028423435733808827 epoch_time: 149.85480570793152
Epoch [3/150] :  loss =  0.026227029496415828 epoch_time: 149.7357542514801
Epoch [4/150] :  loss =  0.02490315853113619 epoch_time: 149.11636757850647
Epoch [5/150] :  loss =  0.023689671919176664 epoch_time: 148.5326623916626
Epoch [6/150] :  loss =  0.022815409509348683 epoch_time: 149.94156455993652
Epoch [7/150] :  loss =  0.022299437402883388 epoch_time: 150.73748993873596
Epoch [8/150] :  loss =  0.021840861188441824 epoch_time: 148.48455953598022
Epoch [9/150] :  loss =  0.021564114237359416 epoch_time: 152.00792288780212
Epoch [10/150] :  loss =  0.02107713225511058 epoch_time: 151.29109930992126
Epoch [11/150] :  loss =  0.020786384030846723 epoch_time: 148.98826622962952
Epoch [12/150] :  loss =  0.02046660694516807 epoch_time: 147.32766580581665
Epoch [13/150] :  loss =  0.020525605551180586 epoch_time: 150.81959986686707
Epoch [14/150] :  loss =  0.020109200212270178 epoch_time: 151.3586390018463
Epoch [15/150] :  loss =  0.019996267660947826 epoch_time: 152.04736304283142
Epoch [16/150] :  loss =  0.01984137876085394 epoch_time: 150.20105838775635
Epoch [17/150] :  loss =  0.019645448463658493 epoch_time: 150.31061172485352
Epoch [18/150] :  loss =  0.019451288137740146 epoch_time: 150.20420217514038
Epoch [19/150] :  loss =  0.019308919720060658 epoch_time: 148.36566829681396
Epoch [20/150] :  loss =  0.019153888725365203 epoch_time: 150.4237027168274
Epoch [21/150] :  loss =  0.0189421618488268 epoch_time: 150.38488936424255
Epoch [22/150] :  loss =  0.019060347471774246 epoch_time: 152.5106439590454
Epoch [23/150] :  loss =  0.018923297366806462 epoch_time: 149.0931899547577
Epoch [24/150] :  loss =  0.018690784372059472 epoch_time: 148.79578471183777
Epoch [25/150] :  loss =  0.018788087855985697 epoch_time: 151.89171719551086
Epoch [26/150] :  loss =  0.01842447188634348 epoch_time: 148.95819330215454
Epoch [27/150] :  loss =  0.01847060081248249 epoch_time: 148.0834035873413
Epoch [28/150] :  loss =  0.01836419712829714 epoch_time: 149.5735809803009
Epoch [29/150] :  loss =  0.018436391360107034 epoch_time: 151.49456810951233
Epoch [30/150] :  loss =  0.018131531517913874 epoch_time: 147.81522464752197
Epoch [31/150] :  loss =  0.01805097162529516 epoch_time: 148.01138305664062
Epoch [32/150] :  loss =  0.017976689489538938 epoch_time: 151.21874737739563
Epoch [33/150] :  loss =  0.01780065270092261 epoch_time: 150.77899432182312
Epoch [34/150] :  loss =  0.017837649402887717 epoch_time: 148.8393623828888
Epoch [35/150] :  loss =  0.01775416748569114 epoch_time: 151.24012660980225
Epoch [36/150] :  loss =  0.017682591394986957 epoch_time: 151.15850853919983
Epoch [37/150] :  loss =  0.017556704059340216 epoch_time: 150.0769543647766
Epoch [38/150] :  loss =  0.017669715770656087 epoch_time: 150.00659656524658
Epoch [39/150] :  loss =  0.017352847986330744 epoch_time: 149.72876405715942
Epoch [40/150] :  loss =  0.017390012175989494 epoch_time: 150.12899947166443
Epoch [41/150] :  loss =  0.017290584905519307 epoch_time: 151.39153790473938
Epoch [42/150] :  loss =  0.017213596089277416 epoch_time: 153.51860928535461
Epoch [43/150] :  loss =  0.01721172898639149 epoch_time: 149.68371200561523
Epoch [44/150] :  loss =  0.01707791715549926 epoch_time: 147.074072599411
Epoch [45/150] :  loss =  0.01704203493378979 epoch_time: 148.7109763622284
Epoch [46/150] :  loss =  0.01704040051602836 epoch_time: 149.77909469604492
Epoch [47/150] :  loss =  0.01687941669903618 epoch_time: 148.62821459770203
Epoch [48/150] :  loss =  0.016885290894909605 epoch_time: 147.9619960784912
Epoch [49/150] :  loss =  0.016890422943106387 epoch_time: 150.23494696617126
Epoch [50/150] :  loss =  0.016755420656409115 epoch_time: 147.8633553981781
Epoch [51/150] :  loss =  0.016735490506107453 epoch_time: 150.14582800865173
Epoch [52/150] :  loss =  0.01667485102128315 epoch_time: 148.26818823814392
Epoch [53/150] :  loss =  0.01667117813000611 epoch_time: 149.91390919685364
Epoch [54/150] :  loss =  0.016567930244491436 epoch_time: 150.1614625453949
Epoch [55/150] :  loss =  0.016549707727487355 epoch_time: 147.06305289268494
Epoch [56/150] :  loss =  0.01649238430157614 epoch_time: 148.74458718299866
Epoch [57/150] :  loss =  0.016510636543292396 epoch_time: 149.76687717437744
Epoch [58/150] :  loss =  0.016313163442343164 epoch_time: 148.29495906829834
Epoch [59/150] :  loss =  0.01638915707250514 epoch_time: 149.93070912361145
Epoch [60/150] :  loss =  0.01636668259986133 epoch_time: 146.47461938858032
Epoch [61/150] :  loss =  0.016329762649547774 epoch_time: 148.963045835495
Epoch [62/150] :  loss =  0.01621916152362246 epoch_time: 150.48805117607117
Epoch [63/150] :  loss =  0.01610669206032374 epoch_time: 146.97296571731567
Epoch [64/150] :  loss =  0.01621747689205222 epoch_time: 149.36270713806152
Epoch [65/150] :  loss =  0.01607068193940601 epoch_time: 150.66859340667725
Epoch [66/150] :  loss =  0.016043007565410033 epoch_time: 150.60771703720093
Epoch [67/150] :  loss =  0.016055995372880716 epoch_time: 151.38301944732666
Epoch [68/150] :  loss =  0.015951423297034733 epoch_time: 150.93097138404846
Epoch [69/150] :  loss =  0.015970192830233525 epoch_time: 151.43159413337708
Epoch [70/150] :  loss =  0.015916734276591644 epoch_time: 150.86641263961792
Epoch [71/150] :  loss =  0.01582341335597448 epoch_time: 151.06791520118713
Epoch [72/150] :  loss =  0.015895410275940474 epoch_time: 150.26179909706116
Epoch [73/150] :  loss =  0.015735702087113168 epoch_time: 149.42512321472168
Epoch [74/150] :  loss =  0.015802558307768777 epoch_time: 150.10458517074585
Epoch [75/150] :  loss =  0.015769954067460883 epoch_time: 148.07211923599243
Epoch [76/150] :  loss =  0.015692420328074757 epoch_time: 151.30988717079163
Epoch [77/150] :  loss =  0.015679164083849173 epoch_time: 148.82388591766357
Epoch [78/150] :  loss =  0.015645131289299268 epoch_time: 146.00000143051147
Epoch [79/150] :  loss =  0.015700933916377835 epoch_time: 148.16765332221985
Epoch [80/150] :  loss =  0.015610152828836968 epoch_time: 146.64626359939575
Epoch [81/150] :  loss =  0.015547987961326726 epoch_time: 149.1363823413849
Epoch [82/150] :  loss =  0.015448717754528237 epoch_time: 146.5588698387146
Epoch [83/150] :  loss =  0.015453854469039166 epoch_time: 148.3980495929718
Epoch [84/150] :  loss =  0.015524103109783027 epoch_time: 148.43065118789673
Epoch [85/150] :  loss =  0.015383630205178633 epoch_time: 148.88932704925537
Epoch [86/150] :  loss =  0.015403499928652309 epoch_time: 150.13240551948547
Epoch [87/150] :  loss =  0.015403275909193326 epoch_time: 145.4323284626007
Epoch [88/150] :  loss =  0.015310536648030393 epoch_time: 148.78823399543762
Epoch [89/150] :  loss =  0.015297568041811852 epoch_time: 151.5603313446045
Epoch [90/150] :  loss =  0.015285917715421723 epoch_time: 147.5694670677185
Epoch [91/150] :  loss =  0.015200093310947219 epoch_time: 148.8523988723755
Epoch [92/150] :  loss =  0.01524458649995116 epoch_time: 151.41805863380432
Epoch [93/150] :  loss =  0.015270583719636003 epoch_time: 150.93772196769714
Epoch [94/150] :  loss =  0.015100928831088822 epoch_time: 148.00684809684753
Epoch [95/150] :  loss =  0.015118165957877258 epoch_time: 150.86629915237427
Epoch [96/150] :  loss =  0.01507816687808372 epoch_time: 150.36066484451294
Epoch [97/150] :  loss =  0.015142857320218658 epoch_time: 151.3697338104248
Epoch [98/150] :  loss =  0.015059287676801128 epoch_time: 150.57591247558594
Epoch [99/150] :  loss =  0.015021266265345426 epoch_time: 152.59230184555054
Epoch [100/150] :  loss =  0.015033048611561147 epoch_time: 149.5775101184845
Epoch [101/150] :  loss =  0.014983794101378104 epoch_time: 152.56910943984985
Epoch [102/150] :  loss =  0.014959029217910333 epoch_time: 150.17501783370972
Epoch [103/150] :  loss =  0.014921419225477925 epoch_time: 151.20206212997437
Epoch [104/150] :  loss =  0.014898951048962772 epoch_time: 147.6391155719757
Epoch [105/150] :  loss =  0.014851416616390148 epoch_time: 151.62710976600647
Epoch [106/150] :  loss =  0.014845974813700499 epoch_time: 149.0826919078827
Epoch [107/150] :  loss =  0.014827972059720196 epoch_time: 151.67887234687805
Epoch [108/150] :  loss =  0.014801268043811433 epoch_time: 150.1293625831604
Epoch [109/150] :  loss =  0.014760486480857557 epoch_time: 150.94064354896545
Epoch [110/150] :  loss =  0.014871702910265109 epoch_time: 147.554936170578
Epoch [111/150] :  loss =  0.01478628620679956 epoch_time: 151.24468541145325
Epoch [112/150] :  loss =  0.014683687419164926 epoch_time: 152.28849625587463
Epoch [113/150] :  loss =  0.01472008792673781 epoch_time: 148.6766905784607
Epoch [114/150] :  loss =  0.014678784857096616 epoch_time: 152.80544638633728
Epoch [115/150] :  loss =  0.014643206683103926 epoch_time: 149.79609441757202
Epoch [116/150] :  loss =  0.014617509916812802 epoch_time: 152.22615551948547
Epoch [117/150] :  loss =  0.014612040974801252 epoch_time: 151.30061769485474
Epoch [118/150] :  loss =  0.014552033540288297 epoch_time: 151.20965886116028
Epoch [119/150] :  loss =  0.014606403298481988 epoch_time: 150.74116802215576
