{'data': {'dataset': 'Chengdu', 'miss_mechanism': 'MNAR', 'miss_ratio': 0.5, 'batch_size': 16, 'test_batch_size': 16, 'val_batch_size': 16}, 'model': {'num_nodes': 524, 'hidden_size': 16, 'in_channel': 1, 'seqlen': 6, 'st_block': 3, 'K': 4, 'd_model': 512, 'n_heads': 4}, 'train': {'cuda': 2, 'lr': '1e-3', 'epochs': 150, 'save_model_path': 'save_model/', 'result_path': 'results/'}}
train X: (1728, 524, 2, 6) train M: (1728, 524, 2, 6) train Y: (1728, 524, 2, 6)
valid X: (576, 524, 2, 6) valid M: (576, 524, 2, 6) valid Y: (576, 524, 2, 6)
test X: (576, 524, 2, 6) test M: (576, 524, 2, 6) test Y: (576, 524, 2, 6)
The input graph is a 0/1 matrix; set "scaling" to False.
Epoch [0/150] :  loss =  0.13134973389269025 epoch_time: 31.89231586456299
Epoch [1/150] :  loss =  0.05294005793553812 epoch_time: 30.548725843429565
Epoch [2/150] :  loss =  0.045878469150651385 epoch_time: 30.67561149597168
Epoch [3/150] :  loss =  0.04286036857714256 epoch_time: 30.31239628791809
Epoch [4/150] :  loss =  0.04079516176824217 epoch_time: 31.252327919006348
Epoch [5/150] :  loss =  0.038826606063931075 epoch_time: 30.22370147705078
Epoch [6/150] :  loss =  0.038000076509046334 epoch_time: 30.6269314289093
Epoch [7/150] :  loss =  0.03669799003681099 epoch_time: 30.21516728401184
Epoch [8/150] :  loss =  0.03632546262815595 epoch_time: 30.643970012664795
Epoch [9/150] :  loss =  0.03550112730375043 epoch_time: 30.201016902923584
Epoch [10/150] :  loss =  0.034552413832258294 epoch_time: 30.56392526626587
Epoch [11/150] :  loss =  0.03421655845724874 epoch_time: 30.749142169952393
Epoch [12/150] :  loss =  0.0343035499703277 epoch_time: 30.40649724006653
Epoch [13/150] :  loss =  0.033178414338854725 epoch_time: 30.19610047340393
Epoch [14/150] :  loss =  0.033468738250020474 epoch_time: 30.30656623840332
Epoch [15/150] :  loss =  0.03307533567702329 epoch_time: 30.17779564857483
Epoch [16/150] :  loss =  0.032745175805218796 epoch_time: 30.39042091369629
Epoch [17/150] :  loss =  0.032012646207240994 epoch_time: 30.07002878189087
Epoch [18/150] :  loss =  0.032407249203296726 epoch_time: 30.612961769104004
Epoch [19/150] :  loss =  0.03147891305249046 epoch_time: 30.853893041610718
Epoch [20/150] :  loss =  0.03174725630217128 epoch_time: 30.38344717025757
Epoch [21/150] :  loss =  0.031341041834955966 epoch_time: 30.399065732955933
Epoch [22/150] :  loss =  0.031164185695902066 epoch_time: 30.95385456085205
Epoch [23/150] :  loss =  0.03093285032513517 epoch_time: 30.27115249633789
Epoch [24/150] :  loss =  0.03118813893309346 epoch_time: 30.39123558998108
Epoch [25/150] :  loss =  0.031050214664665638 epoch_time: 30.313650131225586
Epoch [26/150] :  loss =  0.030490309051755402 epoch_time: 30.7659432888031
Epoch [27/150] :  loss =  0.030697831487352098 epoch_time: 30.949793338775635
Epoch [28/150] :  loss =  0.03070972440764308 epoch_time: 30.76702642440796
Epoch [29/150] :  loss =  0.030349128724386294 epoch_time: 30.495951414108276
Epoch [30/150] :  loss =  0.03015198270548825 epoch_time: 30.65258526802063
Epoch [31/150] :  loss =  0.029828718483999924 epoch_time: 30.352278232574463
Epoch [32/150] :  loss =  0.029570299200713634 epoch_time: 30.10360884666443
Epoch [33/150] :  loss =  0.029565155264680034 epoch_time: 30.123560190200806
Epoch [34/150] :  loss =  0.02990065125265607 epoch_time: 30.40889859199524
Epoch [35/150] :  loss =  0.029675608293877706 epoch_time: 32.72501349449158
Epoch [36/150] :  loss =  0.02917435327199874 epoch_time: 30.42678427696228
Epoch [37/150] :  loss =  0.029241905047523754 epoch_time: 30.139851331710815
Epoch [38/150] :  loss =  0.02899004727670992 epoch_time: 30.350584506988525
Epoch [39/150] :  loss =  0.028990107398756123 epoch_time: 31.643978118896484
Epoch [40/150] :  loss =  0.028780375607311726 epoch_time: 30.22355055809021
Epoch [41/150] :  loss =  0.0294011900615361 epoch_time: 30.10045552253723
Epoch [42/150] :  loss =  0.028718188387790212 epoch_time: 30.433709383010864
Epoch [43/150] :  loss =  0.028982903256460472 epoch_time: 30.429584980010986
Epoch [44/150] :  loss =  0.028392353077867517 epoch_time: 30.583622932434082
Epoch [45/150] :  loss =  0.028518613755564998 epoch_time: 30.2761173248291
Epoch [46/150] :  loss =  0.02825996376298092 epoch_time: 30.098445653915405
Epoch [47/150] :  loss =  0.028119028856356938 epoch_time: 30.77305555343628
Epoch [48/150] :  loss =  0.028330135504128755 epoch_time: 30.455025672912598
Epoch [49/150] :  loss =  0.027982348282993945 epoch_time: 30.21998143196106
Epoch [50/150] :  loss =  0.02812821516353223 epoch_time: 35.94073033332825
Epoch [51/150] :  loss =  0.027932275690276315 epoch_time: 30.12116551399231
Epoch [52/150] :  loss =  0.02806318722044428 epoch_time: 29.91514539718628
Epoch [53/150] :  loss =  0.02758317144104728 epoch_time: 29.917259693145752
Epoch [54/150] :  loss =  0.027923012152314186 epoch_time: 30.393040895462036
Epoch [55/150] :  loss =  0.027803726149378 epoch_time: 30.50437617301941
Epoch [56/150] :  loss =  0.027404617656160285 epoch_time: 31.851191997528076
Epoch [57/150] :  loss =  0.02723806861926008 epoch_time: 31.27128028869629
Epoch [58/150] :  loss =  0.027257351566933923 epoch_time: 31.11056089401245
Epoch [59/150] :  loss =  0.026937821172867662 epoch_time: 30.822009563446045
Epoch [60/150] :  loss =  0.027582066857980356 epoch_time: 31.421478748321533
Epoch [61/150] :  loss =  0.02713324698723025 epoch_time: 30.607001304626465
Epoch [62/150] :  loss =  0.026595520838681195 epoch_time: 31.37843155860901
Epoch [63/150] :  loss =  0.026563827000144456 epoch_time: 31.07033371925354
Epoch [64/150] :  loss =  0.026612784610026412 epoch_time: 31.348737716674805
Epoch [65/150] :  loss =  0.026346810317287844 epoch_time: 30.7775616645813
Epoch [66/150] :  loss =  0.026261010172742384 epoch_time: 31.581921815872192
Epoch [67/150] :  loss =  0.026041240483108494 epoch_time: 31.58943462371826
Epoch [68/150] :  loss =  0.02603921637421957 epoch_time: 31.419322967529297
Epoch [69/150] :  loss =  0.025932581060462527 epoch_time: 32.08273530006409
Epoch [70/150] :  loss =  0.025876421636591356 epoch_time: 31.104543447494507
Epoch [71/150] :  loss =  0.025789566234582 epoch_time: 31.011423349380493
Epoch [72/150] :  loss =  0.025532276680072147 epoch_time: 31.090813159942627
Epoch [73/150] :  loss =  0.025315067161702447 epoch_time: 30.475776195526123
Epoch [74/150] :  loss =  0.025491474006600953 epoch_time: 31.341944456100464
Epoch [75/150] :  loss =  0.025865709288390697 epoch_time: 30.65522050857544
Epoch [76/150] :  loss =  0.025452752442409594 epoch_time: 30.904256105422974
Epoch [77/150] :  loss =  0.025304438460066362 epoch_time: 32.10673451423645
Epoch [78/150] :  loss =  0.025046205958696426 epoch_time: 31.065834999084473
Epoch [79/150] :  loss =  0.02510954772501632 epoch_time: 32.12596344947815
Epoch [80/150] :  loss =  0.02507965313270688 epoch_time: 31.284806966781616
Epoch [81/150] :  loss =  0.025128613157128846 epoch_time: 31.06043815612793
Epoch [82/150] :  loss =  0.025026597617263044 epoch_time: 31.129738807678223
Epoch [83/150] :  loss =  0.024881348876213585 epoch_time: 30.73358392715454
Epoch [84/150] :  loss =  0.025055994020981923 epoch_time: 30.743873119354248
Epoch [85/150] :  loss =  0.024648110796180036 epoch_time: 30.91717553138733
Epoch [86/150] :  loss =  0.024767236784100533 epoch_time: 30.690226316452026
Epoch [87/150] :  loss =  0.024811495923333697 epoch_time: 30.587562799453735
Epoch [88/150] :  loss =  0.024563289989061928 epoch_time: 31.194854497909546
Epoch [89/150] :  loss =  0.02462392643576971 epoch_time: 30.997265100479126
Epoch [90/150] :  loss =  0.024425178938717755 epoch_time: 30.816309213638306
Epoch [91/150] :  loss =  0.024670526040373026 epoch_time: 30.504056215286255
Epoch [92/150] :  loss =  0.02450112858787179 epoch_time: 30.640239477157593
Epoch [93/150] :  loss =  0.024437111509205016 epoch_time: 30.56983780860901
Epoch [94/150] :  loss =  0.024266556198536245 epoch_time: 30.57209801673889
Epoch [95/150] :  loss =  0.02435887408339315 epoch_time: 30.26556706428528
Epoch [96/150] :  loss =  0.024505074170452577 epoch_time: 30.372615098953247
Epoch [97/150] :  loss =  0.024199665420585208 epoch_time: 30.243557929992676
Epoch [98/150] :  loss =  0.024090426491090545 epoch_time: 30.02193331718445
Epoch [99/150] :  loss =  0.023909993607688834 epoch_time: 30.356361865997314
Epoch [100/150] :  loss =  0.02419039953706993 epoch_time: 30.216370344161987
Epoch [101/150] :  loss =  0.023896901920023892 epoch_time: 30.06483244895935
Epoch [102/150] :  loss =  0.02442141467084487 epoch_time: 30.47934103012085
Epoch [103/150] :  loss =  0.02413763514616423 epoch_time: 30.211166620254517
Epoch [104/150] :  loss =  0.023998348577017034 epoch_time: 30.260011672973633
Epoch [105/150] :  loss =  0.024095637016688234 epoch_time: 30.717482328414917
Epoch [106/150] :  loss =  0.02378335791743464 epoch_time: 30.40200400352478
Epoch [107/150] :  loss =  0.02372830828513812 epoch_time: 30.145659923553467
Epoch [108/150] :  loss =  0.02363390277174336 epoch_time: 30.870826244354248
Epoch [109/150] :  loss =  0.02374487853160611 epoch_time: 30.136322021484375
Epoch [110/150] :  loss =  0.02358512973619832 epoch_time: 30.144051551818848
Epoch [111/150] :  loss =  0.023755973498164502 epoch_time: 30.04265546798706
Epoch [112/150] :  loss =  0.02378715554045306 epoch_time: 30.16498875617981
Epoch [113/150] :  loss =  0.023708995862829464 epoch_time: 30.293609619140625
Epoch [114/150] :  loss =  0.02350300691883873 epoch_time: 29.889256477355957
Epoch [115/150] :  loss =  0.02347382211505815 epoch_time: 30.242343425750732
Epoch [116/150] :  loss =  0.023447775333705876 epoch_time: 30.13366413116455
Epoch [117/150] :  loss =  0.02333664323237759 epoch_time: 29.98973298072815
Epoch [118/150] :  loss =  0.023573771119117737 epoch_time: 30.07839560508728
Epoch [119/150] :  loss =  0.023413727715335512 epoch_time: 30.100527048110962
Epoch [120/150] :  loss =  0.023419571540283936 epoch_time: 30.29297661781311
Epoch [121/150] :  loss =  0.02329490499364005 epoch_time: 30.267642736434937
Epoch [122/150] :  loss =  0.023368425839753064 epoch_time: 30.258532285690308
Epoch [123/150] :  loss =  0.023298317325060016 epoch_time: 30.295713424682617
Epoch [124/150] :  loss =  0.023358131827855552 epoch_time: 30.32886242866516
Epoch [125/150] :  loss =  0.023168101699815855 epoch_time: 30.145835399627686
Epoch [126/150] :  loss =  0.023104566511594586 epoch_time: 30.267301559448242
Epoch [127/150] :  loss =  0.02319299496917261 epoch_time: 30.2646005153656
Epoch [128/150] :  loss =  0.0232971235419865 epoch_time: 30.379156589508057
Epoch [129/150] :  loss =  0.023087692567733704 epoch_time: 30.43284273147583
Epoch [130/150] :  loss =  0.0229896888723252 epoch_time: 30.760923624038696
Epoch [131/150] :  loss =  0.023097930941730738 epoch_time: 30.33407425880432
Epoch [132/150] :  loss =  0.02292391421549298 epoch_time: 30.24239706993103
Epoch [133/150] :  loss =  0.022955738439190167 epoch_time: 30.192201137542725
Epoch [134/150] :  loss =  0.02299581383596416 epoch_time: 30.463087797164917
Epoch [135/150] :  loss =  0.023085057890663545 epoch_time: 30.47283911705017
Epoch [136/150] :  loss =  0.022849081549793482 epoch_time: 30.24607825279236
Epoch [137/150] :  loss =  0.023165498161688447 epoch_time: 30.151106119155884
Epoch [138/150] :  loss =  0.022775178102569446 epoch_time: 30.82144284248352
Epoch [139/150] :  loss =  0.022775119498234103 epoch_time: 30.361387252807617
Epoch [140/150] :  loss =  0.023061015884633416 epoch_time: 30.241743803024292
Epoch [141/150] :  loss =  0.022685314683864515 epoch_time: 30.215242862701416
Epoch [142/150] :  loss =  0.022653763441161975 epoch_time: 30.184417963027954
Epoch [143/150] :  loss =  0.022776373317120253 epoch_time: 30.16952157020569
Epoch [144/150] :  loss =  0.022705621344761714 epoch_time: 30.19199776649475
Epoch [145/150] :  loss =  0.022777673598654843 epoch_time: 30.252547025680542
Epoch [146/150] :  loss =  0.02264708687585813 epoch_time: 30.39604377746582
Epoch [147/150] :  loss =  0.02249038217727233 epoch_time: 30.135089874267578
Epoch [148/150] :  loss =  0.02258908013916678 epoch_time: 30.21908974647522
Epoch [149/150] :  loss =  0.02264279568636859 epoch_time: 30.344897985458374
Test result: MAE 2.00931715965271 RMSE 2.9954216480255127 MAPE 8.617783367134214
(576, 524, 1, 6)
(576, 524, 1, 6)
(576, 524, 1, 6)
Spend Time: 5670.48203587532
