{'data': {'dataset': 'Chengdu', 'miss_mechanism': 'MNAR', 'miss_ratio': 0.5, 'batch_size': 16, 'test_batch_size': 16, 'val_batch_size': 16}, 'model': {'num_nodes': 524, 'hidden_size': 16, 'in_channel': 1, 'seqlen': 6, 'st_block': 3, 'K': 4, 'd_model': 512, 'n_heads': 4}, 'train': {'cuda': 2, 'lr': '1e-3', 'epochs': 150, 'save_model_path': 'save_model/', 'result_path': 'results/'}}
train X: (1728, 524, 2, 6) train M: (1728, 524, 2, 6) train Y: (1728, 524, 2, 6)
valid X: (576, 524, 2, 6) valid M: (576, 524, 2, 6) valid Y: (576, 524, 2, 6)
test X: (576, 524, 2, 6) test M: (576, 524, 2, 6) test Y: (576, 524, 2, 6)
The input graph is a 0/1 matrix; set "scaling" to False.
Epoch [0/150] :  loss =  0.1552832219749689 epoch_time: 31.26209044456482
Epoch [1/150] :  loss =  0.05913350482781728 epoch_time: 30.842914819717407
Epoch [2/150] :  loss =  0.05092167778423539 epoch_time: 30.486868381500244
Epoch [3/150] :  loss =  0.04765143141978317 epoch_time: 30.36630868911743
Epoch [4/150] :  loss =  0.043634937800191065 epoch_time: 30.22165608406067
Epoch [5/150] :  loss =  0.041490930011840885 epoch_time: 30.558440446853638
Epoch [6/150] :  loss =  0.03949540924211895 epoch_time: 30.711458206176758
Epoch [7/150] :  loss =  0.03806354381419994 epoch_time: 30.69107723236084
Epoch [8/150] :  loss =  0.03665035404264927 epoch_time: 30.228515148162842
Epoch [9/150] :  loss =  0.03692516301655107 epoch_time: 30.073105573654175
Epoch [10/150] :  loss =  0.03536428555984188 epoch_time: 30.35765027999878
Epoch [11/150] :  loss =  0.034622851431507756 epoch_time: 30.207366228103638
Epoch [12/150] :  loss =  0.034131730941158754 epoch_time: 30.207355976104736
Epoch [13/150] :  loss =  0.03364550629285751 epoch_time: 30.120208501815796
Epoch [14/150] :  loss =  0.033347345215992794 epoch_time: 30.596729040145874
Epoch [15/150] :  loss =  0.032725891288093945 epoch_time: 30.68059492111206
Epoch [16/150] :  loss =  0.03231111691436834 epoch_time: 30.378591060638428
Epoch [17/150] :  loss =  0.03263615949631289 epoch_time: 30.435675621032715
Epoch [18/150] :  loss =  0.03187450571675544 epoch_time: 30.139756202697754
Epoch [19/150] :  loss =  0.03156753836406602 epoch_time: 30.021061897277832
Epoch [20/150] :  loss =  0.03130641784863891 epoch_time: 29.968304872512817
Epoch [21/150] :  loss =  0.03156555456074851 epoch_time: 30.24104142189026
Epoch [22/150] :  loss =  0.030928108530739944 epoch_time: 30.01273012161255
Epoch [23/150] :  loss =  0.030562062230375078 epoch_time: 30.33679986000061
Epoch [24/150] :  loss =  0.03041419098843579 epoch_time: 30.105174779891968
Epoch [25/150] :  loss =  0.030387587276183896 epoch_time: 30.101694107055664
Epoch [26/150] :  loss =  0.03063582435802177 epoch_time: 30.121915340423584
Epoch [27/150] :  loss =  0.029645958535925106 epoch_time: 29.95469617843628
Epoch [28/150] :  loss =  0.030061948009663157 epoch_time: 30.54967713356018
Epoch [29/150] :  loss =  0.029543699455206043 epoch_time: 30.139732837677002
Epoch [30/150] :  loss =  0.02949408502145498 epoch_time: 30.055548906326294
Epoch [31/150] :  loss =  0.029296832469602425 epoch_time: 29.997614860534668
Epoch [32/150] :  loss =  0.029027549498197105 epoch_time: 31.24171781539917
Epoch [33/150] :  loss =  0.029344960409044114 epoch_time: 30.547208070755005
Epoch [34/150] :  loss =  0.029059071697432687 epoch_time: 31.145617961883545
Epoch [35/150] :  loss =  0.02944187521589575 epoch_time: 30.70012855529785
Epoch [36/150] :  loss =  0.02846796050046881 epoch_time: 30.305512189865112
Epoch [37/150] :  loss =  0.028667195268941147 epoch_time: 29.981256246566772
Epoch [38/150] :  loss =  0.028441682768364746 epoch_time: 30.81938147544861
Epoch [39/150] :  loss =  0.028612618765759247 epoch_time: 30.719592094421387
Epoch [40/150] :  loss =  0.027988835117193283 epoch_time: 31.122838258743286
Epoch [41/150] :  loss =  0.02831446087953669 epoch_time: 30.58656144142151
Epoch [42/150] :  loss =  0.027939100491089955 epoch_time: 31.44566559791565
Epoch [43/150] :  loss =  0.027868959587067366 epoch_time: 31.15535259246826
Epoch [44/150] :  loss =  0.027832399726051976 epoch_time: 30.542637586593628
Epoch [45/150] :  loss =  0.02769116843464198 epoch_time: 32.059155225753784
Epoch [46/150] :  loss =  0.028166887816041708 epoch_time: 30.825422048568726
Epoch [47/150] :  loss =  0.02747297240421176 epoch_time: 31.378387928009033
Epoch [48/150] :  loss =  0.02729804575857189 epoch_time: 30.724403142929077
Epoch [49/150] :  loss =  0.02755439516018938 epoch_time: 31.08739161491394
Epoch [50/150] :  loss =  0.027382465734801912 epoch_time: 30.55306649208069
Epoch [51/150] :  loss =  0.027184082781551062 epoch_time: 31.12358570098877
Epoch [52/150] :  loss =  0.02725158110950832 epoch_time: 30.65756893157959
Epoch [53/150] :  loss =  0.026910168981110608 epoch_time: 30.540210723876953
Epoch [54/150] :  loss =  0.02699237394457062 epoch_time: 30.467302799224854
Epoch [55/150] :  loss =  0.02671551497446166 epoch_time: 30.178639888763428
Epoch [56/150] :  loss =  0.02681884014358123 epoch_time: 30.285608291625977
Epoch [57/150] :  loss =  0.026730043710105948 epoch_time: 29.94856333732605
Epoch [58/150] :  loss =  0.026719626228980446 epoch_time: 30.934991121292114
Epoch [59/150] :  loss =  0.026559921999082522 epoch_time: 30.131638050079346
Epoch [60/150] :  loss =  0.026399190037476795 epoch_time: 31.611454963684082
Epoch [61/150] :  loss =  0.026168764085957297 epoch_time: 30.331284284591675
Epoch [62/150] :  loss =  0.025850534508073772 epoch_time: 30.906951189041138
Epoch [63/150] :  loss =  0.025852997994257346 epoch_time: 30.800379753112793
Epoch [64/150] :  loss =  0.02568560450648268 epoch_time: 30.971537113189697
Epoch [65/150] :  loss =  0.025473328203790717 epoch_time: 30.900293827056885
Epoch [66/150] :  loss =  0.025395778369986348 epoch_time: 30.808547973632812
Epoch [67/150] :  loss =  0.025829050172534253 epoch_time: 30.013314247131348
Epoch [68/150] :  loss =  0.025112361836902523 epoch_time: 30.07443642616272
Epoch [69/150] :  loss =  0.02518734577353354 epoch_time: 30.185603618621826
Epoch [70/150] :  loss =  0.02525602037914925 epoch_time: 30.820345640182495
Epoch [71/150] :  loss =  0.024937157501914987 epoch_time: 31.071467638015747
Epoch [72/150] :  loss =  0.02505167001099498 epoch_time: 30.244327783584595
Epoch [73/150] :  loss =  0.02512115133167417 epoch_time: 30.150668144226074
Epoch [74/150] :  loss =  0.02469327709534102 epoch_time: 30.247045278549194
Epoch [75/150] :  loss =  0.02456088364124298 epoch_time: 30.444536447525024
Epoch [76/150] :  loss =  0.02449838204861239 epoch_time: 30.448063135147095
Epoch [77/150] :  loss =  0.024630677903553954 epoch_time: 30.03184223175049
Epoch [78/150] :  loss =  0.02432953511123304 epoch_time: 30.46142029762268
Epoch [79/150] :  loss =  0.02450964784387637 epoch_time: 30.06969666481018
Epoch [80/150] :  loss =  0.02430853968555177 epoch_time: 30.106233835220337
Epoch [81/150] :  loss =  0.024432694849868614 epoch_time: 30.977192640304565
Epoch [82/150] :  loss =  0.024160424626811786 epoch_time: 30.43716049194336
Epoch [83/150] :  loss =  0.024216807637087726 epoch_time: 30.184387683868408
Epoch [84/150] :  loss =  0.025485916580590937 epoch_time: 30.00681161880493
Epoch [85/150] :  loss =  0.023960777489399468 epoch_time: 30.513461589813232
Epoch [86/150] :  loss =  0.02378349320066196 epoch_time: 30.143343448638916
Epoch [87/150] :  loss =  0.023826546415134712 epoch_time: 30.343078136444092
Epoch [88/150] :  loss =  0.023685435229843413 epoch_time: 30.07504940032959
Epoch [89/150] :  loss =  0.023817495925834885 epoch_time: 30.25652289390564
Epoch [90/150] :  loss =  0.0239877011799426 epoch_time: 30.901973009109497
Epoch [91/150] :  loss =  0.023840196206475848 epoch_time: 30.20775032043457
Epoch [92/150] :  loss =  0.02384672738197777 epoch_time: 30.624159812927246
Epoch [93/150] :  loss =  0.02394853299483657 epoch_time: 30.153069019317627
Epoch [94/150] :  loss =  0.02358749972794343 epoch_time: 30.27763032913208
Epoch [95/150] :  loss =  0.023617887886723987 epoch_time: 30.11484932899475
Epoch [96/150] :  loss =  0.023380967305490264 epoch_time: 29.937458753585815
Epoch [97/150] :  loss =  0.023382245304269925 epoch_time: 31.254278659820557
Epoch [98/150] :  loss =  0.023337023703519394 epoch_time: 30.17162847518921
Epoch [99/150] :  loss =  0.023273850791156292 epoch_time: 30.43014645576477
Epoch [100/150] :  loss =  0.023160537083943684 epoch_time: 30.24281930923462
Epoch [101/150] :  loss =  0.023300505933110362 epoch_time: 30.193814992904663
Epoch [102/150] :  loss =  0.023205113424747077 epoch_time: 30.57453155517578
Epoch [103/150] :  loss =  0.023100729376353598 epoch_time: 30.239397764205933
Epoch [104/150] :  loss =  0.023399857735192334 epoch_time: 30.368733406066895
Epoch [105/150] :  loss =  0.023303285672294873 epoch_time: 30.07831335067749
Epoch [106/150] :  loss =  0.022892185107425408 epoch_time: 30.320684671401978
Epoch [107/150] :  loss =  0.02295579640539708 epoch_time: 29.999956369400024
Epoch [108/150] :  loss =  0.023033782960502087 epoch_time: 30.101495504379272
Epoch [109/150] :  loss =  0.023027414162815722 epoch_time: 30.618611574172974
Epoch [110/150] :  loss =  0.022742731884742778 epoch_time: 30.239115238189697
Epoch [111/150] :  loss =  0.02276688667566136 epoch_time: 30.05436086654663
Epoch [112/150] :  loss =  0.02272913118617402 epoch_time: 32.342442750930786
Epoch [113/150] :  loss =  0.0226883492777469 epoch_time: 30.16404628753662
Epoch [114/150] :  loss =  0.022752665354076912 epoch_time: 30.155773639678955
Epoch [115/150] :  loss =  0.022766736870700563 epoch_time: 30.02499032020569
Epoch [116/150] :  loss =  0.02273555565625429 epoch_time: 30.642669200897217
Epoch [117/150] :  loss =  0.022460588685202378 epoch_time: 30.288928031921387
Epoch [118/150] :  loss =  0.022601428872871178 epoch_time: 30.378316164016724
Epoch [119/150] :  loss =  0.02250116380552451 epoch_time: 30.291120529174805
Epoch [120/150] :  loss =  0.022460592738180248 epoch_time: 30.301013946533203
Epoch [121/150] :  loss =  0.022443116418327445 epoch_time: 30.10857057571411
Epoch [122/150] :  loss =  0.02242355709205623 epoch_time: 30.368072271347046
Epoch [123/150] :  loss =  0.02261140845991947 epoch_time: 30.299901008605957
Epoch [124/150] :  loss =  0.02228568853051574 epoch_time: 30.432063341140747
Epoch [125/150] :  loss =  0.02230602283789604 epoch_time: 30.08288550376892
Epoch [126/150] :  loss =  0.02216630906763452 epoch_time: 30.08661413192749
Epoch [127/150] :  loss =  0.022486921762012772 epoch_time: 30.06745672225952
Epoch [128/150] :  loss =  0.022146663102493795 epoch_time: 29.780321836471558
Epoch [129/150] :  loss =  0.022121910005807877 epoch_time: 30.769800424575806
Epoch [130/150] :  loss =  0.022017191388402826 epoch_time: 30.035441160202026
Epoch [131/150] :  loss =  0.022250570451702784 epoch_time: 30.215962409973145
Epoch [132/150] :  loss =  0.02202888679932113 epoch_time: 30.11572003364563
Epoch [133/150] :  loss =  0.02192829257843119 epoch_time: 29.949378967285156
Epoch [134/150] :  loss =  0.021979522580901783 epoch_time: 30.18646788597107
Epoch [135/150] :  loss =  0.022285529024278123 epoch_time: 29.958969593048096
Epoch [136/150] :  loss =  0.021984487297703272 epoch_time: 30.056284427642822
Epoch [137/150] :  loss =  0.021873686117706476 epoch_time: 29.847672939300537
Epoch [138/150] :  loss =  0.021962724401857012 epoch_time: 30.293463468551636
Epoch [139/150] :  loss =  0.021921942174365674 epoch_time: 30.48564863204956
Epoch [140/150] :  loss =  0.02208354606948517 epoch_time: 30.26969337463379
Epoch [141/150] :  loss =  0.021878704118231933 epoch_time: 30.092846632003784
Epoch [142/150] :  loss =  0.021621178542436274 epoch_time: 30.511085271835327
Epoch [143/150] :  loss =  0.021706967787058266 epoch_time: 30.48169732093811
Epoch [144/150] :  loss =  0.021601385488692258 epoch_time: 30.025420665740967
Epoch [145/150] :  loss =  0.021735881420749205 epoch_time: 30.039939403533936
Epoch [146/150] :  loss =  0.02195609719664962 epoch_time: 30.122225522994995
Epoch [147/150] :  loss =  0.02166382540707235 epoch_time: 30.414087533950806
Epoch [148/150] :  loss =  0.021475039025837625 epoch_time: 30.301477670669556
Epoch [149/150] :  loss =  0.02162859940694438 epoch_time: 30.13250970840454
Test result: MAE 1.9541883636628903 RMSE 2.93491787556098 MAPE 8.369801128889282
(576, 524, 1, 6)
(576, 524, 1, 6)
(576, 524, 1, 6)
Spend Time: 4580.895681381226
