{'data': {'dataset': 'Chengdu', 'miss_mechanism': 'MNAR', 'miss_ratio': 0.5, 'batch_size': 16, 'test_batch_size': 16, 'val_batch_size': 16}, 'model': {'num_nodes': 524, 'hidden_size': 16, 'in_channel': 1, 'seqlen': 6, 'st_block': 3, 'K': 4, 'd_model': 512, 'n_heads': 4}, 'train': {'cuda': 2, 'lr': '1e-3', 'epochs': 150, 'save_model_path': 'save_model/', 'result_path': 'results/'}}
train X: (1728, 524, 2, 6) train M: (1728, 524, 2, 6) train Y: (1728, 524, 2, 6)
valid X: (576, 524, 2, 6) valid M: (576, 524, 2, 6) valid Y: (576, 524, 2, 6)
test X: (576, 524, 2, 6) test M: (576, 524, 2, 6) test Y: (576, 524, 2, 6)
The input graph is a 0/1 matrix; set "scaling" to False.
Epoch [0/150] :  loss =  0.1306491372761903 epoch_time: 31.36929750442505
Epoch [1/150] :  loss =  0.05678898710067625 epoch_time: 30.987781047821045
Epoch [2/150] :  loss =  0.04916321048168121 epoch_time: 30.934813499450684
Epoch [3/150] :  loss =  0.044358903921588706 epoch_time: 31.868408203125
Epoch [4/150] :  loss =  0.04168463886405031 epoch_time: 30.25470471382141
Epoch [5/150] :  loss =  0.039989793173002976 epoch_time: 30.953327178955078
Epoch [6/150] :  loss =  0.038284310777844104 epoch_time: 30.93421244621277
Epoch [7/150] :  loss =  0.03742901960180865 epoch_time: 30.858519792556763
Epoch [8/150] :  loss =  0.035862375826885305 epoch_time: 30.91987133026123
Epoch [9/150] :  loss =  0.0349781664295329 epoch_time: 30.1078462600708
Epoch [10/150] :  loss =  0.034679464564693195 epoch_time: 30.286916971206665
Epoch [11/150] :  loss =  0.03399108162287761 epoch_time: 30.38629126548767
Epoch [12/150] :  loss =  0.03318605347777958 epoch_time: 30.34780716896057
Epoch [13/150] :  loss =  0.033106577617150766 epoch_time: 30.506253957748413
Epoch [14/150] :  loss =  0.032657327906539045 epoch_time: 30.220845937728882
Epoch [15/150] :  loss =  0.03176323872887426 epoch_time: 30.736300468444824
Epoch [16/150] :  loss =  0.031471653582735196 epoch_time: 30.327394723892212
Epoch [17/150] :  loss =  0.031583523774450575 epoch_time: 31.331031322479248
Epoch [18/150] :  loss =  0.030958749077938223 epoch_time: 30.628810167312622
Epoch [19/150] :  loss =  0.030836451333016157 epoch_time: 30.26605534553528
Epoch [20/150] :  loss =  0.03048997368939497 epoch_time: 30.078940868377686
Epoch [21/150] :  loss =  0.030212834822358908 epoch_time: 30.230220079421997
Epoch [22/150] :  loss =  0.030256251545829907 epoch_time: 30.840798139572144
Epoch [23/150] :  loss =  0.030117216520011425 epoch_time: 30.389963150024414
Epoch [24/150] :  loss =  0.029869916365930328 epoch_time: 30.293479442596436
Epoch [25/150] :  loss =  0.029327669318903377 epoch_time: 30.22828769683838
Epoch [26/150] :  loss =  0.029226736941685278 epoch_time: 30.840251922607422
Epoch [27/150] :  loss =  0.029126484274726222 epoch_time: 30.16543936729431
Epoch [28/150] :  loss =  0.02885672462138313 epoch_time: 30.29435896873474
Epoch [29/150] :  loss =  0.02893171588786774 epoch_time: 29.909295320510864
Epoch [30/150] :  loss =  0.02892625299109905 epoch_time: 30.110909938812256
Epoch [31/150] :  loss =  0.028712639757604512 epoch_time: 30.109487771987915
Epoch [32/150] :  loss =  0.028327710098690458 epoch_time: 29.931293964385986
Epoch [33/150] :  loss =  0.028286633064487466 epoch_time: 30.098968029022217
Epoch [34/150] :  loss =  0.02813561236554826 epoch_time: 30.486223936080933
Epoch [35/150] :  loss =  0.02806209571038683 epoch_time: 29.89620852470398
Epoch [36/150] :  loss =  0.02769721239046366 epoch_time: 30.23968195915222
Epoch [37/150] :  loss =  0.02799446121961982 epoch_time: 30.363547563552856
Epoch [38/150] :  loss =  0.027469249649180308 epoch_time: 29.95998215675354
Epoch [39/150] :  loss =  0.027776974788004602 epoch_time: 30.141501665115356
Epoch [40/150] :  loss =  0.027445765815813233 epoch_time: 30.45986557006836
Epoch [41/150] :  loss =  0.027442974193642538 epoch_time: 30.480464696884155
Epoch [42/150] :  loss =  0.02733962532753746 epoch_time: 30.389726161956787
Epoch [43/150] :  loss =  0.027306205144634953 epoch_time: 30.1018648147583
Epoch [44/150] :  loss =  0.02702493148131503 epoch_time: 30.277735948562622
Epoch [45/150] :  loss =  0.026888491741071146 epoch_time: 30.72983431816101
Epoch [46/150] :  loss =  0.02672882362579306 epoch_time: 30.594419479370117
Epoch [47/150] :  loss =  0.026770580542722234 epoch_time: 30.343680381774902
Epoch [48/150] :  loss =  0.026439156262548984 epoch_time: 30.030402898788452
Epoch [49/150] :  loss =  0.026571911587207404 epoch_time: 30.138063669204712
Epoch [50/150] :  loss =  0.026335640672456334 epoch_time: 30.779256582260132
Epoch [51/150] :  loss =  0.026110142779846985 epoch_time: 30.193713188171387
Epoch [52/150] :  loss =  0.026067619263711903 epoch_time: 30.07464289665222
Epoch [53/150] :  loss =  0.026061496697366238 epoch_time: 30.52221417427063
Epoch [54/150] :  loss =  0.025672702032520815 epoch_time: 30.525822162628174
Epoch [55/150] :  loss =  0.025760967888075997 epoch_time: 31.710826635360718
Epoch [56/150] :  loss =  0.025288873990238818 epoch_time: 30.83900237083435
Epoch [57/150] :  loss =  0.025323137640953064 epoch_time: 31.009838104248047
Epoch [58/150] :  loss =  0.024894670738528173 epoch_time: 30.547943353652954
Epoch [59/150] :  loss =  0.02483045578830772 epoch_time: 31.004054069519043
Epoch [60/150] :  loss =  0.024858161099944955 epoch_time: 30.340693473815918
Epoch [61/150] :  loss =  0.02481505033318643 epoch_time: 30.595422983169556
Epoch [62/150] :  loss =  0.024586440874608578 epoch_time: 30.76824641227722
Epoch [63/150] :  loss =  0.024523183444721833 epoch_time: 30.0476655960083
Epoch [64/150] :  loss =  0.024561090877762547 epoch_time: 30.127453565597534
Epoch [65/150] :  loss =  0.02442442129055659 epoch_time: 30.242628812789917
Epoch [66/150] :  loss =  0.024431701715069788 epoch_time: 30.487106323242188
Epoch [67/150] :  loss =  0.02432013842863617 epoch_time: 30.027307510375977
Epoch [68/150] :  loss =  0.023976447267664805 epoch_time: 30.766517162322998
Epoch [69/150] :  loss =  0.024057455429876293 epoch_time: 30.08877420425415
Epoch [70/150] :  loss =  0.023888517636805773 epoch_time: 30.170106649398804
Epoch [71/150] :  loss =  0.0238566171998779 epoch_time: 30.30764126777649
Epoch [72/150] :  loss =  0.023811887725497836 epoch_time: 30.14678192138672
Epoch [73/150] :  loss =  0.023871297482401133 epoch_time: 30.165858268737793
Epoch [74/150] :  loss =  0.023712932718572794 epoch_time: 30.231200456619263
Epoch [75/150] :  loss =  0.02355948138844084 epoch_time: 30.112828731536865
Epoch [76/150] :  loss =  0.02357403725316679 epoch_time: 30.352973699569702
Epoch [77/150] :  loss =  0.023770222561088978 epoch_time: 30.625903129577637
Epoch [78/150] :  loss =  0.023280372998366754 epoch_time: 30.125367403030396
Epoch [79/150] :  loss =  0.023397065233439207 epoch_time: 30.213216304779053
Epoch [80/150] :  loss =  0.023531353584042302 epoch_time: 30.194591283798218
Epoch [81/150] :  loss =  0.02375516305781073 epoch_time: 30.2826726436615
Epoch [82/150] :  loss =  0.023296289232180075 epoch_time: 30.487746477127075
Epoch [83/150] :  loss =  0.022955068042156874 epoch_time: 30.471980571746826
Epoch [84/150] :  loss =  0.022970357409643906 epoch_time: 30.303827047348022
Epoch [85/150] :  loss =  0.022714782437240635 epoch_time: 30.323686838150024
Epoch [86/150] :  loss =  0.022597897815069667 epoch_time: 30.43275499343872
Epoch [87/150] :  loss =  0.02289108169713506 epoch_time: 30.24847912788391
Epoch [88/150] :  loss =  0.02265640294731215 epoch_time: 30.358832836151123
Epoch [89/150] :  loss =  0.022499610221496335 epoch_time: 30.14533543586731
Epoch [90/150] :  loss =  0.02247303948496227 epoch_time: 30.162770748138428
Epoch [91/150] :  loss =  0.022352163283223356 epoch_time: 30.482693910598755
Epoch [92/150] :  loss =  0.022195345877359312 epoch_time: 30.151512622833252
Epoch [93/150] :  loss =  0.02234261367401039 epoch_time: 30.552898168563843
Epoch [94/150] :  loss =  0.022288260895206972 epoch_time: 30.233097791671753
Epoch [95/150] :  loss =  0.02220041473844537 epoch_time: 30.20987033843994
Epoch [96/150] :  loss =  0.022101302096551215 epoch_time: 30.479084730148315
Epoch [97/150] :  loss =  0.022290931428196253 epoch_time: 31.093985557556152
Epoch [98/150] :  loss =  0.022045577755542816 epoch_time: 30.571425199508667
Epoch [99/150] :  loss =  0.021983236091694346 epoch_time: 30.255458116531372
Epoch [100/150] :  loss =  0.022340984963294532 epoch_time: 30.173136711120605
Epoch [101/150] :  loss =  0.021832531507782364 epoch_time: 30.356456995010376
Epoch [102/150] :  loss =  0.02175545904578434 epoch_time: 30.470617532730103
Epoch [103/150] :  loss =  0.02184064296522626 epoch_time: 30.335410594940186
Epoch [104/150] :  loss =  0.02201804506626946 epoch_time: 30.22616720199585
Epoch [105/150] :  loss =  0.02169458223161874 epoch_time: 30.336512088775635
Epoch [106/150] :  loss =  0.021506012469116185 epoch_time: 30.249287605285645
Epoch [107/150] :  loss =  0.021710398503475718 epoch_time: 30.063032627105713
Epoch [108/150] :  loss =  0.02153524755569244 epoch_time: 30.24620223045349
Epoch [109/150] :  loss =  0.021588121670194797 epoch_time: 30.146717071533203
Epoch [110/150] :  loss =  0.02156384285815336 epoch_time: 30.047138452529907
Epoch [111/150] :  loss =  0.021370884496718645 epoch_time: 30.554921627044678
Epoch [112/150] :  loss =  0.02140609598373649 epoch_time: 30.131359338760376
Epoch [113/150] :  loss =  0.021292816218057717 epoch_time: 30.260977029800415
Epoch [114/150] :  loss =  0.02155262311161668 epoch_time: 30.294070959091187
Epoch [115/150] :  loss =  0.021554255435519195 epoch_time: 30.365540027618408
Epoch [116/150] :  loss =  0.021211620489204372 epoch_time: 30.22099757194519
Epoch [117/150] :  loss =  0.021131110429349873 epoch_time: 30.42968463897705
Epoch [118/150] :  loss =  0.021218564740761562 epoch_time: 30.18791174888611
Epoch [119/150] :  loss =  0.021160664554271433 epoch_time: 30.304335594177246
Epoch [120/150] :  loss =  0.02118707142977251 epoch_time: 30.390584468841553
Epoch [121/150] :  loss =  0.020920033583900443 epoch_time: 30.352459192276
Epoch [122/150] :  loss =  0.02123130405218237 epoch_time: 30.07899832725525
Epoch [123/150] :  loss =  0.021156840509286633 epoch_time: 30.14342164993286
Epoch [124/150] :  loss =  0.021012943988252018 epoch_time: 30.13700032234192
Epoch [125/150] :  loss =  0.020961920946353563 epoch_time: 30.05134868621826
Epoch [126/150] :  loss =  0.02095587467947216 epoch_time: 30.08468508720398
Epoch [127/150] :  loss =  0.020987938572135236 epoch_time: 30.213362455368042
Epoch [128/150] :  loss =  0.020879313453204103 epoch_time: 30.043272018432617
Epoch [129/150] :  loss =  0.02074504240967885 epoch_time: 30.17252206802368
Epoch [130/150] :  loss =  0.02086347248405218 epoch_time: 30.20730710029602
Epoch [131/150] :  loss =  0.021408624162345572 epoch_time: 30.362670183181763
Epoch [132/150] :  loss =  0.020738504266504337 epoch_time: 30.776926040649414
Epoch [133/150] :  loss =  0.020548606084452734 epoch_time: 30.536234855651855
Epoch [134/150] :  loss =  0.02078079798741749 epoch_time: 30.305679321289062
Epoch [135/150] :  loss =  0.020887220407732658 epoch_time: 30.12553095817566
Epoch [136/150] :  loss =  0.020610705009420163 epoch_time: 30.254289388656616
Epoch [137/150] :  loss =  0.02065149251440609 epoch_time: 30.30768656730652
Epoch [138/150] :  loss =  0.020542524237599637 epoch_time: 30.456603050231934
Epoch [139/150] :  loss =  0.02049819111858529 epoch_time: 30.84723162651062
Epoch [140/150] :  loss =  0.020561908992628258 epoch_time: 30.444903135299683
Epoch [141/150] :  loss =  0.02055776221850128 epoch_time: 30.19109296798706
Epoch [142/150] :  loss =  0.02047016789826254 epoch_time: 30.157532930374146
Epoch [143/150] :  loss =  0.020296231645193917 epoch_time: 30.22476077079773
Epoch [144/150] :  loss =  0.020365578225917287 epoch_time: 30.6862633228302
Epoch [145/150] :  loss =  0.020357368022410408 epoch_time: 30.69820785522461
Epoch [146/150] :  loss =  0.02042581716172949 epoch_time: 30.27148151397705
Epoch [147/150] :  loss =  0.02026123153390708 epoch_time: 30.22287654876709
Epoch [148/150] :  loss =  0.020340489378819864 epoch_time: 30.338114023208618
Epoch [149/150] :  loss =  0.020396709890553245 epoch_time: 30.192336797714233
Test result: MAE 1.915553754496474 RMSE 2.89678328288489 MAPE 8.107864803794579
(576, 524, 1, 6)
(576, 524, 1, 6)
(576, 524, 1, 6)
Spend Time: 4567.794702529907
