{'data': {'dataset': 'METR-LA', 'miss_mechanism': 'MAR', 'miss_ratio': 0.5, 'batch_size': 16, 'test_batch_size': 16, 'val_batch_size': 16}, 'model': {'num_nodes': 207, 'hidden_size': 16, 'in_channel': 1, 'seqlen': 12, 'st_block': 3, 'K': 3, 'd_model': 512, 'n_heads': 3}, 'train': {'cuda': 1, 'lr': '1e-3', 'epochs': 150, 'save_model_path': 'save_model/', 'result_path': 'results/'}}
train X: (1999, 207, 2, 12) train M: (1999, 207, 2, 12) train Y: (1999, 207, 2, 12)
valid X: (285, 207, 2, 12) valid M: (285, 207, 2, 12) valid Y: (285, 207, 2, 12)
test X: (571, 207, 2, 12) test M: (571, 207, 2, 12) test Y: (571, 207, 2, 12)
Epoch [0/150] :  loss =  0.08543018798530101 epoch_time: 22.310025691986084
Epoch [1/150] :  loss =  0.036942073851823805 epoch_time: 23.36876130104065
Epoch [2/150] :  loss =  0.02993071463704109 epoch_time: 21.646045207977295
Epoch [3/150] :  loss =  0.026082506231963634 epoch_time: 22.491896390914917
Epoch [4/150] :  loss =  0.02362134498357773 epoch_time: 22.158493995666504
Epoch [5/150] :  loss =  0.021269713826477528 epoch_time: 22.556321382522583
Epoch [6/150] :  loss =  0.018907188795506954 epoch_time: 21.703351497650146
Epoch [7/150] :  loss =  0.01726523456722498 epoch_time: 22.005005598068237
Epoch [8/150] :  loss =  0.015605106882750987 epoch_time: 22.15177059173584
Epoch [9/150] :  loss =  0.0147960354834795 epoch_time: 22.26966094970703
Epoch [10/150] :  loss =  0.013639435820281506 epoch_time: 22.909675121307373
Epoch [11/150] :  loss =  0.012994878973811864 epoch_time: 23.215757131576538
Epoch [12/150] :  loss =  0.012343389604240656 epoch_time: 24.18655037879944
Epoch [13/150] :  loss =  0.011772143717855215 epoch_time: 23.970701217651367
Epoch [14/150] :  loss =  0.011469179470092059 epoch_time: 22.809369802474976
Epoch [15/150] :  loss =  0.010996618404984474 epoch_time: 23.936248540878296
Epoch [16/150] :  loss =  0.010665099639445542 epoch_time: 23.766052961349487
Epoch [17/150] :  loss =  0.010248430274426937 epoch_time: 22.514035940170288
Epoch [18/150] :  loss =  0.010037738263607026 epoch_time: 23.125417947769165
Epoch [19/150] :  loss =  0.009420238744467497 epoch_time: 23.04437232017517
Epoch [20/150] :  loss =  0.009427631597965955 epoch_time: 23.496365070343018
Epoch [21/150] :  loss =  0.009138579439371824 epoch_time: 23.75301432609558
Epoch [22/150] :  loss =  0.008907976672053336 epoch_time: 22.61278486251831
Epoch [23/150] :  loss =  0.00876824301108718 epoch_time: 22.95745277404785
Epoch [24/150] :  loss =  0.008381476797163487 epoch_time: 22.714679956436157
Epoch [25/150] :  loss =  0.008409011162817477 epoch_time: 23.056713342666626
Epoch [26/150] :  loss =  0.008335398826748133 epoch_time: 23.22281265258789
Epoch [27/150] :  loss =  0.008590579945594073 epoch_time: 23.191664695739746
Epoch [28/150] :  loss =  0.00810196515917778 epoch_time: 23.771969318389893
Epoch [29/150] :  loss =  0.008004220556467772 epoch_time: 23.13111186027527
Epoch [30/150] :  loss =  0.007578523438423872 epoch_time: 23.036069631576538
Epoch [31/150] :  loss =  0.007491933885961771 epoch_time: 23.23110032081604
Epoch [32/150] :  loss =  0.007494690857827663 epoch_time: 22.8564395904541
Epoch [33/150] :  loss =  0.007323389053344727 epoch_time: 22.95941424369812
Epoch [34/150] :  loss =  0.00728170020878315 epoch_time: 23.269891262054443
Epoch [35/150] :  loss =  0.00720567536354065 epoch_time: 22.632702112197876
Epoch [36/150] :  loss =  0.007023982845246792 epoch_time: 22.267442226409912
Epoch [37/150] :  loss =  0.007023223511874676 epoch_time: 22.653627157211304
Epoch [38/150] :  loss =  0.006966210633516312 epoch_time: 23.32217288017273
Epoch [39/150] :  loss =  0.006889049466699362 epoch_time: 22.7594735622406
Epoch [40/150] :  loss =  0.006744179897010327 epoch_time: 22.787367343902588
Epoch [41/150] :  loss =  0.006672745358198881 epoch_time: 23.78343415260315
Epoch [42/150] :  loss =  0.00661690679192543 epoch_time: 24.09879970550537
Epoch [43/150] :  loss =  0.006623473383486271 epoch_time: 23.35575819015503
Epoch [44/150] :  loss =  0.007037134811282158 epoch_time: 23.204913854599
Epoch [45/150] :  loss =  0.007077982652932405 epoch_time: 23.735234260559082
Epoch [46/150] :  loss =  0.006604993745684623 epoch_time: 23.01000165939331
Epoch [47/150] :  loss =  0.006292077485471964 epoch_time: 22.947333812713623
Epoch [48/150] :  loss =  0.006262206234037876 epoch_time: 23.975624561309814
Epoch [49/150] :  loss =  0.0061924255862832065 epoch_time: 23.557591199874878
Epoch [50/150] :  loss =  0.006187779188156128 epoch_time: 22.68702244758606
Epoch [51/150] :  loss =  0.006088341314345598 epoch_time: 22.760722637176514
Epoch [52/150] :  loss =  0.006158629968762398 epoch_time: 23.457967042922974
Epoch [53/150] :  loss =  0.006183616433292628 epoch_time: 24.03764319419861
Epoch [54/150] :  loss =  0.0060777546837925914 epoch_time: 23.75437331199646
Epoch [55/150] :  loss =  0.006111294554546475 epoch_time: 23.867048025131226
Epoch [56/150] :  loss =  0.006060329753905535 epoch_time: 23.140170097351074
Epoch [57/150] :  loss =  0.00584005369246006 epoch_time: 23.6880624294281
Epoch [58/150] :  loss =  0.005909733472391963 epoch_time: 23.466048002243042
Epoch [59/150] :  loss =  0.0058718683831393715 epoch_time: 23.912649869918823
Epoch [60/150] :  loss =  0.00603132413700223 epoch_time: 23.7121319770813
Epoch [61/150] :  loss =  0.005947417460381985 epoch_time: 23.299955368041992
Epoch [62/150] :  loss =  0.005896895833313465 epoch_time: 23.95283842086792
Epoch [63/150] :  loss =  0.005783561091870069 epoch_time: 23.008628129959106
Epoch [64/150] :  loss =  0.005782950904220343 epoch_time: 22.666466236114502
Epoch [65/150] :  loss =  0.005908542551100254 epoch_time: 23.39596438407898
Epoch [66/150] :  loss =  0.005679232208058238 epoch_time: 23.87971258163452
Epoch [67/150] :  loss =  0.0056549724861979485 epoch_time: 23.13792586326599
Epoch [68/150] :  loss =  0.005665202029049397 epoch_time: 22.822009325027466
Epoch [69/150] :  loss =  0.005670950673520565 epoch_time: 22.873395919799805
Epoch [70/150] :  loss =  0.005669557202607393 epoch_time: 22.465348482131958
Epoch [71/150] :  loss =  0.00576926888525486 epoch_time: 23.218782663345337
Epoch [72/150] :  loss =  0.006657199617475271 epoch_time: 23.49008846282959
Epoch [73/150] :  loss =  0.0057660482414066795 epoch_time: 22.997151851654053
Epoch [74/150] :  loss =  0.006037233885377646 epoch_time: 23.029056787490845
Epoch [75/150] :  loss =  0.005789472568780184 epoch_time: 24.156011819839478
Epoch [76/150] :  loss =  0.005564603772014379 epoch_time: 23.56846284866333
Epoch [77/150] :  loss =  0.005481745282188058 epoch_time: 23.383228302001953
Epoch [78/150] :  loss =  0.00536433226801455 epoch_time: 23.328070640563965
Epoch [79/150] :  loss =  0.005442817497998476 epoch_time: 22.997954607009888
Epoch [80/150] :  loss =  0.005396221533417702 epoch_time: 23.350135326385498
Epoch [81/150] :  loss =  0.0053523870408535 epoch_time: 23.33635663986206
Epoch [82/150] :  loss =  0.005360515551641584 epoch_time: 22.560559511184692
Epoch [83/150] :  loss =  0.005460574474185706 epoch_time: 22.647778749465942
Epoch [84/150] :  loss =  0.005364353256300092 epoch_time: 22.82667565345764
Epoch [85/150] :  loss =  0.00540427427738905 epoch_time: 24.131808519363403
Epoch [86/150] :  loss =  0.005358376994729042 epoch_time: 22.943641662597656
Epoch [87/150] :  loss =  0.005408114390447736 epoch_time: 23.95073390007019
Epoch [88/150] :  loss =  0.0053211017455905675 epoch_time: 23.56621789932251
Epoch [89/150] :  loss =  0.005247791947796941 epoch_time: 22.76854681968689
Epoch [90/150] :  loss =  0.0051976877432316545 epoch_time: 23.17086386680603
Epoch [91/150] :  loss =  0.005313014931976795 epoch_time: 23.2063570022583
Epoch [92/150] :  loss =  0.005267279518768191 epoch_time: 22.890201330184937
Epoch [93/150] :  loss =  0.005253701796755194 epoch_time: 22.835578680038452
Epoch [94/150] :  loss =  0.005371798373758793 epoch_time: 23.082597494125366
Epoch [95/150] :  loss =  0.005100074281916022 epoch_time: 23.338816165924072
Epoch [96/150] :  loss =  0.005180846270173788 epoch_time: 22.369536876678467
Epoch [97/150] :  loss =  0.0051548060420900585 epoch_time: 22.880656003952026
Epoch [98/150] :  loss =  0.00518424099124968 epoch_time: 23.268710374832153
Epoch [99/150] :  loss =  0.005146421521902084 epoch_time: 22.70524311065674
Epoch [100/150] :  loss =  0.005119963340461254 epoch_time: 22.71931004524231
Epoch [101/150] :  loss =  0.005091873459517956 epoch_time: 22.65775465965271
Epoch [102/150] :  loss =  0.005241700263693929 epoch_time: 22.995079040527344
Epoch [103/150] :  loss =  0.005046835117042065 epoch_time: 23.40019726753235
Epoch [104/150] :  loss =  0.005071460952982307 epoch_time: 23.402048349380493
Epoch [105/150] :  loss =  0.0051694518271833655 epoch_time: 23.415782690048218
Epoch [106/150] :  loss =  0.005048491774126887 epoch_time: 22.896095037460327
Epoch [107/150] :  loss =  0.0050114257503300905 epoch_time: 23.383649587631226
Epoch [108/150] :  loss =  0.005145359121263027 epoch_time: 23.90007734298706
Epoch [109/150] :  loss =  0.005037136929109692 epoch_time: 22.667425870895386
Epoch [110/150] :  loss =  0.005003842296078801 epoch_time: 23.469013929367065
Epoch [111/150] :  loss =  0.004947965392842889 epoch_time: 22.93332076072693
Epoch [112/150] :  loss =  0.004944426940754056 epoch_time: 23.10527801513672
Epoch [113/150] :  loss =  0.004921482522040606 epoch_time: 23.88002610206604
Epoch [114/150] :  loss =  0.004907625045627356 epoch_time: 23.58539843559265
Epoch [115/150] :  loss =  0.004956736512482166 epoch_time: 23.16697096824646
Epoch [116/150] :  loss =  0.005009827258065343 epoch_time: 22.69955563545227
Epoch [117/150] :  loss =  0.004908369030803442 epoch_time: 23.239342212677002
Epoch [118/150] :  loss =  0.004852146087214351 epoch_time: 22.809970140457153
Epoch [119/150] :  loss =  0.004898733664304018 epoch_time: 22.67107367515564
Epoch [120/150] :  loss =  0.004867392376065254 epoch_time: 22.595606327056885
Epoch [121/150] :  loss =  0.004947386542335152 epoch_time: 22.776094675064087
Epoch [122/150] :  loss =  0.004921069530770182 epoch_time: 23.415913581848145
Epoch [123/150] :  loss =  0.00484999612160027 epoch_time: 22.869350910186768
Epoch [124/150] :  loss =  0.004787222268059849 epoch_time: 23.10131573677063
Epoch [125/150] :  loss =  0.004947076365351677 epoch_time: 23.39412260055542
Epoch [126/150] :  loss =  0.004900549940764904 epoch_time: 23.07497811317444
Epoch [127/150] :  loss =  0.004894954526796937 epoch_time: 23.159995079040527
Epoch [128/150] :  loss =  0.004768428696319461 epoch_time: 23.3708713054657
Epoch [129/150] :  loss =  0.004824100330471992 epoch_time: 22.99765157699585
Epoch [130/150] :  loss =  0.004892448909580707 epoch_time: 23.153866291046143
Epoch [131/150] :  loss =  0.00470206268131733 epoch_time: 22.270916223526
Epoch [132/150] :  loss =  0.004797066072002054 epoch_time: 22.46388077735901
Epoch [133/150] :  loss =  0.004730145463719964 epoch_time: 22.583667278289795
Epoch [134/150] :  loss =  0.004716212522238493 epoch_time: 22.076975345611572
Epoch [135/150] :  loss =  0.004862391751259566 epoch_time: 22.298633098602295
Epoch [136/150] :  loss =  0.004720491830259562 epoch_time: 23.22849416732788
Epoch [137/150] :  loss =  0.004741379391402006 epoch_time: 22.673506021499634
Epoch [138/150] :  loss =  0.004734899381175637 epoch_time: 21.539355278015137
Epoch [139/150] :  loss =  0.004664556559175253 epoch_time: 22.875149488449097
Epoch [140/150] :  loss =  0.0046321151722222564 epoch_time: 21.954739570617676
Epoch [141/150] :  loss =  0.004624555243179202 epoch_time: 21.261813163757324
Epoch [142/150] :  loss =  0.004668670564889908 epoch_time: 21.211705684661865
Epoch [143/150] :  loss =  0.004720026321709156 epoch_time: 21.485616207122803
Epoch [144/150] :  loss =  0.00475322381220758 epoch_time: 22.072046518325806
Epoch [145/150] :  loss =  0.0046148167084902525 epoch_time: 22.43070650100708
Epoch [146/150] :  loss =  0.004588044866919517 epoch_time: 22.671027183532715
Epoch [147/150] :  loss =  0.004619139852002263 epoch_time: 24.3058819770813
Epoch [148/150] :  loss =  0.004557537164539099 epoch_time: 23.19370412826538
Epoch [149/150] :  loss =  0.004624368539080024 epoch_time: 23.139755964279175
Test result: MAE 2.6177053451538086 RMSE 5.304942607879639 MAPE 5.965346007007652
(571, 207, 1, 12)
(571, 207, 1, 12)
(571, 207, 1, 12)
Spend Time: 3467.740089893341
