{'data': {'dataset': 'METR-LA', 'miss_mechanism': 'MAR', 'miss_ratio': 0.5, 'batch_size': 16, 'test_batch_size': 16, 'val_batch_size': 16}, 'model': {'num_nodes': 207, 'hidden_size': 16, 'in_channel': 1, 'seqlen': 12, 'st_block': 3, 'K': 3, 'd_model': 512, 'n_heads': 3}, 'train': {'cuda': 1, 'lr': '1e-3', 'epochs': 150, 'save_model_path': 'save_model/', 'result_path': 'results/'}}
train X: (1999, 207, 2, 12) train M: (1999, 207, 2, 12) train Y: (1999, 207, 2, 12)
valid X: (285, 207, 2, 12) valid M: (285, 207, 2, 12) valid Y: (285, 207, 2, 12)
test X: (571, 207, 2, 12) test M: (571, 207, 2, 12) test Y: (571, 207, 2, 12)
Epoch [0/150] :  loss =  0.10284125784039497 epoch_time: 26.92458748817444
Epoch [1/150] :  loss =  0.04061449708044529 epoch_time: 26.537417888641357
Epoch [2/150] :  loss =  0.03252704262733459 epoch_time: 31.05713987350464
Epoch [3/150] :  loss =  0.027585940286517143 epoch_time: 28.847678661346436
Epoch [4/150] :  loss =  0.024888506948947908 epoch_time: 27.566766023635864
Epoch [5/150] :  loss =  0.022030997447669506 epoch_time: 28.581467628479004
Epoch [6/150] :  loss =  0.01998069830983877 epoch_time: 29.77940058708191
Epoch [7/150] :  loss =  0.018135195277631282 epoch_time: 29.381638526916504
Epoch [8/150] :  loss =  0.016934539876878263 epoch_time: 27.014676570892334
Epoch [9/150] :  loss =  0.015457953080534935 epoch_time: 26.897847890853882
Epoch [10/150] :  loss =  0.01377184983342886 epoch_time: 29.211252450942993
Epoch [11/150] :  loss =  0.013067170262336732 epoch_time: 29.690722703933716
Epoch [12/150] :  loss =  0.012283532660454512 epoch_time: 27.382787466049194
Epoch [13/150] :  loss =  0.011843479789793492 epoch_time: 30.38567566871643
Epoch [14/150] :  loss =  0.011138820447027683 epoch_time: 27.232352018356323
Epoch [15/150] :  loss =  0.01054238585755229 epoch_time: 27.21348762512207
Epoch [16/150] :  loss =  0.010246934570372105 epoch_time: 27.880192756652832
Epoch [17/150] :  loss =  0.009924938276410103 epoch_time: 29.590893030166626
Epoch [18/150] :  loss =  0.009749831888824702 epoch_time: 29.61206030845642
Epoch [19/150] :  loss =  0.009438434783369302 epoch_time: 29.60907816886902
Epoch [20/150] :  loss =  0.009209173817187548 epoch_time: 28.949966192245483
Epoch [21/150] :  loss =  0.00875759532302618 epoch_time: 29.34912109375
Epoch [22/150] :  loss =  0.008646027237176895 epoch_time: 30.18587374687195
Epoch [23/150] :  loss =  0.008367001425474882 epoch_time: 27.69854426383972
Epoch [24/150] :  loss =  0.008112041767686606 epoch_time: 29.49585199356079
Epoch [25/150] :  loss =  0.008004209484905005 epoch_time: 27.07154679298401
Epoch [26/150] :  loss =  0.007827853869646788 epoch_time: 27.02803349494934
Epoch [27/150] :  loss =  0.007672857198864222 epoch_time: 27.666075706481934
Epoch [28/150] :  loss =  0.007626237470656634 epoch_time: 29.26660466194153
Epoch [29/150] :  loss =  0.0075956364162266254 epoch_time: 29.606810808181763
Epoch [30/150] :  loss =  0.007728226065635681 epoch_time: 27.90790295600891
Epoch [31/150] :  loss =  0.007461900476366281 epoch_time: 29.551617860794067
Epoch [32/150] :  loss =  0.0071423125229775905 epoch_time: 27.271939754486084
Epoch [33/150] :  loss =  0.00717273598909378 epoch_time: 26.95752263069153
Epoch [34/150] :  loss =  0.006954851690679788 epoch_time: 26.67339301109314
Epoch [35/150] :  loss =  0.006840176861733199 epoch_time: 27.06542682647705
Epoch [36/150] :  loss =  0.006974872432649135 epoch_time: 27.140449047088623
Epoch [37/150] :  loss =  0.007637852005660534 epoch_time: 29.351317644119263
Epoch [38/150] :  loss =  0.007306375548243523 epoch_time: 29.43782901763916
Epoch [39/150] :  loss =  0.006946076955646276 epoch_time: 26.925981998443604
Epoch [40/150] :  loss =  0.0068387557938694955 epoch_time: 26.894913911819458
Epoch [41/150] :  loss =  0.006819358006119728 epoch_time: 26.576494455337524
Epoch [42/150] :  loss =  0.006639790561050176 epoch_time: 27.004839420318604
Epoch [43/150] :  loss =  0.006420874387025833 epoch_time: 27.2292959690094
Epoch [44/150] :  loss =  0.006387454722076654 epoch_time: 28.896942853927612
Epoch [45/150] :  loss =  0.006329507287591696 epoch_time: 26.392016887664795
Epoch [46/150] :  loss =  0.006339032575488091 epoch_time: 26.604667901992798
Epoch [47/150] :  loss =  0.006424026019871235 epoch_time: 27.022239446640015
Epoch [48/150] :  loss =  0.006264713872224092 epoch_time: 27.677335262298584
Epoch [49/150] :  loss =  0.006178986761718988 epoch_time: 26.98115110397339
Epoch [50/150] :  loss =  0.006196083206683398 epoch_time: 27.24155879020691
Epoch [51/150] :  loss =  0.00620223755761981 epoch_time: 28.60843014717102
Epoch [52/150] :  loss =  0.006186259802430868 epoch_time: 29.00564408302307
Epoch [53/150] :  loss =  0.006099255964159966 epoch_time: 27.30918574333191
Epoch [54/150] :  loss =  0.006245370429009199 epoch_time: 31.665090322494507
Epoch [55/150] :  loss =  0.006124120470136404 epoch_time: 27.429869413375854
Epoch [56/150] :  loss =  0.005931117651984096 epoch_time: 27.21388292312622
Epoch [57/150] :  loss =  0.005971273561939597 epoch_time: 27.135590314865112
Epoch [58/150] :  loss =  0.005996534269303084 epoch_time: 29.518110513687134
Epoch [59/150] :  loss =  0.00590805085003376 epoch_time: 29.242398977279663
Epoch [60/150] :  loss =  0.005896252969279885 epoch_time: 26.76931619644165
Epoch [61/150] :  loss =  0.005950763951987028 epoch_time: 27.130826234817505
Epoch [62/150] :  loss =  0.00588173371180892 epoch_time: 28.673049688339233
Epoch [63/150] :  loss =  0.005761895453557372 epoch_time: 26.800726175308228
Epoch [64/150] :  loss =  0.005766671814024449 epoch_time: 26.517345428466797
Epoch [65/150] :  loss =  0.005818147212266922 epoch_time: 28.939985036849976
Epoch [66/150] :  loss =  0.005722850054502487 epoch_time: 27.647119522094727
Epoch [67/150] :  loss =  0.0066083217933774 epoch_time: 30.165500164031982
Epoch [68/150] :  loss =  0.006043736595660448 epoch_time: 30.02873992919922
Epoch [69/150] :  loss =  0.005806879721581936 epoch_time: 27.3932843208313
Epoch [70/150] :  loss =  0.00554357804171741 epoch_time: 29.758291482925415
Epoch [71/150] :  loss =  0.00562036008015275 epoch_time: 26.976675748825073
Epoch [72/150] :  loss =  0.005618584109470248 epoch_time: 29.596210718154907
Epoch [73/150] :  loss =  0.005573692923411727 epoch_time: 27.017078638076782
Epoch [74/150] :  loss =  0.0056688981615006925 epoch_time: 27.506956338882446
Epoch [75/150] :  loss =  0.00555362200550735 epoch_time: 31.930197715759277
Epoch [76/150] :  loss =  0.005498698014765978 epoch_time: 27.218153953552246
Epoch [77/150] :  loss =  0.0054440116863697765 epoch_time: 27.208659172058105
Epoch [78/150] :  loss =  0.00542793257534504 epoch_time: 29.084068298339844
Epoch [79/150] :  loss =  0.005492498947307468 epoch_time: 27.303666591644287
Epoch [80/150] :  loss =  0.005342270772904158 epoch_time: 27.47766423225403
Epoch [81/150] :  loss =  0.005518719978630543 epoch_time: 27.150622367858887
Epoch [82/150] :  loss =  0.005341794896870851 epoch_time: 29.910109281539917
Epoch [83/150] :  loss =  0.00535958618670702 epoch_time: 29.394479990005493
Epoch [84/150] :  loss =  0.005381644055247306 epoch_time: 26.690820693969727
Epoch [85/150] :  loss =  0.005394405793398619 epoch_time: 27.00602102279663
Epoch [86/150] :  loss =  0.005459290076047182 epoch_time: 29.288124084472656
Epoch [87/150] :  loss =  0.005337042648345232 epoch_time: 27.752213954925537
Epoch [88/150] :  loss =  0.005447370985522866 epoch_time: 29.916674852371216
Epoch [89/150] :  loss =  0.0053841880187392235 epoch_time: 26.927772045135498
Epoch [90/150] :  loss =  0.005262716449797153 epoch_time: 27.33292818069458
Epoch [91/150] :  loss =  0.0050795561764389275 epoch_time: 26.480534315109253
Epoch [92/150] :  loss =  0.005231211997568607 epoch_time: 26.422675371170044
Epoch [93/150] :  loss =  0.0052126530166715385 epoch_time: 27.13961362838745
Epoch [94/150] :  loss =  0.005165159160271287 epoch_time: 27.180930614471436
Epoch [95/150] :  loss =  0.005305888811126352 epoch_time: 28.778083562850952
Epoch [96/150] :  loss =  0.0052023536898195746 epoch_time: 28.79355525970459
Epoch [97/150] :  loss =  0.00516080198250711 epoch_time: 29.730151891708374
Epoch [98/150] :  loss =  0.0051346120350062845 epoch_time: 27.366398572921753
Epoch [99/150] :  loss =  0.005063473308458924 epoch_time: 26.653855800628662
Epoch [100/150] :  loss =  0.005058919746428728 epoch_time: 26.774232864379883
Epoch [101/150] :  loss =  0.005193586325272918 epoch_time: 27.20088791847229
Epoch [102/150] :  loss =  0.005082358615472913 epoch_time: 29.6551034450531
Epoch [103/150] :  loss =  0.0051945905610919 epoch_time: 29.18744421005249
Epoch [104/150] :  loss =  0.005619192017242312 epoch_time: 26.99876356124878
Epoch [105/150] :  loss =  0.005423240074887872 epoch_time: 29.52949595451355
Epoch [106/150] :  loss =  0.005106782842427492 epoch_time: 26.54686689376831
Epoch [107/150] :  loss =  0.005127597438171506 epoch_time: 26.925467014312744
Epoch [108/150] :  loss =  0.005067644193768501 epoch_time: 29.220646858215332
Epoch [109/150] :  loss =  0.00495673873834312 epoch_time: 26.799346685409546
Epoch [110/150] :  loss =  0.004926210636273027 epoch_time: 27.146544218063354
Epoch [111/150] :  loss =  0.004906892616301775 epoch_time: 27.417557954788208
Epoch [112/150] :  loss =  0.005076328242197633 epoch_time: 26.799367904663086
Epoch [113/150] :  loss =  0.005049939040094614 epoch_time: 26.99813985824585
Epoch [114/150] :  loss =  0.004966865384951234 epoch_time: 29.102861881256104
Epoch [115/150] :  loss =  0.004931779475882649 epoch_time: 32.26554775238037
Epoch [116/150] :  loss =  0.004997292572632432 epoch_time: 27.273112058639526
Epoch [117/150] :  loss =  0.004904399225488305 epoch_time: 27.586878061294556
Epoch [118/150] :  loss =  0.0051074076276272536 epoch_time: 27.081988096237183
Epoch [119/150] :  loss =  0.0048262782432138916 epoch_time: 27.000725030899048
Epoch [120/150] :  loss =  0.004807109694927931 epoch_time: 27.744126319885254
Epoch [121/150] :  loss =  0.004830922236666083 epoch_time: 29.51687788963318
Epoch [122/150] :  loss =  0.0048060321137309075 epoch_time: 29.069183826446533
Epoch [123/150] :  loss =  0.00480735425837338 epoch_time: 29.122339963912964
Epoch [124/150] :  loss =  0.004860535591840744 epoch_time: 26.619893312454224
Epoch [125/150] :  loss =  0.004791273515671492 epoch_time: 26.889766454696655
Epoch [126/150] :  loss =  0.004766544934362173 epoch_time: 26.520342588424683
Epoch [127/150] :  loss =  0.004776490323245525 epoch_time: 27.497358322143555
Epoch [128/150] :  loss =  0.0047922653108835225 epoch_time: 29.28507685661316
Epoch [129/150] :  loss =  0.004748039530590177 epoch_time: 29.50991201400757
Epoch [130/150] :  loss =  0.004716172901913523 epoch_time: 26.776363611221313
Epoch [131/150] :  loss =  0.004790340667590499 epoch_time: 26.571080207824707
Epoch [132/150] :  loss =  0.004835295531898737 epoch_time: 26.55258297920227
Epoch [133/150] :  loss =  0.004838003201410175 epoch_time: 27.56392788887024
Epoch [134/150] :  loss =  0.004860008161514997 epoch_time: 30.07616424560547
Epoch [135/150] :  loss =  0.004738695207983255 epoch_time: 27.138444185256958
Epoch [136/150] :  loss =  0.0046630732584744695 epoch_time: 26.525931358337402
Epoch [137/150] :  loss =  0.004748374052345752 epoch_time: 26.79580593109131
Epoch [138/150] :  loss =  0.004771073762327433 epoch_time: 27.086215257644653
Epoch [139/150] :  loss =  0.00472556371986866 epoch_time: 29.414828777313232
Epoch [140/150] :  loss =  0.0047603480257093905 epoch_time: 26.584654092788696
Epoch [141/150] :  loss =  0.0047255844064056874 epoch_time: 29.514079809188843
Epoch [142/150] :  loss =  0.004575380779802799 epoch_time: 27.194093227386475
Epoch [143/150] :  loss =  0.004616000469774008 epoch_time: 27.300812005996704
Epoch [144/150] :  loss =  0.004586202219128609 epoch_time: 27.28912615776062
Epoch [145/150] :  loss =  0.004600993938744068 epoch_time: 29.859004259109497
Epoch [146/150] :  loss =  0.004563718501478434 epoch_time: 29.42140555381775
Epoch [147/150] :  loss =  0.004625335095450282 epoch_time: 27.430979251861572
Epoch [148/150] :  loss =  0.004659218490123749 epoch_time: 26.9752938747406
Epoch [149/150] :  loss =  0.004647751182317734 epoch_time: 29.066843271255493
Test result: MAE 2.576127789126197 RMSE 5.12336578601256 MAPE 5.908656674259673
(571, 207, 1, 12)
(571, 207, 1, 12)
(571, 207, 1, 12)
Spend Time: 4217.3071138858795
