{'data': {'dataset': 'METR-LA', 'miss_mechanism': 'MAR', 'miss_ratio': 0.5, 'batch_size': 16, 'test_batch_size': 16, 'val_batch_size': 16}, 'model': {'num_nodes': 207, 'hidden_size': 16, 'in_channel': 1, 'seqlen': 12, 'st_block': 3, 'K': 3, 'd_model': 512, 'n_heads': 3}, 'train': {'cuda': 1, 'lr': '1e-3', 'epochs': 150, 'save_model_path': 'save_model/', 'result_path': 'results/'}}
train X: (1999, 207, 2, 12) train M: (1999, 207, 2, 12) train Y: (1999, 207, 2, 12)
valid X: (285, 207, 2, 12) valid M: (285, 207, 2, 12) valid Y: (285, 207, 2, 12)
test X: (571, 207, 2, 12) test M: (571, 207, 2, 12) test Y: (571, 207, 2, 12)
Epoch [0/150] :  loss =  0.08614704091846943 epoch_time: 27.567800998687744
Epoch [1/150] :  loss =  0.03591774952411651 epoch_time: 32.15589261054993
Epoch [2/150] :  loss =  0.028149240970611573 epoch_time: 29.7587149143219
Epoch [3/150] :  loss =  0.02384196815639734 epoch_time: 27.17381715774536
Epoch [4/150] :  loss =  0.020725960962474345 epoch_time: 27.505726099014282
Epoch [5/150] :  loss =  0.018310750849545 epoch_time: 27.131454944610596
Epoch [6/150] :  loss =  0.017083227194845677 epoch_time: 29.65067458152771
Epoch [7/150] :  loss =  0.015229813873767853 epoch_time: 27.06532645225525
Epoch [8/150] :  loss =  0.013956672705709935 epoch_time: 27.232359647750854
Epoch [9/150] :  loss =  0.013161386862397194 epoch_time: 27.418496131896973
Epoch [10/150] :  loss =  0.012592694196850062 epoch_time: 29.45169162750244
Epoch [11/150] :  loss =  0.011664207350462676 epoch_time: 27.217081785202026
Epoch [12/150] :  loss =  0.011265400271862746 epoch_time: 28.0035457611084
Epoch [13/150] :  loss =  0.010762808404862882 epoch_time: 29.544774055480957
Epoch [14/150] :  loss =  0.01034867824986577 epoch_time: 29.299318075180054
Epoch [15/150] :  loss =  0.010396728668361901 epoch_time: 26.866066932678223
Epoch [16/150] :  loss =  0.009756050918251276 epoch_time: 27.680971145629883
Epoch [17/150] :  loss =  0.00947945524379611 epoch_time: 30.1612069606781
Epoch [18/150] :  loss =  0.009422124363481998 epoch_time: 26.844207048416138
Epoch [19/150] :  loss =  0.009146878611296415 epoch_time: 26.55237889289856
Epoch [20/150] :  loss =  0.008729109730571508 epoch_time: 26.901151180267334
Epoch [21/150] :  loss =  0.008759508688002824 epoch_time: 29.352560997009277
Epoch [22/150] :  loss =  0.008518356587737799 epoch_time: 26.929177284240723
Epoch [23/150] :  loss =  0.008475706968456507 epoch_time: 27.015074729919434
Epoch [24/150] :  loss =  0.00822007268294692 epoch_time: 26.794501781463623
Epoch [25/150] :  loss =  0.008097288805991412 epoch_time: 26.748634338378906
Epoch [26/150] :  loss =  0.008080750845372678 epoch_time: 32.96473670005798
Epoch [27/150] :  loss =  0.007837014596909284 epoch_time: 27.427693128585815
Epoch [28/150] :  loss =  0.0077545433305203915 epoch_time: 27.197174310684204
Epoch [29/150] :  loss =  0.007676181182265282 epoch_time: 27.034888982772827
Epoch [30/150] :  loss =  0.007690763887017965 epoch_time: 27.391358137130737
Epoch [31/150] :  loss =  0.00771259643882513 epoch_time: 26.697872400283813
Epoch [32/150] :  loss =  0.0076647126898169516 epoch_time: 29.579972743988037
Epoch [33/150] :  loss =  0.0074736675061285495 epoch_time: 27.07786202430725
Epoch [34/150] :  loss =  0.007521473176777363 epoch_time: 28.887910842895508
Epoch [35/150] :  loss =  0.007511541564017534 epoch_time: 27.340031623840332
Epoch [36/150] :  loss =  0.00727391705289483 epoch_time: 27.16213870048523
Epoch [37/150] :  loss =  0.007343692597001791 epoch_time: 29.674123525619507
Epoch [38/150] :  loss =  0.007148554183542728 epoch_time: 27.065508127212524
Epoch [39/150] :  loss =  0.007104019723832607 epoch_time: 26.6980242729187
Epoch [40/150] :  loss =  0.007020595759153366 epoch_time: 29.872506856918335
Epoch [41/150] :  loss =  0.007251423362642527 epoch_time: 29.134283781051636
Epoch [42/150] :  loss =  0.007204025082290172 epoch_time: 29.633660078048706
Epoch [43/150] :  loss =  0.007486452549695969 epoch_time: 27.264724016189575
Epoch [44/150] :  loss =  0.007084465194493532 epoch_time: 27.8493595123291
Epoch [45/150] :  loss =  0.006989046897739172 epoch_time: 27.076106786727905
Epoch [46/150] :  loss =  0.006790591347962618 epoch_time: 27.631001949310303
Epoch [47/150] :  loss =  0.006724160805344582 epoch_time: 30.530259609222412
Epoch [48/150] :  loss =  0.006851021409034729 epoch_time: 29.872929334640503
Epoch [49/150] :  loss =  0.006828284926712513 epoch_time: 29.355424404144287
Epoch [50/150] :  loss =  0.006839346330612898 epoch_time: 26.45161509513855
Epoch [51/150] :  loss =  0.006593403875827789 epoch_time: 27.071990728378296
Epoch [52/150] :  loss =  0.006577229358255863 epoch_time: 30.196823358535767
Epoch [53/150] :  loss =  0.006493041794747114 epoch_time: 27.154046773910522
Epoch [54/150] :  loss =  0.006520737119019031 epoch_time: 29.889403581619263
Epoch [55/150] :  loss =  0.0064630450904369354 epoch_time: 29.91871213912964
Epoch [56/150] :  loss =  0.006478250905871391 epoch_time: 27.101356983184814
Epoch [57/150] :  loss =  0.006522442944347858 epoch_time: 27.583836793899536
Epoch [58/150] :  loss =  0.006276197880506516 epoch_time: 28.162713050842285
Epoch [59/150] :  loss =  0.006433387976139784 epoch_time: 30.894606351852417
Epoch [60/150] :  loss =  0.006323086747899651 epoch_time: 29.725096702575684
Epoch [61/150] :  loss =  0.0063341323360800745 epoch_time: 27.545459270477295
Epoch [62/150] :  loss =  0.006215402755886316 epoch_time: 27.307756900787354
Epoch [63/150] :  loss =  0.006482078563421965 epoch_time: 27.207261323928833
Epoch [64/150] :  loss =  0.006272205259650946 epoch_time: 27.034058809280396
Epoch [65/150] :  loss =  0.006321744557470083 epoch_time: 27.124067544937134
Epoch [66/150] :  loss =  0.006243812046945095 epoch_time: 29.804419994354248
Epoch [67/150] :  loss =  0.006324931876733899 epoch_time: 30.80662965774536
Epoch [68/150] :  loss =  0.006098992828279734 epoch_time: 27.32305598258972
Epoch [69/150] :  loss =  0.006278965666890145 epoch_time: 26.600632190704346
Epoch [70/150] :  loss =  0.006031181655824184 epoch_time: 29.778955698013306
Epoch [71/150] :  loss =  0.006050450414419174 epoch_time: 26.45173192024231
Epoch [72/150] :  loss =  0.005993903208523989 epoch_time: 26.73895525932312
Epoch [73/150] :  loss =  0.006177630487829447 epoch_time: 28.997070789337158
Epoch [74/150] :  loss =  0.0064214889518916605 epoch_time: 27.592084407806396
Epoch [75/150] :  loss =  0.006048531793057918 epoch_time: 26.942284107208252
Epoch [76/150] :  loss =  0.005888536062091589 epoch_time: 27.1579430103302
Epoch [77/150] :  loss =  0.005725974736735225 epoch_time: 29.934075355529785
Epoch [78/150] :  loss =  0.006031673077493906 epoch_time: 27.40246319770813
Epoch [79/150] :  loss =  0.0056871469840407375 epoch_time: 30.370357513427734
Epoch [80/150] :  loss =  0.0056298584006726745 epoch_time: 27.319432735443115
Epoch [81/150] :  loss =  0.005736551105976105 epoch_time: 29.58031964302063
Epoch [82/150] :  loss =  0.0056243740115314725 epoch_time: 27.619532108306885
Epoch [83/150] :  loss =  0.006018089853227138 epoch_time: 27.147181272506714
Epoch [84/150] :  loss =  0.005842061497271061 epoch_time: 29.51046848297119
Epoch [85/150] :  loss =  0.00606331443041563 epoch_time: 27.06179690361023
Epoch [86/150] :  loss =  0.005966744393110276 epoch_time: 26.618351459503174
Epoch [87/150] :  loss =  0.0056375030241906645 epoch_time: 26.69290328025818
Epoch [88/150] :  loss =  0.005541613653302193 epoch_time: 26.93481755256653
Epoch [89/150] :  loss =  0.005500335179269314 epoch_time: 29.447673320770264
Epoch [90/150] :  loss =  0.005428191617131233 epoch_time: 26.846837043762207
Epoch [91/150] :  loss =  0.005405176617205143 epoch_time: 27.61597967147827
Epoch [92/150] :  loss =  0.00556807385571301 epoch_time: 27.164698123931885
Epoch [93/150] :  loss =  0.00546459591947496 epoch_time: 27.707539081573486
Epoch [94/150] :  loss =  0.005533896651118994 epoch_time: 29.685410976409912
Epoch [95/150] :  loss =  0.005586917461827398 epoch_time: 29.798078298568726
Epoch [96/150] :  loss =  0.005532757308334112 epoch_time: 29.641921758651733
Epoch [97/150] :  loss =  0.005418768186122179 epoch_time: 27.46532940864563
Epoch [98/150] :  loss =  0.005441954446956515 epoch_time: 27.09788465499878
Epoch [99/150] :  loss =  0.005476458443328738 epoch_time: 27.126900911331177
Epoch [100/150] :  loss =  0.005345933157950639 epoch_time: 27.16031050682068
Epoch [101/150] :  loss =  0.005386280994862318 epoch_time: 29.52724552154541
Epoch [102/150] :  loss =  0.005249897951260209 epoch_time: 27.257989406585693
Epoch [103/150] :  loss =  0.0053814643248915675 epoch_time: 29.342946767807007
Epoch [104/150] :  loss =  0.005357823334634304 epoch_time: 26.69589638710022
Epoch [105/150] :  loss =  0.005288157431408763 epoch_time: 26.818464279174805
Epoch [106/150] :  loss =  0.005252730729058385 epoch_time: 28.9319851398468
Epoch [107/150] :  loss =  0.0052392786908894776 epoch_time: 27.170114278793335
Epoch [108/150] :  loss =  0.005193130576983094 epoch_time: 27.108500003814697
Epoch [109/150] :  loss =  0.005327453289180994 epoch_time: 26.871955633163452
Epoch [110/150] :  loss =  0.005228651138022542 epoch_time: 26.994173765182495
Epoch [111/150] :  loss =  0.005159565128386021 epoch_time: 27.26412844657898
Epoch [112/150] :  loss =  0.005148447757586837 epoch_time: 31.251734018325806
Epoch [113/150] :  loss =  0.005171504985541106 epoch_time: 27.14710783958435
Epoch [114/150] :  loss =  0.005107949391007423 epoch_time: 27.01151442527771
Epoch [115/150] :  loss =  0.0051202180925756695 epoch_time: 27.414326429367065
Epoch [116/150] :  loss =  0.005081088978797197 epoch_time: 27.485045433044434
Epoch [117/150] :  loss =  0.005131727503612638 epoch_time: 27.313820838928223
Epoch [118/150] :  loss =  0.005092133117839694 epoch_time: 27.327200412750244
Epoch [119/150] :  loss =  0.005188776344060898 epoch_time: 32.16722822189331
Epoch [120/150] :  loss =  0.0060007882919162515 epoch_time: 29.691018104553223
Epoch [121/150] :  loss =  0.005803768003359437 epoch_time: 26.981935739517212
Epoch [122/150] :  loss =  0.005193624451756478 epoch_time: 26.898504495620728
Epoch [123/150] :  loss =  0.005075258616358042 epoch_time: 26.674458742141724
Epoch [124/150] :  loss =  0.005128207333385945 epoch_time: 29.415348052978516
Epoch [125/150] :  loss =  0.005042081400752067 epoch_time: 26.96964406967163
Epoch [126/150] :  loss =  0.0049280586391687396 epoch_time: 27.17555570602417
Epoch [127/150] :  loss =  0.005046435903757811 epoch_time: 27.130003213882446
Epoch [128/150] :  loss =  0.005012019105255604 epoch_time: 26.826046228408813
Epoch [129/150] :  loss =  0.0049353467617183925 epoch_time: 29.623868703842163
Epoch [130/150] :  loss =  0.004969502484425902 epoch_time: 26.829463481903076
Epoch [131/150] :  loss =  0.005083859618753195 epoch_time: 27.464369297027588
Epoch [132/150] :  loss =  0.004890801794826985 epoch_time: 26.954131364822388
Epoch [133/150] :  loss =  0.004935406275093555 epoch_time: 26.889262914657593
Epoch [134/150] :  loss =  0.004921853268519044 epoch_time: 29.7917320728302
Epoch [135/150] :  loss =  0.004962742980569601 epoch_time: 27.291293144226074
Epoch [136/150] :  loss =  0.005035130387172103 epoch_time: 29.471121788024902
Epoch [137/150] :  loss =  0.004991305833682418 epoch_time: 27.04891014099121
Epoch [138/150] :  loss =  0.004935468645766377 epoch_time: 27.045401096343994
Epoch [139/150] :  loss =  0.004865749465301633 epoch_time: 27.22332763671875
Epoch [140/150] :  loss =  0.004891347711905837 epoch_time: 27.636168003082275
Epoch [141/150] :  loss =  0.004920616339892149 epoch_time: 27.846438884735107
Epoch [142/150] :  loss =  0.0048394541721791026 epoch_time: 29.738527297973633
Epoch [143/150] :  loss =  0.0048355290051549675 epoch_time: 27.335450649261475
Epoch [144/150] :  loss =  0.004888994306325912 epoch_time: 29.406946182250977
Epoch [145/150] :  loss =  0.004746727922931314 epoch_time: 27.069530487060547
Epoch [146/150] :  loss =  0.0047879617139697074 epoch_time: 29.08729863166809
Epoch [147/150] :  loss =  0.004882769351825118 epoch_time: 26.689157962799072
Epoch [148/150] :  loss =  0.004841527041047812 epoch_time: 27.338099479675293
Epoch [149/150] :  loss =  0.004789740787819028 epoch_time: 27.44177484512329
Test result: MAE 2.7540648438461037 RMSE 5.613484149722599 MAPE 6.061457165073451
(571, 207, 1, 12)
(571, 207, 1, 12)
(571, 207, 1, 12)
Spend Time: 4225.9836592674255
