{'data': {'dataset': 'Shenzhen', 'miss_mechanism': 'MNAR', 'miss_ratio': 0.5, 'batch_size': 16, 'test_batch_size': 16, 'val_batch_size': 16}, 'model': {'num_nodes': 627, 'hidden_size': 16, 'in_channel': 1, 'seqlen': 6, 'st_block': 3, 'K': 4, 'd_model': 512, 'n_heads': 4}, 'train': {'cuda': 3, 'lr': '1e-3', 'epochs': 150, 'save_model_path': 'save_model/', 'result_path': 'results/'}}
train X: (1728, 627, 2, 6) train M: (1728, 627, 2, 6) train Y: (1728, 627, 2, 6)
valid X: (576, 627, 2, 6) valid M: (576, 627, 2, 6) valid Y: (576, 627, 2, 6)
test X: (576, 627, 2, 6) test M: (576, 627, 2, 6) test Y: (576, 627, 2, 6)
The input graph is a 0/1 matrix; set "scaling" to False.
Epoch [0/150] :  loss =  0.12635351858895133 epoch_time: 38.908974170684814
Epoch [1/150] :  loss =  0.041008026235633425 epoch_time: 38.83755612373352
Epoch [2/150] :  loss =  0.0341871019832238 epoch_time: 39.64265751838684
Epoch [3/150] :  loss =  0.030795493732310004 epoch_time: 39.20220613479614
Epoch [4/150] :  loss =  0.029102554803507194 epoch_time: 39.138564348220825
Epoch [5/150] :  loss =  0.027385991152927832 epoch_time: 39.74124526977539
Epoch [6/150] :  loss =  0.025987301573709206 epoch_time: 38.944730043411255
Epoch [7/150] :  loss =  0.025712797676937446 epoch_time: 38.83435010910034
Epoch [8/150] :  loss =  0.024384020500023057 epoch_time: 39.89042019844055
Epoch [9/150] :  loss =  0.02358370958999903 epoch_time: 39.2435781955719
Epoch [10/150] :  loss =  0.023187595316105418 epoch_time: 38.99132752418518
Epoch [11/150] :  loss =  0.022877810350446788 epoch_time: 38.89968132972717
Epoch [12/150] :  loss =  0.02221498591825366 epoch_time: 38.649441957473755
Epoch [13/150] :  loss =  0.022016417209265962 epoch_time: 38.90691041946411
Epoch [14/150] :  loss =  0.021802838184629327 epoch_time: 39.1880362033844
Epoch [15/150] :  loss =  0.02130991818935231 epoch_time: 39.38990569114685
Epoch [16/150] :  loss =  0.020961776237796853 epoch_time: 39.48393988609314
Epoch [17/150] :  loss =  0.021156523911351408 epoch_time: 38.279107332229614
Epoch [18/150] :  loss =  0.020725965508501285 epoch_time: 38.60969853401184
Epoch [19/150] :  loss =  0.02032546533478631 epoch_time: 38.99987721443176
Epoch [20/150] :  loss =  0.020524841008914843 epoch_time: 38.830480098724365
Epoch [21/150] :  loss =  0.02024092366573987 epoch_time: 38.72769784927368
Epoch [22/150] :  loss =  0.01990536038108446 epoch_time: 38.68341135978699
Epoch [23/150] :  loss =  0.019660751706127216 epoch_time: 38.434484004974365
Epoch [24/150] :  loss =  0.019679543217299162 epoch_time: 38.38302040100098
Epoch [25/150] :  loss =  0.019586709517709636 epoch_time: 38.35646152496338
Epoch [26/150] :  loss =  0.019472876158370463 epoch_time: 38.24235415458679
Epoch [27/150] :  loss =  0.019489041460608994 epoch_time: 39.043304443359375
Epoch [28/150] :  loss =  0.019157499885531486 epoch_time: 38.73848628997803
Epoch [29/150] :  loss =  0.0190923312265012 epoch_time: 38.512166023254395
Epoch [30/150] :  loss =  0.01905695296375564 epoch_time: 39.15830612182617
Epoch [31/150] :  loss =  0.0189529305530919 epoch_time: 39.08710479736328
Epoch [32/150] :  loss =  0.01856073099878375 epoch_time: 38.73935031890869
Epoch [33/150] :  loss =  0.019052960470111832 epoch_time: 38.73123908042908
Epoch [34/150] :  loss =  0.018745187195707804 epoch_time: 38.631840467453
Epoch [35/150] :  loss =  0.018653553453515524 epoch_time: 38.310625314712524
Epoch [36/150] :  loss =  0.018230368184891564 epoch_time: 38.723862409591675
Epoch [37/150] :  loss =  0.018212846256102675 epoch_time: 38.71961236000061
Epoch [38/150] :  loss =  0.0182774663488898 epoch_time: 38.68091416358948
Epoch [39/150] :  loss =  0.01858849299174768 epoch_time: 38.82117247581482
Epoch [40/150] :  loss =  0.018100201497199358 epoch_time: 38.30625915527344
Epoch [41/150] :  loss =  0.018088265761940017 epoch_time: 38.43130970001221
Epoch [42/150] :  loss =  0.01791679230518639 epoch_time: 38.81845283508301
Epoch [43/150] :  loss =  0.01791958522948402 epoch_time: 38.68038463592529
Epoch [44/150] :  loss =  0.01766069010934896 epoch_time: 39.23584985733032
Epoch [45/150] :  loss =  0.017774017475959327 epoch_time: 39.266103744506836
Epoch [46/150] :  loss =  0.0176987880754664 epoch_time: 40.328110694885254
Epoch [47/150] :  loss =  0.017683832811329653 epoch_time: 38.8363995552063
Epoch [48/150] :  loss =  0.01765615798326002 epoch_time: 38.57896304130554
Epoch [49/150] :  loss =  0.01776173478854751 epoch_time: 39.423643589019775
Epoch [50/150] :  loss =  0.01766379451793101 epoch_time: 39.349703788757324
Epoch [51/150] :  loss =  0.01731678953014866 epoch_time: 39.08572244644165
Epoch [52/150] :  loss =  0.017406932423236193 epoch_time: 39.207186698913574
Epoch [53/150] :  loss =  0.017290706047788262 epoch_time: 39.30239772796631
Epoch [54/150] :  loss =  0.01732302306185442 epoch_time: 38.72120451927185
Epoch [55/150] :  loss =  0.01710465893632284 epoch_time: 39.485373973846436
Epoch [56/150] :  loss =  0.017163344658911228 epoch_time: 38.8532931804657
Epoch [57/150] :  loss =  0.016951529654087843 epoch_time: 39.92442297935486
Epoch [58/150] :  loss =  0.016905123195438472 epoch_time: 39.45714044570923
Epoch [59/150] :  loss =  0.017116608744901087 epoch_time: 38.72417116165161
Epoch [60/150] :  loss =  0.01698619805931769 epoch_time: 38.622862577438354
Epoch [61/150] :  loss =  0.016821388017248223 epoch_time: 38.744056940078735
Epoch [62/150] :  loss =  0.016815927397045825 epoch_time: 38.137794494628906
Epoch [63/150] :  loss =  0.01682982285058609 epoch_time: 39.825708627700806
Epoch [64/150] :  loss =  0.016745140827778313 epoch_time: 38.54607439041138
Epoch [65/150] :  loss =  0.016779668689532963 epoch_time: 39.35543441772461
Epoch [66/150] :  loss =  0.016580457850876782 epoch_time: 39.12711048126221
Epoch [67/150] :  loss =  0.01662082011225047 epoch_time: 38.752808809280396
Epoch [68/150] :  loss =  0.01648743621384104 epoch_time: 38.8765971660614
Epoch [69/150] :  loss =  0.016618203794307732 epoch_time: 38.67403292655945
Epoch [70/150] :  loss =  0.016305484886591632 epoch_time: 38.40458846092224
Epoch [71/150] :  loss =  0.01634978747892159 epoch_time: 38.87524700164795
Epoch [72/150] :  loss =  0.01636290991747821 epoch_time: 39.218332290649414
Epoch [73/150] :  loss =  0.016292252319140568 epoch_time: 39.0386528968811
Epoch [74/150] :  loss =  0.016316202874467882 epoch_time: 38.93260741233826
Epoch [75/150] :  loss =  0.016197862353658787 epoch_time: 38.46000790596008
Epoch [76/150] :  loss =  0.016241600530015096 epoch_time: 38.84735035896301
Epoch [77/150] :  loss =  0.01636249149494149 epoch_time: 40.00622844696045
Epoch [78/150] :  loss =  0.016012332945441205 epoch_time: 38.25924634933472
Epoch [79/150] :  loss =  0.01624029330667798 epoch_time: 38.680965423583984
Epoch [80/150] :  loss =  0.015935858401159447 epoch_time: 39.0134003162384
Epoch [81/150] :  loss =  0.015986522840749886 epoch_time: 38.95975971221924
Epoch [82/150] :  loss =  0.0159707214096906 epoch_time: 38.888145446777344
Epoch [83/150] :  loss =  0.015978334661297226 epoch_time: 38.60984683036804
Epoch [84/150] :  loss =  0.01594604669069802 epoch_time: 38.38056683540344
Epoch [85/150] :  loss =  0.015903604561807932 epoch_time: 38.67417073249817
Epoch [86/150] :  loss =  0.01593167432238934 epoch_time: 38.86153531074524
Epoch [87/150] :  loss =  0.015832144818786118 epoch_time: 38.737502574920654
Epoch [88/150] :  loss =  0.015782415228723375 epoch_time: 38.77229714393616
Epoch [89/150] :  loss =  0.015835207266112167 epoch_time: 38.85999417304993
Epoch [90/150] :  loss =  0.015718028552968194 epoch_time: 38.60761857032776
Epoch [91/150] :  loss =  0.015789871992267394 epoch_time: 38.85841965675354
Epoch [92/150] :  loss =  0.016043202701473126 epoch_time: 39.02573847770691
Epoch [93/150] :  loss =  0.015614428014184037 epoch_time: 39.33627939224243
Epoch [94/150] :  loss =  0.015578871920566869 epoch_time: 38.396690368652344
Epoch [95/150] :  loss =  0.015593341137799952 epoch_time: 38.700029134750366
Epoch [96/150] :  loss =  0.015600703751530361 epoch_time: 38.52995038032532
Epoch [97/150] :  loss =  0.01571575878188014 epoch_time: 38.66548943519592
Epoch [98/150] :  loss =  0.015463906288560893 epoch_time: 38.55186724662781
Epoch [99/150] :  loss =  0.015479443448216276 epoch_time: 38.728007078170776
Epoch [100/150] :  loss =  0.015562413674261835 epoch_time: 38.67953133583069
Epoch [101/150] :  loss =  0.015298468698919923 epoch_time: 38.658039569854736
Epoch [102/150] :  loss =  0.015565459487131901 epoch_time: 39.02715802192688
Epoch [103/150] :  loss =  0.015452157981969692 epoch_time: 38.538071632385254
Epoch [104/150] :  loss =  0.015475441356775936 epoch_time: 38.287166357040405
Epoch [105/150] :  loss =  0.015357941785758292 epoch_time: 38.51653027534485
Epoch [106/150] :  loss =  0.015500331168166466 epoch_time: 38.76458287239075
Epoch [107/150] :  loss =  0.015291948130147325 epoch_time: 38.52674150466919
Epoch [108/150] :  loss =  0.015233218773371644 epoch_time: 38.90933704376221
Epoch [109/150] :  loss =  0.015311642489568502 epoch_time: 40.07401514053345
Epoch [110/150] :  loss =  0.01518318946990702 epoch_time: 38.788161277770996
Epoch [111/150] :  loss =  0.015379692082879719 epoch_time: 38.57009291648865
Epoch [112/150] :  loss =  0.015053783690004988 epoch_time: 39.14689612388611
Epoch [113/150] :  loss =  0.015268819880913253 epoch_time: 38.78358030319214
Epoch [114/150] :  loss =  0.015115409546221295 epoch_time: 39.93539333343506
Epoch [115/150] :  loss =  0.015175563602328853 epoch_time: 39.235663414001465
Epoch [116/150] :  loss =  0.015169553527677501 epoch_time: 40.39423370361328
Epoch [117/150] :  loss =  0.015118509056736474 epoch_time: 39.085474729537964
Epoch [118/150] :  loss =  0.015142826320327542 epoch_time: 38.951404094696045
Epoch [119/150] :  loss =  0.014946015284362214 epoch_time: 38.846718072891235
Epoch [120/150] :  loss =  0.014997977383986668 epoch_time: 38.91369390487671
Epoch [121/150] :  loss =  0.014935666893574374 epoch_time: 38.80308961868286
Epoch [122/150] :  loss =  0.014886392651263762 epoch_time: 38.874146461486816
Epoch [123/150] :  loss =  0.015054213460879746 epoch_time: 38.412543535232544
Epoch [124/150] :  loss =  0.01491398941208091 epoch_time: 38.454221963882446
Epoch [125/150] :  loss =  0.015109567178620232 epoch_time: 38.77799844741821
Epoch [126/150] :  loss =  0.014843422117539577 epoch_time: 38.69922876358032
Epoch [127/150] :  loss =  0.01488821767270565 epoch_time: 38.48566508293152
Epoch [128/150] :  loss =  0.014811114847867025 epoch_time: 38.51059174537659
Epoch [129/150] :  loss =  0.014865590638860508 epoch_time: 38.589887857437134
Epoch [130/150] :  loss =  0.01481225419168671 epoch_time: 39.09782266616821
Epoch [131/150] :  loss =  0.014915372400234142 epoch_time: 38.532081842422485
Epoch [132/150] :  loss =  0.01486620221597453 epoch_time: 38.54353666305542
Epoch [133/150] :  loss =  0.014675064969600903 epoch_time: 38.46789288520813
Epoch [134/150] :  loss =  0.014740961164029108 epoch_time: 38.45638561248779
Epoch [135/150] :  loss =  0.014689157190905125 epoch_time: 38.55464768409729
Epoch [136/150] :  loss =  0.014744195509357032 epoch_time: 38.859087228775024
Epoch [137/150] :  loss =  0.014787602841992068 epoch_time: 39.01632332801819
Epoch [138/150] :  loss =  0.014620195970767073 epoch_time: 38.910518646240234
Epoch [139/150] :  loss =  0.014684009771035225 epoch_time: 38.82519316673279
Epoch [140/150] :  loss =  0.014828116572634489 epoch_time: 38.706175804138184
Epoch [141/150] :  loss =  0.014584862282154736 epoch_time: 39.02138638496399
Epoch [142/150] :  loss =  0.014605841254470524 epoch_time: 38.53515887260437
Epoch [143/150] :  loss =  0.014700418803840876 epoch_time: 38.78417086601257
Epoch [144/150] :  loss =  0.014505649752983893 epoch_time: 38.63636493682861
Epoch [145/150] :  loss =  0.014553637614611674 epoch_time: 38.89035773277283
Epoch [146/150] :  loss =  0.014621195443733423 epoch_time: 39.154155254364014
Epoch [147/150] :  loss =  0.01460101888342588 epoch_time: 38.903165102005005
Epoch [148/150] :  loss =  0.014440114247716136 epoch_time: 38.912962436676025
Epoch [149/150] :  loss =  0.01455807898848973 epoch_time: 38.849860191345215
Test result: MAE 1.815494005903967 RMSE 2.7550631824521687 MAPE 7.460835598646417
(576, 627, 1, 6)
(576, 627, 1, 6)
(576, 627, 1, 6)
Spend Time: 5843.323178291321
