{'data': {'dataset': 'Shenzhen', 'miss_mechanism': 'MNAR', 'miss_ratio': 0.5, 'batch_size': 16, 'test_batch_size': 16, 'val_batch_size': 16}, 'model': {'num_nodes': 627, 'hidden_size': 16, 'in_channel': 1, 'seqlen': 6, 'st_block': 3, 'K': 4, 'd_model': 512, 'n_heads': 4}, 'train': {'cuda': 3, 'lr': '1e-3', 'epochs': 150, 'save_model_path': 'save_model/', 'result_path': 'results/'}}
train X: (1728, 627, 2, 6) train M: (1728, 627, 2, 6) train Y: (1728, 627, 2, 6)
valid X: (576, 627, 2, 6) valid M: (576, 627, 2, 6) valid Y: (576, 627, 2, 6)
test X: (576, 627, 2, 6) test M: (576, 627, 2, 6) test Y: (576, 627, 2, 6)
The input graph is a 0/1 matrix; set "scaling" to False.
Epoch [0/150] :  loss =  0.10715107285176162 epoch_time: 39.243953466415405
Epoch [1/150] :  loss =  0.03826272146155437 epoch_time: 39.16381335258484
Epoch [2/150] :  loss =  0.03367358665154488 epoch_time: 38.89198017120361
Epoch [3/150] :  loss =  0.030117587910758123 epoch_time: 39.141117572784424
Epoch [4/150] :  loss =  0.02769807627838519 epoch_time: 38.706671953201294
Epoch [5/150] :  loss =  0.026596616005042085 epoch_time: 38.68267750740051
Epoch [6/150] :  loss =  0.025389684622900352 epoch_time: 39.45642876625061
Epoch [7/150] :  loss =  0.02458993140263138 epoch_time: 39.29175281524658
Epoch [8/150] :  loss =  0.02374408863208912 epoch_time: 38.76861906051636
Epoch [9/150] :  loss =  0.023363115041758174 epoch_time: 38.93884205818176
Epoch [10/150] :  loss =  0.022748458406163588 epoch_time: 38.508726596832275
Epoch [11/150] :  loss =  0.022398179224519817 epoch_time: 38.50396728515625
Epoch [12/150] :  loss =  0.021620423015620973 epoch_time: 38.640382528305054
Epoch [13/150] :  loss =  0.02191317303934031 epoch_time: 38.74900460243225
Epoch [14/150] :  loss =  0.021186335615951707 epoch_time: 38.68967843055725
Epoch [15/150] :  loss =  0.020599617131261364 epoch_time: 39.17206859588623
Epoch [16/150] :  loss =  0.020317264056454103 epoch_time: 39.100095987319946
Epoch [17/150] :  loss =  0.020332343583167704 epoch_time: 38.60594844818115
Epoch [18/150] :  loss =  0.020017617804653668 epoch_time: 38.75588822364807
Epoch [19/150] :  loss =  0.019926474067485996 epoch_time: 39.11254334449768
Epoch [20/150] :  loss =  0.01970248888419182 epoch_time: 38.652377128601074
Epoch [21/150] :  loss =  0.019689947159753904 epoch_time: 38.55933165550232
Epoch [22/150] :  loss =  0.019351169941256994 epoch_time: 39.32299208641052
Epoch [23/150] :  loss =  0.01913356239459029 epoch_time: 38.95039916038513
Epoch [24/150] :  loss =  0.018951067373294522 epoch_time: 38.79903697967529
Epoch [25/150] :  loss =  0.019046534068399557 epoch_time: 38.963106632232666
Epoch [26/150] :  loss =  0.018984837207460293 epoch_time: 39.2991726398468
Epoch [27/150] :  loss =  0.0187063029691301 epoch_time: 38.9751615524292
Epoch [28/150] :  loss =  0.01850895098996935 epoch_time: 39.02326822280884
Epoch [29/150] :  loss =  0.018333841787858143 epoch_time: 38.552037715911865
Epoch [30/150] :  loss =  0.01848429580288077 epoch_time: 38.63068127632141
Epoch [31/150] :  loss =  0.018239836406859535 epoch_time: 38.56293988227844
Epoch [32/150] :  loss =  0.01844185716645033 epoch_time: 38.53967618942261
Epoch [33/150] :  loss =  0.018376402789726853 epoch_time: 38.718470096588135
Epoch [34/150] :  loss =  0.018229126171381387 epoch_time: 38.65943670272827
Epoch [35/150] :  loss =  0.01807574625989353 epoch_time: 38.89615440368652
Epoch [36/150] :  loss =  0.017875759155248052 epoch_time: 38.60637927055359
Epoch [37/150] :  loss =  0.01771591220016557 epoch_time: 38.64520072937012
Epoch [38/150] :  loss =  0.017938182137354656 epoch_time: 38.612915992736816
Epoch [39/150] :  loss =  0.01773250240970541 epoch_time: 38.70437979698181
Epoch [40/150] :  loss =  0.017696655665834744 epoch_time: 38.77799415588379
Epoch [41/150] :  loss =  0.017498972178954218 epoch_time: 38.72890877723694
Epoch [42/150] :  loss =  0.017523130945240457 epoch_time: 38.74002170562744
Epoch [43/150] :  loss =  0.017355720098647807 epoch_time: 38.68703269958496
Epoch [44/150] :  loss =  0.017494605716179917 epoch_time: 38.817179441452026
Epoch [45/150] :  loss =  0.017546281684190035 epoch_time: 38.6063506603241
Epoch [46/150] :  loss =  0.017363361600372527 epoch_time: 38.64226245880127
Epoch [47/150] :  loss =  0.017147135817342334 epoch_time: 39.31534790992737
Epoch [48/150] :  loss =  0.017050251718265592 epoch_time: 38.87888169288635
Epoch [49/150] :  loss =  0.017052827178742045 epoch_time: 39.142478227615356
Epoch [50/150] :  loss =  0.016951577280889505 epoch_time: 38.82598900794983
Epoch [51/150] :  loss =  0.016851149818480567 epoch_time: 38.817641735076904
Epoch [52/150] :  loss =  0.01715671195200196 epoch_time: 38.77583122253418
Epoch [53/150] :  loss =  0.016868556866905204 epoch_time: 38.788251876831055
Epoch [54/150] :  loss =  0.016958479019295838 epoch_time: 39.00049877166748
Epoch [55/150] :  loss =  0.016838909083701396 epoch_time: 39.09876084327698
Epoch [56/150] :  loss =  0.01687890817238777 epoch_time: 38.72193169593811
Epoch [57/150] :  loss =  0.016633196432074462 epoch_time: 38.640538692474365
Epoch [58/150] :  loss =  0.01673141133074683 epoch_time: 38.58152890205383
Epoch [59/150] :  loss =  0.016633754854814872 epoch_time: 38.63021659851074
Epoch [60/150] :  loss =  0.01637854972095401 epoch_time: 39.25356841087341
Epoch [61/150] :  loss =  0.016463043858055717 epoch_time: 38.79398226737976
Epoch [62/150] :  loss =  0.016468234489568405 epoch_time: 38.63485932350159
Epoch [63/150] :  loss =  0.016172349961750484 epoch_time: 39.367608308792114
Epoch [64/150] :  loss =  0.016428917215240223 epoch_time: 38.725080728530884
Epoch [65/150] :  loss =  0.016339202333862584 epoch_time: 38.703776121139526
Epoch [66/150] :  loss =  0.01620590694559117 epoch_time: 38.68578791618347
Epoch [67/150] :  loss =  0.01600910113538029 epoch_time: 39.08547043800354
Epoch [68/150] :  loss =  0.016083608114126104 epoch_time: 38.39135384559631
Epoch [69/150] :  loss =  0.015987631735495396 epoch_time: 38.427058696746826
Epoch [70/150] :  loss =  0.015983557078504452 epoch_time: 38.496853828430176
Epoch [71/150] :  loss =  0.015981466819842655 epoch_time: 38.62841248512268
Epoch [72/150] :  loss =  0.015851768509795267 epoch_time: 38.82618260383606
Epoch [73/150] :  loss =  0.01574249504375513 epoch_time: 38.91550254821777
Epoch [74/150] :  loss =  0.015912113047239405 epoch_time: 39.32419180870056
Epoch [75/150] :  loss =  0.015777587502573926 epoch_time: 38.72946858406067
Epoch [76/150] :  loss =  0.015696885046997556 epoch_time: 38.75290369987488
Epoch [77/150] :  loss =  0.015610089534203763 epoch_time: 38.85202741622925
Epoch [78/150] :  loss =  0.015821877832489985 epoch_time: 38.817448139190674
Epoch [79/150] :  loss =  0.015623598687212777 epoch_time: 38.91021680831909
Epoch [80/150] :  loss =  0.015578110736829263 epoch_time: 39.56435513496399
Epoch [81/150] :  loss =  0.015499659175812095 epoch_time: 39.29633402824402
Epoch [82/150] :  loss =  0.015476375783759135 epoch_time: 39.41180443763733
Epoch [83/150] :  loss =  0.015563891519343964 epoch_time: 39.14629316329956
Epoch [84/150] :  loss =  0.01543287061051362 epoch_time: 39.4470329284668
Epoch [85/150] :  loss =  0.015439215944045119 epoch_time: 38.77287840843201
Epoch [86/150] :  loss =  0.015260396335549929 epoch_time: 38.98050570487976
Epoch [87/150] :  loss =  0.015348370005894039 epoch_time: 38.84274673461914
Epoch [88/150] :  loss =  0.015382635338162934 epoch_time: 39.00562405586243
Epoch [89/150] :  loss =  0.01521668782354229 epoch_time: 39.04202580451965
Epoch [90/150] :  loss =  0.015288014939330795 epoch_time: 38.966646671295166
Epoch [91/150] :  loss =  0.015136869908827875 epoch_time: 38.80567455291748
Epoch [92/150] :  loss =  0.015197384809316308 epoch_time: 38.71929860115051
Epoch [93/150] :  loss =  0.015288750830761812 epoch_time: 39.19039869308472
Epoch [94/150] :  loss =  0.01528614428308275 epoch_time: 38.92524290084839
Epoch [95/150] :  loss =  0.015227397912423368 epoch_time: 39.03446841239929
Epoch [96/150] :  loss =  0.015092716845511287 epoch_time: 38.77668213844299
Epoch [97/150] :  loss =  0.014961590386789155 epoch_time: 39.32898545265198
Epoch [98/150] :  loss =  0.015073872887081018 epoch_time: 39.034826040267944
Epoch [99/150] :  loss =  0.014945165418019449 epoch_time: 38.69932317733765
Epoch [100/150] :  loss =  0.015011988933784541 epoch_time: 38.982446908950806
Epoch [101/150] :  loss =  0.014892156908495558 epoch_time: 38.79575753211975
Epoch [102/150] :  loss =  0.014916704726163988 epoch_time: 38.76750898361206
Epoch [103/150] :  loss =  0.014994913436196468 epoch_time: 38.761178731918335
Epoch [104/150] :  loss =  0.014929828760041683 epoch_time: 38.96548390388489
Epoch [105/150] :  loss =  0.014809370946346058 epoch_time: 39.111791133880615
Epoch [106/150] :  loss =  0.014857022695381332 epoch_time: 39.097264528274536
Epoch [107/150] :  loss =  0.014865875934009199 epoch_time: 38.84572172164917
Epoch [108/150] :  loss =  0.014788408306668754 epoch_time: 38.927305936813354
Epoch [109/150] :  loss =  0.014807934260547714 epoch_time: 38.8431761264801
Epoch [110/150] :  loss =  0.01472363709817054 epoch_time: 39.07301139831543
Epoch [111/150] :  loss =  0.014741792490153952 epoch_time: 38.995519399642944
Epoch [112/150] :  loss =  0.014827533331872136 epoch_time: 38.89867949485779
Epoch [113/150] :  loss =  0.014801205222115473 epoch_time: 39.04917502403259
Epoch [114/150] :  loss =  0.014587831554106541 epoch_time: 39.14473628997803
Epoch [115/150] :  loss =  0.01464625040103716 epoch_time: 38.825833320617676
Epoch [116/150] :  loss =  0.014687371474725229 epoch_time: 38.74542236328125
Epoch [117/150] :  loss =  0.014614645745260295 epoch_time: 38.500924825668335
Epoch [118/150] :  loss =  0.014524455949733103 epoch_time: 38.88481140136719
Epoch [119/150] :  loss =  0.014682865718862525 epoch_time: 38.896286725997925
Epoch [120/150] :  loss =  0.014561460741485158 epoch_time: 39.21871614456177
Epoch [121/150] :  loss =  0.01456541009247303 epoch_time: 39.164719581604004
Epoch [122/150] :  loss =  0.01459945552913403 epoch_time: 39.01660084724426
Epoch [123/150] :  loss =  0.014464915479981789 epoch_time: 38.88887810707092
Epoch [124/150] :  loss =  0.014461507796551342 epoch_time: 39.007736921310425
Epoch [125/150] :  loss =  0.014544917072203976 epoch_time: 38.89525532722473
Epoch [126/150] :  loss =  0.014448635875143938 epoch_time: 38.911521673202515
Epoch [127/150] :  loss =  0.01443072835293909 epoch_time: 39.054171085357666
Epoch [128/150] :  loss =  0.014426093039758227 epoch_time: 39.063905239105225
Epoch [129/150] :  loss =  0.014365783323430352 epoch_time: 38.90972709655762
Epoch [130/150] :  loss =  0.014385307475027663 epoch_time: 39.08013439178467
Epoch [131/150] :  loss =  0.014460686266560245 epoch_time: 38.725648641586304
Epoch [132/150] :  loss =  0.014491399422425914 epoch_time: 38.790833711624146
Epoch [133/150] :  loss =  0.01437163910035182 epoch_time: 38.88337588310242
Epoch [134/150] :  loss =  0.014411985141190665 epoch_time: 38.932257890701294
Epoch [135/150] :  loss =  0.014379791967156861 epoch_time: 38.80221176147461
Epoch [136/150] :  loss =  0.01431840738385088 epoch_time: 39.2920355796814
Epoch [137/150] :  loss =  0.01425752519733376 epoch_time: 39.2031364440918
Epoch [138/150] :  loss =  0.014299653461892848 epoch_time: 38.83036971092224
Epoch [139/150] :  loss =  0.014194022139741315 epoch_time: 38.85136532783508
Epoch [140/150] :  loss =  0.014185348042735347 epoch_time: 38.94031739234924
Epoch [141/150] :  loss =  0.01411572997285812 epoch_time: 38.55953931808472
Epoch [142/150] :  loss =  0.014229452892861984 epoch_time: 38.83080530166626
Epoch [143/150] :  loss =  0.014260615791297622 epoch_time: 38.9204204082489
Epoch [144/150] :  loss =  0.014143867754480906 epoch_time: 39.00078511238098
Epoch [145/150] :  loss =  0.01412352597064994 epoch_time: 39.02782320976257
Epoch [146/150] :  loss =  0.014054159487218217 epoch_time: 38.95960974693298
Epoch [147/150] :  loss =  0.014188062037444778 epoch_time: 38.81650972366333
Epoch [148/150] :  loss =  0.014039694236729431 epoch_time: 38.90521240234375
Epoch [149/150] :  loss =  0.014360292771555207 epoch_time: 39.10105109214783
Test result: MAE 1.8182708368375375 RMSE 2.757605464517563 MAPE 7.481953168295606
(576, 627, 1, 6)
(576, 627, 1, 6)
(576, 627, 1, 6)
Spend Time: 5846.295017957687
