Read configuration file: baselines/dstagnn_modules/configurations/Chengdu.conf
CUDA: cuda:2
folder_dir: dstagnn_0.50
params_path: baselines_save_model/dstagnn/Chengdu/MAR/dstagnn_0.50
delete the old one and create params directory baselines_save_model/dstagnn/Chengdu/MAR/dstagnn_0.50
current epoch:  0
validation batch 1 / 18, val_mae: 1.76
val mae 1.8044767644670274
best epoch:  0
best val mae:  1.8044767644670274
save parameters to file: baselines_save_model/dstagnn/Chengdu/MAR/dstagnn_0.50/best.params
current epoch:  1
validation batch 1 / 18, val_mae: 0.37
val mae 0.36880141993363696
best epoch:  1
best val mae:  0.36880141993363696
save parameters to file: baselines_save_model/dstagnn/Chengdu/MAR/dstagnn_0.50/best.params
current epoch:  2
validation batch 1 / 18, val_mae: 0.30
val mae 0.29542308217949337
best epoch:  2
best val mae:  0.29542308217949337
save parameters to file: baselines_save_model/dstagnn/Chengdu/MAR/dstagnn_0.50/best.params
current epoch:  3
validation batch 1 / 18, val_mae: 0.29
val mae 0.28742946022086674
best epoch:  3
best val mae:  0.28742946022086674
save parameters to file: baselines_save_model/dstagnn/Chengdu/MAR/dstagnn_0.50/best.params
current epoch:  4
validation batch 1 / 18, val_mae: 0.29
val mae 0.280969253844685
best epoch:  4
best val mae:  0.280969253844685
save parameters to file: baselines_save_model/dstagnn/Chengdu/MAR/dstagnn_0.50/best.params
current epoch:  5
validation batch 1 / 18, val_mae: 0.28
val mae 0.2775328324900733
best epoch:  5
best val mae:  0.2775328324900733
save parameters to file: baselines_save_model/dstagnn/Chengdu/MAR/dstagnn_0.50/best.params
current epoch:  6
validation batch 1 / 18, val_mae: 0.28
val mae 0.27563176055749256
best epoch:  6
best val mae:  0.27563176055749256
save parameters to file: baselines_save_model/dstagnn/Chengdu/MAR/dstagnn_0.50/best.params
current epoch:  7
validation batch 1 / 18, val_mae: 0.28
val mae 0.27125413301918244
best epoch:  7
best val mae:  0.27125413301918244
save parameters to file: baselines_save_model/dstagnn/Chengdu/MAR/dstagnn_0.50/best.params
current epoch:  8
validation batch 1 / 18, val_mae: 0.27
val mae 0.26860494828886455
best epoch:  8
best val mae:  0.26860494828886455
save parameters to file: baselines_save_model/dstagnn/Chengdu/MAR/dstagnn_0.50/best.params
current epoch:  9
validation batch 1 / 18, val_mae: 0.27
val mae 0.26521507816182244
best epoch:  9
best val mae:  0.26521507816182244
save parameters to file: baselines_save_model/dstagnn/Chengdu/MAR/dstagnn_0.50/best.params
current epoch:  10
validation batch 1 / 18, val_mae: 0.27
val mae 0.26904070460134083
current epoch:  11
validation batch 1 / 18, val_mae: 0.27
val mae 0.26566389699776966
current epoch:  12
validation batch 1 / 18, val_mae: 0.27
val mae 0.2642461682359378
best epoch:  12
best val mae:  0.2642461682359378
save parameters to file: baselines_save_model/dstagnn/Chengdu/MAR/dstagnn_0.50/best.params
current epoch:  13
validation batch 1 / 18, val_mae: 0.27
val mae 0.26043495949771667
best epoch:  13
best val mae:  0.26043495949771667
save parameters to file: baselines_save_model/dstagnn/Chengdu/MAR/dstagnn_0.50/best.params
current epoch:  14
validation batch 1 / 18, val_mae: 0.27
val mae 0.25909441461165744
best epoch:  14
best val mae:  0.25909441461165744
save parameters to file: baselines_save_model/dstagnn/Chengdu/MAR/dstagnn_0.50/best.params
current epoch:  15
validation batch 1 / 18, val_mae: 0.27
val mae 0.25866761555274326
best epoch:  15
best val mae:  0.25866761555274326
save parameters to file: baselines_save_model/dstagnn/Chengdu/MAR/dstagnn_0.50/best.params
current epoch:  16
validation batch 1 / 18, val_mae: 0.27
val mae 0.2573801808887058
best epoch:  16
best val mae:  0.2573801808887058
save parameters to file: baselines_save_model/dstagnn/Chengdu/MAR/dstagnn_0.50/best.params
current epoch:  17
validation batch 1 / 18, val_mae: 0.26
val mae 0.2562810050116645
best epoch:  17
best val mae:  0.2562810050116645
save parameters to file: baselines_save_model/dstagnn/Chengdu/MAR/dstagnn_0.50/best.params
current epoch:  18
validation batch 1 / 18, val_mae: 0.26
val mae 0.2556131374504831
best epoch:  18
best val mae:  0.2556131374504831
save parameters to file: baselines_save_model/dstagnn/Chengdu/MAR/dstagnn_0.50/best.params
global step: 1000, training loss: 0.04, time: 439.31s
current epoch:  19
validation batch 1 / 18, val_mae: 0.26
val mae 0.25377704203128815
best epoch:  19
best val mae:  0.25377704203128815
save parameters to file: baselines_save_model/dstagnn/Chengdu/MAR/dstagnn_0.50/best.params
current epoch:  20
validation batch 1 / 18, val_mae: 0.26
val mae 0.252736729880174
best epoch:  20
best val mae:  0.252736729880174
save parameters to file: baselines_save_model/dstagnn/Chengdu/MAR/dstagnn_0.50/best.params
current epoch:  21
validation batch 1 / 18, val_mae: 0.26
val mae 0.25124525196022457
best epoch:  21
best val mae:  0.25124525196022457
save parameters to file: baselines_save_model/dstagnn/Chengdu/MAR/dstagnn_0.50/best.params
current epoch:  22
validation batch 1 / 18, val_mae: 0.26
val mae 0.24960278471310934
best epoch:  22
best val mae:  0.24960278471310934
save parameters to file: baselines_save_model/dstagnn/Chengdu/MAR/dstagnn_0.50/best.params
current epoch:  23
validation batch 1 / 18, val_mae: 0.26
val mae 0.24751105242305332
best epoch:  23
best val mae:  0.24751105242305332
save parameters to file: baselines_save_model/dstagnn/Chengdu/MAR/dstagnn_0.50/best.params
current epoch:  24
validation batch 1 / 18, val_mae: 0.26
val mae 0.24653492867946625
best epoch:  24
best val mae:  0.24653492867946625
save parameters to file: baselines_save_model/dstagnn/Chengdu/MAR/dstagnn_0.50/best.params
current epoch:  25
validation batch 1 / 18, val_mae: 0.26
val mae 0.24465549571646583
best epoch:  25
best val mae:  0.24465549571646583
save parameters to file: baselines_save_model/dstagnn/Chengdu/MAR/dstagnn_0.50/best.params
current epoch:  26
validation batch 1 / 18, val_mae: 0.26
val mae 0.2433146337668101
best epoch:  26
best val mae:  0.2433146337668101
save parameters to file: baselines_save_model/dstagnn/Chengdu/MAR/dstagnn_0.50/best.params
current epoch:  27
validation batch 1 / 18, val_mae: 0.25
val mae 0.24240717540184656
best epoch:  27
best val mae:  0.24240717540184656
save parameters to file: baselines_save_model/dstagnn/Chengdu/MAR/dstagnn_0.50/best.params
current epoch:  28
validation batch 1 / 18, val_mae: 0.25
val mae 0.24316727038886812
current epoch:  29
validation batch 1 / 18, val_mae: 0.25
val mae 0.24221035672558677
best epoch:  29
best val mae:  0.24221035672558677
save parameters to file: baselines_save_model/dstagnn/Chengdu/MAR/dstagnn_0.50/best.params
current epoch:  30
validation batch 1 / 18, val_mae: 0.25
val mae 0.24100479152467516
best epoch:  30
best val mae:  0.24100479152467516
save parameters to file: baselines_save_model/dstagnn/Chengdu/MAR/dstagnn_0.50/best.params
current epoch:  31
validation batch 1 / 18, val_mae: 0.25
val mae 0.23869246575567457
best epoch:  31
best val mae:  0.23869246575567457
save parameters to file: baselines_save_model/dstagnn/Chengdu/MAR/dstagnn_0.50/best.params
current epoch:  32
validation batch 1 / 18, val_mae: 0.25
val mae 0.2385475519630644
best epoch:  32
best val mae:  0.2385475519630644
save parameters to file: baselines_save_model/dstagnn/Chengdu/MAR/dstagnn_0.50/best.params
current epoch:  33
validation batch 1 / 18, val_mae: 0.25
val mae 0.23615794546074337
best epoch:  33
best val mae:  0.23615794546074337
save parameters to file: baselines_save_model/dstagnn/Chengdu/MAR/dstagnn_0.50/best.params
current epoch:  34
validation batch 1 / 18, val_mae: 0.25
val mae 0.23841118233071434
current epoch:  35
validation batch 1 / 18, val_mae: 0.25
val mae 0.23625627325640786
current epoch:  36
validation batch 1 / 18, val_mae: 0.24
val mae 0.23232197844319874
best epoch:  36
best val mae:  0.23232197844319874
save parameters to file: baselines_save_model/dstagnn/Chengdu/MAR/dstagnn_0.50/best.params
current epoch:  37
validation batch 1 / 18, val_mae: 0.24
val mae 0.23263957351446152
global step: 2000, training loss: 0.03, time: 870.96s
current epoch:  38
validation batch 1 / 18, val_mae: 0.24
val mae 0.23269737677441704
current epoch:  39
validation batch 1 / 18, val_mae: 0.24
val mae 0.23157928221755558
best epoch:  39
best val mae:  0.23157928221755558
save parameters to file: baselines_save_model/dstagnn/Chengdu/MAR/dstagnn_0.50/best.params
current epoch:  40
validation batch 1 / 18, val_mae: 0.24
val mae 0.23181943264272478
current epoch:  41
validation batch 1 / 18, val_mae: 0.24
val mae 0.23012041631672117
best epoch:  41
best val mae:  0.23012041631672117
save parameters to file: baselines_save_model/dstagnn/Chengdu/MAR/dstagnn_0.50/best.params
current epoch:  42
validation batch 1 / 18, val_mae: 0.24
val mae 0.23041341453790665
current epoch:  43
validation batch 1 / 18, val_mae: 0.24
val mae 0.2313226345512602
current epoch:  44
validation batch 1 / 18, val_mae: 0.24
val mae 0.22954147474633324
best epoch:  44
best val mae:  0.22954147474633324
save parameters to file: baselines_save_model/dstagnn/Chengdu/MAR/dstagnn_0.50/best.params
current epoch:  45
validation batch 1 / 18, val_mae: 0.24
val mae 0.22963639514313805
current epoch:  46
validation batch 1 / 18, val_mae: 0.24
val mae 0.22796586238675648
best epoch:  46
best val mae:  0.22796586238675648
save parameters to file: baselines_save_model/dstagnn/Chengdu/MAR/dstagnn_0.50/best.params
current epoch:  47
validation batch 1 / 18, val_mae: 0.24
val mae 0.22723815672927433
best epoch:  47
best val mae:  0.22723815672927433
save parameters to file: baselines_save_model/dstagnn/Chengdu/MAR/dstagnn_0.50/best.params
current epoch:  48
validation batch 1 / 18, val_mae: 0.24
val mae 0.22746663209464815
current epoch:  49
validation batch 1 / 18, val_mae: 0.24
val mae 0.22617452922794554
best epoch:  49
best val mae:  0.22617452922794554
save parameters to file: baselines_save_model/dstagnn/Chengdu/MAR/dstagnn_0.50/best.params
current epoch:  50
validation batch 1 / 18, val_mae: 0.24
val mae 0.2250258367922571
best epoch:  50
best val mae:  0.2250258367922571
save parameters to file: baselines_save_model/dstagnn/Chengdu/MAR/dstagnn_0.50/best.params
current epoch:  51
validation batch 1 / 18, val_mae: 0.24
val mae 0.2247533177336057
best epoch:  51
best val mae:  0.2247533177336057
save parameters to file: baselines_save_model/dstagnn/Chengdu/MAR/dstagnn_0.50/best.params
current epoch:  52
validation batch 1 / 18, val_mae: 0.24
val mae 0.22471307466427484
best epoch:  52
best val mae:  0.22471307466427484
save parameters to file: baselines_save_model/dstagnn/Chengdu/MAR/dstagnn_0.50/best.params
current epoch:  53
validation batch 1 / 18, val_mae: 0.24
val mae 0.2263290286064148
current epoch:  54
validation batch 1 / 18, val_mae: 0.23
val mae 0.22395564367373785
best epoch:  54
best val mae:  0.22395564367373785
save parameters to file: baselines_save_model/dstagnn/Chengdu/MAR/dstagnn_0.50/best.params
current epoch:  55
validation batch 1 / 18, val_mae: 0.23
val mae 0.22433964411417642
global step: 3000, training loss: 0.02, time: 1300.99s
current epoch:  56
validation batch 1 / 18, val_mae: 0.24
val mae 0.22424624446365568
current epoch:  57
validation batch 1 / 18, val_mae: 0.23
val mae 0.2235414899057812
best epoch:  57
best val mae:  0.2235414899057812
save parameters to file: baselines_save_model/dstagnn/Chengdu/MAR/dstagnn_0.50/best.params
current epoch:  58
validation batch 1 / 18, val_mae: 0.23
val mae 0.22295176320605808
best epoch:  58
best val mae:  0.22295176320605808
save parameters to file: baselines_save_model/dstagnn/Chengdu/MAR/dstagnn_0.50/best.params
current epoch:  59
validation batch 1 / 18, val_mae: 0.23
val mae 0.22233907961183125
best epoch:  59
best val mae:  0.22233907961183125
save parameters to file: baselines_save_model/dstagnn/Chengdu/MAR/dstagnn_0.50/best.params
current epoch:  60
validation batch 1 / 18, val_mae: 0.23
val mae 0.22251969575881958
current epoch:  61
validation batch 1 / 18, val_mae: 0.23
val mae 0.22148280839125314
best epoch:  61
best val mae:  0.22148280839125314
save parameters to file: baselines_save_model/dstagnn/Chengdu/MAR/dstagnn_0.50/best.params
current epoch:  62
validation batch 1 / 18, val_mae: 0.23
val mae 0.22128867357969284
best epoch:  62
best val mae:  0.22128867357969284
save parameters to file: baselines_save_model/dstagnn/Chengdu/MAR/dstagnn_0.50/best.params
current epoch:  63
validation batch 1 / 18, val_mae: 0.23
val mae 0.22271931005848777
current epoch:  64
validation batch 1 / 18, val_mae: 0.23
val mae 0.22096444418032965
best epoch:  64
best val mae:  0.22096444418032965
save parameters to file: baselines_save_model/dstagnn/Chengdu/MAR/dstagnn_0.50/best.params
current epoch:  65
validation batch 1 / 18, val_mae: 0.23
val mae 0.220771923661232
best epoch:  65
best val mae:  0.220771923661232
save parameters to file: baselines_save_model/dstagnn/Chengdu/MAR/dstagnn_0.50/best.params
current epoch:  66
validation batch 1 / 18, val_mae: 0.23
val mae 0.220135940445794
best epoch:  66
best val mae:  0.220135940445794
save parameters to file: baselines_save_model/dstagnn/Chengdu/MAR/dstagnn_0.50/best.params
current epoch:  67
validation batch 1 / 18, val_mae: 0.23
val mae 0.2195356943541103
best epoch:  67
best val mae:  0.2195356943541103
save parameters to file: baselines_save_model/dstagnn/Chengdu/MAR/dstagnn_0.50/best.params
current epoch:  68
validation batch 1 / 18, val_mae: 0.23
val mae 0.2205732779370414
current epoch:  69
validation batch 1 / 18, val_mae: 0.23
val mae 0.21952509548929003
best epoch:  69
best val mae:  0.21952509548929003
save parameters to file: baselines_save_model/dstagnn/Chengdu/MAR/dstagnn_0.50/best.params
current epoch:  70
validation batch 1 / 18, val_mae: 0.23
val mae 0.21904589070214164
best epoch:  70
best val mae:  0.21904589070214164
save parameters to file: baselines_save_model/dstagnn/Chengdu/MAR/dstagnn_0.50/best.params
current epoch:  71
validation batch 1 / 18, val_mae: 0.23
val mae 0.2187740264667405
best epoch:  71
best val mae:  0.2187740264667405
save parameters to file: baselines_save_model/dstagnn/Chengdu/MAR/dstagnn_0.50/best.params
current epoch:  72
validation batch 1 / 18, val_mae: 0.23
val mae 0.21876735157436794
best epoch:  72
best val mae:  0.21876735157436794
save parameters to file: baselines_save_model/dstagnn/Chengdu/MAR/dstagnn_0.50/best.params
current epoch:  73
validation batch 1 / 18, val_mae: 0.23
val mae 0.21883205572764078
current epoch:  74
validation batch 1 / 18, val_mae: 0.23
val mae 0.21808056284983954
best epoch:  74
best val mae:  0.21808056284983954
save parameters to file: baselines_save_model/dstagnn/Chengdu/MAR/dstagnn_0.50/best.params
global step: 4000, training loss: 0.02, time: 1734.47s
current epoch:  75
validation batch 1 / 18, val_mae: 0.23
val mae 0.2177113393942515
best epoch:  75
best val mae:  0.2177113393942515
save parameters to file: baselines_save_model/dstagnn/Chengdu/MAR/dstagnn_0.50/best.params
current epoch:  76
validation batch 1 / 18, val_mae: 0.23
val mae 0.21737740188837051
best epoch:  76
best val mae:  0.21737740188837051
save parameters to file: baselines_save_model/dstagnn/Chengdu/MAR/dstagnn_0.50/best.params
current epoch:  77
validation batch 1 / 18, val_mae: 0.23
val mae 0.21731213480234146
best epoch:  77
best val mae:  0.21731213480234146
save parameters to file: baselines_save_model/dstagnn/Chengdu/MAR/dstagnn_0.50/best.params
current epoch:  78
validation batch 1 / 18, val_mae: 0.23
val mae 0.21739394714434943
current epoch:  79
validation batch 1 / 18, val_mae: 0.23
val mae 0.2177324319879214
current epoch:  80
validation batch 1 / 18, val_mae: 0.23
val mae 0.21622448745701048
best epoch:  80
best val mae:  0.21622448745701048
save parameters to file: baselines_save_model/dstagnn/Chengdu/MAR/dstagnn_0.50/best.params
current epoch:  81
validation batch 1 / 18, val_mae: 0.23
val mae 0.21641013771295547
current epoch:  82
validation batch 1 / 18, val_mae: 0.23
val mae 0.21591196209192276
best epoch:  82
best val mae:  0.21591196209192276
save parameters to file: baselines_save_model/dstagnn/Chengdu/MAR/dstagnn_0.50/best.params
current epoch:  83
validation batch 1 / 18, val_mae: 0.23
val mae 0.21605957299470901
current epoch:  84
validation batch 1 / 18, val_mae: 0.23
val mae 0.21596692585282856
current epoch:  85
validation batch 1 / 18, val_mae: 0.23
val mae 0.21593342473109564
current epoch:  86
validation batch 1 / 18, val_mae: 0.23
val mae 0.2155136755771107
best epoch:  86
best val mae:  0.2155136755771107
save parameters to file: baselines_save_model/dstagnn/Chengdu/MAR/dstagnn_0.50/best.params
current epoch:  87
validation batch 1 / 18, val_mae: 0.23
val mae 0.21537699467606014
best epoch:  87
best val mae:  0.21537699467606014
save parameters to file: baselines_save_model/dstagnn/Chengdu/MAR/dstagnn_0.50/best.params
current epoch:  88
validation batch 1 / 18, val_mae: 0.23
val mae 0.21574010203282037
current epoch:  89
validation batch 1 / 18, val_mae: 0.23
val mae 0.21497426430384317
best epoch:  89
best val mae:  0.21497426430384317
save parameters to file: baselines_save_model/dstagnn/Chengdu/MAR/dstagnn_0.50/best.params
best epoch: 89
load weight from: baselines_save_model/dstagnn/Chengdu/MAR/dstagnn_0.50/best.params
predicting data set batch 1 / 18
input: (576, 524, 1, 6)
prediction: (576, 524, 6)
Test MAE: 2.059, Test RMSE: 2.979 Test MAPE: 8.825
Spend Time: 2100.5204083919525
