Read configuration file: baselines/dstagnn_modules/configurations/Chengdu.conf
CUDA: cuda:2
folder_dir: dstagnn_0.50
params_path: baselines_save_model/dstagnn/Chengdu/MAR/dstagnn_0.50
delete the old one and create params directory baselines_save_model/dstagnn/Chengdu/MAR/dstagnn_0.50
current epoch:  0
validation batch 1 / 18, val_mae: 1.07
val mae 1.1220222579108343
best epoch:  0
best val mae:  1.1220222579108343
save parameters to file: baselines_save_model/dstagnn/Chengdu/MAR/dstagnn_0.50/best.params
current epoch:  1
validation batch 1 / 18, val_mae: 0.33
val mae 0.3114421284861035
best epoch:  1
best val mae:  0.3114421284861035
save parameters to file: baselines_save_model/dstagnn/Chengdu/MAR/dstagnn_0.50/best.params
current epoch:  2
validation batch 1 / 18, val_mae: 0.32
val mae 0.30735716885990566
best epoch:  2
best val mae:  0.30735716885990566
save parameters to file: baselines_save_model/dstagnn/Chengdu/MAR/dstagnn_0.50/best.params
current epoch:  3
validation batch 1 / 18, val_mae: 0.31
val mae 0.2993151893218358
best epoch:  3
best val mae:  0.2993151893218358
save parameters to file: baselines_save_model/dstagnn/Chengdu/MAR/dstagnn_0.50/best.params
current epoch:  4
validation batch 1 / 18, val_mae: 0.30
val mae 0.2915200624201033
best epoch:  4
best val mae:  0.2915200624201033
save parameters to file: baselines_save_model/dstagnn/Chengdu/MAR/dstagnn_0.50/best.params
current epoch:  5
validation batch 1 / 18, val_mae: 0.30
val mae 0.284358905421363
best epoch:  5
best val mae:  0.284358905421363
save parameters to file: baselines_save_model/dstagnn/Chengdu/MAR/dstagnn_0.50/best.params
current epoch:  6
validation batch 1 / 18, val_mae: 0.29
val mae 0.28222809235254925
best epoch:  6
best val mae:  0.28222809235254925
save parameters to file: baselines_save_model/dstagnn/Chengdu/MAR/dstagnn_0.50/best.params
current epoch:  7
validation batch 1 / 18, val_mae: 0.29
val mae 0.27874968780411613
best epoch:  7
best val mae:  0.27874968780411613
save parameters to file: baselines_save_model/dstagnn/Chengdu/MAR/dstagnn_0.50/best.params
current epoch:  8
validation batch 1 / 18, val_mae: 0.29
val mae 0.27437827322218156
best epoch:  8
best val mae:  0.27437827322218156
save parameters to file: baselines_save_model/dstagnn/Chengdu/MAR/dstagnn_0.50/best.params
current epoch:  9
validation batch 1 / 18, val_mae: 0.29
val mae 0.2740831242667304
best epoch:  9
best val mae:  0.2740831242667304
save parameters to file: baselines_save_model/dstagnn/Chengdu/MAR/dstagnn_0.50/best.params
current epoch:  10
validation batch 1 / 18, val_mae: 0.29
val mae 0.2741328328847885
current epoch:  11
validation batch 1 / 18, val_mae: 0.29
val mae 0.2719538112481435
best epoch:  11
best val mae:  0.2719538112481435
save parameters to file: baselines_save_model/dstagnn/Chengdu/MAR/dstagnn_0.50/best.params
current epoch:  12
validation batch 1 / 18, val_mae: 0.28
val mae 0.26945456862449646
best epoch:  12
best val mae:  0.26945456862449646
save parameters to file: baselines_save_model/dstagnn/Chengdu/MAR/dstagnn_0.50/best.params
current epoch:  13
validation batch 1 / 18, val_mae: 0.28
val mae 0.26901714007059735
best epoch:  13
best val mae:  0.26901714007059735
save parameters to file: baselines_save_model/dstagnn/Chengdu/MAR/dstagnn_0.50/best.params
current epoch:  14
validation batch 1 / 18, val_mae: 0.28
val mae 0.2663933825161722
best epoch:  14
best val mae:  0.2663933825161722
save parameters to file: baselines_save_model/dstagnn/Chengdu/MAR/dstagnn_0.50/best.params
current epoch:  15
validation batch 1 / 18, val_mae: 0.27
val mae 0.26297543280654484
best epoch:  15
best val mae:  0.26297543280654484
save parameters to file: baselines_save_model/dstagnn/Chengdu/MAR/dstagnn_0.50/best.params
current epoch:  16
validation batch 1 / 18, val_mae: 0.27
val mae 0.2610744693213039
best epoch:  16
best val mae:  0.2610744693213039
save parameters to file: baselines_save_model/dstagnn/Chengdu/MAR/dstagnn_0.50/best.params
current epoch:  17
validation batch 1 / 18, val_mae: 0.27
val mae 0.2574579483932919
best epoch:  17
best val mae:  0.2574579483932919
save parameters to file: baselines_save_model/dstagnn/Chengdu/MAR/dstagnn_0.50/best.params
current epoch:  18
validation batch 1 / 18, val_mae: 0.27
val mae 0.25655896547767854
best epoch:  18
best val mae:  0.25655896547767854
save parameters to file: baselines_save_model/dstagnn/Chengdu/MAR/dstagnn_0.50/best.params
global step: 1000, training loss: 0.03, time: 428.53s
current epoch:  19
validation batch 1 / 18, val_mae: 0.27
val mae 0.2570558902290132
current epoch:  20
validation batch 1 / 18, val_mae: 0.26
val mae 0.2540445021457142
best epoch:  20
best val mae:  0.2540445021457142
save parameters to file: baselines_save_model/dstagnn/Chengdu/MAR/dstagnn_0.50/best.params
current epoch:  21
validation batch 1 / 18, val_mae: 0.26
val mae 0.2531561868058311
best epoch:  21
best val mae:  0.2531561868058311
save parameters to file: baselines_save_model/dstagnn/Chengdu/MAR/dstagnn_0.50/best.params
current epoch:  22
validation batch 1 / 18, val_mae: 0.26
val mae 0.2512306620677312
best epoch:  22
best val mae:  0.2512306620677312
save parameters to file: baselines_save_model/dstagnn/Chengdu/MAR/dstagnn_0.50/best.params
current epoch:  23
validation batch 1 / 18, val_mae: 0.26
val mae 0.250529279311498
best epoch:  23
best val mae:  0.250529279311498
save parameters to file: baselines_save_model/dstagnn/Chengdu/MAR/dstagnn_0.50/best.params
current epoch:  24
validation batch 1 / 18, val_mae: 0.26
val mae 0.24936240083641475
best epoch:  24
best val mae:  0.24936240083641475
save parameters to file: baselines_save_model/dstagnn/Chengdu/MAR/dstagnn_0.50/best.params
current epoch:  25
validation batch 1 / 18, val_mae: 0.26
val mae 0.24908229294750425
best epoch:  25
best val mae:  0.24908229294750425
save parameters to file: baselines_save_model/dstagnn/Chengdu/MAR/dstagnn_0.50/best.params
current epoch:  26
validation batch 1 / 18, val_mae: 0.26
val mae 0.24679741346173817
best epoch:  26
best val mae:  0.24679741346173817
save parameters to file: baselines_save_model/dstagnn/Chengdu/MAR/dstagnn_0.50/best.params
current epoch:  27
validation batch 1 / 18, val_mae: 0.26
val mae 0.2457015034225252
best epoch:  27
best val mae:  0.2457015034225252
save parameters to file: baselines_save_model/dstagnn/Chengdu/MAR/dstagnn_0.50/best.params
current epoch:  28
validation batch 1 / 18, val_mae: 0.25
val mae 0.2446495278014077
best epoch:  28
best val mae:  0.2446495278014077
save parameters to file: baselines_save_model/dstagnn/Chengdu/MAR/dstagnn_0.50/best.params
current epoch:  29
validation batch 1 / 18, val_mae: 0.25
val mae 0.2451458474000295
current epoch:  30
validation batch 1 / 18, val_mae: 0.26
val mae 0.2456944684187571
current epoch:  31
validation batch 1 / 18, val_mae: 0.25
val mae 0.241242330107424
best epoch:  31
best val mae:  0.241242330107424
save parameters to file: baselines_save_model/dstagnn/Chengdu/MAR/dstagnn_0.50/best.params
current epoch:  32
validation batch 1 / 18, val_mae: 0.26
val mae 0.2443565974632899
current epoch:  33
validation batch 1 / 18, val_mae: 0.25
val mae 0.2390363903509246
best epoch:  33
best val mae:  0.2390363903509246
save parameters to file: baselines_save_model/dstagnn/Chengdu/MAR/dstagnn_0.50/best.params
current epoch:  34
validation batch 1 / 18, val_mae: 0.25
val mae 0.2381815438469251
best epoch:  34
best val mae:  0.2381815438469251
save parameters to file: baselines_save_model/dstagnn/Chengdu/MAR/dstagnn_0.50/best.params
current epoch:  35
validation batch 1 / 18, val_mae: 0.25
val mae 0.2367862140138944
best epoch:  35
best val mae:  0.2367862140138944
save parameters to file: baselines_save_model/dstagnn/Chengdu/MAR/dstagnn_0.50/best.params
current epoch:  36
validation batch 1 / 18, val_mae: 0.25
val mae 0.23824710150559744
current epoch:  37
validation batch 1 / 18, val_mae: 0.25
val mae 0.2369818753666348
global step: 2000, training loss: 0.03, time: 857.13s
current epoch:  38
validation batch 1 / 18, val_mae: 0.25
val mae 0.23531034588813782
best epoch:  38
best val mae:  0.23531034588813782
save parameters to file: baselines_save_model/dstagnn/Chengdu/MAR/dstagnn_0.50/best.params
current epoch:  39
validation batch 1 / 18, val_mae: 0.24
val mae 0.23436792277627522
best epoch:  39
best val mae:  0.23436792277627522
save parameters to file: baselines_save_model/dstagnn/Chengdu/MAR/dstagnn_0.50/best.params
current epoch:  40
validation batch 1 / 18, val_mae: 0.24
val mae 0.23457341227266523
current epoch:  41
validation batch 1 / 18, val_mae: 0.24
val mae 0.23314826687177023
best epoch:  41
best val mae:  0.23314826687177023
save parameters to file: baselines_save_model/dstagnn/Chengdu/MAR/dstagnn_0.50/best.params
current epoch:  42
validation batch 1 / 18, val_mae: 0.24
val mae 0.23278128190173042
best epoch:  42
best val mae:  0.23278128190173042
save parameters to file: baselines_save_model/dstagnn/Chengdu/MAR/dstagnn_0.50/best.params
current epoch:  43
validation batch 1 / 18, val_mae: 0.24
val mae 0.2313690193825298
best epoch:  43
best val mae:  0.2313690193825298
save parameters to file: baselines_save_model/dstagnn/Chengdu/MAR/dstagnn_0.50/best.params
current epoch:  44
validation batch 1 / 18, val_mae: 0.24
val mae 0.23088305360741085
best epoch:  44
best val mae:  0.23088305360741085
save parameters to file: baselines_save_model/dstagnn/Chengdu/MAR/dstagnn_0.50/best.params
current epoch:  45
validation batch 1 / 18, val_mae: 0.24
val mae 0.2338116450442208
current epoch:  46
validation batch 1 / 18, val_mae: 0.24
val mae 0.2294763127962748
best epoch:  46
best val mae:  0.2294763127962748
save parameters to file: baselines_save_model/dstagnn/Chengdu/MAR/dstagnn_0.50/best.params
current epoch:  47
validation batch 1 / 18, val_mae: 0.24
val mae 0.23062660213973787
current epoch:  48
validation batch 1 / 18, val_mae: 0.24
val mae 0.23040734231472015
current epoch:  49
validation batch 1 / 18, val_mae: 0.24
val mae 0.22948950363530052
current epoch:  50
validation batch 1 / 18, val_mae: 0.24
val mae 0.22772658285167482
best epoch:  50
best val mae:  0.22772658285167482
save parameters to file: baselines_save_model/dstagnn/Chengdu/MAR/dstagnn_0.50/best.params
current epoch:  51
validation batch 1 / 18, val_mae: 0.24
val mae 0.22847341332170698
current epoch:  52
validation batch 1 / 18, val_mae: 0.24
val mae 0.22544239461421967
best epoch:  52
best val mae:  0.22544239461421967
save parameters to file: baselines_save_model/dstagnn/Chengdu/MAR/dstagnn_0.50/best.params
current epoch:  53
validation batch 1 / 18, val_mae: 0.24
val mae 0.2265122483174006
current epoch:  54
validation batch 1 / 18, val_mae: 0.24
val mae 0.22567418797148597
current epoch:  55
validation batch 1 / 18, val_mae: 0.24
val mae 0.22575977693001428
global step: 3000, training loss: 0.02, time: 1283.77s
current epoch:  56
validation batch 1 / 18, val_mae: 0.24
val mae 0.22554948760403526
current epoch:  57
validation batch 1 / 18, val_mae: 0.23
val mae 0.22404845224486458
best epoch:  57
best val mae:  0.22404845224486458
save parameters to file: baselines_save_model/dstagnn/Chengdu/MAR/dstagnn_0.50/best.params
current epoch:  58
validation batch 1 / 18, val_mae: 0.24
val mae 0.22534355107280943
current epoch:  59
validation batch 1 / 18, val_mae: 0.23
val mae 0.22356455855899388
best epoch:  59
best val mae:  0.22356455855899388
save parameters to file: baselines_save_model/dstagnn/Chengdu/MAR/dstagnn_0.50/best.params
current epoch:  60
validation batch 1 / 18, val_mae: 0.23
val mae 0.22403442197375828
current epoch:  61
validation batch 1 / 18, val_mae: 0.23
val mae 0.22278972135649788
best epoch:  61
best val mae:  0.22278972135649788
save parameters to file: baselines_save_model/dstagnn/Chengdu/MAR/dstagnn_0.50/best.params
current epoch:  62
validation batch 1 / 18, val_mae: 0.23
val mae 0.223150834441185
current epoch:  63
validation batch 1 / 18, val_mae: 0.23
val mae 0.22138204094436434
best epoch:  63
best val mae:  0.22138204094436434
save parameters to file: baselines_save_model/dstagnn/Chengdu/MAR/dstagnn_0.50/best.params
current epoch:  64
validation batch 1 / 18, val_mae: 0.23
val mae 0.2216146331694391
current epoch:  65
validation batch 1 / 18, val_mae: 0.23
val mae 0.22153750310341516
current epoch:  66
validation batch 1 / 18, val_mae: 0.23
val mae 0.221097426282035
best epoch:  66
best val mae:  0.221097426282035
save parameters to file: baselines_save_model/dstagnn/Chengdu/MAR/dstagnn_0.50/best.params
current epoch:  67
validation batch 1 / 18, val_mae: 0.23
val mae 0.22186318039894104
current epoch:  68
validation batch 1 / 18, val_mae: 0.23
val mae 0.22106726302040947
best epoch:  68
best val mae:  0.22106726302040947
save parameters to file: baselines_save_model/dstagnn/Chengdu/MAR/dstagnn_0.50/best.params
current epoch:  69
validation batch 1 / 18, val_mae: 0.23
val mae 0.22094852394527859
best epoch:  69
best val mae:  0.22094852394527859
save parameters to file: baselines_save_model/dstagnn/Chengdu/MAR/dstagnn_0.50/best.params
current epoch:  70
validation batch 1 / 18, val_mae: 0.23
val mae 0.21985287136501735
best epoch:  70
best val mae:  0.21985287136501735
save parameters to file: baselines_save_model/dstagnn/Chengdu/MAR/dstagnn_0.50/best.params
current epoch:  71
validation batch 1 / 18, val_mae: 0.23
val mae 0.22011124094327292
current epoch:  72
validation batch 1 / 18, val_mae: 0.23
val mae 0.22034315516551337
current epoch:  73
validation batch 1 / 18, val_mae: 0.23
val mae 0.2197863972849316
best epoch:  73
best val mae:  0.2197863972849316
save parameters to file: baselines_save_model/dstagnn/Chengdu/MAR/dstagnn_0.50/best.params
current epoch:  74
validation batch 1 / 18, val_mae: 0.23
val mae 0.218640498816967
best epoch:  74
best val mae:  0.218640498816967
save parameters to file: baselines_save_model/dstagnn/Chengdu/MAR/dstagnn_0.50/best.params
global step: 4000, training loss: 0.02, time: 1714.48s
current epoch:  75
validation batch 1 / 18, val_mae: 0.23
val mae 0.2190642770793703
current epoch:  76
validation batch 1 / 18, val_mae: 0.23
val mae 0.21819023456838396
best epoch:  76
best val mae:  0.21819023456838396
save parameters to file: baselines_save_model/dstagnn/Chengdu/MAR/dstagnn_0.50/best.params
current epoch:  77
validation batch 1 / 18, val_mae: 0.23
val mae 0.2178891822695732
best epoch:  77
best val mae:  0.2178891822695732
save parameters to file: baselines_save_model/dstagnn/Chengdu/MAR/dstagnn_0.50/best.params
current epoch:  78
validation batch 1 / 18, val_mae: 0.23
val mae 0.21809562957949108
current epoch:  79
validation batch 1 / 18, val_mae: 0.23
val mae 0.2178063972128762
best epoch:  79
best val mae:  0.2178063972128762
save parameters to file: baselines_save_model/dstagnn/Chengdu/MAR/dstagnn_0.50/best.params
current epoch:  80
validation batch 1 / 18, val_mae: 0.23
val mae 0.21754567987389034
best epoch:  80
best val mae:  0.21754567987389034
save parameters to file: baselines_save_model/dstagnn/Chengdu/MAR/dstagnn_0.50/best.params
current epoch:  81
validation batch 1 / 18, val_mae: 0.23
val mae 0.21722550607389873
best epoch:  81
best val mae:  0.21722550607389873
save parameters to file: baselines_save_model/dstagnn/Chengdu/MAR/dstagnn_0.50/best.params
current epoch:  82
validation batch 1 / 18, val_mae: 0.23
val mae 0.21759467158052656
current epoch:  83
validation batch 1 / 18, val_mae: 0.23
val mae 0.21764746225542492
current epoch:  84
validation batch 1 / 18, val_mae: 0.23
val mae 0.2171925198700693
best epoch:  84
best val mae:  0.2171925198700693
save parameters to file: baselines_save_model/dstagnn/Chengdu/MAR/dstagnn_0.50/best.params
current epoch:  85
validation batch 1 / 18, val_mae: 0.23
val mae 0.21632984280586243
best epoch:  85
best val mae:  0.21632984280586243
save parameters to file: baselines_save_model/dstagnn/Chengdu/MAR/dstagnn_0.50/best.params
current epoch:  86
validation batch 1 / 18, val_mae: 0.23
val mae 0.21712952272759545
current epoch:  87
validation batch 1 / 18, val_mae: 0.23
val mae 0.21631360054016113
best epoch:  87
best val mae:  0.21631360054016113
save parameters to file: baselines_save_model/dstagnn/Chengdu/MAR/dstagnn_0.50/best.params
current epoch:  88
validation batch 1 / 18, val_mae: 0.23
val mae 0.21722110940350425
current epoch:  89
validation batch 1 / 18, val_mae: 0.23
val mae 0.2162294959028562
best epoch:  89
best val mae:  0.2162294959028562
save parameters to file: baselines_save_model/dstagnn/Chengdu/MAR/dstagnn_0.50/best.params
best epoch: 89
load weight from: baselines_save_model/dstagnn/Chengdu/MAR/dstagnn_0.50/best.params
predicting data set batch 1 / 18
input: (576, 524, 1, 6)
prediction: (576, 524, 6)
Test MAE: 2.074, Test RMSE: 2.993 Test MAPE: 8.935
Spend Time: 2080.950029850006
