Read configuration file: baselines/dstagnn_modules/configurations/Chengdu.conf
CUDA: cuda:2
folder_dir: dstagnn_0.50
params_path: baselines_save_model/dstagnn/Chengdu/MAR/dstagnn_0.50
delete the old one and create params directory baselines_save_model/dstagnn/Chengdu/MAR/dstagnn_0.50
current epoch:  0
validation batch 1 / 18, val_mae: 1.33
val mae 1.3437846899032593
best epoch:  0
best val mae:  1.3437846899032593
save parameters to file: baselines_save_model/dstagnn/Chengdu/MAR/dstagnn_0.50/best.params
current epoch:  1
validation batch 1 / 18, val_mae: 0.33
val mae 0.3171721133920882
best epoch:  1
best val mae:  0.3171721133920882
save parameters to file: baselines_save_model/dstagnn/Chengdu/MAR/dstagnn_0.50/best.params
current epoch:  2
validation batch 1 / 18, val_mae: 0.30
val mae 0.2956073035796483
best epoch:  2
best val mae:  0.2956073035796483
save parameters to file: baselines_save_model/dstagnn/Chengdu/MAR/dstagnn_0.50/best.params
current epoch:  3
validation batch 1 / 18, val_mae: 0.29
val mae 0.28937125702699024
best epoch:  3
best val mae:  0.28937125702699024
save parameters to file: baselines_save_model/dstagnn/Chengdu/MAR/dstagnn_0.50/best.params
current epoch:  4
validation batch 1 / 18, val_mae: 0.28
val mae 0.2778694017065896
best epoch:  4
best val mae:  0.2778694017065896
save parameters to file: baselines_save_model/dstagnn/Chengdu/MAR/dstagnn_0.50/best.params
current epoch:  5
validation batch 1 / 18, val_mae: 0.28
val mae 0.27063122308916515
best epoch:  5
best val mae:  0.27063122308916515
save parameters to file: baselines_save_model/dstagnn/Chengdu/MAR/dstagnn_0.50/best.params
current epoch:  6
validation batch 1 / 18, val_mae: 0.27
val mae 0.267242641084724
best epoch:  6
best val mae:  0.267242641084724
save parameters to file: baselines_save_model/dstagnn/Chengdu/MAR/dstagnn_0.50/best.params
current epoch:  7
validation batch 1 / 18, val_mae: 0.27
val mae 0.26616570519076455
best epoch:  7
best val mae:  0.26616570519076455
save parameters to file: baselines_save_model/dstagnn/Chengdu/MAR/dstagnn_0.50/best.params
current epoch:  8
validation batch 1 / 18, val_mae: 0.27
val mae 0.26754067672623527
current epoch:  9
validation batch 1 / 18, val_mae: 0.27
val mae 0.2694812590877215
current epoch:  10
validation batch 1 / 18, val_mae: 0.27
val mae 0.2633943193488651
best epoch:  10
best val mae:  0.2633943193488651
save parameters to file: baselines_save_model/dstagnn/Chengdu/MAR/dstagnn_0.50/best.params
current epoch:  11
validation batch 1 / 18, val_mae: 0.27
val mae 0.26307808028327095
best epoch:  11
best val mae:  0.26307808028327095
save parameters to file: baselines_save_model/dstagnn/Chengdu/MAR/dstagnn_0.50/best.params
current epoch:  12
validation batch 1 / 18, val_mae: 0.27
val mae 0.2624373791946305
best epoch:  12
best val mae:  0.2624373791946305
save parameters to file: baselines_save_model/dstagnn/Chengdu/MAR/dstagnn_0.50/best.params
current epoch:  13
validation batch 1 / 18, val_mae: 0.27
val mae 0.2626371996270286
current epoch:  14
validation batch 1 / 18, val_mae: 0.27
val mae 0.26345521459976834
current epoch:  15
validation batch 1 / 18, val_mae: 0.27
val mae 0.25791744473907685
best epoch:  15
best val mae:  0.25791744473907685
save parameters to file: baselines_save_model/dstagnn/Chengdu/MAR/dstagnn_0.50/best.params
current epoch:  16
validation batch 1 / 18, val_mae: 0.27
val mae 0.2577168395121892
best epoch:  16
best val mae:  0.2577168395121892
save parameters to file: baselines_save_model/dstagnn/Chengdu/MAR/dstagnn_0.50/best.params
current epoch:  17
validation batch 1 / 18, val_mae: 0.26
val mae 0.2562044146988127
best epoch:  17
best val mae:  0.2562044146988127
save parameters to file: baselines_save_model/dstagnn/Chengdu/MAR/dstagnn_0.50/best.params
current epoch:  18
validation batch 1 / 18, val_mae: 0.26
val mae 0.2527395503388511
best epoch:  18
best val mae:  0.2527395503388511
save parameters to file: baselines_save_model/dstagnn/Chengdu/MAR/dstagnn_0.50/best.params
global step: 1000, training loss: 0.03, time: 434.05s
current epoch:  19
validation batch 1 / 18, val_mae: 0.26
val mae 0.25214477131764096
best epoch:  19
best val mae:  0.25214477131764096
save parameters to file: baselines_save_model/dstagnn/Chengdu/MAR/dstagnn_0.50/best.params
current epoch:  20
validation batch 1 / 18, val_mae: 0.26
val mae 0.25001441025071675
best epoch:  20
best val mae:  0.25001441025071675
save parameters to file: baselines_save_model/dstagnn/Chengdu/MAR/dstagnn_0.50/best.params
current epoch:  21
validation batch 1 / 18, val_mae: 0.26
val mae 0.2486648592684004
best epoch:  21
best val mae:  0.2486648592684004
save parameters to file: baselines_save_model/dstagnn/Chengdu/MAR/dstagnn_0.50/best.params
current epoch:  22
validation batch 1 / 18, val_mae: 0.25
val mae 0.24633031752374437
best epoch:  22
best val mae:  0.24633031752374437
save parameters to file: baselines_save_model/dstagnn/Chengdu/MAR/dstagnn_0.50/best.params
current epoch:  23
validation batch 1 / 18, val_mae: 0.25
val mae 0.24518269879950416
best epoch:  23
best val mae:  0.24518269879950416
save parameters to file: baselines_save_model/dstagnn/Chengdu/MAR/dstagnn_0.50/best.params
current epoch:  24
validation batch 1 / 18, val_mae: 0.25
val mae 0.24349244601196712
best epoch:  24
best val mae:  0.24349244601196712
save parameters to file: baselines_save_model/dstagnn/Chengdu/MAR/dstagnn_0.50/best.params
current epoch:  25
validation batch 1 / 18, val_mae: 0.25
val mae 0.2412426910466618
best epoch:  25
best val mae:  0.2412426910466618
save parameters to file: baselines_save_model/dstagnn/Chengdu/MAR/dstagnn_0.50/best.params
current epoch:  26
validation batch 1 / 18, val_mae: 0.25
val mae 0.24126447902785408
current epoch:  27
validation batch 1 / 18, val_mae: 0.25
val mae 0.24135821064313254
current epoch:  28
validation batch 1 / 18, val_mae: 0.25
val mae 0.23800905545552573
best epoch:  28
best val mae:  0.23800905545552573
save parameters to file: baselines_save_model/dstagnn/Chengdu/MAR/dstagnn_0.50/best.params
current epoch:  29
validation batch 1 / 18, val_mae: 0.25
val mae 0.23766881310277516
best epoch:  29
best val mae:  0.23766881310277516
save parameters to file: baselines_save_model/dstagnn/Chengdu/MAR/dstagnn_0.50/best.params
current epoch:  30
validation batch 1 / 18, val_mae: 0.25
val mae 0.23786671376890606
current epoch:  31
validation batch 1 / 18, val_mae: 0.24
val mae 0.2351368111040857
best epoch:  31
best val mae:  0.2351368111040857
save parameters to file: baselines_save_model/dstagnn/Chengdu/MAR/dstagnn_0.50/best.params
current epoch:  32
validation batch 1 / 18, val_mae: 0.24
val mae 0.23542029824521807
current epoch:  33
validation batch 1 / 18, val_mae: 0.25
val mae 0.2353535865743955
current epoch:  34
validation batch 1 / 18, val_mae: 0.24
val mae 0.23556338995695114
current epoch:  35
validation batch 1 / 18, val_mae: 0.24
val mae 0.23345785836378732
best epoch:  35
best val mae:  0.23345785836378732
save parameters to file: baselines_save_model/dstagnn/Chengdu/MAR/dstagnn_0.50/best.params
current epoch:  36
validation batch 1 / 18, val_mae: 0.24
val mae 0.23258432166443932
best epoch:  36
best val mae:  0.23258432166443932
save parameters to file: baselines_save_model/dstagnn/Chengdu/MAR/dstagnn_0.50/best.params
current epoch:  37
validation batch 1 / 18, val_mae: 0.24
val mae 0.23367371492915684
global step: 2000, training loss: 0.03, time: 868.69s
current epoch:  38
validation batch 1 / 18, val_mae: 0.24
val mae 0.2314390316605568
best epoch:  38
best val mae:  0.2314390316605568
save parameters to file: baselines_save_model/dstagnn/Chengdu/MAR/dstagnn_0.50/best.params
current epoch:  39
validation batch 1 / 18, val_mae: 0.24
val mae 0.22950270192490685
best epoch:  39
best val mae:  0.22950270192490685
save parameters to file: baselines_save_model/dstagnn/Chengdu/MAR/dstagnn_0.50/best.params
current epoch:  40
validation batch 1 / 18, val_mae: 0.24
val mae 0.23201806181006962
current epoch:  41
validation batch 1 / 18, val_mae: 0.24
val mae 0.22937986420260537
best epoch:  41
best val mae:  0.22937986420260537
save parameters to file: baselines_save_model/dstagnn/Chengdu/MAR/dstagnn_0.50/best.params
current epoch:  42
validation batch 1 / 18, val_mae: 0.24
val mae 0.22842227088080513
best epoch:  42
best val mae:  0.22842227088080513
save parameters to file: baselines_save_model/dstagnn/Chengdu/MAR/dstagnn_0.50/best.params
current epoch:  43
validation batch 1 / 18, val_mae: 0.24
val mae 0.22752337902784348
best epoch:  43
best val mae:  0.22752337902784348
save parameters to file: baselines_save_model/dstagnn/Chengdu/MAR/dstagnn_0.50/best.params
current epoch:  44
validation batch 1 / 18, val_mae: 0.24
val mae 0.22783968514866298
current epoch:  45
validation batch 1 / 18, val_mae: 0.24
val mae 0.22789128869771957
current epoch:  46
validation batch 1 / 18, val_mae: 0.24
val mae 0.2268276603685485
best epoch:  46
best val mae:  0.2268276603685485
save parameters to file: baselines_save_model/dstagnn/Chengdu/MAR/dstagnn_0.50/best.params
current epoch:  47
validation batch 1 / 18, val_mae: 0.24
val mae 0.22759738812843958
current epoch:  48
validation batch 1 / 18, val_mae: 0.24
val mae 0.22613003684414756
best epoch:  48
best val mae:  0.22613003684414756
save parameters to file: baselines_save_model/dstagnn/Chengdu/MAR/dstagnn_0.50/best.params
current epoch:  49
validation batch 1 / 18, val_mae: 0.24
val mae 0.22625792771577835
current epoch:  50
validation batch 1 / 18, val_mae: 0.24
val mae 0.22585957911279467
best epoch:  50
best val mae:  0.22585957911279467
save parameters to file: baselines_save_model/dstagnn/Chengdu/MAR/dstagnn_0.50/best.params
current epoch:  51
validation batch 1 / 18, val_mae: 0.23
val mae 0.22523358712593713
best epoch:  51
best val mae:  0.22523358712593713
save parameters to file: baselines_save_model/dstagnn/Chengdu/MAR/dstagnn_0.50/best.params
current epoch:  52
validation batch 1 / 18, val_mae: 0.24
val mae 0.22539277209175956
current epoch:  53
validation batch 1 / 18, val_mae: 0.24
val mae 0.22605125274923113
current epoch:  54
validation batch 1 / 18, val_mae: 0.23
val mae 0.22442509730656943
best epoch:  54
best val mae:  0.22442509730656943
save parameters to file: baselines_save_model/dstagnn/Chengdu/MAR/dstagnn_0.50/best.params
current epoch:  55
validation batch 1 / 18, val_mae: 0.23
val mae 0.22429457637998793
best epoch:  55
best val mae:  0.22429457637998793
save parameters to file: baselines_save_model/dstagnn/Chengdu/MAR/dstagnn_0.50/best.params
global step: 3000, training loss: 0.02, time: 1294.66s
current epoch:  56
validation batch 1 / 18, val_mae: 0.23
val mae 0.223357778456476
best epoch:  56
best val mae:  0.223357778456476
save parameters to file: baselines_save_model/dstagnn/Chengdu/MAR/dstagnn_0.50/best.params
current epoch:  57
validation batch 1 / 18, val_mae: 0.23
val mae 0.22405557996696895
current epoch:  58
validation batch 1 / 18, val_mae: 0.23
val mae 0.22472307996617424
current epoch:  59
validation batch 1 / 18, val_mae: 0.23
val mae 0.22371890478663975
current epoch:  60
validation batch 1 / 18, val_mae: 0.23
val mae 0.22378630936145782
current epoch:  61
validation batch 1 / 18, val_mae: 0.23
val mae 0.22201042456759346
best epoch:  61
best val mae:  0.22201042456759346
save parameters to file: baselines_save_model/dstagnn/Chengdu/MAR/dstagnn_0.50/best.params
current epoch:  62
validation batch 1 / 18, val_mae: 0.23
val mae 0.22289562473694483
current epoch:  63
validation batch 1 / 18, val_mae: 0.23
val mae 0.22164874523878098
best epoch:  63
best val mae:  0.22164874523878098
save parameters to file: baselines_save_model/dstagnn/Chengdu/MAR/dstagnn_0.50/best.params
current epoch:  64
validation batch 1 / 18, val_mae: 0.23
val mae 0.22154777497053146
best epoch:  64
best val mae:  0.22154777497053146
save parameters to file: baselines_save_model/dstagnn/Chengdu/MAR/dstagnn_0.50/best.params
current epoch:  65
validation batch 1 / 18, val_mae: 0.23
val mae 0.22058727592229843
best epoch:  65
best val mae:  0.22058727592229843
save parameters to file: baselines_save_model/dstagnn/Chengdu/MAR/dstagnn_0.50/best.params
current epoch:  66
validation batch 1 / 18, val_mae: 0.23
val mae 0.22097444865438673
current epoch:  67
validation batch 1 / 18, val_mae: 0.23
val mae 0.2210190925333235
current epoch:  68
validation batch 1 / 18, val_mae: 0.23
val mae 0.22007874647776285
best epoch:  68
best val mae:  0.22007874647776285
save parameters to file: baselines_save_model/dstagnn/Chengdu/MAR/dstagnn_0.50/best.params
current epoch:  69
validation batch 1 / 18, val_mae: 0.23
val mae 0.21985440452893576
best epoch:  69
best val mae:  0.21985440452893576
save parameters to file: baselines_save_model/dstagnn/Chengdu/MAR/dstagnn_0.50/best.params
current epoch:  70
validation batch 1 / 18, val_mae: 0.23
val mae 0.2200764666001002
current epoch:  71
validation batch 1 / 18, val_mae: 0.23
val mae 0.21993043439255822
current epoch:  72
validation batch 1 / 18, val_mae: 0.23
val mae 0.21988967888885075
current epoch:  73
validation batch 1 / 18, val_mae: 0.23
val mae 0.21958025130960676
best epoch:  73
best val mae:  0.21958025130960676
save parameters to file: baselines_save_model/dstagnn/Chengdu/MAR/dstagnn_0.50/best.params
current epoch:  74
validation batch 1 / 18, val_mae: 0.23
val mae 0.21912337674034965
best epoch:  74
best val mae:  0.21912337674034965
save parameters to file: baselines_save_model/dstagnn/Chengdu/MAR/dstagnn_0.50/best.params
global step: 4000, training loss: 0.02, time: 1724.11s
current epoch:  75
validation batch 1 / 18, val_mae: 0.23
val mae 0.21856212450398338
best epoch:  75
best val mae:  0.21856212450398338
save parameters to file: baselines_save_model/dstagnn/Chengdu/MAR/dstagnn_0.50/best.params
current epoch:  76
validation batch 1 / 18, val_mae: 0.23
val mae 0.21856415851248634
current epoch:  77
validation batch 1 / 18, val_mae: 0.23
val mae 0.21812309241957134
best epoch:  77
best val mae:  0.21812309241957134
save parameters to file: baselines_save_model/dstagnn/Chengdu/MAR/dstagnn_0.50/best.params
current epoch:  78
validation batch 1 / 18, val_mae: 0.23
val mae 0.21865225086609522
current epoch:  79
validation batch 1 / 18, val_mae: 0.23
val mae 0.21769468734661737
best epoch:  79
best val mae:  0.21769468734661737
save parameters to file: baselines_save_model/dstagnn/Chengdu/MAR/dstagnn_0.50/best.params
current epoch:  80
validation batch 1 / 18, val_mae: 0.23
val mae 0.21765930785073173
best epoch:  80
best val mae:  0.21765930785073173
save parameters to file: baselines_save_model/dstagnn/Chengdu/MAR/dstagnn_0.50/best.params
current epoch:  81
validation batch 1 / 18, val_mae: 0.23
val mae 0.21829237126641804
current epoch:  82
validation batch 1 / 18, val_mae: 0.23
val mae 0.21712829172611237
best epoch:  82
best val mae:  0.21712829172611237
save parameters to file: baselines_save_model/dstagnn/Chengdu/MAR/dstagnn_0.50/best.params
current epoch:  83
validation batch 1 / 18, val_mae: 0.23
val mae 0.21683145645591947
best epoch:  83
best val mae:  0.21683145645591947
save parameters to file: baselines_save_model/dstagnn/Chengdu/MAR/dstagnn_0.50/best.params
current epoch:  84
validation batch 1 / 18, val_mae: 0.23
val mae 0.21810349242554772
current epoch:  85
validation batch 1 / 18, val_mae: 0.23
val mae 0.2168459122379621
current epoch:  86
validation batch 1 / 18, val_mae: 0.23
val mae 0.21640371117326948
best epoch:  86
best val mae:  0.21640371117326948
save parameters to file: baselines_save_model/dstagnn/Chengdu/MAR/dstagnn_0.50/best.params
current epoch:  87
validation batch 1 / 18, val_mae: 0.23
val mae 0.21668287366628647
current epoch:  88
validation batch 1 / 18, val_mae: 0.23
val mae 0.21717958317862618
current epoch:  89
validation batch 1 / 18, val_mae: 0.23
val mae 0.21580923431449467
best epoch:  89
best val mae:  0.21580923431449467
save parameters to file: baselines_save_model/dstagnn/Chengdu/MAR/dstagnn_0.50/best.params
best epoch: 89
load weight from: baselines_save_model/dstagnn/Chengdu/MAR/dstagnn_0.50/best.params
predicting data set batch 1 / 18
input: (576, 524, 1, 6)
prediction: (576, 524, 6)
Test MAE: 2.068, Test RMSE: 2.988 Test MAPE: 8.928
Spend Time: 2091.6999292373657
