Read configuration file: baselines/dstagnn_modules/configurations/Chengdu.conf
CUDA: cuda:3
folder_dir: dstagnn_0.50
params_path: baselines_save_model/dstagnn/Chengdu/MNAR/dstagnn_0.50
delete the old one and create params directory baselines_save_model/dstagnn/Chengdu/MNAR/dstagnn_0.50
current epoch:  0
validation batch 1 / 18, val_mae: 1.10
val mae 1.1472789181603327
best epoch:  0
best val mae:  1.1472789181603327
save parameters to file: baselines_save_model/dstagnn/Chengdu/MNAR/dstagnn_0.50/best.params
current epoch:  1
validation batch 1 / 18, val_mae: 0.44
val mae 0.4265178143978119
best epoch:  1
best val mae:  0.4265178143978119
save parameters to file: baselines_save_model/dstagnn/Chengdu/MNAR/dstagnn_0.50/best.params
current epoch:  2
validation batch 1 / 18, val_mae: 0.37
val mae 0.3533732559945848
best epoch:  2
best val mae:  0.3533732559945848
save parameters to file: baselines_save_model/dstagnn/Chengdu/MNAR/dstagnn_0.50/best.params
current epoch:  3
validation batch 1 / 18, val_mae: 0.32
val mae 0.3046749018960529
best epoch:  3
best val mae:  0.3046749018960529
save parameters to file: baselines_save_model/dstagnn/Chengdu/MNAR/dstagnn_0.50/best.params
current epoch:  4
validation batch 1 / 18, val_mae: 0.31
val mae 0.2944287492169274
best epoch:  4
best val mae:  0.2944287492169274
save parameters to file: baselines_save_model/dstagnn/Chengdu/MNAR/dstagnn_0.50/best.params
current epoch:  5
validation batch 1 / 18, val_mae: 0.30
val mae 0.28346937894821167
best epoch:  5
best val mae:  0.28346937894821167
save parameters to file: baselines_save_model/dstagnn/Chengdu/MNAR/dstagnn_0.50/best.params
current epoch:  6
validation batch 1 / 18, val_mae: 0.29
val mae 0.27701222399870556
best epoch:  6
best val mae:  0.27701222399870556
save parameters to file: baselines_save_model/dstagnn/Chengdu/MNAR/dstagnn_0.50/best.params
current epoch:  7
validation batch 1 / 18, val_mae: 0.29
val mae 0.2743663804398643
best epoch:  7
best val mae:  0.2743663804398643
save parameters to file: baselines_save_model/dstagnn/Chengdu/MNAR/dstagnn_0.50/best.params
current epoch:  8
validation batch 1 / 18, val_mae: 0.29
val mae 0.2749170462290446
current epoch:  9
validation batch 1 / 18, val_mae: 0.28
val mae 0.27129615512159133
best epoch:  9
best val mae:  0.27129615512159133
save parameters to file: baselines_save_model/dstagnn/Chengdu/MNAR/dstagnn_0.50/best.params
current epoch:  10
validation batch 1 / 18, val_mae: 0.28
val mae 0.27021901971764034
best epoch:  10
best val mae:  0.27021901971764034
save parameters to file: baselines_save_model/dstagnn/Chengdu/MNAR/dstagnn_0.50/best.params
current epoch:  11
validation batch 1 / 18, val_mae: 0.28
val mae 0.26776082896524006
best epoch:  11
best val mae:  0.26776082896524006
save parameters to file: baselines_save_model/dstagnn/Chengdu/MNAR/dstagnn_0.50/best.params
current epoch:  12
validation batch 1 / 18, val_mae: 0.27
val mae 0.26430023047659135
best epoch:  12
best val mae:  0.26430023047659135
save parameters to file: baselines_save_model/dstagnn/Chengdu/MNAR/dstagnn_0.50/best.params
current epoch:  13
validation batch 1 / 18, val_mae: 0.27
val mae 0.26007850302590263
best epoch:  13
best val mae:  0.26007850302590263
save parameters to file: baselines_save_model/dstagnn/Chengdu/MNAR/dstagnn_0.50/best.params
current epoch:  14
validation batch 1 / 18, val_mae: 0.27
val mae 0.2601311546232965
current epoch:  15
validation batch 1 / 18, val_mae: 0.27
val mae 0.25791295535034603
best epoch:  15
best val mae:  0.25791295535034603
save parameters to file: baselines_save_model/dstagnn/Chengdu/MNAR/dstagnn_0.50/best.params
current epoch:  16
validation batch 1 / 18, val_mae: 0.27
val mae 0.25786855320135754
best epoch:  16
best val mae:  0.25786855320135754
save parameters to file: baselines_save_model/dstagnn/Chengdu/MNAR/dstagnn_0.50/best.params
current epoch:  17
validation batch 1 / 18, val_mae: 0.27
val mae 0.25552162196901107
best epoch:  17
best val mae:  0.25552162196901107
save parameters to file: baselines_save_model/dstagnn/Chengdu/MNAR/dstagnn_0.50/best.params
current epoch:  18
validation batch 1 / 18, val_mae: 0.27
val mae 0.25517065326372784
best epoch:  18
best val mae:  0.25517065326372784
save parameters to file: baselines_save_model/dstagnn/Chengdu/MNAR/dstagnn_0.50/best.params
global step: 1000, training loss: 0.05, time: 400.93s
current epoch:  19
validation batch 1 / 18, val_mae: 0.26
val mae 0.2546895237432586
best epoch:  19
best val mae:  0.2546895237432586
save parameters to file: baselines_save_model/dstagnn/Chengdu/MNAR/dstagnn_0.50/best.params
current epoch:  20
validation batch 1 / 18, val_mae: 0.26
val mae 0.2540843329495854
best epoch:  20
best val mae:  0.2540843329495854
save parameters to file: baselines_save_model/dstagnn/Chengdu/MNAR/dstagnn_0.50/best.params
current epoch:  21
validation batch 1 / 18, val_mae: 0.26
val mae 0.25393691658973694
best epoch:  21
best val mae:  0.25393691658973694
save parameters to file: baselines_save_model/dstagnn/Chengdu/MNAR/dstagnn_0.50/best.params
current epoch:  22
validation batch 1 / 18, val_mae: 0.26
val mae 0.25249963833226097
best epoch:  22
best val mae:  0.25249963833226097
save parameters to file: baselines_save_model/dstagnn/Chengdu/MNAR/dstagnn_0.50/best.params
current epoch:  23
validation batch 1 / 18, val_mae: 0.26
val mae 0.25268831766313976
current epoch:  24
validation batch 1 / 18, val_mae: 0.26
val mae 0.25144251270426643
best epoch:  24
best val mae:  0.25144251270426643
save parameters to file: baselines_save_model/dstagnn/Chengdu/MNAR/dstagnn_0.50/best.params
current epoch:  25
validation batch 1 / 18, val_mae: 0.26
val mae 0.2514593650897344
current epoch:  26
validation batch 1 / 18, val_mae: 0.26
val mae 0.2505451366305351
best epoch:  26
best val mae:  0.2505451366305351
save parameters to file: baselines_save_model/dstagnn/Chengdu/MNAR/dstagnn_0.50/best.params
current epoch:  27
validation batch 1 / 18, val_mae: 0.26
val mae 0.24908103793859482
best epoch:  27
best val mae:  0.24908103793859482
save parameters to file: baselines_save_model/dstagnn/Chengdu/MNAR/dstagnn_0.50/best.params
current epoch:  28
validation batch 1 / 18, val_mae: 0.26
val mae 0.24871747361289132
best epoch:  28
best val mae:  0.24871747361289132
save parameters to file: baselines_save_model/dstagnn/Chengdu/MNAR/dstagnn_0.50/best.params
current epoch:  29
validation batch 1 / 18, val_mae: 0.26
val mae 0.24737054689062965
best epoch:  29
best val mae:  0.24737054689062965
save parameters to file: baselines_save_model/dstagnn/Chengdu/MNAR/dstagnn_0.50/best.params
current epoch:  30
validation batch 1 / 18, val_mae: 0.26
val mae 0.2458783421251509
best epoch:  30
best val mae:  0.2458783421251509
save parameters to file: baselines_save_model/dstagnn/Chengdu/MNAR/dstagnn_0.50/best.params
current epoch:  31
validation batch 1 / 18, val_mae: 0.25
val mae 0.2447543947233094
best epoch:  31
best val mae:  0.2447543947233094
save parameters to file: baselines_save_model/dstagnn/Chengdu/MNAR/dstagnn_0.50/best.params
current epoch:  32
validation batch 1 / 18, val_mae: 0.26
val mae 0.2455998592906528
current epoch:  33
validation batch 1 / 18, val_mae: 0.26
val mae 0.2455968608458837
current epoch:  34
validation batch 1 / 18, val_mae: 0.25
val mae 0.24322783284717137
best epoch:  34
best val mae:  0.24322783284717137
save parameters to file: baselines_save_model/dstagnn/Chengdu/MNAR/dstagnn_0.50/best.params
current epoch:  35
validation batch 1 / 18, val_mae: 0.25
val mae 0.24287190205521053
best epoch:  35
best val mae:  0.24287190205521053
save parameters to file: baselines_save_model/dstagnn/Chengdu/MNAR/dstagnn_0.50/best.params
current epoch:  36
validation batch 1 / 18, val_mae: 0.25
val mae 0.2419851596156756
best epoch:  36
best val mae:  0.2419851596156756
save parameters to file: baselines_save_model/dstagnn/Chengdu/MNAR/dstagnn_0.50/best.params
current epoch:  37
validation batch 1 / 18, val_mae: 0.25
val mae 0.24160327265659967
best epoch:  37
best val mae:  0.24160327265659967
save parameters to file: baselines_save_model/dstagnn/Chengdu/MNAR/dstagnn_0.50/best.params
global step: 2000, training loss: 0.04, time: 802.85s
current epoch:  38
validation batch 1 / 18, val_mae: 0.25
val mae 0.240501522190041
best epoch:  38
best val mae:  0.240501522190041
save parameters to file: baselines_save_model/dstagnn/Chengdu/MNAR/dstagnn_0.50/best.params
current epoch:  39
validation batch 1 / 18, val_mae: 0.25
val mae 0.24032798492246205
best epoch:  39
best val mae:  0.24032798492246205
save parameters to file: baselines_save_model/dstagnn/Chengdu/MNAR/dstagnn_0.50/best.params
current epoch:  40
validation batch 1 / 18, val_mae: 0.25
val mae 0.23989201171530616
best epoch:  40
best val mae:  0.23989201171530616
save parameters to file: baselines_save_model/dstagnn/Chengdu/MNAR/dstagnn_0.50/best.params
current epoch:  41
validation batch 1 / 18, val_mae: 0.25
val mae 0.23950200859043333
best epoch:  41
best val mae:  0.23950200859043333
save parameters to file: baselines_save_model/dstagnn/Chengdu/MNAR/dstagnn_0.50/best.params
current epoch:  42
validation batch 1 / 18, val_mae: 0.25
val mae 0.2387063288026386
best epoch:  42
best val mae:  0.2387063288026386
save parameters to file: baselines_save_model/dstagnn/Chengdu/MNAR/dstagnn_0.50/best.params
current epoch:  43
validation batch 1 / 18, val_mae: 0.25
val mae 0.2380557590060764
best epoch:  43
best val mae:  0.2380557590060764
save parameters to file: baselines_save_model/dstagnn/Chengdu/MNAR/dstagnn_0.50/best.params
current epoch:  44
validation batch 1 / 18, val_mae: 0.25
val mae 0.23749427497386932
best epoch:  44
best val mae:  0.23749427497386932
save parameters to file: baselines_save_model/dstagnn/Chengdu/MNAR/dstagnn_0.50/best.params
current epoch:  45
validation batch 1 / 18, val_mae: 0.25
val mae 0.23749987284342447
current epoch:  46
validation batch 1 / 18, val_mae: 0.25
val mae 0.23663497964541116
best epoch:  46
best val mae:  0.23663497964541116
save parameters to file: baselines_save_model/dstagnn/Chengdu/MNAR/dstagnn_0.50/best.params
current epoch:  47
validation batch 1 / 18, val_mae: 0.24
val mae 0.2359418272972107
best epoch:  47
best val mae:  0.2359418272972107
save parameters to file: baselines_save_model/dstagnn/Chengdu/MNAR/dstagnn_0.50/best.params
current epoch:  48
validation batch 1 / 18, val_mae: 0.24
val mae 0.2355264359050327
best epoch:  48
best val mae:  0.2355264359050327
save parameters to file: baselines_save_model/dstagnn/Chengdu/MNAR/dstagnn_0.50/best.params
current epoch:  49
validation batch 1 / 18, val_mae: 0.25
val mae 0.23591022607353
current epoch:  50
validation batch 1 / 18, val_mae: 0.24
val mae 0.2346450818909539
best epoch:  50
best val mae:  0.2346450818909539
save parameters to file: baselines_save_model/dstagnn/Chengdu/MNAR/dstagnn_0.50/best.params
current epoch:  51
validation batch 1 / 18, val_mae: 0.24
val mae 0.23538149976068073
current epoch:  52
validation batch 1 / 18, val_mae: 0.24
val mae 0.23413754089011085
best epoch:  52
best val mae:  0.23413754089011085
save parameters to file: baselines_save_model/dstagnn/Chengdu/MNAR/dstagnn_0.50/best.params
current epoch:  53
validation batch 1 / 18, val_mae: 0.24
val mae 0.23453620241747963
current epoch:  54
validation batch 1 / 18, val_mae: 0.24
val mae 0.23351775854825974
best epoch:  54
best val mae:  0.23351775854825974
save parameters to file: baselines_save_model/dstagnn/Chengdu/MNAR/dstagnn_0.50/best.params
current epoch:  55
validation batch 1 / 18, val_mae: 0.24
val mae 0.23273016181257036
best epoch:  55
best val mae:  0.23273016181257036
save parameters to file: baselines_save_model/dstagnn/Chengdu/MNAR/dstagnn_0.50/best.params
global step: 3000, training loss: 0.03, time: 1199.45s
current epoch:  56
validation batch 1 / 18, val_mae: 0.24
val mae 0.2327437616056866
current epoch:  57
validation batch 1 / 18, val_mae: 0.24
val mae 0.23308777229653466
current epoch:  58
validation batch 1 / 18, val_mae: 0.24
val mae 0.2331022264228927
current epoch:  59
validation batch 1 / 18, val_mae: 0.24
val mae 0.23224730292956033
best epoch:  59
best val mae:  0.23224730292956033
save parameters to file: baselines_save_model/dstagnn/Chengdu/MNAR/dstagnn_0.50/best.params
current epoch:  60
validation batch 1 / 18, val_mae: 0.24
val mae 0.23189726223548254
best epoch:  60
best val mae:  0.23189726223548254
save parameters to file: baselines_save_model/dstagnn/Chengdu/MNAR/dstagnn_0.50/best.params
current epoch:  61
validation batch 1 / 18, val_mae: 0.24
val mae 0.23146445800860724
best epoch:  61
best val mae:  0.23146445800860724
save parameters to file: baselines_save_model/dstagnn/Chengdu/MNAR/dstagnn_0.50/best.params
current epoch:  62
validation batch 1 / 18, val_mae: 0.24
val mae 0.2313321770893203
best epoch:  62
best val mae:  0.2313321770893203
save parameters to file: baselines_save_model/dstagnn/Chengdu/MNAR/dstagnn_0.50/best.params
current epoch:  63
validation batch 1 / 18, val_mae: 0.24
val mae 0.23095974657270643
best epoch:  63
best val mae:  0.23095974657270643
save parameters to file: baselines_save_model/dstagnn/Chengdu/MNAR/dstagnn_0.50/best.params
current epoch:  64
validation batch 1 / 18, val_mae: 0.24
val mae 0.23009304371145037
best epoch:  64
best val mae:  0.23009304371145037
save parameters to file: baselines_save_model/dstagnn/Chengdu/MNAR/dstagnn_0.50/best.params
current epoch:  65
validation batch 1 / 18, val_mae: 0.24
val mae 0.23043254100614124
current epoch:  66
validation batch 1 / 18, val_mae: 0.24
val mae 0.23072442329592174
current epoch:  67
validation batch 1 / 18, val_mae: 0.24
val mae 0.22974535905652577
best epoch:  67
best val mae:  0.22974535905652577
save parameters to file: baselines_save_model/dstagnn/Chengdu/MNAR/dstagnn_0.50/best.params
current epoch:  68
validation batch 1 / 18, val_mae: 0.24
val mae 0.22884652680820888
best epoch:  68
best val mae:  0.22884652680820888
save parameters to file: baselines_save_model/dstagnn/Chengdu/MNAR/dstagnn_0.50/best.params
current epoch:  69
validation batch 1 / 18, val_mae: 0.24
val mae 0.22882324043247435
best epoch:  69
best val mae:  0.22882324043247435
save parameters to file: baselines_save_model/dstagnn/Chengdu/MNAR/dstagnn_0.50/best.params
current epoch:  70
validation batch 1 / 18, val_mae: 0.24
val mae 0.2294251173734665
current epoch:  71
validation batch 1 / 18, val_mae: 0.24
val mae 0.22855740123324925
best epoch:  71
best val mae:  0.22855740123324925
save parameters to file: baselines_save_model/dstagnn/Chengdu/MNAR/dstagnn_0.50/best.params
current epoch:  72
validation batch 1 / 18, val_mae: 0.24
val mae 0.2284591007563803
best epoch:  72
best val mae:  0.2284591007563803
save parameters to file: baselines_save_model/dstagnn/Chengdu/MNAR/dstagnn_0.50/best.params
current epoch:  73
validation batch 1 / 18, val_mae: 0.24
val mae 0.22835814952850342
best epoch:  73
best val mae:  0.22835814952850342
save parameters to file: baselines_save_model/dstagnn/Chengdu/MNAR/dstagnn_0.50/best.params
current epoch:  74
validation batch 1 / 18, val_mae: 0.24
val mae 0.22836801326937145
global step: 4000, training loss: 0.04, time: 1598.03s
current epoch:  75
validation batch 1 / 18, val_mae: 0.24
val mae 0.22800755500793457
best epoch:  75
best val mae:  0.22800755500793457
save parameters to file: baselines_save_model/dstagnn/Chengdu/MNAR/dstagnn_0.50/best.params
current epoch:  76
validation batch 1 / 18, val_mae: 0.23
val mae 0.22727587074041367
best epoch:  76
best val mae:  0.22727587074041367
save parameters to file: baselines_save_model/dstagnn/Chengdu/MNAR/dstagnn_0.50/best.params
current epoch:  77
validation batch 1 / 18, val_mae: 0.24
val mae 0.22814458856980005
current epoch:  78
validation batch 1 / 18, val_mae: 0.24
val mae 0.22747180114189783
current epoch:  79
validation batch 1 / 18, val_mae: 0.24
val mae 0.22716719739966923
best epoch:  79
best val mae:  0.22716719739966923
save parameters to file: baselines_save_model/dstagnn/Chengdu/MNAR/dstagnn_0.50/best.params
current epoch:  80
validation batch 1 / 18, val_mae: 0.23
val mae 0.22640060550636715
best epoch:  80
best val mae:  0.22640060550636715
save parameters to file: baselines_save_model/dstagnn/Chengdu/MNAR/dstagnn_0.50/best.params
current epoch:  81
validation batch 1 / 18, val_mae: 0.23
val mae 0.226835568745931
current epoch:  82
validation batch 1 / 18, val_mae: 0.23
val mae 0.22716450608438915
current epoch:  83
validation batch 1 / 18, val_mae: 0.23
val mae 0.22620038439830145
best epoch:  83
best val mae:  0.22620038439830145
save parameters to file: baselines_save_model/dstagnn/Chengdu/MNAR/dstagnn_0.50/best.params
current epoch:  84
validation batch 1 / 18, val_mae: 0.23
val mae 0.2261117556028896
best epoch:  84
best val mae:  0.2261117556028896
save parameters to file: baselines_save_model/dstagnn/Chengdu/MNAR/dstagnn_0.50/best.params
current epoch:  85
validation batch 1 / 18, val_mae: 0.23
val mae 0.2264932178788715
current epoch:  86
validation batch 1 / 18, val_mae: 0.23
val mae 0.22547344863414764
best epoch:  86
best val mae:  0.22547344863414764
save parameters to file: baselines_save_model/dstagnn/Chengdu/MNAR/dstagnn_0.50/best.params
current epoch:  87
validation batch 1 / 18, val_mae: 0.23
val mae 0.22541684408982596
best epoch:  87
best val mae:  0.22541684408982596
save parameters to file: baselines_save_model/dstagnn/Chengdu/MNAR/dstagnn_0.50/best.params
current epoch:  88
validation batch 1 / 18, val_mae: 0.23
val mae 0.2255631321006351
current epoch:  89
validation batch 1 / 18, val_mae: 0.23
val mae 0.22530779076947105
best epoch:  89
best val mae:  0.22530779076947105
save parameters to file: baselines_save_model/dstagnn/Chengdu/MNAR/dstagnn_0.50/best.params
best epoch: 89
load weight from: baselines_save_model/dstagnn/Chengdu/MNAR/dstagnn_0.50/best.params
predicting data set batch 1 / 18
input: (576, 524, 1, 6)
prediction: (576, 524, 6)
Test MAE: 2.162, Test RMSE: 3.155 Test MAPE: 9.443
Spend Time: 1940.8690371513367
