Read configuration file: baselines/dstagnn_modules/configurations/METR-LA.conf
CUDA: cuda:1
folder_dir: dstagnn_0.50
params_path: baselines_save_model/dstagnn/METR-LA/MNAR/dstagnn_0.50
create params directory baselines_save_model/dstagnn/METR-LA/MNAR/dstagnn_0.50
current epoch:  0
validation batch 1 / 9, val_mae: 1.99
val mae 1.980714546309577
best epoch:  0
best val mae:  1.980714546309577
save parameters to file: baselines_save_model/dstagnn/METR-LA/MNAR/dstagnn_0.50/best.params
current epoch:  1
validation batch 1 / 9, val_mae: 0.32
val mae 0.35086485412385726
best epoch:  1
best val mae:  0.35086485412385726
save parameters to file: baselines_save_model/dstagnn/METR-LA/MNAR/dstagnn_0.50/best.params
current epoch:  2
validation batch 1 / 9, val_mae: 0.26
val mae 0.26659489174683887
best epoch:  2
best val mae:  0.26659489174683887
save parameters to file: baselines_save_model/dstagnn/METR-LA/MNAR/dstagnn_0.50/best.params
current epoch:  3
validation batch 1 / 9, val_mae: 0.24
val mae 0.23365927901532915
best epoch:  3
best val mae:  0.23365927901532915
save parameters to file: baselines_save_model/dstagnn/METR-LA/MNAR/dstagnn_0.50/best.params
current epoch:  4
validation batch 1 / 9, val_mae: 0.23
val mae 0.22603409157858956
best epoch:  4
best val mae:  0.22603409157858956
save parameters to file: baselines_save_model/dstagnn/METR-LA/MNAR/dstagnn_0.50/best.params
current epoch:  5
validation batch 1 / 9, val_mae: 0.23
val mae 0.2214299821191364
best epoch:  5
best val mae:  0.2214299821191364
save parameters to file: baselines_save_model/dstagnn/METR-LA/MNAR/dstagnn_0.50/best.params
current epoch:  6
validation batch 1 / 9, val_mae: 0.23
val mae 0.22044474879900613
best epoch:  6
best val mae:  0.22044474879900613
save parameters to file: baselines_save_model/dstagnn/METR-LA/MNAR/dstagnn_0.50/best.params
current epoch:  7
validation batch 1 / 9, val_mae: 0.22
val mae 0.2128106968270408
best epoch:  7
best val mae:  0.2128106968270408
save parameters to file: baselines_save_model/dstagnn/METR-LA/MNAR/dstagnn_0.50/best.params
current epoch:  8
validation batch 1 / 9, val_mae: 0.22
val mae 0.21094970405101776
best epoch:  8
best val mae:  0.21094970405101776
save parameters to file: baselines_save_model/dstagnn/METR-LA/MNAR/dstagnn_0.50/best.params
current epoch:  9
validation batch 1 / 9, val_mae: 0.21
val mae 0.20765268471505907
best epoch:  9
best val mae:  0.20765268471505907
save parameters to file: baselines_save_model/dstagnn/METR-LA/MNAR/dstagnn_0.50/best.params
current epoch:  10
validation batch 1 / 9, val_mae: 0.21
val mae 0.20209208958678776
best epoch:  10
best val mae:  0.20209208958678776
save parameters to file: baselines_save_model/dstagnn/METR-LA/MNAR/dstagnn_0.50/best.params
current epoch:  11
validation batch 1 / 9, val_mae: 0.21
val mae 0.20039425293604532
best epoch:  11
best val mae:  0.20039425293604532
save parameters to file: baselines_save_model/dstagnn/METR-LA/MNAR/dstagnn_0.50/best.params
current epoch:  12
validation batch 1 / 9, val_mae: 0.20
val mae 0.19444440636369917
best epoch:  12
best val mae:  0.19444440636369917
save parameters to file: baselines_save_model/dstagnn/METR-LA/MNAR/dstagnn_0.50/best.params
current epoch:  13
validation batch 1 / 9, val_mae: 0.20
val mae 0.19551821384165022
current epoch:  14
validation batch 1 / 9, val_mae: 0.20
val mae 0.1932453066110611
best epoch:  14
best val mae:  0.1932453066110611
save parameters to file: baselines_save_model/dstagnn/METR-LA/MNAR/dstagnn_0.50/best.params
current epoch:  15
validation batch 1 / 9, val_mae: 0.20
val mae 0.1956090513202879
global step: 1000, training loss: 0.03, time: 484.19s
current epoch:  16
validation batch 1 / 9, val_mae: 0.20
val mae 0.18786386814382341
best epoch:  16
best val mae:  0.18786386814382341
save parameters to file: baselines_save_model/dstagnn/METR-LA/MNAR/dstagnn_0.50/best.params
current epoch:  17
validation batch 1 / 9, val_mae: 0.20
val mae 0.18757864998446572
best epoch:  17
best val mae:  0.18757864998446572
save parameters to file: baselines_save_model/dstagnn/METR-LA/MNAR/dstagnn_0.50/best.params
current epoch:  18
validation batch 1 / 9, val_mae: 0.20
val mae 0.19320030013720194
current epoch:  19
validation batch 1 / 9, val_mae: 0.19
val mae 0.18651865091588762
best epoch:  19
best val mae:  0.18651865091588762
save parameters to file: baselines_save_model/dstagnn/METR-LA/MNAR/dstagnn_0.50/best.params
current epoch:  20
validation batch 1 / 9, val_mae: 0.20
val mae 0.18796766300996146
current epoch:  21
validation batch 1 / 9, val_mae: 0.19
val mae 0.1818815916776657
best epoch:  21
best val mae:  0.1818815916776657
save parameters to file: baselines_save_model/dstagnn/METR-LA/MNAR/dstagnn_0.50/best.params
current epoch:  22
validation batch 1 / 9, val_mae: 0.19
val mae 0.1806609241498841
best epoch:  22
best val mae:  0.1806609241498841
save parameters to file: baselines_save_model/dstagnn/METR-LA/MNAR/dstagnn_0.50/best.params
current epoch:  23
validation batch 1 / 9, val_mae: 0.19
val mae 0.17983223415083355
best epoch:  23
best val mae:  0.17983223415083355
save parameters to file: baselines_save_model/dstagnn/METR-LA/MNAR/dstagnn_0.50/best.params
current epoch:  24
validation batch 1 / 9, val_mae: 0.18
val mae 0.17631660732958052
best epoch:  24
best val mae:  0.17631660732958052
save parameters to file: baselines_save_model/dstagnn/METR-LA/MNAR/dstagnn_0.50/best.params
current epoch:  25
validation batch 1 / 9, val_mae: 0.19
val mae 0.1789372389515241
current epoch:  26
validation batch 1 / 9, val_mae: 0.19
val mae 0.17649095836612913
current epoch:  27
validation batch 1 / 9, val_mae: 0.19
val mae 0.17945115351014668
current epoch:  28
validation batch 1 / 9, val_mae: 0.19
val mae 0.17689207941293716
current epoch:  29
validation batch 1 / 9, val_mae: 0.18
val mae 0.17517419656117758
best epoch:  29
best val mae:  0.17517419656117758
save parameters to file: baselines_save_model/dstagnn/METR-LA/MNAR/dstagnn_0.50/best.params
current epoch:  30
validation batch 1 / 9, val_mae: 0.18
val mae 0.1715156560142835
best epoch:  30
best val mae:  0.1715156560142835
save parameters to file: baselines_save_model/dstagnn/METR-LA/MNAR/dstagnn_0.50/best.params
current epoch:  31
validation batch 1 / 9, val_mae: 0.18
val mae 0.1723790673746003
global step: 2000, training loss: 0.03, time: 967.60s
current epoch:  32
validation batch 1 / 9, val_mae: 0.18
val mae 0.1725966599252489
current epoch:  33
validation batch 1 / 9, val_mae: 0.18
val mae 0.1749161192112499
current epoch:  34
validation batch 1 / 9, val_mae: 0.18
val mae 0.17415759960810342
current epoch:  35
validation batch 1 / 9, val_mae: 0.18
val mae 0.169409373568164
best epoch:  35
best val mae:  0.169409373568164
save parameters to file: baselines_save_model/dstagnn/METR-LA/MNAR/dstagnn_0.50/best.params
current epoch:  36
validation batch 1 / 9, val_mae: 0.18
val mae 0.175519869559341
current epoch:  37
validation batch 1 / 9, val_mae: 0.18
val mae 0.1726873508758015
current epoch:  38
validation batch 1 / 9, val_mae: 0.19
val mae 0.18373413218392265
current epoch:  39
validation batch 1 / 9, val_mae: 0.18
val mae 0.1665372856789165
best epoch:  39
best val mae:  0.1665372856789165
save parameters to file: baselines_save_model/dstagnn/METR-LA/MNAR/dstagnn_0.50/best.params
current epoch:  40
validation batch 1 / 9, val_mae: 0.18
val mae 0.16758358147409227
current epoch:  41
validation batch 1 / 9, val_mae: 0.18
val mae 0.16759988913933435
current epoch:  42
validation batch 1 / 9, val_mae: 0.18
val mae 0.16897661156124538
current epoch:  43
validation batch 1 / 9, val_mae: 0.18
val mae 0.16674728360440996
current epoch:  44
validation batch 1 / 9, val_mae: 0.18
val mae 0.1673022343052758
current epoch:  45
validation batch 1 / 9, val_mae: 0.18
val mae 0.16943010439475378
current epoch:  46
validation batch 1 / 9, val_mae: 0.18
val mae 0.1663610173596276
best epoch:  46
best val mae:  0.1663610173596276
save parameters to file: baselines_save_model/dstagnn/METR-LA/MNAR/dstagnn_0.50/best.params
current epoch:  47
validation batch 1 / 9, val_mae: 0.17
val mae 0.16347873873180813
best epoch:  47
best val mae:  0.16347873873180813
save parameters to file: baselines_save_model/dstagnn/METR-LA/MNAR/dstagnn_0.50/best.params
global step: 3000, training loss: 0.03, time: 1453.71s
current epoch:  48
validation batch 1 / 9, val_mae: 0.17
val mae 0.16594723363717398
current epoch:  49
validation batch 1 / 9, val_mae: 0.18
val mae 0.165347615049945
current epoch:  50
validation batch 1 / 9, val_mae: 0.17
val mae 0.16260885530047947
best epoch:  50
best val mae:  0.16260885530047947
save parameters to file: baselines_save_model/dstagnn/METR-LA/MNAR/dstagnn_0.50/best.params
current epoch:  51
validation batch 1 / 9, val_mae: 0.17
val mae 0.16344526327318615
current epoch:  52
validation batch 1 / 9, val_mae: 0.17
val mae 0.1617863807413313
best epoch:  52
best val mae:  0.1617863807413313
save parameters to file: baselines_save_model/dstagnn/METR-LA/MNAR/dstagnn_0.50/best.params
current epoch:  53
validation batch 1 / 9, val_mae: 0.18
val mae 0.16493068801032174
current epoch:  54
validation batch 1 / 9, val_mae: 0.17
val mae 0.1634421373407046
current epoch:  55
validation batch 1 / 9, val_mae: 0.17
val mae 0.16359805315732956
current epoch:  56
validation batch 1 / 9, val_mae: 0.17
val mae 0.16219008134471047
current epoch:  57
validation batch 1 / 9, val_mae: 0.17
val mae 0.16371712999211419
current epoch:  58
validation batch 1 / 9, val_mae: 0.17
val mae 0.16144895470804638
best epoch:  58
best val mae:  0.16144895470804638
save parameters to file: baselines_save_model/dstagnn/METR-LA/MNAR/dstagnn_0.50/best.params
current epoch:  59
validation batch 1 / 9, val_mae: 0.17
val mae 0.1647370606660843
current epoch:  60
validation batch 1 / 9, val_mae: 0.17
val mae 0.16001537276638877
best epoch:  60
best val mae:  0.16001537276638877
save parameters to file: baselines_save_model/dstagnn/METR-LA/MNAR/dstagnn_0.50/best.params
current epoch:  61
validation batch 1 / 9, val_mae: 0.18
val mae 0.16625718358490202
current epoch:  62
validation batch 1 / 9, val_mae: 0.18
val mae 0.1684892036848598
current epoch:  63
validation batch 1 / 9, val_mae: 0.17
val mae 0.1603159639570448
global step: 4000, training loss: 0.03, time: 1940.37s
current epoch:  64
validation batch 1 / 9, val_mae: 0.17
val mae 0.16033340328269535
current epoch:  65
validation batch 1 / 9, val_mae: 0.17
val mae 0.1627572567926513
current epoch:  66
validation batch 1 / 9, val_mae: 0.17
val mae 0.16130854934453964
current epoch:  67
validation batch 1 / 9, val_mae: 0.17
val mae 0.1620430565542645
current epoch:  68
validation batch 1 / 9, val_mae: 0.17
val mae 0.15913980454206467
best epoch:  68
best val mae:  0.15913980454206467
save parameters to file: baselines_save_model/dstagnn/METR-LA/MNAR/dstagnn_0.50/best.params
current epoch:  69
validation batch 1 / 9, val_mae: 0.17
val mae 0.16182858496904373
current epoch:  70
validation batch 1 / 9, val_mae: 0.17
val mae 0.16376657452848223
current epoch:  71
validation batch 1 / 9, val_mae: 0.17
val mae 0.16251415676540798
current epoch:  72
validation batch 1 / 9, val_mae: 0.17
val mae 0.16246973226467767
current epoch:  73
validation batch 1 / 9, val_mae: 0.17
val mae 0.15804595251878104
best epoch:  73
best val mae:  0.15804595251878104
save parameters to file: baselines_save_model/dstagnn/METR-LA/MNAR/dstagnn_0.50/best.params
current epoch:  74
validation batch 1 / 9, val_mae: 0.17
val mae 0.15999431163072586
current epoch:  75
validation batch 1 / 9, val_mae: 0.17
val mae 0.16096675561534035
current epoch:  76
validation batch 1 / 9, val_mae: 0.17
val mae 0.15906430698103374
current epoch:  77
validation batch 1 / 9, val_mae: 0.17
val mae 0.16398360994127062
current epoch:  78
validation batch 1 / 9, val_mae: 0.17
val mae 0.16192621158228981
current epoch:  79
validation batch 1 / 9, val_mae: 0.17
val mae 0.15760386486848196
best epoch:  79
best val mae:  0.15760386486848196
save parameters to file: baselines_save_model/dstagnn/METR-LA/MNAR/dstagnn_0.50/best.params
global step: 5000, training loss: 0.03, time: 2430.48s
current epoch:  80
validation batch 1 / 9, val_mae: 0.18
val mae 0.16742023991213906
current epoch:  81
validation batch 1 / 9, val_mae: 0.17
val mae 0.15925283398893145
current epoch:  82
validation batch 1 / 9, val_mae: 0.18
val mae 0.16672624978754255
current epoch:  83
validation batch 1 / 9, val_mae: 0.17
val mae 0.1590220249361462
current epoch:  84
validation batch 1 / 9, val_mae: 0.17
val mae 0.15909161418676376
current epoch:  85
validation batch 1 / 9, val_mae: 0.18
val mae 0.16874096790949503
current epoch:  86
validation batch 1 / 9, val_mae: 0.17
val mae 0.16358719600571525
current epoch:  87
validation batch 1 / 9, val_mae: 0.17
val mae 0.1559505636493365
best epoch:  87
best val mae:  0.1559505636493365
save parameters to file: baselines_save_model/dstagnn/METR-LA/MNAR/dstagnn_0.50/best.params
current epoch:  88
validation batch 1 / 9, val_mae: 0.18
val mae 0.1677580244011349
current epoch:  89
validation batch 1 / 9, val_mae: 0.17
val mae 0.15693437225288814
best epoch: 87
load weight from: baselines_save_model/dstagnn/METR-LA/MNAR/dstagnn_0.50/best.params
predicting data set batch 1 / 18
input: (571, 207, 1, 12)
prediction: (571, 207, 12)
Test MAE: 3.344, Test RMSE: 6.504 Test MAPE: 7.734
Spend Time: 2761.7860984802246
