Read configuration file: baselines/dstagnn_modules/configurations/METR-LA.conf
CUDA: cuda:1
folder_dir: dstagnn_0.50
params_path: baselines_save_model/dstagnn/METR-LA/MAR/dstagnn_0.50
delete the old one and create params directory baselines_save_model/dstagnn/METR-LA/MAR/dstagnn_0.50
current epoch:  0
validation batch 1 / 9, val_mae: 1.12
val mae 1.096972405910492
best epoch:  0
best val mae:  1.096972405910492
save parameters to file: baselines_save_model/dstagnn/METR-LA/MAR/dstagnn_0.50/best.params
current epoch:  1
validation batch 1 / 9, val_mae: 0.24
val mae 0.24333828025394016
best epoch:  1
best val mae:  0.24333828025394016
save parameters to file: baselines_save_model/dstagnn/METR-LA/MAR/dstagnn_0.50/best.params
current epoch:  2
validation batch 1 / 9, val_mae: 0.23
val mae 0.23742244144280752
best epoch:  2
best val mae:  0.23742244144280752
save parameters to file: baselines_save_model/dstagnn/METR-LA/MAR/dstagnn_0.50/best.params
current epoch:  3
validation batch 1 / 9, val_mae: 0.22
val mae 0.22770493725935617
best epoch:  3
best val mae:  0.22770493725935617
save parameters to file: baselines_save_model/dstagnn/METR-LA/MAR/dstagnn_0.50/best.params
current epoch:  4
validation batch 1 / 9, val_mae: 0.21
val mae 0.22427429424391854
best epoch:  4
best val mae:  0.22427429424391854
save parameters to file: baselines_save_model/dstagnn/METR-LA/MAR/dstagnn_0.50/best.params
current epoch:  5
validation batch 1 / 9, val_mae: 0.21
val mae 0.22340929839346144
best epoch:  5
best val mae:  0.22340929839346144
save parameters to file: baselines_save_model/dstagnn/METR-LA/MAR/dstagnn_0.50/best.params
current epoch:  6
validation batch 1 / 9, val_mae: 0.21
val mae 0.2218522975842158
best epoch:  6
best val mae:  0.2218522975842158
save parameters to file: baselines_save_model/dstagnn/METR-LA/MAR/dstagnn_0.50/best.params
current epoch:  7
validation batch 1 / 9, val_mae: 0.21
val mae 0.21916197571489546
best epoch:  7
best val mae:  0.21916197571489546
save parameters to file: baselines_save_model/dstagnn/METR-LA/MAR/dstagnn_0.50/best.params
current epoch:  8
validation batch 1 / 9, val_mae: 0.21
val mae 0.21589585145314535
best epoch:  8
best val mae:  0.21589585145314535
save parameters to file: baselines_save_model/dstagnn/METR-LA/MAR/dstagnn_0.50/best.params
current epoch:  9
validation batch 1 / 9, val_mae: 0.21
val mae 0.21478168831931221
best epoch:  9
best val mae:  0.21478168831931221
save parameters to file: baselines_save_model/dstagnn/METR-LA/MAR/dstagnn_0.50/best.params
current epoch:  10
validation batch 1 / 9, val_mae: 0.21
val mae 0.2128514697154363
best epoch:  10
best val mae:  0.2128514697154363
save parameters to file: baselines_save_model/dstagnn/METR-LA/MAR/dstagnn_0.50/best.params
current epoch:  11
validation batch 1 / 9, val_mae: 0.20
val mae 0.21523349152670967
current epoch:  12
validation batch 1 / 9, val_mae: 0.21
val mae 0.22307209173838297
current epoch:  13
validation batch 1 / 9, val_mae: 0.21
val mae 0.21785049471590254
current epoch:  14
validation batch 1 / 9, val_mae: 0.21
val mae 0.21568679975138771
current epoch:  15
validation batch 1 / 9, val_mae: 0.20
val mae 0.21278096569908989
best epoch:  15
best val mae:  0.21278096569908989
save parameters to file: baselines_save_model/dstagnn/METR-LA/MAR/dstagnn_0.50/best.params
global step: 1000, training loss: 0.03, time: 488.87s
current epoch:  16
validation batch 1 / 9, val_mae: 0.21
val mae 0.21013272139761183
best epoch:  16
best val mae:  0.21013272139761183
save parameters to file: baselines_save_model/dstagnn/METR-LA/MAR/dstagnn_0.50/best.params
current epoch:  17
validation batch 1 / 9, val_mae: 0.20
val mae 0.21282048026720682
current epoch:  18
validation batch 1 / 9, val_mae: 0.21
val mae 0.21255043976836735
current epoch:  19
validation batch 1 / 9, val_mae: 0.20
val mae 0.2084885984659195
best epoch:  19
best val mae:  0.2084885984659195
save parameters to file: baselines_save_model/dstagnn/METR-LA/MAR/dstagnn_0.50/best.params
current epoch:  20
validation batch 1 / 9, val_mae: 0.20
val mae 0.20910324984126621
current epoch:  21
validation batch 1 / 9, val_mae: 0.20
val mae 0.20146725409560734
best epoch:  21
best val mae:  0.20146725409560734
save parameters to file: baselines_save_model/dstagnn/METR-LA/MAR/dstagnn_0.50/best.params
current epoch:  22
validation batch 1 / 9, val_mae: 0.20
val mae 0.20531518095069462
current epoch:  23
validation batch 1 / 9, val_mae: 0.20
val mae 0.2042312953207228
current epoch:  24
validation batch 1 / 9, val_mae: 0.19
val mae 0.2002110779285431
best epoch:  24
best val mae:  0.2002110779285431
save parameters to file: baselines_save_model/dstagnn/METR-LA/MAR/dstagnn_0.50/best.params
current epoch:  25
validation batch 1 / 9, val_mae: 0.19
val mae 0.20356316533353594
current epoch:  26
validation batch 1 / 9, val_mae: 0.19
val mae 0.2017581214507421
current epoch:  27
validation batch 1 / 9, val_mae: 0.19
val mae 0.20071961979071298
current epoch:  28
validation batch 1 / 9, val_mae: 0.19
val mae 0.20215777390533024
current epoch:  29
validation batch 1 / 9, val_mae: 0.19
val mae 0.2016916275024414
current epoch:  30
validation batch 1 / 9, val_mae: 0.19
val mae 0.20104561580551994
current epoch:  31
validation batch 1 / 9, val_mae: 0.19
val mae 0.20103787548012203
global step: 2000, training loss: 0.03, time: 974.86s
current epoch:  32
validation batch 1 / 9, val_mae: 0.18
val mae 0.1884720010889901
best epoch:  32
best val mae:  0.1884720010889901
save parameters to file: baselines_save_model/dstagnn/METR-LA/MAR/dstagnn_0.50/best.params
current epoch:  33
validation batch 1 / 9, val_mae: 0.18
val mae 0.1925025631984075
current epoch:  34
validation batch 1 / 9, val_mae: 0.18
val mae 0.19124408728546566
current epoch:  35
validation batch 1 / 9, val_mae: 0.19
val mae 0.19726095100243887
current epoch:  36
validation batch 1 / 9, val_mae: 0.18
val mae 0.19216832684146035
current epoch:  37
validation batch 1 / 9, val_mae: 0.18
val mae 0.1952328168683582
current epoch:  38
validation batch 1 / 9, val_mae: 0.19
val mae 0.19753633936246237
current epoch:  39
validation batch 1 / 9, val_mae: 0.18
val mae 0.1926159444782469
current epoch:  40
validation batch 1 / 9, val_mae: 0.18
val mae 0.18777692317962646
best epoch:  40
best val mae:  0.18777692317962646
save parameters to file: baselines_save_model/dstagnn/METR-LA/MAR/dstagnn_0.50/best.params
current epoch:  41
validation batch 1 / 9, val_mae: 0.18
val mae 0.19290808339913687
current epoch:  42
validation batch 1 / 9, val_mae: 0.18
val mae 0.18942752646075356
current epoch:  43
validation batch 1 / 9, val_mae: 0.18
val mae 0.19197729395495522
current epoch:  44
validation batch 1 / 9, val_mae: 0.17
val mae 0.18402869833840263
best epoch:  44
best val mae:  0.18402869833840263
save parameters to file: baselines_save_model/dstagnn/METR-LA/MAR/dstagnn_0.50/best.params
current epoch:  45
validation batch 1 / 9, val_mae: 0.18
val mae 0.1829578677813212
best epoch:  45
best val mae:  0.1829578677813212
save parameters to file: baselines_save_model/dstagnn/METR-LA/MAR/dstagnn_0.50/best.params
current epoch:  46
validation batch 1 / 9, val_mae: 0.18
val mae 0.1841928114493688
current epoch:  47
validation batch 1 / 9, val_mae: 0.18
val mae 0.18563943604628244
global step: 3000, training loss: 0.01, time: 1459.45s
current epoch:  48
validation batch 1 / 9, val_mae: 0.18
val mae 0.18892312381002638
current epoch:  49
validation batch 1 / 9, val_mae: 0.18
val mae 0.1849052906036377
current epoch:  50
validation batch 1 / 9, val_mae: 0.18
val mae 0.18537207941214243
current epoch:  51
validation batch 1 / 9, val_mae: 0.17
val mae 0.18107668724324968
best epoch:  51
best val mae:  0.18107668724324968
save parameters to file: baselines_save_model/dstagnn/METR-LA/MAR/dstagnn_0.50/best.params
current epoch:  52
validation batch 1 / 9, val_mae: 0.17
val mae 0.18221821718745762
current epoch:  53
validation batch 1 / 9, val_mae: 0.18
val mae 0.18667180670632255
current epoch:  54
validation batch 1 / 9, val_mae: 0.17
val mae 0.1828105946381887
current epoch:  55
validation batch 1 / 9, val_mae: 0.17
val mae 0.17948713567521837
best epoch:  55
best val mae:  0.17948713567521837
save parameters to file: baselines_save_model/dstagnn/METR-LA/MAR/dstagnn_0.50/best.params
current epoch:  56
validation batch 1 / 9, val_mae: 0.18
val mae 0.1877058876885308
current epoch:  57
validation batch 1 / 9, val_mae: 0.17
val mae 0.1777067697710461
best epoch:  57
best val mae:  0.1777067697710461
save parameters to file: baselines_save_model/dstagnn/METR-LA/MAR/dstagnn_0.50/best.params
current epoch:  58
validation batch 1 / 9, val_mae: 0.17
val mae 0.17690257893668282
best epoch:  58
best val mae:  0.17690257893668282
save parameters to file: baselines_save_model/dstagnn/METR-LA/MAR/dstagnn_0.50/best.params
current epoch:  59
validation batch 1 / 9, val_mae: 0.17
val mae 0.1823987580007977
current epoch:  60
validation batch 1 / 9, val_mae: 0.17
val mae 0.1778347467382749
current epoch:  61
validation batch 1 / 9, val_mae: 0.17
val mae 0.1774031851026747
current epoch:  62
validation batch 1 / 9, val_mae: 0.17
val mae 0.17655150012837517
best epoch:  62
best val mae:  0.17655150012837517
save parameters to file: baselines_save_model/dstagnn/METR-LA/MAR/dstagnn_0.50/best.params
current epoch:  63
validation batch 1 / 9, val_mae: 0.17
val mae 0.1782630119058821
global step: 4000, training loss: 0.02, time: 1944.52s
current epoch:  64
validation batch 1 / 9, val_mae: 0.17
val mae 0.1805286639266544
current epoch:  65
validation batch 1 / 9, val_mae: 0.18
val mae 0.18190566533141667
current epoch:  66
validation batch 1 / 9, val_mae: 0.17
val mae 0.17805572350819907
current epoch:  67
validation batch 1 / 9, val_mae: 0.17
val mae 0.18199342985947928
current epoch:  68
validation batch 1 / 9, val_mae: 0.17
val mae 0.17471219764815438
best epoch:  68
best val mae:  0.17471219764815438
save parameters to file: baselines_save_model/dstagnn/METR-LA/MAR/dstagnn_0.50/best.params
current epoch:  69
validation batch 1 / 9, val_mae: 0.17
val mae 0.1770926755335596
current epoch:  70
validation batch 1 / 9, val_mae: 0.17
val mae 0.17579278432660633
current epoch:  71
validation batch 1 / 9, val_mae: 0.17
val mae 0.18004225691159567
current epoch:  72
validation batch 1 / 9, val_mae: 0.17
val mae 0.17303306692176396
best epoch:  72
best val mae:  0.17303306692176396
save parameters to file: baselines_save_model/dstagnn/METR-LA/MAR/dstagnn_0.50/best.params
current epoch:  73
validation batch 1 / 9, val_mae: 0.18
val mae 0.1794772379928165
current epoch:  74
validation batch 1 / 9, val_mae: 0.17
val mae 0.17221404943201277
best epoch:  74
best val mae:  0.17221404943201277
save parameters to file: baselines_save_model/dstagnn/METR-LA/MAR/dstagnn_0.50/best.params
current epoch:  75
validation batch 1 / 9, val_mae: 0.17
val mae 0.17391599797540241
current epoch:  76
validation batch 1 / 9, val_mae: 0.17
val mae 0.17296218209796482
current epoch:  77
validation batch 1 / 9, val_mae: 0.17
val mae 0.17337014277776083
current epoch:  78
validation batch 1 / 9, val_mae: 0.17
val mae 0.17392815980646345
current epoch:  79
validation batch 1 / 9, val_mae: 0.17
val mae 0.17463742776049507
global step: 5000, training loss: 0.02, time: 2430.97s
current epoch:  80
validation batch 1 / 9, val_mae: 0.17
val mae 0.1755080007844501
current epoch:  81
validation batch 1 / 9, val_mae: 0.17
val mae 0.1738538998696539
current epoch:  82
validation batch 1 / 9, val_mae: 0.17
val mae 0.17590410510698953
current epoch:  83
validation batch 1 / 9, val_mae: 0.17
val mae 0.1707826770014233
best epoch:  83
best val mae:  0.1707826770014233
save parameters to file: baselines_save_model/dstagnn/METR-LA/MAR/dstagnn_0.50/best.params
current epoch:  84
validation batch 1 / 9, val_mae: 0.17
val mae 0.17057008296251297
best epoch:  84
best val mae:  0.17057008296251297
save parameters to file: baselines_save_model/dstagnn/METR-LA/MAR/dstagnn_0.50/best.params
current epoch:  85
validation batch 1 / 9, val_mae: 0.17
val mae 0.17291670623752806
current epoch:  86
validation batch 1 / 9, val_mae: 0.17
val mae 0.17399192021952736
current epoch:  87
validation batch 1 / 9, val_mae: 0.17
val mae 0.17310172567764917
current epoch:  88
validation batch 1 / 9, val_mae: 0.17
val mae 0.17129946996768317
current epoch:  89
validation batch 1 / 9, val_mae: 0.17
val mae 0.17323890493975747
best epoch: 84
load weight from: baselines_save_model/dstagnn/METR-LA/MAR/dstagnn_0.50/best.params
predicting data set batch 1 / 18
input: (571, 207, 1, 12)
prediction: (571, 207, 12)
Test MAE: 3.786, Test RMSE: 6.825 Test MAPE: 7.597
Spend Time: 2757.648028612137
