Read configuration file: baselines/dstagnn_modules/configurations/METR-LA.conf
CUDA: cuda:1
folder_dir: dstagnn_0.50
params_path: baselines_save_model/dstagnn/METR-LA/MNAR/dstagnn_0.50
delete the old one and create params directory baselines_save_model/dstagnn/METR-LA/MNAR/dstagnn_0.50
current epoch:  0
validation batch 1 / 9, val_mae: 1.01
val mae 1.0183732443385654
best epoch:  0
best val mae:  1.0183732443385654
save parameters to file: baselines_save_model/dstagnn/METR-LA/MNAR/dstagnn_0.50/best.params
current epoch:  1
validation batch 1 / 9, val_mae: 0.27
val mae 0.2768958724207348
best epoch:  1
best val mae:  0.2768958724207348
save parameters to file: baselines_save_model/dstagnn/METR-LA/MNAR/dstagnn_0.50/best.params
current epoch:  2
validation batch 1 / 9, val_mae: 0.25
val mae 0.2548688550790151
best epoch:  2
best val mae:  0.2548688550790151
save parameters to file: baselines_save_model/dstagnn/METR-LA/MNAR/dstagnn_0.50/best.params
current epoch:  3
validation batch 1 / 9, val_mae: 0.23
val mae 0.23648557232485878
best epoch:  3
best val mae:  0.23648557232485878
save parameters to file: baselines_save_model/dstagnn/METR-LA/MNAR/dstagnn_0.50/best.params
current epoch:  4
validation batch 1 / 9, val_mae: 0.23
val mae 0.22911081049177381
best epoch:  4
best val mae:  0.22911081049177381
save parameters to file: baselines_save_model/dstagnn/METR-LA/MNAR/dstagnn_0.50/best.params
current epoch:  5
validation batch 1 / 9, val_mae: 0.23
val mae 0.22266926036940682
best epoch:  5
best val mae:  0.22266926036940682
save parameters to file: baselines_save_model/dstagnn/METR-LA/MNAR/dstagnn_0.50/best.params
current epoch:  6
validation batch 1 / 9, val_mae: 0.22
val mae 0.2182558923959732
best epoch:  6
best val mae:  0.2182558923959732
save parameters to file: baselines_save_model/dstagnn/METR-LA/MNAR/dstagnn_0.50/best.params
current epoch:  7
validation batch 1 / 9, val_mae: 0.22
val mae 0.2167522112528483
best epoch:  7
best val mae:  0.2167522112528483
save parameters to file: baselines_save_model/dstagnn/METR-LA/MNAR/dstagnn_0.50/best.params
current epoch:  8
validation batch 1 / 9, val_mae: 0.22
val mae 0.21640140977170733
best epoch:  8
best val mae:  0.21640140977170733
save parameters to file: baselines_save_model/dstagnn/METR-LA/MNAR/dstagnn_0.50/best.params
current epoch:  9
validation batch 1 / 9, val_mae: 0.22
val mae 0.21433041824234855
best epoch:  9
best val mae:  0.21433041824234855
save parameters to file: baselines_save_model/dstagnn/METR-LA/MNAR/dstagnn_0.50/best.params
current epoch:  10
validation batch 1 / 9, val_mae: 0.21
val mae 0.20673463741938272
best epoch:  10
best val mae:  0.20673463741938272
save parameters to file: baselines_save_model/dstagnn/METR-LA/MNAR/dstagnn_0.50/best.params
current epoch:  11
validation batch 1 / 9, val_mae: 0.20
val mae 0.20089707771937051
best epoch:  11
best val mae:  0.20089707771937051
save parameters to file: baselines_save_model/dstagnn/METR-LA/MNAR/dstagnn_0.50/best.params
current epoch:  12
validation batch 1 / 9, val_mae: 0.20
val mae 0.19890493816799587
best epoch:  12
best val mae:  0.19890493816799587
save parameters to file: baselines_save_model/dstagnn/METR-LA/MNAR/dstagnn_0.50/best.params
current epoch:  13
validation batch 1 / 9, val_mae: 0.20
val mae 0.20466181966993544
current epoch:  14
validation batch 1 / 9, val_mae: 0.20
val mae 0.19732923474576738
best epoch:  14
best val mae:  0.19732923474576738
save parameters to file: baselines_save_model/dstagnn/METR-LA/MNAR/dstagnn_0.50/best.params
current epoch:  15
validation batch 1 / 9, val_mae: 0.19
val mae 0.19131412771013048
best epoch:  15
best val mae:  0.19131412771013048
save parameters to file: baselines_save_model/dstagnn/METR-LA/MNAR/dstagnn_0.50/best.params
global step: 1000, training loss: 0.03, time: 504.58s
current epoch:  16
validation batch 1 / 9, val_mae: 0.19
val mae 0.19185585114690992
current epoch:  17
validation batch 1 / 9, val_mae: 0.20
val mae 0.19326231877009073
current epoch:  18
validation batch 1 / 9, val_mae: 0.20
val mae 0.1937680592139562
current epoch:  19
validation batch 1 / 9, val_mae: 0.19
val mae 0.18600467840830484
best epoch:  19
best val mae:  0.18600467840830484
save parameters to file: baselines_save_model/dstagnn/METR-LA/MNAR/dstagnn_0.50/best.params
current epoch:  20
validation batch 1 / 9, val_mae: 0.19
val mae 0.18628750410344866
current epoch:  21
validation batch 1 / 9, val_mae: 0.19
val mae 0.18696468571821848
current epoch:  22
validation batch 1 / 9, val_mae: 0.19
val mae 0.1853645940621694
best epoch:  22
best val mae:  0.1853645940621694
save parameters to file: baselines_save_model/dstagnn/METR-LA/MNAR/dstagnn_0.50/best.params
current epoch:  23
validation batch 1 / 9, val_mae: 0.19
val mae 0.1846445252497991
best epoch:  23
best val mae:  0.1846445252497991
save parameters to file: baselines_save_model/dstagnn/METR-LA/MNAR/dstagnn_0.50/best.params
current epoch:  24
validation batch 1 / 9, val_mae: 0.19
val mae 0.1887401971552107
current epoch:  25
validation batch 1 / 9, val_mae: 0.19
val mae 0.17997434238592783
best epoch:  25
best val mae:  0.17997434238592783
save parameters to file: baselines_save_model/dstagnn/METR-LA/MNAR/dstagnn_0.50/best.params
current epoch:  26
validation batch 1 / 9, val_mae: 0.19
val mae 0.1812585393587748
current epoch:  27
validation batch 1 / 9, val_mae: 0.18
val mae 0.1771478975812594
best epoch:  27
best val mae:  0.1771478975812594
save parameters to file: baselines_save_model/dstagnn/METR-LA/MNAR/dstagnn_0.50/best.params
current epoch:  28
validation batch 1 / 9, val_mae: 0.18
val mae 0.1784495065609614
current epoch:  29
validation batch 1 / 9, val_mae: 0.18
val mae 0.17525855120685366
best epoch:  29
best val mae:  0.17525855120685366
save parameters to file: baselines_save_model/dstagnn/METR-LA/MNAR/dstagnn_0.50/best.params
current epoch:  30
validation batch 1 / 9, val_mae: 0.18
val mae 0.17645988116661707
current epoch:  31
validation batch 1 / 9, val_mae: 0.18
val mae 0.17018514623244604
best epoch:  31
best val mae:  0.17018514623244604
save parameters to file: baselines_save_model/dstagnn/METR-LA/MNAR/dstagnn_0.50/best.params
global step: 2000, training loss: 0.03, time: 1008.57s
current epoch:  32
validation batch 1 / 9, val_mae: 0.18
val mae 0.1718174790342649
current epoch:  33
validation batch 1 / 9, val_mae: 0.18
val mae 0.17483984099494088
current epoch:  34
validation batch 1 / 9, val_mae: 0.18
val mae 0.17157555040385988
current epoch:  35
validation batch 1 / 9, val_mae: 0.18
val mae 0.17019509689675438
current epoch:  36
validation batch 1 / 9, val_mae: 0.18
val mae 0.17082704769240487
current epoch:  37
validation batch 1 / 9, val_mae: 0.18
val mae 0.1745440819197231
current epoch:  38
validation batch 1 / 9, val_mae: 0.18
val mae 0.1671112577120463
best epoch:  38
best val mae:  0.1671112577120463
save parameters to file: baselines_save_model/dstagnn/METR-LA/MNAR/dstagnn_0.50/best.params
current epoch:  39
validation batch 1 / 9, val_mae: 0.18
val mae 0.16840787645843294
current epoch:  40
validation batch 1 / 9, val_mae: 0.18
val mae 0.17355817556381226
current epoch:  41
validation batch 1 / 9, val_mae: 0.18
val mae 0.16831069770786497
current epoch:  42
validation batch 1 / 9, val_mae: 0.18
val mae 0.16773033059305614
current epoch:  43
validation batch 1 / 9, val_mae: 0.18
val mae 0.16618071579270893
best epoch:  43
best val mae:  0.16618071579270893
save parameters to file: baselines_save_model/dstagnn/METR-LA/MNAR/dstagnn_0.50/best.params
current epoch:  44
validation batch 1 / 9, val_mae: 0.17
val mae 0.1654062577419811
best epoch:  44
best val mae:  0.1654062577419811
save parameters to file: baselines_save_model/dstagnn/METR-LA/MNAR/dstagnn_0.50/best.params
current epoch:  45
validation batch 1 / 9, val_mae: 0.18
val mae 0.16630519347058403
current epoch:  46
validation batch 1 / 9, val_mae: 0.18
val mae 0.16682237883408865
current epoch:  47
validation batch 1 / 9, val_mae: 0.18
val mae 0.16572335114081702
global step: 3000, training loss: 0.03, time: 1521.80s
current epoch:  48
validation batch 1 / 9, val_mae: 0.17
val mae 0.16382034619649252
best epoch:  48
best val mae:  0.16382034619649252
save parameters to file: baselines_save_model/dstagnn/METR-LA/MNAR/dstagnn_0.50/best.params
current epoch:  49
validation batch 1 / 9, val_mae: 0.18
val mae 0.16631846874952316
current epoch:  50
validation batch 1 / 9, val_mae: 0.18
val mae 0.1668243110179901
current epoch:  51
validation batch 1 / 9, val_mae: 0.17
val mae 0.16449488699436188
current epoch:  52
validation batch 1 / 9, val_mae: 0.18
val mae 0.16633939577473533
current epoch:  53
validation batch 1 / 9, val_mae: 0.17
val mae 0.1630873042676184
best epoch:  53
best val mae:  0.1630873042676184
save parameters to file: baselines_save_model/dstagnn/METR-LA/MNAR/dstagnn_0.50/best.params
current epoch:  54
validation batch 1 / 9, val_mae: 0.18
val mae 0.1638390893737475
current epoch:  55
validation batch 1 / 9, val_mae: 0.17
val mae 0.16416729324393803
current epoch:  56
validation batch 1 / 9, val_mae: 0.17
val mae 0.16205017848147285
best epoch:  56
best val mae:  0.16205017848147285
save parameters to file: baselines_save_model/dstagnn/METR-LA/MNAR/dstagnn_0.50/best.params
current epoch:  57
validation batch 1 / 9, val_mae: 0.17
val mae 0.16283288598060608
current epoch:  58
validation batch 1 / 9, val_mae: 0.17
val mae 0.1641278655992614
current epoch:  59
validation batch 1 / 9, val_mae: 0.17
val mae 0.16327722039487627
current epoch:  60
validation batch 1 / 9, val_mae: 0.17
val mae 0.15921896282169554
best epoch:  60
best val mae:  0.15921896282169554
save parameters to file: baselines_save_model/dstagnn/METR-LA/MNAR/dstagnn_0.50/best.params
current epoch:  61
validation batch 1 / 9, val_mae: 0.17
val mae 0.15993540651268429
current epoch:  62
validation batch 1 / 9, val_mae: 0.17
val mae 0.16393433262904486
current epoch:  63
validation batch 1 / 9, val_mae: 0.18
val mae 0.16426736613114676
global step: 4000, training loss: 0.03, time: 2030.24s
current epoch:  64
validation batch 1 / 9, val_mae: 0.18
val mae 0.1642064576347669
current epoch:  65
validation batch 1 / 9, val_mae: 0.18
val mae 0.1636558473110199
current epoch:  66
validation batch 1 / 9, val_mae: 0.17
val mae 0.16163399484422472
current epoch:  67
validation batch 1 / 9, val_mae: 0.17
val mae 0.1606002226471901
current epoch:  68
validation batch 1 / 9, val_mae: 0.18
val mae 0.17045371813906562
current epoch:  69
validation batch 1 / 9, val_mae: 0.17
val mae 0.1608862206339836
current epoch:  70
validation batch 1 / 9, val_mae: 0.18
val mae 0.1640997984343105
current epoch:  71
validation batch 1 / 9, val_mae: 0.17
val mae 0.16217837979396185
current epoch:  72
validation batch 1 / 9, val_mae: 0.18
val mae 0.16776079601711696
current epoch:  73
validation batch 1 / 9, val_mae: 0.17
val mae 0.16141222914059958
current epoch:  74
validation batch 1 / 9, val_mae: 0.17
val mae 0.15947339352634218
current epoch:  75
validation batch 1 / 9, val_mae: 0.17
val mae 0.15864100224441952
best epoch:  75
best val mae:  0.15864100224441952
save parameters to file: baselines_save_model/dstagnn/METR-LA/MNAR/dstagnn_0.50/best.params
current epoch:  76
validation batch 1 / 9, val_mae: 0.18
val mae 0.16847998317744997
current epoch:  77
validation batch 1 / 9, val_mae: 0.17
val mae 0.15819431675804985
best epoch:  77
best val mae:  0.15819431675804985
save parameters to file: baselines_save_model/dstagnn/METR-LA/MNAR/dstagnn_0.50/best.params
current epoch:  78
validation batch 1 / 9, val_mae: 0.17
val mae 0.16104828235175875
current epoch:  79
validation batch 1 / 9, val_mae: 0.17
val mae 0.1610478237271309
global step: 5000, training loss: 0.03, time: 2541.05s
current epoch:  80
validation batch 1 / 9, val_mae: 0.17
val mae 0.15996555984020233
current epoch:  81
validation batch 1 / 9, val_mae: 0.17
val mae 0.15921219852235582
current epoch:  82
validation batch 1 / 9, val_mae: 0.17
val mae 0.16266822732157177
current epoch:  83
validation batch 1 / 9, val_mae: 0.17
val mae 0.16314973847733605
current epoch:  84
validation batch 1 / 9, val_mae: 0.17
val mae 0.1573389321565628
best epoch:  84
best val mae:  0.1573389321565628
save parameters to file: baselines_save_model/dstagnn/METR-LA/MNAR/dstagnn_0.50/best.params
current epoch:  85
validation batch 1 / 9, val_mae: 0.18
val mae 0.1700763859682613
current epoch:  86
validation batch 1 / 9, val_mae: 0.17
val mae 0.16001445965634453
current epoch:  87
validation batch 1 / 9, val_mae: 0.17
val mae 0.15834395670228535
current epoch:  88
validation batch 1 / 9, val_mae: 0.17
val mae 0.16156002465221617
current epoch:  89
validation batch 1 / 9, val_mae: 0.17
val mae 0.15879285915030372
best epoch: 84
load weight from: baselines_save_model/dstagnn/METR-LA/MNAR/dstagnn_0.50/best.params
predicting data set batch 1 / 18
input: (571, 207, 1, 12)
prediction: (571, 207, 12)
Test MAE: 3.332, Test RMSE: 6.576 Test MAPE: 7.541
Spend Time: 2889.750923871994
