Read configuration file: baselines/dstagnn_modules/configurations/METR-LA.conf
CUDA: cuda:1
folder_dir: dstagnn_0.50
params_path: baselines_save_model/dstagnn/METR-LA/MAR/dstagnn_0.50
delete the old one and create params directory baselines_save_model/dstagnn/METR-LA/MAR/dstagnn_0.50
current epoch:  0
validation batch 1 / 9, val_mae: 0.99
val mae 0.9657985435591804
best epoch:  0
best val mae:  0.9657985435591804
save parameters to file: baselines_save_model/dstagnn/METR-LA/MAR/dstagnn_0.50/best.params
current epoch:  1
validation batch 1 / 9, val_mae: 0.23
val mae 0.2329747478167216
best epoch:  1
best val mae:  0.2329747478167216
save parameters to file: baselines_save_model/dstagnn/METR-LA/MAR/dstagnn_0.50/best.params
current epoch:  2
validation batch 1 / 9, val_mae: 0.21
val mae 0.22681695388423073
best epoch:  2
best val mae:  0.22681695388423073
save parameters to file: baselines_save_model/dstagnn/METR-LA/MAR/dstagnn_0.50/best.params
current epoch:  3
validation batch 1 / 9, val_mae: 0.22
val mae 0.2306161986456977
current epoch:  4
validation batch 1 / 9, val_mae: 0.23
val mae 0.23888067735566032
current epoch:  5
validation batch 1 / 9, val_mae: 0.23
val mae 0.2404447313812044
current epoch:  6
validation batch 1 / 9, val_mae: 0.23
val mae 0.24125576515992483
current epoch:  7
validation batch 1 / 9, val_mae: 0.23
val mae 0.23606131805313957
current epoch:  8
validation batch 1 / 9, val_mae: 0.23
val mae 0.232775972949134
current epoch:  9
validation batch 1 / 9, val_mae: 0.23
val mae 0.24237946503692204
current epoch:  10
validation batch 1 / 9, val_mae: 0.22
val mae 0.23647481699784598
current epoch:  11
validation batch 1 / 9, val_mae: 0.22
val mae 0.22638026707702213
best epoch:  11
best val mae:  0.22638026707702213
save parameters to file: baselines_save_model/dstagnn/METR-LA/MAR/dstagnn_0.50/best.params
current epoch:  12
validation batch 1 / 9, val_mae: 0.22
val mae 0.22564579049746195
best epoch:  12
best val mae:  0.22564579049746195
save parameters to file: baselines_save_model/dstagnn/METR-LA/MAR/dstagnn_0.50/best.params
current epoch:  13
validation batch 1 / 9, val_mae: 0.21
val mae 0.22767846783002219
current epoch:  14
validation batch 1 / 9, val_mae: 0.21
val mae 0.2169658922486835
best epoch:  14
best val mae:  0.2169658922486835
save parameters to file: baselines_save_model/dstagnn/METR-LA/MAR/dstagnn_0.50/best.params
current epoch:  15
validation batch 1 / 9, val_mae: 0.21
val mae 0.22239028414090475
global step: 1000, training loss: 0.02, time: 503.68s
current epoch:  16
validation batch 1 / 9, val_mae: 0.20
val mae 0.2136370622449451
best epoch:  16
best val mae:  0.2136370622449451
save parameters to file: baselines_save_model/dstagnn/METR-LA/MAR/dstagnn_0.50/best.params
current epoch:  17
validation batch 1 / 9, val_mae: 0.21
val mae 0.21807453201876748
current epoch:  18
validation batch 1 / 9, val_mae: 0.20
val mae 0.21728858020570543
current epoch:  19
validation batch 1 / 9, val_mae: 0.20
val mae 0.21220482223563725
best epoch:  19
best val mae:  0.21220482223563725
save parameters to file: baselines_save_model/dstagnn/METR-LA/MAR/dstagnn_0.50/best.params
current epoch:  20
validation batch 1 / 9, val_mae: 0.19
val mae 0.20429839028252494
best epoch:  20
best val mae:  0.20429839028252494
save parameters to file: baselines_save_model/dstagnn/METR-LA/MAR/dstagnn_0.50/best.params
current epoch:  21
validation batch 1 / 9, val_mae: 0.19
val mae 0.20634081297450596
current epoch:  22
validation batch 1 / 9, val_mae: 0.20
val mae 0.21084035105175442
current epoch:  23
validation batch 1 / 9, val_mae: 0.20
val mae 0.2144464436504576
current epoch:  24
validation batch 1 / 9, val_mae: 0.19
val mae 0.20522194107373556
current epoch:  25
validation batch 1 / 9, val_mae: 0.20
val mae 0.209374843372239
current epoch:  26
validation batch 1 / 9, val_mae: 0.19
val mae 0.20599922206666735
current epoch:  27
validation batch 1 / 9, val_mae: 0.19
val mae 0.20394881897502476
best epoch:  27
best val mae:  0.20394881897502476
save parameters to file: baselines_save_model/dstagnn/METR-LA/MAR/dstagnn_0.50/best.params
current epoch:  28
validation batch 1 / 9, val_mae: 0.19
val mae 0.19747823476791382
best epoch:  28
best val mae:  0.19747823476791382
save parameters to file: baselines_save_model/dstagnn/METR-LA/MAR/dstagnn_0.50/best.params
current epoch:  29
validation batch 1 / 9, val_mae: 0.19
val mae 0.20262217024962106
current epoch:  30
validation batch 1 / 9, val_mae: 0.19
val mae 0.20230639974276224
current epoch:  31
validation batch 1 / 9, val_mae: 0.19
val mae 0.19536592562993368
best epoch:  31
best val mae:  0.19536592562993368
save parameters to file: baselines_save_model/dstagnn/METR-LA/MAR/dstagnn_0.50/best.params
global step: 2000, training loss: 0.02, time: 1001.08s
current epoch:  32
validation batch 1 / 9, val_mae: 0.18
val mae 0.19428195390436384
best epoch:  32
best val mae:  0.19428195390436384
save parameters to file: baselines_save_model/dstagnn/METR-LA/MAR/dstagnn_0.50/best.params
current epoch:  33
validation batch 1 / 9, val_mae: 0.19
val mae 0.19436602625581953
current epoch:  34
validation batch 1 / 9, val_mae: 0.18
val mae 0.1925507386525472
best epoch:  34
best val mae:  0.1925507386525472
save parameters to file: baselines_save_model/dstagnn/METR-LA/MAR/dstagnn_0.50/best.params
current epoch:  35
validation batch 1 / 9, val_mae: 0.19
val mae 0.19709429144859314
current epoch:  36
validation batch 1 / 9, val_mae: 0.18
val mae 0.19138335353798336
best epoch:  36
best val mae:  0.19138335353798336
save parameters to file: baselines_save_model/dstagnn/METR-LA/MAR/dstagnn_0.50/best.params
current epoch:  37
validation batch 1 / 9, val_mae: 0.19
val mae 0.1954865273502138
current epoch:  38
validation batch 1 / 9, val_mae: 0.18
val mae 0.19301728076404995
current epoch:  39
validation batch 1 / 9, val_mae: 0.18
val mae 0.19118068284458584
best epoch:  39
best val mae:  0.19118068284458584
save parameters to file: baselines_save_model/dstagnn/METR-LA/MAR/dstagnn_0.50/best.params
current epoch:  40
validation batch 1 / 9, val_mae: 0.18
val mae 0.18538706501324972
best epoch:  40
best val mae:  0.18538706501324972
save parameters to file: baselines_save_model/dstagnn/METR-LA/MAR/dstagnn_0.50/best.params
current epoch:  41
validation batch 1 / 9, val_mae: 0.18
val mae 0.1860164569483863
current epoch:  42
validation batch 1 / 9, val_mae: 0.18
val mae 0.18949886990918052
current epoch:  43
validation batch 1 / 9, val_mae: 0.18
val mae 0.18934428360727099
current epoch:  44
validation batch 1 / 9, val_mae: 0.18
val mae 0.18703590995735592
current epoch:  45
validation batch 1 / 9, val_mae: 0.18
val mae 0.19207764168580374
current epoch:  46
validation batch 1 / 9, val_mae: 0.18
val mae 0.18718233538998497
current epoch:  47
validation batch 1 / 9, val_mae: 0.18
val mae 0.18751531839370728
global step: 3000, training loss: 0.02, time: 1496.52s
current epoch:  48
validation batch 1 / 9, val_mae: 0.18
val mae 0.19025408228238425
current epoch:  49
validation batch 1 / 9, val_mae: 0.18
val mae 0.19221092760562897
current epoch:  50
validation batch 1 / 9, val_mae: 0.18
val mae 0.19100764393806458
current epoch:  51
validation batch 1 / 9, val_mae: 0.18
val mae 0.1855505257844925
current epoch:  52
validation batch 1 / 9, val_mae: 0.18
val mae 0.1868414415253533
current epoch:  53
validation batch 1 / 9, val_mae: 0.17
val mae 0.17961190972063276
best epoch:  53
best val mae:  0.17961190972063276
save parameters to file: baselines_save_model/dstagnn/METR-LA/MAR/dstagnn_0.50/best.params
current epoch:  54
validation batch 1 / 9, val_mae: 0.18
val mae 0.18652824891938102
current epoch:  55
validation batch 1 / 9, val_mae: 0.17
val mae 0.1815186987320582
current epoch:  56
validation batch 1 / 9, val_mae: 0.18
val mae 0.1855117380619049
current epoch:  57
validation batch 1 / 9, val_mae: 0.18
val mae 0.18285647531350455
current epoch:  58
validation batch 1 / 9, val_mae: 0.18
val mae 0.1846036132838991
current epoch:  59
validation batch 1 / 9, val_mae: 0.18
val mae 0.1891254468096627
current epoch:  60
validation batch 1 / 9, val_mae: 0.18
val mae 0.18504781855477226
current epoch:  61
validation batch 1 / 9, val_mae: 0.17
val mae 0.17679987682236564
best epoch:  61
best val mae:  0.17679987682236564
save parameters to file: baselines_save_model/dstagnn/METR-LA/MAR/dstagnn_0.50/best.params
current epoch:  62
validation batch 1 / 9, val_mae: 0.17
val mae 0.18030882709556156
current epoch:  63
validation batch 1 / 9, val_mae: 0.17
val mae 0.17755661408106485
global step: 4000, training loss: 0.02, time: 1989.42s
current epoch:  64
validation batch 1 / 9, val_mae: 0.18
val mae 0.18326025207837424
current epoch:  65
validation batch 1 / 9, val_mae: 0.18
val mae 0.18394744727346632
current epoch:  66
validation batch 1 / 9, val_mae: 0.17
val mae 0.17972013188732994
current epoch:  67
validation batch 1 / 9, val_mae: 0.17
val mae 0.17828716006543902
current epoch:  68
validation batch 1 / 9, val_mae: 0.18
val mae 0.17962541182835898
current epoch:  69
validation batch 1 / 9, val_mae: 0.17
val mae 0.1782765512665113
current epoch:  70
validation batch 1 / 9, val_mae: 0.18
val mae 0.18272623750898573
current epoch:  71
validation batch 1 / 9, val_mae: 0.18
val mae 0.1817022760709127
current epoch:  72
validation batch 1 / 9, val_mae: 0.17
val mae 0.17889490889178383
current epoch:  73
validation batch 1 / 9, val_mae: 0.18
val mae 0.18423322008715737
current epoch:  74
validation batch 1 / 9, val_mae: 0.17
val mae 0.17710820668273503
current epoch:  75
validation batch 1 / 9, val_mae: 0.17
val mae 0.1724945662750138
best epoch:  75
best val mae:  0.1724945662750138
save parameters to file: baselines_save_model/dstagnn/METR-LA/MAR/dstagnn_0.50/best.params
current epoch:  76
validation batch 1 / 9, val_mae: 0.17
val mae 0.17851485974258846
current epoch:  77
validation batch 1 / 9, val_mae: 0.17
val mae 0.17245346142186058
best epoch:  77
best val mae:  0.17245346142186058
save parameters to file: baselines_save_model/dstagnn/METR-LA/MAR/dstagnn_0.50/best.params
current epoch:  78
validation batch 1 / 9, val_mae: 0.17
val mae 0.17570773512125015
current epoch:  79
validation batch 1 / 9, val_mae: 0.18
val mae 0.18064112133449978
global step: 5000, training loss: 0.01, time: 2480.92s
current epoch:  80
validation batch 1 / 9, val_mae: 0.17
val mae 0.17508932368622887
current epoch:  81
validation batch 1 / 9, val_mae: 0.17
val mae 0.17181237621439827
best epoch:  81
best val mae:  0.17181237621439827
save parameters to file: baselines_save_model/dstagnn/METR-LA/MAR/dstagnn_0.50/best.params
current epoch:  82
validation batch 1 / 9, val_mae: 0.18
val mae 0.18034939467906952
current epoch:  83
validation batch 1 / 9, val_mae: 0.17
val mae 0.17460838788085514
current epoch:  84
validation batch 1 / 9, val_mae: 0.18
val mae 0.1781650326318211
current epoch:  85
validation batch 1 / 9, val_mae: 0.17
val mae 0.17788817650742
current epoch:  86
validation batch 1 / 9, val_mae: 0.17
val mae 0.17426655855443743
current epoch:  87
validation batch 1 / 9, val_mae: 0.17
val mae 0.17237750854757097
current epoch:  88
validation batch 1 / 9, val_mae: 0.17
val mae 0.17832713656955296
current epoch:  89
validation batch 1 / 9, val_mae: 0.17
val mae 0.17389093670580122
best epoch: 81
load weight from: baselines_save_model/dstagnn/METR-LA/MAR/dstagnn_0.50/best.params
predicting data set batch 1 / 18
input: (571, 207, 1, 12)
prediction: (571, 207, 12)
Test MAE: 3.861, Test RMSE: 7.063 Test MAPE: 7.753
Spend Time: 2810.0605385303497
