Read configuration file: baselines/dstagnn_modules/configurations/METR-LA.conf
CUDA: cuda:1
folder_dir: dstagnn_0.50
params_path: baselines_save_model/dstagnn/METR-LA/MNAR/dstagnn_0.50
delete the old one and create params directory baselines_save_model/dstagnn/METR-LA/MNAR/dstagnn_0.50
current epoch:  0
validation batch 1 / 9, val_mae: 1.16
val mae 1.1460520293977525
best epoch:  0
best val mae:  1.1460520293977525
save parameters to file: baselines_save_model/dstagnn/METR-LA/MNAR/dstagnn_0.50/best.params
current epoch:  1
validation batch 1 / 9, val_mae: 0.30
val mae 0.29691814217302537
best epoch:  1
best val mae:  0.29691814217302537
save parameters to file: baselines_save_model/dstagnn/METR-LA/MNAR/dstagnn_0.50/best.params
current epoch:  2
validation batch 1 / 9, val_mae: 0.26
val mae 0.267150428560045
best epoch:  2
best val mae:  0.267150428560045
save parameters to file: baselines_save_model/dstagnn/METR-LA/MNAR/dstagnn_0.50/best.params
current epoch:  3
validation batch 1 / 9, val_mae: 0.24
val mae 0.24405981931421492
best epoch:  3
best val mae:  0.24405981931421492
save parameters to file: baselines_save_model/dstagnn/METR-LA/MNAR/dstagnn_0.50/best.params
current epoch:  4
validation batch 1 / 9, val_mae: 0.24
val mae 0.22962335414356655
best epoch:  4
best val mae:  0.22962335414356655
save parameters to file: baselines_save_model/dstagnn/METR-LA/MNAR/dstagnn_0.50/best.params
current epoch:  5
validation batch 1 / 9, val_mae: 0.23
val mae 0.22793666025002798
best epoch:  5
best val mae:  0.22793666025002798
save parameters to file: baselines_save_model/dstagnn/METR-LA/MNAR/dstagnn_0.50/best.params
current epoch:  6
validation batch 1 / 9, val_mae: 0.23
val mae 0.2194682392809126
best epoch:  6
best val mae:  0.2194682392809126
save parameters to file: baselines_save_model/dstagnn/METR-LA/MNAR/dstagnn_0.50/best.params
current epoch:  7
validation batch 1 / 9, val_mae: 0.23
val mae 0.218673480881585
best epoch:  7
best val mae:  0.218673480881585
save parameters to file: baselines_save_model/dstagnn/METR-LA/MNAR/dstagnn_0.50/best.params
current epoch:  8
validation batch 1 / 9, val_mae: 0.22
val mae 0.21842474738756815
best epoch:  8
best val mae:  0.21842474738756815
save parameters to file: baselines_save_model/dstagnn/METR-LA/MNAR/dstagnn_0.50/best.params
current epoch:  9
validation batch 1 / 9, val_mae: 0.22
val mae 0.21309766007794273
best epoch:  9
best val mae:  0.21309766007794273
save parameters to file: baselines_save_model/dstagnn/METR-LA/MNAR/dstagnn_0.50/best.params
current epoch:  10
validation batch 1 / 9, val_mae: 0.22
val mae 0.21155046423276266
best epoch:  10
best val mae:  0.21155046423276266
save parameters to file: baselines_save_model/dstagnn/METR-LA/MNAR/dstagnn_0.50/best.params
current epoch:  11
validation batch 1 / 9, val_mae: 0.21
val mae 0.20647638042767844
best epoch:  11
best val mae:  0.20647638042767844
save parameters to file: baselines_save_model/dstagnn/METR-LA/MNAR/dstagnn_0.50/best.params
current epoch:  12
validation batch 1 / 9, val_mae: 0.21
val mae 0.2088667700688044
current epoch:  13
validation batch 1 / 9, val_mae: 0.22
val mae 0.21674486994743347
current epoch:  14
validation batch 1 / 9, val_mae: 0.21
val mae 0.20323000020451015
best epoch:  14
best val mae:  0.20323000020451015
save parameters to file: baselines_save_model/dstagnn/METR-LA/MNAR/dstagnn_0.50/best.params
current epoch:  15
validation batch 1 / 9, val_mae: 0.21
val mae 0.19977618753910065
best epoch:  15
best val mae:  0.19977618753910065
save parameters to file: baselines_save_model/dstagnn/METR-LA/MNAR/dstagnn_0.50/best.params
global step: 1000, training loss: 0.05, time: 517.49s
current epoch:  16
validation batch 1 / 9, val_mae: 0.21
val mae 0.2044229573673672
current epoch:  17
validation batch 1 / 9, val_mae: 0.21
val mae 0.19881189200613233
best epoch:  17
best val mae:  0.19881189200613233
save parameters to file: baselines_save_model/dstagnn/METR-LA/MNAR/dstagnn_0.50/best.params
current epoch:  18
validation batch 1 / 9, val_mae: 0.20
val mae 0.1925738900899887
best epoch:  18
best val mae:  0.1925738900899887
save parameters to file: baselines_save_model/dstagnn/METR-LA/MNAR/dstagnn_0.50/best.params
current epoch:  19
validation batch 1 / 9, val_mae: 0.20
val mae 0.1914209889041053
best epoch:  19
best val mae:  0.1914209889041053
save parameters to file: baselines_save_model/dstagnn/METR-LA/MNAR/dstagnn_0.50/best.params
current epoch:  20
validation batch 1 / 9, val_mae: 0.20
val mae 0.1938465651538637
current epoch:  21
validation batch 1 / 9, val_mae: 0.20
val mae 0.19049455225467682
best epoch:  21
best val mae:  0.19049455225467682
save parameters to file: baselines_save_model/dstagnn/METR-LA/MNAR/dstagnn_0.50/best.params
current epoch:  22
validation batch 1 / 9, val_mae: 0.20
val mae 0.18828113708231184
best epoch:  22
best val mae:  0.18828113708231184
save parameters to file: baselines_save_model/dstagnn/METR-LA/MNAR/dstagnn_0.50/best.params
current epoch:  23
validation batch 1 / 9, val_mae: 0.20
val mae 0.19370311664210427
current epoch:  24
validation batch 1 / 9, val_mae: 0.20
val mae 0.19093576735920376
current epoch:  25
validation batch 1 / 9, val_mae: 0.20
val mae 0.18855873578124577
current epoch:  26
validation batch 1 / 9, val_mae: 0.20
val mae 0.18839785787794325
current epoch:  27
validation batch 1 / 9, val_mae: 0.20
val mae 0.18819604482915667
best epoch:  27
best val mae:  0.18819604482915667
save parameters to file: baselines_save_model/dstagnn/METR-LA/MNAR/dstagnn_0.50/best.params
current epoch:  28
validation batch 1 / 9, val_mae: 0.19
val mae 0.18666894402768877
best epoch:  28
best val mae:  0.18666894402768877
save parameters to file: baselines_save_model/dstagnn/METR-LA/MNAR/dstagnn_0.50/best.params
current epoch:  29
validation batch 1 / 9, val_mae: 0.19
val mae 0.18229084875848559
best epoch:  29
best val mae:  0.18229084875848559
save parameters to file: baselines_save_model/dstagnn/METR-LA/MNAR/dstagnn_0.50/best.params
current epoch:  30
validation batch 1 / 9, val_mae: 0.19
val mae 0.18150419990221658
best epoch:  30
best val mae:  0.18150419990221658
save parameters to file: baselines_save_model/dstagnn/METR-LA/MNAR/dstagnn_0.50/best.params
current epoch:  31
validation batch 1 / 9, val_mae: 0.19
val mae 0.18412528352604973
global step: 2000, training loss: 0.04, time: 1038.06s
current epoch:  32
validation batch 1 / 9, val_mae: 0.19
val mae 0.18161491801341376
current epoch:  33
validation batch 1 / 9, val_mae: 0.19
val mae 0.18293888784117168
current epoch:  34
validation batch 1 / 9, val_mae: 0.19
val mae 0.18678271770477295
current epoch:  35
validation batch 1 / 9, val_mae: 0.19
val mae 0.17828749120235443
best epoch:  35
best val mae:  0.17828749120235443
save parameters to file: baselines_save_model/dstagnn/METR-LA/MNAR/dstagnn_0.50/best.params
current epoch:  36
validation batch 1 / 9, val_mae: 0.18
val mae 0.1765228965216213
best epoch:  36
best val mae:  0.1765228965216213
save parameters to file: baselines_save_model/dstagnn/METR-LA/MNAR/dstagnn_0.50/best.params
current epoch:  37
validation batch 1 / 9, val_mae: 0.18
val mae 0.17730177690585455
current epoch:  38
validation batch 1 / 9, val_mae: 0.19
val mae 0.17758538905117247
current epoch:  39
validation batch 1 / 9, val_mae: 0.18
val mae 0.17477181636624867
best epoch:  39
best val mae:  0.17477181636624867
save parameters to file: baselines_save_model/dstagnn/METR-LA/MNAR/dstagnn_0.50/best.params
current epoch:  40
validation batch 1 / 9, val_mae: 0.18
val mae 0.17344960570335388
best epoch:  40
best val mae:  0.17344960570335388
save parameters to file: baselines_save_model/dstagnn/METR-LA/MNAR/dstagnn_0.50/best.params
current epoch:  41
validation batch 1 / 9, val_mae: 0.18
val mae 0.17289944820933872
best epoch:  41
best val mae:  0.17289944820933872
save parameters to file: baselines_save_model/dstagnn/METR-LA/MNAR/dstagnn_0.50/best.params
current epoch:  42
validation batch 1 / 9, val_mae: 0.18
val mae 0.17430214749442208
current epoch:  43
validation batch 1 / 9, val_mae: 0.18
val mae 0.17422930896282196
current epoch:  44
validation batch 1 / 9, val_mae: 0.18
val mae 0.17500805772013134
current epoch:  45
validation batch 1 / 9, val_mae: 0.19
val mae 0.1792429635922114
current epoch:  46
validation batch 1 / 9, val_mae: 0.18
val mae 0.1751831422249476
current epoch:  47
validation batch 1 / 9, val_mae: 0.18
val mae 0.17402178214655983
global step: 3000, training loss: 0.02, time: 1557.85s
current epoch:  48
validation batch 1 / 9, val_mae: 0.18
val mae 0.17681905461682212
current epoch:  49
validation batch 1 / 9, val_mae: 0.18
val mae 0.17036523090468514
best epoch:  49
best val mae:  0.17036523090468514
save parameters to file: baselines_save_model/dstagnn/METR-LA/MNAR/dstagnn_0.50/best.params
current epoch:  50
validation batch 1 / 9, val_mae: 0.18
val mae 0.17085430605543983
current epoch:  51
validation batch 1 / 9, val_mae: 0.18
val mae 0.17053580201334423
current epoch:  52
validation batch 1 / 9, val_mae: 0.18
val mae 0.1706291072898441
current epoch:  53
validation batch 1 / 9, val_mae: 0.18
val mae 0.17152023729350832
current epoch:  54
validation batch 1 / 9, val_mae: 0.18
val mae 0.17113235675626332
current epoch:  55
validation batch 1 / 9, val_mae: 0.18
val mae 0.16804522524277368
best epoch:  55
best val mae:  0.16804522524277368
save parameters to file: baselines_save_model/dstagnn/METR-LA/MNAR/dstagnn_0.50/best.params
current epoch:  56
validation batch 1 / 9, val_mae: 0.18
val mae 0.17232506225506464
current epoch:  57
validation batch 1 / 9, val_mae: 0.18
val mae 0.17000369975964227
current epoch:  58
validation batch 1 / 9, val_mae: 0.18
val mae 0.1659164163801405
best epoch:  58
best val mae:  0.1659164163801405
save parameters to file: baselines_save_model/dstagnn/METR-LA/MNAR/dstagnn_0.50/best.params
current epoch:  59
validation batch 1 / 9, val_mae: 0.18
val mae 0.1716199086772071
current epoch:  60
validation batch 1 / 9, val_mae: 0.18
val mae 0.16790216664473215
current epoch:  61
validation batch 1 / 9, val_mae: 0.18
val mae 0.16557359281513426
best epoch:  61
best val mae:  0.16557359281513426
save parameters to file: baselines_save_model/dstagnn/METR-LA/MNAR/dstagnn_0.50/best.params
current epoch:  62
validation batch 1 / 9, val_mae: 0.18
val mae 0.1660938486456871
current epoch:  63
validation batch 1 / 9, val_mae: 0.18
val mae 0.16501223627063963
best epoch:  63
best val mae:  0.16501223627063963
save parameters to file: baselines_save_model/dstagnn/METR-LA/MNAR/dstagnn_0.50/best.params
global step: 4000, training loss: 0.03, time: 2064.44s
current epoch:  64
validation batch 1 / 9, val_mae: 0.18
val mae 0.16695868141121334
current epoch:  65
validation batch 1 / 9, val_mae: 0.18
val mae 0.16696973558929232
current epoch:  66
validation batch 1 / 9, val_mae: 0.18
val mae 0.16514447414212757
current epoch:  67
validation batch 1 / 9, val_mae: 0.17
val mae 0.16420961088604397
best epoch:  67
best val mae:  0.16420961088604397
save parameters to file: baselines_save_model/dstagnn/METR-LA/MNAR/dstagnn_0.50/best.params
current epoch:  68
validation batch 1 / 9, val_mae: 0.17
val mae 0.16271951380703184
best epoch:  68
best val mae:  0.16271951380703184
save parameters to file: baselines_save_model/dstagnn/METR-LA/MNAR/dstagnn_0.50/best.params
current epoch:  69
validation batch 1 / 9, val_mae: 0.17
val mae 0.16330226510763168
current epoch:  70
validation batch 1 / 9, val_mae: 0.17
val mae 0.1647393877307574
current epoch:  71
validation batch 1 / 9, val_mae: 0.17
val mae 0.1638547885749075
current epoch:  72
validation batch 1 / 9, val_mae: 0.17
val mae 0.16399594810273913
current epoch:  73
validation batch 1 / 9, val_mae: 0.18
val mae 0.16597145547469458
current epoch:  74
validation batch 1 / 9, val_mae: 0.17
val mae 0.1623248996006118
best epoch:  74
best val mae:  0.1623248996006118
save parameters to file: baselines_save_model/dstagnn/METR-LA/MNAR/dstagnn_0.50/best.params
current epoch:  75
validation batch 1 / 9, val_mae: 0.17
val mae 0.16339018195867538
current epoch:  76
validation batch 1 / 9, val_mae: 0.17
val mae 0.16210562901364434
best epoch:  76
best val mae:  0.16210562901364434
save parameters to file: baselines_save_model/dstagnn/METR-LA/MNAR/dstagnn_0.50/best.params
current epoch:  77
validation batch 1 / 9, val_mae: 0.17
val mae 0.16355977786911857
current epoch:  78
validation batch 1 / 9, val_mae: 0.17
val mae 0.1615914213988516
best epoch:  78
best val mae:  0.1615914213988516
save parameters to file: baselines_save_model/dstagnn/METR-LA/MNAR/dstagnn_0.50/best.params
current epoch:  79
validation batch 1 / 9, val_mae: 0.18
val mae 0.1646483052108023
global step: 5000, training loss: 0.03, time: 2576.70s
current epoch:  80
validation batch 1 / 9, val_mae: 0.17
val mae 0.16032985928985807
best epoch:  80
best val mae:  0.16032985928985807
save parameters to file: baselines_save_model/dstagnn/METR-LA/MNAR/dstagnn_0.50/best.params
current epoch:  81
validation batch 1 / 9, val_mae: 0.17
val mae 0.16067764080233043
current epoch:  82
validation batch 1 / 9, val_mae: 0.17
val mae 0.1626602303650644
current epoch:  83
validation batch 1 / 9, val_mae: 0.17
val mae 0.16133307168881098
current epoch:  84
validation batch 1 / 9, val_mae: 0.17
val mae 0.16407433814472622
current epoch:  85
validation batch 1 / 9, val_mae: 0.17
val mae 0.16128337797191408
current epoch:  86
validation batch 1 / 9, val_mae: 0.18
val mae 0.16876123348871866
current epoch:  87
validation batch 1 / 9, val_mae: 0.17
val mae 0.1643765096863111
current epoch:  88
validation batch 1 / 9, val_mae: 0.17
val mae 0.16184797055191463
current epoch:  89
validation batch 1 / 9, val_mae: 0.17
val mae 0.1618079501721594
best epoch: 80
load weight from: baselines_save_model/dstagnn/METR-LA/MNAR/dstagnn_0.50/best.params
predicting data set batch 1 / 18
input: (571, 207, 1, 12)
prediction: (571, 207, 12)
Test MAE: 3.408, Test RMSE: 6.730 Test MAPE: 7.671
Spend Time: 2920.244073867798
