Read configuration file: baselines/dstagnn_modules/configurations/PEMS-BAY.conf
CUDA: cuda:1
folder_dir: dstagnn_0.50
params_path: baselines_save_model/dstagnn/PEMS-BAY/MAR/dstagnn_0.50
delete the old one and create params directory baselines_save_model/dstagnn/PEMS-BAY/MAR/dstagnn_0.50
current epoch:  0
validation batch 1 / 14, val_mae: 0.90
val mae 1.0598088119711195
best epoch:  0
best val mae:  1.0598088119711195
save parameters to file: baselines_save_model/dstagnn/PEMS-BAY/MAR/dstagnn_0.50/best.params
current epoch:  1
validation batch 1 / 14, val_mae: 0.15
val mae 0.1909709115113531
best epoch:  1
best val mae:  0.1909709115113531
save parameters to file: baselines_save_model/dstagnn/PEMS-BAY/MAR/dstagnn_0.50/best.params
current epoch:  2
validation batch 1 / 14, val_mae: 0.16
val mae 0.19653787570340292
current epoch:  3
validation batch 1 / 14, val_mae: 0.13
val mae 0.16306126809545926
best epoch:  3
best val mae:  0.16306126809545926
save parameters to file: baselines_save_model/dstagnn/PEMS-BAY/MAR/dstagnn_0.50/best.params
current epoch:  4
validation batch 1 / 14, val_mae: 0.12
val mae 0.15167464369109698
best epoch:  4
best val mae:  0.15167464369109698
save parameters to file: baselines_save_model/dstagnn/PEMS-BAY/MAR/dstagnn_0.50/best.params
current epoch:  5
validation batch 1 / 14, val_mae: 0.11
val mae 0.14318408976708139
best epoch:  5
best val mae:  0.14318408976708139
save parameters to file: baselines_save_model/dstagnn/PEMS-BAY/MAR/dstagnn_0.50/best.params
current epoch:  6
validation batch 1 / 14, val_mae: 0.10
val mae 0.13598493593079702
best epoch:  6
best val mae:  0.13598493593079702
save parameters to file: baselines_save_model/dstagnn/PEMS-BAY/MAR/dstagnn_0.50/best.params
current epoch:  7
validation batch 1 / 14, val_mae: 0.13
val mae 0.15590996188776834
current epoch:  8
validation batch 1 / 14, val_mae: 0.10
val mae 0.12913172638842038
best epoch:  8
best val mae:  0.12913172638842038
save parameters to file: baselines_save_model/dstagnn/PEMS-BAY/MAR/dstagnn_0.50/best.params
current epoch:  9
validation batch 1 / 14, val_mae: 0.15
val mae 0.17536215697016036
current epoch:  10
validation batch 1 / 14, val_mae: 0.12
val mae 0.14403512169207847
global step: 1000, training loss: 0.01, time: 396.08s
current epoch:  11
validation batch 1 / 14, val_mae: 0.10
val mae 0.12755166898880685
best epoch:  11
best val mae:  0.12755166898880685
save parameters to file: baselines_save_model/dstagnn/PEMS-BAY/MAR/dstagnn_0.50/best.params
current epoch:  12
validation batch 1 / 14, val_mae: 0.11
val mae 0.1345617829688958
current epoch:  13
validation batch 1 / 14, val_mae: 0.10
val mae 0.12524824908801488
best epoch:  13
best val mae:  0.12524824908801488
save parameters to file: baselines_save_model/dstagnn/PEMS-BAY/MAR/dstagnn_0.50/best.params
current epoch:  14
validation batch 1 / 14, val_mae: 0.10
val mae 0.12531694610204017
current epoch:  15
validation batch 1 / 14, val_mae: 0.11
val mae 0.12786350292818888
current epoch:  16
validation batch 1 / 14, val_mae: 0.13
val mae 0.14755466261080333
current epoch:  17
validation batch 1 / 14, val_mae: 0.09
val mae 0.11455324505056654
best epoch:  17
best val mae:  0.11455324505056654
save parameters to file: baselines_save_model/dstagnn/PEMS-BAY/MAR/dstagnn_0.50/best.params
current epoch:  18
validation batch 1 / 14, val_mae: 0.11
val mae 0.12850650453141757
current epoch:  19
validation batch 1 / 14, val_mae: 0.09
val mae 0.11199683163847242
best epoch:  19
best val mae:  0.11199683163847242
save parameters to file: baselines_save_model/dstagnn/PEMS-BAY/MAR/dstagnn_0.50/best.params
current epoch:  20
validation batch 1 / 14, val_mae: 0.09
val mae 0.11667752425585474
current epoch:  21
validation batch 1 / 14, val_mae: 0.10
val mae 0.12040229780333382
global step: 2000, training loss: 0.01, time: 789.22s
current epoch:  22
validation batch 1 / 14, val_mae: 0.10
val mae 0.11548952332564763
current epoch:  23
validation batch 1 / 14, val_mae: 0.09
val mae 0.11231021636298724
current epoch:  24
validation batch 1 / 14, val_mae: 0.09
val mae 0.11268072947859764
current epoch:  25
validation batch 1 / 14, val_mae: 0.09
val mae 0.11095556670001575
best epoch:  25
best val mae:  0.11095556670001575
save parameters to file: baselines_save_model/dstagnn/PEMS-BAY/MAR/dstagnn_0.50/best.params
current epoch:  26
validation batch 1 / 14, val_mae: 0.09
val mae 0.11190409160086087
current epoch:  27
validation batch 1 / 14, val_mae: 0.10
val mae 0.11632295804364341
current epoch:  28
validation batch 1 / 14, val_mae: 0.10
val mae 0.11866653604166848
current epoch:  29
validation batch 1 / 14, val_mae: 0.10
val mae 0.12115780530231339
current epoch:  30
validation batch 1 / 14, val_mae: 0.09
val mae 0.11097569976534162
current epoch:  31
validation batch 1 / 14, val_mae: 0.09
val mae 0.10631340848548072
best epoch:  31
best val mae:  0.10631340848548072
save parameters to file: baselines_save_model/dstagnn/PEMS-BAY/MAR/dstagnn_0.50/best.params
global step: 3000, training loss: 0.01, time: 1179.23s
current epoch:  32
validation batch 1 / 14, val_mae: 0.09
val mae 0.10555091021316391
best epoch:  32
best val mae:  0.10555091021316391
save parameters to file: baselines_save_model/dstagnn/PEMS-BAY/MAR/dstagnn_0.50/best.params
current epoch:  33
validation batch 1 / 14, val_mae: 0.09
val mae 0.10618331389767784
current epoch:  34
validation batch 1 / 14, val_mae: 0.09
val mae 0.1086580657533237
current epoch:  35
validation batch 1 / 14, val_mae: 0.09
val mae 0.1066006129341466
current epoch:  36
validation batch 1 / 14, val_mae: 0.10
val mae 0.12140862484063421
current epoch:  37
validation batch 1 / 14, val_mae: 0.09
val mae 0.1051837791289602
best epoch:  37
best val mae:  0.1051837791289602
save parameters to file: baselines_save_model/dstagnn/PEMS-BAY/MAR/dstagnn_0.50/best.params
current epoch:  38
validation batch 1 / 14, val_mae: 0.09
val mae 0.10743705928325653
current epoch:  39
validation batch 1 / 14, val_mae: 0.09
val mae 0.10735397945557322
current epoch:  40
validation batch 1 / 14, val_mae: 0.09
val mae 0.10565512733800071
current epoch:  41
validation batch 1 / 14, val_mae: 0.09
val mae 0.1104658671787807
current epoch:  42
validation batch 1 / 14, val_mae: 0.09
val mae 0.10426228972417968
best epoch:  42
best val mae:  0.10426228972417968
save parameters to file: baselines_save_model/dstagnn/PEMS-BAY/MAR/dstagnn_0.50/best.params
global step: 4000, training loss: 0.01, time: 1572.51s
current epoch:  43
validation batch 1 / 14, val_mae: 0.08
val mae 0.10259687208703586
best epoch:  43
best val mae:  0.10259687208703586
save parameters to file: baselines_save_model/dstagnn/PEMS-BAY/MAR/dstagnn_0.50/best.params
current epoch:  44
validation batch 1 / 14, val_mae: 0.09
val mae 0.10643903911113739
current epoch:  45
validation batch 1 / 14, val_mae: 0.09
val mae 0.1067018381186894
current epoch:  46
validation batch 1 / 14, val_mae: 0.09
val mae 0.10408433952501842
current epoch:  47
validation batch 1 / 14, val_mae: 0.08
val mae 0.10199880387101855
best epoch:  47
best val mae:  0.10199880387101855
save parameters to file: baselines_save_model/dstagnn/PEMS-BAY/MAR/dstagnn_0.50/best.params
current epoch:  48
validation batch 1 / 14, val_mae: 0.09
val mae 0.10831842518278531
current epoch:  49
validation batch 1 / 14, val_mae: 0.08
val mae 0.10491224538002696
current epoch:  50
validation batch 1 / 14, val_mae: 0.08
val mae 0.10273658164909907
current epoch:  51
validation batch 1 / 14, val_mae: 0.08
val mae 0.1034578952406134
current epoch:  52
validation batch 1 / 14, val_mae: 0.08
val mae 0.1000583219741072
best epoch:  52
best val mae:  0.1000583219741072
save parameters to file: baselines_save_model/dstagnn/PEMS-BAY/MAR/dstagnn_0.50/best.params
global step: 5000, training loss: 0.01, time: 1961.74s
current epoch:  53
validation batch 1 / 14, val_mae: 0.09
val mae 0.10695265446390424
current epoch:  54
validation batch 1 / 14, val_mae: 0.09
val mae 0.10340263481651034
current epoch:  55
validation batch 1 / 14, val_mae: 0.08
val mae 0.10241466441324779
current epoch:  56
validation batch 1 / 14, val_mae: 0.09
val mae 0.10385639167257718
current epoch:  57
validation batch 1 / 14, val_mae: 0.08
val mae 0.10179371918950762
current epoch:  58
validation batch 1 / 14, val_mae: 0.08
val mae 0.10040844604372978
current epoch:  59
validation batch 1 / 14, val_mae: 0.08
val mae 0.10199602533664022
current epoch:  60
validation batch 1 / 14, val_mae: 0.08
val mae 0.10301791184714862
current epoch:  61
validation batch 1 / 14, val_mae: 0.08
val mae 0.09933563534702573
best epoch:  61
best val mae:  0.09933563534702573
save parameters to file: baselines_save_model/dstagnn/PEMS-BAY/MAR/dstagnn_0.50/best.params
current epoch:  62
validation batch 1 / 14, val_mae: 0.08
val mae 0.10379353697810854
current epoch:  63
validation batch 1 / 14, val_mae: 0.08
val mae 0.09987228257315499
global step: 6000, training loss: 0.00, time: 2357.96s
current epoch:  64
validation batch 1 / 14, val_mae: 0.08
val mae 0.10111839377454349
current epoch:  65
validation batch 1 / 14, val_mae: 0.09
val mae 0.10378393051879746
current epoch:  66
validation batch 1 / 14, val_mae: 0.08
val mae 0.10096911660262517
current epoch:  67
validation batch 1 / 14, val_mae: 0.08
val mae 0.09906383124845368
best epoch:  67
best val mae:  0.09906383124845368
save parameters to file: baselines_save_model/dstagnn/PEMS-BAY/MAR/dstagnn_0.50/best.params
current epoch:  68
validation batch 1 / 14, val_mae: 0.09
val mae 0.10871518616165433
current epoch:  69
validation batch 1 / 14, val_mae: 0.08
val mae 0.09987215431673187
current epoch:  70
validation batch 1 / 14, val_mae: 0.08
val mae 0.097977450383561
best epoch:  70
best val mae:  0.097977450383561
save parameters to file: baselines_save_model/dstagnn/PEMS-BAY/MAR/dstagnn_0.50/best.params
current epoch:  71
validation batch 1 / 14, val_mae: 0.08
val mae 0.10178049760205406
current epoch:  72
validation batch 1 / 14, val_mae: 0.08
val mae 0.09935875928827695
current epoch:  73
validation batch 1 / 14, val_mae: 0.08
val mae 0.09925406000443868
global step: 7000, training loss: 0.00, time: 2750.94s
current epoch:  74
validation batch 1 / 14, val_mae: 0.08
val mae 0.10028742785964694
current epoch:  75
validation batch 1 / 14, val_mae: 0.08
val mae 0.10129422641226224
current epoch:  76
validation batch 1 / 14, val_mae: 0.08
val mae 0.09849765471049718
current epoch:  77
validation batch 1 / 14, val_mae: 0.08
val mae 0.09935237946254867
current epoch:  78
validation batch 1 / 14, val_mae: 0.08
val mae 0.0996788889169693
current epoch:  79
validation batch 1 / 14, val_mae: 0.08
val mae 0.09829161103282656
current epoch:  80
validation batch 1 / 14, val_mae: 0.09
val mae 0.10323779870356832
current epoch:  81
validation batch 1 / 14, val_mae: 0.08
val mae 0.09940667131117412
current epoch:  82
validation batch 1 / 14, val_mae: 0.08
val mae 0.10176720576626914
current epoch:  83
validation batch 1 / 14, val_mae: 0.08
val mae 0.09891844860145024
current epoch:  84
validation batch 1 / 14, val_mae: 0.09
val mae 0.1072677778346198
global step: 8000, training loss: 0.00, time: 3144.04s
current epoch:  85
validation batch 1 / 14, val_mae: 0.08
val mae 0.10098738915153913
current epoch:  86
validation batch 1 / 14, val_mae: 0.08
val mae 0.10164620354771614
current epoch:  87
validation batch 1 / 14, val_mae: 0.08
val mae 0.09891614371112414
current epoch:  88
validation batch 1 / 14, val_mae: 0.08
val mae 0.09744106499212128
best epoch:  88
best val mae:  0.09744106499212128
save parameters to file: baselines_save_model/dstagnn/PEMS-BAY/MAR/dstagnn_0.50/best.params
current epoch:  89
validation batch 1 / 14, val_mae: 0.08
val mae 0.09915421370949064
best epoch: 88
load weight from: baselines_save_model/dstagnn/PEMS-BAY/MAR/dstagnn_0.50/best.params
predicting data set batch 1 / 27
input: (864, 325, 1, 12)
prediction: (864, 325, 12)
Test MAE: 0.905, Test RMSE: 1.605 Test MAPE: 1.816
Spend Time: 3361.8046000003815
