Read configuration file: baselines/dstagnn_modules/configurations/PEMS-BAY.conf
CUDA: cuda:1
folder_dir: dstagnn_0.50
params_path: baselines_save_model/dstagnn/PEMS-BAY/MNAR/dstagnn_0.50
delete the old one and create params directory baselines_save_model/dstagnn/PEMS-BAY/MNAR/dstagnn_0.50
current epoch:  0
validation batch 1 / 14, val_mae: 0.88
val mae 1.0683644201074327
best epoch:  0
best val mae:  1.0683644201074327
save parameters to file: baselines_save_model/dstagnn/PEMS-BAY/MNAR/dstagnn_0.50/best.params
current epoch:  1
validation batch 1 / 14, val_mae: 0.17
val mae 0.21891660349709646
best epoch:  1
best val mae:  0.21891660349709646
save parameters to file: baselines_save_model/dstagnn/PEMS-BAY/MNAR/dstagnn_0.50/best.params
current epoch:  2
validation batch 1 / 14, val_mae: 0.14
val mae 0.19018976816109248
best epoch:  2
best val mae:  0.19018976816109248
save parameters to file: baselines_save_model/dstagnn/PEMS-BAY/MNAR/dstagnn_0.50/best.params
current epoch:  3
validation batch 1 / 14, val_mae: 0.13
val mae 0.17695229766624315
best epoch:  3
best val mae:  0.17695229766624315
save parameters to file: baselines_save_model/dstagnn/PEMS-BAY/MNAR/dstagnn_0.50/best.params
current epoch:  4
validation batch 1 / 14, val_mae: 0.15
val mae 0.17861937199320113
current epoch:  5
validation batch 1 / 14, val_mae: 0.18
val mae 0.209943916116442
current epoch:  6
validation batch 1 / 14, val_mae: 0.16
val mae 0.1880971555198942
current epoch:  7
validation batch 1 / 14, val_mae: 0.16
val mae 0.1843472272157669
current epoch:  8
validation batch 1 / 14, val_mae: 0.14
val mae 0.16451748779841832
best epoch:  8
best val mae:  0.16451748779841832
save parameters to file: baselines_save_model/dstagnn/PEMS-BAY/MNAR/dstagnn_0.50/best.params
current epoch:  9
validation batch 1 / 14, val_mae: 0.12
val mae 0.1520216656582696
best epoch:  9
best val mae:  0.1520216656582696
save parameters to file: baselines_save_model/dstagnn/PEMS-BAY/MNAR/dstagnn_0.50/best.params
current epoch:  10
validation batch 1 / 14, val_mae: 0.12
val mae 0.15068678930401802
best epoch:  10
best val mae:  0.15068678930401802
save parameters to file: baselines_save_model/dstagnn/PEMS-BAY/MNAR/dstagnn_0.50/best.params
global step: 1000, training loss: 0.02, time: 440.18s
current epoch:  11
validation batch 1 / 14, val_mae: 0.12
val mae 0.14561625995806285
best epoch:  11
best val mae:  0.14561625995806285
save parameters to file: baselines_save_model/dstagnn/PEMS-BAY/MNAR/dstagnn_0.50/best.params
current epoch:  12
validation batch 1 / 14, val_mae: 0.13
val mae 0.15513035601803235
current epoch:  13
validation batch 1 / 14, val_mae: 0.13
val mae 0.1508915913956506
current epoch:  14
validation batch 1 / 14, val_mae: 0.12
val mae 0.1436395315187318
best epoch:  14
best val mae:  0.1436395315187318
save parameters to file: baselines_save_model/dstagnn/PEMS-BAY/MNAR/dstagnn_0.50/best.params
current epoch:  15
validation batch 1 / 14, val_mae: 0.10
val mae 0.12603321884359633
best epoch:  15
best val mae:  0.12603321884359633
save parameters to file: baselines_save_model/dstagnn/PEMS-BAY/MNAR/dstagnn_0.50/best.params
current epoch:  16
validation batch 1 / 14, val_mae: 0.11
val mae 0.13592832748379027
current epoch:  17
validation batch 1 / 14, val_mae: 0.11
val mae 0.13332882257444517
current epoch:  18
validation batch 1 / 14, val_mae: 0.11
val mae 0.13613588309713773
current epoch:  19
validation batch 1 / 14, val_mae: 0.10
val mae 0.1269764080643654
current epoch:  20
validation batch 1 / 14, val_mae: 0.11
val mae 0.13101108318993024
current epoch:  21
validation batch 1 / 14, val_mae: 0.11
val mae 0.1355907203895705
global step: 2000, training loss: 0.01, time: 880.58s
current epoch:  22
validation batch 1 / 14, val_mae: 0.11
val mae 0.13085358323795454
current epoch:  23
validation batch 1 / 14, val_mae: 0.10
val mae 0.12443031104547637
best epoch:  23
best val mae:  0.12443031104547637
save parameters to file: baselines_save_model/dstagnn/PEMS-BAY/MNAR/dstagnn_0.50/best.params
current epoch:  24
validation batch 1 / 14, val_mae: 0.10
val mae 0.12242228112050466
best epoch:  24
best val mae:  0.12242228112050466
save parameters to file: baselines_save_model/dstagnn/PEMS-BAY/MNAR/dstagnn_0.50/best.params
current epoch:  25
validation batch 1 / 14, val_mae: 0.10
val mae 0.12314525193401746
current epoch:  26
validation batch 1 / 14, val_mae: 0.10
val mae 0.12135161991630282
best epoch:  26
best val mae:  0.12135161991630282
save parameters to file: baselines_save_model/dstagnn/PEMS-BAY/MNAR/dstagnn_0.50/best.params
current epoch:  27
validation batch 1 / 14, val_mae: 0.10
val mae 0.12198588677815028
current epoch:  28
validation batch 1 / 14, val_mae: 0.10
val mae 0.1212211549282074
best epoch:  28
best val mae:  0.1212211549282074
save parameters to file: baselines_save_model/dstagnn/PEMS-BAY/MNAR/dstagnn_0.50/best.params
current epoch:  29
validation batch 1 / 14, val_mae: 0.12
val mae 0.13822686512555396
current epoch:  30
validation batch 1 / 14, val_mae: 0.09
val mae 0.11860432635460581
best epoch:  30
best val mae:  0.11860432635460581
save parameters to file: baselines_save_model/dstagnn/PEMS-BAY/MNAR/dstagnn_0.50/best.params
current epoch:  31
validation batch 1 / 14, val_mae: 0.10
val mae 0.12322924765092987
global step: 3000, training loss: 0.01, time: 1319.82s
current epoch:  32
validation batch 1 / 14, val_mae: 0.11
val mae 0.13366809753435
current epoch:  33
validation batch 1 / 14, val_mae: 0.10
val mae 0.12760769203305244
current epoch:  34
validation batch 1 / 14, val_mae: 0.10
val mae 0.1257041251020772
current epoch:  35
validation batch 1 / 14, val_mae: 0.10
val mae 0.12043063821537155
current epoch:  36
validation batch 1 / 14, val_mae: 0.10
val mae 0.12171766268355506
current epoch:  37
validation batch 1 / 14, val_mae: 0.09
val mae 0.11655958582248006
best epoch:  37
best val mae:  0.11655958582248006
save parameters to file: baselines_save_model/dstagnn/PEMS-BAY/MNAR/dstagnn_0.50/best.params
current epoch:  38
validation batch 1 / 14, val_mae: 0.10
val mae 0.12326606948460851
current epoch:  39
validation batch 1 / 14, val_mae: 0.09
val mae 0.11446956066148621
best epoch:  39
best val mae:  0.11446956066148621
save parameters to file: baselines_save_model/dstagnn/PEMS-BAY/MNAR/dstagnn_0.50/best.params
current epoch:  40
validation batch 1 / 14, val_mae: 0.10
val mae 0.12224785664251872
current epoch:  41
validation batch 1 / 14, val_mae: 0.10
val mae 0.11931121775082179
current epoch:  42
validation batch 1 / 14, val_mae: 0.10
val mae 0.12349800446203776
global step: 4000, training loss: 0.01, time: 1760.11s
current epoch:  43
validation batch 1 / 14, val_mae: 0.10
val mae 0.11981427775962013
current epoch:  44
validation batch 1 / 14, val_mae: 0.10
val mae 0.11871650176388877
current epoch:  45
validation batch 1 / 14, val_mae: 0.09
val mae 0.1172818083848272
current epoch:  46
validation batch 1 / 14, val_mae: 0.09
val mae 0.11672493389674596
current epoch:  47
validation batch 1 / 14, val_mae: 0.10
val mae 0.11897515133023262
current epoch:  48
validation batch 1 / 14, val_mae: 0.09
val mae 0.11797666549682617
current epoch:  49
validation batch 1 / 14, val_mae: 0.09
val mae 0.11701348530394691
current epoch:  50
validation batch 1 / 14, val_mae: 0.09
val mae 0.11344758474401065
best epoch:  50
best val mae:  0.11344758474401065
save parameters to file: baselines_save_model/dstagnn/PEMS-BAY/MNAR/dstagnn_0.50/best.params
current epoch:  51
validation batch 1 / 14, val_mae: 0.09
val mae 0.11672726858939443
current epoch:  52
validation batch 1 / 14, val_mae: 0.10
val mae 0.11860678344964981
global step: 5000, training loss: 0.01, time: 2198.40s
current epoch:  53
validation batch 1 / 14, val_mae: 0.09
val mae 0.11314733060342926
best epoch:  53
best val mae:  0.11314733060342926
save parameters to file: baselines_save_model/dstagnn/PEMS-BAY/MNAR/dstagnn_0.50/best.params
current epoch:  54
validation batch 1 / 14, val_mae: 0.09
val mae 0.11527234209435326
current epoch:  55
validation batch 1 / 14, val_mae: 0.09
val mae 0.11712924550686564
current epoch:  56
validation batch 1 / 14, val_mae: 0.09
val mae 0.11620066740683146
current epoch:  57
validation batch 1 / 14, val_mae: 0.09
val mae 0.11403778142162732
current epoch:  58
validation batch 1 / 14, val_mae: 0.09
val mae 0.11477922914283616
current epoch:  59
validation batch 1 / 14, val_mae: 0.09
val mae 0.11493018642067909
current epoch:  60
validation batch 1 / 14, val_mae: 0.09
val mae 0.11527887359261513
current epoch:  61
validation batch 1 / 14, val_mae: 0.09
val mae 0.11635686829686165
current epoch:  62
validation batch 1 / 14, val_mae: 0.09
val mae 0.11405221319624356
current epoch:  63
validation batch 1 / 14, val_mae: 0.09
val mae 0.11268751003912517
best epoch:  63
best val mae:  0.11268751003912517
save parameters to file: baselines_save_model/dstagnn/PEMS-BAY/MNAR/dstagnn_0.50/best.params
global step: 6000, training loss: 0.01, time: 2637.52s
current epoch:  64
validation batch 1 / 14, val_mae: 0.09
val mae 0.11309964582324028
current epoch:  65
validation batch 1 / 14, val_mae: 0.09
val mae 0.11157274299434253
best epoch:  65
best val mae:  0.11157274299434253
save parameters to file: baselines_save_model/dstagnn/PEMS-BAY/MNAR/dstagnn_0.50/best.params
current epoch:  66
validation batch 1 / 14, val_mae: 0.09
val mae 0.11434277306709971
current epoch:  67
validation batch 1 / 14, val_mae: 0.09
val mae 0.11115181499293872
best epoch:  67
best val mae:  0.11115181499293872
save parameters to file: baselines_save_model/dstagnn/PEMS-BAY/MNAR/dstagnn_0.50/best.params
current epoch:  68
validation batch 1 / 14, val_mae: 0.09
val mae 0.1186050581080573
current epoch:  69
validation batch 1 / 14, val_mae: 0.09
val mae 0.11142689787915774
current epoch:  70
validation batch 1 / 14, val_mae: 0.09
val mae 0.11562221071549825
current epoch:  71
validation batch 1 / 14, val_mae: 0.09
val mae 0.11268528125115804
current epoch:  72
validation batch 1 / 14, val_mae: 0.09
val mae 0.11211136728525162
current epoch:  73
validation batch 1 / 14, val_mae: 0.09
val mae 0.11214580706187657
global step: 7000, training loss: 0.01, time: 3079.14s
current epoch:  74
validation batch 1 / 14, val_mae: 0.09
val mae 0.11121360212564468
current epoch:  75
validation batch 1 / 14, val_mae: 0.09
val mae 0.11331740394234657
current epoch:  76
validation batch 1 / 14, val_mae: 0.09
val mae 0.11655847249286515
current epoch:  77
validation batch 1 / 14, val_mae: 0.09
val mae 0.11391517998916763
current epoch:  78
validation batch 1 / 14, val_mae: 0.09
val mae 0.11252223859940257
current epoch:  79
validation batch 1 / 14, val_mae: 0.09
val mae 0.112740444285529
current epoch:  80
validation batch 1 / 14, val_mae: 0.09
val mae 0.11185961535998754
current epoch:  81
validation batch 1 / 14, val_mae: 0.09
val mae 0.11109426936932973
best epoch:  81
best val mae:  0.11109426936932973
save parameters to file: baselines_save_model/dstagnn/PEMS-BAY/MNAR/dstagnn_0.50/best.params
current epoch:  82
validation batch 1 / 14, val_mae: 0.10
val mae 0.12023126121078219
current epoch:  83
validation batch 1 / 14, val_mae: 0.09
val mae 0.11054594655122076
best epoch:  83
best val mae:  0.11054594655122076
save parameters to file: baselines_save_model/dstagnn/PEMS-BAY/MNAR/dstagnn_0.50/best.params
current epoch:  84
validation batch 1 / 14, val_mae: 0.09
val mae 0.11433183721133641
global step: 8000, training loss: 0.01, time: 3521.89s
current epoch:  85
validation batch 1 / 14, val_mae: 0.09
val mae 0.11453032174280711
current epoch:  86
validation batch 1 / 14, val_mae: 0.09
val mae 0.11154324721012797
current epoch:  87
validation batch 1 / 14, val_mae: 0.09
val mae 0.11171540511505944
current epoch:  88
validation batch 1 / 14, val_mae: 0.09
val mae 0.1116520884845938
current epoch:  89
validation batch 1 / 14, val_mae: 0.09
val mae 0.11220359057188034
best epoch: 83
load weight from: baselines_save_model/dstagnn/PEMS-BAY/MNAR/dstagnn_0.50/best.params
predicting data set batch 1 / 27
input: (864, 325, 1, 12)
prediction: (864, 325, 12)
Test MAE: 1.027, Test RMSE: 1.967 Test MAPE: 2.045
Spend Time: 3766.1606953144073
