Read configuration file: baselines/dstagnn_modules/configurations/PEMS-BAY.conf
CUDA: cuda:1
folder_dir: dstagnn_0.50
params_path: baselines_save_model/dstagnn/PEMS-BAY/MNAR/dstagnn_0.50
delete the old one and create params directory baselines_save_model/dstagnn/PEMS-BAY/MNAR/dstagnn_0.50
current epoch:  0
validation batch 1 / 14, val_mae: 1.85
val mae 2.0309520959854126
best epoch:  0
best val mae:  2.0309520959854126
save parameters to file: baselines_save_model/dstagnn/PEMS-BAY/MNAR/dstagnn_0.50/best.params
current epoch:  1
validation batch 1 / 14, val_mae: 0.15
val mae 0.20192788328443254
best epoch:  1
best val mae:  0.20192788328443254
save parameters to file: baselines_save_model/dstagnn/PEMS-BAY/MNAR/dstagnn_0.50/best.params
current epoch:  2
validation batch 1 / 14, val_mae: 0.15
val mae 0.1942754206912858
best epoch:  2
best val mae:  0.1942754206912858
save parameters to file: baselines_save_model/dstagnn/PEMS-BAY/MNAR/dstagnn_0.50/best.params
current epoch:  3
validation batch 1 / 14, val_mae: 0.15
val mae 0.18600254825183324
best epoch:  3
best val mae:  0.18600254825183324
save parameters to file: baselines_save_model/dstagnn/PEMS-BAY/MNAR/dstagnn_0.50/best.params
current epoch:  4
validation batch 1 / 14, val_mae: 0.19
val mae 0.2196549688066755
current epoch:  5
validation batch 1 / 14, val_mae: 0.15
val mae 0.1763895313654627
best epoch:  5
best val mae:  0.1763895313654627
save parameters to file: baselines_save_model/dstagnn/PEMS-BAY/MNAR/dstagnn_0.50/best.params
current epoch:  6
validation batch 1 / 14, val_mae: 0.13
val mae 0.16458679416349956
best epoch:  6
best val mae:  0.16458679416349956
save parameters to file: baselines_save_model/dstagnn/PEMS-BAY/MNAR/dstagnn_0.50/best.params
current epoch:  7
validation batch 1 / 14, val_mae: 0.12
val mae 0.152799554169178
best epoch:  7
best val mae:  0.152799554169178
save parameters to file: baselines_save_model/dstagnn/PEMS-BAY/MNAR/dstagnn_0.50/best.params
current epoch:  8
validation batch 1 / 14, val_mae: 0.13
val mae 0.15924162630523955
current epoch:  9
validation batch 1 / 14, val_mae: 0.11
val mae 0.14159095979162625
best epoch:  9
best val mae:  0.14159095979162625
save parameters to file: baselines_save_model/dstagnn/PEMS-BAY/MNAR/dstagnn_0.50/best.params
current epoch:  10
validation batch 1 / 14, val_mae: 0.12
val mae 0.1492830706494195
global step: 1000, training loss: 0.02, time: 465.80s
current epoch:  11
validation batch 1 / 14, val_mae: 0.13
val mae 0.15492628514766693
current epoch:  12
validation batch 1 / 14, val_mae: 0.12
val mae 0.14699968110237802
current epoch:  13
validation batch 1 / 14, val_mae: 0.10
val mae 0.1296632992369788
best epoch:  13
best val mae:  0.1296632992369788
save parameters to file: baselines_save_model/dstagnn/PEMS-BAY/MNAR/dstagnn_0.50/best.params
current epoch:  14
validation batch 1 / 14, val_mae: 0.15
val mae 0.17036198931080954
current epoch:  15
validation batch 1 / 14, val_mae: 0.11
val mae 0.13495025411248207
current epoch:  16
validation batch 1 / 14, val_mae: 0.10
val mae 0.12841709330677986
best epoch:  16
best val mae:  0.12841709330677986
save parameters to file: baselines_save_model/dstagnn/PEMS-BAY/MNAR/dstagnn_0.50/best.params
current epoch:  17
validation batch 1 / 14, val_mae: 0.09
val mae 0.12267379888466426
best epoch:  17
best val mae:  0.12267379888466426
save parameters to file: baselines_save_model/dstagnn/PEMS-BAY/MNAR/dstagnn_0.50/best.params
current epoch:  18
validation batch 1 / 14, val_mae: 0.10
val mae 0.1268418819776603
current epoch:  19
validation batch 1 / 14, val_mae: 0.11
val mae 0.13449197901146753
current epoch:  20
validation batch 1 / 14, val_mae: 0.11
val mae 0.1391188262828759
current epoch:  21
validation batch 1 / 14, val_mae: 0.10
val mae 0.1253970361181668
global step: 2000, training loss: 0.01, time: 930.04s
current epoch:  22
validation batch 1 / 14, val_mae: 0.10
val mae 0.12634111727987016
current epoch:  23
validation batch 1 / 14, val_mae: 0.10
val mae 0.12842270306178502
current epoch:  24
validation batch 1 / 14, val_mae: 0.11
val mae 0.13063242552535875
current epoch:  25
validation batch 1 / 14, val_mae: 0.10
val mae 0.12549510225653648
current epoch:  26
validation batch 1 / 14, val_mae: 0.10
val mae 0.12138284689613751
best epoch:  26
best val mae:  0.12138284689613751
save parameters to file: baselines_save_model/dstagnn/PEMS-BAY/MNAR/dstagnn_0.50/best.params
current epoch:  27
validation batch 1 / 14, val_mae: 0.10
val mae 0.12104456339563642
best epoch:  27
best val mae:  0.12104456339563642
save parameters to file: baselines_save_model/dstagnn/PEMS-BAY/MNAR/dstagnn_0.50/best.params
current epoch:  28
validation batch 1 / 14, val_mae: 0.10
val mae 0.12929395639470645
current epoch:  29
validation batch 1 / 14, val_mae: 0.10
val mae 0.1258117130824498
current epoch:  30
validation batch 1 / 14, val_mae: 0.09
val mae 0.11895837794457163
best epoch:  30
best val mae:  0.11895837794457163
save parameters to file: baselines_save_model/dstagnn/PEMS-BAY/MNAR/dstagnn_0.50/best.params
current epoch:  31
validation batch 1 / 14, val_mae: 0.10
val mae 0.12170278440628733
global step: 3000, training loss: 0.01, time: 1401.94s
current epoch:  32
validation batch 1 / 14, val_mae: 0.10
val mae 0.12528899045927183
current epoch:  33
validation batch 1 / 14, val_mae: 0.10
val mae 0.12261298937456948
current epoch:  34
validation batch 1 / 14, val_mae: 0.09
val mae 0.11587402916380338
best epoch:  34
best val mae:  0.11587402916380338
save parameters to file: baselines_save_model/dstagnn/PEMS-BAY/MNAR/dstagnn_0.50/best.params
current epoch:  35
validation batch 1 / 14, val_mae: 0.09
val mae 0.11493655666708946
best epoch:  35
best val mae:  0.11493655666708946
save parameters to file: baselines_save_model/dstagnn/PEMS-BAY/MNAR/dstagnn_0.50/best.params
current epoch:  36
validation batch 1 / 14, val_mae: 0.09
val mae 0.11706483044794627
current epoch:  37
validation batch 1 / 14, val_mae: 0.09
val mae 0.11788597330451012
current epoch:  38
validation batch 1 / 14, val_mae: 0.09
val mae 0.11821771466306277
current epoch:  39
validation batch 1 / 14, val_mae: 0.09
val mae 0.11431499304515975
best epoch:  39
best val mae:  0.11431499304515975
save parameters to file: baselines_save_model/dstagnn/PEMS-BAY/MNAR/dstagnn_0.50/best.params
current epoch:  40
validation batch 1 / 14, val_mae: 0.10
val mae 0.11981035768985748
current epoch:  41
validation batch 1 / 14, val_mae: 0.09
val mae 0.11676328416381564
current epoch:  42
validation batch 1 / 14, val_mae: 0.10
val mae 0.12771251584802354
global step: 4000, training loss: 0.01, time: 1865.03s
current epoch:  43
validation batch 1 / 14, val_mae: 0.10
val mae 0.12412888716374125
current epoch:  44
validation batch 1 / 14, val_mae: 0.09
val mae 0.11718075616019112
current epoch:  45
validation batch 1 / 14, val_mae: 0.09
val mae 0.11739429884723254
current epoch:  46
validation batch 1 / 14, val_mae: 0.09
val mae 0.11412008319582258
best epoch:  46
best val mae:  0.11412008319582258
save parameters to file: baselines_save_model/dstagnn/PEMS-BAY/MNAR/dstagnn_0.50/best.params
current epoch:  47
validation batch 1 / 14, val_mae: 0.09
val mae 0.11492964572140149
current epoch:  48
validation batch 1 / 14, val_mae: 0.09
val mae 0.11614874377846718
current epoch:  49
validation batch 1 / 14, val_mae: 0.10
val mae 0.1226093593452658
current epoch:  50
validation batch 1 / 14, val_mae: 0.09
val mae 0.11305372416973114
best epoch:  50
best val mae:  0.11305372416973114
save parameters to file: baselines_save_model/dstagnn/PEMS-BAY/MNAR/dstagnn_0.50/best.params
current epoch:  51
validation batch 1 / 14, val_mae: 0.09
val mae 0.11440597208482879
current epoch:  52
validation batch 1 / 14, val_mae: 0.09
val mae 0.11599252479416984
global step: 5000, training loss: 0.01, time: 2326.14s
current epoch:  53
validation batch 1 / 14, val_mae: 0.09
val mae 0.11272248891847474
best epoch:  53
best val mae:  0.11272248891847474
save parameters to file: baselines_save_model/dstagnn/PEMS-BAY/MNAR/dstagnn_0.50/best.params
current epoch:  54
validation batch 1 / 14, val_mae: 0.09
val mae 0.11414805427193642
current epoch:  55
validation batch 1 / 14, val_mae: 0.09
val mae 0.11615529496754919
current epoch:  56
validation batch 1 / 14, val_mae: 0.09
val mae 0.11572612875274249
current epoch:  57
validation batch 1 / 14, val_mae: 0.09
val mae 0.11540035371269498
current epoch:  58
validation batch 1 / 14, val_mae: 0.09
val mae 0.11443360043423516
current epoch:  59
validation batch 1 / 14, val_mae: 0.09
val mae 0.11493682701672826
current epoch:  60
validation batch 1 / 14, val_mae: 0.09
val mae 0.11392382479139737
current epoch:  61
validation batch 1 / 14, val_mae: 0.09
val mae 0.11430040214742933
current epoch:  62
validation batch 1 / 14, val_mae: 0.09
val mae 0.11288263223000936
current epoch:  63
validation batch 1 / 14, val_mae: 0.09
val mae 0.11235620028206281
best epoch:  63
best val mae:  0.11235620028206281
save parameters to file: baselines_save_model/dstagnn/PEMS-BAY/MNAR/dstagnn_0.50/best.params
global step: 6000, training loss: 0.01, time: 2770.12s
current epoch:  64
validation batch 1 / 14, val_mae: 0.09
val mae 0.1161881759762764
current epoch:  65
validation batch 1 / 14, val_mae: 0.09
val mae 0.1119203647332532
best epoch:  65
best val mae:  0.1119203647332532
save parameters to file: baselines_save_model/dstagnn/PEMS-BAY/MNAR/dstagnn_0.50/best.params
current epoch:  66
validation batch 1 / 14, val_mae: 0.09
val mae 0.11374935773866517
current epoch:  67
validation batch 1 / 14, val_mae: 0.09
val mae 0.11111350038221904
best epoch:  67
best val mae:  0.11111350038221904
save parameters to file: baselines_save_model/dstagnn/PEMS-BAY/MNAR/dstagnn_0.50/best.params
current epoch:  68
validation batch 1 / 14, val_mae: 0.09
val mae 0.11484169374619212
current epoch:  69
validation batch 1 / 14, val_mae: 0.09
val mae 0.11596298483865601
current epoch:  70
validation batch 1 / 14, val_mae: 0.09
val mae 0.11391900054046086
current epoch:  71
validation batch 1 / 14, val_mae: 0.09
val mae 0.11269715215478625
current epoch:  72
validation batch 1 / 14, val_mae: 0.09
val mae 0.11613964289426804
current epoch:  73
validation batch 1 / 14, val_mae: 0.09
val mae 0.11130328795739583
global step: 7000, training loss: 0.01, time: 3206.00s
current epoch:  74
validation batch 1 / 14, val_mae: 0.09
val mae 0.11210513274584498
current epoch:  75
validation batch 1 / 14, val_mae: 0.09
val mae 0.11023098868983132
best epoch:  75
best val mae:  0.11023098868983132
save parameters to file: baselines_save_model/dstagnn/PEMS-BAY/MNAR/dstagnn_0.50/best.params
current epoch:  76
validation batch 1 / 14, val_mae: 0.09
val mae 0.11083540320396423
current epoch:  77
validation batch 1 / 14, val_mae: 0.09
val mae 0.11718840205243655
current epoch:  78
validation batch 1 / 14, val_mae: 0.09
val mae 0.1098819449543953
best epoch:  78
best val mae:  0.1098819449543953
save parameters to file: baselines_save_model/dstagnn/PEMS-BAY/MNAR/dstagnn_0.50/best.params
current epoch:  79
validation batch 1 / 14, val_mae: 0.09
val mae 0.11197124208722796
current epoch:  80
validation batch 1 / 14, val_mae: 0.09
val mae 0.11203779014093536
current epoch:  81
validation batch 1 / 14, val_mae: 0.09
val mae 0.11014330067804881
current epoch:  82
validation batch 1 / 14, val_mae: 0.09
val mae 0.11202051277671542
current epoch:  83
validation batch 1 / 14, val_mae: 0.09
val mae 0.11776824880923543
current epoch:  84
validation batch 1 / 14, val_mae: 0.09
val mae 0.1113787309399673
global step: 8000, training loss: 0.01, time: 3645.00s
current epoch:  85
validation batch 1 / 14, val_mae: 0.09
val mae 0.10969178218926702
best epoch:  85
best val mae:  0.10969178218926702
save parameters to file: baselines_save_model/dstagnn/PEMS-BAY/MNAR/dstagnn_0.50/best.params
current epoch:  86
validation batch 1 / 14, val_mae: 0.09
val mae 0.11030966948185648
current epoch:  87
validation batch 1 / 14, val_mae: 0.09
val mae 0.10991583924208369
current epoch:  88
validation batch 1 / 14, val_mae: 0.09
val mae 0.11328409026776042
current epoch:  89
validation batch 1 / 14, val_mae: 0.09
val mae 0.11015192632164274
best epoch: 85
load weight from: baselines_save_model/dstagnn/PEMS-BAY/MNAR/dstagnn_0.50/best.params
predicting data set batch 1 / 27
input: (864, 325, 1, 12)
prediction: (864, 325, 12)
Test MAE: 1.019, Test RMSE: 1.957 Test MAPE: 2.045
Spend Time: 3887.335354089737
