Read configuration file: baselines/dstagnn_modules/configurations/Seattle.conf
CUDA: cuda:2
folder_dir: dstagnn_0.50
params_path: baselines_save_model/dstagnn/Seattle/MNAR/dstagnn_0.50
delete the old one and create params directory baselines_save_model/dstagnn/Seattle/MNAR/dstagnn_0.50
current epoch:  0
validation batch 1 / 28, val_mae: 1.97
val mae 2.031110623053142
best epoch:  0
best val mae:  2.031110623053142
save parameters to file: baselines_save_model/dstagnn/Seattle/MNAR/dstagnn_0.50/best.params
current epoch:  1
validation batch 1 / 28, val_mae: 0.27
val mae 0.2802762873470783
best epoch:  1
best val mae:  0.2802762873470783
save parameters to file: baselines_save_model/dstagnn/Seattle/MNAR/dstagnn_0.50/best.params
current epoch:  2
validation batch 1 / 28, val_mae: 0.25
val mae 0.26444477108972414
best epoch:  2
best val mae:  0.26444477108972414
save parameters to file: baselines_save_model/dstagnn/Seattle/MNAR/dstagnn_0.50/best.params
current epoch:  3
validation batch 1 / 28, val_mae: 0.24
val mae 0.25729269960096907
best epoch:  3
best val mae:  0.25729269960096907
save parameters to file: baselines_save_model/dstagnn/Seattle/MNAR/dstagnn_0.50/best.params
current epoch:  4
validation batch 1 / 28, val_mae: 0.23
val mae 0.24852239234106882
best epoch:  4
best val mae:  0.24852239234106882
save parameters to file: baselines_save_model/dstagnn/Seattle/MNAR/dstagnn_0.50/best.params
current epoch:  5
validation batch 1 / 28, val_mae: 0.23
val mae 0.24522550670163973
best epoch:  5
best val mae:  0.24522550670163973
save parameters to file: baselines_save_model/dstagnn/Seattle/MNAR/dstagnn_0.50/best.params
global step: 1000, training loss: 0.05, time: 438.17s
current epoch:  6
validation batch 1 / 28, val_mae: 0.23
val mae 0.24271753483584949
best epoch:  6
best val mae:  0.24271753483584949
save parameters to file: baselines_save_model/dstagnn/Seattle/MNAR/dstagnn_0.50/best.params
current epoch:  7
validation batch 1 / 28, val_mae: 0.22
val mae 0.23785967166934693
best epoch:  7
best val mae:  0.23785967166934693
save parameters to file: baselines_save_model/dstagnn/Seattle/MNAR/dstagnn_0.50/best.params
current epoch:  8
validation batch 1 / 28, val_mae: 0.22
val mae 0.2367627333317484
best epoch:  8
best val mae:  0.2367627333317484
save parameters to file: baselines_save_model/dstagnn/Seattle/MNAR/dstagnn_0.50/best.params
current epoch:  9
validation batch 1 / 28, val_mae: 0.22
val mae 0.23168903536030225
best epoch:  9
best val mae:  0.23168903536030225
save parameters to file: baselines_save_model/dstagnn/Seattle/MNAR/dstagnn_0.50/best.params
current epoch:  10
validation batch 1 / 28, val_mae: 0.22
val mae 0.23140631509678705
best epoch:  10
best val mae:  0.23140631509678705
save parameters to file: baselines_save_model/dstagnn/Seattle/MNAR/dstagnn_0.50/best.params
global step: 2000, training loss: 0.04, time: 934.20s
current epoch:  11
validation batch 1 / 28, val_mae: 0.21
val mae 0.22959005619798387
best epoch:  11
best val mae:  0.22959005619798387
save parameters to file: baselines_save_model/dstagnn/Seattle/MNAR/dstagnn_0.50/best.params
current epoch:  12
validation batch 1 / 28, val_mae: 0.21
val mae 0.2262303637606757
best epoch:  12
best val mae:  0.2262303637606757
save parameters to file: baselines_save_model/dstagnn/Seattle/MNAR/dstagnn_0.50/best.params
current epoch:  13
validation batch 1 / 28, val_mae: 0.21
val mae 0.22449258768132754
best epoch:  13
best val mae:  0.22449258768132754
save parameters to file: baselines_save_model/dstagnn/Seattle/MNAR/dstagnn_0.50/best.params
current epoch:  14
validation batch 1 / 28, val_mae: 0.21
val mae 0.2252715490758419
current epoch:  15
validation batch 1 / 28, val_mae: 0.21
val mae 0.22239976163421357
best epoch:  15
best val mae:  0.22239976163421357
save parameters to file: baselines_save_model/dstagnn/Seattle/MNAR/dstagnn_0.50/best.params
global step: 3000, training loss: 0.04, time: 1599.09s
current epoch:  16
validation batch 1 / 28, val_mae: 0.21
val mae 0.22093057898538454
best epoch:  16
best val mae:  0.22093057898538454
save parameters to file: baselines_save_model/dstagnn/Seattle/MNAR/dstagnn_0.50/best.params
current epoch:  17
validation batch 1 / 28, val_mae: 0.21
val mae 0.22084582916327886
best epoch:  17
best val mae:  0.22084582916327886
save parameters to file: baselines_save_model/dstagnn/Seattle/MNAR/dstagnn_0.50/best.params
current epoch:  18
validation batch 1 / 28, val_mae: 0.21
val mae 0.21878634552870477
best epoch:  18
best val mae:  0.21878634552870477
save parameters to file: baselines_save_model/dstagnn/Seattle/MNAR/dstagnn_0.50/best.params
current epoch:  19
validation batch 1 / 28, val_mae: 0.21
val mae 0.21805384382605553
best epoch:  19
best val mae:  0.21805384382605553
save parameters to file: baselines_save_model/dstagnn/Seattle/MNAR/dstagnn_0.50/best.params
current epoch:  20
validation batch 1 / 28, val_mae: 0.20
val mae 0.2175287221159254
best epoch:  20
best val mae:  0.2175287221159254
save parameters to file: baselines_save_model/dstagnn/Seattle/MNAR/dstagnn_0.50/best.params
global step: 4000, training loss: 0.04, time: 2105.50s
current epoch:  21
validation batch 1 / 28, val_mae: 0.21
val mae 0.21928688032286509
current epoch:  22
validation batch 1 / 28, val_mae: 0.20
val mae 0.21671049829040254
best epoch:  22
best val mae:  0.21671049829040254
save parameters to file: baselines_save_model/dstagnn/Seattle/MNAR/dstagnn_0.50/best.params
current epoch:  23
validation batch 1 / 28, val_mae: 0.20
val mae 0.2169996281819684
current epoch:  24
validation batch 1 / 28, val_mae: 0.20
val mae 0.21537591676626885
best epoch:  24
best val mae:  0.21537591676626885
save parameters to file: baselines_save_model/dstagnn/Seattle/MNAR/dstagnn_0.50/best.params
current epoch:  25
validation batch 1 / 28, val_mae: 0.20
val mae 0.21604882553219795
current epoch:  26
validation batch 1 / 28, val_mae: 0.20
val mae 0.2148578938628946
best epoch:  26
best val mae:  0.2148578938628946
save parameters to file: baselines_save_model/dstagnn/Seattle/MNAR/dstagnn_0.50/best.params
global step: 5000, training loss: 0.03, time: 2618.95s
current epoch:  27
validation batch 1 / 28, val_mae: 0.20
val mae 0.21352199518254825
best epoch:  27
best val mae:  0.21352199518254825
save parameters to file: baselines_save_model/dstagnn/Seattle/MNAR/dstagnn_0.50/best.params
current epoch:  28
validation batch 1 / 28, val_mae: 0.20
val mae 0.2143819576927594
current epoch:  29
validation batch 1 / 28, val_mae: 0.20
val mae 0.21380319925291197
current epoch:  30
validation batch 1 / 28, val_mae: 0.20
val mae 0.21307160119925225
best epoch:  30
best val mae:  0.21307160119925225
save parameters to file: baselines_save_model/dstagnn/Seattle/MNAR/dstagnn_0.50/best.params
current epoch:  31
validation batch 1 / 28, val_mae: 0.20
val mae 0.21236151243959153
best epoch:  31
best val mae:  0.21236151243959153
save parameters to file: baselines_save_model/dstagnn/Seattle/MNAR/dstagnn_0.50/best.params
global step: 6000, training loss: 0.03, time: 3316.85s
current epoch:  32
validation batch 1 / 28, val_mae: 0.20
val mae 0.21252877211996488
current epoch:  33
validation batch 1 / 28, val_mae: 0.20
val mae 0.21151629888585635
best epoch:  33
best val mae:  0.21151629888585635
save parameters to file: baselines_save_model/dstagnn/Seattle/MNAR/dstagnn_0.50/best.params
current epoch:  34
validation batch 1 / 28, val_mae: 0.20
val mae 0.2113063558936119
best epoch:  34
best val mae:  0.2113063558936119
save parameters to file: baselines_save_model/dstagnn/Seattle/MNAR/dstagnn_0.50/best.params
current epoch:  35
validation batch 1 / 28, val_mae: 0.20
val mae 0.21027053253991262
best epoch:  35
best val mae:  0.21027053253991262
save parameters to file: baselines_save_model/dstagnn/Seattle/MNAR/dstagnn_0.50/best.params
current epoch:  36
validation batch 1 / 28, val_mae: 0.20
val mae 0.21083429721849306
global step: 7000, training loss: 0.02, time: 3811.12s
current epoch:  37
validation batch 1 / 28, val_mae: 0.20
val mae 0.2097713580088956
best epoch:  37
best val mae:  0.2097713580088956
save parameters to file: baselines_save_model/dstagnn/Seattle/MNAR/dstagnn_0.50/best.params
current epoch:  38
validation batch 1 / 28, val_mae: 0.20
val mae 0.21069043821522168
current epoch:  39
validation batch 1 / 28, val_mae: 0.20
val mae 0.2090295867196151
best epoch:  39
best val mae:  0.2090295867196151
save parameters to file: baselines_save_model/dstagnn/Seattle/MNAR/dstagnn_0.50/best.params
current epoch:  40
validation batch 1 / 28, val_mae: 0.20
val mae 0.20905400014349393
current epoch:  41
validation batch 1 / 28, val_mae: 0.20
val mae 0.209600992500782
global step: 8000, training loss: 0.03, time: 4330.85s
current epoch:  42
validation batch 1 / 28, val_mae: 0.20
val mae 0.2102711722254753
current epoch:  43
validation batch 1 / 28, val_mae: 0.20
val mae 0.20877598971128464
best epoch:  43
best val mae:  0.20877598971128464
save parameters to file: baselines_save_model/dstagnn/Seattle/MNAR/dstagnn_0.50/best.params
current epoch:  44
validation batch 1 / 28, val_mae: 0.20
val mae 0.20754733362368175
best epoch:  44
best val mae:  0.20754733362368175
save parameters to file: baselines_save_model/dstagnn/Seattle/MNAR/dstagnn_0.50/best.params
current epoch:  45
validation batch 1 / 28, val_mae: 0.20
val mae 0.20854414626955986
current epoch:  46
validation batch 1 / 28, val_mae: 0.19
val mae 0.20733492661799705
best epoch:  46
best val mae:  0.20733492661799705
save parameters to file: baselines_save_model/dstagnn/Seattle/MNAR/dstagnn_0.50/best.params
global step: 9000, training loss: 0.02, time: 5031.28s
current epoch:  47
validation batch 1 / 28, val_mae: 0.20
val mae 0.20753697572009905
current epoch:  48
validation batch 1 / 28, val_mae: 0.19
val mae 0.2064261260841574
best epoch:  48
best val mae:  0.2064261260841574
save parameters to file: baselines_save_model/dstagnn/Seattle/MNAR/dstagnn_0.50/best.params
current epoch:  49
validation batch 1 / 28, val_mae: 0.19
val mae 0.20629801335079329
best epoch:  49
best val mae:  0.20629801335079329
save parameters to file: baselines_save_model/dstagnn/Seattle/MNAR/dstagnn_0.50/best.params
current epoch:  50
validation batch 1 / 28, val_mae: 0.19
val mae 0.20592684618064336
best epoch:  50
best val mae:  0.20592684618064336
save parameters to file: baselines_save_model/dstagnn/Seattle/MNAR/dstagnn_0.50/best.params
current epoch:  51
validation batch 1 / 28, val_mae: 0.19
val mae 0.20676594280770846
current epoch:  52
validation batch 1 / 28, val_mae: 0.19
val mae 0.20650291283215796
global step: 10000, training loss: 0.03, time: 5531.88s
current epoch:  53
validation batch 1 / 28, val_mae: 0.19
val mae 0.20580894446798734
best epoch:  53
best val mae:  0.20580894446798734
save parameters to file: baselines_save_model/dstagnn/Seattle/MNAR/dstagnn_0.50/best.params
current epoch:  54
validation batch 1 / 28, val_mae: 0.19
val mae 0.20672093331813812
current epoch:  55
validation batch 1 / 28, val_mae: 0.19
val mae 0.20588058605790138
current epoch:  56
validation batch 1 / 28, val_mae: 0.19
val mae 0.20576437935233116
best epoch:  56
best val mae:  0.20576437935233116
save parameters to file: baselines_save_model/dstagnn/Seattle/MNAR/dstagnn_0.50/best.params
current epoch:  57
validation batch 1 / 28, val_mae: 0.19
val mae 0.2047890472624983
best epoch:  57
best val mae:  0.2047890472624983
save parameters to file: baselines_save_model/dstagnn/Seattle/MNAR/dstagnn_0.50/best.params
global step: 11000, training loss: 0.02, time: 6048.98s
current epoch:  58
validation batch 1 / 28, val_mae: 0.19
val mae 0.20513003585594042
current epoch:  59
validation batch 1 / 28, val_mae: 0.19
val mae 0.20591331379754202
current epoch:  60
validation batch 1 / 28, val_mae: 0.19
val mae 0.20474729261228017
best epoch:  60
best val mae:  0.20474729261228017
save parameters to file: baselines_save_model/dstagnn/Seattle/MNAR/dstagnn_0.50/best.params
current epoch:  61
validation batch 1 / 28, val_mae: 0.19
val mae 0.20470775397760527
best epoch:  61
best val mae:  0.20470775397760527
save parameters to file: baselines_save_model/dstagnn/Seattle/MNAR/dstagnn_0.50/best.params
current epoch:  62
validation batch 1 / 28, val_mae: 0.19
val mae 0.20445469820073672
best epoch:  62
best val mae:  0.20445469820073672
save parameters to file: baselines_save_model/dstagnn/Seattle/MNAR/dstagnn_0.50/best.params
global step: 12000, training loss: 0.02, time: 6697.76s
current epoch:  63
validation batch 1 / 28, val_mae: 0.19
val mae 0.2035920609320913
best epoch:  63
best val mae:  0.2035920609320913
save parameters to file: baselines_save_model/dstagnn/Seattle/MNAR/dstagnn_0.50/best.params
current epoch:  64
validation batch 1 / 28, val_mae: 0.19
val mae 0.20343824103474617
best epoch:  64
best val mae:  0.20343824103474617
save parameters to file: baselines_save_model/dstagnn/Seattle/MNAR/dstagnn_0.50/best.params
current epoch:  65
validation batch 1 / 28, val_mae: 0.19
val mae 0.20301525880183494
best epoch:  65
best val mae:  0.20301525880183494
save parameters to file: baselines_save_model/dstagnn/Seattle/MNAR/dstagnn_0.50/best.params
current epoch:  66
validation batch 1 / 28, val_mae: 0.19
val mae 0.20379930468542234
current epoch:  67
validation batch 1 / 28, val_mae: 0.19
val mae 0.2027628155691283
best epoch:  67
best val mae:  0.2027628155691283
save parameters to file: baselines_save_model/dstagnn/Seattle/MNAR/dstagnn_0.50/best.params
global step: 13000, training loss: 0.03, time: 7191.97s
current epoch:  68
validation batch 1 / 28, val_mae: 0.19
val mae 0.20327524734394892
current epoch:  69
validation batch 1 / 28, val_mae: 0.19
val mae 0.20299216785601207
current epoch:  70
validation batch 1 / 28, val_mae: 0.19
val mae 0.20269489022237913
best epoch:  70
best val mae:  0.20269489022237913
save parameters to file: baselines_save_model/dstagnn/Seattle/MNAR/dstagnn_0.50/best.params
current epoch:  71
validation batch 1 / 28, val_mae: 0.19
val mae 0.20263355704290525
best epoch:  71
best val mae:  0.20263355704290525
save parameters to file: baselines_save_model/dstagnn/Seattle/MNAR/dstagnn_0.50/best.params
current epoch:  72
validation batch 1 / 28, val_mae: 0.19
val mae 0.2022739446588925
best epoch:  72
best val mae:  0.2022739446588925
save parameters to file: baselines_save_model/dstagnn/Seattle/MNAR/dstagnn_0.50/best.params
global step: 14000, training loss: 0.02, time: 7740.34s
current epoch:  73
validation batch 1 / 28, val_mae: 0.19
val mae 0.20239503575222834
current epoch:  74
validation batch 1 / 28, val_mae: 0.19
val mae 0.2025903740099498
current epoch:  75
validation batch 1 / 28, val_mae: 0.19
val mae 0.20259936739291465
current epoch:  76
validation batch 1 / 28, val_mae: 0.19
val mae 0.20260888604181154
current epoch:  77
validation batch 1 / 28, val_mae: 0.19
val mae 0.20237525392855918
current epoch:  78
validation batch 1 / 28, val_mae: 0.19
val mae 0.20180264062115125
best epoch:  78
best val mae:  0.20180264062115125
save parameters to file: baselines_save_model/dstagnn/Seattle/MNAR/dstagnn_0.50/best.params
global step: 15000, training loss: 0.02, time: 8401.69s
current epoch:  79
validation batch 1 / 28, val_mae: 0.19
val mae 0.20206889084407262
current epoch:  80
validation batch 1 / 28, val_mae: 0.19
val mae 0.20126728500638688
best epoch:  80
best val mae:  0.20126728500638688
save parameters to file: baselines_save_model/dstagnn/Seattle/MNAR/dstagnn_0.50/best.params
current epoch:  81
validation batch 1 / 28, val_mae: 0.19
val mae 0.20149424512471473
current epoch:  82
validation batch 1 / 28, val_mae: 0.19
val mae 0.20176089076059206
current epoch:  83
validation batch 1 / 28, val_mae: 0.19
val mae 0.20128351556403296
global step: 16000, training loss: 0.02, time: 8912.67s
current epoch:  84
validation batch 1 / 28, val_mae: 0.19
val mae 0.20143584800618036
current epoch:  85
validation batch 1 / 28, val_mae: 0.19
val mae 0.20182254165410995
current epoch:  86
validation batch 1 / 28, val_mae: 0.19
val mae 0.2019720104123865
current epoch:  87
validation batch 1 / 28, val_mae: 0.19
val mae 0.2016578226217202
current epoch:  88
validation batch 1 / 28, val_mae: 0.19
val mae 0.20080784548606193
best epoch:  88
best val mae:  0.20080784548606193
save parameters to file: baselines_save_model/dstagnn/Seattle/MNAR/dstagnn_0.50/best.params
global step: 17000, training loss: 0.02, time: 9572.51s
current epoch:  89
validation batch 1 / 28, val_mae: 0.19
val mae 0.2010611402136939
best epoch: 88
load weight from: baselines_save_model/dstagnn/Seattle/MNAR/dstagnn_0.50/best.params
predicting data set batch 1 / 55
input: (1752, 323, 1, 12)
prediction: (1752, 323, 12)
Test MAE: 2.481, Test RMSE: 3.808 Test MAPE: 5.934
Spend Time: 9758.046260118484
