Read configuration file: baselines/dstagnn_modules/configurations/Seattle.conf
CUDA: cuda:3
folder_dir: dstagnn_0.50
params_path: baselines_save_model/dstagnn/Seattle/MAR/dstagnn_0.50
delete the old one and create params directory baselines_save_model/dstagnn/Seattle/MAR/dstagnn_0.50
current epoch:  0
validation batch 1 / 28, val_mae: 1.09
val mae 1.1971958449908666
best epoch:  0
best val mae:  1.1971958449908666
save parameters to file: baselines_save_model/dstagnn/Seattle/MAR/dstagnn_0.50/best.params
current epoch:  1
validation batch 1 / 28, val_mae: 0.25
val mae 0.28075727980051723
best epoch:  1
best val mae:  0.28075727980051723
save parameters to file: baselines_save_model/dstagnn/Seattle/MAR/dstagnn_0.50/best.params
current epoch:  2
validation batch 1 / 28, val_mae: 0.24
val mae 0.2605840962912355
best epoch:  2
best val mae:  0.2605840962912355
save parameters to file: baselines_save_model/dstagnn/Seattle/MAR/dstagnn_0.50/best.params
current epoch:  3
validation batch 1 / 28, val_mae: 0.23
val mae 0.25327504905206816
best epoch:  3
best val mae:  0.25327504905206816
save parameters to file: baselines_save_model/dstagnn/Seattle/MAR/dstagnn_0.50/best.params
current epoch:  4
validation batch 1 / 28, val_mae: 0.23
val mae 0.24699531655226434
best epoch:  4
best val mae:  0.24699531655226434
save parameters to file: baselines_save_model/dstagnn/Seattle/MAR/dstagnn_0.50/best.params
current epoch:  5
validation batch 1 / 28, val_mae: 0.22
val mae 0.24016117411000387
best epoch:  5
best val mae:  0.24016117411000387
save parameters to file: baselines_save_model/dstagnn/Seattle/MAR/dstagnn_0.50/best.params
global step: 1000, training loss: 0.03, time: 419.79s
current epoch:  6
validation batch 1 / 28, val_mae: 0.22
val mae 0.23785048882876123
best epoch:  6
best val mae:  0.23785048882876123
save parameters to file: baselines_save_model/dstagnn/Seattle/MAR/dstagnn_0.50/best.params
current epoch:  7
validation batch 1 / 28, val_mae: 0.22
val mae 0.23852995889527456
current epoch:  8
validation batch 1 / 28, val_mae: 0.22
val mae 0.23801536804863385
current epoch:  9
validation batch 1 / 28, val_mae: 0.22
val mae 0.23675046754734858
best epoch:  9
best val mae:  0.23675046754734858
save parameters to file: baselines_save_model/dstagnn/Seattle/MAR/dstagnn_0.50/best.params
current epoch:  10
validation batch 1 / 28, val_mae: 0.22
val mae 0.23716835198657854
global step: 2000, training loss: 0.03, time: 828.19s
current epoch:  11
validation batch 1 / 28, val_mae: 0.22
val mae 0.23693059012293816
current epoch:  12
validation batch 1 / 28, val_mae: 0.22
val mae 0.23346718134624617
best epoch:  12
best val mae:  0.23346718134624617
save parameters to file: baselines_save_model/dstagnn/Seattle/MAR/dstagnn_0.50/best.params
current epoch:  13
validation batch 1 / 28, val_mae: 0.22
val mae 0.2316113689116069
best epoch:  13
best val mae:  0.2316113689116069
save parameters to file: baselines_save_model/dstagnn/Seattle/MAR/dstagnn_0.50/best.params
current epoch:  14
validation batch 1 / 28, val_mae: 0.22
val mae 0.2312874841902937
best epoch:  14
best val mae:  0.2312874841902937
save parameters to file: baselines_save_model/dstagnn/Seattle/MAR/dstagnn_0.50/best.params
current epoch:  15
validation batch 1 / 28, val_mae: 0.22
val mae 0.23199047201446124
global step: 3000, training loss: 0.02, time: 1235.93s
current epoch:  16
validation batch 1 / 28, val_mae: 0.22
val mae 0.23028596863150597
best epoch:  16
best val mae:  0.23028596863150597
save parameters to file: baselines_save_model/dstagnn/Seattle/MAR/dstagnn_0.50/best.params
current epoch:  17
validation batch 1 / 28, val_mae: 0.21
val mae 0.22514681039111956
best epoch:  17
best val mae:  0.22514681039111956
save parameters to file: baselines_save_model/dstagnn/Seattle/MAR/dstagnn_0.50/best.params
current epoch:  18
validation batch 1 / 28, val_mae: 0.21
val mae 0.227757599736963
current epoch:  19
validation batch 1 / 28, val_mae: 0.21
val mae 0.2244566200034959
best epoch:  19
best val mae:  0.2244566200034959
save parameters to file: baselines_save_model/dstagnn/Seattle/MAR/dstagnn_0.50/best.params
current epoch:  20
validation batch 1 / 28, val_mae: 0.21
val mae 0.22425028894628798
best epoch:  20
best val mae:  0.22425028894628798
save parameters to file: baselines_save_model/dstagnn/Seattle/MAR/dstagnn_0.50/best.params
global step: 4000, training loss: 0.02, time: 1648.17s
current epoch:  21
validation batch 1 / 28, val_mae: 0.21
val mae 0.22179859823414258
best epoch:  21
best val mae:  0.22179859823414258
save parameters to file: baselines_save_model/dstagnn/Seattle/MAR/dstagnn_0.50/best.params
current epoch:  22
validation batch 1 / 28, val_mae: 0.21
val mae 0.22112088171499117
best epoch:  22
best val mae:  0.22112088171499117
save parameters to file: baselines_save_model/dstagnn/Seattle/MAR/dstagnn_0.50/best.params
current epoch:  23
validation batch 1 / 28, val_mae: 0.20
val mae 0.21770513217364038
best epoch:  23
best val mae:  0.21770513217364038
save parameters to file: baselines_save_model/dstagnn/Seattle/MAR/dstagnn_0.50/best.params
current epoch:  24
validation batch 1 / 28, val_mae: 0.20
val mae 0.2161651173872607
best epoch:  24
best val mae:  0.2161651173872607
save parameters to file: baselines_save_model/dstagnn/Seattle/MAR/dstagnn_0.50/best.params
current epoch:  25
validation batch 1 / 28, val_mae: 0.20
val mae 0.21488936884062632
best epoch:  25
best val mae:  0.21488936884062632
save parameters to file: baselines_save_model/dstagnn/Seattle/MAR/dstagnn_0.50/best.params
current epoch:  26
validation batch 1 / 28, val_mae: 0.20
val mae 0.21445233161960328
best epoch:  26
best val mae:  0.21445233161960328
save parameters to file: baselines_save_model/dstagnn/Seattle/MAR/dstagnn_0.50/best.params
global step: 5000, training loss: 0.02, time: 2060.30s
current epoch:  27
validation batch 1 / 28, val_mae: 0.20
val mae 0.21359327861240932
best epoch:  27
best val mae:  0.21359327861240932
save parameters to file: baselines_save_model/dstagnn/Seattle/MAR/dstagnn_0.50/best.params
current epoch:  28
validation batch 1 / 28, val_mae: 0.20
val mae 0.21155416273644992
best epoch:  28
best val mae:  0.21155416273644992
save parameters to file: baselines_save_model/dstagnn/Seattle/MAR/dstagnn_0.50/best.params
current epoch:  29
validation batch 1 / 28, val_mae: 0.20
val mae 0.21296679920383862
current epoch:  30
validation batch 1 / 28, val_mae: 0.20
val mae 0.21069616611514771
best epoch:  30
best val mae:  0.21069616611514771
save parameters to file: baselines_save_model/dstagnn/Seattle/MAR/dstagnn_0.50/best.params
current epoch:  31
validation batch 1 / 28, val_mae: 0.20
val mae 0.21094847417303494
global step: 6000, training loss: 0.01, time: 2478.11s
current epoch:  32
validation batch 1 / 28, val_mae: 0.20
val mae 0.21029113765273774
best epoch:  32
best val mae:  0.21029113765273774
save parameters to file: baselines_save_model/dstagnn/Seattle/MAR/dstagnn_0.50/best.params
current epoch:  33
validation batch 1 / 28, val_mae: 0.20
val mae 0.20957830069320543
best epoch:  33
best val mae:  0.20957830069320543
save parameters to file: baselines_save_model/dstagnn/Seattle/MAR/dstagnn_0.50/best.params
current epoch:  34
validation batch 1 / 28, val_mae: 0.19
val mae 0.2095296462731702
best epoch:  34
best val mae:  0.2095296462731702
save parameters to file: baselines_save_model/dstagnn/Seattle/MAR/dstagnn_0.50/best.params
current epoch:  35
validation batch 1 / 28, val_mae: 0.19
val mae 0.20760189103228704
best epoch:  35
best val mae:  0.20760189103228704
save parameters to file: baselines_save_model/dstagnn/Seattle/MAR/dstagnn_0.50/best.params
current epoch:  36
validation batch 1 / 28, val_mae: 0.20
val mae 0.2093675285577774
global step: 7000, training loss: 0.01, time: 2891.99s
current epoch:  37
validation batch 1 / 28, val_mae: 0.19
val mae 0.2078499426799161
current epoch:  38
validation batch 1 / 28, val_mae: 0.19
val mae 0.2070038446358272
best epoch:  38
best val mae:  0.2070038446358272
save parameters to file: baselines_save_model/dstagnn/Seattle/MAR/dstagnn_0.50/best.params
current epoch:  39
validation batch 1 / 28, val_mae: 0.19
val mae 0.20673118691359246
best epoch:  39
best val mae:  0.20673118691359246
save parameters to file: baselines_save_model/dstagnn/Seattle/MAR/dstagnn_0.50/best.params
current epoch:  40
validation batch 1 / 28, val_mae: 0.19
val mae 0.20677545719913074
current epoch:  41
validation batch 1 / 28, val_mae: 0.19
val mae 0.20661846601537295
best epoch:  41
best val mae:  0.20661846601537295
save parameters to file: baselines_save_model/dstagnn/Seattle/MAR/dstagnn_0.50/best.params
global step: 8000, training loss: 0.01, time: 3305.33s
current epoch:  42
validation batch 1 / 28, val_mae: 0.19
val mae 0.2061225904950074
best epoch:  42
best val mae:  0.2061225904950074
save parameters to file: baselines_save_model/dstagnn/Seattle/MAR/dstagnn_0.50/best.params
current epoch:  43
validation batch 1 / 28, val_mae: 0.19
val mae 0.20549392061574118
best epoch:  43
best val mae:  0.20549392061574118
save parameters to file: baselines_save_model/dstagnn/Seattle/MAR/dstagnn_0.50/best.params
current epoch:  44
validation batch 1 / 28, val_mae: 0.19
val mae 0.2042368565286909
best epoch:  44
best val mae:  0.2042368565286909
save parameters to file: baselines_save_model/dstagnn/Seattle/MAR/dstagnn_0.50/best.params
current epoch:  45
validation batch 1 / 28, val_mae: 0.19
val mae 0.20646562107971736
current epoch:  46
validation batch 1 / 28, val_mae: 0.19
val mae 0.20502365486962454
global step: 9000, training loss: 0.01, time: 3714.68s
current epoch:  47
validation batch 1 / 28, val_mae: 0.19
val mae 0.20479822531342506
current epoch:  48
validation batch 1 / 28, val_mae: 0.19
val mae 0.20493079455835478
current epoch:  49
validation batch 1 / 28, val_mae: 0.19
val mae 0.2049941441842488
current epoch:  50
validation batch 1 / 28, val_mae: 0.19
val mae 0.20468326764447348
current epoch:  51
validation batch 1 / 28, val_mae: 0.19
val mae 0.2037139210317816
best epoch:  51
best val mae:  0.2037139210317816
save parameters to file: baselines_save_model/dstagnn/Seattle/MAR/dstagnn_0.50/best.params
current epoch:  52
validation batch 1 / 28, val_mae: 0.19
val mae 0.2035339671586241
best epoch:  52
best val mae:  0.2035339671586241
save parameters to file: baselines_save_model/dstagnn/Seattle/MAR/dstagnn_0.50/best.params
global step: 10000, training loss: 0.01, time: 4131.65s
current epoch:  53
validation batch 1 / 28, val_mae: 0.19
val mae 0.20324328062789782
best epoch:  53
best val mae:  0.20324328062789782
save parameters to file: baselines_save_model/dstagnn/Seattle/MAR/dstagnn_0.50/best.params
current epoch:  54
validation batch 1 / 28, val_mae: 0.19
val mae 0.20480583874242647
current epoch:  55
validation batch 1 / 28, val_mae: 0.19
val mae 0.20408165880611964
current epoch:  56
validation batch 1 / 28, val_mae: 0.19
val mae 0.2028055755155427
best epoch:  56
best val mae:  0.2028055755155427
save parameters to file: baselines_save_model/dstagnn/Seattle/MAR/dstagnn_0.50/best.params
current epoch:  57
validation batch 1 / 28, val_mae: 0.19
val mae 0.2030478125172002
global step: 11000, training loss: 0.01, time: 4544.77s
current epoch:  58
validation batch 1 / 28, val_mae: 0.19
val mae 0.20313145486371859
current epoch:  59
validation batch 1 / 28, val_mae: 0.19
val mae 0.20245329556720598
best epoch:  59
best val mae:  0.20245329556720598
save parameters to file: baselines_save_model/dstagnn/Seattle/MAR/dstagnn_0.50/best.params
current epoch:  60
validation batch 1 / 28, val_mae: 0.19
val mae 0.20210657960602216
best epoch:  60
best val mae:  0.20210657960602216
save parameters to file: baselines_save_model/dstagnn/Seattle/MAR/dstagnn_0.50/best.params
current epoch:  61
validation batch 1 / 28, val_mae: 0.19
val mae 0.20182075511131967
best epoch:  61
best val mae:  0.20182075511131967
save parameters to file: baselines_save_model/dstagnn/Seattle/MAR/dstagnn_0.50/best.params
current epoch:  62
validation batch 1 / 28, val_mae: 0.19
val mae 0.2027623408607074
global step: 12000, training loss: 0.01, time: 4957.24s
current epoch:  63
validation batch 1 / 28, val_mae: 0.19
val mae 0.2016556417303426
best epoch:  63
best val mae:  0.2016556417303426
save parameters to file: baselines_save_model/dstagnn/Seattle/MAR/dstagnn_0.50/best.params
current epoch:  64
validation batch 1 / 28, val_mae: 0.19
val mae 0.2014118539435523
best epoch:  64
best val mae:  0.2014118539435523
save parameters to file: baselines_save_model/dstagnn/Seattle/MAR/dstagnn_0.50/best.params
current epoch:  65
validation batch 1 / 28, val_mae: 0.19
val mae 0.20145655742713384
current epoch:  66
validation batch 1 / 28, val_mae: 0.19
val mae 0.20185609960130282
current epoch:  67
validation batch 1 / 28, val_mae: 0.19
val mae 0.20256984340293066
global step: 13000, training loss: 0.01, time: 5368.41s
current epoch:  68
validation batch 1 / 28, val_mae: 0.19
val mae 0.20318502240947314
current epoch:  69
validation batch 1 / 28, val_mae: 0.19
val mae 0.20152583132897103
current epoch:  70
validation batch 1 / 28, val_mae: 0.19
val mae 0.20230493960636003
current epoch:  71
validation batch 1 / 28, val_mae: 0.19
val mae 0.20269435431276048
current epoch:  72
validation batch 1 / 28, val_mae: 0.19
val mae 0.20142235606908798
global step: 14000, training loss: 0.01, time: 5778.40s
current epoch:  73
validation batch 1 / 28, val_mae: 0.19
val mae 0.20119513518043927
best epoch:  73
best val mae:  0.20119513518043927
save parameters to file: baselines_save_model/dstagnn/Seattle/MAR/dstagnn_0.50/best.params
current epoch:  74
validation batch 1 / 28, val_mae: 0.19
val mae 0.20108035951852798
best epoch:  74
best val mae:  0.20108035951852798
save parameters to file: baselines_save_model/dstagnn/Seattle/MAR/dstagnn_0.50/best.params
current epoch:  75
validation batch 1 / 28, val_mae: 0.19
val mae 0.20041672246796743
best epoch:  75
best val mae:  0.20041672246796743
save parameters to file: baselines_save_model/dstagnn/Seattle/MAR/dstagnn_0.50/best.params
current epoch:  76
validation batch 1 / 28, val_mae: 0.19
val mae 0.20071957473243987
current epoch:  77
validation batch 1 / 28, val_mae: 0.19
val mae 0.20050737847174918
current epoch:  78
validation batch 1 / 28, val_mae: 0.19
val mae 0.20053106918931007
global step: 15000, training loss: 0.01, time: 6194.09s
current epoch:  79
validation batch 1 / 28, val_mae: 0.19
val mae 0.20028001336114748
best epoch:  79
best val mae:  0.20028001336114748
save parameters to file: baselines_save_model/dstagnn/Seattle/MAR/dstagnn_0.50/best.params
current epoch:  80
validation batch 1 / 28, val_mae: 0.19
val mae 0.2010138545717512
current epoch:  81
validation batch 1 / 28, val_mae: 0.19
val mae 0.20009771415165492
best epoch:  81
best val mae:  0.20009771415165492
save parameters to file: baselines_save_model/dstagnn/Seattle/MAR/dstagnn_0.50/best.params
current epoch:  82
validation batch 1 / 28, val_mae: 0.19
val mae 0.2005738504230976
current epoch:  83
validation batch 1 / 28, val_mae: 0.19
val mae 0.2026262123669897
global step: 16000, training loss: 0.01, time: 6603.72s
current epoch:  84
validation batch 1 / 28, val_mae: 0.19
val mae 0.20099337186132157
current epoch:  85
validation batch 1 / 28, val_mae: 0.19
val mae 0.2006724870630673
current epoch:  86
validation batch 1 / 28, val_mae: 0.19
val mae 0.20059808450085775
current epoch:  87
validation batch 1 / 28, val_mae: 0.19
val mae 0.20068608490484102
current epoch:  88
validation batch 1 / 28, val_mae: 0.19
val mae 0.20021734972085273
global step: 17000, training loss: 0.01, time: 7018.67s
current epoch:  89
validation batch 1 / 28, val_mae: 0.19
val mae 0.20013780200055667
best epoch: 81
load weight from: baselines_save_model/dstagnn/Seattle/MAR/dstagnn_0.50/best.params
predicting data set batch 1 / 55
input: (1752, 323, 1, 12)
prediction: (1752, 323, 12)
Test MAE: 2.433, Test RMSE: 3.640 Test MAPE: 5.790
Spend Time: 7139.609023571014
