Read configuration file: baselines/dstagnn_modules/configurations/Shenzhen.conf
CUDA: cuda:2
folder_dir: dstagnn_0.50
params_path: baselines_save_model/dstagnn/Shenzhen/MAR/dstagnn_0.50
delete the old one and create params directory baselines_save_model/dstagnn/Shenzhen/MAR/dstagnn_0.50
current epoch:  0
validation batch 1 / 18, val_mae: 1.32
val mae 1.3222816851403978
best epoch:  0
best val mae:  1.3222816851403978
save parameters to file: baselines_save_model/dstagnn/Shenzhen/MAR/dstagnn_0.50/best.params
current epoch:  1
validation batch 1 / 18, val_mae: 0.29
val mae 0.27890832556618583
best epoch:  1
best val mae:  0.27890832556618583
save parameters to file: baselines_save_model/dstagnn/Shenzhen/MAR/dstagnn_0.50/best.params
current epoch:  2
validation batch 1 / 18, val_mae: 0.24
val mae 0.23370889408720863
best epoch:  2
best val mae:  0.23370889408720863
save parameters to file: baselines_save_model/dstagnn/Shenzhen/MAR/dstagnn_0.50/best.params
current epoch:  3
validation batch 1 / 18, val_mae: 0.23
val mae 0.21761398100190693
best epoch:  3
best val mae:  0.21761398100190693
save parameters to file: baselines_save_model/dstagnn/Shenzhen/MAR/dstagnn_0.50/best.params
current epoch:  4
validation batch 1 / 18, val_mae: 0.22
val mae 0.20965317553944057
best epoch:  4
best val mae:  0.20965317553944057
save parameters to file: baselines_save_model/dstagnn/Shenzhen/MAR/dstagnn_0.50/best.params
current epoch:  5
validation batch 1 / 18, val_mae: 0.21
val mae 0.20557266804907057
best epoch:  5
best val mae:  0.20557266804907057
save parameters to file: baselines_save_model/dstagnn/Shenzhen/MAR/dstagnn_0.50/best.params
current epoch:  6
validation batch 1 / 18, val_mae: 0.21
val mae 0.2046944507294231
best epoch:  6
best val mae:  0.2046944507294231
save parameters to file: baselines_save_model/dstagnn/Shenzhen/MAR/dstagnn_0.50/best.params
current epoch:  7
validation batch 1 / 18, val_mae: 0.21
val mae 0.20244237615002525
best epoch:  7
best val mae:  0.20244237615002525
save parameters to file: baselines_save_model/dstagnn/Shenzhen/MAR/dstagnn_0.50/best.params
current epoch:  8
validation batch 1 / 18, val_mae: 0.21
val mae 0.20161899427572885
best epoch:  8
best val mae:  0.20161899427572885
save parameters to file: baselines_save_model/dstagnn/Shenzhen/MAR/dstagnn_0.50/best.params
current epoch:  9
validation batch 1 / 18, val_mae: 0.21
val mae 0.20122175994846556
best epoch:  9
best val mae:  0.20122175994846556
save parameters to file: baselines_save_model/dstagnn/Shenzhen/MAR/dstagnn_0.50/best.params
current epoch:  10
validation batch 1 / 18, val_mae: 0.21
val mae 0.20119315137465796
best epoch:  10
best val mae:  0.20119315137465796
save parameters to file: baselines_save_model/dstagnn/Shenzhen/MAR/dstagnn_0.50/best.params
current epoch:  11
validation batch 1 / 18, val_mae: 0.21
val mae 0.20258532961209616
current epoch:  12
validation batch 1 / 18, val_mae: 0.21
val mae 0.20023839672406515
best epoch:  12
best val mae:  0.20023839672406515
save parameters to file: baselines_save_model/dstagnn/Shenzhen/MAR/dstagnn_0.50/best.params
current epoch:  13
validation batch 1 / 18, val_mae: 0.21
val mae 0.20054765707916683
current epoch:  14
validation batch 1 / 18, val_mae: 0.21
val mae 0.20216244128015307
current epoch:  15
validation batch 1 / 18, val_mae: 0.21
val mae 0.1987997285193867
best epoch:  15
best val mae:  0.1987997285193867
save parameters to file: baselines_save_model/dstagnn/Shenzhen/MAR/dstagnn_0.50/best.params
current epoch:  16
validation batch 1 / 18, val_mae: 0.21
val mae 0.20239137361447015
current epoch:  17
validation batch 1 / 18, val_mae: 0.21
val mae 0.20206114815341103
current epoch:  18
validation batch 1 / 18, val_mae: 0.21
val mae 0.20217799064185885
global step: 1000, training loss: 0.02, time: 912.14s
current epoch:  19
validation batch 1 / 18, val_mae: 0.21
val mae 0.20030676904651853
current epoch:  20
validation batch 1 / 18, val_mae: 0.21
val mae 0.1973295592599445
best epoch:  20
best val mae:  0.1973295592599445
save parameters to file: baselines_save_model/dstagnn/Shenzhen/MAR/dstagnn_0.50/best.params
current epoch:  21
validation batch 1 / 18, val_mae: 0.21
val mae 0.19858767092227936
current epoch:  22
validation batch 1 / 18, val_mae: 0.21
val mae 0.19708378861347833
best epoch:  22
best val mae:  0.19708378861347833
save parameters to file: baselines_save_model/dstagnn/Shenzhen/MAR/dstagnn_0.50/best.params
current epoch:  23
validation batch 1 / 18, val_mae: 0.21
val mae 0.19660464922587076
best epoch:  23
best val mae:  0.19660464922587076
save parameters to file: baselines_save_model/dstagnn/Shenzhen/MAR/dstagnn_0.50/best.params
current epoch:  24
validation batch 1 / 18, val_mae: 0.20
val mae 0.19491482608848149
best epoch:  24
best val mae:  0.19491482608848149
save parameters to file: baselines_save_model/dstagnn/Shenzhen/MAR/dstagnn_0.50/best.params
current epoch:  25
validation batch 1 / 18, val_mae: 0.20
val mae 0.1939120905266868
best epoch:  25
best val mae:  0.1939120905266868
save parameters to file: baselines_save_model/dstagnn/Shenzhen/MAR/dstagnn_0.50/best.params
current epoch:  26
validation batch 1 / 18, val_mae: 0.20
val mae 0.19323670119047165
best epoch:  26
best val mae:  0.19323670119047165
save parameters to file: baselines_save_model/dstagnn/Shenzhen/MAR/dstagnn_0.50/best.params
current epoch:  27
validation batch 1 / 18, val_mae: 0.20
val mae 0.1926580783393648
best epoch:  27
best val mae:  0.1926580783393648
save parameters to file: baselines_save_model/dstagnn/Shenzhen/MAR/dstagnn_0.50/best.params
current epoch:  28
validation batch 1 / 18, val_mae: 0.20
val mae 0.19065964884228176
best epoch:  28
best val mae:  0.19065964884228176
save parameters to file: baselines_save_model/dstagnn/Shenzhen/MAR/dstagnn_0.50/best.params
current epoch:  29
validation batch 1 / 18, val_mae: 0.20
val mae 0.1904780442516009
best epoch:  29
best val mae:  0.1904780442516009
save parameters to file: baselines_save_model/dstagnn/Shenzhen/MAR/dstagnn_0.50/best.params
current epoch:  30
validation batch 1 / 18, val_mae: 0.20
val mae 0.1891227579779095
best epoch:  30
best val mae:  0.1891227579779095
save parameters to file: baselines_save_model/dstagnn/Shenzhen/MAR/dstagnn_0.50/best.params
current epoch:  31
validation batch 1 / 18, val_mae: 0.20
val mae 0.1903884063164393
current epoch:  32
validation batch 1 / 18, val_mae: 0.20
val mae 0.18852650291389889
best epoch:  32
best val mae:  0.18852650291389889
save parameters to file: baselines_save_model/dstagnn/Shenzhen/MAR/dstagnn_0.50/best.params
current epoch:  33
validation batch 1 / 18, val_mae: 0.20
val mae 0.18662820673651165
best epoch:  33
best val mae:  0.18662820673651165
save parameters to file: baselines_save_model/dstagnn/Shenzhen/MAR/dstagnn_0.50/best.params
current epoch:  34
validation batch 1 / 18, val_mae: 0.20
val mae 0.18792993740903008
current epoch:  35
validation batch 1 / 18, val_mae: 0.20
val mae 0.18635047806633842
best epoch:  35
best val mae:  0.18635047806633842
save parameters to file: baselines_save_model/dstagnn/Shenzhen/MAR/dstagnn_0.50/best.params
current epoch:  36
validation batch 1 / 18, val_mae: 0.19
val mae 0.1824349272582266
best epoch:  36
best val mae:  0.1824349272582266
save parameters to file: baselines_save_model/dstagnn/Shenzhen/MAR/dstagnn_0.50/best.params
current epoch:  37
validation batch 1 / 18, val_mae: 0.20
val mae 0.18586256934536827
global step: 2000, training loss: 0.02, time: 1881.96s
current epoch:  38
validation batch 1 / 18, val_mae: 0.19
val mae 0.18453922867774963
current epoch:  39
validation batch 1 / 18, val_mae: 0.19
val mae 0.18314836339818108
current epoch:  40
validation batch 1 / 18, val_mae: 0.19
val mae 0.18404292977518505
current epoch:  41
validation batch 1 / 18, val_mae: 0.19
val mae 0.18632528765334022
current epoch:  42
validation batch 1 / 18, val_mae: 0.19
val mae 0.18066993686887953
best epoch:  42
best val mae:  0.18066993686887953
save parameters to file: baselines_save_model/dstagnn/Shenzhen/MAR/dstagnn_0.50/best.params
current epoch:  43
validation batch 1 / 18, val_mae: 0.19
val mae 0.1811234744058715
current epoch:  44
validation batch 1 / 18, val_mae: 0.19
val mae 0.18144273426797655
current epoch:  45
validation batch 1 / 18, val_mae: 0.19
val mae 0.18123512218395868
current epoch:  46
validation batch 1 / 18, val_mae: 0.19
val mae 0.18102387504445183
current epoch:  47
validation batch 1 / 18, val_mae: 0.19
val mae 0.17992578115728167
best epoch:  47
best val mae:  0.17992578115728167
save parameters to file: baselines_save_model/dstagnn/Shenzhen/MAR/dstagnn_0.50/best.params
current epoch:  48
validation batch 1 / 18, val_mae: 0.19
val mae 0.1787369375427564
best epoch:  48
best val mae:  0.1787369375427564
save parameters to file: baselines_save_model/dstagnn/Shenzhen/MAR/dstagnn_0.50/best.params
current epoch:  49
validation batch 1 / 18, val_mae: 0.19
val mae 0.17856245156791475
best epoch:  49
best val mae:  0.17856245156791475
save parameters to file: baselines_save_model/dstagnn/Shenzhen/MAR/dstagnn_0.50/best.params
current epoch:  50
validation batch 1 / 18, val_mae: 0.19
val mae 0.18140804933177102
current epoch:  51
validation batch 1 / 18, val_mae: 0.19
val mae 0.17800648510456085
best epoch:  51
best val mae:  0.17800648510456085
save parameters to file: baselines_save_model/dstagnn/Shenzhen/MAR/dstagnn_0.50/best.params
current epoch:  52
validation batch 1 / 18, val_mae: 0.19
val mae 0.1772194662027889
best epoch:  52
best val mae:  0.1772194662027889
save parameters to file: baselines_save_model/dstagnn/Shenzhen/MAR/dstagnn_0.50/best.params
current epoch:  53
validation batch 1 / 18, val_mae: 0.19
val mae 0.17576945241954592
best epoch:  53
best val mae:  0.17576945241954592
save parameters to file: baselines_save_model/dstagnn/Shenzhen/MAR/dstagnn_0.50/best.params
current epoch:  54
validation batch 1 / 18, val_mae: 0.19
val mae 0.1769537619418568
current epoch:  55
validation batch 1 / 18, val_mae: 0.19
val mae 0.1756460103723738
best epoch:  55
best val mae:  0.1756460103723738
save parameters to file: baselines_save_model/dstagnn/Shenzhen/MAR/dstagnn_0.50/best.params
global step: 3000, training loss: 0.01, time: 2893.67s
current epoch:  56
validation batch 1 / 18, val_mae: 0.19
val mae 0.1753843335641755
best epoch:  56
best val mae:  0.1753843335641755
save parameters to file: baselines_save_model/dstagnn/Shenzhen/MAR/dstagnn_0.50/best.params
current epoch:  57
validation batch 1 / 18, val_mae: 0.19
val mae 0.17632973690827689
current epoch:  58
validation batch 1 / 18, val_mae: 0.19
val mae 0.1775356713268492
current epoch:  59
validation batch 1 / 18, val_mae: 0.19
val mae 0.17534588360124165
best epoch:  59
best val mae:  0.17534588360124165
save parameters to file: baselines_save_model/dstagnn/Shenzhen/MAR/dstagnn_0.50/best.params
current epoch:  60
validation batch 1 / 18, val_mae: 0.18
val mae 0.17290476626820034
best epoch:  60
best val mae:  0.17290476626820034
save parameters to file: baselines_save_model/dstagnn/Shenzhen/MAR/dstagnn_0.50/best.params
current epoch:  61
validation batch 1 / 18, val_mae: 0.19
val mae 0.1749847415420744
current epoch:  62
validation batch 1 / 18, val_mae: 0.18
val mae 0.17396674553553262
current epoch:  63
validation batch 1 / 18, val_mae: 0.18
val mae 0.17347070740328896
current epoch:  64
validation batch 1 / 18, val_mae: 0.18
val mae 0.1733282224999534
current epoch:  65
validation batch 1 / 18, val_mae: 0.18
val mae 0.1720315201414956
best epoch:  65
best val mae:  0.1720315201414956
save parameters to file: baselines_save_model/dstagnn/Shenzhen/MAR/dstagnn_0.50/best.params
current epoch:  66
validation batch 1 / 18, val_mae: 0.18
val mae 0.1738999444577429
current epoch:  67
validation batch 1 / 18, val_mae: 0.18
val mae 0.17192230539189446
best epoch:  67
best val mae:  0.17192230539189446
save parameters to file: baselines_save_model/dstagnn/Shenzhen/MAR/dstagnn_0.50/best.params
current epoch:  68
validation batch 1 / 18, val_mae: 0.18
val mae 0.17215258793698418
current epoch:  69
validation batch 1 / 18, val_mae: 0.18
val mae 0.17116139084100723
best epoch:  69
best val mae:  0.17116139084100723
save parameters to file: baselines_save_model/dstagnn/Shenzhen/MAR/dstagnn_0.50/best.params
current epoch:  70
validation batch 1 / 18, val_mae: 0.18
val mae 0.1726316081153022
current epoch:  71
validation batch 1 / 18, val_mae: 0.18
val mae 0.17198850793970955
current epoch:  72
validation batch 1 / 18, val_mae: 0.18
val mae 0.1703979033562872
best epoch:  72
best val mae:  0.1703979033562872
save parameters to file: baselines_save_model/dstagnn/Shenzhen/MAR/dstagnn_0.50/best.params
current epoch:  73
validation batch 1 / 18, val_mae: 0.18
val mae 0.17186888721254137
current epoch:  74
validation batch 1 / 18, val_mae: 0.18
val mae 0.17061513082848656
global step: 4000, training loss: 0.01, time: 4052.05s
current epoch:  75
validation batch 1 / 18, val_mae: 0.18
val mae 0.1700746872358852
best epoch:  75
best val mae:  0.1700746872358852
save parameters to file: baselines_save_model/dstagnn/Shenzhen/MAR/dstagnn_0.50/best.params
current epoch:  76
validation batch 1 / 18, val_mae: 0.18
val mae 0.17065499474604925
current epoch:  77
validation batch 1 / 18, val_mae: 0.18
val mae 0.16996472577253977
best epoch:  77
best val mae:  0.16996472577253977
save parameters to file: baselines_save_model/dstagnn/Shenzhen/MAR/dstagnn_0.50/best.params
current epoch:  78
validation batch 1 / 18, val_mae: 0.18
val mae 0.16948849625057644
best epoch:  78
best val mae:  0.16948849625057644
save parameters to file: baselines_save_model/dstagnn/Shenzhen/MAR/dstagnn_0.50/best.params
current epoch:  79
validation batch 1 / 18, val_mae: 0.18
val mae 0.17055344995525148
current epoch:  80
validation batch 1 / 18, val_mae: 0.18
val mae 0.16919606178998947
best epoch:  80
best val mae:  0.16919606178998947
save parameters to file: baselines_save_model/dstagnn/Shenzhen/MAR/dstagnn_0.50/best.params
current epoch:  81
validation batch 1 / 18, val_mae: 0.18
val mae 0.16846316556135812
best epoch:  81
best val mae:  0.16846316556135812
save parameters to file: baselines_save_model/dstagnn/Shenzhen/MAR/dstagnn_0.50/best.params
current epoch:  82
validation batch 1 / 18, val_mae: 0.18
val mae 0.16862600793441138
current epoch:  83
validation batch 1 / 18, val_mae: 0.18
val mae 0.1693075489666727
current epoch:  84
validation batch 1 / 18, val_mae: 0.18
val mae 0.1696597296330664
current epoch:  85
validation batch 1 / 18, val_mae: 0.18
val mae 0.1680321709977256
best epoch:  85
best val mae:  0.1680321709977256
save parameters to file: baselines_save_model/dstagnn/Shenzhen/MAR/dstagnn_0.50/best.params
current epoch:  86
validation batch 1 / 18, val_mae: 0.18
val mae 0.16840384072727627
current epoch:  87
validation batch 1 / 18, val_mae: 0.18
val mae 0.16832661214802
current epoch:  88
validation batch 1 / 18, val_mae: 0.18
val mae 0.16767924858464134
best epoch:  88
best val mae:  0.16767924858464134
save parameters to file: baselines_save_model/dstagnn/Shenzhen/MAR/dstagnn_0.50/best.params
current epoch:  89
validation batch 1 / 18, val_mae: 0.18
val mae 0.16910075727436277
best epoch: 88
load weight from: baselines_save_model/dstagnn/Shenzhen/MAR/dstagnn_0.50/best.params
predicting data set batch 1 / 18
input: (576, 627, 1, 6)
prediction: (576, 627, 6)
Test MAE: 1.879, Test RMSE: 2.742 Test MAPE: 7.750
Spend Time: 5033.621778249741
