Read configuration file: baselines/dstagnn_modules/configurations/Shenzhen.conf
CUDA: cuda:3
folder_dir: dstagnn_0.50
params_path: baselines_save_model/dstagnn/Shenzhen/MNAR/dstagnn_0.50
delete the old one and create params directory baselines_save_model/dstagnn/Shenzhen/MNAR/dstagnn_0.50
current epoch:  0
validation batch 1 / 18, val_mae: 1.12
val mae 1.1267157329453363
best epoch:  0
best val mae:  1.1267157329453363
save parameters to file: baselines_save_model/dstagnn/Shenzhen/MNAR/dstagnn_0.50/best.params
current epoch:  1
validation batch 1 / 18, val_mae: 0.40
val mae 0.38142621848318314
best epoch:  1
best val mae:  0.38142621848318314
save parameters to file: baselines_save_model/dstagnn/Shenzhen/MNAR/dstagnn_0.50/best.params
current epoch:  2
validation batch 1 / 18, val_mae: 0.31
val mae 0.2936855074432161
best epoch:  2
best val mae:  0.2936855074432161
save parameters to file: baselines_save_model/dstagnn/Shenzhen/MNAR/dstagnn_0.50/best.params
current epoch:  3
validation batch 1 / 18, val_mae: 0.27
val mae 0.24847732235987982
best epoch:  3
best val mae:  0.24847732235987982
save parameters to file: baselines_save_model/dstagnn/Shenzhen/MNAR/dstagnn_0.50/best.params
current epoch:  4
validation batch 1 / 18, val_mae: 0.25
val mae 0.23492089493407142
best epoch:  4
best val mae:  0.23492089493407142
save parameters to file: baselines_save_model/dstagnn/Shenzhen/MNAR/dstagnn_0.50/best.params
current epoch:  5
validation batch 1 / 18, val_mae: 0.25
val mae 0.22786725560824075
best epoch:  5
best val mae:  0.22786725560824075
save parameters to file: baselines_save_model/dstagnn/Shenzhen/MNAR/dstagnn_0.50/best.params
current epoch:  6
validation batch 1 / 18, val_mae: 0.24
val mae 0.22533789028724036
best epoch:  6
best val mae:  0.22533789028724036
save parameters to file: baselines_save_model/dstagnn/Shenzhen/MNAR/dstagnn_0.50/best.params
current epoch:  7
validation batch 1 / 18, val_mae: 0.24
val mae 0.22019430332713658
best epoch:  7
best val mae:  0.22019430332713658
save parameters to file: baselines_save_model/dstagnn/Shenzhen/MNAR/dstagnn_0.50/best.params
current epoch:  8
validation batch 1 / 18, val_mae: 0.24
val mae 0.22181576407617992
current epoch:  9
validation batch 1 / 18, val_mae: 0.23
val mae 0.2182622469133801
best epoch:  9
best val mae:  0.2182622469133801
save parameters to file: baselines_save_model/dstagnn/Shenzhen/MNAR/dstagnn_0.50/best.params
current epoch:  10
validation batch 1 / 18, val_mae: 0.23
val mae 0.21107974317338732
best epoch:  10
best val mae:  0.21107974317338732
save parameters to file: baselines_save_model/dstagnn/Shenzhen/MNAR/dstagnn_0.50/best.params
current epoch:  11
validation batch 1 / 18, val_mae: 0.23
val mae 0.21345718618896273
current epoch:  12
validation batch 1 / 18, val_mae: 0.23
val mae 0.21107826050784853
best epoch:  12
best val mae:  0.21107826050784853
save parameters to file: baselines_save_model/dstagnn/Shenzhen/MNAR/dstagnn_0.50/best.params
current epoch:  13
validation batch 1 / 18, val_mae: 0.22
val mae 0.20943628665473726
best epoch:  13
best val mae:  0.20943628665473726
save parameters to file: baselines_save_model/dstagnn/Shenzhen/MNAR/dstagnn_0.50/best.params
current epoch:  14
validation batch 1 / 18, val_mae: 0.22
val mae 0.20717129939132267
best epoch:  14
best val mae:  0.20717129939132267
save parameters to file: baselines_save_model/dstagnn/Shenzhen/MNAR/dstagnn_0.50/best.params
current epoch:  15
validation batch 1 / 18, val_mae: 0.22
val mae 0.20800218482812247
current epoch:  16
validation batch 1 / 18, val_mae: 0.22
val mae 0.20482659919394386
best epoch:  16
best val mae:  0.20482659919394386
save parameters to file: baselines_save_model/dstagnn/Shenzhen/MNAR/dstagnn_0.50/best.params
current epoch:  17
validation batch 1 / 18, val_mae: 0.22
val mae 0.20223421934578154
best epoch:  17
best val mae:  0.20223421934578154
save parameters to file: baselines_save_model/dstagnn/Shenzhen/MNAR/dstagnn_0.50/best.params
current epoch:  18
validation batch 1 / 18, val_mae: 0.22
val mae 0.20039254344171947
best epoch:  18
best val mae:  0.20039254344171947
save parameters to file: baselines_save_model/dstagnn/Shenzhen/MNAR/dstagnn_0.50/best.params
global step: 1000, training loss: 0.04, time: 507.69s
current epoch:  19
validation batch 1 / 18, val_mae: 0.22
val mae 0.203468586007754
current epoch:  20
validation batch 1 / 18, val_mae: 0.22
val mae 0.2013713096578916
current epoch:  21
validation batch 1 / 18, val_mae: 0.22
val mae 0.2015448643101586
current epoch:  22
validation batch 1 / 18, val_mae: 0.21
val mae 0.19890238261885113
best epoch:  22
best val mae:  0.19890238261885113
save parameters to file: baselines_save_model/dstagnn/Shenzhen/MNAR/dstagnn_0.50/best.params
current epoch:  23
validation batch 1 / 18, val_mae: 0.21
val mae 0.19769759641753304
best epoch:  23
best val mae:  0.19769759641753304
save parameters to file: baselines_save_model/dstagnn/Shenzhen/MNAR/dstagnn_0.50/best.params
current epoch:  24
validation batch 1 / 18, val_mae: 0.21
val mae 0.19719122350215912
best epoch:  24
best val mae:  0.19719122350215912
save parameters to file: baselines_save_model/dstagnn/Shenzhen/MNAR/dstagnn_0.50/best.params
current epoch:  25
validation batch 1 / 18, val_mae: 0.21
val mae 0.19624706937207115
best epoch:  25
best val mae:  0.19624706937207115
save parameters to file: baselines_save_model/dstagnn/Shenzhen/MNAR/dstagnn_0.50/best.params
current epoch:  26
validation batch 1 / 18, val_mae: 0.21
val mae 0.19792523152298397
current epoch:  27
validation batch 1 / 18, val_mae: 0.21
val mae 0.1960135880443785
best epoch:  27
best val mae:  0.1960135880443785
save parameters to file: baselines_save_model/dstagnn/Shenzhen/MNAR/dstagnn_0.50/best.params
current epoch:  28
validation batch 1 / 18, val_mae: 0.21
val mae 0.1970026103986634
current epoch:  29
validation batch 1 / 18, val_mae: 0.21
val mae 0.19566908478736877
best epoch:  29
best val mae:  0.19566908478736877
save parameters to file: baselines_save_model/dstagnn/Shenzhen/MNAR/dstagnn_0.50/best.params
current epoch:  30
validation batch 1 / 18, val_mae: 0.21
val mae 0.1933921186460389
best epoch:  30
best val mae:  0.1933921186460389
save parameters to file: baselines_save_model/dstagnn/Shenzhen/MNAR/dstagnn_0.50/best.params
current epoch:  31
validation batch 1 / 18, val_mae: 0.21
val mae 0.19516667475303015
current epoch:  32
validation batch 1 / 18, val_mae: 0.21
val mae 0.19518648833036423
current epoch:  33
validation batch 1 / 18, val_mae: 0.21
val mae 0.19248129179080328
best epoch:  33
best val mae:  0.19248129179080328
save parameters to file: baselines_save_model/dstagnn/Shenzhen/MNAR/dstagnn_0.50/best.params
current epoch:  34
validation batch 1 / 18, val_mae: 0.21
val mae 0.19279257125324673
current epoch:  35
validation batch 1 / 18, val_mae: 0.21
val mae 0.19210073186291587
best epoch:  35
best val mae:  0.19210073186291587
save parameters to file: baselines_save_model/dstagnn/Shenzhen/MNAR/dstagnn_0.50/best.params
current epoch:  36
validation batch 1 / 18, val_mae: 0.21
val mae 0.1932115149166849
current epoch:  37
validation batch 1 / 18, val_mae: 0.21
val mae 0.19137682103448445
best epoch:  37
best val mae:  0.19137682103448445
save parameters to file: baselines_save_model/dstagnn/Shenzhen/MNAR/dstagnn_0.50/best.params
global step: 2000, training loss: 0.03, time: 1010.78s
current epoch:  38
validation batch 1 / 18, val_mae: 0.20
val mae 0.19052626275353962
best epoch:  38
best val mae:  0.19052626275353962
save parameters to file: baselines_save_model/dstagnn/Shenzhen/MNAR/dstagnn_0.50/best.params
current epoch:  39
validation batch 1 / 18, val_mae: 0.20
val mae 0.1893840812974506
best epoch:  39
best val mae:  0.1893840812974506
save parameters to file: baselines_save_model/dstagnn/Shenzhen/MNAR/dstagnn_0.50/best.params
current epoch:  40
validation batch 1 / 18, val_mae: 0.21
val mae 0.19091879410876167
current epoch:  41
validation batch 1 / 18, val_mae: 0.21
val mae 0.19166337615913814
current epoch:  42
validation batch 1 / 18, val_mae: 0.20
val mae 0.1895005769199795
current epoch:  43
validation batch 1 / 18, val_mae: 0.20
val mae 0.190228541692098
current epoch:  44
validation batch 1 / 18, val_mae: 0.20
val mae 0.18907498319943747
best epoch:  44
best val mae:  0.18907498319943747
save parameters to file: baselines_save_model/dstagnn/Shenzhen/MNAR/dstagnn_0.50/best.params
current epoch:  45
validation batch 1 / 18, val_mae: 0.20
val mae 0.18906787700123256
best epoch:  45
best val mae:  0.18906787700123256
save parameters to file: baselines_save_model/dstagnn/Shenzhen/MNAR/dstagnn_0.50/best.params
current epoch:  46
validation batch 1 / 18, val_mae: 0.20
val mae 0.18844782643847996
best epoch:  46
best val mae:  0.18844782643847996
save parameters to file: baselines_save_model/dstagnn/Shenzhen/MNAR/dstagnn_0.50/best.params
current epoch:  47
validation batch 1 / 18, val_mae: 0.20
val mae 0.18647866447766623
best epoch:  47
best val mae:  0.18647866447766623
save parameters to file: baselines_save_model/dstagnn/Shenzhen/MNAR/dstagnn_0.50/best.params
current epoch:  48
validation batch 1 / 18, val_mae: 0.20
val mae 0.1869477637939983
current epoch:  49
validation batch 1 / 18, val_mae: 0.20
val mae 0.18661681562662125
current epoch:  50
validation batch 1 / 18, val_mae: 0.20
val mae 0.18713645388682684
current epoch:  51
validation batch 1 / 18, val_mae: 0.20
val mae 0.1855849822362264
best epoch:  51
best val mae:  0.1855849822362264
save parameters to file: baselines_save_model/dstagnn/Shenzhen/MNAR/dstagnn_0.50/best.params
current epoch:  52
validation batch 1 / 18, val_mae: 0.20
val mae 0.18685489727391136
current epoch:  53
validation batch 1 / 18, val_mae: 0.20
val mae 0.1854984470539623
best epoch:  53
best val mae:  0.1854984470539623
save parameters to file: baselines_save_model/dstagnn/Shenzhen/MNAR/dstagnn_0.50/best.params
current epoch:  54
validation batch 1 / 18, val_mae: 0.20
val mae 0.18440318355957666
best epoch:  54
best val mae:  0.18440318355957666
save parameters to file: baselines_save_model/dstagnn/Shenzhen/MNAR/dstagnn_0.50/best.params
current epoch:  55
validation batch 1 / 18, val_mae: 0.20
val mae 0.18427715202172598
best epoch:  55
best val mae:  0.18427715202172598
save parameters to file: baselines_save_model/dstagnn/Shenzhen/MNAR/dstagnn_0.50/best.params
global step: 3000, training loss: 0.03, time: 1509.14s
current epoch:  56
validation batch 1 / 18, val_mae: 0.20
val mae 0.18401156779792574
best epoch:  56
best val mae:  0.18401156779792574
save parameters to file: baselines_save_model/dstagnn/Shenzhen/MNAR/dstagnn_0.50/best.params
current epoch:  57
validation batch 1 / 18, val_mae: 0.20
val mae 0.18315397534105513
best epoch:  57
best val mae:  0.18315397534105513
save parameters to file: baselines_save_model/dstagnn/Shenzhen/MNAR/dstagnn_0.50/best.params
current epoch:  58
validation batch 1 / 18, val_mae: 0.20
val mae 0.18646623028649223
current epoch:  59
validation batch 1 / 18, val_mae: 0.20
val mae 0.18307004620631537
best epoch:  59
best val mae:  0.18307004620631537
save parameters to file: baselines_save_model/dstagnn/Shenzhen/MNAR/dstagnn_0.50/best.params
current epoch:  60
validation batch 1 / 18, val_mae: 0.19
val mae 0.18209446138805813
best epoch:  60
best val mae:  0.18209446138805813
save parameters to file: baselines_save_model/dstagnn/Shenzhen/MNAR/dstagnn_0.50/best.params
current epoch:  61
validation batch 1 / 18, val_mae: 0.20
val mae 0.18242785169018638
current epoch:  62
validation batch 1 / 18, val_mae: 0.20
val mae 0.18277216454346976
current epoch:  63
validation batch 1 / 18, val_mae: 0.20
val mae 0.1825394688381089
current epoch:  64
validation batch 1 / 18, val_mae: 0.19
val mae 0.18121752308474648
best epoch:  64
best val mae:  0.18121752308474648
save parameters to file: baselines_save_model/dstagnn/Shenzhen/MNAR/dstagnn_0.50/best.params
current epoch:  65
validation batch 1 / 18, val_mae: 0.19
val mae 0.1802627080016666
best epoch:  65
best val mae:  0.1802627080016666
save parameters to file: baselines_save_model/dstagnn/Shenzhen/MNAR/dstagnn_0.50/best.params
current epoch:  66
validation batch 1 / 18, val_mae: 0.19
val mae 0.1815033968951967
current epoch:  67
validation batch 1 / 18, val_mae: 0.19
val mae 0.18060429145892462
current epoch:  68
validation batch 1 / 18, val_mae: 0.19
val mae 0.18165363536940682
current epoch:  69
validation batch 1 / 18, val_mae: 0.19
val mae 0.1799778855509228
best epoch:  69
best val mae:  0.1799778855509228
save parameters to file: baselines_save_model/dstagnn/Shenzhen/MNAR/dstagnn_0.50/best.params
current epoch:  70
validation batch 1 / 18, val_mae: 0.19
val mae 0.17903401950995126
best epoch:  70
best val mae:  0.17903401950995126
save parameters to file: baselines_save_model/dstagnn/Shenzhen/MNAR/dstagnn_0.50/best.params
current epoch:  71
validation batch 1 / 18, val_mae: 0.19
val mae 0.1795662467678388
current epoch:  72
validation batch 1 / 18, val_mae: 0.19
val mae 0.1792434131105741
current epoch:  73
validation batch 1 / 18, val_mae: 0.19
val mae 0.178260690636105
best epoch:  73
best val mae:  0.178260690636105
save parameters to file: baselines_save_model/dstagnn/Shenzhen/MNAR/dstagnn_0.50/best.params
current epoch:  74
validation batch 1 / 18, val_mae: 0.19
val mae 0.1779928058385849
best epoch:  74
best val mae:  0.1779928058385849
save parameters to file: baselines_save_model/dstagnn/Shenzhen/MNAR/dstagnn_0.50/best.params
global step: 4000, training loss: 0.02, time: 2011.20s
current epoch:  75
validation batch 1 / 18, val_mae: 0.19
val mae 0.17915716767311096
current epoch:  76
validation batch 1 / 18, val_mae: 0.19
val mae 0.17716168529457516
best epoch:  76
best val mae:  0.17716168529457516
save parameters to file: baselines_save_model/dstagnn/Shenzhen/MNAR/dstagnn_0.50/best.params
current epoch:  77
validation batch 1 / 18, val_mae: 0.19
val mae 0.17718692537811068
current epoch:  78
validation batch 1 / 18, val_mae: 0.19
val mae 0.1775907518135177
current epoch:  79
validation batch 1 / 18, val_mae: 0.19
val mae 0.17736792978313234
current epoch:  80
validation batch 1 / 18, val_mae: 0.19
val mae 0.17634963078631294
best epoch:  80
best val mae:  0.17634963078631294
save parameters to file: baselines_save_model/dstagnn/Shenzhen/MNAR/dstagnn_0.50/best.params
current epoch:  81
validation batch 1 / 18, val_mae: 0.19
val mae 0.1756034576230579
best epoch:  81
best val mae:  0.1756034576230579
save parameters to file: baselines_save_model/dstagnn/Shenzhen/MNAR/dstagnn_0.50/best.params
current epoch:  82
validation batch 1 / 18, val_mae: 0.19
val mae 0.1760512739419937
current epoch:  83
validation batch 1 / 18, val_mae: 0.19
val mae 0.1764176595542166
current epoch:  84
validation batch 1 / 18, val_mae: 0.19
val mae 0.17603346125947106
current epoch:  85
validation batch 1 / 18, val_mae: 0.19
val mae 0.1754759152730306
best epoch:  85
best val mae:  0.1754759152730306
save parameters to file: baselines_save_model/dstagnn/Shenzhen/MNAR/dstagnn_0.50/best.params
current epoch:  86
validation batch 1 / 18, val_mae: 0.19
val mae 0.17547474801540375
best epoch:  86
best val mae:  0.17547474801540375
save parameters to file: baselines_save_model/dstagnn/Shenzhen/MNAR/dstagnn_0.50/best.params
current epoch:  87
validation batch 1 / 18, val_mae: 0.19
val mae 0.17480864541398156
best epoch:  87
best val mae:  0.17480864541398156
save parameters to file: baselines_save_model/dstagnn/Shenzhen/MNAR/dstagnn_0.50/best.params
current epoch:  88
validation batch 1 / 18, val_mae: 0.19
val mae 0.17557752711905372
current epoch:  89
validation batch 1 / 18, val_mae: 0.19
val mae 0.1756704044010904
best epoch: 87
load weight from: baselines_save_model/dstagnn/Shenzhen/MNAR/dstagnn_0.50/best.params
predicting data set batch 1 / 18
input: (576, 627, 1, 6)
prediction: (576, 627, 6)
Test MAE: 1.967, Test RMSE: 2.929 Test MAPE: 8.138
Spend Time: 2441.715356349945
