Read configuration file: baselines/dstagnn_modules/configurations/Shenzhen.conf
CUDA: cuda:2
folder_dir: dstagnn_0.50
params_path: baselines_save_model/dstagnn/Shenzhen/MAR/dstagnn_0.50
delete the old one and create params directory baselines_save_model/dstagnn/Shenzhen/MAR/dstagnn_0.50
current epoch:  0
validation batch 1 / 18, val_mae: 1.10
val mae 1.0936820242140028
best epoch:  0
best val mae:  1.0936820242140028
save parameters to file: baselines_save_model/dstagnn/Shenzhen/MAR/dstagnn_0.50/best.params
current epoch:  1
validation batch 1 / 18, val_mae: 0.28
val mae 0.2698315762811237
best epoch:  1
best val mae:  0.2698315762811237
save parameters to file: baselines_save_model/dstagnn/Shenzhen/MAR/dstagnn_0.50/best.params
current epoch:  2
validation batch 1 / 18, val_mae: 0.25
val mae 0.24293208453390333
best epoch:  2
best val mae:  0.24293208453390333
save parameters to file: baselines_save_model/dstagnn/Shenzhen/MAR/dstagnn_0.50/best.params
current epoch:  3
validation batch 1 / 18, val_mae: 0.25
val mae 0.23932330393128926
best epoch:  3
best val mae:  0.23932330393128926
save parameters to file: baselines_save_model/dstagnn/Shenzhen/MAR/dstagnn_0.50/best.params
current epoch:  4
validation batch 1 / 18, val_mae: 0.23
val mae 0.22399148013856676
best epoch:  4
best val mae:  0.22399148013856676
save parameters to file: baselines_save_model/dstagnn/Shenzhen/MAR/dstagnn_0.50/best.params
current epoch:  5
validation batch 1 / 18, val_mae: 0.23
val mae 0.21854792204168108
best epoch:  5
best val mae:  0.21854792204168108
save parameters to file: baselines_save_model/dstagnn/Shenzhen/MAR/dstagnn_0.50/best.params
current epoch:  6
validation batch 1 / 18, val_mae: 0.22
val mae 0.2137234831849734
best epoch:  6
best val mae:  0.2137234831849734
save parameters to file: baselines_save_model/dstagnn/Shenzhen/MAR/dstagnn_0.50/best.params
current epoch:  7
validation batch 1 / 18, val_mae: 0.22
val mae 0.2116881940099928
best epoch:  7
best val mae:  0.2116881940099928
save parameters to file: baselines_save_model/dstagnn/Shenzhen/MAR/dstagnn_0.50/best.params
current epoch:  8
validation batch 1 / 18, val_mae: 0.22
val mae 0.20641150491105187
best epoch:  8
best val mae:  0.20641150491105187
save parameters to file: baselines_save_model/dstagnn/Shenzhen/MAR/dstagnn_0.50/best.params
current epoch:  9
validation batch 1 / 18, val_mae: 0.22
val mae 0.20681942419873345
current epoch:  10
validation batch 1 / 18, val_mae: 0.22
val mae 0.20609888434410095
best epoch:  10
best val mae:  0.20609888434410095
save parameters to file: baselines_save_model/dstagnn/Shenzhen/MAR/dstagnn_0.50/best.params
current epoch:  11
validation batch 1 / 18, val_mae: 0.21
val mae 0.20434273862176472
best epoch:  11
best val mae:  0.20434273862176472
save parameters to file: baselines_save_model/dstagnn/Shenzhen/MAR/dstagnn_0.50/best.params
current epoch:  12
validation batch 1 / 18, val_mae: 0.21
val mae 0.20139958461125693
best epoch:  12
best val mae:  0.20139958461125693
save parameters to file: baselines_save_model/dstagnn/Shenzhen/MAR/dstagnn_0.50/best.params
current epoch:  13
validation batch 1 / 18, val_mae: 0.21
val mae 0.20464437206586203
current epoch:  14
validation batch 1 / 18, val_mae: 0.21
val mae 0.20384104632669026
current epoch:  15
validation batch 1 / 18, val_mae: 0.21
val mae 0.20016375680764517
best epoch:  15
best val mae:  0.20016375680764517
save parameters to file: baselines_save_model/dstagnn/Shenzhen/MAR/dstagnn_0.50/best.params
current epoch:  16
validation batch 1 / 18, val_mae: 0.21
val mae 0.20108060290416083
current epoch:  17
validation batch 1 / 18, val_mae: 0.21
val mae 0.20060417966710198
current epoch:  18
validation batch 1 / 18, val_mae: 0.21
val mae 0.19926216370529598
best epoch:  18
best val mae:  0.19926216370529598
save parameters to file: baselines_save_model/dstagnn/Shenzhen/MAR/dstagnn_0.50/best.params
global step: 1000, training loss: 0.02, time: 898.98s
current epoch:  19
validation batch 1 / 18, val_mae: 0.21
val mae 0.199485053618749
current epoch:  20
validation batch 1 / 18, val_mae: 0.21
val mae 0.19826120883226395
best epoch:  20
best val mae:  0.19826120883226395
save parameters to file: baselines_save_model/dstagnn/Shenzhen/MAR/dstagnn_0.50/best.params
current epoch:  21
validation batch 1 / 18, val_mae: 0.21
val mae 0.19831031643682057
current epoch:  22
validation batch 1 / 18, val_mae: 0.21
val mae 0.19604275872310004
best epoch:  22
best val mae:  0.19604275872310004
save parameters to file: baselines_save_model/dstagnn/Shenzhen/MAR/dstagnn_0.50/best.params
current epoch:  23
validation batch 1 / 18, val_mae: 0.20
val mae 0.19247411025895012
best epoch:  23
best val mae:  0.19247411025895012
save parameters to file: baselines_save_model/dstagnn/Shenzhen/MAR/dstagnn_0.50/best.params
current epoch:  24
validation batch 1 / 18, val_mae: 0.20
val mae 0.19424420264032152
current epoch:  25
validation batch 1 / 18, val_mae: 0.20
val mae 0.19302124198940065
current epoch:  26
validation batch 1 / 18, val_mae: 0.20
val mae 0.19118317051066291
best epoch:  26
best val mae:  0.19118317051066291
save parameters to file: baselines_save_model/dstagnn/Shenzhen/MAR/dstagnn_0.50/best.params
current epoch:  27
validation batch 1 / 18, val_mae: 0.20
val mae 0.1929897525244289
current epoch:  28
validation batch 1 / 18, val_mae: 0.20
val mae 0.19360837009218004
current epoch:  29
validation batch 1 / 18, val_mae: 0.20
val mae 0.19351294885079065
current epoch:  30
validation batch 1 / 18, val_mae: 0.20
val mae 0.1905005234811041
best epoch:  30
best val mae:  0.1905005234811041
save parameters to file: baselines_save_model/dstagnn/Shenzhen/MAR/dstagnn_0.50/best.params
current epoch:  31
validation batch 1 / 18, val_mae: 0.20
val mae 0.19288025713629192
current epoch:  32
validation batch 1 / 18, val_mae: 0.20
val mae 0.1883363781703843
best epoch:  32
best val mae:  0.1883363781703843
save parameters to file: baselines_save_model/dstagnn/Shenzhen/MAR/dstagnn_0.50/best.params
current epoch:  33
validation batch 1 / 18, val_mae: 0.20
val mae 0.18848993298080233
current epoch:  34
validation batch 1 / 18, val_mae: 0.20
val mae 0.18879941436979505
current epoch:  35
validation batch 1 / 18, val_mae: 0.20
val mae 0.18750374598635566
best epoch:  35
best val mae:  0.18750374598635566
save parameters to file: baselines_save_model/dstagnn/Shenzhen/MAR/dstagnn_0.50/best.params
current epoch:  36
validation batch 1 / 18, val_mae: 0.20
val mae 0.18793936984406578
current epoch:  37
validation batch 1 / 18, val_mae: 0.20
val mae 0.18649429827928543
best epoch:  37
best val mae:  0.18649429827928543
save parameters to file: baselines_save_model/dstagnn/Shenzhen/MAR/dstagnn_0.50/best.params
global step: 2000, training loss: 0.02, time: 1788.92s
current epoch:  38
validation batch 1 / 18, val_mae: 0.20
val mae 0.18676346126529905
current epoch:  39
validation batch 1 / 18, val_mae: 0.20
val mae 0.18750623779164421
current epoch:  40
validation batch 1 / 18, val_mae: 0.20
val mae 0.18563518673181534
best epoch:  40
best val mae:  0.18563518673181534
save parameters to file: baselines_save_model/dstagnn/Shenzhen/MAR/dstagnn_0.50/best.params
current epoch:  41
validation batch 1 / 18, val_mae: 0.20
val mae 0.18635773658752441
current epoch:  42
validation batch 1 / 18, val_mae: 0.20
val mae 0.18458136171102524
best epoch:  42
best val mae:  0.18458136171102524
save parameters to file: baselines_save_model/dstagnn/Shenzhen/MAR/dstagnn_0.50/best.params
current epoch:  43
validation batch 1 / 18, val_mae: 0.20
val mae 0.18496948646174538
current epoch:  44
validation batch 1 / 18, val_mae: 0.19
val mae 0.18305954171551597
best epoch:  44
best val mae:  0.18305954171551597
save parameters to file: baselines_save_model/dstagnn/Shenzhen/MAR/dstagnn_0.50/best.params
current epoch:  45
validation batch 1 / 18, val_mae: 0.20
val mae 0.18404028233554628
current epoch:  46
validation batch 1 / 18, val_mae: 0.19
val mae 0.18247339708937538
best epoch:  46
best val mae:  0.18247339708937538
save parameters to file: baselines_save_model/dstagnn/Shenzhen/MAR/dstagnn_0.50/best.params
current epoch:  47
validation batch 1 / 18, val_mae: 0.19
val mae 0.1825143578979704
current epoch:  48
validation batch 1 / 18, val_mae: 0.19
val mae 0.18277461412880155
current epoch:  49
validation batch 1 / 18, val_mae: 0.19
val mae 0.18126539472076628
best epoch:  49
best val mae:  0.18126539472076628
save parameters to file: baselines_save_model/dstagnn/Shenzhen/MAR/dstagnn_0.50/best.params
current epoch:  50
validation batch 1 / 18, val_mae: 0.19
val mae 0.18062089466386372
best epoch:  50
best val mae:  0.18062089466386372
save parameters to file: baselines_save_model/dstagnn/Shenzhen/MAR/dstagnn_0.50/best.params
current epoch:  51
validation batch 1 / 18, val_mae: 0.19
val mae 0.18196752005153233
current epoch:  52
validation batch 1 / 18, val_mae: 0.19
val mae 0.17955578946404988
best epoch:  52
best val mae:  0.17955578946404988
save parameters to file: baselines_save_model/dstagnn/Shenzhen/MAR/dstagnn_0.50/best.params
current epoch:  53
validation batch 1 / 18, val_mae: 0.19
val mae 0.17979136771625942
current epoch:  54
validation batch 1 / 18, val_mae: 0.19
val mae 0.1806574778424369
current epoch:  55
validation batch 1 / 18, val_mae: 0.19
val mae 0.17748765812979805
best epoch:  55
best val mae:  0.17748765812979805
save parameters to file: baselines_save_model/dstagnn/Shenzhen/MAR/dstagnn_0.50/best.params
global step: 3000, training loss: 0.02, time: 2690.78s
current epoch:  56
validation batch 1 / 18, val_mae: 0.19
val mae 0.17950323555204603
current epoch:  57
validation batch 1 / 18, val_mae: 0.19
val mae 0.17717606408728492
best epoch:  57
best val mae:  0.17717606408728492
save parameters to file: baselines_save_model/dstagnn/Shenzhen/MAR/dstagnn_0.50/best.params
current epoch:  58
validation batch 1 / 18, val_mae: 0.19
val mae 0.1769819822576311
best epoch:  58
best val mae:  0.1769819822576311
save parameters to file: baselines_save_model/dstagnn/Shenzhen/MAR/dstagnn_0.50/best.params
current epoch:  59
validation batch 1 / 18, val_mae: 0.19
val mae 0.1760522797703743
best epoch:  59
best val mae:  0.1760522797703743
save parameters to file: baselines_save_model/dstagnn/Shenzhen/MAR/dstagnn_0.50/best.params
current epoch:  60
validation batch 1 / 18, val_mae: 0.19
val mae 0.17514293640851974
best epoch:  60
best val mae:  0.17514293640851974
save parameters to file: baselines_save_model/dstagnn/Shenzhen/MAR/dstagnn_0.50/best.params
current epoch:  61
validation batch 1 / 18, val_mae: 0.19
val mae 0.17603572375244564
current epoch:  62
validation batch 1 / 18, val_mae: 0.19
val mae 0.17566197448306614
current epoch:  63
validation batch 1 / 18, val_mae: 0.19
val mae 0.1750375876824061
best epoch:  63
best val mae:  0.1750375876824061
save parameters to file: baselines_save_model/dstagnn/Shenzhen/MAR/dstagnn_0.50/best.params
current epoch:  64
validation batch 1 / 18, val_mae: 0.18
val mae 0.17270493507385254
best epoch:  64
best val mae:  0.17270493507385254
save parameters to file: baselines_save_model/dstagnn/Shenzhen/MAR/dstagnn_0.50/best.params
current epoch:  65
validation batch 1 / 18, val_mae: 0.18
val mae 0.1731470293468899
current epoch:  66
validation batch 1 / 18, val_mae: 0.18
val mae 0.1732618576950497
current epoch:  67
validation batch 1 / 18, val_mae: 0.18
val mae 0.1726779904630449
best epoch:  67
best val mae:  0.1726779904630449
save parameters to file: baselines_save_model/dstagnn/Shenzhen/MAR/dstagnn_0.50/best.params
current epoch:  68
validation batch 1 / 18, val_mae: 0.18
val mae 0.17173370884524453
best epoch:  68
best val mae:  0.17173370884524453
save parameters to file: baselines_save_model/dstagnn/Shenzhen/MAR/dstagnn_0.50/best.params
current epoch:  69
validation batch 1 / 18, val_mae: 0.18
val mae 0.17305803133381736
current epoch:  70
validation batch 1 / 18, val_mae: 0.18
val mae 0.17181593345271218
current epoch:  71
validation batch 1 / 18, val_mae: 0.18
val mae 0.17234308852089775
current epoch:  72
validation batch 1 / 18, val_mae: 0.18
val mae 0.17064198603232703
best epoch:  72
best val mae:  0.17064198603232703
save parameters to file: baselines_save_model/dstagnn/Shenzhen/MAR/dstagnn_0.50/best.params
current epoch:  73
validation batch 1 / 18, val_mae: 0.18
val mae 0.17051470114125145
best epoch:  73
best val mae:  0.17051470114125145
save parameters to file: baselines_save_model/dstagnn/Shenzhen/MAR/dstagnn_0.50/best.params
current epoch:  74
validation batch 1 / 18, val_mae: 0.18
val mae 0.17029109762774575
best epoch:  74
best val mae:  0.17029109762774575
save parameters to file: baselines_save_model/dstagnn/Shenzhen/MAR/dstagnn_0.50/best.params
global step: 4000, training loss: 0.01, time: 3608.01s
current epoch:  75
validation batch 1 / 18, val_mae: 0.18
val mae 0.17148905909723705
current epoch:  76
validation batch 1 / 18, val_mae: 0.18
val mae 0.17005717919932473
best epoch:  76
best val mae:  0.17005717919932473
save parameters to file: baselines_save_model/dstagnn/Shenzhen/MAR/dstagnn_0.50/best.params
current epoch:  77
validation batch 1 / 18, val_mae: 0.18
val mae 0.16933557556735146
best epoch:  77
best val mae:  0.16933557556735146
save parameters to file: baselines_save_model/dstagnn/Shenzhen/MAR/dstagnn_0.50/best.params
current epoch:  78
validation batch 1 / 18, val_mae: 0.18
val mae 0.16861216144429314
best epoch:  78
best val mae:  0.16861216144429314
save parameters to file: baselines_save_model/dstagnn/Shenzhen/MAR/dstagnn_0.50/best.params
current epoch:  79
validation batch 1 / 18, val_mae: 0.18
val mae 0.16933016313446891
current epoch:  80
validation batch 1 / 18, val_mae: 0.18
val mae 0.16941729353533852
current epoch:  81
validation batch 1 / 18, val_mae: 0.18
val mae 0.16748452103800243
best epoch:  81
best val mae:  0.16748452103800243
save parameters to file: baselines_save_model/dstagnn/Shenzhen/MAR/dstagnn_0.50/best.params
current epoch:  82
validation batch 1 / 18, val_mae: 0.18
val mae 0.16855043255620533
current epoch:  83
validation batch 1 / 18, val_mae: 0.18
val mae 0.16854017062319648
current epoch:  84
validation batch 1 / 18, val_mae: 0.18
val mae 0.16823966221676934
current epoch:  85
validation batch 1 / 18, val_mae: 0.18
val mae 0.16768262949254778
current epoch:  86
validation batch 1 / 18, val_mae: 0.18
val mae 0.16727426730924183
best epoch:  86
best val mae:  0.16727426730924183
save parameters to file: baselines_save_model/dstagnn/Shenzhen/MAR/dstagnn_0.50/best.params
current epoch:  87
validation batch 1 / 18, val_mae: 0.18
val mae 0.1665371060371399
best epoch:  87
best val mae:  0.1665371060371399
save parameters to file: baselines_save_model/dstagnn/Shenzhen/MAR/dstagnn_0.50/best.params
current epoch:  88
validation batch 1 / 18, val_mae: 0.18
val mae 0.16744346419970194
current epoch:  89
validation batch 1 / 18, val_mae: 0.18
val mae 0.1665238936742147
best epoch:  89
best val mae:  0.1665238936742147
save parameters to file: baselines_save_model/dstagnn/Shenzhen/MAR/dstagnn_0.50/best.params
best epoch: 89
load weight from: baselines_save_model/dstagnn/Shenzhen/MAR/dstagnn_0.50/best.params
predicting data set batch 1 / 18
input: (576, 627, 1, 6)
prediction: (576, 627, 6)
Test MAE: 1.866, Test RMSE: 2.709 Test MAPE: 7.587
Spend Time: 4381.536849737167
