Read configuration file: baselines/dstagnn_modules/configurations/Shenzhen.conf
CUDA: cuda:3
folder_dir: dstagnn_0.50
params_path: baselines_save_model/dstagnn/Shenzhen/MNAR/dstagnn_0.50
delete the old one and create params directory baselines_save_model/dstagnn/Shenzhen/MNAR/dstagnn_0.50
current epoch:  0
validation batch 1 / 18, val_mae: 1.82
val mae 1.829314609368642
best epoch:  0
best val mae:  1.829314609368642
save parameters to file: baselines_save_model/dstagnn/Shenzhen/MNAR/dstagnn_0.50/best.params
current epoch:  1
validation batch 1 / 18, val_mae: 0.50
val mae 0.4960632705026203
best epoch:  1
best val mae:  0.4960632705026203
save parameters to file: baselines_save_model/dstagnn/Shenzhen/MNAR/dstagnn_0.50/best.params
current epoch:  2
validation batch 1 / 18, val_mae: 0.32
val mae 0.3066130694415834
best epoch:  2
best val mae:  0.3066130694415834
save parameters to file: baselines_save_model/dstagnn/Shenzhen/MNAR/dstagnn_0.50/best.params
current epoch:  3
validation batch 1 / 18, val_mae: 0.28
val mae 0.26001473350657356
best epoch:  3
best val mae:  0.26001473350657356
save parameters to file: baselines_save_model/dstagnn/Shenzhen/MNAR/dstagnn_0.50/best.params
current epoch:  4
validation batch 1 / 18, val_mae: 0.26
val mae 0.24278785702255037
best epoch:  4
best val mae:  0.24278785702255037
save parameters to file: baselines_save_model/dstagnn/Shenzhen/MNAR/dstagnn_0.50/best.params
current epoch:  5
validation batch 1 / 18, val_mae: 0.25
val mae 0.2350455183121893
best epoch:  5
best val mae:  0.2350455183121893
save parameters to file: baselines_save_model/dstagnn/Shenzhen/MNAR/dstagnn_0.50/best.params
current epoch:  6
validation batch 1 / 18, val_mae: 0.25
val mae 0.23172201050652397
best epoch:  6
best val mae:  0.23172201050652397
save parameters to file: baselines_save_model/dstagnn/Shenzhen/MNAR/dstagnn_0.50/best.params
current epoch:  7
validation batch 1 / 18, val_mae: 0.25
val mae 0.2279687159591251
best epoch:  7
best val mae:  0.2279687159591251
save parameters to file: baselines_save_model/dstagnn/Shenzhen/MNAR/dstagnn_0.50/best.params
current epoch:  8
validation batch 1 / 18, val_mae: 0.24
val mae 0.2218734249472618
best epoch:  8
best val mae:  0.2218734249472618
save parameters to file: baselines_save_model/dstagnn/Shenzhen/MNAR/dstagnn_0.50/best.params
current epoch:  9
validation batch 1 / 18, val_mae: 0.24
val mae 0.2220750865009096
current epoch:  10
validation batch 1 / 18, val_mae: 0.23
val mae 0.21489511844184664
best epoch:  10
best val mae:  0.21489511844184664
save parameters to file: baselines_save_model/dstagnn/Shenzhen/MNAR/dstagnn_0.50/best.params
current epoch:  11
validation batch 1 / 18, val_mae: 0.23
val mae 0.2173891787727674
current epoch:  12
validation batch 1 / 18, val_mae: 0.23
val mae 0.21343731135129929
best epoch:  12
best val mae:  0.21343731135129929
save parameters to file: baselines_save_model/dstagnn/Shenzhen/MNAR/dstagnn_0.50/best.params
current epoch:  13
validation batch 1 / 18, val_mae: 0.23
val mae 0.2170793836315473
current epoch:  14
validation batch 1 / 18, val_mae: 0.22
val mae 0.20700172748830584
best epoch:  14
best val mae:  0.20700172748830584
save parameters to file: baselines_save_model/dstagnn/Shenzhen/MNAR/dstagnn_0.50/best.params
current epoch:  15
validation batch 1 / 18, val_mae: 0.23
val mae 0.21107508407698738
current epoch:  16
validation batch 1 / 18, val_mae: 0.23
val mae 0.21008765283558103
current epoch:  17
validation batch 1 / 18, val_mae: 0.22
val mae 0.20728601101371977
current epoch:  18
validation batch 1 / 18, val_mae: 0.23
val mae 0.2084205216831631
global step: 1000, training loss: 0.03, time: 513.38s
current epoch:  19
validation batch 1 / 18, val_mae: 0.22
val mae 0.2030403647157881
best epoch:  19
best val mae:  0.2030403647157881
save parameters to file: baselines_save_model/dstagnn/Shenzhen/MNAR/dstagnn_0.50/best.params
current epoch:  20
validation batch 1 / 18, val_mae: 0.22
val mae 0.20261278003454208
best epoch:  20
best val mae:  0.20261278003454208
save parameters to file: baselines_save_model/dstagnn/Shenzhen/MNAR/dstagnn_0.50/best.params
current epoch:  21
validation batch 1 / 18, val_mae: 0.22
val mae 0.20256769905487695
best epoch:  21
best val mae:  0.20256769905487695
save parameters to file: baselines_save_model/dstagnn/Shenzhen/MNAR/dstagnn_0.50/best.params
current epoch:  22
validation batch 1 / 18, val_mae: 0.22
val mae 0.20121331844064924
best epoch:  22
best val mae:  0.20121331844064924
save parameters to file: baselines_save_model/dstagnn/Shenzhen/MNAR/dstagnn_0.50/best.params
current epoch:  23
validation batch 1 / 18, val_mae: 0.22
val mae 0.1988126031226582
best epoch:  23
best val mae:  0.1988126031226582
save parameters to file: baselines_save_model/dstagnn/Shenzhen/MNAR/dstagnn_0.50/best.params
current epoch:  24
validation batch 1 / 18, val_mae: 0.22
val mae 0.20083145631684196
current epoch:  25
validation batch 1 / 18, val_mae: 0.21
val mae 0.19646165602737004
best epoch:  25
best val mae:  0.19646165602737004
save parameters to file: baselines_save_model/dstagnn/Shenzhen/MNAR/dstagnn_0.50/best.params
current epoch:  26
validation batch 1 / 18, val_mae: 0.22
val mae 0.19817087137036854
current epoch:  27
validation batch 1 / 18, val_mae: 0.21
val mae 0.19538565393951204
best epoch:  27
best val mae:  0.19538565393951204
save parameters to file: baselines_save_model/dstagnn/Shenzhen/MNAR/dstagnn_0.50/best.params
current epoch:  28
validation batch 1 / 18, val_mae: 0.22
val mae 0.2007887297206455
current epoch:  29
validation batch 1 / 18, val_mae: 0.21
val mae 0.19565815561347538
current epoch:  30
validation batch 1 / 18, val_mae: 0.21
val mae 0.19533567461702558
best epoch:  30
best val mae:  0.19533567461702558
save parameters to file: baselines_save_model/dstagnn/Shenzhen/MNAR/dstagnn_0.50/best.params
current epoch:  31
validation batch 1 / 18, val_mae: 0.21
val mae 0.19485417753458023
best epoch:  31
best val mae:  0.19485417753458023
save parameters to file: baselines_save_model/dstagnn/Shenzhen/MNAR/dstagnn_0.50/best.params
current epoch:  32
validation batch 1 / 18, val_mae: 0.21
val mae 0.19258733259307015
best epoch:  32
best val mae:  0.19258733259307015
save parameters to file: baselines_save_model/dstagnn/Shenzhen/MNAR/dstagnn_0.50/best.params
current epoch:  33
validation batch 1 / 18, val_mae: 0.21
val mae 0.19343525585201052
current epoch:  34
validation batch 1 / 18, val_mae: 0.21
val mae 0.19127314620547825
best epoch:  34
best val mae:  0.19127314620547825
save parameters to file: baselines_save_model/dstagnn/Shenzhen/MNAR/dstagnn_0.50/best.params
current epoch:  35
validation batch 1 / 18, val_mae: 0.21
val mae 0.1923475588361422
current epoch:  36
validation batch 1 / 18, val_mae: 0.21
val mae 0.19352293345663282
current epoch:  37
validation batch 1 / 18, val_mae: 0.21
val mae 0.190991197195318
best epoch:  37
best val mae:  0.190991197195318
save parameters to file: baselines_save_model/dstagnn/Shenzhen/MNAR/dstagnn_0.50/best.params
global step: 2000, training loss: 0.03, time: 1029.62s
current epoch:  38
validation batch 1 / 18, val_mae: 0.21
val mae 0.19023044241799247
best epoch:  38
best val mae:  0.19023044241799247
save parameters to file: baselines_save_model/dstagnn/Shenzhen/MNAR/dstagnn_0.50/best.params
current epoch:  39
validation batch 1 / 18, val_mae: 0.20
val mae 0.1893351384335094
best epoch:  39
best val mae:  0.1893351384335094
save parameters to file: baselines_save_model/dstagnn/Shenzhen/MNAR/dstagnn_0.50/best.params
current epoch:  40
validation batch 1 / 18, val_mae: 0.21
val mae 0.19047370387448204
current epoch:  41
validation batch 1 / 18, val_mae: 0.21
val mae 0.1898935776617792
current epoch:  42
validation batch 1 / 18, val_mae: 0.20
val mae 0.1885689745346705
best epoch:  42
best val mae:  0.1885689745346705
save parameters to file: baselines_save_model/dstagnn/Shenzhen/MNAR/dstagnn_0.50/best.params
current epoch:  43
validation batch 1 / 18, val_mae: 0.20
val mae 0.18778781096140543
best epoch:  43
best val mae:  0.18778781096140543
save parameters to file: baselines_save_model/dstagnn/Shenzhen/MNAR/dstagnn_0.50/best.params
current epoch:  44
validation batch 1 / 18, val_mae: 0.21
val mae 0.18953366577625275
current epoch:  45
validation batch 1 / 18, val_mae: 0.20
val mae 0.1882411390542984
current epoch:  46
validation batch 1 / 18, val_mae: 0.20
val mae 0.18855447322130203
current epoch:  47
validation batch 1 / 18, val_mae: 0.20
val mae 0.18832670234971577
current epoch:  48
validation batch 1 / 18, val_mae: 0.20
val mae 0.18652692271603477
best epoch:  48
best val mae:  0.18652692271603477
save parameters to file: baselines_save_model/dstagnn/Shenzhen/MNAR/dstagnn_0.50/best.params
current epoch:  49
validation batch 1 / 18, val_mae: 0.20
val mae 0.1851968905991978
best epoch:  49
best val mae:  0.1851968905991978
save parameters to file: baselines_save_model/dstagnn/Shenzhen/MNAR/dstagnn_0.50/best.params
current epoch:  50
validation batch 1 / 18, val_mae: 0.20
val mae 0.18549388729863697
current epoch:  51
validation batch 1 / 18, val_mae: 0.20
val mae 0.18460901743835872
best epoch:  51
best val mae:  0.18460901743835872
save parameters to file: baselines_save_model/dstagnn/Shenzhen/MNAR/dstagnn_0.50/best.params
current epoch:  52
validation batch 1 / 18, val_mae: 0.20
val mae 0.18470721029573017
current epoch:  53
validation batch 1 / 18, val_mae: 0.20
val mae 0.18481406735049355
current epoch:  54
validation batch 1 / 18, val_mae: 0.20
val mae 0.1828517946932051
best epoch:  54
best val mae:  0.1828517946932051
save parameters to file: baselines_save_model/dstagnn/Shenzhen/MNAR/dstagnn_0.50/best.params
current epoch:  55
validation batch 1 / 18, val_mae: 0.20
val mae 0.18283159948057598
best epoch:  55
best val mae:  0.18283159948057598
save parameters to file: baselines_save_model/dstagnn/Shenzhen/MNAR/dstagnn_0.50/best.params
global step: 3000, training loss: 0.03, time: 1538.92s
current epoch:  56
validation batch 1 / 18, val_mae: 0.20
val mae 0.18342205633719763
current epoch:  57
validation batch 1 / 18, val_mae: 0.20
val mae 0.18342396368583044
current epoch:  58
validation batch 1 / 18, val_mae: 0.20
val mae 0.18219554093148974
best epoch:  58
best val mae:  0.18219554093148974
save parameters to file: baselines_save_model/dstagnn/Shenzhen/MNAR/dstagnn_0.50/best.params
current epoch:  59
validation batch 1 / 18, val_mae: 0.20
val mae 0.18313708239131504
current epoch:  60
validation batch 1 / 18, val_mae: 0.20
val mae 0.18173842132091522
best epoch:  60
best val mae:  0.18173842132091522
save parameters to file: baselines_save_model/dstagnn/Shenzhen/MNAR/dstagnn_0.50/best.params
current epoch:  61
validation batch 1 / 18, val_mae: 0.20
val mae 0.18203667716847527
current epoch:  62
validation batch 1 / 18, val_mae: 0.20
val mae 0.18225173817740548
current epoch:  63
validation batch 1 / 18, val_mae: 0.20
val mae 0.18274947669770983
current epoch:  64
validation batch 1 / 18, val_mae: 0.19
val mae 0.18019958006011116
best epoch:  64
best val mae:  0.18019958006011116
save parameters to file: baselines_save_model/dstagnn/Shenzhen/MNAR/dstagnn_0.50/best.params
current epoch:  65
validation batch 1 / 18, val_mae: 0.20
val mae 0.18163674076398215
current epoch:  66
validation batch 1 / 18, val_mae: 0.19
val mae 0.18082587586508858
current epoch:  67
validation batch 1 / 18, val_mae: 0.19
val mae 0.18014242748419443
best epoch:  67
best val mae:  0.18014242748419443
save parameters to file: baselines_save_model/dstagnn/Shenzhen/MNAR/dstagnn_0.50/best.params
current epoch:  68
validation batch 1 / 18, val_mae: 0.19
val mae 0.17991847462124294
best epoch:  68
best val mae:  0.17991847462124294
save parameters to file: baselines_save_model/dstagnn/Shenzhen/MNAR/dstagnn_0.50/best.params
current epoch:  69
validation batch 1 / 18, val_mae: 0.20
val mae 0.18152197202046713
current epoch:  70
validation batch 1 / 18, val_mae: 0.19
val mae 0.17977450870805317
best epoch:  70
best val mae:  0.17977450870805317
save parameters to file: baselines_save_model/dstagnn/Shenzhen/MNAR/dstagnn_0.50/best.params
current epoch:  71
validation batch 1 / 18, val_mae: 0.19
val mae 0.17887760367658403
best epoch:  71
best val mae:  0.17887760367658403
save parameters to file: baselines_save_model/dstagnn/Shenzhen/MNAR/dstagnn_0.50/best.params
current epoch:  72
validation batch 1 / 18, val_mae: 0.19
val mae 0.18106193923287922
current epoch:  73
validation batch 1 / 18, val_mae: 0.19
val mae 0.17964890599250793
current epoch:  74
validation batch 1 / 18, val_mae: 0.19
val mae 0.17929401331477696
global step: 4000, training loss: 0.02, time: 2046.78s
current epoch:  75
validation batch 1 / 18, val_mae: 0.19
val mae 0.17806629257069695
best epoch:  75
best val mae:  0.17806629257069695
save parameters to file: baselines_save_model/dstagnn/Shenzhen/MNAR/dstagnn_0.50/best.params
current epoch:  76
validation batch 1 / 18, val_mae: 0.19
val mae 0.17936184422837365
current epoch:  77
validation batch 1 / 18, val_mae: 0.19
val mae 0.1780630217658149
best epoch:  77
best val mae:  0.1780630217658149
save parameters to file: baselines_save_model/dstagnn/Shenzhen/MNAR/dstagnn_0.50/best.params
current epoch:  78
validation batch 1 / 18, val_mae: 0.19
val mae 0.17817161811722648
current epoch:  79
validation batch 1 / 18, val_mae: 0.19
val mae 0.17796459131770664
best epoch:  79
best val mae:  0.17796459131770664
save parameters to file: baselines_save_model/dstagnn/Shenzhen/MNAR/dstagnn_0.50/best.params
current epoch:  80
validation batch 1 / 18, val_mae: 0.19
val mae 0.17839674154917398
current epoch:  81
validation batch 1 / 18, val_mae: 0.19
val mae 0.17759615596797731
best epoch:  81
best val mae:  0.17759615596797731
save parameters to file: baselines_save_model/dstagnn/Shenzhen/MNAR/dstagnn_0.50/best.params
current epoch:  82
validation batch 1 / 18, val_mae: 0.19
val mae 0.17755244589514202
best epoch:  82
best val mae:  0.17755244589514202
save parameters to file: baselines_save_model/dstagnn/Shenzhen/MNAR/dstagnn_0.50/best.params
current epoch:  83
validation batch 1 / 18, val_mae: 0.19
val mae 0.17715058972438177
best epoch:  83
best val mae:  0.17715058972438177
save parameters to file: baselines_save_model/dstagnn/Shenzhen/MNAR/dstagnn_0.50/best.params
current epoch:  84
validation batch 1 / 18, val_mae: 0.19
val mae 0.17638125684526232
best epoch:  84
best val mae:  0.17638125684526232
save parameters to file: baselines_save_model/dstagnn/Shenzhen/MNAR/dstagnn_0.50/best.params
current epoch:  85
validation batch 1 / 18, val_mae: 0.19
val mae 0.1784269544813368
current epoch:  86
validation batch 1 / 18, val_mae: 0.19
val mae 0.1758637097146776
best epoch:  86
best val mae:  0.1758637097146776
save parameters to file: baselines_save_model/dstagnn/Shenzhen/MNAR/dstagnn_0.50/best.params
current epoch:  87
validation batch 1 / 18, val_mae: 0.19
val mae 0.1769564151763916
current epoch:  88
validation batch 1 / 18, val_mae: 0.19
val mae 0.17678951140907076
current epoch:  89
validation batch 1 / 18, val_mae: 0.19
val mae 0.17632643547323015
best epoch: 86
load weight from: baselines_save_model/dstagnn/Shenzhen/MNAR/dstagnn_0.50/best.params
predicting data set batch 1 / 18
input: (576, 627, 1, 6)
prediction: (576, 627, 6)
Test MAE: 1.979, Test RMSE: 2.931 Test MAPE: 8.140
Spend Time: 2480.0902094841003
