Read configuration file: baselines/dstagnn_modules/configurations/Shenzhen.conf
CUDA: cuda:3
folder_dir: dstagnn_0.50
params_path: baselines_save_model/dstagnn/Shenzhen/MNAR/dstagnn_0.50
delete the old one and create params directory baselines_save_model/dstagnn/Shenzhen/MNAR/dstagnn_0.50
current epoch:  0
validation batch 1 / 18, val_mae: 1.29
val mae 1.3261162108845181
best epoch:  0
best val mae:  1.3261162108845181
save parameters to file: baselines_save_model/dstagnn/Shenzhen/MNAR/dstagnn_0.50/best.params
current epoch:  1
validation batch 1 / 18, val_mae: 0.42
val mae 0.4004429479440053
best epoch:  1
best val mae:  0.4004429479440053
save parameters to file: baselines_save_model/dstagnn/Shenzhen/MNAR/dstagnn_0.50/best.params
current epoch:  2
validation batch 1 / 18, val_mae: 0.31
val mae 0.298096744550599
best epoch:  2
best val mae:  0.298096744550599
save parameters to file: baselines_save_model/dstagnn/Shenzhen/MNAR/dstagnn_0.50/best.params
current epoch:  3
validation batch 1 / 18, val_mae: 0.27
val mae 0.2517782946427663
best epoch:  3
best val mae:  0.2517782946427663
save parameters to file: baselines_save_model/dstagnn/Shenzhen/MNAR/dstagnn_0.50/best.params
current epoch:  4
validation batch 1 / 18, val_mae: 0.25
val mae 0.23720011115074158
best epoch:  4
best val mae:  0.23720011115074158
save parameters to file: baselines_save_model/dstagnn/Shenzhen/MNAR/dstagnn_0.50/best.params
current epoch:  5
validation batch 1 / 18, val_mae: 0.25
val mae 0.23008828775750267
best epoch:  5
best val mae:  0.23008828775750267
save parameters to file: baselines_save_model/dstagnn/Shenzhen/MNAR/dstagnn_0.50/best.params
current epoch:  6
validation batch 1 / 18, val_mae: 0.24
val mae 0.22576729539367887
best epoch:  6
best val mae:  0.22576729539367887
save parameters to file: baselines_save_model/dstagnn/Shenzhen/MNAR/dstagnn_0.50/best.params
current epoch:  7
validation batch 1 / 18, val_mae: 0.24
val mae 0.21909119933843613
best epoch:  7
best val mae:  0.21909119933843613
save parameters to file: baselines_save_model/dstagnn/Shenzhen/MNAR/dstagnn_0.50/best.params
current epoch:  8
validation batch 1 / 18, val_mae: 0.24
val mae 0.21978288723362815
current epoch:  9
validation batch 1 / 18, val_mae: 0.24
val mae 0.22166589316394594
current epoch:  10
validation batch 1 / 18, val_mae: 0.23
val mae 0.2123432300157017
best epoch:  10
best val mae:  0.2123432300157017
save parameters to file: baselines_save_model/dstagnn/Shenzhen/MNAR/dstagnn_0.50/best.params
current epoch:  11
validation batch 1 / 18, val_mae: 0.23
val mae 0.2146486317118009
current epoch:  12
validation batch 1 / 18, val_mae: 0.23
val mae 0.21283894446161059
current epoch:  13
validation batch 1 / 18, val_mae: 0.22
val mae 0.21002375251717037
best epoch:  13
best val mae:  0.21002375251717037
save parameters to file: baselines_save_model/dstagnn/Shenzhen/MNAR/dstagnn_0.50/best.params
current epoch:  14
validation batch 1 / 18, val_mae: 0.22
val mae 0.20650842289129892
best epoch:  14
best val mae:  0.20650842289129892
save parameters to file: baselines_save_model/dstagnn/Shenzhen/MNAR/dstagnn_0.50/best.params
current epoch:  15
validation batch 1 / 18, val_mae: 0.22
val mae 0.20796665880415174
current epoch:  16
validation batch 1 / 18, val_mae: 0.22
val mae 0.20565224438905716
best epoch:  16
best val mae:  0.20565224438905716
save parameters to file: baselines_save_model/dstagnn/Shenzhen/MNAR/dstagnn_0.50/best.params
current epoch:  17
validation batch 1 / 18, val_mae: 0.22
val mae 0.2056946406761805
current epoch:  18
validation batch 1 / 18, val_mae: 0.22
val mae 0.20394965675142077
best epoch:  18
best val mae:  0.20394965675142077
save parameters to file: baselines_save_model/dstagnn/Shenzhen/MNAR/dstagnn_0.50/best.params
global step: 1000, training loss: 0.03, time: 507.11s
current epoch:  19
validation batch 1 / 18, val_mae: 0.22
val mae 0.20111636403534147
best epoch:  19
best val mae:  0.20111636403534147
save parameters to file: baselines_save_model/dstagnn/Shenzhen/MNAR/dstagnn_0.50/best.params
current epoch:  20
validation batch 1 / 18, val_mae: 0.22
val mae 0.20384513255622652
current epoch:  21
validation batch 1 / 18, val_mae: 0.22
val mae 0.2010999454392327
best epoch:  21
best val mae:  0.2010999454392327
save parameters to file: baselines_save_model/dstagnn/Shenzhen/MNAR/dstagnn_0.50/best.params
current epoch:  22
validation batch 1 / 18, val_mae: 0.22
val mae 0.20258313169082007
current epoch:  23
validation batch 1 / 18, val_mae: 0.22
val mae 0.20104216784238815
best epoch:  23
best val mae:  0.20104216784238815
save parameters to file: baselines_save_model/dstagnn/Shenzhen/MNAR/dstagnn_0.50/best.params
current epoch:  24
validation batch 1 / 18, val_mae: 0.21
val mae 0.19949165234963098
best epoch:  24
best val mae:  0.19949165234963098
save parameters to file: baselines_save_model/dstagnn/Shenzhen/MNAR/dstagnn_0.50/best.params
current epoch:  25
validation batch 1 / 18, val_mae: 0.21
val mae 0.19996851020389134
current epoch:  26
validation batch 1 / 18, val_mae: 0.21
val mae 0.1967636967698733
best epoch:  26
best val mae:  0.1967636967698733
save parameters to file: baselines_save_model/dstagnn/Shenzhen/MNAR/dstagnn_0.50/best.params
current epoch:  27
validation batch 1 / 18, val_mae: 0.22
val mae 0.20075580560498768
current epoch:  28
validation batch 1 / 18, val_mae: 0.21
val mae 0.19708262963427436
current epoch:  29
validation batch 1 / 18, val_mae: 0.21
val mae 0.19818132287926143
current epoch:  30
validation batch 1 / 18, val_mae: 0.21
val mae 0.19538749588860405
best epoch:  30
best val mae:  0.19538749588860405
save parameters to file: baselines_save_model/dstagnn/Shenzhen/MNAR/dstagnn_0.50/best.params
current epoch:  31
validation batch 1 / 18, val_mae: 0.21
val mae 0.19673688958088556
current epoch:  32
validation batch 1 / 18, val_mae: 0.21
val mae 0.1987960148188803
current epoch:  33
validation batch 1 / 18, val_mae: 0.21
val mae 0.19364307489660051
best epoch:  33
best val mae:  0.19364307489660051
save parameters to file: baselines_save_model/dstagnn/Shenzhen/MNAR/dstagnn_0.50/best.params
current epoch:  34
validation batch 1 / 18, val_mae: 0.21
val mae 0.19463168498542574
current epoch:  35
validation batch 1 / 18, val_mae: 0.21
val mae 0.194611180987623
current epoch:  36
validation batch 1 / 18, val_mae: 0.21
val mae 0.19599505596690708
current epoch:  37
validation batch 1 / 18, val_mae: 0.21
val mae 0.1944206381837527
global step: 2000, training loss: 0.03, time: 1011.09s
current epoch:  38
validation batch 1 / 18, val_mae: 0.21
val mae 0.19224058671130073
best epoch:  38
best val mae:  0.19224058671130073
save parameters to file: baselines_save_model/dstagnn/Shenzhen/MNAR/dstagnn_0.50/best.params
current epoch:  39
validation batch 1 / 18, val_mae: 0.21
val mae 0.1913605878750483
best epoch:  39
best val mae:  0.1913605878750483
save parameters to file: baselines_save_model/dstagnn/Shenzhen/MNAR/dstagnn_0.50/best.params
current epoch:  40
validation batch 1 / 18, val_mae: 0.21
val mae 0.19269738263554043
current epoch:  41
validation batch 1 / 18, val_mae: 0.21
val mae 0.19168539510832894
current epoch:  42
validation batch 1 / 18, val_mae: 0.20
val mae 0.18980389916234547
best epoch:  42
best val mae:  0.18980389916234547
save parameters to file: baselines_save_model/dstagnn/Shenzhen/MNAR/dstagnn_0.50/best.params
current epoch:  43
validation batch 1 / 18, val_mae: 0.21
val mae 0.1905114096071985
current epoch:  44
validation batch 1 / 18, val_mae: 0.20
val mae 0.18992982390854093
current epoch:  45
validation batch 1 / 18, val_mae: 0.20
val mae 0.1891606723268827
best epoch:  45
best val mae:  0.1891606723268827
save parameters to file: baselines_save_model/dstagnn/Shenzhen/MNAR/dstagnn_0.50/best.params
current epoch:  46
validation batch 1 / 18, val_mae: 0.20
val mae 0.19061638000938627
current epoch:  47
validation batch 1 / 18, val_mae: 0.20
val mae 0.18905126137865913
best epoch:  47
best val mae:  0.18905126137865913
save parameters to file: baselines_save_model/dstagnn/Shenzhen/MNAR/dstagnn_0.50/best.params
current epoch:  48
validation batch 1 / 18, val_mae: 0.20
val mae 0.18806009077363545
best epoch:  48
best val mae:  0.18806009077363545
save parameters to file: baselines_save_model/dstagnn/Shenzhen/MNAR/dstagnn_0.50/best.params
current epoch:  49
validation batch 1 / 18, val_mae: 0.20
val mae 0.18749885178274578
best epoch:  49
best val mae:  0.18749885178274578
save parameters to file: baselines_save_model/dstagnn/Shenzhen/MNAR/dstagnn_0.50/best.params
current epoch:  50
validation batch 1 / 18, val_mae: 0.20
val mae 0.18750827842288548
current epoch:  51
validation batch 1 / 18, val_mae: 0.20
val mae 0.18797870890961754
current epoch:  52
validation batch 1 / 18, val_mae: 0.20
val mae 0.1861642292804188
best epoch:  52
best val mae:  0.1861642292804188
save parameters to file: baselines_save_model/dstagnn/Shenzhen/MNAR/dstagnn_0.50/best.params
current epoch:  53
validation batch 1 / 18, val_mae: 0.20
val mae 0.18556549648443857
best epoch:  53
best val mae:  0.18556549648443857
save parameters to file: baselines_save_model/dstagnn/Shenzhen/MNAR/dstagnn_0.50/best.params
current epoch:  54
validation batch 1 / 18, val_mae: 0.20
val mae 0.18825569914446938
current epoch:  55
validation batch 1 / 18, val_mae: 0.20
val mae 0.18602355735169518
global step: 3000, training loss: 0.02, time: 1510.80s
current epoch:  56
validation batch 1 / 18, val_mae: 0.20
val mae 0.18615341848797268
current epoch:  57
validation batch 1 / 18, val_mae: 0.20
val mae 0.18549094018008974
best epoch:  57
best val mae:  0.18549094018008974
save parameters to file: baselines_save_model/dstagnn/Shenzhen/MNAR/dstagnn_0.50/best.params
current epoch:  58
validation batch 1 / 18, val_mae: 0.20
val mae 0.18437490281131533
best epoch:  58
best val mae:  0.18437490281131533
save parameters to file: baselines_save_model/dstagnn/Shenzhen/MNAR/dstagnn_0.50/best.params
current epoch:  59
validation batch 1 / 18, val_mae: 0.20
val mae 0.18322120606899261
best epoch:  59
best val mae:  0.18322120606899261
save parameters to file: baselines_save_model/dstagnn/Shenzhen/MNAR/dstagnn_0.50/best.params
current epoch:  60
validation batch 1 / 18, val_mae: 0.20
val mae 0.18421189818117353
current epoch:  61
validation batch 1 / 18, val_mae: 0.20
val mae 0.18291992363002565
best epoch:  61
best val mae:  0.18291992363002565
save parameters to file: baselines_save_model/dstagnn/Shenzhen/MNAR/dstagnn_0.50/best.params
current epoch:  62
validation batch 1 / 18, val_mae: 0.20
val mae 0.18288838697804344
best epoch:  62
best val mae:  0.18288838697804344
save parameters to file: baselines_save_model/dstagnn/Shenzhen/MNAR/dstagnn_0.50/best.params
current epoch:  63
validation batch 1 / 18, val_mae: 0.20
val mae 0.1824990204638905
best epoch:  63
best val mae:  0.1824990204638905
save parameters to file: baselines_save_model/dstagnn/Shenzhen/MNAR/dstagnn_0.50/best.params
current epoch:  64
validation batch 1 / 18, val_mae: 0.20
val mae 0.18240950091017616
best epoch:  64
best val mae:  0.18240950091017616
save parameters to file: baselines_save_model/dstagnn/Shenzhen/MNAR/dstagnn_0.50/best.params
current epoch:  65
validation batch 1 / 18, val_mae: 0.19
val mae 0.18210894531673855
best epoch:  65
best val mae:  0.18210894531673855
save parameters to file: baselines_save_model/dstagnn/Shenzhen/MNAR/dstagnn_0.50/best.params
current epoch:  66
validation batch 1 / 18, val_mae: 0.20
val mae 0.18183539393875334
best epoch:  66
best val mae:  0.18183539393875334
save parameters to file: baselines_save_model/dstagnn/Shenzhen/MNAR/dstagnn_0.50/best.params
current epoch:  67
validation batch 1 / 18, val_mae: 0.19
val mae 0.181622670756446
best epoch:  67
best val mae:  0.181622670756446
save parameters to file: baselines_save_model/dstagnn/Shenzhen/MNAR/dstagnn_0.50/best.params
current epoch:  68
validation batch 1 / 18, val_mae: 0.20
val mae 0.18172402762704426
current epoch:  69
validation batch 1 / 18, val_mae: 0.19
val mae 0.18075284279055065
best epoch:  69
best val mae:  0.18075284279055065
save parameters to file: baselines_save_model/dstagnn/Shenzhen/MNAR/dstagnn_0.50/best.params
current epoch:  70
validation batch 1 / 18, val_mae: 0.19
val mae 0.18090233123964733
current epoch:  71
validation batch 1 / 18, val_mae: 0.19
val mae 0.18039531260728836
best epoch:  71
best val mae:  0.18039531260728836
save parameters to file: baselines_save_model/dstagnn/Shenzhen/MNAR/dstagnn_0.50/best.params
current epoch:  72
validation batch 1 / 18, val_mae: 0.19
val mae 0.17955499639113745
best epoch:  72
best val mae:  0.17955499639113745
save parameters to file: baselines_save_model/dstagnn/Shenzhen/MNAR/dstagnn_0.50/best.params
current epoch:  73
validation batch 1 / 18, val_mae: 0.19
val mae 0.17996855990754235
current epoch:  74
validation batch 1 / 18, val_mae: 0.19
val mae 0.1799616879887051
global step: 4000, training loss: 0.02, time: 2019.21s
current epoch:  75
validation batch 1 / 18, val_mae: 0.19
val mae 0.17914617475536135
best epoch:  75
best val mae:  0.17914617475536135
save parameters to file: baselines_save_model/dstagnn/Shenzhen/MNAR/dstagnn_0.50/best.params
current epoch:  76
validation batch 1 / 18, val_mae: 0.19
val mae 0.17935921914047664
current epoch:  77
validation batch 1 / 18, val_mae: 0.19
val mae 0.17792247152990764
best epoch:  77
best val mae:  0.17792247152990764
save parameters to file: baselines_save_model/dstagnn/Shenzhen/MNAR/dstagnn_0.50/best.params
current epoch:  78
validation batch 1 / 18, val_mae: 0.19
val mae 0.17835001316335466
current epoch:  79
validation batch 1 / 18, val_mae: 0.19
val mae 0.17771697292725244
best epoch:  79
best val mae:  0.17771697292725244
save parameters to file: baselines_save_model/dstagnn/Shenzhen/MNAR/dstagnn_0.50/best.params
current epoch:  80
validation batch 1 / 18, val_mae: 0.19
val mae 0.1774809252884653
best epoch:  80
best val mae:  0.1774809252884653
save parameters to file: baselines_save_model/dstagnn/Shenzhen/MNAR/dstagnn_0.50/best.params
current epoch:  81
validation batch 1 / 18, val_mae: 0.19
val mae 0.17717888785733116
best epoch:  81
best val mae:  0.17717888785733116
save parameters to file: baselines_save_model/dstagnn/Shenzhen/MNAR/dstagnn_0.50/best.params
current epoch:  82
validation batch 1 / 18, val_mae: 0.19
val mae 0.17777994523445764
current epoch:  83
validation batch 1 / 18, val_mae: 0.19
val mae 0.1781620035568873
current epoch:  84
validation batch 1 / 18, val_mae: 0.19
val mae 0.17686953975094688
best epoch:  84
best val mae:  0.17686953975094688
save parameters to file: baselines_save_model/dstagnn/Shenzhen/MNAR/dstagnn_0.50/best.params
current epoch:  85
validation batch 1 / 18, val_mae: 0.19
val mae 0.1765254173013899
best epoch:  85
best val mae:  0.1765254173013899
save parameters to file: baselines_save_model/dstagnn/Shenzhen/MNAR/dstagnn_0.50/best.params
current epoch:  86
validation batch 1 / 18, val_mae: 0.19
val mae 0.17637738833824793
best epoch:  86
best val mae:  0.17637738833824793
save parameters to file: baselines_save_model/dstagnn/Shenzhen/MNAR/dstagnn_0.50/best.params
current epoch:  87
validation batch 1 / 18, val_mae: 0.19
val mae 0.17653184135754904
current epoch:  88
validation batch 1 / 18, val_mae: 0.19
val mae 0.17597071164184147
best epoch:  88
best val mae:  0.17597071164184147
save parameters to file: baselines_save_model/dstagnn/Shenzhen/MNAR/dstagnn_0.50/best.params
current epoch:  89
validation batch 1 / 18, val_mae: 0.19
val mae 0.17549585551023483
best epoch:  89
best val mae:  0.17549585551023483
save parameters to file: baselines_save_model/dstagnn/Shenzhen/MNAR/dstagnn_0.50/best.params
best epoch: 89
load weight from: baselines_save_model/dstagnn/Shenzhen/MNAR/dstagnn_0.50/best.params
predicting data set batch 1 / 18
input: (576, 627, 1, 6)
prediction: (576, 627, 6)
Test MAE: 1.975, Test RMSE: 2.944 Test MAPE: 8.149
Spend Time: 2453.3020799160004
