epoch:0
iter0: train_loss:1.2089108228683472
iter10: train_loss:0.42462363839149475
iter20: train_loss:0.3474222421646118
iter30: train_loss:0.3160642683506012
Validation loss: 0.3628011481328444 Validation RMSE: 0.6022942716425116
====================================================================================================
epoch:1
iter0: train_loss:0.3067854642868042
iter10: train_loss:0.28107205033302307
iter20: train_loss:0.2534060478210449
iter30: train_loss:0.21759825944900513
Validation loss: 0.2632984315807169 Validation RMSE: 0.5130694644017653
====================================================================================================
epoch:2
iter0: train_loss:0.21247859299182892
iter10: train_loss:0.1742209494113922
iter20: train_loss:0.16608819365501404
iter30: train_loss:0.13496887683868408
Validation loss: 0.19321496107361533 Validation RMSE: 0.43950691006400366
====================================================================================================
epoch:3
iter0: train_loss:0.13573139905929565
iter10: train_loss:0.12907975912094116
iter20: train_loss:0.12532900273799896
iter30: train_loss:0.138255774974823
Validation loss: 0.18014684454961258 Validation RMSE: 0.42431608926166187
====================================================================================================
epoch:4
iter0: train_loss:0.13046543300151825
iter10: train_loss:0.13737289607524872
iter20: train_loss:0.12300976365804672
iter30: train_loss:0.12414801865816116
Validation loss: 0.1829942911863327 Validation RMSE: 0.4276684549721805
EarlyStopping counter: 1 out of 7
====================================================================================================
epoch:5
iter0: train_loss:0.1237642914056778
iter10: train_loss:0.11381901800632477
iter20: train_loss:0.10498786717653275
iter30: train_loss:0.1125008761882782
Validation loss: 0.17004872858524323 Validation RMSE: 0.4121976061300798
====================================================================================================
epoch:6
iter0: train_loss:0.11079993844032288
iter10: train_loss:0.11551450937986374
iter20: train_loss:0.1139931008219719
iter30: train_loss:0.10986129939556122
Validation loss: 0.16795586185021835 Validation RMSE: 0.40969697724689136
====================================================================================================
epoch:7
iter0: train_loss:0.11400410532951355
iter10: train_loss:0.10198130458593369
iter20: train_loss:0.10430500656366348
iter30: train_loss:0.11162089556455612
Validation loss: 0.16177004440264267 Validation RMSE: 0.40203050591728906
====================================================================================================
epoch:8
iter0: train_loss:0.09552747756242752
iter10: train_loss:0.09581726789474487
iter20: train_loss:0.10310593247413635
iter30: train_loss:0.10672476887702942
Validation loss: 0.16064338792454114 Validation RMSE: 0.4006402790546417
====================================================================================================
epoch:9
iter0: train_loss:0.09436758607625961
iter10: train_loss:0.11322729289531708
iter20: train_loss:0.09595096856355667
iter30: train_loss:0.11171405762434006
Validation loss: 0.16423840007998727 Validation RMSE: 0.40520878542553296
EarlyStopping counter: 1 out of 7
====================================================================================================
epoch:10
iter0: train_loss:0.09259606897830963
iter10: train_loss:0.09406709671020508
iter20: train_loss:0.10632485896348953
iter30: train_loss:0.11387532949447632
Validation loss: 0.15010530704801733 Validation RMSE: 0.38734245571223175
====================================================================================================
epoch:11
iter0: train_loss:0.0996517539024353
iter10: train_loss:0.09918899089097977
iter20: train_loss:0.0973484143614769
iter30: train_loss:0.10052274167537689
Validation loss: 0.15714408186349002 Validation RMSE: 0.3962170888077129
EarlyStopping counter: 1 out of 7
====================================================================================================
epoch:12
iter0: train_loss:0.10536835342645645
iter10: train_loss:0.11013134568929672
iter20: train_loss:0.10427891463041306
iter30: train_loss:0.10131876170635223
Validation loss: 0.15117126567797226 Validation RMSE: 0.38862230019135907
EarlyStopping counter: 2 out of 7
====================================================================================================
epoch:13
iter0: train_loss:0.10171716660261154
iter10: train_loss:0.10335599631071091
iter20: train_loss:0.09831604361534119
iter30: train_loss:0.10221226513385773
Validation loss: 0.14421985772523013 Validation RMSE: 0.3795793435790322
====================================================================================================
epoch:14
iter0: train_loss:0.103819839656353
iter10: train_loss:0.08100689202547073
iter20: train_loss:0.09839624166488647
iter30: train_loss:0.09240981191396713
Validation loss: 0.1449454670602625 Validation RMSE: 0.3805859657851132
EarlyStopping counter: 1 out of 7
====================================================================================================
epoch:15
iter0: train_loss:0.09831143915653229
iter10: train_loss:0.09955611079931259
iter20: train_loss:0.10209828615188599
iter30: train_loss:0.09802623838186264
Validation loss: 0.14645479754968124 Validation RMSE: 0.3826056556268172
EarlyStopping counter: 2 out of 7
====================================================================================================
epoch:16
iter0: train_loss:0.08675050735473633
iter10: train_loss:0.09010963886976242
iter20: train_loss:0.09654594212770462
iter30: train_loss:0.09278969466686249
Validation loss: 0.14375178651376205 Validation RMSE: 0.3789435056122867
====================================================================================================
epoch:17
iter0: train_loss:0.09423147886991501
iter10: train_loss:0.0834580808877945
iter20: train_loss:0.08739219605922699
iter30: train_loss:0.0944051742553711
Validation loss: 0.1433777077631517 Validation RMSE: 0.3785125531933524
====================================================================================================
epoch:18
iter0: train_loss:0.08302666246891022
iter10: train_loss:0.08092861622571945
iter20: train_loss:0.10495353490114212
iter30: train_loss:0.08815568685531616
Validation loss: 0.1416053758426146 Validation RMSE: 0.3760216805067929
====================================================================================================
epoch:19
iter0: train_loss:0.10732203722000122
iter10: train_loss:0.09986923635005951
iter20: train_loss:0.09434652328491211
iter30: train_loss:0.09294426441192627
Validation loss: 0.14345184781334616 Validation RMSE: 0.378621830181642
EarlyStopping counter: 1 out of 7
====================================================================================================
epoch:20
iter0: train_loss:0.09011337161064148
iter10: train_loss:0.0915198102593422
iter20: train_loss:0.08437877148389816
iter30: train_loss:0.08365485817193985
Validation loss: 0.13976302607492966 Validation RMSE: 0.3737478337504647
====================================================================================================
epoch:21
iter0: train_loss:0.0821823924779892
iter10: train_loss:0.08313125371932983
iter20: train_loss:0.08674751222133636
iter30: train_loss:0.08366092294454575
Validation loss: 0.13573208180340854 Validation RMSE: 0.3683054772290317
====================================================================================================
epoch:22
iter0: train_loss:0.0885881707072258
iter10: train_loss:0.07982681691646576
iter20: train_loss:0.08127615600824356
iter30: train_loss:0.09157885611057281
Validation loss: 0.1369470710104162 Validation RMSE: 0.3700212131847035
EarlyStopping counter: 1 out of 7
====================================================================================================
epoch:23
iter0: train_loss:0.09732179343700409
iter10: train_loss:0.07822292298078537
iter20: train_loss:0.09558910876512527
iter30: train_loss:0.09147262573242188
Validation loss: 0.14171245829625564 Validation RMSE: 0.37633718143809924
EarlyStopping counter: 2 out of 7
====================================================================================================
epoch:24
iter0: train_loss:0.08875653147697449
iter10: train_loss:0.08392612636089325
iter20: train_loss:0.08680064231157303
iter30: train_loss:0.0926249772310257
Validation loss: 0.13531610776077618 Validation RMSE: 0.36778057976202533
====================================================================================================
epoch:25
iter0: train_loss:0.09200633317232132
iter10: train_loss:0.09808353334665298
iter20: train_loss:0.08131936937570572
iter30: train_loss:0.08323345333337784
Validation loss: 0.13735065947879443 Validation RMSE: 0.37049371816895227
EarlyStopping counter: 1 out of 7
====================================================================================================
epoch:26
iter0: train_loss:0.07836101204156876
iter10: train_loss:0.08063782751560211
iter20: train_loss:0.08798670768737793
iter30: train_loss:0.08582531660795212
Validation loss: 0.13865447857163168 Validation RMSE: 0.3722520118409937
EarlyStopping counter: 2 out of 7
====================================================================================================
epoch:27
iter0: train_loss:0.07626011222600937
iter10: train_loss:0.08060984313488007
iter20: train_loss:0.08342468738555908
iter30: train_loss:0.08416952937841415
Validation loss: 0.13959042186086829 Validation RMSE: 0.3735213008793918
EarlyStopping counter: 3 out of 7
====================================================================================================
epoch:28
iter0: train_loss:0.08313398063182831
iter10: train_loss:0.07426083087921143
iter20: train_loss:0.09286972880363464
iter30: train_loss:0.08496952801942825
Validation loss: 0.13978980752554807 Validation RMSE: 0.37364915826103906
EarlyStopping counter: 4 out of 7
====================================================================================================
epoch:29
iter0: train_loss:0.08937068283557892
iter10: train_loss:0.08502732962369919
iter20: train_loss:0.0719684436917305
iter30: train_loss:0.0932159349322319
Validation loss: 0.13929503749717365 Validation RMSE: 0.37293830243023957
EarlyStopping counter: 5 out of 7
====================================================================================================
epoch:30
iter0: train_loss:0.0837659239768982
iter10: train_loss:0.07800647616386414
iter20: train_loss:0.07523379474878311
iter30: train_loss:0.07947792857885361
Validation loss: 0.13089998066425323 Validation RMSE: 0.36172511089931836
====================================================================================================
epoch:31
iter0: train_loss:0.0873444527387619
iter10: train_loss:0.08342188596725464
iter20: train_loss:0.07591483741998672
iter30: train_loss:0.08123405277729034
Validation loss: 0.132673825729977 Validation RMSE: 0.364126828583804
EarlyStopping counter: 1 out of 7
====================================================================================================
epoch:32
iter0: train_loss:0.07312261313199997
iter10: train_loss:0.07096730172634125
iter20: train_loss:0.07951246947050095
iter30: train_loss:0.08712264895439148
Validation loss: 0.1344727792523124 Validation RMSE: 0.3664878823540427
EarlyStopping counter: 2 out of 7
====================================================================================================
epoch:33
iter0: train_loss:0.08446046710014343
iter10: train_loss:0.07358304411172867
iter20: train_loss:0.07659182697534561
iter30: train_loss:0.0782354399561882
Validation loss: 0.13594851168719205 Validation RMSE: 0.3686553890054876
EarlyStopping counter: 3 out of 7
====================================================================================================
epoch:34
iter0: train_loss:0.08157344162464142
iter10: train_loss:0.07997989654541016
iter20: train_loss:0.07462732493877411
iter30: train_loss:0.07575253397226334
Validation loss: 0.12991685691204938 Validation RMSE: 0.3603245101191781
====================================================================================================
epoch:35
iter0: train_loss:0.07783069461584091
iter10: train_loss:0.07158783823251724
iter20: train_loss:0.0668349340558052
iter30: train_loss:0.08271463215351105
Validation loss: 0.13447493856603449 Validation RMSE: 0.3665762814608487
EarlyStopping counter: 1 out of 7
====================================================================================================
epoch:36
iter0: train_loss:0.0875367820262909
iter10: train_loss:0.08290453255176544
iter20: train_loss:0.05926312506198883
iter30: train_loss:0.08392518013715744
Validation loss: 0.13294765488667923 Validation RMSE: 0.3645095933567394
EarlyStopping counter: 2 out of 7
====================================================================================================
epoch:37
iter0: train_loss:0.06737567484378815
iter10: train_loss:0.08488969504833221
iter20: train_loss:0.07075854390859604
iter30: train_loss:0.07893026620149612
Validation loss: 0.13001897253773428 Validation RMSE: 0.36047038435935974
EarlyStopping counter: 3 out of 7
====================================================================================================
epoch:38
iter0: train_loss:0.07477214932441711
iter10: train_loss:0.0862760990858078
iter20: train_loss:0.08693282306194305
iter30: train_loss:0.07716836035251617
Validation loss: 0.13259454477917065 Validation RMSE: 0.3639731705188751
EarlyStopping counter: 4 out of 7
====================================================================================================
epoch:39
iter0: train_loss:0.0814242959022522
iter10: train_loss:0.0823158249258995
iter20: train_loss:0.07101061195135117
iter30: train_loss:0.07158582657575607
Validation loss: 0.12615532698956403 Validation RMSE: 0.3551329482685436
====================================================================================================
epoch:40
iter0: train_loss:0.07165465503931046
iter10: train_loss:0.0790858194231987
iter20: train_loss:0.07108151912689209
iter30: train_loss:0.06547560542821884
Validation loss: 0.13559416071935135 Validation RMSE: 0.368071355602958
EarlyStopping counter: 1 out of 7
====================================================================================================
epoch:41
iter0: train_loss:0.07370191067457199
iter10: train_loss:0.06898841261863708
iter20: train_loss:0.07247720658779144
iter30: train_loss:0.07942666113376617
Validation loss: 0.12667795812541788 Validation RMSE: 0.35583503408865497
EarlyStopping counter: 2 out of 7
====================================================================================================
epoch:42
iter0: train_loss:0.07501141726970673
iter10: train_loss:0.07317386567592621
iter20: train_loss:0.06707394123077393
iter30: train_loss:0.06882555782794952
Validation loss: 0.12576741996136578 Validation RMSE: 0.3545248643918471
====================================================================================================
epoch:43
iter0: train_loss:0.06469621509313583
iter10: train_loss:0.08084574341773987
iter20: train_loss:0.0673481822013855
iter30: train_loss:0.06436190009117126
Validation loss: 0.13447773388840936 Validation RMSE: 0.36657206307757983
EarlyStopping counter: 1 out of 7
====================================================================================================
epoch:44
iter0: train_loss:0.0665024071931839
iter10: train_loss:0.07678796350955963
iter20: train_loss:0.06344635039567947
iter30: train_loss:0.0683397576212883
Validation loss: 0.127056862142953 Validation RMSE: 0.35630649057301605
EarlyStopping counter: 2 out of 7
====================================================================================================
epoch:45
iter0: train_loss:0.06837654113769531
iter10: train_loss:0.08138041943311691
iter20: train_loss:0.07448333501815796
iter30: train_loss:0.07762496918439865
Validation loss: 0.1351989981803027 Validation RMSE: 0.3675429116595875
EarlyStopping counter: 3 out of 7
====================================================================================================
epoch:46
iter0: train_loss:0.07718838006258011
iter10: train_loss:0.07264379411935806
iter20: train_loss:0.07153233885765076
iter30: train_loss:0.06870085746049881
Validation loss: 0.12602183425968344 Validation RMSE: 0.3549226847561923
EarlyStopping counter: 4 out of 7
====================================================================================================
epoch:47
iter0: train_loss:0.06444773823022842
iter10: train_loss:0.0636560320854187
iter20: train_loss:0.0688246488571167
iter30: train_loss:0.06750211864709854
Validation loss: 0.12655287981033325 Validation RMSE: 0.3556567999449643
EarlyStopping counter: 5 out of 7
====================================================================================================
epoch:48
iter0: train_loss:0.0591423399746418
iter10: train_loss:0.06282740086317062
iter20: train_loss:0.06450624763965607
iter30: train_loss:0.06660328805446625
Validation loss: 0.12611504711888052 Validation RMSE: 0.3549881604584781
EarlyStopping counter: 6 out of 7
====================================================================================================
epoch:49
iter0: train_loss:0.06672491133213043
iter10: train_loss:0.07188378274440765
iter20: train_loss:0.06838031113147736
iter30: train_loss:0.0669734999537468
Validation loss: 0.12362393940036948 Validation RMSE: 0.35148579153147613
====================================================================================================
epoch:50
iter0: train_loss:0.070762500166893
iter10: train_loss:0.06903310865163803
iter20: train_loss:0.06134495511651039
iter30: train_loss:0.0695134773850441
Validation loss: 0.12491961162198674 Validation RMSE: 0.3532404520294883
EarlyStopping counter: 1 out of 7
====================================================================================================
epoch:51
iter0: train_loss:0.0642377957701683
iter10: train_loss:0.07478827238082886
iter20: train_loss:0.06267905980348587
iter30: train_loss:0.06149362027645111
Validation loss: 0.12449801577763124 Validation RMSE: 0.35275446555831214
EarlyStopping counter: 2 out of 7
====================================================================================================
epoch:52
iter0: train_loss:0.06467468291521072
iter10: train_loss:0.06418506056070328
iter20: train_loss:0.06397098302841187
iter30: train_loss:0.07443283498287201
Validation loss: 0.12310808016495271 Validation RMSE: 0.3507570380514318
====================================================================================================
epoch:53
iter0: train_loss:0.062140364199876785
iter10: train_loss:0.0624830536544323
iter20: train_loss:0.05731453001499176
iter30: train_loss:0.06667802482843399
Validation loss: 0.12444646995175969 Validation RMSE: 0.3526876460422169
EarlyStopping counter: 1 out of 7
====================================================================================================
epoch:54
iter0: train_loss:0.0609697625041008
iter10: train_loss:0.06597394496202469
iter20: train_loss:0.07192931324243546
iter30: train_loss:0.0636749342083931
Validation loss: 0.12348481809551065 Validation RMSE: 0.35122028535062616
EarlyStopping counter: 2 out of 7
====================================================================================================
epoch:55
iter0: train_loss:0.08003037422895432
iter10: train_loss:0.07220645248889923
iter20: train_loss:0.07219162583351135
iter30: train_loss:0.05958206206560135
Validation loss: 0.12240746414119547 Validation RMSE: 0.34967933188785205
====================================================================================================
epoch:56
iter0: train_loss:0.06549955159425735
iter10: train_loss:0.06100156158208847
iter20: train_loss:0.05937715247273445
iter30: train_loss:0.06854213774204254
Validation loss: 0.12569559636441144 Validation RMSE: 0.3543153134259311
EarlyStopping counter: 1 out of 7
====================================================================================================
epoch:57
iter0: train_loss:0.0652032345533371
iter10: train_loss:0.06830035150051117
iter20: train_loss:0.06598421186208725
iter30: train_loss:0.061391670256853104
Validation loss: 0.1327294409275055 Validation RMSE: 0.3642260296778245
EarlyStopping counter: 2 out of 7
====================================================================================================
epoch:58
iter0: train_loss:0.07116218656301498
iter10: train_loss:0.05580994114279747
iter20: train_loss:0.058657459914684296
iter30: train_loss:0.0622323676943779
Validation loss: 0.12439340962605043 Validation RMSE: 0.3525775508447127
EarlyStopping counter: 3 out of 7
====================================================================================================
epoch:59
iter0: train_loss:0.06463608145713806
iter10: train_loss:0.055493589490652084
iter20: train_loss:0.0677153542637825
iter30: train_loss:0.0716358944773674
Validation loss: 0.12361815842715176 Validation RMSE: 0.35148298198526556
EarlyStopping counter: 4 out of 7
====================================================================================================
epoch:60
iter0: train_loss:0.06161235645413399
iter10: train_loss:0.05841495841741562
iter20: train_loss:0.06838484108448029
iter30: train_loss:0.06665192544460297
Validation loss: 0.13559607484123923 Validation RMSE: 0.36812288381836633
EarlyStopping counter: 5 out of 7
====================================================================================================
epoch:61
iter0: train_loss:0.06768661737442017
iter10: train_loss:0.06199182942509651
iter20: train_loss:0.054624807089567184
iter30: train_loss:0.0599074512720108
Validation loss: 0.1270666704936461 Validation RMSE: 0.3561736751686443
EarlyStopping counter: 6 out of 7
====================================================================================================
epoch:62
iter0: train_loss:0.0647336021065712
iter10: train_loss:0.06147928163409233
iter20: train_loss:0.0637381300330162
iter30: train_loss:0.05860799178481102
Validation loss: 0.12559388103810223 Validation RMSE: 0.35420976172793994
EarlyStopping counter: 7 out of 7
Early stopping
MAE: 2.369 RMSE: 3.347 MAPE: 10.311
Spend Time: 75.40086364746094
