epoch:0
iter0: train_loss:1.3494199514389038
iter10: train_loss:0.5290717482566833
iter20: train_loss:0.4126388728618622
iter30: train_loss:0.35240912437438965
Validation loss: 0.3800210112875158 Validation RMSE: 0.6164079308509827
====================================================================================================
epoch:1
iter0: train_loss:0.3426780700683594
iter10: train_loss:0.3116872310638428
iter20: train_loss:0.28468695282936096
iter30: train_loss:0.2355215847492218
Validation loss: 0.2451161268082532 Validation RMSE: 0.4950710264119235
====================================================================================================
epoch:2
iter0: train_loss:0.20369265973567963
iter10: train_loss:0.19414786994457245
iter20: train_loss:0.15600614249706268
iter30: train_loss:0.14159289002418518
Validation loss: 0.18913822824304755 Validation RMSE: 0.43479070338335907
====================================================================================================
epoch:3
iter0: train_loss:0.14629900455474854
iter10: train_loss:0.13983575999736786
iter20: train_loss:0.15188169479370117
iter30: train_loss:0.12854549288749695
Validation loss: 0.18081450462341309 Validation RMSE: 0.42517677491361444
====================================================================================================
epoch:4
iter0: train_loss:0.14653758704662323
iter10: train_loss:0.1327480971813202
iter20: train_loss:0.12495666742324829
iter30: train_loss:0.11997997760772705
Validation loss: 0.1784409447149797 Validation RMSE: 0.42231947725469415
====================================================================================================
epoch:5
iter0: train_loss:0.13607893884181976
iter10: train_loss:0.13104736804962158
iter20: train_loss:0.12228415161371231
iter30: train_loss:0.13433937728405
Validation loss: 0.18545063517310403 Validation RMSE: 0.43057684193957935
EarlyStopping counter: 1 out of 7
====================================================================================================
epoch:6
iter0: train_loss:0.11293748021125793
iter10: train_loss:0.12055441737174988
iter20: train_loss:0.11648298799991608
iter30: train_loss:0.10565841197967529
Validation loss: 0.16883255947719922 Validation RMSE: 0.4108301428231326
====================================================================================================
epoch:7
iter0: train_loss:0.12158249318599701
iter10: train_loss:0.12161815166473389
iter20: train_loss:0.11417154222726822
iter30: train_loss:0.11854361742734909
Validation loss: 0.1797079322012988 Validation RMSE: 0.4238464154980399
EarlyStopping counter: 1 out of 7
====================================================================================================
epoch:8
iter0: train_loss:0.12722599506378174
iter10: train_loss:0.11180413514375687
iter20: train_loss:0.10896986722946167
iter30: train_loss:0.1100628450512886
Validation loss: 0.17157175730575214 Validation RMSE: 0.4140990241007371
EarlyStopping counter: 2 out of 7
====================================================================================================
epoch:9
iter0: train_loss:0.125578835606575
iter10: train_loss:0.10781373083591461
iter20: train_loss:0.10410182178020477
iter30: train_loss:0.10977374017238617
Validation loss: 0.16125936535271732 Validation RMSE: 0.4014315496791493
====================================================================================================
epoch:10
iter0: train_loss:0.1123248040676117
iter10: train_loss:0.11491991579532623
iter20: train_loss:0.10350161045789719
iter30: train_loss:0.10131470113992691
Validation loss: 0.16021489961580795 Validation RMSE: 0.4001474299214103
====================================================================================================
epoch:11
iter0: train_loss:0.10722219198942184
iter10: train_loss:0.09519687294960022
iter20: train_loss:0.10466880351305008
iter30: train_loss:0.12305310368537903
Validation loss: 0.16970259086652237 Validation RMSE: 0.411769373850389
EarlyStopping counter: 1 out of 7
====================================================================================================
epoch:12
iter0: train_loss:0.11376377940177917
iter10: train_loss:0.10993383079767227
iter20: train_loss:0.10563462972640991
iter30: train_loss:0.10997781157493591
Validation loss: 0.16517281938682904 Validation RMSE: 0.40630211613394995
EarlyStopping counter: 2 out of 7
====================================================================================================
epoch:13
iter0: train_loss:0.10792215913534164
iter10: train_loss:0.10429118573665619
iter20: train_loss:0.1058105006814003
iter30: train_loss:0.11460209637880325
Validation loss: 0.15674614093520425 Validation RMSE: 0.39576877518133685
====================================================================================================
epoch:14
iter0: train_loss:0.0935906171798706
iter10: train_loss:0.09851138293743134
iter20: train_loss:0.11350781470537186
iter30: train_loss:0.10736539959907532
Validation loss: 0.16172267361120743 Validation RMSE: 0.40192571824247186
EarlyStopping counter: 1 out of 7
====================================================================================================
epoch:15
iter0: train_loss:0.12148303538560867
iter10: train_loss:0.10357072949409485
iter20: train_loss:0.10131704062223434
iter30: train_loss:0.09724786132574081
Validation loss: 0.1566177958791906 Validation RMSE: 0.39562580531293695
====================================================================================================
epoch:16
iter0: train_loss:0.11417290568351746
iter10: train_loss:0.10316548496484756
iter20: train_loss:0.10150136798620224
iter30: train_loss:0.10717149078845978
Validation loss: 0.15467426993630148 Validation RMSE: 0.3932165422222831
====================================================================================================
epoch:17
iter0: train_loss:0.10080333054065704
iter10: train_loss:0.10649886727333069
iter20: train_loss:0.09139770269393921
iter30: train_loss:0.1062503531575203
Validation loss: 0.14833757823163812 Validation RMSE: 0.3849927918477492
====================================================================================================
epoch:18
iter0: train_loss:0.10539399832487106
iter10: train_loss:0.09363353997468948
iter20: train_loss:0.10292306542396545
iter30: train_loss:0.09640201181173325
Validation loss: 0.1517312309958718 Validation RMSE: 0.38943892175501044
EarlyStopping counter: 1 out of 7
====================================================================================================
epoch:19
iter0: train_loss:0.11027921736240387
iter10: train_loss:0.09677024930715561
iter20: train_loss:0.08956066519021988
iter30: train_loss:0.09715299308300018
Validation loss: 0.15472896938974207 Validation RMSE: 0.3930153088136153
EarlyStopping counter: 2 out of 7
====================================================================================================
epoch:20
iter0: train_loss:0.10447569191455841
iter10: train_loss:0.09939374029636383
iter20: train_loss:0.09250201284885406
iter30: train_loss:0.09379127621650696
Validation loss: 0.14761562239040027 Validation RMSE: 0.3841225342317061
====================================================================================================
epoch:21
iter0: train_loss:0.09739285707473755
iter10: train_loss:0.08858513832092285
iter20: train_loss:0.08795123547315598
iter30: train_loss:0.10296995937824249
Validation loss: 0.14527363126928156 Validation RMSE: 0.3810098442164334
====================================================================================================
epoch:22
iter0: train_loss:0.09457384794950485
iter10: train_loss:0.09297290444374084
iter20: train_loss:0.09637778997421265
iter30: train_loss:0.09273658692836761
Validation loss: 0.15082597597078842 Validation RMSE: 0.38824403285980225
EarlyStopping counter: 1 out of 7
====================================================================================================
epoch:23
iter0: train_loss:0.09455933421850204
iter10: train_loss:0.09146635979413986
iter20: train_loss:0.094449482858181
iter30: train_loss:0.10088460892438889
Validation loss: 0.1492823524908586 Validation RMSE: 0.3862895938483151
EarlyStopping counter: 2 out of 7
====================================================================================================
epoch:24
iter0: train_loss:0.09862197190523148
iter10: train_loss:0.09446492046117783
iter20: train_loss:0.09147868305444717
iter30: train_loss:0.10156431049108505
Validation loss: 0.14342967894944278 Validation RMSE: 0.378595232963562
====================================================================================================
epoch:25
iter0: train_loss:0.08833097666501999
iter10: train_loss:0.09518135339021683
iter20: train_loss:0.10365507751703262
iter30: train_loss:0.09920917451381683
Validation loss: 0.1503373682498932 Validation RMSE: 0.38755708120085974
EarlyStopping counter: 1 out of 7
====================================================================================================
epoch:26
iter0: train_loss:0.10129281878471375
iter10: train_loss:0.09564650058746338
iter20: train_loss:0.09799442440271378
iter30: train_loss:0.09536220133304596
Validation loss: 0.14263411543586038 Validation RMSE: 0.37760931795293634
====================================================================================================
epoch:27
iter0: train_loss:0.0947495847940445
iter10: train_loss:0.09523667395114899
iter20: train_loss:0.10258229076862335
iter30: train_loss:0.09399820119142532
Validation loss: 0.1551634737036445 Validation RMSE: 0.3938231115991419
EarlyStopping counter: 1 out of 7
====================================================================================================
epoch:28
iter0: train_loss:0.08836758881807327
iter10: train_loss:0.08713637292385101
iter20: train_loss:0.08354075998067856
iter30: train_loss:0.09991031140089035
Validation loss: 0.14133467999371616 Validation RMSE: 0.3758778924291784
====================================================================================================
epoch:29
iter0: train_loss:0.08032513409852982
iter10: train_loss:0.08022651821374893
iter20: train_loss:0.09014485031366348
iter30: train_loss:0.08671776205301285
Validation loss: 0.1442921906709671 Validation RMSE: 0.379737986759706
EarlyStopping counter: 1 out of 7
====================================================================================================
epoch:30
iter0: train_loss:0.09796495735645294
iter10: train_loss:0.09509924054145813
iter20: train_loss:0.08296536654233932
iter30: train_loss:0.08902102708816528
Validation loss: 0.1370397223667665 Validation RMSE: 0.37010741233825684
====================================================================================================
epoch:31
iter0: train_loss:0.08220945298671722
iter10: train_loss:0.08273380994796753
iter20: train_loss:0.09803170710802078
iter30: train_loss:0.09524313360452652
Validation loss: 0.14156825840473175 Validation RMSE: 0.3761308951811357
EarlyStopping counter: 1 out of 7
====================================================================================================
epoch:32
iter0: train_loss:0.09048590064048767
iter10: train_loss:0.08113601058721542
iter20: train_loss:0.08063891530036926
iter30: train_loss:0.08719804137945175
Validation loss: 0.1577769179235805 Validation RMSE: 0.3971319632096724
EarlyStopping counter: 2 out of 7
====================================================================================================
epoch:33
iter0: train_loss:0.1055728942155838
iter10: train_loss:0.08194312453269958
iter20: train_loss:0.09260311722755432
iter30: train_loss:0.08886022120714188
Validation loss: 0.13993207026611676 Validation RMSE: 0.3739814487370578
EarlyStopping counter: 3 out of 7
====================================================================================================
epoch:34
iter0: train_loss:0.08916374295949936
iter10: train_loss:0.09887229651212692
iter20: train_loss:0.07479960471391678
iter30: train_loss:0.08283297717571259
Validation loss: 0.14124371111392975 Validation RMSE: 0.3757078024474057
EarlyStopping counter: 4 out of 7
====================================================================================================
epoch:35
iter0: train_loss:0.07532213628292084
iter10: train_loss:0.08574732393026352
iter20: train_loss:0.0905710831284523
iter30: train_loss:0.08010794967412949
Validation loss: 0.13633151758800854 Validation RMSE: 0.369119021025571
====================================================================================================
epoch:36
iter0: train_loss:0.07678984850645065
iter10: train_loss:0.08006460964679718
iter20: train_loss:0.08139899373054504
iter30: train_loss:0.09106343984603882
Validation loss: 0.14228446239774878 Validation RMSE: 0.377109169960022
EarlyStopping counter: 1 out of 7
====================================================================================================
epoch:37
iter0: train_loss:0.0916450023651123
iter10: train_loss:0.08936642110347748
iter20: train_loss:0.08608546853065491
iter30: train_loss:0.0822601318359375
Validation loss: 0.14116554775021292 Validation RMSE: 0.3755666369741613
EarlyStopping counter: 2 out of 7
====================================================================================================
epoch:38
iter0: train_loss:0.08024483919143677
iter10: train_loss:0.08119029551744461
iter20: train_loss:0.09318682551383972
iter30: train_loss:0.08088719844818115
Validation loss: 0.13372405618429184 Validation RMSE: 0.36556060205806384
====================================================================================================
epoch:39
iter0: train_loss:0.08283200114965439
iter10: train_loss:0.08654861897230148
iter20: train_loss:0.08457928895950317
iter30: train_loss:0.09005674719810486
Validation loss: 0.13785514370961624 Validation RMSE: 0.3711367493326014
EarlyStopping counter: 1 out of 7
====================================================================================================
epoch:40
iter0: train_loss:0.07951988279819489
iter10: train_loss:0.08345064520835876
iter20: train_loss:0.0833396315574646
iter30: train_loss:0.08475825190544128
Validation loss: 0.13063009083271027 Validation RMSE: 0.36134810881181195
====================================================================================================
epoch:41
iter0: train_loss:0.08474922180175781
iter10: train_loss:0.09901133924722672
iter20: train_loss:0.0797930508852005
iter30: train_loss:0.08117120712995529
Validation loss: 0.13279336216774854 Validation RMSE: 0.3642729331146587
EarlyStopping counter: 1 out of 7
====================================================================================================
epoch:42
iter0: train_loss:0.08743074536323547
iter10: train_loss:0.08138015121221542
iter20: train_loss:0.07430273294448853
iter30: train_loss:0.07472415268421173
Validation loss: 0.13347975367849524 Validation RMSE: 0.365293261679736
EarlyStopping counter: 2 out of 7
====================================================================================================
epoch:43
iter0: train_loss:0.08151441812515259
iter10: train_loss:0.07918286323547363
iter20: train_loss:0.08837581425905228
iter30: train_loss:0.08805563300848007
Validation loss: 0.13249529017643494 Validation RMSE: 0.3638650856234811
EarlyStopping counter: 3 out of 7
====================================================================================================
epoch:44
iter0: train_loss:0.07799790799617767
iter10: train_loss:0.07299351692199707
iter20: train_loss:0.08148154616355896
iter30: train_loss:0.08527986705303192
Validation loss: 0.13029041615399448 Validation RMSE: 0.3608234009959481
====================================================================================================
epoch:45
iter0: train_loss:0.08034081757068634
iter10: train_loss:0.08551956713199615
iter20: train_loss:0.07097681611776352
iter30: train_loss:0.07709424942731857
Validation loss: 0.13365934450518002 Validation RMSE: 0.36547912792725995
EarlyStopping counter: 1 out of 7
====================================================================================================
epoch:46
iter0: train_loss:0.07876312732696533
iter10: train_loss:0.07821513712406158
iter20: train_loss:0.0792577937245369
iter30: train_loss:0.07130055874586105
Validation loss: 0.1304572421041402 Validation RMSE: 0.3609556799585169
EarlyStopping counter: 2 out of 7
====================================================================================================
epoch:47
iter0: train_loss:0.06703006476163864
iter10: train_loss:0.0887681171298027
iter20: train_loss:0.07024934887886047
iter30: train_loss:0.07225296646356583
Validation loss: 0.13084593957120721 Validation RMSE: 0.3616732223467393
EarlyStopping counter: 3 out of 7
====================================================================================================
epoch:48
iter0: train_loss:0.07544247061014175
iter10: train_loss:0.07219900190830231
iter20: train_loss:0.07824930548667908
iter30: train_loss:0.07569372653961182
Validation loss: 0.12962830879471518 Validation RMSE: 0.35979527776891534
====================================================================================================
epoch:49
iter0: train_loss:0.07059581577777863
iter10: train_loss:0.07037466019392014
iter20: train_loss:0.08194237947463989
iter30: train_loss:0.07246179133653641
Validation loss: 0.12854766574772922 Validation RMSE: 0.35848051038655365
====================================================================================================
epoch:50
iter0: train_loss:0.07169130444526672
iter10: train_loss:0.07635830342769623
iter20: train_loss:0.07392670959234238
iter30: train_loss:0.07384461164474487
Validation loss: 0.13263924690810117 Validation RMSE: 0.3641178472475572
EarlyStopping counter: 1 out of 7
====================================================================================================
epoch:51
iter0: train_loss:0.06784652918577194
iter10: train_loss:0.07827838510274887
iter20: train_loss:0.07491503655910492
iter30: train_loss:0.0799979642033577
Validation loss: 0.14528877626765857 Validation RMSE: 0.38108350472016767
EarlyStopping counter: 2 out of 7
====================================================================================================
epoch:52
iter0: train_loss:0.07234183698892593
iter10: train_loss:0.07327129691839218
iter20: train_loss:0.07126432657241821
iter30: train_loss:0.0693584606051445
Validation loss: 0.13023675910451196 Validation RMSE: 0.3608232465657321
EarlyStopping counter: 3 out of 7
====================================================================================================
epoch:53
iter0: train_loss:0.07709770649671555
iter10: train_loss:0.06632018834352493
iter20: train_loss:0.07318133860826492
iter30: train_loss:0.08134741336107254
Validation loss: 0.14191614362326535 Validation RMSE: 0.37660575996745715
EarlyStopping counter: 4 out of 7
====================================================================================================
epoch:54
iter0: train_loss:0.08013715595006943
iter10: train_loss:0.08494039624929428
iter20: train_loss:0.08505120873451233
iter30: train_loss:0.0678262785077095
Validation loss: 0.13019265166737817 Validation RMSE: 0.3606872477314689
EarlyStopping counter: 5 out of 7
====================================================================================================
epoch:55
iter0: train_loss:0.07207433134317398
iter10: train_loss:0.07208632677793503
iter20: train_loss:0.07520854473114014
iter30: train_loss:0.08939161151647568
Validation loss: 0.13084973123940555 Validation RMSE: 0.36167107928882947
EarlyStopping counter: 6 out of 7
====================================================================================================
epoch:56
iter0: train_loss:0.07830770313739777
iter10: train_loss:0.06758544594049454
iter20: train_loss:0.06799446046352386
iter30: train_loss:0.07299180328845978
Validation loss: 0.13000637631524692 Validation RMSE: 0.3604682033712214
EarlyStopping counter: 7 out of 7
Early stopping
MAE: 2.437 RMSE: 3.431 MAPE: 10.669
Spend Time: 70.28079771995544
