epoch:0
iter0: train_loss:1.4026780128479004
iter10: train_loss:0.5208941698074341
iter20: train_loss:0.36258941888809204
iter30: train_loss:0.32124894857406616
Validation loss: 0.3542833057316867 Validation RMSE: 0.5951285253871571
====================================================================================================
epoch:1
iter0: train_loss:0.3242073357105255
iter10: train_loss:0.29166948795318604
iter20: train_loss:0.24700139462947845
iter30: train_loss:0.23057310283184052
Validation loss: 0.2483327862891284 Validation RMSE: 0.49828126755627716
====================================================================================================
epoch:2
iter0: train_loss:0.20344306528568268
iter10: train_loss:0.1737087368965149
iter20: train_loss:0.1552722305059433
iter30: train_loss:0.16811569035053253
Validation loss: 0.18733116577972064 Validation RMSE: 0.43273950706828723
====================================================================================================
epoch:3
iter0: train_loss:0.1340428590774536
iter10: train_loss:0.15539950132369995
iter20: train_loss:0.13233521580696106
iter30: train_loss:0.13472288846969604
Validation loss: 0.17781696129928937 Validation RMSE: 0.4215165755965493
====================================================================================================
epoch:4
iter0: train_loss:0.13239771127700806
iter10: train_loss:0.12278924882411957
iter20: train_loss:0.13279381394386292
iter30: train_loss:0.14386112987995148
Validation loss: 0.17932470549236645 Validation RMSE: 0.42332441969351337
EarlyStopping counter: 1 out of 7
====================================================================================================
epoch:5
iter0: train_loss:0.12942524254322052
iter10: train_loss:0.12684601545333862
iter20: train_loss:0.14052774012088776
iter30: train_loss:0.1280388981103897
Validation loss: 0.17055140842090954 Validation RMSE: 0.4128271368416873
====================================================================================================
epoch:6
iter0: train_loss:0.1351301670074463
iter10: train_loss:0.11740937829017639
iter20: train_loss:0.11500610411167145
iter30: train_loss:0.11469414085149765
Validation loss: 0.17014845934781161 Validation RMSE: 0.4123645235191692
====================================================================================================
epoch:7
iter0: train_loss:0.12368130683898926
iter10: train_loss:0.11199958622455597
iter20: train_loss:0.10671416670084
iter30: train_loss:0.10879279673099518
Validation loss: 0.16621668365868655 Validation RMSE: 0.4076485958966342
====================================================================================================
epoch:8
iter0: train_loss:0.10685396939516068
iter10: train_loss:0.11422276496887207
iter20: train_loss:0.11335475742816925
iter30: train_loss:0.11449354887008667
Validation loss: 0.16471277448264035 Validation RMSE: 0.40566848624836316
====================================================================================================
epoch:9
iter0: train_loss:0.11157680302858353
iter10: train_loss:0.12258905917406082
iter20: train_loss:0.09266633540391922
iter30: train_loss:0.10093457251787186
Validation loss: 0.15766565095294605 Validation RMSE: 0.3969543386589397
====================================================================================================
epoch:10
iter0: train_loss:0.10880658775568008
iter10: train_loss:0.10462512075901031
iter20: train_loss:0.11228936910629272
iter30: train_loss:0.10316384583711624
Validation loss: 0.15660194646228442 Validation RMSE: 0.39559037306092004
====================================================================================================
epoch:11
iter0: train_loss:0.10299187153577805
iter10: train_loss:0.10748555511236191
iter20: train_loss:0.11380653828382492
iter30: train_loss:0.09674344956874847
Validation loss: 0.15185024386102502 Validation RMSE: 0.389648052779111
====================================================================================================
epoch:12
iter0: train_loss:0.09767042845487595
iter10: train_loss:0.09631968289613724
iter20: train_loss:0.09533160924911499
iter30: train_loss:0.10087303072214127
Validation loss: 0.15026194534518503 Validation RMSE: 0.38753151622685517
====================================================================================================
epoch:13
iter0: train_loss:0.09293060004711151
iter10: train_loss:0.09593985229730606
iter20: train_loss:0.0944700837135315
iter30: train_loss:0.1020125076174736
Validation loss: 0.14804023097861896 Validation RMSE: 0.38469385829838837
====================================================================================================
epoch:14
iter0: train_loss:0.09191209077835083
iter10: train_loss:0.10093776136636734
iter20: train_loss:0.09816420823335648
iter30: train_loss:0.09895247966051102
Validation loss: 0.15026181123473428 Validation RMSE: 0.38746916434981604
EarlyStopping counter: 1 out of 7
====================================================================================================
epoch:15
iter0: train_loss:0.10345444828271866
iter10: train_loss:0.09683315455913544
iter20: train_loss:0.08679855614900589
iter30: train_loss:0.10466109961271286
Validation loss: 0.14496018127961594 Validation RMSE: 0.3806882717392661
====================================================================================================
epoch:16
iter0: train_loss:0.10376125574111938
iter10: train_loss:0.10794057697057724
iter20: train_loss:0.07901385426521301
iter30: train_loss:0.09039691835641861
Validation loss: 0.14291825890541077 Validation RMSE: 0.3779906847260215
====================================================================================================
epoch:17
iter0: train_loss:0.08649791777133942
iter10: train_loss:0.0969449058175087
iter20: train_loss:0.09162969142198563
iter30: train_loss:0.0937826931476593
Validation loss: 0.14404792948202652 Validation RMSE: 0.37949754162268207
EarlyStopping counter: 1 out of 7
====================================================================================================
epoch:18
iter0: train_loss:0.09643658995628357
iter10: train_loss:0.10057073086500168
iter20: train_loss:0.09848278760910034
iter30: train_loss:0.08295799791812897
Validation loss: 0.15233705260536887 Validation RMSE: 0.3902496234937148
EarlyStopping counter: 2 out of 7
====================================================================================================
epoch:19
iter0: train_loss:0.09574117511510849
iter10: train_loss:0.09583108127117157
iter20: train_loss:0.08622733503580093
iter30: train_loss:0.09573952108621597
Validation loss: 0.14113291014324536 Validation RMSE: 0.37551157853820105
====================================================================================================
epoch:20
iter0: train_loss:0.08592468500137329
iter10: train_loss:0.09787600487470627
iter20: train_loss:0.08924218267202377
iter30: train_loss:0.10025303065776825
Validation loss: 0.14314248074184766 Validation RMSE: 0.37822847203774884
EarlyStopping counter: 1 out of 7
====================================================================================================
epoch:21
iter0: train_loss:0.0775395929813385
iter10: train_loss:0.09296756982803345
iter20: train_loss:0.08658794313669205
iter30: train_loss:0.09046286344528198
Validation loss: 0.1450988839973103 Validation RMSE: 0.3808537559075789
EarlyStopping counter: 2 out of 7
====================================================================================================
epoch:22
iter0: train_loss:0.09290125221014023
iter10: train_loss:0.09382548183202744
iter20: train_loss:0.08543620258569717
iter30: train_loss:0.09045163542032242
Validation loss: 0.14288368414748798 Validation RMSE: 0.37782744385979394
EarlyStopping counter: 3 out of 7
====================================================================================================
epoch:23
iter0: train_loss:0.09150578081607819
iter10: train_loss:0.07919894903898239
iter20: train_loss:0.09314187616109848
iter30: train_loss:0.09213598817586899
Validation loss: 0.13859956440600482 Validation RMSE: 0.37202022021467035
====================================================================================================
epoch:24
iter0: train_loss:0.08855674415826797
iter10: train_loss:0.0778641477227211
iter20: train_loss:0.08726755529642105
iter30: train_loss:0.08401784300804138
Validation loss: 0.13989814167672937 Validation RMSE: 0.3739993680607189
EarlyStopping counter: 1 out of 7
====================================================================================================
epoch:25
iter0: train_loss:0.0952022522687912
iter10: train_loss:0.07973583042621613
iter20: train_loss:0.1045059785246849
iter30: train_loss:0.09283046424388885
Validation loss: 0.13723778318275104 Validation RMSE: 0.3703616667877544
====================================================================================================
epoch:26
iter0: train_loss:0.0897289589047432
iter10: train_loss:0.08752653747797012
iter20: train_loss:0.07764799147844315
iter30: train_loss:0.08346797525882721
Validation loss: 0.14141738414764404 Validation RMSE: 0.3759766708720814
EarlyStopping counter: 1 out of 7
====================================================================================================
epoch:27
iter0: train_loss:0.07333654910326004
iter10: train_loss:0.08061742782592773
iter20: train_loss:0.07759310305118561
iter30: train_loss:0.07964885979890823
Validation loss: 0.13553207435391165 Validation RMSE: 0.36807453632354736
====================================================================================================
epoch:28
iter0: train_loss:0.08514568209648132
iter10: train_loss:0.08103952556848526
iter20: train_loss:0.0870329886674881
iter30: train_loss:0.08094220608472824
Validation loss: 0.13680389726703818 Validation RMSE: 0.36974716457453644
EarlyStopping counter: 1 out of 7
====================================================================================================
epoch:29
iter0: train_loss:0.08190876990556717
iter10: train_loss:0.09416273236274719
iter20: train_loss:0.07696211338043213
iter30: train_loss:0.09089482575654984
Validation loss: 0.1382881382649595 Validation RMSE: 0.3717415928840637
EarlyStopping counter: 2 out of 7
====================================================================================================
epoch:30
iter0: train_loss:0.09107527136802673
iter10: train_loss:0.08944536000490189
iter20: train_loss:0.08227221667766571
iter30: train_loss:0.08166207373142242
Validation loss: 0.13575550778345627 Validation RMSE: 0.36826243183829566
EarlyStopping counter: 3 out of 7
====================================================================================================
epoch:31
iter0: train_loss:0.0891461968421936
iter10: train_loss:0.07720375061035156
iter20: train_loss:0.0835258811712265
iter30: train_loss:0.09071485698223114
Validation loss: 0.13921011848883194 Validation RMSE: 0.37302995269948785
EarlyStopping counter: 4 out of 7
====================================================================================================
epoch:32
iter0: train_loss:0.07697524130344391
iter10: train_loss:0.0956200361251831
iter20: train_loss:0.08145083487033844
iter30: train_loss:0.07690422236919403
Validation loss: 0.1325755613771352 Validation RMSE: 0.36384694142775104
====================================================================================================
epoch:33
iter0: train_loss:0.07558370381593704
iter10: train_loss:0.06971858441829681
iter20: train_loss:0.07564161717891693
iter30: train_loss:0.08011647313833237
Validation loss: 0.13333198157223788 Validation RMSE: 0.3650456368923187
EarlyStopping counter: 1 out of 7
====================================================================================================
epoch:34
iter0: train_loss:0.07558827847242355
iter10: train_loss:0.08751792460680008
iter20: train_loss:0.08367934823036194
iter30: train_loss:0.06934091448783875
Validation loss: 0.13398530808362094 Validation RMSE: 0.36591925675218756
EarlyStopping counter: 2 out of 7
====================================================================================================
epoch:35
iter0: train_loss:0.07529514282941818
iter10: train_loss:0.08815006911754608
iter20: train_loss:0.07435567677021027
iter30: train_loss:0.07876309007406235
Validation loss: 0.13179785961454565 Validation RMSE: 0.36295670541850006
====================================================================================================
epoch:36
iter0: train_loss:0.08297969400882721
iter10: train_loss:0.07158193737268448
iter20: train_loss:0.0761871188879013
iter30: train_loss:0.08661976456642151
Validation loss: 0.13587134873325174 Validation RMSE: 0.3684865723956715
EarlyStopping counter: 1 out of 7
====================================================================================================
epoch:37
iter0: train_loss:0.09647668898105621
iter10: train_loss:0.07357731461524963
iter20: train_loss:0.07694777846336365
iter30: train_loss:0.08048024773597717
Validation loss: 0.13071739673614502 Validation RMSE: 0.3614692146127874
====================================================================================================
epoch:38
iter0: train_loss:0.08477810025215149
iter10: train_loss:0.07928137481212616
iter20: train_loss:0.0702158510684967
iter30: train_loss:0.08235278725624084
Validation loss: 0.13082512806762348 Validation RMSE: 0.36141040379350836
EarlyStopping counter: 1 out of 7
====================================================================================================
epoch:39
iter0: train_loss:0.09282618016004562
iter10: train_loss:0.07523185759782791
iter20: train_loss:0.08306338638067245
iter30: train_loss:0.07035955041646957
Validation loss: 0.13068302246657285 Validation RMSE: 0.3613433296030218
====================================================================================================
epoch:40
iter0: train_loss:0.07931516319513321
iter10: train_loss:0.07222665101289749
iter20: train_loss:0.08350561559200287
iter30: train_loss:0.06838706135749817
Validation loss: 0.13053954324939035 Validation RMSE: 0.3612049709666859
====================================================================================================
epoch:41
iter0: train_loss:0.06786621361970901
iter10: train_loss:0.07283010333776474
iter20: train_loss:0.08026064187288284
iter30: train_loss:0.08297768235206604
Validation loss: 0.13472604345191608 Validation RMSE: 0.36690766702998767
EarlyStopping counter: 1 out of 7
====================================================================================================
epoch:42
iter0: train_loss:0.07874956727027893
iter10: train_loss:0.07844792306423187
iter20: train_loss:0.08395671844482422
iter30: train_loss:0.07709008455276489
Validation loss: 0.12828345529057764 Validation RMSE: 0.35804172266613354
====================================================================================================
epoch:43
iter0: train_loss:0.07144291698932648
iter10: train_loss:0.06912514567375183
iter20: train_loss:0.07393713295459747
iter30: train_loss:0.07337081432342529
Validation loss: 0.13209328732707284 Validation RMSE: 0.3633049022067677
EarlyStopping counter: 1 out of 7
====================================================================================================
epoch:44
iter0: train_loss:0.0812322199344635
iter10: train_loss:0.0759873017668724
iter20: train_loss:0.08175018429756165
iter30: train_loss:0.07627533376216888
Validation loss: 0.13742198320952329 Validation RMSE: 0.37046838890422473
EarlyStopping counter: 2 out of 7
====================================================================================================
epoch:45
iter0: train_loss:0.07252295315265656
iter10: train_loss:0.07092495262622833
iter20: train_loss:0.07044894993305206
iter30: train_loss:0.07301650196313858
Validation loss: 0.13824200359257785 Validation RMSE: 0.3717125789685683
EarlyStopping counter: 3 out of 7
====================================================================================================
epoch:46
iter0: train_loss:0.07961282879114151
iter10: train_loss:0.08000258356332779
iter20: train_loss:0.06441357731819153
iter30: train_loss:0.07642713934183121
Validation loss: 0.12996392358433118 Validation RMSE: 0.3604401485486464
EarlyStopping counter: 4 out of 7
====================================================================================================
epoch:47
iter0: train_loss:0.07865116000175476
iter10: train_loss:0.07030001282691956
iter20: train_loss:0.0762043371796608
iter30: train_loss:0.06451652199029922
Validation loss: 0.12429188666018573 Validation RMSE: 0.35235088521784
====================================================================================================
epoch:48
iter0: train_loss:0.06442030519247055
iter10: train_loss:0.07184097170829773
iter20: train_loss:0.06919156759977341
iter30: train_loss:0.07979432493448257
Validation loss: 0.1339058591560884 Validation RMSE: 0.3658168749375777
EarlyStopping counter: 1 out of 7
====================================================================================================
epoch:49
iter0: train_loss:0.07319026440382004
iter10: train_loss:0.08298839628696442
iter20: train_loss:0.07098427414894104
iter30: train_loss:0.0732102170586586
Validation loss: 0.12324699082157829 Validation RMSE: 0.3509317636489868
====================================================================================================
epoch:50
iter0: train_loss:0.0645356997847557
iter10: train_loss:0.07608252763748169
iter20: train_loss:0.06570615619421005
iter30: train_loss:0.07921532541513443
Validation loss: 0.12345769865946336 Validation RMSE: 0.35117167234420776
EarlyStopping counter: 1 out of 7
====================================================================================================
epoch:51
iter0: train_loss:0.06777627021074295
iter10: train_loss:0.07337865978479385
iter20: train_loss:0.0726974755525589
iter30: train_loss:0.06258568167686462
Validation loss: 0.1264211101965471 Validation RMSE: 0.3554328300736167
EarlyStopping counter: 2 out of 7
====================================================================================================
epoch:52
iter0: train_loss:0.0755864605307579
iter10: train_loss:0.07856618613004684
iter20: train_loss:0.07126020640134811
iter30: train_loss:0.06875556707382202
Validation loss: 0.12490626898678867 Validation RMSE: 0.3531695306301117
EarlyStopping counter: 3 out of 7
====================================================================================================
epoch:53
iter0: train_loss:0.07898753136396408
iter10: train_loss:0.06554868817329407
iter20: train_loss:0.0634702667593956
iter30: train_loss:0.07373182475566864
Validation loss: 0.12451300160451369 Validation RMSE: 0.3527079630981792
EarlyStopping counter: 4 out of 7
====================================================================================================
epoch:54
iter0: train_loss:0.05903661996126175
iter10: train_loss:0.07531993836164474
iter20: train_loss:0.07620231807231903
iter30: train_loss:0.07232654094696045
Validation loss: 0.1240078407255086 Validation RMSE: 0.35200782255692914
EarlyStopping counter: 5 out of 7
====================================================================================================
epoch:55
iter0: train_loss:0.06469263136386871
iter10: train_loss:0.06530370563268661
iter20: train_loss:0.07092516124248505
iter30: train_loss:0.06214626505970955
Validation loss: 0.1254680806940252 Validation RMSE: 0.3540667945688421
EarlyStopping counter: 6 out of 7
====================================================================================================
epoch:56
iter0: train_loss:0.06576527655124664
iter10: train_loss:0.06066398322582245
iter20: train_loss:0.06584324687719345
iter30: train_loss:0.06165134906768799
Validation loss: 0.12544294920834628 Validation RMSE: 0.35400638526136224
EarlyStopping counter: 7 out of 7
Early stopping
MAE: 2.378 RMSE: 3.361 MAPE: 10.458
Spend Time: 68.79039192199707
