epoch:0
iter0: train_loss:1.378058671951294
iter10: train_loss:0.5843721032142639
iter20: train_loss:0.4206235110759735
iter30: train_loss:0.3832222819328308
Validation loss: 0.41671564362265845 Validation RMSE: 0.6454762708057057
====================================================================================================
epoch:1
iter0: train_loss:0.37691253423690796
iter10: train_loss:0.330853670835495
iter20: train_loss:0.2865366041660309
iter30: train_loss:0.2631714642047882
Validation loss: 0.2829222760417245 Validation RMSE: 0.5318340550769459
====================================================================================================
epoch:2
iter0: train_loss:0.2267349660396576
iter10: train_loss:0.29025477170944214
iter20: train_loss:0.21263758838176727
iter30: train_loss:0.19761662185192108
Validation loss: 0.22628557004711844 Validation RMSE: 0.4756250869144093
====================================================================================================
epoch:3
iter0: train_loss:0.1617598980665207
iter10: train_loss:0.1934608668088913
iter20: train_loss:0.16761915385723114
iter30: train_loss:0.17444267868995667
Validation loss: 0.21072150360454212 Validation RMSE: 0.458886520429091
====================================================================================================
epoch:4
iter0: train_loss:0.17694048583507538
iter10: train_loss:0.16975098848342896
iter20: train_loss:0.17515325546264648
iter30: train_loss:0.1668952852487564
Validation loss: 0.20619862323457544 Validation RMSE: 0.45389109037139197
====================================================================================================
epoch:5
iter0: train_loss:0.1619599610567093
iter10: train_loss:0.16104371845722198
iter20: train_loss:0.1787378489971161
iter30: train_loss:0.16714467108249664
Validation loss: 0.19977225092324344 Validation RMSE: 0.44687941670417786
====================================================================================================
epoch:6
iter0: train_loss:0.17621569335460663
iter10: train_loss:0.15854892134666443
iter20: train_loss:0.1537131667137146
iter30: train_loss:0.1514931321144104
Validation loss: 0.1961465369571339 Validation RMSE: 0.44273261590437457
====================================================================================================
epoch:7
iter0: train_loss:0.16565561294555664
iter10: train_loss:0.15051285922527313
iter20: train_loss:0.14283345639705658
iter30: train_loss:0.14766830205917358
Validation loss: 0.19353622333569961 Validation RMSE: 0.43989225138317456
====================================================================================================
epoch:8
iter0: train_loss:0.14400114119052887
iter10: train_loss:0.1476580649614334
iter20: train_loss:0.15141335129737854
iter30: train_loss:0.1553315818309784
Validation loss: 0.19014210999011993 Validation RMSE: 0.4359623708508231
====================================================================================================
epoch:9
iter0: train_loss:0.1451476514339447
iter10: train_loss:0.1627286821603775
iter20: train_loss:0.12766872346401215
iter30: train_loss:0.13846582174301147
Validation loss: 0.18950661068612878 Validation RMSE: 0.435179355469617
====================================================================================================
epoch:10
iter0: train_loss:0.1484464704990387
iter10: train_loss:0.14750899374485016
iter20: train_loss:0.15406939387321472
iter30: train_loss:0.1459655612707138
Validation loss: 0.1888657876036384 Validation RMSE: 0.4345519813624295
====================================================================================================
epoch:11
iter0: train_loss:0.14029666781425476
iter10: train_loss:0.15653002262115479
iter20: train_loss:0.15271197259426117
iter30: train_loss:0.13486674427986145
Validation loss: 0.18672566657716577 Validation RMSE: 0.4320783858949488
====================================================================================================
epoch:12
iter0: train_loss:0.13609781861305237
iter10: train_loss:0.13767273724079132
iter20: train_loss:0.1299455612897873
iter30: train_loss:0.14423619210720062
Validation loss: 0.181990769776431 Validation RMSE: 0.4264939102259549
====================================================================================================
epoch:13
iter0: train_loss:0.13136954605579376
iter10: train_loss:0.13901084661483765
iter20: train_loss:0.14135238528251648
iter30: train_loss:0.14449389278888702
Validation loss: 0.1831255704164505 Validation RMSE: 0.4278625412420793
EarlyStopping counter: 1 out of 7
====================================================================================================
epoch:14
iter0: train_loss:0.13257576525211334
iter10: train_loss:0.14803875982761383
iter20: train_loss:0.1429864764213562
iter30: train_loss:0.1442798674106598
Validation loss: 0.18279105018485675 Validation RMSE: 0.42738338763063605
EarlyStopping counter: 2 out of 7
====================================================================================================
epoch:15
iter0: train_loss:0.1511630266904831
iter10: train_loss:0.14039845764636993
iter20: train_loss:0.12781624495983124
iter30: train_loss:0.14856001734733582
Validation loss: 0.18096096000888132 Validation RMSE: 0.4253165992823514
====================================================================================================
epoch:16
iter0: train_loss:0.1482517570257187
iter10: train_loss:0.15049484372138977
iter20: train_loss:0.11535362899303436
iter30: train_loss:0.13101577758789062
Validation loss: 0.17882851443507455 Validation RMSE: 0.4228425080125982
====================================================================================================
epoch:17
iter0: train_loss:0.12266562134027481
iter10: train_loss:0.1456863135099411
iter20: train_loss:0.13613182306289673
iter30: train_loss:0.1371031105518341
Validation loss: 0.1757149506698955 Validation RMSE: 0.41917150941762055
====================================================================================================
epoch:18
iter0: train_loss:0.14286328852176666
iter10: train_loss:0.14675454795360565
iter20: train_loss:0.13820740580558777
iter30: train_loss:0.11862270534038544
Validation loss: 0.17549651725725693 Validation RMSE: 0.4188410991972143
====================================================================================================
epoch:19
iter0: train_loss:0.1336822360754013
iter10: train_loss:0.14681091904640198
iter20: train_loss:0.1351144015789032
iter30: train_loss:0.1411937028169632
Validation loss: 0.17364615472880277 Validation RMSE: 0.41655114022168244
====================================================================================================
epoch:20
iter0: train_loss:0.12581269443035126
iter10: train_loss:0.14253352582454681
iter20: train_loss:0.12838396430015564
iter30: train_loss:0.14691558480262756
Validation loss: 0.17447668178515 Validation RMSE: 0.4176015013998205
EarlyStopping counter: 1 out of 7
====================================================================================================
epoch:21
iter0: train_loss:0.11791505664587021
iter10: train_loss:0.14127695560455322
iter20: train_loss:0.12799130380153656
iter30: train_loss:0.1354711353778839
Validation loss: 0.17359052056616003 Validation RMSE: 0.41654595732688904
====================================================================================================
epoch:22
iter0: train_loss:0.1358392834663391
iter10: train_loss:0.15467001497745514
iter20: train_loss:0.12894220650196075
iter30: train_loss:0.13442885875701904
Validation loss: 0.1730965958400206 Validation RMSE: 0.4158339337869124
====================================================================================================
epoch:23
iter0: train_loss:0.1358886957168579
iter10: train_loss:0.11935514956712723
iter20: train_loss:0.1392080932855606
iter30: train_loss:0.13670732080936432
Validation loss: 0.17208910123868423 Validation RMSE: 0.4146617921915921
====================================================================================================
epoch:24
iter0: train_loss:0.13093313574790955
iter10: train_loss:0.1168937161564827
iter20: train_loss:0.1248173788189888
iter30: train_loss:0.12258825451135635
Validation loss: 0.1765218905427239 Validation RMSE: 0.42010713436386804
EarlyStopping counter: 1 out of 7
====================================================================================================
epoch:25
iter0: train_loss:0.14330898225307465
iter10: train_loss:0.1201532855629921
iter20: train_loss:0.1533789336681366
iter30: train_loss:0.13780786097049713
Validation loss: 0.16995061933994293 Validation RMSE: 0.41216122833165253
====================================================================================================
epoch:26
iter0: train_loss:0.1344338208436966
iter10: train_loss:0.13071048259735107
iter20: train_loss:0.11817695945501328
iter30: train_loss:0.1288277506828308
Validation loss: 0.17328044907613235 Validation RMSE: 0.41617857868021185
EarlyStopping counter: 1 out of 7
====================================================================================================
epoch:27
iter0: train_loss:0.10943330079317093
iter10: train_loss:0.12159509211778641
iter20: train_loss:0.12100984901189804
iter30: train_loss:0.1164141520857811
Validation loss: 0.17044926231557672 Validation RMSE: 0.41280007091435517
EarlyStopping counter: 2 out of 7
====================================================================================================
epoch:28
iter0: train_loss:0.1288374960422516
iter10: train_loss:0.12877260148525238
iter20: train_loss:0.13514383137226105
iter30: train_loss:0.12075836956501007
Validation loss: 0.16874635355039078 Validation RMSE: 0.41067630323496734
====================================================================================================
epoch:29
iter0: train_loss:0.12710179388523102
iter10: train_loss:0.14080862700939178
iter20: train_loss:0.11755591630935669
iter30: train_loss:0.1379798799753189
Validation loss: 0.1674836901101199 Validation RMSE: 0.4091455800966783
====================================================================================================
epoch:30
iter0: train_loss:0.13386626541614532
iter10: train_loss:0.13365638256072998
iter20: train_loss:0.13394878804683685
iter30: train_loss:0.12528546154499054
Validation loss: 0.16434741562063043 Validation RMSE: 0.40529614416035736
====================================================================================================
epoch:31
iter0: train_loss:0.13074234127998352
iter10: train_loss:0.11590287834405899
iter20: train_loss:0.1228361502289772
iter30: train_loss:0.13311767578125
Validation loss: 0.16620499437505548 Validation RMSE: 0.40763369473544037
EarlyStopping counter: 1 out of 7
====================================================================================================
epoch:32
iter0: train_loss:0.11932870000600815
iter10: train_loss:0.14521878957748413
iter20: train_loss:0.12377391755580902
iter30: train_loss:0.12203414738178253
Validation loss: 0.1807799000631679 Validation RMSE: 0.4250446070324291
EarlyStopping counter: 2 out of 7
====================================================================================================
epoch:33
iter0: train_loss:0.12621434032917023
iter10: train_loss:0.10860520601272583
iter20: train_loss:0.11232158541679382
iter30: train_loss:0.12460292130708694
Validation loss: 0.1703961193561554 Validation RMSE: 0.4127511517568068
EarlyStopping counter: 3 out of 7
====================================================================================================
epoch:34
iter0: train_loss:0.12063197046518326
iter10: train_loss:0.13203927874565125
iter20: train_loss:0.12933318316936493
iter30: train_loss:0.1061968132853508
Validation loss: 0.1656497364694422 Validation RMSE: 0.4068945998495275
EarlyStopping counter: 4 out of 7
====================================================================================================
epoch:35
iter0: train_loss:0.11786527186632156
iter10: train_loss:0.13203924894332886
iter20: train_loss:0.11523867398500443
iter30: train_loss:0.1198166087269783
Validation loss: 0.16553894091736188 Validation RMSE: 0.4067964391274886
EarlyStopping counter: 5 out of 7
====================================================================================================
epoch:36
iter0: train_loss:0.12449312210083008
iter10: train_loss:0.11258993297815323
iter20: train_loss:0.12207110971212387
iter30: train_loss:0.14042282104492188
Validation loss: 0.17485605315728622 Validation RMSE: 0.4179596873846921
EarlyStopping counter: 6 out of 7
====================================================================================================
epoch:37
iter0: train_loss:0.1527768224477768
iter10: train_loss:0.12302529811859131
iter20: train_loss:0.12197590619325638
iter30: train_loss:0.12537431716918945
Validation loss: 0.1647852835330096 Validation RMSE: 0.40584202246232465
EarlyStopping counter: 7 out of 7
Early stopping
MAE: 2.758 RMSE: 3.898 MAPE: 12.214
Spend Time: 48.767544746398926
