epoch:0
iter0: train_loss:1.2098665237426758
iter10: train_loss:0.4995289444923401
iter20: train_loss:0.41911160945892334
iter30: train_loss:0.3716243505477905
Validation loss: 0.4231025549498471 Validation RMSE: 0.6503996090455488
====================================================================================================
epoch:1
iter0: train_loss:0.352179616689682
iter10: train_loss:0.3281519114971161
iter20: train_loss:0.28964075446128845
iter30: train_loss:0.23859085142612457
Validation loss: 0.2746473550796509 Validation RMSE: 0.5240296992388639
====================================================================================================
epoch:2
iter0: train_loss:0.22959114611148834
iter10: train_loss:0.1981578916311264
iter20: train_loss:0.2045544534921646
iter30: train_loss:0.1784038543701172
Validation loss: 0.2304904880848798 Validation RMSE: 0.48002957755869086
====================================================================================================
epoch:3
iter0: train_loss:0.180525004863739
iter10: train_loss:0.16572101414203644
iter20: train_loss:0.1660252958536148
iter30: train_loss:0.17077291011810303
Validation loss: 0.208983067761768 Validation RMSE: 0.45706343921748077
====================================================================================================
epoch:4
iter0: train_loss:0.17287258803844452
iter10: train_loss:0.15553389489650726
iter20: train_loss:0.16378210484981537
iter30: train_loss:0.16277819871902466
Validation loss: 0.20885761082172394 Validation RMSE: 0.45695422996174206
====================================================================================================
epoch:5
iter0: train_loss:0.15291529893875122
iter10: train_loss:0.15315307676792145
iter20: train_loss:0.14811544120311737
iter30: train_loss:0.15366657078266144
Validation loss: 0.20020964064381339 Validation RMSE: 0.44735498049042444
====================================================================================================
epoch:6
iter0: train_loss:0.1496008187532425
iter10: train_loss:0.15411685407161713
iter20: train_loss:0.15713591873645782
iter30: train_loss:0.14488385617733002
Validation loss: 0.20151871984655206 Validation RMSE: 0.44880428639325226
EarlyStopping counter: 1 out of 7
====================================================================================================
epoch:7
iter0: train_loss:0.16034381091594696
iter10: train_loss:0.14081348478794098
iter20: train_loss:0.14492051303386688
iter30: train_loss:0.1546381264925003
Validation loss: 0.1985192122784528 Validation RMSE: 0.4453902298753912
====================================================================================================
epoch:8
iter0: train_loss:0.13192938268184662
iter10: train_loss:0.1322830766439438
iter20: train_loss:0.14866924285888672
iter30: train_loss:0.14791052043437958
Validation loss: 0.19427897171540695 Validation RMSE: 0.4407145841555162
====================================================================================================
epoch:9
iter0: train_loss:0.1365269273519516
iter10: train_loss:0.15988995134830475
iter20: train_loss:0.13345345854759216
iter30: train_loss:0.16525806486606598
Validation loss: 0.20110699940811505 Validation RMSE: 0.4484359215606343
EarlyStopping counter: 1 out of 7
====================================================================================================
epoch:10
iter0: train_loss:0.13312657177448273
iter10: train_loss:0.13488328456878662
iter20: train_loss:0.152018204331398
iter30: train_loss:0.1576608270406723
Validation loss: 0.18368251350792972 Validation RMSE: 0.4284404895522378
====================================================================================================
epoch:11
iter0: train_loss:0.14394989609718323
iter10: train_loss:0.14254985749721527
iter20: train_loss:0.136299729347229
iter30: train_loss:0.14000611007213593
Validation loss: 0.19687939096580853 Validation RMSE: 0.443576073104685
EarlyStopping counter: 1 out of 7
====================================================================================================
epoch:12
iter0: train_loss:0.14673253893852234
iter10: train_loss:0.15076814591884613
iter20: train_loss:0.14712342619895935
iter30: train_loss:0.14170508086681366
Validation loss: 0.1811129166321321 Validation RMSE: 0.42544105648994446
====================================================================================================
epoch:13
iter0: train_loss:0.1443420797586441
iter10: train_loss:0.14492377638816833
iter20: train_loss:0.13584378361701965
iter30: train_loss:0.1462906301021576
Validation loss: 0.18440443412824112 Validation RMSE: 0.42930258404124866
EarlyStopping counter: 1 out of 7
====================================================================================================
epoch:14
iter0: train_loss:0.1572721302509308
iter10: train_loss:0.11800365149974823
iter20: train_loss:0.1477017104625702
iter30: train_loss:0.1363435983657837
Validation loss: 0.17805455489592117 Validation RMSE: 0.4218981238928708
====================================================================================================
epoch:15
iter0: train_loss:0.14435915648937225
iter10: train_loss:0.14566372334957123
iter20: train_loss:0.1397053599357605
iter30: train_loss:0.14091946184635162
Validation loss: 0.17939977212385697 Validation RMSE: 0.4234166714278134
EarlyStopping counter: 1 out of 7
====================================================================================================
epoch:16
iter0: train_loss:0.1288023293018341
iter10: train_loss:0.13062693178653717
iter20: train_loss:0.14129996299743652
iter30: train_loss:0.13857252895832062
Validation loss: 0.17240165986798026 Validation RMSE: 0.4150757058100267
====================================================================================================
epoch:17
iter0: train_loss:0.1405472308397293
iter10: train_loss:0.1209656223654747
iter20: train_loss:0.13223116099834442
iter30: train_loss:0.14067691564559937
Validation loss: 0.1727297075770118 Validation RMSE: 0.4154605675827373
EarlyStopping counter: 1 out of 7
====================================================================================================
epoch:18
iter0: train_loss:0.12134914845228195
iter10: train_loss:0.11812616884708405
iter20: train_loss:0.1504332721233368
iter30: train_loss:0.13355089724063873
Validation loss: 0.17429866574027322 Validation RMSE: 0.417203504930843
EarlyStopping counter: 2 out of 7
====================================================================================================
epoch:19
iter0: train_loss:0.1587435007095337
iter10: train_loss:0.14723148941993713
iter20: train_loss:0.1429978758096695
iter30: train_loss:0.1353239119052887
Validation loss: 0.17522263120521198 Validation RMSE: 0.418491547757929
EarlyStopping counter: 3 out of 7
====================================================================================================
epoch:20
iter0: train_loss:0.13183335959911346
iter10: train_loss:0.1318281590938568
iter20: train_loss:0.124330073595047
iter30: train_loss:0.12688469886779785
Validation loss: 0.16955622217871927 Validation RMSE: 0.41165750406005164
====================================================================================================
epoch:21
iter0: train_loss:0.12488766014575958
iter10: train_loss:0.12466030567884445
iter20: train_loss:0.12745864689350128
iter30: train_loss:0.12600673735141754
Validation loss: 0.17235967787829312 Validation RMSE: 0.41510514237663965
EarlyStopping counter: 1 out of 7
====================================================================================================
epoch:22
iter0: train_loss:0.13237544894218445
iter10: train_loss:0.11870811879634857
iter20: train_loss:0.12624448537826538
iter30: train_loss:0.14207656681537628
Validation loss: 0.17269640348174356 Validation RMSE: 0.41547060012817383
EarlyStopping counter: 2 out of 7
====================================================================================================
epoch:23
iter0: train_loss:0.1471269577741623
iter10: train_loss:0.11791767925024033
iter20: train_loss:0.15114283561706543
iter30: train_loss:0.13893800973892212
Validation loss: 0.18023023551160638 Validation RMSE: 0.4244549328630621
EarlyStopping counter: 3 out of 7
====================================================================================================
epoch:24
iter0: train_loss:0.13351954519748688
iter10: train_loss:0.129561185836792
iter20: train_loss:0.13751228153705597
iter30: train_loss:0.1379219889640808
Validation loss: 0.1750007623975927 Validation RMSE: 0.41813102093609894
EarlyStopping counter: 4 out of 7
====================================================================================================
epoch:25
iter0: train_loss:0.1438797116279602
iter10: train_loss:0.14569608867168427
iter20: train_loss:0.1222192719578743
iter30: train_loss:0.12458937615156174
Validation loss: 0.1713097799908031 Validation RMSE: 0.41378922083161096
EarlyStopping counter: 5 out of 7
====================================================================================================
epoch:26
iter0: train_loss:0.1208827868103981
iter10: train_loss:0.11841841042041779
iter20: train_loss:0.1363135129213333
iter30: train_loss:0.13820278644561768
Validation loss: 0.17335919900373978 Validation RMSE: 0.41626355864784936
EarlyStopping counter: 6 out of 7
====================================================================================================
epoch:27
iter0: train_loss:0.11746425926685333
iter10: train_loss:0.12154283374547958
iter20: train_loss:0.12419431656599045
iter30: train_loss:0.13117720186710358
Validation loss: 0.1690509793433276 Validation RMSE: 0.4111007668755271
====================================================================================================
epoch:28
iter0: train_loss:0.12745285034179688
iter10: train_loss:0.11383025348186493
iter20: train_loss:0.14036111533641815
iter30: train_loss:0.13087067008018494
Validation loss: 0.1719174628907984 Validation RMSE: 0.414416413415562
EarlyStopping counter: 1 out of 7
====================================================================================================
epoch:29
iter0: train_loss:0.13839270174503326
iter10: train_loss:0.1321634203195572
iter20: train_loss:0.11215343326330185
iter30: train_loss:0.13854283094406128
Validation loss: 0.1710907518863678 Validation RMSE: 0.4134551774371754
EarlyStopping counter: 2 out of 7
====================================================================================================
epoch:30
iter0: train_loss:0.12384141981601715
iter10: train_loss:0.12229345738887787
iter20: train_loss:0.11701353639364243
iter30: train_loss:0.12545610964298248
Validation loss: 0.16558702967383646 Validation RMSE: 0.406864732503891
====================================================================================================
epoch:31
iter0: train_loss:0.13416606187820435
iter10: train_loss:0.1312340945005417
iter20: train_loss:0.11862494051456451
iter30: train_loss:0.1281726211309433
Validation loss: 0.17211662503806027 Validation RMSE: 0.4147389070554213
EarlyStopping counter: 1 out of 7
====================================================================================================
epoch:32
iter0: train_loss:0.11311429738998413
iter10: train_loss:0.11176395416259766
iter20: train_loss:0.12758375704288483
iter30: train_loss:0.13907340168952942
Validation loss: 0.16610349172895605 Validation RMSE: 0.40731997381557117
EarlyStopping counter: 2 out of 7
====================================================================================================
epoch:33
iter0: train_loss:0.1291099190711975
iter10: train_loss:0.11710967868566513
iter20: train_loss:0.12175992876291275
iter30: train_loss:0.12397339940071106
Validation loss: 0.16933317347006363 Validation RMSE: 0.4114352654327046
EarlyStopping counter: 3 out of 7
====================================================================================================
epoch:34
iter0: train_loss:0.12966309487819672
iter10: train_loss:0.12711261212825775
iter20: train_loss:0.12035305798053741
iter30: train_loss:0.12132201343774796
Validation loss: 0.17297019877217032 Validation RMSE: 0.4157900295474313
EarlyStopping counter: 4 out of 7
====================================================================================================
epoch:35
iter0: train_loss:0.12867377698421478
iter10: train_loss:0.11363275349140167
iter20: train_loss:0.10625672340393066
iter30: train_loss:0.1286611258983612
Validation loss: 0.17839486626061526 Validation RMSE: 0.4222704605622725
EarlyStopping counter: 5 out of 7
====================================================================================================
epoch:36
iter0: train_loss:0.1413366198539734
iter10: train_loss:0.13401052355766296
iter20: train_loss:0.09986929595470428
iter30: train_loss:0.1313176155090332
Validation loss: 0.1650876673785123 Validation RMSE: 0.40619509599425574
====================================================================================================
epoch:37
iter0: train_loss:0.10930152237415314
iter10: train_loss:0.13587336242198944
iter20: train_loss:0.12103556841611862
iter30: train_loss:0.12580522894859314
Validation loss: 0.16765974868427624 Validation RMSE: 0.40936514193361456
EarlyStopping counter: 1 out of 7
====================================================================================================
epoch:38
iter0: train_loss:0.12085652351379395
iter10: train_loss:0.13829858601093292
iter20: train_loss:0.14501862227916718
iter30: train_loss:0.11821074783802032
Validation loss: 0.16705644672567194 Validation RMSE: 0.4086365347558802
EarlyStopping counter: 2 out of 7
====================================================================================================
epoch:39
iter0: train_loss:0.13906334340572357
iter10: train_loss:0.12380681931972504
iter20: train_loss:0.11234229058027267
iter30: train_loss:0.11937885731458664
Validation loss: 0.16572831029241736 Validation RMSE: 0.4070092575116591
EarlyStopping counter: 3 out of 7
====================================================================================================
epoch:40
iter0: train_loss:0.12590914964675903
iter10: train_loss:0.12844793498516083
iter20: train_loss:0.1133386418223381
iter30: train_loss:0.10922270268201828
Validation loss: 0.18830591846596112 Validation RMSE: 0.43381865458054975
EarlyStopping counter: 4 out of 7
====================================================================================================
epoch:41
iter0: train_loss:0.12954595685005188
iter10: train_loss:0.11828597635030746
iter20: train_loss:0.12026023119688034
iter30: train_loss:0.12898775935173035
Validation loss: 0.16457290676507083 Validation RMSE: 0.40565137429670856
====================================================================================================
epoch:42
iter0: train_loss:0.12620222568511963
iter10: train_loss:0.1254155933856964
iter20: train_loss:0.11348388344049454
iter30: train_loss:0.1222095936536789
Validation loss: 0.16207354041663083 Validation RMSE: 0.4025482725013386
====================================================================================================
epoch:43
iter0: train_loss:0.11262238770723343
iter10: train_loss:0.1303296983242035
iter20: train_loss:0.1113119125366211
iter30: train_loss:0.10647076368331909
Validation loss: 0.16103498502211136 Validation RMSE: 0.40113662589680066
====================================================================================================
epoch:44
iter0: train_loss:0.1078002005815506
iter10: train_loss:0.12483759224414825
iter20: train_loss:0.10290052741765976
iter30: train_loss:0.11688844859600067
Validation loss: 0.16211010922085156 Validation RMSE: 0.40249608863483777
EarlyStopping counter: 1 out of 7
====================================================================================================
epoch:45
iter0: train_loss:0.11911845207214355
iter10: train_loss:0.13091737031936646
iter20: train_loss:0.12278884649276733
iter30: train_loss:0.12833480536937714
Validation loss: 0.16342128813266754 Validation RMSE: 0.40419779311526904
EarlyStopping counter: 2 out of 7
====================================================================================================
epoch:46
iter0: train_loss:0.1244654431939125
iter10: train_loss:0.1186014711856842
iter20: train_loss:0.12112259119749069
iter30: train_loss:0.11210621148347855
Validation loss: 0.16067475757815622 Validation RMSE: 0.4007566896351901
====================================================================================================
epoch:47
iter0: train_loss:0.10280246287584305
iter10: train_loss:0.10871177166700363
iter20: train_loss:0.12161334604024887
iter30: train_loss:0.11127258837223053
Validation loss: 0.15942889316515488 Validation RMSE: 0.3991332297975367
====================================================================================================
epoch:48
iter0: train_loss:0.10173626244068146
iter10: train_loss:0.1088189110159874
iter20: train_loss:0.114874467253685
iter30: train_loss:0.11862336099147797
Validation loss: 0.15951942855661566 Validation RMSE: 0.399253709749742
EarlyStopping counter: 1 out of 7
====================================================================================================
epoch:49
iter0: train_loss:0.11603706330060959
iter10: train_loss:0.1268385946750641
iter20: train_loss:0.12350621074438095
iter30: train_loss:0.11636991053819656
Validation loss: 0.16502296111800455 Validation RMSE: 0.4060853259129958
EarlyStopping counter: 2 out of 7
====================================================================================================
epoch:50
iter0: train_loss:0.12323903292417526
iter10: train_loss:0.11997426301240921
iter20: train_loss:0.11107632517814636
iter30: train_loss:0.12449191510677338
Validation loss: 0.17021007429469714 Validation RMSE: 0.41250794584100897
EarlyStopping counter: 3 out of 7
====================================================================================================
epoch:51
iter0: train_loss:0.11082915961742401
iter10: train_loss:0.12604165077209473
iter20: train_loss:0.11513053625822067
iter30: train_loss:0.10969112813472748
Validation loss: 0.1608256155794317 Validation RMSE: 0.4008629024028778
EarlyStopping counter: 4 out of 7
====================================================================================================
epoch:52
iter0: train_loss:0.11456764489412308
iter10: train_loss:0.1181512102484703
iter20: train_loss:0.11912769824266434
iter30: train_loss:0.12819218635559082
Validation loss: 0.1613790365782651 Validation RMSE: 0.4015989330681888
EarlyStopping counter: 5 out of 7
====================================================================================================
epoch:53
iter0: train_loss:0.1153772622346878
iter10: train_loss:0.1121516227722168
iter20: train_loss:0.10548929125070572
iter30: train_loss:0.1218346580862999
Validation loss: 0.15845256637443195 Validation RMSE: 0.3979464660991322
====================================================================================================
epoch:54
iter0: train_loss:0.1124919056892395
iter10: train_loss:0.1162867397069931
iter20: train_loss:0.12606437504291534
iter30: train_loss:0.11195367574691772
Validation loss: 0.15902718901634216 Validation RMSE: 0.39860948649319733
EarlyStopping counter: 1 out of 7
====================================================================================================
epoch:55
iter0: train_loss:0.13539110124111176
iter10: train_loss:0.12457011640071869
iter20: train_loss:0.12158641964197159
iter30: train_loss:0.11171668767929077
Validation loss: 0.15728936412117697 Validation RMSE: 0.3964644968509674
====================================================================================================
epoch:56
iter0: train_loss:0.1165730431675911
iter10: train_loss:0.11036396771669388
iter20: train_loss:0.10855042934417725
iter30: train_loss:0.11930152773857117
Validation loss: 0.15716072510589252 Validation RMSE: 0.3962764929641377
====================================================================================================
epoch:57
iter0: train_loss:0.11799882352352142
iter10: train_loss:0.11878728866577148
iter20: train_loss:0.11753419786691666
iter30: train_loss:0.11294935643672943
Validation loss: 0.15654098987579346 Validation RMSE: 0.3955209228125485
====================================================================================================
epoch:58
iter0: train_loss:0.12062747776508331
iter10: train_loss:0.10466568917036057
iter20: train_loss:0.106199711561203
iter30: train_loss:0.11009255051612854
Validation loss: 0.15925534611398523 Validation RMSE: 0.39893013780767267
EarlyStopping counter: 1 out of 7
====================================================================================================
epoch:59
iter0: train_loss:0.11234203726053238
iter10: train_loss:0.10037943720817566
iter20: train_loss:0.12077342718839645
iter30: train_loss:0.1330661028623581
Validation loss: 0.16419015418399463 Validation RMSE: 0.405127766457471
EarlyStopping counter: 2 out of 7
====================================================================================================
epoch:60
iter0: train_loss:0.11346279829740524
iter10: train_loss:0.10782870650291443
iter20: train_loss:0.11676537990570068
iter30: train_loss:0.11701927334070206
Validation loss: 0.1564114676280455 Validation RMSE: 0.39544879035516217
====================================================================================================
epoch:61
iter0: train_loss:0.1154102236032486
iter10: train_loss:0.11274557560682297
iter20: train_loss:0.1010490283370018
iter30: train_loss:0.11068866401910782
Validation loss: 0.1592811711809852 Validation RMSE: 0.39894167943434283
EarlyStopping counter: 1 out of 7
====================================================================================================
epoch:62
iter0: train_loss:0.11501902341842651
iter10: train_loss:0.10871659219264984
iter20: train_loss:0.11746018379926682
iter30: train_loss:0.1069817766547203
Validation loss: 0.1592376557263461 Validation RMSE: 0.39893254908648407
EarlyStopping counter: 2 out of 7
====================================================================================================
epoch:63
iter0: train_loss:0.11551234126091003
iter10: train_loss:0.10556960105895996
iter20: train_loss:0.11005420237779617
iter30: train_loss:0.12080737203359604
Validation loss: 0.1549667174165899 Validation RMSE: 0.39359272610057483
====================================================================================================
epoch:64
iter0: train_loss:0.11534370481967926
iter10: train_loss:0.11662369221448898
iter20: train_loss:0.11554674059152603
iter30: train_loss:0.12687131762504578
Validation loss: 0.15282034196636893 Validation RMSE: 0.39083095301281323
====================================================================================================
epoch:65
iter0: train_loss:0.1168561652302742
iter10: train_loss:0.10773006826639175
iter20: train_loss:0.12520909309387207
iter30: train_loss:0.09605113416910172
Validation loss: 0.155847275798971 Validation RMSE: 0.39465502988208423
EarlyStopping counter: 1 out of 7
====================================================================================================
epoch:66
iter0: train_loss:0.10421697050333023
iter10: train_loss:0.11378123611211777
iter20: train_loss:0.12268715351819992
iter30: train_loss:0.10981470346450806
Validation loss: 0.1567164808511734 Validation RMSE: 0.39577410979704425
EarlyStopping counter: 2 out of 7
====================================================================================================
epoch:67
iter0: train_loss:0.11351970583200455
iter10: train_loss:0.12109734117984772
iter20: train_loss:0.1125064417719841
iter30: train_loss:0.09824609756469727
Validation loss: 0.1540805223313245 Validation RMSE: 0.3924285498532382
EarlyStopping counter: 3 out of 7
====================================================================================================
epoch:68
iter0: train_loss:0.10765790939331055
iter10: train_loss:0.1044606938958168
iter20: train_loss:0.1021861881017685
iter30: train_loss:0.1147807389497757
Validation loss: 0.15521628070961346 Validation RMSE: 0.3938698741522702
EarlyStopping counter: 4 out of 7
====================================================================================================
epoch:69
iter0: train_loss:0.1004796102643013
iter10: train_loss:0.12129031866788864
iter20: train_loss:0.11684277653694153
iter30: train_loss:0.116451196372509
Validation loss: 0.15435858341780576 Validation RMSE: 0.39277378537438135
EarlyStopping counter: 5 out of 7
====================================================================================================
epoch:70
iter0: train_loss:0.11967278271913528
iter10: train_loss:0.1070641279220581
iter20: train_loss:0.10661406815052032
iter30: train_loss:0.1031874269247055
Validation loss: 0.15594240887598557 Validation RMSE: 0.39480135115710174
EarlyStopping counter: 6 out of 7
====================================================================================================
epoch:71
iter0: train_loss:0.09715431928634644
iter10: train_loss:0.11497935652732849
iter20: train_loss:0.10267072916030884
iter30: train_loss:0.10816065967082977
Validation loss: 0.15409463237632404 Validation RMSE: 0.3924555101177909
EarlyStopping counter: 7 out of 7
Early stopping
MAE: 2.635 RMSE: 3.757 MAPE: 11.558
Spend Time: 84.75191712379456
