epoch:0
iter0: train_loss:1.0050386190414429
iter10: train_loss:0.5052956342697144
iter20: train_loss:0.39135634899139404
iter30: train_loss:0.28804633021354675
Validation loss: 0.36108221411705016 Validation RMSE: 0.5997103929519654
====================================================================================================
epoch:1
iter0: train_loss:0.4276044964790344
iter10: train_loss:0.3038921058177948
iter20: train_loss:0.3213348090648651
iter30: train_loss:0.28291454911231995
Validation loss: 0.31684410572052 Validation RMSE: 0.56274254322052
====================================================================================================
epoch:2
iter0: train_loss:0.3261285424232483
iter10: train_loss:0.3194655179977417
iter20: train_loss:0.33796271681785583
iter30: train_loss:0.26713302731513977
Validation loss: 0.2711803525686264 Validation RMSE: 0.5197363495826721
====================================================================================================
epoch:3
iter0: train_loss:0.24545127153396606
iter10: train_loss:0.25599405169487
iter20: train_loss:0.22625935077667236
iter30: train_loss:0.18412348628044128
Validation loss: 0.281894651055336 Validation RMSE: 0.529288113117218
EarlyStopping counter: 1 out of 7
====================================================================================================
epoch:4
iter0: train_loss:0.2569802701473236
iter10: train_loss:0.1964207887649536
iter20: train_loss:0.19785647094249725
iter30: train_loss:0.1842574030160904
Validation loss: 0.23981718122959136 Validation RMSE: 0.48920992612838743
====================================================================================================
epoch:5
iter0: train_loss:0.26117444038391113
iter10: train_loss:0.17743049561977386
iter20: train_loss:0.20275883376598358
iter30: train_loss:0.16059978306293488
Validation loss: 0.21994120478630066 Validation RMSE: 0.46756879091262815
====================================================================================================
epoch:6
iter0: train_loss:0.17693017423152924
iter10: train_loss:0.1827489733695984
iter20: train_loss:0.16212281584739685
iter30: train_loss:0.180026113986969
Validation loss: 0.20258906185626985 Validation RMSE: 0.4499272286891937
====================================================================================================
epoch:7
iter0: train_loss:0.1563223898410797
iter10: train_loss:0.16189821064472198
iter20: train_loss:0.14956513047218323
iter30: train_loss:0.15795405209064484
Validation loss: 0.19261997044086457 Validation RMSE: 0.4386506319046021
====================================================================================================
epoch:8
iter0: train_loss:0.1351623833179474
iter10: train_loss:0.1571163684129715
iter20: train_loss:0.1102658286690712
iter30: train_loss:0.18800964951515198
Validation loss: 0.19747935533523558 Validation RMSE: 0.4414496660232544
EarlyStopping counter: 1 out of 7
====================================================================================================
epoch:9
iter0: train_loss:0.1556963324546814
iter10: train_loss:0.13679657876491547
iter20: train_loss:0.1239994615316391
iter30: train_loss:0.16503694653511047
Validation loss: 0.18862023949623108 Validation RMSE: 0.43202142119407655
====================================================================================================
epoch:10
iter0: train_loss:0.1461879312992096
iter10: train_loss:0.11468105763196945
iter20: train_loss:0.10597819089889526
iter30: train_loss:0.14002355933189392
Validation loss: 0.1848504662513733 Validation RMSE: 0.42642589211463927
====================================================================================================
epoch:11
iter0: train_loss:0.13147032260894775
iter10: train_loss:0.14688141644001007
iter20: train_loss:0.12831082940101624
iter30: train_loss:0.10502555966377258
Validation loss: 0.16014975756406785 Validation RMSE: 0.39914528727531434
====================================================================================================
epoch:12
iter0: train_loss:0.12508662045001984
iter10: train_loss:0.1096687763929367
iter20: train_loss:0.10014862567186356
iter30: train_loss:0.1113433837890625
Validation loss: 0.16722840070724487 Validation RMSE: 0.4072239875793457
EarlyStopping counter: 1 out of 7
====================================================================================================
epoch:13
iter0: train_loss:0.13167910277843475
iter10: train_loss:0.14306241273880005
iter20: train_loss:0.13589529693126678
iter30: train_loss:0.10257674753665924
Validation loss: 0.17017580270767213 Validation RMSE: 0.41151676774024964
EarlyStopping counter: 2 out of 7
====================================================================================================
epoch:14
iter0: train_loss:0.10221154987812042
iter10: train_loss:0.12045811861753464
iter20: train_loss:0.1109844520688057
iter30: train_loss:0.10557311028242111
Validation loss: 0.1627338171005249 Validation RMSE: 0.40173372626304626
EarlyStopping counter: 3 out of 7
====================================================================================================
epoch:15
iter0: train_loss:0.1021987795829773
iter10: train_loss:0.1227199137210846
iter20: train_loss:0.1350233405828476
iter30: train_loss:0.1168268546462059
Validation loss: 0.18296948075294495 Validation RMSE: 0.4275908350944519
EarlyStopping counter: 4 out of 7
====================================================================================================
epoch:16
iter0: train_loss:0.10195915400981903
iter10: train_loss:0.13783253729343414
iter20: train_loss:0.10107536613941193
iter30: train_loss:0.10820888727903366
Validation loss: 0.15501927435398102 Validation RMSE: 0.3920051038265228
====================================================================================================
epoch:17
iter0: train_loss:0.11552891135215759
iter10: train_loss:0.08331377059221268
iter20: train_loss:0.0923524796962738
iter30: train_loss:0.12769486010074615
Validation loss: 0.14092322587966918 Validation RMSE: 0.3738387584686279
====================================================================================================
epoch:18
iter0: train_loss:0.08834126591682434
iter10: train_loss:0.0985071063041687
iter20: train_loss:0.0994439423084259
iter30: train_loss:0.15414410829544067
Validation loss: 0.1561183214187622 Validation RMSE: 0.3946604788303375
EarlyStopping counter: 1 out of 7
====================================================================================================
epoch:19
iter0: train_loss:0.10742154717445374
iter10: train_loss:0.09788783639669418
iter20: train_loss:0.1077813059091568
iter30: train_loss:0.12339749187231064
Validation loss: 0.1503942623734474 Validation RMSE: 0.38683337569236753
EarlyStopping counter: 2 out of 7
====================================================================================================
epoch:20
iter0: train_loss:0.09451659768819809
iter10: train_loss:0.1271955370903015
iter20: train_loss:0.11213449388742447
iter30: train_loss:0.08512189984321594
Validation loss: 0.1396719679236412 Validation RMSE: 0.37270723581314086
====================================================================================================
epoch:21
iter0: train_loss:0.09255187958478928
iter10: train_loss:0.11451519280672073
iter20: train_loss:0.12765099108219147
iter30: train_loss:0.10803218930959702
Validation loss: 0.1489725261926651 Validation RMSE: 0.3844040036201477
EarlyStopping counter: 1 out of 7
====================================================================================================
epoch:22
iter0: train_loss:0.18858177959918976
iter10: train_loss:0.08961070328950882
iter20: train_loss:0.12268423289060593
iter30: train_loss:0.10253831744194031
Validation loss: 0.13653287291526794 Validation RMSE: 0.36817160844802854
====================================================================================================
epoch:23
iter0: train_loss:0.10074333846569061
iter10: train_loss:0.10293339937925339
iter20: train_loss:0.09460578113794327
iter30: train_loss:0.08842820674180984
Validation loss: 0.13751761466264725 Validation RMSE: 0.36877617835998533
EarlyStopping counter: 1 out of 7
====================================================================================================
epoch:24
iter0: train_loss:0.11126534640789032
iter10: train_loss:0.10761673748493195
iter20: train_loss:0.08881085366010666
iter30: train_loss:0.10259077697992325
Validation loss: 0.1362866774201393 Validation RMSE: 0.36869699954986573
====================================================================================================
epoch:25
iter0: train_loss:0.10516251623630524
iter10: train_loss:0.09224080294370651
iter20: train_loss:0.09485669434070587
iter30: train_loss:0.11316325515508652
Validation loss: 0.12882177978754045 Validation RMSE: 0.3581471681594849
====================================================================================================
epoch:26
iter0: train_loss:0.092926025390625
iter10: train_loss:0.11195940524339676
iter20: train_loss:0.0995621308684349
iter30: train_loss:0.08090907335281372
Validation loss: 0.13140721023082733 Validation RMSE: 0.3623192965984344
EarlyStopping counter: 1 out of 7
====================================================================================================
epoch:27
iter0: train_loss:0.10157835483551025
iter10: train_loss:0.10380373150110245
iter20: train_loss:0.12992063164710999
iter30: train_loss:0.09350675344467163
Validation loss: 0.12658328115940093 Validation RMSE: 0.35550585985183714
====================================================================================================
epoch:28
iter0: train_loss:0.09980136156082153
iter10: train_loss:0.0787590742111206
iter20: train_loss:0.09467240422964096
iter30: train_loss:0.10215672850608826
Validation loss: 0.13440413475036622 Validation RMSE: 0.3657980263233185
EarlyStopping counter: 1 out of 7
====================================================================================================
epoch:29
iter0: train_loss:0.08874962478876114
iter10: train_loss:0.09497523307800293
iter20: train_loss:0.11574231088161469
iter30: train_loss:0.08556078374385834
Validation loss: 0.13079165816307067 Validation RMSE: 0.3609703123569489
EarlyStopping counter: 2 out of 7
====================================================================================================
epoch:30
iter0: train_loss:0.07781501114368439
iter10: train_loss:0.1114644929766655
iter20: train_loss:0.09424301236867905
iter30: train_loss:0.09787804633378983
Validation loss: 0.13145854622125625 Validation RMSE: 0.3622710108757019
EarlyStopping counter: 3 out of 7
====================================================================================================
epoch:31
iter0: train_loss:0.08633487671613693
iter10: train_loss:0.09379614889621735
iter20: train_loss:0.10234537720680237
iter30: train_loss:0.08036284148693085
Validation loss: 0.12294994145631791 Validation RMSE: 0.34916627407073975
====================================================================================================
epoch:32
iter0: train_loss:0.10147561877965927
iter10: train_loss:0.09942030906677246
iter20: train_loss:0.07999736815690994
iter30: train_loss:0.09829749912023544
Validation loss: 0.12718648165464402 Validation RMSE: 0.3557136237621307
EarlyStopping counter: 1 out of 7
====================================================================================================
epoch:33
iter0: train_loss:0.10346487164497375
iter10: train_loss:0.09848446398973465
iter20: train_loss:0.08811846375465393
iter30: train_loss:0.09595505148172379
Validation loss: 0.12749701291322707 Validation RMSE: 0.35572641491889956
EarlyStopping counter: 2 out of 7
====================================================================================================
epoch:34
iter0: train_loss:0.08825673907995224
iter10: train_loss:0.09413320571184158
iter20: train_loss:0.09433520585298538
iter30: train_loss:0.07719056308269501
Validation loss: 0.12088093310594558 Validation RMSE: 0.34708561301231383
====================================================================================================
epoch:35
iter0: train_loss:0.09402788430452347
iter10: train_loss:0.10431263595819473
iter20: train_loss:0.08215801417827606
iter30: train_loss:0.07356508821249008
Validation loss: 0.1288663163781166 Validation RMSE: 0.3587135076522827
EarlyStopping counter: 1 out of 7
====================================================================================================
epoch:36
iter0: train_loss:0.08007369935512543
iter10: train_loss:0.10888759046792984
iter20: train_loss:0.08500028401613235
iter30: train_loss:0.08414873480796814
Validation loss: 0.12022283375263214 Validation RMSE: 0.3459540069103241
====================================================================================================
epoch:37
iter0: train_loss:0.1053406149148941
iter10: train_loss:0.0832311362028122
iter20: train_loss:0.07612746953964233
iter30: train_loss:0.08967641741037369
Validation loss: 0.12653784453868866 Validation RMSE: 0.354807049036026
EarlyStopping counter: 1 out of 7
====================================================================================================
epoch:38
iter0: train_loss:0.0943584069609642
iter10: train_loss:0.08544142544269562
iter20: train_loss:0.09367332607507706
iter30: train_loss:0.08296721428632736
Validation loss: 0.12414240390062332 Validation RMSE: 0.35140987038612365
EarlyStopping counter: 2 out of 7
====================================================================================================
epoch:39
iter0: train_loss:0.07179642468690872
iter10: train_loss:0.11029042303562164
iter20: train_loss:0.085273876786232
iter30: train_loss:0.11083447188138962
Validation loss: 0.1316363111138344 Validation RMSE: 0.35912346839904785
EarlyStopping counter: 3 out of 7
====================================================================================================
epoch:40
iter0: train_loss:0.083018459379673
iter10: train_loss:0.08789492398500443
iter20: train_loss:0.0854867696762085
iter30: train_loss:0.09787067025899887
Validation loss: 0.1248794823884964 Validation RMSE: 0.35235639810562136
EarlyStopping counter: 4 out of 7
====================================================================================================
epoch:41
iter0: train_loss:0.08641447871923447
iter10: train_loss:0.09647564589977264
iter20: train_loss:0.07055356353521347
iter30: train_loss:0.0966782420873642
Validation loss: 0.12593126744031907 Validation RMSE: 0.35289873480796813
EarlyStopping counter: 5 out of 7
====================================================================================================
epoch:42
iter0: train_loss:0.08840878307819366
iter10: train_loss:0.08956848084926605
iter20: train_loss:0.08043375611305237
iter30: train_loss:0.08258521556854248
Validation loss: 0.11274851262569427 Validation RMSE: 0.3352899193763733
====================================================================================================
epoch:43
iter0: train_loss:0.07939157634973526
iter10: train_loss:0.0669540986418724
iter20: train_loss:0.07351329922676086
iter30: train_loss:0.08440389484167099
Validation loss: 0.12492171376943588 Validation RMSE: 0.35297060012817383
EarlyStopping counter: 1 out of 7
====================================================================================================
epoch:44
iter0: train_loss:0.07926031947135925
iter10: train_loss:0.08009614050388336
iter20: train_loss:0.07687874138355255
iter30: train_loss:0.07916370034217834
Validation loss: 0.11812139749526977 Validation RMSE: 0.34262666702270506
EarlyStopping counter: 2 out of 7
====================================================================================================
epoch:45
iter0: train_loss:0.07863786071538925
iter10: train_loss:0.08077939599752426
iter20: train_loss:0.06324761360883713
iter30: train_loss:0.08070405572652817
Validation loss: 0.11416593939065933 Validation RMSE: 0.3371278285980225
EarlyStopping counter: 3 out of 7
====================================================================================================
epoch:46
iter0: train_loss:0.0781053751707077
iter10: train_loss:0.09061674773693085
iter20: train_loss:0.07598897069692612
iter30: train_loss:0.0741616040468216
Validation loss: 0.11637775599956512 Validation RMSE: 0.33887513279914855
EarlyStopping counter: 4 out of 7
====================================================================================================
epoch:47
iter0: train_loss:0.06907612085342407
iter10: train_loss:0.07582446932792664
iter20: train_loss:0.07639170438051224
iter30: train_loss:0.09888654947280884
Validation loss: 0.10826583057641984 Validation RMSE: 0.3288140892982483
====================================================================================================
epoch:48
iter0: train_loss:0.09399978816509247
iter10: train_loss:0.09356194734573364
iter20: train_loss:0.0764121487736702
iter30: train_loss:0.07032406330108643
Validation loss: 0.11327756047248841 Validation RMSE: 0.33586421608924866
EarlyStopping counter: 1 out of 7
====================================================================================================
epoch:49
iter0: train_loss:0.08636826276779175
iter10: train_loss:0.059045929461717606
iter20: train_loss:0.08158638328313828
iter30: train_loss:0.07396170496940613
Validation loss: 0.11456027925014496 Validation RMSE: 0.3374370515346527
EarlyStopping counter: 2 out of 7
====================================================================================================
epoch:50
iter0: train_loss:0.08733975142240524
iter10: train_loss:0.08981824666261673
iter20: train_loss:0.09523545205593109
iter30: train_loss:0.0775768831372261
Validation loss: 0.10958647429943084 Validation RMSE: 0.3306445837020874
EarlyStopping counter: 3 out of 7
====================================================================================================
epoch:51
iter0: train_loss:0.05819638818502426
iter10: train_loss:0.08760441094636917
iter20: train_loss:0.06735587865114212
iter30: train_loss:0.07266678661108017
Validation loss: 0.10474486052989959 Validation RMSE: 0.32281056642532346
====================================================================================================
epoch:52
iter0: train_loss:0.08672133833169937
iter10: train_loss:0.0779573991894722
iter20: train_loss:0.08428558707237244
iter30: train_loss:0.07212278991937637
Validation loss: 0.10942749828100204 Validation RMSE: 0.3304791271686554
EarlyStopping counter: 1 out of 7
====================================================================================================
epoch:53
iter0: train_loss:0.073335662484169
iter10: train_loss:0.08618809282779694
iter20: train_loss:0.07548826187849045
iter30: train_loss:0.08339859545230865
Validation loss: 0.11406895816326142 Validation RMSE: 0.3374186098575592
EarlyStopping counter: 2 out of 7
====================================================================================================
epoch:54
iter0: train_loss:0.08869375288486481
iter10: train_loss:0.08934313803911209
iter20: train_loss:0.072468601167202
iter30: train_loss:0.09149286895990372
Validation loss: 0.10733366310596466 Validation RMSE: 0.32708017230033876
EarlyStopping counter: 3 out of 7
====================================================================================================
epoch:55
iter0: train_loss:0.0789734274148941
iter10: train_loss:0.07876729965209961
iter20: train_loss:0.08134748786687851
iter30: train_loss:0.08061226457357407
Validation loss: 0.11364216953516007 Validation RMSE: 0.33702029585838317
EarlyStopping counter: 4 out of 7
====================================================================================================
epoch:56
iter0: train_loss:0.09011487662792206
iter10: train_loss:0.06733492761850357
iter20: train_loss:0.1039787232875824
iter30: train_loss:0.09193475544452667
Validation loss: 0.11331844478845596 Validation RMSE: 0.3361958920955658
EarlyStopping counter: 5 out of 7
====================================================================================================
epoch:57
iter0: train_loss:0.10914731025695801
iter10: train_loss:0.07536395639181137
iter20: train_loss:0.07575952261686325
iter30: train_loss:0.08570323139429092
Validation loss: 0.10811864882707596 Validation RMSE: 0.32784358263015745
EarlyStopping counter: 6 out of 7
====================================================================================================
epoch:58
iter0: train_loss:0.07346812635660172
iter10: train_loss:0.06198403611779213
iter20: train_loss:0.0712054967880249
iter30: train_loss:0.08742708712816238
Validation loss: 0.1050877571105957 Validation RMSE: 0.3237243711948395
EarlyStopping counter: 7 out of 7
Early stopping
MAE: 4.253 RMSE: 7.490 MAPE: 9.233
Spend Time: 79.28168320655823
