epoch:0
iter0: train_loss:1.2143362760543823
iter10: train_loss:0.3599167466163635
iter20: train_loss:0.37875404953956604
iter30: train_loss:0.3337791860103607
Validation loss: 0.33814483880996704 Validation RMSE: 0.581305468082428
====================================================================================================
epoch:1
iter0: train_loss:0.3034685552120209
iter10: train_loss:0.34117138385772705
iter20: train_loss:0.26939257979393005
iter30: train_loss:0.3329579830169678
Validation loss: 0.29758601188659667 Validation RMSE: 0.5442675888538361
====================================================================================================
epoch:2
iter0: train_loss:0.20568621158599854
iter10: train_loss:0.24611453711986542
iter20: train_loss:0.22820687294006348
iter30: train_loss:0.27137652039527893
Validation loss: 0.29630882740020753 Validation RMSE: 0.5426846206188202
====================================================================================================
epoch:3
iter0: train_loss:0.23217107355594635
iter10: train_loss:0.21890835464000702
iter20: train_loss:0.24539771676063538
iter30: train_loss:0.19915808737277985
Validation loss: 0.26306030452251433 Validation RMSE: 0.5124441683292389
====================================================================================================
epoch:4
iter0: train_loss:0.21415267884731293
iter10: train_loss:0.1564120054244995
iter20: train_loss:0.19041958451271057
iter30: train_loss:0.19601786136627197
Validation loss: 0.24483851492404937 Validation RMSE: 0.49284322261810304
====================================================================================================
epoch:5
iter0: train_loss:0.1504940390586853
iter10: train_loss:0.1713383048772812
iter20: train_loss:0.20203141868114471
iter30: train_loss:0.19544662535190582
Validation loss: 0.2252452552318573 Validation RMSE: 0.473977255821228
====================================================================================================
epoch:6
iter0: train_loss:0.16047567129135132
iter10: train_loss:0.19713445007801056
iter20: train_loss:0.13176774978637695
iter30: train_loss:0.21074263751506805
Validation loss: 0.21849327385425568 Validation RMSE: 0.46647730469703674
====================================================================================================
epoch:7
iter0: train_loss:0.15760283172130585
iter10: train_loss:0.1514514535665512
iter20: train_loss:0.1467936933040619
iter30: train_loss:0.1478050798177719
Validation loss: 0.19865295588970183 Validation RMSE: 0.44532992243766784
====================================================================================================
epoch:8
iter0: train_loss:0.18027278780937195
iter10: train_loss:0.13282199203968048
iter20: train_loss:0.16526281833648682
iter30: train_loss:0.15921911597251892
Validation loss: 0.22339327335357667 Validation RMSE: 0.4704654633998871
EarlyStopping counter: 1 out of 7
====================================================================================================
epoch:9
iter0: train_loss:0.1471664160490036
iter10: train_loss:0.11898835748434067
iter20: train_loss:0.16092240810394287
iter30: train_loss:0.13213680684566498
Validation loss: 0.18169279396533966 Validation RMSE: 0.42580442428588866
====================================================================================================
epoch:10
iter0: train_loss:0.1350797563791275
iter10: train_loss:0.13557015359401703
iter20: train_loss:0.12702079117298126
iter30: train_loss:0.17748259007930756
Validation loss: 0.1789885491132736 Validation RMSE: 0.42217475175857544
====================================================================================================
epoch:11
iter0: train_loss:0.13369478285312653
iter10: train_loss:0.15544477105140686
iter20: train_loss:0.13240623474121094
iter30: train_loss:0.11077629029750824
Validation loss: 0.16865623295307158 Validation RMSE: 0.40989416241645815
====================================================================================================
epoch:12
iter0: train_loss:0.10729081183671951
iter10: train_loss:0.1216820701956749
iter20: train_loss:0.13087093830108643
iter30: train_loss:0.13570508360862732
Validation loss: 0.17566575407981871 Validation RMSE: 0.41854952573776244
EarlyStopping counter: 1 out of 7
====================================================================================================
epoch:13
iter0: train_loss:0.14352786540985107
iter10: train_loss:0.1085488572716713
iter20: train_loss:0.08850207179784775
iter30: train_loss:0.12175298482179642
Validation loss: 0.168148735165596 Validation RMSE: 0.4091465175151825
====================================================================================================
epoch:14
iter0: train_loss:0.10515564680099487
iter10: train_loss:0.10716760158538818
iter20: train_loss:0.09494840353727341
iter30: train_loss:0.15836551785469055
Validation loss: 0.15101234316825868 Validation RMSE: 0.38793450593948364
====================================================================================================
epoch:15
iter0: train_loss:0.10227929800748825
iter10: train_loss:0.1051100417971611
iter20: train_loss:0.12337245047092438
iter30: train_loss:0.11585996299982071
Validation loss: 0.14732913970947265 Validation RMSE: 0.38338394165039064
====================================================================================================
epoch:16
iter0: train_loss:0.10694582015275955
iter10: train_loss:0.11652935296297073
iter20: train_loss:0.10053466260433197
iter30: train_loss:0.13577981293201447
Validation loss: 0.15019612908363342 Validation RMSE: 0.3870619833469391
EarlyStopping counter: 1 out of 7
====================================================================================================
epoch:17
iter0: train_loss:0.1006874144077301
iter10: train_loss:0.12023749202489853
iter20: train_loss:0.11722138524055481
iter30: train_loss:0.11688139289617538
Validation loss: 0.15530855357646942 Validation RMSE: 0.39186869859695433
EarlyStopping counter: 2 out of 7
====================================================================================================
epoch:18
iter0: train_loss:0.14250020682811737
iter10: train_loss:0.11483003944158554
iter20: train_loss:0.09522590041160583
iter30: train_loss:0.10987409949302673
Validation loss: 0.13601868450641633 Validation RMSE: 0.36841989159584043
====================================================================================================
epoch:19
iter0: train_loss:0.11160784214735031
iter10: train_loss:0.09205511212348938
iter20: train_loss:0.1068032756447792
iter30: train_loss:0.12016205489635468
Validation loss: 0.13967265486717223 Validation RMSE: 0.3714511156082153
EarlyStopping counter: 1 out of 7
====================================================================================================
epoch:20
iter0: train_loss:0.09161458909511566
iter10: train_loss:0.10423144698143005
iter20: train_loss:0.10946463793516159
iter30: train_loss:0.11292906105518341
Validation loss: 0.1379963606595993 Validation RMSE: 0.3698876917362213
EarlyStopping counter: 2 out of 7
====================================================================================================
epoch:21
iter0: train_loss:0.10354107618331909
iter10: train_loss:0.11354964226484299
iter20: train_loss:0.1053629219532013
iter30: train_loss:0.08152971416711807
Validation loss: 0.1362019047141075 Validation RMSE: 0.3683043956756592
EarlyStopping counter: 3 out of 7
====================================================================================================
epoch:22
iter0: train_loss:0.09284255653619766
iter10: train_loss:0.10814373940229416
iter20: train_loss:0.09808746725320816
iter30: train_loss:0.08127386122941971
Validation loss: 0.12639435082674028 Validation RMSE: 0.3533374547958374
====================================================================================================
epoch:23
iter0: train_loss:0.09615974128246307
iter10: train_loss:0.10310300439596176
iter20: train_loss:0.09928073734045029
iter30: train_loss:0.1425662487745285
Validation loss: 0.1238803967833519 Validation RMSE: 0.35172451138496397
====================================================================================================
epoch:24
iter0: train_loss:0.09917571395635605
iter10: train_loss:0.11082184314727783
iter20: train_loss:0.08566909283399582
iter30: train_loss:0.10980431735515594
Validation loss: 0.13709622174501418 Validation RMSE: 0.3686702370643616
EarlyStopping counter: 1 out of 7
====================================================================================================
epoch:25
iter0: train_loss:0.09748172014951706
iter10: train_loss:0.10578852146863937
iter20: train_loss:0.08192480355501175
iter30: train_loss:0.10053101927042007
Validation loss: 0.12257451862096787 Validation RMSE: 0.349920254945755
====================================================================================================
epoch:26
iter0: train_loss:0.08101137727499008
iter10: train_loss:0.08564385771751404
iter20: train_loss:0.10578437149524689
iter30: train_loss:0.07732900977134705
Validation loss: 0.13982809484004974 Validation RMSE: 0.37190998196601865
EarlyStopping counter: 1 out of 7
====================================================================================================
epoch:27
iter0: train_loss:0.10485111176967621
iter10: train_loss:0.10042346268892288
iter20: train_loss:0.11098530143499374
iter30: train_loss:0.10738048702478409
Validation loss: 0.12801459431648254 Validation RMSE: 0.3570168733596802
EarlyStopping counter: 2 out of 7
====================================================================================================
epoch:28
iter0: train_loss:0.08957403898239136
iter10: train_loss:0.09109693020582199
iter20: train_loss:0.09432706981897354
iter30: train_loss:0.0902157723903656
Validation loss: 0.12619720548391342 Validation RMSE: 0.35380969643592836
EarlyStopping counter: 3 out of 7
====================================================================================================
epoch:29
iter0: train_loss:0.08123616129159927
iter10: train_loss:0.09348724782466888
iter20: train_loss:0.09039152413606644
iter30: train_loss:0.09004669636487961
Validation loss: 0.12791407853364944 Validation RMSE: 0.35640283226966857
EarlyStopping counter: 4 out of 7
====================================================================================================
epoch:30
iter0: train_loss:0.08473926782608032
iter10: train_loss:0.07438220083713531
iter20: train_loss:0.09517369419336319
iter30: train_loss:0.07569274306297302
Validation loss: 0.12302540093660355 Validation RMSE: 0.3494798541069031
EarlyStopping counter: 5 out of 7
====================================================================================================
epoch:31
iter0: train_loss:0.09918997436761856
iter10: train_loss:0.10013447701931
iter20: train_loss:0.09417279064655304
iter30: train_loss:0.08972123265266418
Validation loss: 0.1273241013288498 Validation RMSE: 0.35580613017082213
EarlyStopping counter: 6 out of 7
====================================================================================================
epoch:32
iter0: train_loss:0.073224276304245
iter10: train_loss:0.09465257823467255
iter20: train_loss:0.1020551472902298
iter30: train_loss:0.07172463089227676
Validation loss: 0.12361747771501541 Validation RMSE: 0.3503619432449341
EarlyStopping counter: 7 out of 7
Early stopping
MAE: 4.446 RMSE: 7.838 MAPE: 9.737
Spend Time: 47.70038938522339
