epoch:0
iter0: train_loss:1.1989047527313232
iter10: train_loss:0.36682742834091187
iter20: train_loss:0.3608420193195343
iter30: train_loss:0.3269389867782593
Validation loss: 0.3521791398525238 Validation RMSE: 0.5930132031440735
====================================================================================================
epoch:1
iter0: train_loss:0.2928800880908966
iter10: train_loss:0.336605966091156
iter20: train_loss:0.25350818037986755
iter30: train_loss:0.316735178232193
Validation loss: 0.31362825632095337 Validation RMSE: 0.5587395906448365
====================================================================================================
epoch:2
iter0: train_loss:0.19894705712795258
iter10: train_loss:0.24020856618881226
iter20: train_loss:0.2271319478750229
iter30: train_loss:0.2694367468357086
Validation loss: 0.30295214951038363 Validation RMSE: 0.5486791491508484
====================================================================================================
epoch:3
iter0: train_loss:0.21733716130256653
iter10: train_loss:0.19154873490333557
iter20: train_loss:0.27935299277305603
iter30: train_loss:0.18447357416152954
Validation loss: 0.26407324373722074 Validation RMSE: 0.5131016314029694
====================================================================================================
epoch:4
iter0: train_loss:0.19795477390289307
iter10: train_loss:0.1504317671060562
iter20: train_loss:0.17523814737796783
iter30: train_loss:0.18810126185417175
Validation loss: 0.237650328874588 Validation RMSE: 0.48499776124954225
====================================================================================================
epoch:5
iter0: train_loss:0.1497795283794403
iter10: train_loss:0.20662347972393036
iter20: train_loss:0.1979351043701172
iter30: train_loss:0.16989417374134064
Validation loss: 0.22557151019573213 Validation RMSE: 0.47295674681663513
====================================================================================================
epoch:6
iter0: train_loss:0.14477691054344177
iter10: train_loss:0.1810295283794403
iter20: train_loss:0.11974452435970306
iter30: train_loss:0.1855088174343109
Validation loss: 0.20295973718166352 Validation RMSE: 0.44957631826400757
====================================================================================================
epoch:7
iter0: train_loss:0.13586661219596863
iter10: train_loss:0.1357095092535019
iter20: train_loss:0.13587303459644318
iter30: train_loss:0.14297133684158325
Validation loss: 0.20464484095573426 Validation RMSE: 0.4513380706310272
EarlyStopping counter: 1 out of 7
====================================================================================================
epoch:8
iter0: train_loss:0.17374297976493835
iter10: train_loss:0.12715990841388702
iter20: train_loss:0.1416449397802353
iter30: train_loss:0.14467774331569672
Validation loss: 0.18085422217845917 Validation RMSE: 0.422078138589859
====================================================================================================
epoch:9
iter0: train_loss:0.12472128123044968
iter10: train_loss:0.10619616508483887
iter20: train_loss:0.15224915742874146
iter30: train_loss:0.13077932596206665
Validation loss: 0.19574281573295593 Validation RMSE: 0.44103833436965945
EarlyStopping counter: 1 out of 7
====================================================================================================
epoch:10
iter0: train_loss:0.14414483308792114
iter10: train_loss:0.1284046471118927
iter20: train_loss:0.11597874015569687
iter30: train_loss:0.14572693407535553
Validation loss: 0.17495652735233308 Validation RMSE: 0.41781816482543943
====================================================================================================
epoch:11
iter0: train_loss:0.11580425500869751
iter10: train_loss:0.12757687270641327
iter20: train_loss:0.12434730678796768
iter30: train_loss:0.0987628623843193
Validation loss: 0.150405615568161 Validation RMSE: 0.3869282424449921
====================================================================================================
epoch:12
iter0: train_loss:0.0904017835855484
iter10: train_loss:0.11202771216630936
iter20: train_loss:0.104277104139328
iter30: train_loss:0.13002853095531464
Validation loss: 0.14991945624351502 Validation RMSE: 0.3860997259616852
====================================================================================================
epoch:13
iter0: train_loss:0.11970006674528122
iter10: train_loss:0.09640634059906006
iter20: train_loss:0.07959138602018356
iter30: train_loss:0.10740591585636139
Validation loss: 0.14526350200176238 Validation RMSE: 0.38015859127044677
====================================================================================================
epoch:14
iter0: train_loss:0.09303528070449829
iter10: train_loss:0.09818870574235916
iter20: train_loss:0.08827771246433258
iter30: train_loss:0.15012261271476746
Validation loss: 0.1422015756368637 Validation RMSE: 0.3764177441596985
====================================================================================================
epoch:15
iter0: train_loss:0.09122910350561142
iter10: train_loss:0.08727216720581055
iter20: train_loss:0.11323153227567673
iter30: train_loss:0.1018851175904274
Validation loss: 0.14708909392356873 Validation RMSE: 0.3824713945388794
EarlyStopping counter: 1 out of 7
====================================================================================================
epoch:16
iter0: train_loss:0.09284254163503647
iter10: train_loss:0.10538119077682495
iter20: train_loss:0.09113646298646927
iter30: train_loss:0.09274886548519135
Validation loss: 0.14086419343948364 Validation RMSE: 0.37450616955757143
====================================================================================================
epoch:17
iter0: train_loss:0.08280157297849655
iter10: train_loss:0.10036902129650116
iter20: train_loss:0.0990658551454544
iter30: train_loss:0.1013350710272789
Validation loss: 0.13940824717283248 Validation RMSE: 0.3711630880832672
====================================================================================================
epoch:18
iter0: train_loss:0.10711212456226349
iter10: train_loss:0.09541318565607071
iter20: train_loss:0.07441453635692596
iter30: train_loss:0.09475436061620712
Validation loss: 0.12054090052843094 Validation RMSE: 0.3461701452732086
====================================================================================================
epoch:19
iter0: train_loss:0.09686346352100372
iter10: train_loss:0.08092746883630753
iter20: train_loss:0.09769242256879807
iter30: train_loss:0.10388445854187012
Validation loss: 0.13223690688610076 Validation RMSE: 0.3606329202651978
EarlyStopping counter: 1 out of 7
====================================================================================================
epoch:20
iter0: train_loss:0.07786905020475388
iter10: train_loss:0.08692768961191177
iter20: train_loss:0.09531931579113007
iter30: train_loss:0.1058821827173233
Validation loss: 0.1307477131485939 Validation RMSE: 0.3606284499168396
EarlyStopping counter: 2 out of 7
====================================================================================================
epoch:21
iter0: train_loss:0.09077543765306473
iter10: train_loss:0.08861929923295975
iter20: train_loss:0.08824143558740616
iter30: train_loss:0.07398134469985962
Validation loss: 0.12466867864131928 Validation RMSE: 0.35185346007347107
EarlyStopping counter: 3 out of 7
====================================================================================================
epoch:22
iter0: train_loss:0.08358342200517654
iter10: train_loss:0.08714839816093445
iter20: train_loss:0.08694591373205185
iter30: train_loss:0.07182879745960236
Validation loss: 0.11986767649650573 Validation RMSE: 0.34258602261543275
====================================================================================================
epoch:23
iter0: train_loss:0.08317788690328598
iter10: train_loss:0.08161846548318863
iter20: train_loss:0.0915461927652359
iter30: train_loss:0.11549887806177139
Validation loss: 0.11940434724092483 Validation RMSE: 0.3446183681488037
====================================================================================================
epoch:24
iter0: train_loss:0.08429445326328278
iter10: train_loss:0.10006691515445709
iter20: train_loss:0.07224970310926437
iter30: train_loss:0.0965057834982872
Validation loss: 0.13223611414432526 Validation RMSE: 0.3632609486579895
EarlyStopping counter: 1 out of 7
====================================================================================================
epoch:25
iter0: train_loss:0.09467288106679916
iter10: train_loss:0.10461536794900894
iter20: train_loss:0.07802172005176544
iter30: train_loss:0.08455315977334976
Validation loss: 0.11466834843158721 Validation RMSE: 0.33840733766555786
====================================================================================================
epoch:26
iter0: train_loss:0.06789275258779526
iter10: train_loss:0.07344802469015121
iter20: train_loss:0.09295883029699326
iter30: train_loss:0.0700363740324974
Validation loss: 0.12544168382883072 Validation RMSE: 0.352305018901825
EarlyStopping counter: 1 out of 7
====================================================================================================
epoch:27
iter0: train_loss:0.08170972019433975
iter10: train_loss:0.08138571679592133
iter20: train_loss:0.09233948588371277
iter30: train_loss:0.08461852371692657
Validation loss: 0.11770416796207428 Validation RMSE: 0.34175952076911925
EarlyStopping counter: 2 out of 7
====================================================================================================
epoch:28
iter0: train_loss:0.07377561926841736
iter10: train_loss:0.07454054802656174
iter20: train_loss:0.07385873049497604
iter30: train_loss:0.07837096601724625
Validation loss: 0.12182367444038392 Validation RMSE: 0.346702378988266
EarlyStopping counter: 3 out of 7
====================================================================================================
epoch:29
iter0: train_loss:0.0679381713271141
iter10: train_loss:0.07609260827302933
iter20: train_loss:0.08842935413122177
iter30: train_loss:0.07903540879487991
Validation loss: 0.1157021626830101 Validation RMSE: 0.33986287117004393
EarlyStopping counter: 4 out of 7
====================================================================================================
epoch:30
iter0: train_loss:0.07429587095975876
iter10: train_loss:0.06481156498193741
iter20: train_loss:0.08211607486009598
iter30: train_loss:0.0629507526755333
Validation loss: 0.11426497250795364 Validation RMSE: 0.33620705604553225
====================================================================================================
epoch:31
iter0: train_loss:0.08258981257677078
iter10: train_loss:0.07832682877779007
iter20: train_loss:0.07586222887039185
iter30: train_loss:0.07182448357343674
Validation loss: 0.11612387895584106 Validation RMSE: 0.3398719668388367
EarlyStopping counter: 1 out of 7
====================================================================================================
epoch:32
iter0: train_loss:0.06632520258426666
iter10: train_loss:0.07778274267911911
iter20: train_loss:0.07794717699289322
iter30: train_loss:0.06181178614497185
Validation loss: 0.11747873574495316 Validation RMSE: 0.3418345272541046
EarlyStopping counter: 2 out of 7
====================================================================================================
epoch:33
iter0: train_loss:0.07215432077646255
iter10: train_loss:0.07179012894630432
iter20: train_loss:0.06751549243927002
iter30: train_loss:0.0887594074010849
Validation loss: 0.11065410077571869 Validation RMSE: 0.3312167704105377
====================================================================================================
epoch:34
iter0: train_loss:0.07831669598817825
iter10: train_loss:0.08709098398685455
iter20: train_loss:0.06690092384815216
iter30: train_loss:0.09740729629993439
Validation loss: 0.11555486321449279 Validation RMSE: 0.3380844295024872
EarlyStopping counter: 1 out of 7
====================================================================================================
epoch:35
iter0: train_loss:0.07844077795743942
iter10: train_loss:0.07168421894311905
iter20: train_loss:0.08145283162593842
iter30: train_loss:0.08135037869215012
Validation loss: 0.1122279092669487 Validation RMSE: 0.3342029809951782
EarlyStopping counter: 2 out of 7
====================================================================================================
epoch:36
iter0: train_loss:0.0657690018415451
iter10: train_loss:0.07227140665054321
iter20: train_loss:0.06806714832782745
iter30: train_loss:0.07531271129846573
Validation loss: 0.10849768966436386 Validation RMSE: 0.32772072553634646
====================================================================================================
epoch:37
iter0: train_loss:0.0776151791214943
iter10: train_loss:0.08776536583900452
iter20: train_loss:0.08160144090652466
iter30: train_loss:0.0652119517326355
Validation loss: 0.11385582089424133 Validation RMSE: 0.33708156943321227
EarlyStopping counter: 1 out of 7
====================================================================================================
epoch:38
iter0: train_loss:0.06244117394089699
iter10: train_loss:0.06988457590341568
iter20: train_loss:0.06256522238254547
iter30: train_loss:0.05983395129442215
Validation loss: 0.11497164368629456 Validation RMSE: 0.3363427877426147
EarlyStopping counter: 2 out of 7
====================================================================================================
epoch:39
iter0: train_loss:0.07713307440280914
iter10: train_loss:0.06337098032236099
iter20: train_loss:0.07082483172416687
iter30: train_loss:0.06795421987771988
Validation loss: 0.11122243404388428 Validation RMSE: 0.3323265790939331
EarlyStopping counter: 3 out of 7
====================================================================================================
epoch:40
iter0: train_loss:0.0666089877486229
iter10: train_loss:0.06857790052890778
iter20: train_loss:0.07046332210302353
iter30: train_loss:0.0735224261879921
Validation loss: 0.11147917658090592 Validation RMSE: 0.33383009433746336
EarlyStopping counter: 4 out of 7
====================================================================================================
epoch:41
iter0: train_loss:0.06811404228210449
iter10: train_loss:0.05273006483912468
iter20: train_loss:0.07375457882881165
iter30: train_loss:0.07929012924432755
Validation loss: 0.11366892904043198 Validation RMSE: 0.3361189603805542
EarlyStopping counter: 5 out of 7
====================================================================================================
epoch:42
iter0: train_loss:0.061406660825014114
iter10: train_loss:0.07620749622583389
iter20: train_loss:0.06991423666477203
iter30: train_loss:0.07016468048095703
Validation loss: 0.10292644500732422 Validation RMSE: 0.3202925145626068
====================================================================================================
epoch:43
iter0: train_loss:0.06888597458600998
iter10: train_loss:0.07084635645151138
iter20: train_loss:0.06017348915338516
iter30: train_loss:0.06276337057352066
Validation loss: 0.10602291524410248 Validation RMSE: 0.32438138127326965
EarlyStopping counter: 1 out of 7
====================================================================================================
epoch:44
iter0: train_loss:0.056896571069955826
iter10: train_loss:0.07314859330654144
iter20: train_loss:0.06608302146196365
iter30: train_loss:0.08254358917474747
Validation loss: 0.11511378437280655 Validation RMSE: 0.3388936936855316
EarlyStopping counter: 2 out of 7
====================================================================================================
epoch:45
iter0: train_loss:0.05991014093160629
iter10: train_loss:0.06975439935922623
iter20: train_loss:0.05930779501795769
iter30: train_loss:0.06748760491609573
Validation loss: 0.10965642631053925 Validation RMSE: 0.3291593611240387
EarlyStopping counter: 3 out of 7
====================================================================================================
epoch:46
iter0: train_loss:0.06897850334644318
iter10: train_loss:0.06306882947683334
iter20: train_loss:0.06873218715190887
iter30: train_loss:0.06951647251844406
Validation loss: 0.10520447790622711 Validation RMSE: 0.3235401690006256
EarlyStopping counter: 4 out of 7
====================================================================================================
epoch:47
iter0: train_loss:0.06481332331895828
iter10: train_loss:0.07328758388757706
iter20: train_loss:0.06408175081014633
iter30: train_loss:0.07401575893163681
Validation loss: 0.11137011200189591 Validation RMSE: 0.33177030086517334
EarlyStopping counter: 5 out of 7
====================================================================================================
epoch:48
iter0: train_loss:0.07615280151367188
iter10: train_loss:0.05924073979258537
iter20: train_loss:0.06035258620977402
iter30: train_loss:0.06843393296003342
Validation loss: 0.11155635267496108 Validation RMSE: 0.3326947569847107
EarlyStopping counter: 6 out of 7
====================================================================================================
epoch:49
iter0: train_loss:0.06657423079013824
iter10: train_loss:0.060243427753448486
iter20: train_loss:0.06133868172764778
iter30: train_loss:0.08014877885580063
Validation loss: 0.10608494281768799 Validation RMSE: 0.3248347818851471
EarlyStopping counter: 7 out of 7
Early stopping
MAE: 4.127 RMSE: 7.256 MAPE: 8.998
Spend Time: 73.87935066223145
