epoch:0
iter0: train_loss:1.0151585340499878
iter10: train_loss:0.43698251247406006
iter20: train_loss:0.33696332573890686
iter30: train_loss:0.24593329429626465
Validation loss: 0.3800184965133667 Validation RMSE: 0.6147504687309265
====================================================================================================
epoch:1
iter0: train_loss:0.4090581238269806
iter10: train_loss:0.29719045758247375
iter20: train_loss:0.31699949502944946
iter30: train_loss:0.27254700660705566
Validation loss: 0.34990179538726807 Validation RMSE: 0.5910437226295471
====================================================================================================
epoch:2
iter0: train_loss:0.32138484716415405
iter10: train_loss:0.2905818521976471
iter20: train_loss:0.2647647559642792
iter30: train_loss:0.24929176270961761
Validation loss: 0.29259978532791137 Validation RMSE: 0.5393914580345154
====================================================================================================
epoch:3
iter0: train_loss:0.24268321692943573
iter10: train_loss:0.24730706214904785
iter20: train_loss:0.22404256463050842
iter30: train_loss:0.18173664808273315
Validation loss: 0.2829828441143036 Validation RMSE: 0.5285551488399506
====================================================================================================
epoch:4
iter0: train_loss:0.23921620845794678
iter10: train_loss:0.19984309375286102
iter20: train_loss:0.19758008420467377
iter30: train_loss:0.20162829756736755
Validation loss: 0.2504341572523117 Validation RMSE: 0.4994260370731354
====================================================================================================
epoch:5
iter0: train_loss:0.24339942634105682
iter10: train_loss:0.18821310997009277
iter20: train_loss:0.20561805367469788
iter30: train_loss:0.15877000987529755
Validation loss: 0.21900685131549835 Validation RMSE: 0.46650333404541017
====================================================================================================
epoch:6
iter0: train_loss:0.17822302877902985
iter10: train_loss:0.16975431144237518
iter20: train_loss:0.1615370661020279
iter30: train_loss:0.19663482904434204
Validation loss: 0.22829896211624146 Validation RMSE: 0.4772967278957367
EarlyStopping counter: 1 out of 7
====================================================================================================
epoch:7
iter0: train_loss:0.16046343743801117
iter10: train_loss:0.15013371407985687
iter20: train_loss:0.1522226780653
iter30: train_loss:0.14901551604270935
Validation loss: 0.19942759573459626 Validation RMSE: 0.445721834897995
====================================================================================================
epoch:8
iter0: train_loss:0.13156366348266602
iter10: train_loss:0.14839649200439453
iter20: train_loss:0.13050465285778046
iter30: train_loss:0.1859491467475891
Validation loss: 0.21961357891559602 Validation RMSE: 0.4677457630634308
EarlyStopping counter: 1 out of 7
====================================================================================================
epoch:9
iter0: train_loss:0.1467546671628952
iter10: train_loss:0.1467668116092682
iter20: train_loss:0.12738452851772308
iter30: train_loss:0.16071394085884094
Validation loss: 0.2000826746225357 Validation RMSE: 0.4452739357948303
EarlyStopping counter: 2 out of 7
====================================================================================================
epoch:10
iter0: train_loss:0.13116973638534546
iter10: train_loss:0.11592493951320648
iter20: train_loss:0.11399803310632706
iter30: train_loss:0.14382146298885345
Validation loss: 0.19174544811248778 Validation RMSE: 0.43570796251296995
====================================================================================================
epoch:11
iter0: train_loss:0.15195895731449127
iter10: train_loss:0.15960945188999176
iter20: train_loss:0.15262556076049805
iter30: train_loss:0.13502050936222076
Validation loss: 0.17384382486343383 Validation RMSE: 0.41621783971786497
====================================================================================================
epoch:12
iter0: train_loss:0.12793846428394318
iter10: train_loss:0.10541024059057236
iter20: train_loss:0.11153954267501831
iter30: train_loss:0.11072220653295517
Validation loss: 0.17348974645137788 Validation RMSE: 0.4154591679573059
====================================================================================================
epoch:13
iter0: train_loss:0.1325950175523758
iter10: train_loss:0.14446812868118286
iter20: train_loss:0.14157716929912567
iter30: train_loss:0.10104983299970627
Validation loss: 0.16439863443374633 Validation RMSE: 0.4049685001373291
====================================================================================================
epoch:14
iter0: train_loss:0.09667283296585083
iter10: train_loss:0.11232638359069824
iter20: train_loss:0.1064429059624672
iter30: train_loss:0.10881583392620087
Validation loss: 0.15639763176441193 Validation RMSE: 0.39434257745742796
====================================================================================================
epoch:15
iter0: train_loss:0.10458945482969284
iter10: train_loss:0.1153387501835823
iter20: train_loss:0.12394456565380096
iter30: train_loss:0.12281320989131927
Validation loss: 0.16029212474822999 Validation RMSE: 0.39956608414649963
EarlyStopping counter: 1 out of 7
====================================================================================================
epoch:16
iter0: train_loss:0.09293685108423233
iter10: train_loss:0.13474999368190765
iter20: train_loss:0.09947670251131058
iter30: train_loss:0.09860514104366302
Validation loss: 0.14821693152189255 Validation RMSE: 0.3841713011264801
====================================================================================================
epoch:17
iter0: train_loss:0.10407332330942154
iter10: train_loss:0.07792717218399048
iter20: train_loss:0.08956024050712585
iter30: train_loss:0.12486792355775833
Validation loss: 0.14798261523246764 Validation RMSE: 0.3838912308216095
====================================================================================================
epoch:18
iter0: train_loss:0.08514108508825302
iter10: train_loss:0.09329356998205185
iter20: train_loss:0.0861300528049469
iter30: train_loss:0.1318882256746292
Validation loss: 0.1443209558725357 Validation RMSE: 0.37953623533248904
====================================================================================================
epoch:19
iter0: train_loss:0.09536910057067871
iter10: train_loss:0.08497258275747299
iter20: train_loss:0.0941358357667923
iter30: train_loss:0.10688087344169617
Validation loss: 0.13908301889896393 Validation RMSE: 0.37199524641036985
====================================================================================================
epoch:20
iter0: train_loss:0.09079068899154663
iter10: train_loss:0.12156038731336594
iter20: train_loss:0.1048632562160492
iter30: train_loss:0.0806964784860611
Validation loss: 0.12972749322652816 Validation RMSE: 0.3599307417869568
====================================================================================================
epoch:21
iter0: train_loss:0.0914132371544838
iter10: train_loss:0.10179535299539566
iter20: train_loss:0.10874348878860474
iter30: train_loss:0.10157036781311035
Validation loss: 0.13806022703647614 Validation RMSE: 0.37123835682868955
EarlyStopping counter: 1 out of 7
====================================================================================================
epoch:22
iter0: train_loss:0.15575887262821198
iter10: train_loss:0.0833723396062851
iter20: train_loss:0.1010926216840744
iter30: train_loss:0.08955761045217514
Validation loss: 0.1302746370434761 Validation RMSE: 0.36024744510650636
EarlyStopping counter: 2 out of 7
====================================================================================================
epoch:23
iter0: train_loss:0.08882851898670197
iter10: train_loss:0.0928349569439888
iter20: train_loss:0.08280511945486069
iter30: train_loss:0.07849472016096115
Validation loss: 0.12075368165969849 Validation RMSE: 0.346695739030838
====================================================================================================
epoch:24
iter0: train_loss:0.09206496924161911
iter10: train_loss:0.09386175125837326
iter20: train_loss:0.08119294792413712
iter30: train_loss:0.08607973903417587
Validation loss: 0.12636477500200272 Validation RMSE: 0.35525339245796206
EarlyStopping counter: 1 out of 7
====================================================================================================
epoch:25
iter0: train_loss:0.09600318223237991
iter10: train_loss:0.08144306391477585
iter20: train_loss:0.08210186660289764
iter30: train_loss:0.09602724015712738
Validation loss: 0.11907587796449662 Validation RMSE: 0.3445104479789734
====================================================================================================
epoch:26
iter0: train_loss:0.0772600919008255
iter10: train_loss:0.09774195402860641
iter20: train_loss:0.08960484713315964
iter30: train_loss:0.07231388986110687
Validation loss: 0.121419058740139 Validation RMSE: 0.34766128063201907
EarlyStopping counter: 1 out of 7
====================================================================================================
epoch:27
iter0: train_loss:0.09037454426288605
iter10: train_loss:0.08541929721832275
iter20: train_loss:0.10559498518705368
iter30: train_loss:0.08303316682577133
Validation loss: 0.1243527203798294 Validation RMSE: 0.3523899793624878
EarlyStopping counter: 2 out of 7
====================================================================================================
epoch:28
iter0: train_loss:0.08786050975322723
iter10: train_loss:0.08297082781791687
iter20: train_loss:0.08941736817359924
iter30: train_loss:0.0896153673529625
Validation loss: 0.12535048872232438 Validation RMSE: 0.3529253602027893
EarlyStopping counter: 3 out of 7
====================================================================================================
epoch:29
iter0: train_loss:0.0800512358546257
iter10: train_loss:0.08441052585840225
iter20: train_loss:0.09297730028629303
iter30: train_loss:0.07699357718229294
Validation loss: 0.1135821133852005 Validation RMSE: 0.33616024255752563
====================================================================================================
epoch:30
iter0: train_loss:0.0654759407043457
iter10: train_loss:0.0957389548420906
iter20: train_loss:0.07675428688526154
iter30: train_loss:0.08612485229969025
Validation loss: 0.11792136877775192 Validation RMSE: 0.3433471381664276
EarlyStopping counter: 1 out of 7
====================================================================================================
epoch:31
iter0: train_loss:0.07303591817617416
iter10: train_loss:0.08435963839292526
iter20: train_loss:0.0789603665471077
iter30: train_loss:0.07223554700613022
Validation loss: 0.1131701111793518 Validation RMSE: 0.3350841760635376
====================================================================================================
epoch:32
iter0: train_loss:0.09156442433595657
iter10: train_loss:0.09235773980617523
iter20: train_loss:0.06904374808073044
iter30: train_loss:0.08374476432800293
Validation loss: 0.1165300339460373 Validation RMSE: 0.34008472561836245
EarlyStopping counter: 1 out of 7
====================================================================================================
epoch:33
iter0: train_loss:0.08039942383766174
iter10: train_loss:0.08398576080799103
iter20: train_loss:0.07317601889371872
iter30: train_loss:0.08000964671373367
Validation loss: 0.1133323609828949 Validation RMSE: 0.3355736494064331
EarlyStopping counter: 2 out of 7
====================================================================================================
epoch:34
iter0: train_loss:0.07249913364648819
iter10: train_loss:0.0841796025633812
iter20: train_loss:0.07936636358499527
iter30: train_loss:0.06594858318567276
Validation loss: 0.11061805486679077 Validation RMSE: 0.3314702808856964
====================================================================================================
epoch:35
iter0: train_loss:0.07525765150785446
iter10: train_loss:0.08139363676309586
iter20: train_loss:0.06793858110904694
iter30: train_loss:0.06284602731466293
Validation loss: 0.12092982232570648 Validation RMSE: 0.3466841757297516
EarlyStopping counter: 1 out of 7
====================================================================================================
epoch:36
iter0: train_loss:0.06776859611272812
iter10: train_loss:0.08970251679420471
iter20: train_loss:0.07615555077791214
iter30: train_loss:0.07574717700481415
Validation loss: 0.1156547412276268 Validation RMSE: 0.3390839695930481
EarlyStopping counter: 2 out of 7
====================================================================================================
epoch:37
iter0: train_loss:0.08716782927513123
iter10: train_loss:0.07067013531923294
iter20: train_loss:0.06497456133365631
iter30: train_loss:0.07478149980306625
Validation loss: 0.11516225934028626 Validation RMSE: 0.3384255051612854
EarlyStopping counter: 3 out of 7
====================================================================================================
epoch:38
iter0: train_loss:0.07834901660680771
iter10: train_loss:0.07312034070491791
iter20: train_loss:0.08232700824737549
iter30: train_loss:0.07445388287305832
Validation loss: 0.11493722796440124 Validation RMSE: 0.3386761486530304
EarlyStopping counter: 4 out of 7
====================================================================================================
epoch:39
iter0: train_loss:0.06316270679235458
iter10: train_loss:0.0981777161359787
iter20: train_loss:0.07210057228803635
iter30: train_loss:0.09042248874902725
Validation loss: 0.1214743971824646 Validation RMSE: 0.3436704516410828
EarlyStopping counter: 5 out of 7
====================================================================================================
epoch:40
iter0: train_loss:0.07045867294073105
iter10: train_loss:0.0746614933013916
iter20: train_loss:0.06795278936624527
iter30: train_loss:0.07492352277040482
Validation loss: 0.10990208685398102 Validation RMSE: 0.3308033525943756
====================================================================================================
epoch:41
iter0: train_loss:0.06978435814380646
iter10: train_loss:0.07717709243297577
iter20: train_loss:0.06207059696316719
iter30: train_loss:0.09091358631849289
Validation loss: 0.12128395289182663 Validation RMSE: 0.34688721895217894
EarlyStopping counter: 1 out of 7
====================================================================================================
epoch:42
iter0: train_loss:0.07233507186174393
iter10: train_loss:0.0713987648487091
iter20: train_loss:0.07131651788949966
iter30: train_loss:0.06526695191860199
Validation loss: 0.10269168764352798 Validation RMSE: 0.3198889195919037
====================================================================================================
epoch:43
iter0: train_loss:0.05735074356198311
iter10: train_loss:0.059860069304704666
iter20: train_loss:0.0645391121506691
iter30: train_loss:0.07093536108732224
Validation loss: 0.11121386885643006 Validation RMSE: 0.33285142183303834
EarlyStopping counter: 1 out of 7
====================================================================================================
epoch:44
iter0: train_loss:0.06761070340871811
iter10: train_loss:0.06220617517828941
iter20: train_loss:0.06338407844305038
iter30: train_loss:0.06649604439735413
Validation loss: 0.10931350141763688 Validation RMSE: 0.329223108291626
EarlyStopping counter: 2 out of 7
====================================================================================================
epoch:45
iter0: train_loss:0.06762192398309708
iter10: train_loss:0.0686531811952591
iter20: train_loss:0.055690523236989975
iter30: train_loss:0.06841166317462921
Validation loss: 0.10911959111690521 Validation RMSE: 0.3292225420475006
EarlyStopping counter: 3 out of 7
====================================================================================================
epoch:46
iter0: train_loss:0.0693584531545639
iter10: train_loss:0.06879270821809769
iter20: train_loss:0.06703147292137146
iter30: train_loss:0.06519059091806412
Validation loss: 0.107948899269104 Validation RMSE: 0.3262325644493103
EarlyStopping counter: 4 out of 7
====================================================================================================
epoch:47
iter0: train_loss:0.056716565042734146
iter10: train_loss:0.06505373865365982
iter20: train_loss:0.05966591089963913
iter30: train_loss:0.07588576525449753
Validation loss: 0.10641907751560212 Validation RMSE: 0.3253204941749573
EarlyStopping counter: 5 out of 7
====================================================================================================
epoch:48
iter0: train_loss:0.07921203970909119
iter10: train_loss:0.08412151038646698
iter20: train_loss:0.06297009438276291
iter30: train_loss:0.06271103024482727
Validation loss: 0.10623586475849152 Validation RMSE: 0.3241882503032684
EarlyStopping counter: 6 out of 7
====================================================================================================
epoch:49
iter0: train_loss:0.07538434118032455
iter10: train_loss:0.05521666258573532
iter20: train_loss:0.07221157848834991
iter30: train_loss:0.06798675656318665
Validation loss: 0.10516417324543 Validation RMSE: 0.32349677085876466
EarlyStopping counter: 7 out of 7
Early stopping
MAE: 4.095 RMSE: 7.428 MAPE: 8.733
Spend Time: 67.60078740119934
