epoch:0
iter0: train_loss:1.4587762355804443
iter10: train_loss:0.44621866941452026
iter20: train_loss:0.34916403889656067
iter30: train_loss:0.3847854733467102
Validation loss: 0.34933446645736693 Validation RMSE: 0.5904610395431519
====================================================================================================
epoch:1
iter0: train_loss:0.2816839814186096
iter10: train_loss:0.27487924695014954
iter20: train_loss:0.254260390996933
iter30: train_loss:0.2928403913974762
Validation loss: 0.3299686312675476 Validation RMSE: 0.5724397480487824
====================================================================================================
epoch:2
iter0: train_loss:0.2004193812608719
iter10: train_loss:0.22034743428230286
iter20: train_loss:0.231927290558815
iter30: train_loss:0.19988539814949036
Validation loss: 0.2804061472415924 Validation RMSE: 0.5275043487548828
====================================================================================================
epoch:3
iter0: train_loss:0.18391577899456024
iter10: train_loss:0.24196119606494904
iter20: train_loss:0.20545561611652374
iter30: train_loss:0.1726386547088623
Validation loss: 0.2675385981798172 Validation RMSE: 0.5149465024471283
====================================================================================================
epoch:4
iter0: train_loss:0.23898592591285706
iter10: train_loss:0.17679759860038757
iter20: train_loss:0.21402038633823395
iter30: train_loss:0.16088519990444183
Validation loss: 0.2461489498615265 Validation RMSE: 0.49335685968399046
====================================================================================================
epoch:5
iter0: train_loss:0.21547694504261017
iter10: train_loss:0.1929980367422104
iter20: train_loss:0.14996075630187988
iter30: train_loss:0.1589355766773224
Validation loss: 0.21944010257720947 Validation RMSE: 0.46732335686683657
====================================================================================================
epoch:6
iter0: train_loss:0.1471545696258545
iter10: train_loss:0.16591408848762512
iter20: train_loss:0.16511037945747375
iter30: train_loss:0.13007916510105133
Validation loss: 0.2186775267124176 Validation RMSE: 0.4657752275466919
====================================================================================================
epoch:7
iter0: train_loss:0.1503278911113739
iter10: train_loss:0.1428910344839096
iter20: train_loss:0.16903264820575714
iter30: train_loss:0.13844692707061768
Validation loss: 0.20961233377456664 Validation RMSE: 0.4568782985210419
====================================================================================================
epoch:8
iter0: train_loss:0.13146676123142242
iter10: train_loss:0.13076744973659515
iter20: train_loss:0.11695573478937149
iter30: train_loss:0.14397169649600983
Validation loss: 0.18699545562267303 Validation RMSE: 0.43219160437583926
====================================================================================================
epoch:9
iter0: train_loss:0.10501128435134888
iter10: train_loss:0.15224570035934448
iter20: train_loss:0.12131395936012268
iter30: train_loss:0.1393643617630005
Validation loss: 0.1982487052679062 Validation RMSE: 0.44330028295516966
EarlyStopping counter: 1 out of 7
====================================================================================================
epoch:10
iter0: train_loss:0.13917437195777893
iter10: train_loss:0.1160411611199379
iter20: train_loss:0.12916789948940277
iter30: train_loss:0.12290026992559433
Validation loss: 0.17770656943321228 Validation RMSE: 0.42029690742492676
====================================================================================================
epoch:11
iter0: train_loss:0.09619010239839554
iter10: train_loss:0.10116900503635406
iter20: train_loss:0.1233847439289093
iter30: train_loss:0.11209801584482193
Validation loss: 0.16805583536624907 Validation RMSE: 0.40883084535598757
====================================================================================================
epoch:12
iter0: train_loss:0.09492681920528412
iter10: train_loss:0.11345931142568588
iter20: train_loss:0.11198248714208603
iter30: train_loss:0.11057101935148239
Validation loss: 0.16131202578544618 Validation RMSE: 0.40061206817626954
====================================================================================================
epoch:13
iter0: train_loss:0.08751535415649414
iter10: train_loss:0.11759509146213531
iter20: train_loss:0.09755098819732666
iter30: train_loss:0.12819106876850128
Validation loss: 0.15112300515174865 Validation RMSE: 0.38807368874549864
====================================================================================================
epoch:14
iter0: train_loss:0.1098296046257019
iter10: train_loss:0.10650694370269775
iter20: train_loss:0.09920897334814072
iter30: train_loss:0.11912638694047928
Validation loss: 0.15517958104610444 Validation RMSE: 0.39326977729797363
EarlyStopping counter: 1 out of 7
====================================================================================================
epoch:15
iter0: train_loss:0.10546588897705078
iter10: train_loss:0.11026185005903244
iter20: train_loss:0.08513122797012329
iter30: train_loss:0.10261140763759613
Validation loss: 0.1624519020318985 Validation RMSE: 0.402779346704483
EarlyStopping counter: 2 out of 7
====================================================================================================
epoch:16
iter0: train_loss:0.126294806599617
iter10: train_loss:0.10709206759929657
iter20: train_loss:0.12405864894390106
iter30: train_loss:0.09618402272462845
Validation loss: 0.15092839449644088 Validation RMSE: 0.387469208240509
====================================================================================================
epoch:17
iter0: train_loss:0.10021267086267471
iter10: train_loss:0.10061770677566528
iter20: train_loss:0.09509605914354324
iter30: train_loss:0.10783972591161728
Validation loss: 0.1435586392879486 Validation RMSE: 0.37793771624565126
====================================================================================================
epoch:18
iter0: train_loss:0.09876761585474014
iter10: train_loss:0.09157486259937286
iter20: train_loss:0.09184713661670685
iter30: train_loss:0.12372779101133347
Validation loss: 0.1317214474081993 Validation RMSE: 0.3611735820770264
====================================================================================================
epoch:19
iter0: train_loss:0.10608664155006409
iter10: train_loss:0.09644418209791183
iter20: train_loss:0.08714088052511215
iter30: train_loss:0.09535779058933258
Validation loss: 0.12743792235851287 Validation RMSE: 0.3565632402896881
====================================================================================================
epoch:20
iter0: train_loss:0.09198569506406784
iter10: train_loss:0.10385239869356155
iter20: train_loss:0.10112606734037399
iter30: train_loss:0.07365791499614716
Validation loss: 0.13259644955396652 Validation RMSE: 0.3617359459400177
EarlyStopping counter: 1 out of 7
====================================================================================================
epoch:21
iter0: train_loss:0.09140996634960175
iter10: train_loss:0.08807169646024704
iter20: train_loss:0.09875890612602234
iter30: train_loss:0.09004546701908112
Validation loss: 0.12884850054979324 Validation RMSE: 0.358251279592514
EarlyStopping counter: 2 out of 7
====================================================================================================
epoch:22
iter0: train_loss:0.08848559111356735
iter10: train_loss:0.08304496109485626
iter20: train_loss:0.07920389622449875
iter30: train_loss:0.08985229581594467
Validation loss: 0.12394713014364242 Validation RMSE: 0.35076659321784975
====================================================================================================
epoch:23
iter0: train_loss:0.07853390276432037
iter10: train_loss:0.0856231153011322
iter20: train_loss:0.08314945548772812
iter30: train_loss:0.07508663833141327
Validation loss: 0.11984285861253738 Validation RMSE: 0.3448478639125824
====================================================================================================
epoch:24
iter0: train_loss:0.08443740010261536
iter10: train_loss:0.08327515423297882
iter20: train_loss:0.09814444184303284
iter30: train_loss:0.0886664092540741
Validation loss: 0.12165745794773102 Validation RMSE: 0.34812325835227964
EarlyStopping counter: 1 out of 7
====================================================================================================
epoch:25
iter0: train_loss:0.08015168458223343
iter10: train_loss:0.09052804857492447
iter20: train_loss:0.06723105162382126
iter30: train_loss:0.10072027146816254
Validation loss: 0.1197747141122818 Validation RMSE: 0.34535894393920896
====================================================================================================
epoch:26
iter0: train_loss:0.08833643794059753
iter10: train_loss:0.08208052068948746
iter20: train_loss:0.07482223212718964
iter30: train_loss:0.08824972063302994
Validation loss: 0.12250185906887054 Validation RMSE: 0.34923929572105405
EarlyStopping counter: 1 out of 7
====================================================================================================
epoch:27
iter0: train_loss:0.07883995771408081
iter10: train_loss:0.09631936997175217
iter20: train_loss:0.08929579704999924
iter30: train_loss:0.07572337985038757
Validation loss: 0.12296781241893769 Validation RMSE: 0.3501490831375122
EarlyStopping counter: 2 out of 7
====================================================================================================
epoch:28
iter0: train_loss:0.0736728310585022
iter10: train_loss:0.0828092023730278
iter20: train_loss:0.09612463414669037
iter30: train_loss:0.08670790493488312
Validation loss: 0.11976616531610489 Validation RMSE: 0.3459571719169617
====================================================================================================
epoch:29
iter0: train_loss:0.08024870604276657
iter10: train_loss:0.09772922098636627
iter20: train_loss:0.07751235365867615
iter30: train_loss:0.07087122648954391
Validation loss: 0.11639422476291657 Validation RMSE: 0.3400179803371429
====================================================================================================
epoch:30
iter0: train_loss:0.07624167203903198
iter10: train_loss:0.07097209990024567
iter20: train_loss:0.06746717542409897
iter30: train_loss:0.07627668976783752
Validation loss: 0.11556717902421951 Validation RMSE: 0.3373304307460785
====================================================================================================
epoch:31
iter0: train_loss:0.06693208962678909
iter10: train_loss:0.0892140343785286
iter20: train_loss:0.067957304418087
iter30: train_loss:0.07954701036214828
Validation loss: 0.12278510183095932 Validation RMSE: 0.34968247413635256
EarlyStopping counter: 1 out of 7
====================================================================================================
epoch:32
iter0: train_loss:0.0893784761428833
iter10: train_loss:0.08709170669317245
iter20: train_loss:0.07562868297100067
iter30: train_loss:0.07445021718740463
Validation loss: 0.12192302644252777 Validation RMSE: 0.3481914162635803
EarlyStopping counter: 2 out of 7
====================================================================================================
epoch:33
iter0: train_loss:0.08385390788316727
iter10: train_loss:0.08658968657255173
iter20: train_loss:0.08220300078392029
iter30: train_loss:0.07995811104774475
Validation loss: 0.1134132444858551 Validation RMSE: 0.33463343381881716
====================================================================================================
epoch:34
iter0: train_loss:0.08436021953821182
iter10: train_loss:0.06668198108673096
iter20: train_loss:0.058977797627449036
iter30: train_loss:0.07941047847270966
Validation loss: 0.10312266051769256 Validation RMSE: 0.32075072526931764
====================================================================================================
epoch:35
iter0: train_loss:0.06942038238048553
iter10: train_loss:0.06967289745807648
iter20: train_loss:0.07186504453420639
iter30: train_loss:0.10646408051252365
Validation loss: 0.11251174360513687 Validation RMSE: 0.33513686060905457
EarlyStopping counter: 1 out of 7
====================================================================================================
epoch:36
iter0: train_loss:0.07275205850601196
iter10: train_loss:0.06509657949209213
iter20: train_loss:0.07711511105298996
iter30: train_loss:0.05914195626974106
Validation loss: 0.12216625064611435 Validation RMSE: 0.3486542165279388
EarlyStopping counter: 2 out of 7
====================================================================================================
epoch:37
iter0: train_loss:0.0892658531665802
iter10: train_loss:0.07115723192691803
iter20: train_loss:0.08344610780477524
iter30: train_loss:0.06295739114284515
Validation loss: 0.11086572706699371 Validation RMSE: 0.3320965230464935
EarlyStopping counter: 3 out of 7
====================================================================================================
epoch:38
iter0: train_loss:0.08591742068529129
iter10: train_loss:0.08566440641880035
iter20: train_loss:0.07097520679235458
iter30: train_loss:0.08001001179218292
Validation loss: 0.10747621506452561 Validation RMSE: 0.3274662435054779
EarlyStopping counter: 4 out of 7
====================================================================================================
epoch:39
iter0: train_loss:0.06674691289663315
iter10: train_loss:0.08401545882225037
iter20: train_loss:0.06364525109529495
iter30: train_loss:0.0668274462223053
Validation loss: 0.10953066945075988 Validation RMSE: 0.328806072473526
EarlyStopping counter: 5 out of 7
====================================================================================================
epoch:40
iter0: train_loss:0.06067197397351265
iter10: train_loss:0.07781486213207245
iter20: train_loss:0.06852829456329346
iter30: train_loss:0.07694976031780243
Validation loss: 0.10434871166944504 Validation RMSE: 0.3223061621189117
EarlyStopping counter: 6 out of 7
====================================================================================================
epoch:41
iter0: train_loss:0.0561264306306839
iter10: train_loss:0.07462288439273834
iter20: train_loss:0.05983751639723778
iter30: train_loss:0.07684683799743652
Validation loss: 0.10878316313028336 Validation RMSE: 0.32921743392944336
EarlyStopping counter: 7 out of 7
Early stopping
MAE: 4.312 RMSE: 7.540 MAPE: 9.136
Spend Time: 57.49885869026184
