epoch:0
iter0: train_loss:1.436553716659546
iter10: train_loss:0.5085178017616272
iter20: train_loss:0.35594990849494934
iter30: train_loss:0.4047743082046509
Validation loss: 0.34329087734222413 Validation RMSE: 0.5847996711730957
====================================================================================================
epoch:1
iter0: train_loss:0.28534528613090515
iter10: train_loss:0.2827827036380768
iter20: train_loss:0.2626715898513794
iter30: train_loss:0.3140389919281006
Validation loss: 0.3249181807041168 Validation RMSE: 0.5692595720291138
====================================================================================================
epoch:2
iter0: train_loss:0.21076229214668274
iter10: train_loss:0.23230355978012085
iter20: train_loss:0.22814349830150604
iter30: train_loss:0.2184775471687317
Validation loss: 0.26394475996494293 Validation RMSE: 0.5121390521526337
====================================================================================================
epoch:3
iter0: train_loss:0.1974439173936844
iter10: train_loss:0.27540555596351624
iter20: train_loss:0.22557897865772247
iter30: train_loss:0.20024307072162628
Validation loss: 0.2633629351854324 Validation RMSE: 0.5120176792144775
====================================================================================================
epoch:4
iter0: train_loss:0.2619837820529938
iter10: train_loss:0.1928621083498001
iter20: train_loss:0.2302752584218979
iter30: train_loss:0.17346152663230896
Validation loss: 0.247012722492218 Validation RMSE: 0.49433680176734923
====================================================================================================
epoch:5
iter0: train_loss:0.24687589704990387
iter10: train_loss:0.22165609896183014
iter20: train_loss:0.18602614104747772
iter30: train_loss:0.18215791881084442
Validation loss: 0.2353178769350052 Validation RMSE: 0.4843106985092163
====================================================================================================
epoch:6
iter0: train_loss:0.16984158754348755
iter10: train_loss:0.18653257191181183
iter20: train_loss:0.1980600506067276
iter30: train_loss:0.14492356777191162
Validation loss: 0.2412606656551361 Validation RMSE: 0.4900133788585663
EarlyStopping counter: 1 out of 7
====================================================================================================
epoch:7
iter0: train_loss:0.169676274061203
iter10: train_loss:0.17504212260246277
iter20: train_loss:0.18793155252933502
iter30: train_loss:0.15836262702941895
Validation loss: 0.2466530531644821 Validation RMSE: 0.49594863653182986
EarlyStopping counter: 2 out of 7
====================================================================================================
epoch:8
iter0: train_loss:0.15668994188308716
iter10: train_loss:0.16622355580329895
iter20: train_loss:0.14532020688056946
iter30: train_loss:0.18408523499965668
Validation loss: 0.21787928342819213 Validation RMSE: 0.4665015637874603
====================================================================================================
epoch:9
iter0: train_loss:0.12789234519004822
iter10: train_loss:0.16640187799930573
iter20: train_loss:0.14511336386203766
iter30: train_loss:0.1508241593837738
Validation loss: 0.2056582272052765 Validation RMSE: 0.45167219638824463
====================================================================================================
epoch:10
iter0: train_loss:0.16174253821372986
iter10: train_loss:0.13460102677345276
iter20: train_loss:0.14598426222801208
iter30: train_loss:0.15575674176216125
Validation loss: 0.1897291749715805 Validation RMSE: 0.4339830756187439
====================================================================================================
epoch:11
iter0: train_loss:0.11173270642757416
iter10: train_loss:0.10089876502752304
iter20: train_loss:0.13015785813331604
iter30: train_loss:0.12920533120632172
Validation loss: 0.19515425264835357 Validation RMSE: 0.44031080007553103
EarlyStopping counter: 1 out of 7
====================================================================================================
epoch:12
iter0: train_loss:0.11560124903917313
iter10: train_loss:0.14051678776741028
iter20: train_loss:0.13119488954544067
iter30: train_loss:0.12180162966251373
Validation loss: 0.17885549366474152 Validation RMSE: 0.4205007553100586
====================================================================================================
epoch:13
iter0: train_loss:0.10172594338655472
iter10: train_loss:0.13158340752124786
iter20: train_loss:0.10898387432098389
iter30: train_loss:0.1453922986984253
Validation loss: 0.17193348705768585 Validation RMSE: 0.4134738862514496
====================================================================================================
epoch:14
iter0: train_loss:0.11744789779186249
iter10: train_loss:0.12931746244430542
iter20: train_loss:0.11207564920186996
iter30: train_loss:0.13291536271572113
Validation loss: 0.18180096447467803 Validation RMSE: 0.4255653142929077
EarlyStopping counter: 1 out of 7
====================================================================================================
epoch:15
iter0: train_loss:0.12405189126729965
iter10: train_loss:0.12042532861232758
iter20: train_loss:0.0941777229309082
iter30: train_loss:0.11801349371671677
Validation loss: 0.158908349275589 Validation RMSE: 0.3967040777206421
====================================================================================================
epoch:16
iter0: train_loss:0.12735353410243988
iter10: train_loss:0.12311676144599915
iter20: train_loss:0.14700359106063843
iter30: train_loss:0.10655320435762405
Validation loss: 0.158444944024086 Validation RMSE: 0.39523751139640806
====================================================================================================
epoch:17
iter0: train_loss:0.10785793513059616
iter10: train_loss:0.1147996112704277
iter20: train_loss:0.09597903490066528
iter30: train_loss:0.11548323184251785
Validation loss: 0.15406570732593536 Validation RMSE: 0.39200169444084165
====================================================================================================
epoch:18
iter0: train_loss:0.11172213405370712
iter10: train_loss:0.097087062895298
iter20: train_loss:0.11328965425491333
iter30: train_loss:0.1482456922531128
Validation loss: 0.1457855999469757 Validation RMSE: 0.3800030529499054
====================================================================================================
epoch:19
iter0: train_loss:0.12232927232980728
iter10: train_loss:0.1033048927783966
iter20: train_loss:0.10056381672620773
iter30: train_loss:0.112174391746521
Validation loss: 0.16429196298122406 Validation RMSE: 0.4051086962223053
EarlyStopping counter: 1 out of 7
====================================================================================================
epoch:20
iter0: train_loss:0.11521508544683456
iter10: train_loss:0.11510570347309113
iter20: train_loss:0.11408502608537674
iter30: train_loss:0.08590691536664963
Validation loss: 0.14841642677783967 Validation RMSE: 0.3816091179847717
EarlyStopping counter: 2 out of 7
====================================================================================================
epoch:21
iter0: train_loss:0.10565710067749023
iter10: train_loss:0.09793497622013092
iter20: train_loss:0.12133641541004181
iter30: train_loss:0.10580051690340042
Validation loss: 0.14493497610092163 Validation RMSE: 0.380026376247406
====================================================================================================
epoch:22
iter0: train_loss:0.10271571576595306
iter10: train_loss:0.09738625586032867
iter20: train_loss:0.09629035741090775
iter30: train_loss:0.10773491114377975
Validation loss: 0.14409115314483642 Validation RMSE: 0.3782608449459076
====================================================================================================
epoch:23
iter0: train_loss:0.0947931706905365
iter10: train_loss:0.10079710930585861
iter20: train_loss:0.09284200519323349
iter30: train_loss:0.09220049530267715
Validation loss: 0.13384541422128676 Validation RMSE: 0.36481582522392275
====================================================================================================
epoch:24
iter0: train_loss:0.10366318374872208
iter10: train_loss:0.09962987154722214
iter20: train_loss:0.10579432547092438
iter30: train_loss:0.1062077060341835
Validation loss: 0.14471081495285035 Validation RMSE: 0.3797692358493805
EarlyStopping counter: 1 out of 7
====================================================================================================
epoch:25
iter0: train_loss:0.10160624980926514
iter10: train_loss:0.09652046859264374
iter20: train_loss:0.07865060120820999
iter30: train_loss:0.1290537267923355
Validation loss: 0.13086403608322145 Validation RMSE: 0.36016435623168946
====================================================================================================
epoch:26
iter0: train_loss:0.110186867415905
iter10: train_loss:0.10397933423519135
iter20: train_loss:0.08810866624116898
iter30: train_loss:0.1062883734703064
Validation loss: 0.14155422896146774 Validation RMSE: 0.37570529580116274
EarlyStopping counter: 1 out of 7
====================================================================================================
epoch:27
iter0: train_loss:0.09866225719451904
iter10: train_loss:0.12480424344539642
iter20: train_loss:0.10411030054092407
iter30: train_loss:0.08878224343061447
Validation loss: 0.1284703269600868 Validation RMSE: 0.3574316382408142
====================================================================================================
epoch:28
iter0: train_loss:0.09087279438972473
iter10: train_loss:0.09339190274477005
iter20: train_loss:0.10357960313558578
iter30: train_loss:0.10282143950462341
Validation loss: 0.133870829641819 Validation RMSE: 0.3648854911327362
EarlyStopping counter: 1 out of 7
====================================================================================================
epoch:29
iter0: train_loss:0.09583473950624466
iter10: train_loss:0.11515337973833084
iter20: train_loss:0.09193105250597
iter30: train_loss:0.08099258691072464
Validation loss: 0.1344504937529564 Validation RMSE: 0.36567174196243285
EarlyStopping counter: 2 out of 7
====================================================================================================
epoch:30
iter0: train_loss:0.09503600001335144
iter10: train_loss:0.08573080599308014
iter20: train_loss:0.07765340805053711
iter30: train_loss:0.09264301508665085
Validation loss: 0.13483811169862747 Validation RMSE: 0.36435012221336366
EarlyStopping counter: 3 out of 7
====================================================================================================
epoch:31
iter0: train_loss:0.08281445503234863
iter10: train_loss:0.11028484255075455
iter20: train_loss:0.07311403006315231
iter30: train_loss:0.09202167391777039
Validation loss: 0.13099115043878556 Validation RMSE: 0.36125780940055846
EarlyStopping counter: 4 out of 7
====================================================================================================
epoch:32
iter0: train_loss:0.09062588214874268
iter10: train_loss:0.10618441551923752
iter20: train_loss:0.0942649096250534
iter30: train_loss:0.09481384605169296
Validation loss: 0.1299876719713211 Validation RMSE: 0.35883629322052
EarlyStopping counter: 5 out of 7
====================================================================================================
epoch:33
iter0: train_loss:0.09958849102258682
iter10: train_loss:0.10255096107721329
iter20: train_loss:0.09674936532974243
iter30: train_loss:0.10341953486204147
Validation loss: 0.12666030526161193 Validation RMSE: 0.35422247648239136
====================================================================================================
epoch:34
iter0: train_loss:0.10242442786693573
iter10: train_loss:0.08271654695272446
iter20: train_loss:0.07504266500473022
iter30: train_loss:0.09059678763151169
Validation loss: 0.11416769176721572 Validation RMSE: 0.3377718091011047
====================================================================================================
epoch:35
iter0: train_loss:0.08709686249494553
iter10: train_loss:0.08507279306650162
iter20: train_loss:0.09268726408481598
iter30: train_loss:0.13186821341514587
Validation loss: 0.12436040937900543 Validation RMSE: 0.3519663095474243
EarlyStopping counter: 1 out of 7
====================================================================================================
epoch:36
iter0: train_loss:0.0884217694401741
iter10: train_loss:0.07911985367536545
iter20: train_loss:0.09270711988210678
iter30: train_loss:0.07328126579523087
Validation loss: 0.1335885837674141 Validation RMSE: 0.3646828532218933
EarlyStopping counter: 2 out of 7
====================================================================================================
epoch:37
iter0: train_loss:0.11930356174707413
iter10: train_loss:0.08856121450662613
iter20: train_loss:0.10266787558794022
iter30: train_loss:0.07519274950027466
Validation loss: 0.12215946912765503 Validation RMSE: 0.34857856631278994
EarlyStopping counter: 3 out of 7
====================================================================================================
epoch:38
iter0: train_loss:0.10326319932937622
iter10: train_loss:0.10696743428707123
iter20: train_loss:0.08516205847263336
iter30: train_loss:0.10326455533504486
Validation loss: 0.12052476704120636 Validation RMSE: 0.3462956964969635
EarlyStopping counter: 4 out of 7
====================================================================================================
epoch:39
iter0: train_loss:0.08942631632089615
iter10: train_loss:0.10501288622617722
iter20: train_loss:0.0783187747001648
iter30: train_loss:0.0770011693239212
Validation loss: 0.1203480139374733 Validation RMSE: 0.3455777883529663
EarlyStopping counter: 5 out of 7
====================================================================================================
epoch:40
iter0: train_loss:0.078123539686203
iter10: train_loss:0.10040546953678131
iter20: train_loss:0.08609835803508759
iter30: train_loss:0.09243285655975342
Validation loss: 0.12004445046186447 Validation RMSE: 0.3461747407913208
EarlyStopping counter: 6 out of 7
====================================================================================================
epoch:41
iter0: train_loss:0.07059606909751892
iter10: train_loss:0.09170730412006378
iter20: train_loss:0.07135017216205597
iter30: train_loss:0.09071961045265198
Validation loss: 0.1226843386888504 Validation RMSE: 0.3500414192676544
EarlyStopping counter: 7 out of 7
Early stopping
MAE: 4.286 RMSE: 7.795 MAPE: 9.447
Spend Time: 63.5377082824707
