epoch:0
iter0: train_loss:0.9057238698005676
iter10: train_loss:0.8385134935379028
iter20: train_loss:0.32591816782951355
iter30: train_loss:0.41518568992614746
iter40: train_loss:0.2589786648750305
iter50: train_loss:0.3568449318408966
Validation loss: 0.38313282653689384 Validation RMSE: 0.6151841878890991
====================================================================================================
epoch:1
iter0: train_loss:0.2695867717266083
iter10: train_loss:0.44503024220466614
iter20: train_loss:0.2917484939098358
iter30: train_loss:0.2824369966983795
iter40: train_loss:0.3033080995082855
iter50: train_loss:0.26251187920570374
Validation loss: 0.3268244322389364 Validation RMSE: 0.568390816450119
====================================================================================================
epoch:2
iter0: train_loss:0.31385892629623413
iter10: train_loss:0.2061406522989273
iter20: train_loss:0.19933348894119263
iter30: train_loss:0.18811658024787903
iter40: train_loss:0.25394225120544434
iter50: train_loss:0.16911114752292633
Validation loss: 0.29675001837313175 Validation RMSE: 0.5421387292444706
====================================================================================================
epoch:3
iter0: train_loss:0.2595307230949402
iter10: train_loss:0.26311466097831726
iter20: train_loss:0.2135869860649109
iter30: train_loss:0.21653132140636444
iter40: train_loss:0.15929734706878662
iter50: train_loss:0.2302379161119461
Validation loss: 0.27087328396737576 Validation RMSE: 0.5186149440705776
====================================================================================================
epoch:4
iter0: train_loss:0.22605767846107483
iter10: train_loss:0.1575269252061844
iter20: train_loss:0.18473254144191742
iter30: train_loss:0.14448107779026031
iter40: train_loss:0.164149209856987
iter50: train_loss:0.1863061487674713
Validation loss: 0.25295670703053474 Validation RMSE: 0.5006335414946079
====================================================================================================
epoch:5
iter0: train_loss:0.22059334814548492
iter10: train_loss:0.21762700378894806
iter20: train_loss:0.13942401111125946
iter30: train_loss:0.20024266839027405
iter40: train_loss:0.18087106943130493
iter50: train_loss:0.21528179943561554
Validation loss: 0.2561428789049387 Validation RMSE: 0.5041672140359879
EarlyStopping counter: 1 out of 7
====================================================================================================
epoch:6
iter0: train_loss:0.1501803696155548
iter10: train_loss:0.22426585853099823
iter20: train_loss:0.2728433310985565
iter30: train_loss:0.19436734914779663
iter40: train_loss:0.22261729836463928
iter50: train_loss:0.127480611205101
Validation loss: 0.2341880314052105 Validation RMSE: 0.4817441329360008
====================================================================================================
epoch:7
iter0: train_loss:0.13102476298809052
iter10: train_loss:0.1992063969373703
iter20: train_loss:0.17373709380626678
iter30: train_loss:0.21965880692005157
iter40: train_loss:0.17005018889904022
iter50: train_loss:0.18790099024772644
Validation loss: 0.23422988317906857 Validation RMSE: 0.48319077491760254
EarlyStopping counter: 1 out of 7
====================================================================================================
epoch:8
iter0: train_loss:0.20627911388874054
iter10: train_loss:0.13752861320972443
iter20: train_loss:0.15193036198616028
iter30: train_loss:0.17132766544818878
iter40: train_loss:0.16606786847114563
iter50: train_loss:0.15498997271060944
Validation loss: 0.2196471430361271 Validation RMSE: 0.4670320674777031
====================================================================================================
epoch:9
iter0: train_loss:0.16842935979366302
iter10: train_loss:0.18777042627334595
iter20: train_loss:0.15571416914463043
iter30: train_loss:0.1289866417646408
iter40: train_loss:0.20965424180030823
iter50: train_loss:0.12455140054225922
Validation loss: 0.21767693012952805 Validation RMSE: 0.46560804173350334
====================================================================================================
epoch:10
iter0: train_loss:0.1259346306324005
iter10: train_loss:0.18777884542942047
iter20: train_loss:0.14774000644683838
iter30: train_loss:0.13876274228096008
iter40: train_loss:0.17494940757751465
iter50: train_loss:0.12500128149986267
Validation loss: 0.20428120903670788 Validation RMSE: 0.4497115723788738
====================================================================================================
epoch:11
iter0: train_loss:0.1711466908454895
iter10: train_loss:0.16061443090438843
iter20: train_loss:0.1775553673505783
iter30: train_loss:0.12662352621555328
iter40: train_loss:0.1631557047367096
iter50: train_loss:0.14723148941993713
Validation loss: 0.19562684558331966 Validation RMSE: 0.44185586273670197
====================================================================================================
epoch:12
iter0: train_loss:0.14742052555084229
iter10: train_loss:0.1977618932723999
iter20: train_loss:0.19715696573257446
iter30: train_loss:0.1487315595149994
iter40: train_loss:0.17299911379814148
iter50: train_loss:0.12340504676103592
Validation loss: 0.19736341759562492 Validation RMSE: 0.4433865584433079
EarlyStopping counter: 1 out of 7
====================================================================================================
epoch:13
iter0: train_loss:0.13885514438152313
iter10: train_loss:0.1944761723279953
iter20: train_loss:0.1605989784002304
iter30: train_loss:0.11053503304719925
iter40: train_loss:0.14521373808383942
iter50: train_loss:0.12308729439973831
Validation loss: 0.18130293674767017 Validation RMSE: 0.4241887889802456
====================================================================================================
epoch:14
iter0: train_loss:0.18506641685962677
iter10: train_loss:0.1128099113702774
iter20: train_loss:0.11154787987470627
iter30: train_loss:0.1579231321811676
iter40: train_loss:0.14494648575782776
iter50: train_loss:0.17817147076129913
Validation loss: 0.1840860415250063 Validation RMSE: 0.4269746132194996
EarlyStopping counter: 1 out of 7
====================================================================================================
epoch:15
iter0: train_loss:0.1371270716190338
iter10: train_loss:0.16812294721603394
iter20: train_loss:0.13737016916275024
iter30: train_loss:0.12711209058761597
iter40: train_loss:0.11331558227539062
iter50: train_loss:0.15045134723186493
Validation loss: 0.20768005773425102 Validation RMSE: 0.45476772263646126
EarlyStopping counter: 2 out of 7
====================================================================================================
epoch:16
iter0: train_loss:0.1271606832742691
iter10: train_loss:0.1366410255432129
iter20: train_loss:0.1413506269454956
iter30: train_loss:0.12309179455041885
iter40: train_loss:0.10489112138748169
iter50: train_loss:0.09615711122751236
Validation loss: 0.17576293274760246 Validation RMSE: 0.4189864806830883
====================================================================================================
epoch:17
iter0: train_loss:0.14241565763950348
iter10: train_loss:0.1390966773033142
iter20: train_loss:0.1293393224477768
iter30: train_loss:0.14051416516304016
iter40: train_loss:0.1453319489955902
iter50: train_loss:0.17883619666099548
Validation loss: 0.17616913840174675 Validation RMSE: 0.41684769839048386
EarlyStopping counter: 1 out of 7
====================================================================================================
epoch:18
iter0: train_loss:0.119710274040699
iter10: train_loss:0.12971791625022888
iter20: train_loss:0.1042647585272789
iter30: train_loss:0.1098194271326065
iter40: train_loss:0.1395616978406906
iter50: train_loss:0.13569337129592896
Validation loss: 0.15890225768089294 Validation RMSE: 0.3976958692073822
====================================================================================================
epoch:19
iter0: train_loss:0.1248326301574707
iter10: train_loss:0.13482333719730377
iter20: train_loss:0.10691510140895844
iter30: train_loss:0.09618912637233734
iter40: train_loss:0.09763618558645248
iter50: train_loss:0.12575066089630127
Validation loss: 0.16842655651271343 Validation RMSE: 0.4087937958538532
EarlyStopping counter: 1 out of 7
====================================================================================================
epoch:20
iter0: train_loss:0.1577771157026291
iter10: train_loss:0.11565645039081573
iter20: train_loss:0.11009380966424942
iter30: train_loss:0.1202930361032486
iter40: train_loss:0.12331173568964005
iter50: train_loss:0.09656007587909698
Validation loss: 0.16100796312093735 Validation RMSE: 0.3993542082607746
EarlyStopping counter: 2 out of 7
====================================================================================================
epoch:21
iter0: train_loss:0.10690642893314362
iter10: train_loss:0.12004207074642181
iter20: train_loss:0.09530113637447357
iter30: train_loss:0.1130852997303009
iter40: train_loss:0.08584015816450119
iter50: train_loss:0.10081388056278229
Validation loss: 0.15921633504331112 Validation RMSE: 0.39757051691412926
EarlyStopping counter: 3 out of 7
====================================================================================================
epoch:22
iter0: train_loss:0.11857669055461884
iter10: train_loss:0.11266437917947769
iter20: train_loss:0.1447477489709854
iter30: train_loss:0.1306154876947403
iter40: train_loss:0.12175093591213226
iter50: train_loss:0.11024128645658493
Validation loss: 0.15827007964253426 Validation RMSE: 0.39527370408177376
====================================================================================================
epoch:23
iter0: train_loss:0.11177431792020798
iter10: train_loss:0.11761735379695892
iter20: train_loss:0.11219368875026703
iter30: train_loss:0.10729368776082993
iter40: train_loss:0.0839395523071289
iter50: train_loss:0.12040828913450241
Validation loss: 0.15550701320171356 Validation RMSE: 0.3929935395717621
====================================================================================================
epoch:24
iter0: train_loss:0.1073765978217125
iter10: train_loss:0.13290128111839294
iter20: train_loss:0.11531965434551239
iter30: train_loss:0.12130255252122879
iter40: train_loss:0.1354515701532364
iter50: train_loss:0.12324754893779755
Validation loss: 0.15730926487594843 Validation RMSE: 0.3947613686323166
EarlyStopping counter: 1 out of 7
====================================================================================================
epoch:25
iter0: train_loss:0.11483539640903473
iter10: train_loss:0.10308084636926651
iter20: train_loss:0.10069886595010757
iter30: train_loss:0.11392277479171753
iter40: train_loss:0.1061798483133316
iter50: train_loss:0.10856585949659348
Validation loss: 0.15257844049483538 Validation RMSE: 0.38974476605653763
====================================================================================================
epoch:26
iter0: train_loss:0.112119659781456
iter10: train_loss:0.11096254736185074
iter20: train_loss:0.1462080180644989
iter30: train_loss:0.1641796976327896
iter40: train_loss:0.10679244250059128
iter50: train_loss:0.10143998265266418
Validation loss: 0.155575898475945 Validation RMSE: 0.39295899868011475
EarlyStopping counter: 1 out of 7
====================================================================================================
epoch:27
iter0: train_loss:0.09689386934041977
iter10: train_loss:0.09866084158420563
iter20: train_loss:0.09966977685689926
iter30: train_loss:0.12270163744688034
iter40: train_loss:0.11864907294511795
iter50: train_loss:0.10434459894895554
Validation loss: 0.1520725041627884 Validation RMSE: 0.3878802992403507
====================================================================================================
epoch:28
iter0: train_loss:0.12856370210647583
iter10: train_loss:0.09020544588565826
iter20: train_loss:0.08410681784152985
iter30: train_loss:0.11621926724910736
iter40: train_loss:0.10641119629144669
iter50: train_loss:0.09580270946025848
Validation loss: 0.15856584534049034 Validation RMSE: 0.39595431089401245
EarlyStopping counter: 1 out of 7
====================================================================================================
epoch:29
iter0: train_loss:0.10245739668607712
iter10: train_loss:0.09960095584392548
iter20: train_loss:0.13356001675128937
iter30: train_loss:0.1077582910656929
iter40: train_loss:0.10664795339107513
iter50: train_loss:0.10836709290742874
Validation loss: 0.16002912633121014 Validation RMSE: 0.3990713283419609
EarlyStopping counter: 2 out of 7
====================================================================================================
epoch:30
iter0: train_loss:0.11995016038417816
iter10: train_loss:0.10468485206365585
iter20: train_loss:0.10279504954814911
iter30: train_loss:0.1035102903842926
iter40: train_loss:0.10008370876312256
iter50: train_loss:0.14013002812862396
Validation loss: 0.14360318705439568 Validation RMSE: 0.37795446068048477
====================================================================================================
epoch:31
iter0: train_loss:0.09402576088905334
iter10: train_loss:0.08931213617324829
iter20: train_loss:0.10695984959602356
iter30: train_loss:0.12135626375675201
iter40: train_loss:0.08924420922994614
iter50: train_loss:0.08455515652894974
Validation loss: 0.1442934051156044 Validation RMSE: 0.378763597458601
EarlyStopping counter: 1 out of 7
====================================================================================================
epoch:32
iter0: train_loss:0.11642852425575256
iter10: train_loss:0.09123573452234268
iter20: train_loss:0.09483873844146729
iter30: train_loss:0.07704494148492813
iter40: train_loss:0.11816953122615814
iter50: train_loss:0.08909091353416443
Validation loss: 0.13941513188183308 Validation RMSE: 0.37084630504250526
====================================================================================================
epoch:33
iter0: train_loss:0.1065855547785759
iter10: train_loss:0.09385141730308533
iter20: train_loss:0.0793108269572258
iter30: train_loss:0.09980232268571854
iter40: train_loss:0.10540428012609482
iter50: train_loss:0.1041056364774704
Validation loss: 0.14534869231283665 Validation RMSE: 0.3807702511548996
EarlyStopping counter: 1 out of 7
====================================================================================================
epoch:34
iter0: train_loss:0.08990514278411865
iter10: train_loss:0.09226299822330475
iter20: train_loss:0.08009184151887894
iter30: train_loss:0.09442917257547379
iter40: train_loss:0.09523923695087433
iter50: train_loss:0.09406492114067078
Validation loss: 0.14620040077716112 Validation RMSE: 0.3809676542878151
EarlyStopping counter: 2 out of 7
====================================================================================================
epoch:35
iter0: train_loss:0.08820179104804993
iter10: train_loss:0.09042565524578094
iter20: train_loss:0.08656268566846848
iter30: train_loss:0.1020367369055748
iter40: train_loss:0.07857724279165268
iter50: train_loss:0.09946480393409729
Validation loss: 0.13984674774110317 Validation RMSE: 0.3734579049050808
EarlyStopping counter: 3 out of 7
====================================================================================================
epoch:36
iter0: train_loss:0.06257471442222595
iter10: train_loss:0.08150725811719894
iter20: train_loss:0.10260123759508133
iter30: train_loss:0.099397674202919
iter40: train_loss:0.09197583794593811
iter50: train_loss:0.09994811564683914
Validation loss: 0.1431218460202217 Validation RMSE: 0.3758365549147129
EarlyStopping counter: 4 out of 7
====================================================================================================
epoch:37
iter0: train_loss:0.0815131813287735
iter10: train_loss:0.08630260080099106
iter20: train_loss:0.10320480167865753
iter30: train_loss:0.07509244233369827
iter40: train_loss:0.10940976440906525
iter50: train_loss:0.08872921764850616
Validation loss: 0.1325992690399289 Validation RMSE: 0.36253297701478004
====================================================================================================
epoch:38
iter0: train_loss:0.09997005015611649
iter10: train_loss:0.0953890010714531
iter20: train_loss:0.09827972203493118
iter30: train_loss:0.07093687355518341
iter40: train_loss:0.08237022906541824
iter50: train_loss:0.08136483281850815
Validation loss: 0.13726372551172972 Validation RMSE: 0.3699514642357826
EarlyStopping counter: 1 out of 7
====================================================================================================
epoch:39
iter0: train_loss:0.07970740646123886
iter10: train_loss:0.10247134417295456
iter20: train_loss:0.10433366149663925
iter30: train_loss:0.1033102497458458
iter40: train_loss:0.11941654235124588
iter50: train_loss:0.09425320476293564
Validation loss: 0.1361640291288495 Validation RMSE: 0.36787213757634163
EarlyStopping counter: 2 out of 7
====================================================================================================
epoch:40
iter0: train_loss:0.09863200783729553
iter10: train_loss:0.07210241258144379
iter20: train_loss:0.07560586929321289
iter30: train_loss:0.08171029388904572
iter40: train_loss:0.09146110713481903
iter50: train_loss:0.09910598397254944
Validation loss: 0.13204953633248806 Validation RMSE: 0.3625769317150116
====================================================================================================
epoch:41
iter0: train_loss:0.09325450658798218
iter10: train_loss:0.10740666836500168
iter20: train_loss:0.07766478508710861
iter30: train_loss:0.08828237652778625
iter40: train_loss:0.08201881498098373
iter50: train_loss:0.09094763547182083
Validation loss: 0.13843837846070528 Validation RMSE: 0.3712925687432289
EarlyStopping counter: 1 out of 7
====================================================================================================
epoch:42
iter0: train_loss:0.11014359444379807
iter10: train_loss:0.08486685156822205
iter20: train_loss:0.0768488198518753
iter30: train_loss:0.09056900441646576
iter40: train_loss:0.1010439470410347
iter50: train_loss:0.09674744307994843
Validation loss: 0.13286398444324732 Validation RMSE: 0.3629649914801121
EarlyStopping counter: 2 out of 7
====================================================================================================
epoch:43
iter0: train_loss:0.11282764375209808
iter10: train_loss:0.10558855533599854
iter20: train_loss:0.08729376643896103
iter30: train_loss:0.10627814382314682
iter40: train_loss:0.08103394508361816
iter50: train_loss:0.10129416733980179
Validation loss: 0.1219280119985342 Validation RMSE: 0.34854354336857796
====================================================================================================
epoch:44
iter0: train_loss:0.10765121877193451
iter10: train_loss:0.09230967611074448
iter20: train_loss:0.08869326859712601
iter30: train_loss:0.08551616221666336
iter40: train_loss:0.08910616487264633
iter50: train_loss:0.07711007446050644
Validation loss: 0.12851895950734615 Validation RMSE: 0.3574346639215946
EarlyStopping counter: 1 out of 7
====================================================================================================
epoch:45
iter0: train_loss:0.09876323491334915
iter10: train_loss:0.10437315702438354
iter20: train_loss:0.1333516389131546
iter30: train_loss:0.09673804044723511
iter40: train_loss:0.07419984042644501
iter50: train_loss:0.08951496332883835
Validation loss: 0.1305063208565116 Validation RMSE: 0.35955627635121346
EarlyStopping counter: 2 out of 7
====================================================================================================
epoch:46
iter0: train_loss:0.09111498296260834
iter10: train_loss:0.11609310656785965
iter20: train_loss:0.09032365679740906
iter30: train_loss:0.09159073233604431
iter40: train_loss:0.08047323673963547
iter50: train_loss:0.09563614428043365
Validation loss: 0.13320576772093773 Validation RMSE: 0.36321330443024635
EarlyStopping counter: 3 out of 7
====================================================================================================
epoch:47
iter0: train_loss:0.08374929428100586
iter10: train_loss:0.11960124969482422
iter20: train_loss:0.09834833443164825
iter30: train_loss:0.07420286536216736
iter40: train_loss:0.09009100496768951
iter50: train_loss:0.08942706882953644
Validation loss: 0.1294763023033738 Validation RMSE: 0.35870361328125
EarlyStopping counter: 4 out of 7
====================================================================================================
epoch:48
iter0: train_loss:0.08127423375844955
iter10: train_loss:0.11328413337469101
iter20: train_loss:0.09885364025831223
iter30: train_loss:0.09498810023069382
iter40: train_loss:0.09338372200727463
iter50: train_loss:0.08252378553152084
Validation loss: 0.12357189878821373 Validation RMSE: 0.3502691946923733
EarlyStopping counter: 5 out of 7
====================================================================================================
epoch:49
iter0: train_loss:0.10520047694444656
iter10: train_loss:0.09257110953330994
iter20: train_loss:0.07858504354953766
iter30: train_loss:0.07689985632896423
iter40: train_loss:0.07890518754720688
iter50: train_loss:0.08444380015134811
Validation loss: 0.1253199577331543 Validation RMSE: 0.3534315638244152
EarlyStopping counter: 6 out of 7
====================================================================================================
epoch:50
iter0: train_loss:0.08838298916816711
iter10: train_loss:0.07793141156435013
iter20: train_loss:0.10918702930212021
iter30: train_loss:0.0879199281334877
iter40: train_loss:0.09372636675834656
iter50: train_loss:0.08501671254634857
Validation loss: 0.12594237085431814 Validation RMSE: 0.35358868911862373
EarlyStopping counter: 7 out of 7
Early stopping
MAE: 1.931 RMSE: 3.324 MAPE: 3.875
Spend Time: 106.69601345062256
