epoch:0
iter0: train_loss:0.9119433760643005
iter10: train_loss:0.6573096513748169
iter20: train_loss:0.29416370391845703
iter30: train_loss:0.3908202648162842
iter40: train_loss:0.2457643747329712
iter50: train_loss:0.33946532011032104
Validation loss: 0.36211152747273445 Validation RMSE: 0.5986237972974777
====================================================================================================
epoch:1
iter0: train_loss:0.26138177514076233
iter10: train_loss:0.42684125900268555
iter20: train_loss:0.2799014151096344
iter30: train_loss:0.265312522649765
iter40: train_loss:0.288878470659256
iter50: train_loss:0.26505979895591736
Validation loss: 0.31502653658390045 Validation RMSE: 0.5581487379968166
====================================================================================================
epoch:2
iter0: train_loss:0.3015395402908325
iter10: train_loss:0.20925062894821167
iter20: train_loss:0.19849301874637604
iter30: train_loss:0.18389157950878143
iter40: train_loss:0.22675713896751404
iter50: train_loss:0.16346441209316254
Validation loss: 0.27397552877664566 Validation RMSE: 0.5214048996567726
====================================================================================================
epoch:3
iter0: train_loss:0.2414439469575882
iter10: train_loss:0.24887122213840485
iter20: train_loss:0.20847004652023315
iter30: train_loss:0.20776249468326569
iter40: train_loss:0.15082617104053497
iter50: train_loss:0.22199483215808868
Validation loss: 0.2548272218555212 Validation RMSE: 0.5031349807977676
====================================================================================================
epoch:4
iter0: train_loss:0.21779830753803253
iter10: train_loss:0.1536456048488617
iter20: train_loss:0.18252645432949066
iter30: train_loss:0.13641302287578583
iter40: train_loss:0.15823933482170105
iter50: train_loss:0.18090108036994934
Validation loss: 0.24945509806275368 Validation RMSE: 0.49793967232108116
====================================================================================================
epoch:5
iter0: train_loss:0.21557772159576416
iter10: train_loss:0.20730382204055786
iter20: train_loss:0.1451006531715393
iter30: train_loss:0.18231898546218872
iter40: train_loss:0.17495283484458923
iter50: train_loss:0.19999967515468597
Validation loss: 0.23509073071181774 Validation RMSE: 0.4831940494477749
====================================================================================================
epoch:6
iter0: train_loss:0.13895781338214874
iter10: train_loss:0.21686293184757233
iter20: train_loss:0.22945170104503632
iter30: train_loss:0.18771877884864807
iter40: train_loss:0.20770590007305145
iter50: train_loss:0.1216379776597023
Validation loss: 0.21355355717241764 Validation RMSE: 0.4607286937534809
====================================================================================================
epoch:7
iter0: train_loss:0.12665905058383942
iter10: train_loss:0.19605499505996704
iter20: train_loss:0.16140525043010712
iter30: train_loss:0.20262399315834045
iter40: train_loss:0.1669226735830307
iter50: train_loss:0.1853824108839035
Validation loss: 0.22042247094213963 Validation RMSE: 0.4691559933125973
EarlyStopping counter: 1 out of 7
====================================================================================================
epoch:8
iter0: train_loss:0.1917351335287094
iter10: train_loss:0.1318584531545639
iter20: train_loss:0.14901502430438995
iter30: train_loss:0.16508091986179352
iter40: train_loss:0.16390679776668549
iter50: train_loss:0.1822894960641861
Validation loss: 0.21549823135137558 Validation RMSE: 0.4627619683742523
EarlyStopping counter: 2 out of 7
====================================================================================================
epoch:9
iter0: train_loss:0.1726405769586563
iter10: train_loss:0.19398967921733856
iter20: train_loss:0.16476969420909882
iter30: train_loss:0.12680266797542572
iter40: train_loss:0.20271721482276917
iter50: train_loss:0.12411472946405411
Validation loss: 0.21367374621331692 Validation RMSE: 0.4617358036339283
EarlyStopping counter: 3 out of 7
====================================================================================================
epoch:10
iter0: train_loss:0.13118065893650055
iter10: train_loss:0.17893244326114655
iter20: train_loss:0.1417723298072815
iter30: train_loss:0.13973106443881989
iter40: train_loss:0.16418349742889404
iter50: train_loss:0.1193300411105156
Validation loss: 0.18891224078834057 Validation RMSE: 0.4330469109117985
====================================================================================================
epoch:11
iter0: train_loss:0.16602271795272827
iter10: train_loss:0.1534971445798874
iter20: train_loss:0.17164422571659088
iter30: train_loss:0.12333667278289795
iter40: train_loss:0.16163799166679382
iter50: train_loss:0.14425481855869293
Validation loss: 0.1797072384506464 Validation RMSE: 0.42362260818481445
====================================================================================================
epoch:12
iter0: train_loss:0.13951772451400757
iter10: train_loss:0.17805099487304688
iter20: train_loss:0.1523807793855667
iter30: train_loss:0.139003723859787
iter40: train_loss:0.1746407449245453
iter50: train_loss:0.11880125850439072
Validation loss: 0.17660266160964966 Validation RMSE: 0.41950635612010956
====================================================================================================
epoch:13
iter0: train_loss:0.13097895681858063
iter10: train_loss:0.17546293139457703
iter20: train_loss:0.1507466435432434
iter30: train_loss:0.1069267988204956
iter40: train_loss:0.1297890841960907
iter50: train_loss:0.11987730115652084
Validation loss: 0.16683472879230976 Validation RMSE: 0.40688342973589897
====================================================================================================
epoch:14
iter0: train_loss:0.16694408655166626
iter10: train_loss:0.0992717519402504
iter20: train_loss:0.10216095298528671
iter30: train_loss:0.14039483666419983
iter40: train_loss:0.13914646208286285
iter50: train_loss:0.16873447597026825
Validation loss: 0.1636392893269658 Validation RMSE: 0.4027973748743534
====================================================================================================
epoch:15
iter0: train_loss:0.1226700097322464
iter10: train_loss:0.1646626740694046
iter20: train_loss:0.13385120034217834
iter30: train_loss:0.11498931795358658
iter40: train_loss:0.09871233999729156
iter50: train_loss:0.12919430434703827
Validation loss: 0.1572729740291834 Validation RMSE: 0.3956390209496021
====================================================================================================
epoch:16
iter0: train_loss:0.10690654814243317
iter10: train_loss:0.1221231147646904
iter20: train_loss:0.12063809484243393
iter30: train_loss:0.11176662147045135
iter40: train_loss:0.09084967523813248
iter50: train_loss:0.08644551038742065
Validation loss: 0.1442225705832243 Validation RMSE: 0.3794274963438511
====================================================================================================
epoch:17
iter0: train_loss:0.12378451228141785
iter10: train_loss:0.12254848331212997
iter20: train_loss:0.11791089177131653
iter30: train_loss:0.1292845904827118
iter40: train_loss:0.12399935722351074
iter50: train_loss:0.15031029284000397
Validation loss: 0.15319499745965004 Validation RMSE: 0.3887968882918358
EarlyStopping counter: 1 out of 7
====================================================================================================
epoch:18
iter0: train_loss:0.11006612330675125
iter10: train_loss:0.12062150239944458
iter20: train_loss:0.09331411868333817
iter30: train_loss:0.09319034963846207
iter40: train_loss:0.12246283888816833
iter50: train_loss:0.11588024348020554
Validation loss: 0.14790233597159386 Validation RMSE: 0.38386351615190506
EarlyStopping counter: 2 out of 7
====================================================================================================
epoch:19
iter0: train_loss:0.11565850675106049
iter10: train_loss:0.11717180907726288
iter20: train_loss:0.08959493786096573
iter30: train_loss:0.08467617630958557
iter40: train_loss:0.08496159315109253
iter50: train_loss:0.11125921458005905
Validation loss: 0.1591453980654478 Validation RMSE: 0.39809011295437813
EarlyStopping counter: 3 out of 7
====================================================================================================
epoch:20
iter0: train_loss:0.1388784795999527
iter10: train_loss:0.09863600134849548
iter20: train_loss:0.09526786208152771
iter30: train_loss:0.10160019993782043
iter40: train_loss:0.10686257481575012
iter50: train_loss:0.0871189683675766
Validation loss: 0.1414972310885787 Validation RMSE: 0.37443533539772034
====================================================================================================
epoch:21
iter0: train_loss:0.09765811264514923
iter10: train_loss:0.11444864422082901
iter20: train_loss:0.08651380240917206
iter30: train_loss:0.10263773053884506
iter40: train_loss:0.07915941625833511
iter50: train_loss:0.09394420683383942
Validation loss: 0.1441156892105937 Validation RMSE: 0.3785257562994957
EarlyStopping counter: 1 out of 7
====================================================================================================
epoch:22
iter0: train_loss:0.10528232902288437
iter10: train_loss:0.09682097285985947
iter20: train_loss:0.13245266675949097
iter30: train_loss:0.1147570088505745
iter40: train_loss:0.0996536836028099
iter50: train_loss:0.10439104586839676
Validation loss: 0.13656781055033207 Validation RMSE: 0.3673674985766411
====================================================================================================
epoch:23
iter0: train_loss:0.09612160921096802
iter10: train_loss:0.10523217171430588
iter20: train_loss:0.09713813662528992
iter30: train_loss:0.09647920727729797
iter40: train_loss:0.07698118686676025
iter50: train_loss:0.10955370217561722
Validation loss: 0.15410211868584156 Validation RMSE: 0.3916495107114315
EarlyStopping counter: 1 out of 7
====================================================================================================
epoch:24
iter0: train_loss:0.09142780303955078
iter10: train_loss:0.10888535529375076
iter20: train_loss:0.10121704638004303
iter30: train_loss:0.09292115271091461
iter40: train_loss:0.11896033585071564
iter50: train_loss:0.10903341323137283
Validation loss: 0.14230988267809153 Validation RMSE: 0.37599143758416176
EarlyStopping counter: 2 out of 7
====================================================================================================
epoch:25
iter0: train_loss:0.10275410115718842
iter10: train_loss:0.09535732865333557
iter20: train_loss:0.09157642722129822
iter30: train_loss:0.0940873995423317
iter40: train_loss:0.08405806869268417
iter50: train_loss:0.09513971209526062
Validation loss: 0.13068239390850067 Validation RMSE: 0.36056751385331154
====================================================================================================
epoch:26
iter0: train_loss:0.10260210186243057
iter10: train_loss:0.09772046655416489
iter20: train_loss:0.13175588846206665
iter30: train_loss:0.14839951694011688
iter40: train_loss:0.09538080543279648
iter50: train_loss:0.08818916976451874
Validation loss: 0.13681952189654112 Validation RMSE: 0.36858368292450905
EarlyStopping counter: 1 out of 7
====================================================================================================
epoch:27
iter0: train_loss:0.08447938412427902
iter10: train_loss:0.07651689648628235
iter20: train_loss:0.08807037770748138
iter30: train_loss:0.10943739861249924
iter40: train_loss:0.1034168228507042
iter50: train_loss:0.09036081284284592
Validation loss: 0.13688053004443645 Validation RMSE: 0.3681766390800476
EarlyStopping counter: 2 out of 7
====================================================================================================
epoch:28
iter0: train_loss:0.11029689013957977
iter10: train_loss:0.08206338435411453
iter20: train_loss:0.07922018319368362
iter30: train_loss:0.10978250950574875
iter40: train_loss:0.09187815338373184
iter50: train_loss:0.08847332745790482
Validation loss: 0.13207408040761948 Validation RMSE: 0.36204491555690765
EarlyStopping counter: 3 out of 7
====================================================================================================
epoch:29
iter0: train_loss:0.0818929448723793
iter10: train_loss:0.09035604447126389
iter20: train_loss:0.12226580083370209
iter30: train_loss:0.10020077973604202
iter40: train_loss:0.09226354211568832
iter50: train_loss:0.09961026161909103
Validation loss: 0.13521593436598778 Validation RMSE: 0.36650729179382324
EarlyStopping counter: 4 out of 7
====================================================================================================
epoch:30
iter0: train_loss:0.10319280624389648
iter10: train_loss:0.09594924747943878
iter20: train_loss:0.0954265221953392
iter30: train_loss:0.09077746421098709
iter40: train_loss:0.089399553835392
iter50: train_loss:0.12848274409770966
Validation loss: 0.1256484892219305 Validation RMSE: 0.3537307120859623
====================================================================================================
epoch:31
iter0: train_loss:0.08891186863183975
iter10: train_loss:0.08103733509778976
iter20: train_loss:0.09977248311042786
iter30: train_loss:0.10689132660627365
iter40: train_loss:0.07314926385879517
iter50: train_loss:0.07810510694980621
Validation loss: 0.13030682131648064 Validation RMSE: 0.3598649315536022
EarlyStopping counter: 1 out of 7
====================================================================================================
epoch:32
iter0: train_loss:0.10620590299367905
iter10: train_loss:0.08471576124429703
iter20: train_loss:0.08797193318605423
iter30: train_loss:0.06811294704675674
iter40: train_loss:0.11002487689256668
iter50: train_loss:0.0864597037434578
Validation loss: 0.12759852781891823 Validation RMSE: 0.3558347411453724
EarlyStopping counter: 2 out of 7
====================================================================================================
epoch:33
iter0: train_loss:0.09814879298210144
iter10: train_loss:0.09499955922365189
iter20: train_loss:0.06731803715229034
iter30: train_loss:0.09124856442213058
iter40: train_loss:0.09569379687309265
iter50: train_loss:0.0925680473446846
Validation loss: 0.12256404012441635 Validation RMSE: 0.34933579713106155
====================================================================================================
epoch:34
iter0: train_loss:0.07848095893859863
iter10: train_loss:0.08183449506759644
iter20: train_loss:0.06882128864526749
iter30: train_loss:0.08095875382423401
iter40: train_loss:0.08828086405992508
iter50: train_loss:0.08812220394611359
Validation loss: 0.13268513977527618 Validation RMSE: 0.3633475936949253
EarlyStopping counter: 1 out of 7
====================================================================================================
epoch:35
iter0: train_loss:0.07657482475042343
iter10: train_loss:0.07991857081651688
iter20: train_loss:0.07928264141082764
iter30: train_loss:0.10046347975730896
iter40: train_loss:0.07268169522285461
iter50: train_loss:0.09058979898691177
Validation loss: 0.12533543538302183 Validation RMSE: 0.35356688499450684
EarlyStopping counter: 2 out of 7
====================================================================================================
epoch:36
iter0: train_loss:0.0579104907810688
iter10: train_loss:0.07382553815841675
iter20: train_loss:0.090713270008564
iter30: train_loss:0.09536698460578918
iter40: train_loss:0.08365987986326218
iter50: train_loss:0.09085680544376373
Validation loss: 0.12649133056402206 Validation RMSE: 0.3538723960518837
EarlyStopping counter: 3 out of 7
====================================================================================================
epoch:37
iter0: train_loss:0.07622372359037399
iter10: train_loss:0.074709452688694
iter20: train_loss:0.09021706134080887
iter30: train_loss:0.0687045007944107
iter40: train_loss:0.09862380474805832
iter50: train_loss:0.08265071362257004
Validation loss: 0.11345342360436916 Validation RMSE: 0.33530252426862717
====================================================================================================
epoch:38
iter0: train_loss:0.08961230516433716
iter10: train_loss:0.08489851653575897
iter20: train_loss:0.09300895035266876
iter30: train_loss:0.0653739869594574
iter40: train_loss:0.07264184206724167
iter50: train_loss:0.07688303291797638
Validation loss: 0.12328522279858589 Validation RMSE: 0.35070253163576126
EarlyStopping counter: 1 out of 7
====================================================================================================
epoch:39
iter0: train_loss:0.07579097896814346
iter10: train_loss:0.09419550001621246
iter20: train_loss:0.09106617420911789
iter30: train_loss:0.09832744300365448
iter40: train_loss:0.11193259060382843
iter50: train_loss:0.0880129262804985
Validation loss: 0.11390421073883772 Validation RMSE: 0.33658525720238686
EarlyStopping counter: 2 out of 7
====================================================================================================
epoch:40
iter0: train_loss:0.08677336573600769
iter10: train_loss:0.0637579932808876
iter20: train_loss:0.07259394973516464
iter30: train_loss:0.07277112454175949
iter40: train_loss:0.08485956490039825
iter50: train_loss:0.08804789185523987
Validation loss: 0.1151686692610383 Validation RMSE: 0.3386021703481674
EarlyStopping counter: 3 out of 7
====================================================================================================
epoch:41
iter0: train_loss:0.07909765839576721
iter10: train_loss:0.09008411318063736
iter20: train_loss:0.07121836394071579
iter30: train_loss:0.08280713111162186
iter40: train_loss:0.07907754182815552
iter50: train_loss:0.07840315997600555
Validation loss: 0.11518769431859255 Validation RMSE: 0.33870134875178337
EarlyStopping counter: 4 out of 7
====================================================================================================
epoch:42
iter0: train_loss:0.08970095217227936
iter10: train_loss:0.0654597207903862
iter20: train_loss:0.06660880148410797
iter30: train_loss:0.07754361629486084
iter40: train_loss:0.0873338133096695
iter50: train_loss:0.08709023147821426
Validation loss: 0.10971808061003685 Validation RMSE: 0.32941175252199173
====================================================================================================
epoch:43
iter0: train_loss:0.09699269384145737
iter10: train_loss:0.08833999186754227
iter20: train_loss:0.07624795287847519
iter30: train_loss:0.10311505198478699
iter40: train_loss:0.0729028582572937
iter50: train_loss:0.0908239483833313
Validation loss: 0.10698333289474249 Validation RMSE: 0.32662684842944145
====================================================================================================
epoch:44
iter0: train_loss:0.10350611805915833
iter10: train_loss:0.08413150906562805
iter20: train_loss:0.0788818970322609
iter30: train_loss:0.07220285385847092
iter40: train_loss:0.0787348598241806
iter50: train_loss:0.06976903229951859
Validation loss: 0.11266483645886183 Validation RMSE: 0.3347860462963581
EarlyStopping counter: 1 out of 7
====================================================================================================
epoch:45
iter0: train_loss:0.08851481974124908
iter10: train_loss:0.1011868268251419
iter20: train_loss:0.1240404024720192
iter30: train_loss:0.12358491122722626
iter40: train_loss:0.08567023277282715
iter50: train_loss:0.09299663454294205
Validation loss: 0.12206164840608835 Validation RMSE: 0.34824424982070923
EarlyStopping counter: 2 out of 7
====================================================================================================
epoch:46
iter0: train_loss:0.08631259948015213
iter10: train_loss:0.11896046996116638
iter20: train_loss:0.08664589375257492
iter30: train_loss:0.08186426013708115
iter40: train_loss:0.07361637055873871
iter50: train_loss:0.08481497317552567
Validation loss: 0.11897929199039936 Validation RMSE: 0.34346646070480347
EarlyStopping counter: 3 out of 7
====================================================================================================
epoch:47
iter0: train_loss:0.07888365536928177
iter10: train_loss:0.10739274322986603
iter20: train_loss:0.08664020150899887
iter30: train_loss:0.06610314548015594
iter40: train_loss:0.08426540344953537
iter50: train_loss:0.07982628792524338
Validation loss: 0.10941760055720806 Validation RMSE: 0.3298153318464756
EarlyStopping counter: 4 out of 7
====================================================================================================
epoch:48
iter0: train_loss:0.06834559887647629
iter10: train_loss:0.08944420516490936
iter20: train_loss:0.08111424744129181
iter30: train_loss:0.08262261748313904
iter40: train_loss:0.08234401047229767
iter50: train_loss:0.07365283370018005
Validation loss: 0.10616556275635958 Validation RMSE: 0.32469674572348595
====================================================================================================
epoch:49
iter0: train_loss:0.0911419615149498
iter10: train_loss:0.08055431395769119
iter20: train_loss:0.06849420070648193
iter30: train_loss:0.08087528496980667
iter40: train_loss:0.07645236700773239
iter50: train_loss:0.07999299466609955
Validation loss: 0.10686024930328131 Validation RMSE: 0.3258221670985222
EarlyStopping counter: 1 out of 7
====================================================================================================
epoch:50
iter0: train_loss:0.07447901368141174
iter10: train_loss:0.06934943795204163
iter20: train_loss:0.09307297319173813
iter30: train_loss:0.07831323146820068
iter40: train_loss:0.08224714547395706
iter50: train_loss:0.07871329039335251
Validation loss: 0.10274958424270153 Validation RMSE: 0.3195735327899456
====================================================================================================
epoch:51
iter0: train_loss:0.07621464133262634
iter10: train_loss:0.07618691027164459
iter20: train_loss:0.07120994478464127
iter30: train_loss:0.08271881192922592
iter40: train_loss:0.07737275213003159
iter50: train_loss:0.08889900892972946
Validation loss: 0.10618836898356676 Validation RMSE: 0.3244282379746437
EarlyStopping counter: 1 out of 7
====================================================================================================
epoch:52
iter0: train_loss:0.06311113387346268
iter10: train_loss:0.06899499148130417
iter20: train_loss:0.07060764729976654
iter30: train_loss:0.05909416824579239
iter40: train_loss:0.07612679153680801
iter50: train_loss:0.07919017970561981
Validation loss: 0.1026557283475995 Validation RMSE: 0.3195285461843014
====================================================================================================
epoch:53
iter0: train_loss:0.06696999073028564
iter10: train_loss:0.07823659479618073
iter20: train_loss:0.06175078824162483
iter30: train_loss:0.06407371908426285
iter40: train_loss:0.07514339685440063
iter50: train_loss:0.07438547909259796
Validation loss: 0.10292789340019226 Validation RMSE: 0.3186695799231529
EarlyStopping counter: 1 out of 7
====================================================================================================
epoch:54
iter0: train_loss:0.09420195966959
iter10: train_loss:0.06706267595291138
iter20: train_loss:0.07748810946941376
iter30: train_loss:0.07543270289897919
iter40: train_loss:0.06259775161743164
iter50: train_loss:0.06787874549627304
Validation loss: 0.10095606092363596 Validation RMSE: 0.31632793322205544
====================================================================================================
epoch:55
iter0: train_loss:0.06274048984050751
iter10: train_loss:0.06782462447881699
iter20: train_loss:0.07353537529706955
iter30: train_loss:0.08253655582666397
iter40: train_loss:0.07108122855424881
iter50: train_loss:0.08353546261787415
Validation loss: 0.10589015763252974 Validation RMSE: 0.3247052952647209
EarlyStopping counter: 1 out of 7
====================================================================================================
epoch:56
iter0: train_loss:0.08130032569169998
iter10: train_loss:0.07732907682657242
iter20: train_loss:0.0760231465101242
iter30: train_loss:0.050025228410959244
iter40: train_loss:0.07086469978094101
iter50: train_loss:0.06353611499071121
Validation loss: 0.1081217098981142 Validation RMSE: 0.32825515791773796
EarlyStopping counter: 2 out of 7
====================================================================================================
epoch:57
iter0: train_loss:0.08349581062793732
iter10: train_loss:0.05887066200375557
iter20: train_loss:0.06680862605571747
iter30: train_loss:0.08831209689378738
iter40: train_loss:0.06717157363891602
iter50: train_loss:0.07482805103063583
Validation loss: 0.10055234748870134 Validation RMSE: 0.31616871803998947
====================================================================================================
epoch:58
iter0: train_loss:0.06233375146985054
iter10: train_loss:0.0707540363073349
iter20: train_loss:0.0714334025979042
iter30: train_loss:0.06536620110273361
iter40: train_loss:0.07782167196273804
iter50: train_loss:0.07179880142211914
Validation loss: 0.10544423293322325 Validation RMSE: 0.3241008035838604
EarlyStopping counter: 1 out of 7
====================================================================================================
epoch:59
iter0: train_loss:0.057177573442459106
iter10: train_loss:0.08042557537555695
iter20: train_loss:0.0663050189614296
iter30: train_loss:0.06338868290185928
iter40: train_loss:0.06907258182764053
iter50: train_loss:0.061223436146974564
Validation loss: 0.10273856204003096 Validation RMSE: 0.3192892447113991
EarlyStopping counter: 2 out of 7
====================================================================================================
epoch:60
iter0: train_loss:0.06214537099003792
iter10: train_loss:0.05911941081285477
iter20: train_loss:0.06547097861766815
iter30: train_loss:0.06625103950500488
iter40: train_loss:0.06094891577959061
iter50: train_loss:0.06101977080106735
Validation loss: 0.09859810955822468 Validation RMSE: 0.3135332651436329
====================================================================================================
epoch:61
iter0: train_loss:0.06743067502975464
iter10: train_loss:0.05751097574830055
iter20: train_loss:0.084465391933918
iter30: train_loss:0.058554165065288544
iter40: train_loss:0.090542733669281
iter50: train_loss:0.06456080079078674
Validation loss: 0.10545079782605171 Validation RMSE: 0.32383333146572113
EarlyStopping counter: 1 out of 7
====================================================================================================
epoch:62
iter0: train_loss:0.06836069375276566
iter10: train_loss:0.07755634933710098
iter20: train_loss:0.062163345515728
iter30: train_loss:0.06078578531742096
iter40: train_loss:0.060677435249090195
iter50: train_loss:0.07079549133777618
Validation loss: 0.09973868075758219 Validation RMSE: 0.31410451233386993
EarlyStopping counter: 2 out of 7
====================================================================================================
epoch:63
iter0: train_loss:0.06810266524553299
iter10: train_loss:0.05779042840003967
iter20: train_loss:0.06230398267507553
iter30: train_loss:0.0699593722820282
iter40: train_loss:0.061529576778411865
iter50: train_loss:0.07158870995044708
Validation loss: 0.09668623376637697 Validation RMSE: 0.30938172340393066
====================================================================================================
epoch:64
iter0: train_loss:0.0665673241019249
iter10: train_loss:0.07410784810781479
iter20: train_loss:0.06040453165769577
iter30: train_loss:0.05795219540596008
iter40: train_loss:0.06524039059877396
iter50: train_loss:0.07599557936191559
Validation loss: 0.10070154909044504 Validation RMSE: 0.3165509067475796
EarlyStopping counter: 1 out of 7
====================================================================================================
epoch:65
iter0: train_loss:0.07054352015256882
iter10: train_loss:0.07526826113462448
iter20: train_loss:0.04769677296280861
iter30: train_loss:0.06467237323522568
iter40: train_loss:0.07295502722263336
iter50: train_loss:0.05941788852214813
Validation loss: 0.09937837347388268 Validation RMSE: 0.3146391697227955
EarlyStopping counter: 2 out of 7
====================================================================================================
epoch:66
iter0: train_loss:0.06606478989124298
iter10: train_loss:0.07031723111867905
iter20: train_loss:0.07551215589046478
iter30: train_loss:0.05809583514928818
iter40: train_loss:0.07266489416360855
iter50: train_loss:0.06170826777815819
Validation loss: 0.09533485304564238 Validation RMSE: 0.3079286739230156
====================================================================================================
epoch:67
iter0: train_loss:0.05293373763561249
iter10: train_loss:0.06883303076028824
iter20: train_loss:0.06235266104340553
iter30: train_loss:0.07622049748897552
iter40: train_loss:0.052727773785591125
iter50: train_loss:0.06783810257911682
Validation loss: 0.08631616272032261 Validation RMSE: 0.29332369565963745
====================================================================================================
epoch:68
iter0: train_loss:0.053598519414663315
iter10: train_loss:0.06726880371570587
iter20: train_loss:0.05845293402671814
iter30: train_loss:0.06375173479318619
iter40: train_loss:0.0697062760591507
iter50: train_loss:0.06191197782754898
Validation loss: 0.09316661115735769 Validation RMSE: 0.30426666140556335
EarlyStopping counter: 1 out of 7
====================================================================================================
epoch:69
iter0: train_loss:0.061943408101797104
iter10: train_loss:0.056333016604185104
iter20: train_loss:0.07759682089090347
iter30: train_loss:0.055073902010917664
iter40: train_loss:0.0641917735338211
iter50: train_loss:0.06256356090307236
Validation loss: 0.10117931477725506 Validation RMSE: 0.31671687588095665
EarlyStopping counter: 2 out of 7
====================================================================================================
epoch:70
iter0: train_loss:0.06033068895339966
iter10: train_loss:0.04481828212738037
iter20: train_loss:0.05481398105621338
iter30: train_loss:0.05609847977757454
iter40: train_loss:0.07846449315547943
iter50: train_loss:0.07030095905065536
Validation loss: 0.09760754555463791 Validation RMSE: 0.31079087778925896
EarlyStopping counter: 3 out of 7
====================================================================================================
epoch:71
iter0: train_loss:0.07348690927028656
iter10: train_loss:0.061812132596969604
iter20: train_loss:0.06836950778961182
iter30: train_loss:0.06091686338186264
iter40: train_loss:0.05213550105690956
iter50: train_loss:0.0495971255004406
Validation loss: 0.091841084882617 Validation RMSE: 0.30130545422434807
EarlyStopping counter: 4 out of 7
====================================================================================================
epoch:72
iter0: train_loss:0.06052732840180397
iter10: train_loss:0.0793699324131012
iter20: train_loss:0.058030866086483
iter30: train_loss:0.05386556684970856
iter40: train_loss:0.05906807258725166
iter50: train_loss:0.0773177519440651
Validation loss: 0.09601985849440098 Validation RMSE: 0.309024665504694
EarlyStopping counter: 5 out of 7
====================================================================================================
epoch:73
iter0: train_loss:0.052176039665937424
iter10: train_loss:0.054537948220968246
iter20: train_loss:0.0617503896355629
iter30: train_loss:0.053125400096178055
iter40: train_loss:0.06011908873915672
iter50: train_loss:0.0669177770614624
Validation loss: 0.09236263576894999 Validation RMSE: 0.30289141461253166
EarlyStopping counter: 6 out of 7
====================================================================================================
epoch:74
iter0: train_loss:0.05435074865818024
iter10: train_loss:0.06299866735935211
iter20: train_loss:0.0671258196234703
iter30: train_loss:0.06451397389173508
iter40: train_loss:0.06483489274978638
iter50: train_loss:0.054662518203258514
Validation loss: 0.08502847049385309 Validation RMSE: 0.2907401882112026
====================================================================================================
epoch:75
iter0: train_loss:0.05712934955954552
iter10: train_loss:0.06418277323246002
iter20: train_loss:0.05769156664609909
iter30: train_loss:0.055027686059474945
iter40: train_loss:0.06324746459722519
iter50: train_loss:0.064916230738163
Validation loss: 0.09242775943130255 Validation RMSE: 0.3022348880767822
EarlyStopping counter: 1 out of 7
====================================================================================================
epoch:76
iter0: train_loss:0.06884650886058807
iter10: train_loss:0.05743832886219025
iter20: train_loss:0.055654630064964294
iter30: train_loss:0.08501186966896057
iter40: train_loss:0.04663345590233803
iter50: train_loss:0.05925583094358444
Validation loss: 0.0912269838154316 Validation RMSE: 0.3005385138094425
EarlyStopping counter: 2 out of 7
====================================================================================================
epoch:77
iter0: train_loss:0.053942836821079254
iter10: train_loss:0.06273271888494492
iter20: train_loss:0.06677519530057907
iter30: train_loss:0.05502374470233917
iter40: train_loss:0.05399409309029579
iter50: train_loss:0.053983382880687714
Validation loss: 0.0898935766890645 Validation RMSE: 0.29903629049658775
EarlyStopping counter: 3 out of 7
====================================================================================================
epoch:78
iter0: train_loss:0.06275084614753723
iter10: train_loss:0.04874331131577492
iter20: train_loss:0.05726657807826996
iter30: train_loss:0.06310513615608215
iter40: train_loss:0.057957932353019714
iter50: train_loss:0.0532730408012867
Validation loss: 0.09000145923346281 Validation RMSE: 0.29864972084760666
EarlyStopping counter: 4 out of 7
====================================================================================================
epoch:79
iter0: train_loss:0.06844248622655869
iter10: train_loss:0.05959516018629074
iter20: train_loss:0.053683217614889145
iter30: train_loss:0.05358235165476799
iter40: train_loss:0.061853501945734024
iter50: train_loss:0.05670830234885216
Validation loss: 0.09047540463507175 Validation RMSE: 0.29905346781015396
EarlyStopping counter: 5 out of 7
====================================================================================================
epoch:80
iter0: train_loss:0.05676443129777908
iter10: train_loss:0.0572671964764595
iter20: train_loss:0.06335961073637009
iter30: train_loss:0.0674220398068428
iter40: train_loss:0.058574508875608444
iter50: train_loss:0.05717489868402481
Validation loss: 0.09194148704409599 Validation RMSE: 0.3007028177380562
EarlyStopping counter: 6 out of 7
====================================================================================================
epoch:81
iter0: train_loss:0.05413316190242767
iter10: train_loss:0.054118767380714417
iter20: train_loss:0.06725060194730759
iter30: train_loss:0.054218392819166183
iter40: train_loss:0.06350862979888916
iter50: train_loss:0.05851605907082558
Validation loss: 0.09410388674587011 Validation RMSE: 0.30565280839800835
EarlyStopping counter: 7 out of 7
Early stopping
MAE: 1.671 RMSE: 2.772 MAPE: 3.286
Spend Time: 157.21166276931763
