epoch:0
iter0: train_loss:1.6351114511489868
iter10: train_loss:0.4645216464996338
iter20: train_loss:0.4726908504962921
iter30: train_loss:0.4092021584510803
iter40: train_loss:0.36275824904441833
iter50: train_loss:0.3929542303085327
Validation loss: 0.37745892629027367 Validation RMSE: 0.6113008335232735
====================================================================================================
epoch:1
iter0: train_loss:0.22543255984783173
iter10: train_loss:0.2810913622379303
iter20: train_loss:0.2792778015136719
iter30: train_loss:0.28165408968925476
iter40: train_loss:0.30531153082847595
iter50: train_loss:0.2849060595035553
Validation loss: 0.3161207288503647 Validation RMSE: 0.5596831329166889
====================================================================================================
epoch:2
iter0: train_loss:0.30288180708885193
iter10: train_loss:0.2709771692752838
iter20: train_loss:0.20841319859027863
iter30: train_loss:0.18987201154232025
iter40: train_loss:0.2634352743625641
iter50: train_loss:0.23637650907039642
Validation loss: 0.27951546758413315 Validation RMSE: 0.5266704186797142
====================================================================================================
epoch:3
iter0: train_loss:0.2724090814590454
iter10: train_loss:0.24715493619441986
iter20: train_loss:0.20048418641090393
iter30: train_loss:0.22572405636310577
iter40: train_loss:0.177721306681633
iter50: train_loss:0.1717599332332611
Validation loss: 0.2610283251851797 Validation RMSE: 0.5084856487810612
====================================================================================================
epoch:4
iter0: train_loss:0.2124442309141159
iter10: train_loss:0.23892877995967865
iter20: train_loss:0.15865923464298248
iter30: train_loss:0.29380035400390625
iter40: train_loss:0.20810231566429138
iter50: train_loss:0.17276541888713837
Validation loss: 0.26202988252043724 Validation RMSE: 0.509839616715908
EarlyStopping counter: 1 out of 7
====================================================================================================
epoch:5
iter0: train_loss:0.22016803920269012
iter10: train_loss:0.19858063757419586
iter20: train_loss:0.18656161427497864
iter30: train_loss:0.24878913164138794
iter40: train_loss:0.1970873326063156
iter50: train_loss:0.18270930647850037
Validation loss: 0.24256564117968082 Validation RMSE: 0.49151378497481346
====================================================================================================
epoch:6
iter0: train_loss:0.1669784039258957
iter10: train_loss:0.1979576051235199
iter20: train_loss:0.16034796833992004
iter30: train_loss:0.26965638995170593
iter40: train_loss:0.1367902308702469
iter50: train_loss:0.15589717030525208
Validation loss: 0.23633565567433834 Validation RMSE: 0.48544013872742653
====================================================================================================
epoch:7
iter0: train_loss:0.20105284452438354
iter10: train_loss:0.1942717432975769
iter20: train_loss:0.20682485401630402
iter30: train_loss:0.2007971853017807
iter40: train_loss:0.1598682403564453
iter50: train_loss:0.14646784961223602
Validation loss: 0.230490330606699 Validation RMSE: 0.47925805300474167
====================================================================================================
epoch:8
iter0: train_loss:0.14768098294734955
iter10: train_loss:0.17904449999332428
iter20: train_loss:0.15623970329761505
iter30: train_loss:0.20309565961360931
iter40: train_loss:0.1305437833070755
iter50: train_loss:0.2181236296892166
Validation loss: 0.22209544852375984 Validation RMSE: 0.47071466967463493
====================================================================================================
epoch:9
iter0: train_loss:0.1571316123008728
iter10: train_loss:0.12872743606567383
iter20: train_loss:0.16840945184230804
iter30: train_loss:0.13931341469287872
iter40: train_loss:0.16614432632923126
iter50: train_loss:0.1912565380334854
Validation loss: 0.200570210814476 Validation RMSE: 0.44555337727069855
====================================================================================================
epoch:10
iter0: train_loss:0.09913463890552521
iter10: train_loss:0.1401345282793045
iter20: train_loss:0.13456052541732788
iter30: train_loss:0.11113248765468597
iter40: train_loss:0.1278703659772873
iter50: train_loss:0.17227552831172943
Validation loss: 0.20035983808338642 Validation RMSE: 0.44705844670534134
====================================================================================================
epoch:11
iter0: train_loss:0.12274779379367828
iter10: train_loss:0.17988330125808716
iter20: train_loss:0.13015635311603546
iter30: train_loss:0.1585017442703247
iter40: train_loss:0.16154929995536804
iter50: train_loss:0.15937542915344238
Validation loss: 0.18799228221178055 Validation RMSE: 0.4330141246318817
====================================================================================================
epoch:12
iter0: train_loss:0.161219522356987
iter10: train_loss:0.1289222687482834
iter20: train_loss:0.13753503561019897
iter30: train_loss:0.1167200580239296
iter40: train_loss:0.1513124406337738
iter50: train_loss:0.12215247005224228
Validation loss: 0.19284301064908504 Validation RMSE: 0.4371107369661331
EarlyStopping counter: 1 out of 7
====================================================================================================
epoch:13
iter0: train_loss:0.22405682504177094
iter10: train_loss:0.17207251489162445
iter20: train_loss:0.12520602345466614
iter30: train_loss:0.137122243642807
iter40: train_loss:0.14267708361148834
iter50: train_loss:0.11512471735477448
Validation loss: 0.18112795986235142 Validation RMSE: 0.4243438169360161
====================================================================================================
epoch:14
iter0: train_loss:0.10579341650009155
iter10: train_loss:0.10538884252309799
iter20: train_loss:0.17299051582813263
iter30: train_loss:0.15795846283435822
iter40: train_loss:0.13594990968704224
iter50: train_loss:0.18785709142684937
Validation loss: 0.17994073405861855 Validation RMSE: 0.4230986163020134
====================================================================================================
epoch:15
iter0: train_loss:0.13701453804969788
iter10: train_loss:0.13184158504009247
iter20: train_loss:0.1235448345541954
iter30: train_loss:0.15085431933403015
iter40: train_loss:0.1152622178196907
iter50: train_loss:0.11680386960506439
Validation loss: 0.166312450543046 Validation RMSE: 0.40576497465372086
====================================================================================================
epoch:16
iter0: train_loss:0.1338057816028595
iter10: train_loss:0.10402631759643555
iter20: train_loss:0.13270150125026703
iter30: train_loss:0.1393543928861618
iter40: train_loss:0.1467299461364746
iter50: train_loss:0.1133437231183052
Validation loss: 0.15764734707772732 Validation RMSE: 0.39604248851537704
====================================================================================================
epoch:17
iter0: train_loss:0.11751848459243774
iter10: train_loss:0.11329402774572372
iter20: train_loss:0.10767297446727753
iter30: train_loss:0.0975334495306015
iter40: train_loss:0.12129900604486465
iter50: train_loss:0.10701856762170792
Validation loss: 0.1544511578977108 Validation RMSE: 0.39271846413612366
====================================================================================================
epoch:18
iter0: train_loss:0.14219965040683746
iter10: train_loss:0.12323413044214249
iter20: train_loss:0.1330970972776413
iter30: train_loss:0.1279231756925583
iter40: train_loss:0.13461612164974213
iter50: train_loss:0.11186900734901428
Validation loss: 0.1527930498123169 Validation RMSE: 0.3903500400483608
====================================================================================================
epoch:19
iter0: train_loss:0.1345096081495285
iter10: train_loss:0.13165724277496338
iter20: train_loss:0.12801963090896606
iter30: train_loss:0.12788067758083344
iter40: train_loss:0.1279347687959671
iter50: train_loss:0.12056214362382889
Validation loss: 0.1438864143565297 Validation RMSE: 0.37894822657108307
====================================================================================================
epoch:20
iter0: train_loss:0.13315449655056
iter10: train_loss:0.17161087691783905
iter20: train_loss:0.10815605521202087
iter30: train_loss:0.13058769702911377
iter40: train_loss:0.11072704195976257
iter50: train_loss:0.10498751699924469
Validation loss: 0.14337652176618576 Validation RMSE: 0.3769384101033211
====================================================================================================
epoch:21
iter0: train_loss:0.12435679882764816
iter10: train_loss:0.11692219227552414
iter20: train_loss:0.09981213510036469
iter30: train_loss:0.08350438624620438
iter40: train_loss:0.0926792249083519
iter50: train_loss:0.10126132518053055
Validation loss: 0.14576038904488087 Validation RMSE: 0.3811318762600422
EarlyStopping counter: 1 out of 7
====================================================================================================
epoch:22
iter0: train_loss:0.1408449411392212
iter10: train_loss:0.11430562287569046
iter20: train_loss:0.10027418285608292
iter30: train_loss:0.11028376966714859
iter40: train_loss:0.10821838676929474
iter50: train_loss:0.08989225327968597
Validation loss: 0.1484824949875474 Validation RMSE: 0.3845776207745075
EarlyStopping counter: 2 out of 7
====================================================================================================
epoch:23
iter0: train_loss:0.1363818198442459
iter10: train_loss:0.09286873787641525
iter20: train_loss:0.09941886365413666
iter30: train_loss:0.11812490969896317
iter40: train_loss:0.09221386164426804
iter50: train_loss:0.10825542360544205
Validation loss: 0.1336748944595456 Validation RMSE: 0.36456357687711716
====================================================================================================
epoch:24
iter0: train_loss:0.10289386659860611
iter10: train_loss:0.11211094260215759
iter20: train_loss:0.08722225576639175
iter30: train_loss:0.09944220632314682
iter40: train_loss:0.10164595395326614
iter50: train_loss:0.10724297910928726
Validation loss: 0.15123984217643738 Validation RMSE: 0.38803761824965477
EarlyStopping counter: 1 out of 7
====================================================================================================
epoch:25
iter0: train_loss:0.08940766751766205
iter10: train_loss:0.08986761420965195
iter20: train_loss:0.10685965418815613
iter30: train_loss:0.10728473961353302
iter40: train_loss:0.12080875784158707
iter50: train_loss:0.09511318057775497
Validation loss: 0.1372363269329071 Validation RMSE: 0.3690589852631092
EarlyStopping counter: 2 out of 7
====================================================================================================
epoch:26
iter0: train_loss:0.12277309596538544
iter10: train_loss:0.11681203544139862
iter20: train_loss:0.10327167063951492
iter30: train_loss:0.08046858012676239
iter40: train_loss:0.086270771920681
iter50: train_loss:0.10506954044103622
Validation loss: 0.14530729688704014 Validation RMSE: 0.3805447071790695
EarlyStopping counter: 3 out of 7
====================================================================================================
epoch:27
iter0: train_loss:0.09151548892259598
iter10: train_loss:0.08648745715618134
iter20: train_loss:0.10450362414121628
iter30: train_loss:0.10528797656297684
iter40: train_loss:0.09105539321899414
iter50: train_loss:0.10451233386993408
Validation loss: 0.1292907977476716 Validation RMSE: 0.3581758439540863
====================================================================================================
epoch:28
iter0: train_loss:0.09832943230867386
iter10: train_loss:0.07981137931346893
iter20: train_loss:0.08138465136289597
iter30: train_loss:0.11320487409830093
iter40: train_loss:0.10457625985145569
iter50: train_loss:0.12068998068571091
Validation loss: 0.1296217441558838 Validation RMSE: 0.35857725888490677
EarlyStopping counter: 1 out of 7
====================================================================================================
epoch:29
iter0: train_loss:0.08168599009513855
iter10: train_loss:0.09584072977304459
iter20: train_loss:0.07791808992624283
iter30: train_loss:0.08248627185821533
iter40: train_loss:0.08993891626596451
iter50: train_loss:0.07404521107673645
Validation loss: 0.12611760292202234 Validation RMSE: 0.3535666950047016
====================================================================================================
epoch:30
iter0: train_loss:0.10465235263109207
iter10: train_loss:0.09605535864830017
iter20: train_loss:0.0764724388718605
iter30: train_loss:0.07589848339557648
iter40: train_loss:0.10300184786319733
iter50: train_loss:0.09972628206014633
Validation loss: 0.12426740117371082 Validation RMSE: 0.35174113884568214
====================================================================================================
epoch:31
iter0: train_loss:0.09264921396970749
iter10: train_loss:0.08351082354784012
iter20: train_loss:0.0839538425207138
iter30: train_loss:0.08450862020254135
iter40: train_loss:0.12365353107452393
iter50: train_loss:0.11376023292541504
Validation loss: 0.13799943681806326 Validation RMSE: 0.37101589888334274
EarlyStopping counter: 1 out of 7
====================================================================================================
epoch:32
iter0: train_loss:0.11583875864744186
iter10: train_loss:0.10956002026796341
iter20: train_loss:0.08385702222585678
iter30: train_loss:0.08273890614509583
iter40: train_loss:0.08466549962759018
iter50: train_loss:0.07096921652555466
Validation loss: 0.11939767841249704 Validation RMSE: 0.34490491822361946
====================================================================================================
epoch:33
iter0: train_loss:0.09283921122550964
iter10: train_loss:0.08251896500587463
iter20: train_loss:0.07701028138399124
iter30: train_loss:0.10245658457279205
iter40: train_loss:0.09392465651035309
iter50: train_loss:0.08232822269201279
Validation loss: 0.11948156170547009 Validation RMSE: 0.34447871893644333
EarlyStopping counter: 1 out of 7
====================================================================================================
epoch:34
iter0: train_loss:0.07867185026407242
iter10: train_loss:0.09586283564567566
iter20: train_loss:0.08430465310811996
iter30: train_loss:0.08973385393619537
iter40: train_loss:0.06244784593582153
iter50: train_loss:0.07981712371110916
Validation loss: 0.11824473366141319 Validation RMSE: 0.34273773804306984
====================================================================================================
epoch:35
iter0: train_loss:0.09626392275094986
iter10: train_loss:0.0856684073805809
iter20: train_loss:0.0757715255022049
iter30: train_loss:0.06633816659450531
iter40: train_loss:0.09142152965068817
iter50: train_loss:0.0876668244600296
Validation loss: 0.128957686945796 Validation RMSE: 0.3576202094554901
EarlyStopping counter: 1 out of 7
====================================================================================================
epoch:36
iter0: train_loss:0.07623438537120819
iter10: train_loss:0.10044897347688675
iter20: train_loss:0.08090119808912277
iter30: train_loss:0.11964759975671768
iter40: train_loss:0.07227468490600586
iter50: train_loss:0.09251511842012405
Validation loss: 0.11520494613796473 Validation RMSE: 0.33822301775217056
====================================================================================================
epoch:37
iter0: train_loss:0.10037129372358322
iter10: train_loss:0.09124094992876053
iter20: train_loss:0.09848339110612869
iter30: train_loss:0.09838513284921646
iter40: train_loss:0.09121120721101761
iter50: train_loss:0.0939192846417427
Validation loss: 0.11953204032033682 Validation RMSE: 0.34465179592370987
EarlyStopping counter: 1 out of 7
====================================================================================================
epoch:38
iter0: train_loss:0.08622562885284424
iter10: train_loss:0.10095546394586563
iter20: train_loss:0.10313498228788376
iter30: train_loss:0.09352322667837143
iter40: train_loss:0.08517875522375107
iter50: train_loss:0.0834084078669548
Validation loss: 0.11393562890589237 Validation RMSE: 0.33658721670508385
====================================================================================================
epoch:39
iter0: train_loss:0.07964593917131424
iter10: train_loss:0.07750687003135681
iter20: train_loss:0.08040519803762436
iter30: train_loss:0.07974117249250412
iter40: train_loss:0.07340674102306366
iter50: train_loss:0.08019442856311798
Validation loss: 0.1054724333807826 Validation RMSE: 0.32447997853159904
====================================================================================================
epoch:40
iter0: train_loss:0.07656888663768768
iter10: train_loss:0.07330816984176636
iter20: train_loss:0.06439100205898285
iter30: train_loss:0.076144278049469
iter40: train_loss:0.059859395027160645
iter50: train_loss:0.06006962060928345
Validation loss: 0.11042461823672056 Validation RMSE: 0.3311646990478039
EarlyStopping counter: 1 out of 7
====================================================================================================
epoch:41
iter0: train_loss:0.07171417772769928
iter10: train_loss:0.09597603231668472
iter20: train_loss:0.06116808205842972
iter30: train_loss:0.08841970562934875
iter40: train_loss:0.08331632614135742
iter50: train_loss:0.06529824435710907
Validation loss: 0.10521375760436058 Validation RMSE: 0.3236140310764313
====================================================================================================
epoch:42
iter0: train_loss:0.07588136941194534
iter10: train_loss:0.09384851157665253
iter20: train_loss:0.07681218534708023
iter30: train_loss:0.0823988988995552
iter40: train_loss:0.08439339697360992
iter50: train_loss:0.07321441173553467
Validation loss: 0.10586243774741888 Validation RMSE: 0.32398924604058266
EarlyStopping counter: 1 out of 7
====================================================================================================
epoch:43
iter0: train_loss:0.06766929477453232
iter10: train_loss:0.07403132319450378
iter20: train_loss:0.07421684265136719
iter30: train_loss:0.08696707338094711
iter40: train_loss:0.07933375239372253
iter50: train_loss:0.07634510844945908
Validation loss: 0.1033212561160326 Validation RMSE: 0.32009245082736015
====================================================================================================
epoch:44
iter0: train_loss:0.06609512120485306
iter10: train_loss:0.06888215243816376
iter20: train_loss:0.07286790758371353
iter30: train_loss:0.10013717412948608
iter40: train_loss:0.0844448059797287
iter50: train_loss:0.07064644247293472
Validation loss: 0.10753236431628466 Validation RMSE: 0.3268556520342827
EarlyStopping counter: 1 out of 7
====================================================================================================
epoch:45
iter0: train_loss:0.07748887687921524
iter10: train_loss:0.069229856133461
iter20: train_loss:0.07833950221538544
iter30: train_loss:0.07766389846801758
iter40: train_loss:0.06677030771970749
iter50: train_loss:0.05233336240053177
Validation loss: 0.09975615702569485 Validation RMSE: 0.31500953435897827
====================================================================================================
epoch:46
iter0: train_loss:0.07604673504829407
iter10: train_loss:0.07237880676984787
iter20: train_loss:0.06326461583375931
iter30: train_loss:0.0906827300786972
iter40: train_loss:0.07115955650806427
iter50: train_loss:0.08357676863670349
Validation loss: 0.10191058833152056 Validation RMSE: 0.3174404092133045
EarlyStopping counter: 1 out of 7
====================================================================================================
epoch:47
iter0: train_loss:0.08347426354885101
iter10: train_loss:0.06556769460439682
iter20: train_loss:0.07360117137432098
iter30: train_loss:0.06547760963439941
iter40: train_loss:0.0649658814072609
iter50: train_loss:0.06131032481789589
Validation loss: 0.10811599809676409 Validation RMSE: 0.32801759988069534
EarlyStopping counter: 2 out of 7
====================================================================================================
epoch:48
iter0: train_loss:0.055564429610967636
iter10: train_loss:0.10132550448179245
iter20: train_loss:0.07033857703208923
iter30: train_loss:0.05127658694982529
iter40: train_loss:0.06610625982284546
iter50: train_loss:0.07297111302614212
Validation loss: 0.09827407542616129 Validation RMSE: 0.3121059872210026
====================================================================================================
epoch:49
iter0: train_loss:0.06460656225681305
iter10: train_loss:0.06452352553606033
iter20: train_loss:0.06948898732662201
iter30: train_loss:0.06655852496623993
iter40: train_loss:0.10612926632165909
iter50: train_loss:0.08355258405208588
Validation loss: 0.10015588905662298 Validation RMSE: 0.31537674739956856
EarlyStopping counter: 1 out of 7
====================================================================================================
epoch:50
iter0: train_loss:0.09880010038614273
iter10: train_loss:0.06336268037557602
iter20: train_loss:0.07260197401046753
iter30: train_loss:0.06343943625688553
iter40: train_loss:0.08708705753087997
iter50: train_loss:0.068141870200634
Validation loss: 0.0996256610378623 Validation RMSE: 0.3148553855717182
EarlyStopping counter: 2 out of 7
====================================================================================================
epoch:51
iter0: train_loss:0.0654544085264206
iter10: train_loss:0.08294274657964706
iter20: train_loss:0.06391526013612747
iter30: train_loss:0.07526616007089615
iter40: train_loss:0.06597457826137543
iter50: train_loss:0.0634331926703453
Validation loss: 0.09951675869524479 Validation RMSE: 0.31472329050302505
EarlyStopping counter: 3 out of 7
====================================================================================================
epoch:52
iter0: train_loss:0.06358710676431656
iter10: train_loss:0.0720023363828659
iter20: train_loss:0.06715474277734756
iter30: train_loss:0.07301834225654602
iter40: train_loss:0.06385835260152817
iter50: train_loss:0.06883666664361954
Validation loss: 0.09851811360567808 Validation RMSE: 0.3125479333102703
EarlyStopping counter: 4 out of 7
====================================================================================================
epoch:53
iter0: train_loss:0.08646930754184723
iter10: train_loss:0.07098536193370819
iter20: train_loss:0.0650186762213707
iter30: train_loss:0.06706972420215607
iter40: train_loss:0.07109460234642029
iter50: train_loss:0.05928180739283562
Validation loss: 0.09312943369150162 Validation RMSE: 0.30401117354631424
====================================================================================================
epoch:54
iter0: train_loss:0.08150147646665573
iter10: train_loss:0.06999430060386658
iter20: train_loss:0.060509975999593735
iter30: train_loss:0.06052570044994354
iter40: train_loss:0.05932031571865082
iter50: train_loss:0.06614525616168976
Validation loss: 0.09457816742360592 Validation RMSE: 0.3059924319386482
EarlyStopping counter: 1 out of 7
====================================================================================================
epoch:55
iter0: train_loss:0.05950348451733589
iter10: train_loss:0.07736862450838089
iter20: train_loss:0.06931103765964508
iter30: train_loss:0.07156817615032196
iter40: train_loss:0.07505498081445694
iter50: train_loss:0.06250844150781631
Validation loss: 0.09303929843008518 Validation RMSE: 0.30342236906290054
====================================================================================================
epoch:56
iter0: train_loss:0.059371571987867355
iter10: train_loss:0.05365269258618355
iter20: train_loss:0.07313999533653259
iter30: train_loss:0.05839906632900238
iter40: train_loss:0.05715329945087433
iter50: train_loss:0.07313086837530136
Validation loss: 0.09506688080728054 Validation RMSE: 0.3066219873726368
EarlyStopping counter: 1 out of 7
====================================================================================================
epoch:57
iter0: train_loss:0.06408294290304184
iter10: train_loss:0.06041104719042778
iter20: train_loss:0.07248381525278091
iter30: train_loss:0.0765419751405716
iter40: train_loss:0.06372331827878952
iter50: train_loss:0.06255518645048141
Validation loss: 0.1001001512631774 Validation RMSE: 0.31535767763853073
EarlyStopping counter: 2 out of 7
====================================================================================================
epoch:58
iter0: train_loss:0.07664678990840912
iter10: train_loss:0.06173570454120636
iter20: train_loss:0.062349919229745865
iter30: train_loss:0.05326860398054123
iter40: train_loss:0.05175243318080902
iter50: train_loss:0.08809913694858551
Validation loss: 0.09670707397162914 Validation RMSE: 0.3085639700293541
EarlyStopping counter: 3 out of 7
====================================================================================================
epoch:59
iter0: train_loss:0.05872310698032379
iter10: train_loss:0.06489463895559311
iter20: train_loss:0.06084455922245979
iter30: train_loss:0.0530257448554039
iter40: train_loss:0.052299708127975464
iter50: train_loss:0.05063050240278244
Validation loss: 0.08958465326577425 Validation RMSE: 0.2972959242761135
====================================================================================================
epoch:60
iter0: train_loss:0.05804095417261124
iter10: train_loss:0.06388024985790253
iter20: train_loss:0.05963412672281265
iter30: train_loss:0.05992025509476662
iter40: train_loss:0.07285179942846298
iter50: train_loss:0.0679088905453682
Validation loss: 0.09002245310693979 Validation RMSE: 0.2981853187084198
EarlyStopping counter: 1 out of 7
====================================================================================================
epoch:61
iter0: train_loss:0.05246955156326294
iter10: train_loss:0.0485522523522377
iter20: train_loss:0.06834181398153305
iter30: train_loss:0.06895651668310165
iter40: train_loss:0.06241675093770027
iter50: train_loss:0.06636665761470795
Validation loss: 0.09290395677089691 Validation RMSE: 0.30213432013988495
EarlyStopping counter: 2 out of 7
====================================================================================================
epoch:62
iter0: train_loss:0.06945616006851196
iter10: train_loss:0.06494716554880142
iter20: train_loss:0.0639207512140274
iter30: train_loss:0.04950040951371193
iter40: train_loss:0.05793340131640434
iter50: train_loss:0.05760034918785095
Validation loss: 0.09333620965480804 Validation RMSE: 0.30411018431186676
EarlyStopping counter: 3 out of 7
====================================================================================================
epoch:63
iter0: train_loss:0.06415556371212006
iter10: train_loss:0.05954529717564583
iter20: train_loss:0.06290557980537415
iter30: train_loss:0.05003184825181961
iter40: train_loss:0.06626766920089722
iter50: train_loss:0.046202704310417175
Validation loss: 0.09209769871085882 Validation RMSE: 0.30173148587346077
EarlyStopping counter: 4 out of 7
====================================================================================================
epoch:64
iter0: train_loss:0.06708475202322006
iter10: train_loss:0.07459105551242828
iter20: train_loss:0.06628251075744629
iter30: train_loss:0.05544620379805565
iter40: train_loss:0.05549636110663414
iter50: train_loss:0.0541321337223053
Validation loss: 0.09009518008679152 Validation RMSE: 0.2995741292834282
EarlyStopping counter: 5 out of 7
====================================================================================================
epoch:65
iter0: train_loss:0.0673300102353096
iter10: train_loss:0.07330440729856491
iter20: train_loss:0.05868029221892357
iter30: train_loss:0.06657986342906952
iter40: train_loss:0.05506828427314758
iter50: train_loss:0.05199311301112175
Validation loss: 0.09320440981537104 Validation RMSE: 0.3039615862071514
EarlyStopping counter: 6 out of 7
====================================================================================================
epoch:66
iter0: train_loss:0.05935404822230339
iter10: train_loss:0.056204576045274734
iter20: train_loss:0.05809541046619415
iter30: train_loss:0.060184672474861145
iter40: train_loss:0.054160185158252716
iter50: train_loss:0.06603965163230896
Validation loss: 0.08798079937696457 Validation RMSE: 0.2952142544090748
====================================================================================================
epoch:67
iter0: train_loss:0.06294413655996323
iter10: train_loss:0.05764737352728844
iter20: train_loss:0.06511912494897842
iter30: train_loss:0.04230884462594986
iter40: train_loss:0.057419341057538986
iter50: train_loss:0.05852092057466507
Validation loss: 0.08650845661759377 Validation RMSE: 0.29241209849715233
====================================================================================================
epoch:68
iter0: train_loss:0.0585472546517849
iter10: train_loss:0.06275155395269394
iter20: train_loss:0.05845539644360542
iter30: train_loss:0.05541278049349785
iter40: train_loss:0.05608093738555908
iter50: train_loss:0.06447917222976685
Validation loss: 0.08807166200131178 Validation RMSE: 0.2938741184771061
EarlyStopping counter: 1 out of 7
====================================================================================================
epoch:69
iter0: train_loss:0.0604373998939991
iter10: train_loss:0.06180020794272423
iter20: train_loss:0.04596681520342827
iter30: train_loss:0.05964798480272293
iter40: train_loss:0.06114150583744049
iter50: train_loss:0.05906500294804573
Validation loss: 0.0890627671033144 Validation RMSE: 0.29700422286987305
EarlyStopping counter: 2 out of 7
====================================================================================================
epoch:70
iter0: train_loss:0.06707807630300522
iter10: train_loss:0.0595456063747406
iter20: train_loss:0.060807403177022934
iter30: train_loss:0.057009343057870865
iter40: train_loss:0.0636473298072815
iter50: train_loss:0.05321194604039192
Validation loss: 0.09964203741401434 Validation RMSE: 0.31438272818922997
EarlyStopping counter: 3 out of 7
====================================================================================================
epoch:71
iter0: train_loss:0.07518106698989868
iter10: train_loss:0.05431715399026871
iter20: train_loss:0.06340537220239639
iter30: train_loss:0.04734477028250694
iter40: train_loss:0.06840506941080093
iter50: train_loss:0.05450958386063576
Validation loss: 0.0872125718742609 Validation RMSE: 0.29436085745692253
EarlyStopping counter: 4 out of 7
====================================================================================================
epoch:72
iter0: train_loss:0.04940854758024216
iter10: train_loss:0.060010701417922974
iter20: train_loss:0.06876101344823837
iter30: train_loss:0.05978311225771904
iter40: train_loss:0.04886126518249512
iter50: train_loss:0.05608803778886795
Validation loss: 0.08613150380551815 Validation RMSE: 0.2916741743683815
====================================================================================================
epoch:73
iter0: train_loss:0.04128672182559967
iter10: train_loss:0.058884769678115845
iter20: train_loss:0.047154296189546585
iter30: train_loss:0.06087629124522209
iter40: train_loss:0.05358416959643364
iter50: train_loss:0.05783316120505333
Validation loss: 0.08759429212659597 Validation RMSE: 0.2944619432091713
EarlyStopping counter: 1 out of 7
====================================================================================================
epoch:74
iter0: train_loss:0.045533325523138046
iter10: train_loss:0.04559888318181038
iter20: train_loss:0.05777312070131302
iter30: train_loss:0.056540511548519135
iter40: train_loss:0.06605707108974457
iter50: train_loss:0.05789472907781601
Validation loss: 0.08888580184429884 Validation RMSE: 0.29690471664071083
EarlyStopping counter: 2 out of 7
====================================================================================================
epoch:75
iter0: train_loss:0.06607306748628616
iter10: train_loss:0.07190149277448654
iter20: train_loss:0.053402602672576904
iter30: train_loss:0.057564958930015564
iter40: train_loss:0.06201639771461487
iter50: train_loss:0.06378427147865295
Validation loss: 0.08574460074305534 Validation RMSE: 0.2904437854886055
====================================================================================================
epoch:76
iter0: train_loss:0.06595467776060104
iter10: train_loss:0.07303129136562347
iter20: train_loss:0.06448931246995926
iter30: train_loss:0.062014129012823105
iter40: train_loss:0.05386945605278015
iter50: train_loss:0.058895260095596313
Validation loss: 0.08332524914294481 Validation RMSE: 0.28680235892534256
====================================================================================================
epoch:77
iter0: train_loss:0.05151574686169624
iter10: train_loss:0.06344497203826904
iter20: train_loss:0.06869649887084961
iter30: train_loss:0.06202187389135361
iter40: train_loss:0.052861034870147705
iter50: train_loss:0.04431196302175522
Validation loss: 0.08426490519195795 Validation RMSE: 0.28865572810173035
EarlyStopping counter: 1 out of 7
====================================================================================================
epoch:78
iter0: train_loss:0.048086635768413544
iter10: train_loss:0.0519033782184124
iter20: train_loss:0.06440949440002441
iter30: train_loss:0.05713219940662384
iter40: train_loss:0.056864380836486816
iter50: train_loss:0.05082369223237038
Validation loss: 0.0844527231529355 Validation RMSE: 0.2893093451857567
EarlyStopping counter: 2 out of 7
====================================================================================================
epoch:79
iter0: train_loss:0.054583560675382614
iter10: train_loss:0.0524052157998085
iter20: train_loss:0.05636771768331528
iter30: train_loss:0.047886256128549576
iter40: train_loss:0.06709292531013489
iter50: train_loss:0.06113274022936821
Validation loss: 0.0853843567892909 Validation RMSE: 0.2911822274327278
EarlyStopping counter: 3 out of 7
====================================================================================================
epoch:80
iter0: train_loss:0.05276980996131897
iter10: train_loss:0.05607672035694122
iter20: train_loss:0.051678258925676346
iter30: train_loss:0.04699598252773285
iter40: train_loss:0.047809284180402756
iter50: train_loss:0.054381851106882095
Validation loss: 0.0755446795374155 Validation RMSE: 0.27469923719763756
====================================================================================================
epoch:81
iter0: train_loss:0.062314439564943314
iter10: train_loss:0.056355468928813934
iter20: train_loss:0.05237603932619095
iter30: train_loss:0.055728454142808914
iter40: train_loss:0.0472787544131279
iter50: train_loss:0.046986162662506104
Validation loss: 0.08448788803070784 Validation RMSE: 0.2880755551159382
EarlyStopping counter: 1 out of 7
====================================================================================================
epoch:82
iter0: train_loss:0.04598782956600189
iter10: train_loss:0.048082418739795685
iter20: train_loss:0.045829106122255325
iter30: train_loss:0.05856677517294884
iter40: train_loss:0.051452163606882095
iter50: train_loss:0.054717767983675
Validation loss: 0.08648969419300556 Validation RMSE: 0.2911994606256485
EarlyStopping counter: 2 out of 7
====================================================================================================
epoch:83
iter0: train_loss:0.05384313687682152
iter10: train_loss:0.04591299593448639
iter20: train_loss:0.05396053194999695
iter30: train_loss:0.062042880803346634
iter40: train_loss:0.05970771983265877
iter50: train_loss:0.04649648442864418
Validation loss: 0.08806015457957983 Validation RMSE: 0.2950999177992344
EarlyStopping counter: 3 out of 7
====================================================================================================
epoch:84
iter0: train_loss:0.06717996299266815
iter10: train_loss:0.06260193884372711
iter20: train_loss:0.07097674161195755
iter30: train_loss:0.04472925513982773
iter40: train_loss:0.06239829584956169
iter50: train_loss:0.05667317658662796
Validation loss: 0.0830597747117281 Validation RMSE: 0.2862837202847004
EarlyStopping counter: 4 out of 7
====================================================================================================
epoch:85
iter0: train_loss:0.045891646295785904
iter10: train_loss:0.05564829707145691
iter20: train_loss:0.05390007793903351
iter30: train_loss:0.04504166916012764
iter40: train_loss:0.050824496895074844
iter50: train_loss:0.05317872390151024
Validation loss: 0.0827461676672101 Validation RMSE: 0.28629811853170395
EarlyStopping counter: 5 out of 7
====================================================================================================
epoch:86
iter0: train_loss:0.05473265424370766
iter10: train_loss:0.058118756860494614
iter20: train_loss:0.04973119869828224
iter30: train_loss:0.05012555792927742
iter40: train_loss:0.05080905184149742
iter50: train_loss:0.04561111703515053
Validation loss: 0.08683952502906322 Validation RMSE: 0.29254358634352684
EarlyStopping counter: 6 out of 7
====================================================================================================
epoch:87
iter0: train_loss:0.04840758442878723
iter10: train_loss:0.049312349408864975
iter20: train_loss:0.053297173231840134
iter30: train_loss:0.04482856020331383
iter40: train_loss:0.04405273124575615
iter50: train_loss:0.059969980269670486
Validation loss: 0.09468790143728256 Validation RMSE: 0.30582619830965996
EarlyStopping counter: 7 out of 7
Early stopping
MAE: 1.572 RMSE: 2.641 MAPE: 3.160
Spend Time: 169.9956316947937
