epoch:0
iter0: train_loss:1.6196855306625366
iter10: train_loss:0.4776613712310791
iter20: train_loss:0.47669458389282227
iter30: train_loss:0.41959795355796814
iter40: train_loss:0.37107330560684204
iter50: train_loss:0.3965338468551636
Validation loss: 0.3882749006152153 Validation RMSE: 0.6196678876876831
====================================================================================================
epoch:1
iter0: train_loss:0.22806936502456665
iter10: train_loss:0.2810553312301636
iter20: train_loss:0.2841828167438507
iter30: train_loss:0.28581947088241577
iter40: train_loss:0.29186612367630005
iter50: train_loss:0.27358201146125793
Validation loss: 0.3316379692405462 Validation RMSE: 0.5735532641410828
====================================================================================================
epoch:2
iter0: train_loss:0.32288700342178345
iter10: train_loss:0.2774558663368225
iter20: train_loss:0.21557371318340302
iter30: train_loss:0.20033146440982819
iter40: train_loss:0.2708249092102051
iter50: train_loss:0.24389879405498505
Validation loss: 0.3071871865540743 Validation RMSE: 0.5526649914681911
====================================================================================================
epoch:3
iter0: train_loss:0.29604098200798035
iter10: train_loss:0.2566666901111603
iter20: train_loss:0.21820928156375885
iter30: train_loss:0.23353135585784912
iter40: train_loss:0.18348219990730286
iter50: train_loss:0.17890968918800354
Validation loss: 0.27714402973651886 Validation RMSE: 0.5237003937363625
====================================================================================================
epoch:4
iter0: train_loss:0.22170984745025635
iter10: train_loss:0.231719508767128
iter20: train_loss:0.1699143797159195
iter30: train_loss:0.30205875635147095
iter40: train_loss:0.22493508458137512
iter50: train_loss:0.17840680480003357
Validation loss: 0.2751982044428587 Validation RMSE: 0.5222313776612282
====================================================================================================
epoch:5
iter0: train_loss:0.23215973377227783
iter10: train_loss:0.21237142384052277
iter20: train_loss:0.19609121978282928
iter30: train_loss:0.25735241174697876
iter40: train_loss:0.2041787952184677
iter50: train_loss:0.19105841219425201
Validation loss: 0.2790361437946558 Validation RMSE: 0.526911586523056
EarlyStopping counter: 1 out of 7
====================================================================================================
epoch:6
iter0: train_loss:0.18713301420211792
iter10: train_loss:0.21792419254779816
iter20: train_loss:0.163339301943779
iter30: train_loss:0.27114811539649963
iter40: train_loss:0.14438533782958984
iter50: train_loss:0.16888198256492615
Validation loss: 0.2636699192225933 Validation RMSE: 0.5123293958604336
====================================================================================================
epoch:7
iter0: train_loss:0.2087811380624771
iter10: train_loss:0.20231932401657104
iter20: train_loss:0.2427806407213211
iter30: train_loss:0.1997479498386383
iter40: train_loss:0.16516105830669403
iter50: train_loss:0.15279270708560944
Validation loss: 0.23736751824617386 Validation RMSE: 0.48622753098607063
====================================================================================================
epoch:8
iter0: train_loss:0.15096978843212128
iter10: train_loss:0.18607449531555176
iter20: train_loss:0.16772815585136414
iter30: train_loss:0.21835283935070038
iter40: train_loss:0.1308649182319641
iter50: train_loss:0.2288823276758194
Validation loss: 0.25055378302931786 Validation RMSE: 0.49937793985009193
EarlyStopping counter: 1 out of 7
====================================================================================================
epoch:9
iter0: train_loss:0.1745157390832901
iter10: train_loss:0.1441432386636734
iter20: train_loss:0.18642175197601318
iter30: train_loss:0.1456226259469986
iter40: train_loss:0.15983746945858002
iter50: train_loss:0.19924530386924744
Validation loss: 0.2287256084382534 Validation RMSE: 0.47503921762108803
====================================================================================================
epoch:10
iter0: train_loss:0.10732338577508926
iter10: train_loss:0.15430155396461487
iter20: train_loss:0.14339475333690643
iter30: train_loss:0.10882476717233658
iter40: train_loss:0.13535095751285553
iter50: train_loss:0.16848689317703247
Validation loss: 0.22096530348062515 Validation RMSE: 0.4694801829755306
====================================================================================================
epoch:11
iter0: train_loss:0.134431391954422
iter10: train_loss:0.19012945890426636
iter20: train_loss:0.14223626255989075
iter30: train_loss:0.17710809409618378
iter40: train_loss:0.17901650071144104
iter50: train_loss:0.17042848467826843
Validation loss: 0.2597316540777683 Validation RMSE: 0.5086174830794334
EarlyStopping counter: 1 out of 7
====================================================================================================
epoch:12
iter0: train_loss:0.17712068557739258
iter10: train_loss:0.13029517233371735
iter20: train_loss:0.14504577219486237
iter30: train_loss:0.12453112751245499
iter40: train_loss:0.18622919917106628
iter50: train_loss:0.13533389568328857
Validation loss: 0.20848966017365456 Validation RMSE: 0.45451751723885536
====================================================================================================
epoch:13
iter0: train_loss:0.21845155954360962
iter10: train_loss:0.16899536550045013
iter20: train_loss:0.1274852156639099
iter30: train_loss:0.13753439486026764
iter40: train_loss:0.15854313969612122
iter50: train_loss:0.12728816270828247
Validation loss: 0.19379185885190964 Validation RMSE: 0.43807607516646385
====================================================================================================
epoch:14
iter0: train_loss:0.1085546538233757
iter10: train_loss:0.11120370030403137
iter20: train_loss:0.18325436115264893
iter30: train_loss:0.16777284443378448
iter40: train_loss:0.1406429409980774
iter50: train_loss:0.20515750348567963
Validation loss: 0.20211396366357803 Validation RMSE: 0.4474753439426422
EarlyStopping counter: 1 out of 7
====================================================================================================
epoch:15
iter0: train_loss:0.1500195860862732
iter10: train_loss:0.1362258642911911
iter20: train_loss:0.12933729588985443
iter30: train_loss:0.1527310609817505
iter40: train_loss:0.11936242878437042
iter50: train_loss:0.12485436350107193
Validation loss: 0.1989893801510334 Validation RMSE: 0.4436922185122967
EarlyStopping counter: 2 out of 7
====================================================================================================
epoch:16
iter0: train_loss:0.1404132843017578
iter10: train_loss:0.11479274183511734
iter20: train_loss:0.13674592971801758
iter30: train_loss:0.15159693360328674
iter40: train_loss:0.15691566467285156
iter50: train_loss:0.12092240154743195
Validation loss: 0.1691691130399704 Validation RMSE: 0.41061828657984734
====================================================================================================
epoch:17
iter0: train_loss:0.12300292402505875
iter10: train_loss:0.11960884928703308
iter20: train_loss:0.11356155574321747
iter30: train_loss:0.10608867555856705
iter40: train_loss:0.13888870179653168
iter50: train_loss:0.12791870534420013
Validation loss: 0.19464357569813728 Validation RMSE: 0.44079601392149925
EarlyStopping counter: 1 out of 7
====================================================================================================
epoch:18
iter0: train_loss:0.15327806770801544
iter10: train_loss:0.1329801380634308
iter20: train_loss:0.14013342559337616
iter30: train_loss:0.1600864976644516
iter40: train_loss:0.1549571454524994
iter50: train_loss:0.13113214075565338
Validation loss: 0.18392463214695454 Validation RMSE: 0.4281590096652508
EarlyStopping counter: 2 out of 7
====================================================================================================
epoch:19
iter0: train_loss:0.15243850648403168
iter10: train_loss:0.15279479324817657
iter20: train_loss:0.1406671553850174
iter30: train_loss:0.14424802362918854
iter40: train_loss:0.1445515751838684
iter50: train_loss:0.13421733677387238
Validation loss: 0.1798620205372572 Validation RMSE: 0.4235590919852257
EarlyStopping counter: 3 out of 7
====================================================================================================
epoch:20
iter0: train_loss:0.15500754117965698
iter10: train_loss:0.17200015485286713
iter20: train_loss:0.11656934767961502
iter30: train_loss:0.14362315833568573
iter40: train_loss:0.11899950355291367
iter50: train_loss:0.12253906577825546
Validation loss: 0.17422902211546898 Validation RMSE: 0.4149191603064537
EarlyStopping counter: 4 out of 7
====================================================================================================
epoch:21
iter0: train_loss:0.15163782238960266
iter10: train_loss:0.11674919724464417
iter20: train_loss:0.10936784744262695
iter30: train_loss:0.09470745921134949
iter40: train_loss:0.10191750526428223
iter50: train_loss:0.11008252203464508
Validation loss: 0.19238934852182865 Validation RMSE: 0.43802137672901154
EarlyStopping counter: 5 out of 7
====================================================================================================
epoch:22
iter0: train_loss:0.14603908360004425
iter10: train_loss:0.11802038550376892
iter20: train_loss:0.11062293499708176
iter30: train_loss:0.1528371274471283
iter40: train_loss:0.12757980823516846
iter50: train_loss:0.10509166121482849
Validation loss: 0.2083201054483652 Validation RMSE: 0.45551883429288864
EarlyStopping counter: 6 out of 7
====================================================================================================
epoch:23
iter0: train_loss:0.16590924561023712
iter10: train_loss:0.10993947833776474
iter20: train_loss:0.1182226911187172
iter30: train_loss:0.13604126870632172
iter40: train_loss:0.10570388287305832
iter50: train_loss:0.13470342755317688
Validation loss: 0.1640737084671855 Validation RMSE: 0.4031072072684765
====================================================================================================
epoch:24
iter0: train_loss:0.12233052402734756
iter10: train_loss:0.12416163831949234
iter20: train_loss:0.10177545994520187
iter30: train_loss:0.1272415965795517
iter40: train_loss:0.11845818907022476
iter50: train_loss:0.1262974590063095
Validation loss: 0.15902245976030827 Validation RMSE: 0.39779026433825493
====================================================================================================
epoch:25
iter0: train_loss:0.09756104648113251
iter10: train_loss:0.10603581368923187
iter20: train_loss:0.118893101811409
iter30: train_loss:0.12259266525506973
iter40: train_loss:0.1390729397535324
iter50: train_loss:0.1055915430188179
Validation loss: 0.17599288560450077 Validation RMSE: 0.4178192876279354
EarlyStopping counter: 1 out of 7
====================================================================================================
epoch:26
iter0: train_loss:0.13022653758525848
iter10: train_loss:0.12860840559005737
iter20: train_loss:0.10511697083711624
iter30: train_loss:0.08880884945392609
iter40: train_loss:0.09486514329910278
iter50: train_loss:0.12717309594154358
Validation loss: 0.19868529587984085 Validation RMSE: 0.44473981484770775
EarlyStopping counter: 2 out of 7
====================================================================================================
epoch:27
iter0: train_loss:0.10721754282712936
iter10: train_loss:0.1002192497253418
iter20: train_loss:0.13678166270256042
iter30: train_loss:0.13248062133789062
iter40: train_loss:0.110881507396698
iter50: train_loss:0.12628388404846191
Validation loss: 0.15255612134933472 Validation RMSE: 0.3893241696059704
====================================================================================================
epoch:28
iter0: train_loss:0.10944356769323349
iter10: train_loss:0.09203533083200455
iter20: train_loss:0.09882954508066177
iter30: train_loss:0.13550443947315216
iter40: train_loss:0.10671084374189377
iter50: train_loss:0.13851389288902283
Validation loss: 0.15089318715035915 Validation RMSE: 0.3861849382519722
====================================================================================================
epoch:29
iter0: train_loss:0.08882755786180496
iter10: train_loss:0.10529827326536179
iter20: train_loss:0.08256775885820389
iter30: train_loss:0.0871547982096672
iter40: train_loss:0.10526037216186523
iter50: train_loss:0.08284956216812134
Validation loss: 0.15396534837782383 Validation RMSE: 0.39062396064400673
EarlyStopping counter: 1 out of 7
====================================================================================================
epoch:30
iter0: train_loss:0.11968976259231567
iter10: train_loss:0.1065916046500206
iter20: train_loss:0.08527916669845581
iter30: train_loss:0.08640335500240326
iter40: train_loss:0.12378357350826263
iter50: train_loss:0.11801974475383759
Validation loss: 0.16915077529847622 Validation RMSE: 0.410213191062212
EarlyStopping counter: 2 out of 7
====================================================================================================
epoch:31
iter0: train_loss:0.10439756512641907
iter10: train_loss:0.09585709124803543
iter20: train_loss:0.10099967569112778
iter30: train_loss:0.08895496279001236
iter40: train_loss:0.10354110598564148
iter50: train_loss:0.11101184785366058
Validation loss: 0.14656393881887197 Validation RMSE: 0.38225018605589867
====================================================================================================
epoch:32
iter0: train_loss:0.11806033551692963
iter10: train_loss:0.1176983043551445
iter20: train_loss:0.08825657516717911
iter30: train_loss:0.08694294840097427
iter40: train_loss:0.09661896526813507
iter50: train_loss:0.08367491513490677
Validation loss: 0.14101521018892527 Validation RMSE: 0.3746754266321659
====================================================================================================
epoch:33
iter0: train_loss:0.10696800798177719
iter10: train_loss:0.09780827164649963
iter20: train_loss:0.08656644076108932
iter30: train_loss:0.11278954893350601
iter40: train_loss:0.10063104331493378
iter50: train_loss:0.09166350215673447
Validation loss: 0.14680109359323978 Validation RMSE: 0.38139432296156883
EarlyStopping counter: 1 out of 7
====================================================================================================
epoch:34
iter0: train_loss:0.08855118602514267
iter10: train_loss:0.11351539939641953
iter20: train_loss:0.09181167930364609
iter30: train_loss:0.11050839722156525
iter40: train_loss:0.07234713435173035
iter50: train_loss:0.08684003353118896
Validation loss: 0.15352211147546768 Validation RMSE: 0.3907100297510624
EarlyStopping counter: 2 out of 7
====================================================================================================
epoch:35
iter0: train_loss:0.11168020218610764
iter10: train_loss:0.1042904406785965
iter20: train_loss:0.08828451484441757
iter30: train_loss:0.07583486288785934
iter40: train_loss:0.10858162492513657
iter50: train_loss:0.10184124112129211
Validation loss: 0.1447598710656166 Validation RMSE: 0.37923113629221916
EarlyStopping counter: 3 out of 7
====================================================================================================
epoch:36
iter0: train_loss:0.08330578356981277
iter10: train_loss:0.10070198029279709
iter20: train_loss:0.09511015564203262
iter30: train_loss:0.15956918895244598
iter40: train_loss:0.08652359247207642
iter50: train_loss:0.11401181668043137
Validation loss: 0.16041814163327217 Validation RMSE: 0.399443544447422
EarlyStopping counter: 4 out of 7
====================================================================================================
epoch:37
iter0: train_loss:0.11860450357198715
iter10: train_loss:0.1050696149468422
iter20: train_loss:0.07920560985803604
iter30: train_loss:0.09169110655784607
iter40: train_loss:0.0933070182800293
iter50: train_loss:0.10246165841817856
Validation loss: 0.1407952792942524 Validation RMSE: 0.37413405627012253
====================================================================================================
epoch:38
iter0: train_loss:0.09963997453451157
iter10: train_loss:0.11547413468360901
iter20: train_loss:0.11786247789859772
iter30: train_loss:0.10788363963365555
iter40: train_loss:0.09500475227832794
iter50: train_loss:0.0992564857006073
Validation loss: 0.1676593217998743 Validation RMSE: 0.40828561037778854
EarlyStopping counter: 1 out of 7
====================================================================================================
epoch:39
iter0: train_loss:0.11639531701803207
iter10: train_loss:0.11164955794811249
iter20: train_loss:0.1027614176273346
iter30: train_loss:0.0920226201415062
iter40: train_loss:0.08834300935268402
iter50: train_loss:0.095491424202919
Validation loss: 0.13415382709354162 Validation RMSE: 0.3659351095557213
====================================================================================================
epoch:40
iter0: train_loss:0.08963467180728912
iter10: train_loss:0.09693124890327454
iter20: train_loss:0.075057752430439
iter30: train_loss:0.09341467171907425
iter40: train_loss:0.07260041683912277
iter50: train_loss:0.0726245641708374
Validation loss: 0.13512733578681946 Validation RMSE: 0.36654330790042877
EarlyStopping counter: 1 out of 7
====================================================================================================
epoch:41
iter0: train_loss:0.08218809217214584
iter10: train_loss:0.12043149024248123
iter20: train_loss:0.07450393587350845
iter30: train_loss:0.1132812649011612
iter40: train_loss:0.09898461401462555
iter50: train_loss:0.0783361867070198
Validation loss: 0.14722789637744427 Validation RMSE: 0.38259920477867126
EarlyStopping counter: 2 out of 7
====================================================================================================
epoch:42
iter0: train_loss:0.09470976144075394
iter10: train_loss:0.11663346737623215
iter20: train_loss:0.10533558577299118
iter30: train_loss:0.09964647889137268
iter40: train_loss:0.1063358411192894
iter50: train_loss:0.09063609689474106
Validation loss: 0.13962549436837435 Validation RMSE: 0.3721483238041401
EarlyStopping counter: 3 out of 7
====================================================================================================
epoch:43
iter0: train_loss:0.08067208528518677
iter10: train_loss:0.08954936265945435
iter20: train_loss:0.09443547576665878
iter30: train_loss:0.10477616637945175
iter40: train_loss:0.0923859253525734
iter50: train_loss:0.09416931122541428
Validation loss: 0.13305866438895464 Validation RMSE: 0.3636385314166546
====================================================================================================
epoch:44
iter0: train_loss:0.08205267041921616
iter10: train_loss:0.08738460391759872
iter20: train_loss:0.09093906730413437
iter30: train_loss:0.1166006550192833
iter40: train_loss:0.08508171141147614
iter50: train_loss:0.07575235515832901
Validation loss: 0.13515217695385218 Validation RMSE: 0.36594320833683014
EarlyStopping counter: 1 out of 7
====================================================================================================
epoch:45
iter0: train_loss:0.10270393639802933
iter10: train_loss:0.09463611245155334
iter20: train_loss:0.10389498621225357
iter30: train_loss:0.10129524767398834
iter40: train_loss:0.08166150748729706
iter50: train_loss:0.06710857152938843
Validation loss: 0.12898406200110912 Validation RMSE: 0.3582864813506603
====================================================================================================
epoch:46
iter0: train_loss:0.09544098377227783
iter10: train_loss:0.09016850590705872
iter20: train_loss:0.08089189976453781
iter30: train_loss:0.0997222289443016
iter40: train_loss:0.08475425094366074
iter50: train_loss:0.10916347056627274
Validation loss: 0.1390175875276327 Validation RMSE: 0.37110697478055954
EarlyStopping counter: 1 out of 7
====================================================================================================
epoch:47
iter0: train_loss:0.10440976917743683
iter10: train_loss:0.08021078258752823
iter20: train_loss:0.09200428426265717
iter30: train_loss:0.07574532181024551
iter40: train_loss:0.08122029900550842
iter50: train_loss:0.07825341820716858
Validation loss: 0.13011007383465767 Validation RMSE: 0.3595360778272152
EarlyStopping counter: 2 out of 7
====================================================================================================
epoch:48
iter0: train_loss:0.06406136602163315
iter10: train_loss:0.12000924348831177
iter20: train_loss:0.08799290657043457
iter30: train_loss:0.062298186123371124
iter40: train_loss:0.08521323651075363
iter50: train_loss:0.09026649594306946
Validation loss: 0.14033012930303812 Validation RMSE: 0.3733252286911011
EarlyStopping counter: 3 out of 7
====================================================================================================
epoch:49
iter0: train_loss:0.08202947676181793
iter10: train_loss:0.08072437345981598
iter20: train_loss:0.0845959335565567
iter30: train_loss:0.0815805047750473
iter40: train_loss:0.14000046253204346
iter50: train_loss:0.10175319015979767
Validation loss: 0.13922890648245811 Validation RMSE: 0.37229539081454277
EarlyStopping counter: 4 out of 7
====================================================================================================
epoch:50
iter0: train_loss:0.12759502232074738
iter10: train_loss:0.0812150239944458
iter20: train_loss:0.09405524283647537
iter30: train_loss:0.08388280868530273
iter40: train_loss:0.09885768592357635
iter50: train_loss:0.0842684656381607
Validation loss: 0.12928915861994028 Validation RMSE: 0.3585645481944084
EarlyStopping counter: 5 out of 7
====================================================================================================
epoch:51
iter0: train_loss:0.07975579053163528
iter10: train_loss:0.1016463115811348
iter20: train_loss:0.0802103579044342
iter30: train_loss:0.09602712839841843
iter40: train_loss:0.08293178677558899
iter50: train_loss:0.08341006934642792
Validation loss: 0.12449340894818306 Validation RMSE: 0.35171589627861977
====================================================================================================
epoch:52
iter0: train_loss:0.08042139559984207
iter10: train_loss:0.0916019007563591
iter20: train_loss:0.08427675813436508
iter30: train_loss:0.09555491805076599
iter40: train_loss:0.08714798092842102
iter50: train_loss:0.08620750159025192
Validation loss: 0.12597952224314213 Validation RMSE: 0.3538319617509842
EarlyStopping counter: 1 out of 7
====================================================================================================
epoch:53
iter0: train_loss:0.10802221298217773
iter10: train_loss:0.0858674868941307
iter20: train_loss:0.08257241547107697
iter30: train_loss:0.08171803504228592
iter40: train_loss:0.08807288110256195
iter50: train_loss:0.07417712360620499
Validation loss: 0.12590176612138748 Validation RMSE: 0.3533943109214306
EarlyStopping counter: 2 out of 7
====================================================================================================
epoch:54
iter0: train_loss:0.10443544387817383
iter10: train_loss:0.0867542251944542
iter20: train_loss:0.07545188814401627
iter30: train_loss:0.07243628054857254
iter40: train_loss:0.07765242457389832
iter50: train_loss:0.09081017225980759
Validation loss: 0.12439760845154524 Validation RMSE: 0.35128145664930344
====================================================================================================
epoch:55
iter0: train_loss:0.08055184036493301
iter10: train_loss:0.10001333057880402
iter20: train_loss:0.0858379378914833
iter30: train_loss:0.08893449604511261
iter40: train_loss:0.09601990878582001
iter50: train_loss:0.0812053233385086
Validation loss: 0.1238775672391057 Validation RMSE: 0.3500940799713135
====================================================================================================
epoch:56
iter0: train_loss:0.07715196907520294
iter10: train_loss:0.07406150549650192
iter20: train_loss:0.095786452293396
iter30: train_loss:0.07664648443460464
iter40: train_loss:0.07212669402360916
iter50: train_loss:0.09256383031606674
Validation loss: 0.12178606167435646 Validation RMSE: 0.3468207083642483
====================================================================================================
epoch:57
iter0: train_loss:0.08405531942844391
iter10: train_loss:0.0767657458782196
iter20: train_loss:0.09251128882169724
iter30: train_loss:0.09647199511528015
iter40: train_loss:0.08142662793397903
iter50: train_loss:0.08292168378829956
Validation loss: 0.12022779602557421 Validation RMSE: 0.3456270359456539
====================================================================================================
epoch:58
iter0: train_loss:0.08969511836767197
iter10: train_loss:0.08199967443943024
iter20: train_loss:0.07750248908996582
iter30: train_loss:0.06922624260187149
iter40: train_loss:0.07100289314985275
iter50: train_loss:0.11080671101808548
Validation loss: 0.13108385168015957 Validation RMSE: 0.3598892502486706
EarlyStopping counter: 1 out of 7
====================================================================================================
epoch:59
iter0: train_loss:0.07223799079656601
iter10: train_loss:0.08761043101549149
iter20: train_loss:0.07831235975027084
iter30: train_loss:0.06947576254606247
iter40: train_loss:0.06854662299156189
iter50: train_loss:0.06408613920211792
Validation loss: 0.1201008353382349 Validation RMSE: 0.34500592201948166
====================================================================================================
epoch:60
iter0: train_loss:0.0759909600019455
iter10: train_loss:0.08153139054775238
iter20: train_loss:0.07792491465806961
iter30: train_loss:0.08252172917127609
iter40: train_loss:0.09949818253517151
iter50: train_loss:0.09488438069820404
Validation loss: 0.11766295973211527 Validation RMSE: 0.34122608602046967
====================================================================================================
epoch:61
iter0: train_loss:0.06826358288526535
iter10: train_loss:0.06521181762218475
iter20: train_loss:0.08879484981298447
iter30: train_loss:0.09535273909568787
iter40: train_loss:0.07725188136100769
iter50: train_loss:0.08326392620801926
Validation loss: 0.12972530536353588 Validation RMSE: 0.3578815497457981
EarlyStopping counter: 1 out of 7
====================================================================================================
epoch:62
iter0: train_loss:0.0927242562174797
iter10: train_loss:0.08445622771978378
iter20: train_loss:0.08033379912376404
iter30: train_loss:0.06801058351993561
iter40: train_loss:0.0754764974117279
iter50: train_loss:0.07644879817962646
Validation loss: 0.13450190518051386 Validation RMSE: 0.3656463325023651
EarlyStopping counter: 2 out of 7
====================================================================================================
epoch:63
iter0: train_loss:0.08892454952001572
iter10: train_loss:0.08113366365432739
iter20: train_loss:0.08854420483112335
iter30: train_loss:0.06652682274580002
iter40: train_loss:0.0922926738858223
iter50: train_loss:0.06269258260726929
Validation loss: 0.11857418902218342 Validation RMSE: 0.3418208062648773
EarlyStopping counter: 3 out of 7
====================================================================================================
epoch:64
iter0: train_loss:0.08342260867357254
iter10: train_loss:0.0983458012342453
iter20: train_loss:0.0886518582701683
iter30: train_loss:0.07337601482868195
iter40: train_loss:0.06400185078382492
iter50: train_loss:0.06765785813331604
Validation loss: 0.1290933657437563 Validation RMSE: 0.358771488070488
EarlyStopping counter: 4 out of 7
====================================================================================================
epoch:65
iter0: train_loss:0.09796896576881409
iter10: train_loss:0.10100999474525452
iter20: train_loss:0.07411792874336243
iter30: train_loss:0.08043230324983597
iter40: train_loss:0.07111140340566635
iter50: train_loss:0.07043973356485367
Validation loss: 0.11811253614723682 Validation RMSE: 0.3413008973002434
EarlyStopping counter: 5 out of 7
====================================================================================================
epoch:66
iter0: train_loss:0.08148256689310074
iter10: train_loss:0.0727277547121048
iter20: train_loss:0.07413091510534286
iter30: train_loss:0.07041560113430023
iter40: train_loss:0.07130490243434906
iter50: train_loss:0.0937211886048317
Validation loss: 0.12563677318394184 Validation RMSE: 0.35337168723344803
EarlyStopping counter: 6 out of 7
====================================================================================================
epoch:67
iter0: train_loss:0.08066286891698837
iter10: train_loss:0.07684286683797836
iter20: train_loss:0.08170000463724136
iter30: train_loss:0.057994820177555084
iter40: train_loss:0.07506072521209717
iter50: train_loss:0.08281361311674118
Validation loss: 0.11904508247971535 Validation RMSE: 0.3429673910140991
EarlyStopping counter: 7 out of 7
Early stopping
MAE: 1.829 RMSE: 3.165 MAPE: 3.683
Spend Time: 138.1289360523224
