epoch:0
iter0: train_loss:1.173697829246521
iter10: train_loss:0.4992537498474121
iter20: train_loss:0.3355076014995575
iter30: train_loss:0.33973315358161926
iter40: train_loss:0.21866725385189056
iter50: train_loss:0.19609110057353973
Validation loss: 0.3551744669675827 Validation RMSE: 0.59397953748703
====================================================================================================
epoch:1
iter0: train_loss:0.33508917689323425
iter10: train_loss:0.22525575757026672
iter20: train_loss:0.26239311695098877
iter30: train_loss:0.23944731056690216
iter40: train_loss:0.2594831585884094
iter50: train_loss:0.2616516053676605
Validation loss: 0.30028611421585083 Validation RMSE: 0.5455817095935345
====================================================================================================
epoch:2
iter0: train_loss:0.22205407917499542
iter10: train_loss:0.2443845272064209
iter20: train_loss:0.16803421080112457
iter30: train_loss:0.16718798875808716
iter40: train_loss:0.25557830929756165
iter50: train_loss:0.23373296856880188
Validation loss: 0.28120780549943447 Validation RMSE: 0.5285876803100109
====================================================================================================
epoch:3
iter0: train_loss:0.2938498258590698
iter10: train_loss:0.2590591311454773
iter20: train_loss:0.1824539452791214
iter30: train_loss:0.20278400182724
iter40: train_loss:0.23202553391456604
iter50: train_loss:0.19963140785694122
Validation loss: 0.2567524127662182 Validation RMSE: 0.5053321607410908
====================================================================================================
epoch:4
iter0: train_loss:0.22528041899204254
iter10: train_loss:0.12494537234306335
iter20: train_loss:0.14435918629169464
iter30: train_loss:0.26404130458831787
iter40: train_loss:0.18262696266174316
iter50: train_loss:0.21315431594848633
Validation loss: 0.2451106794178486 Validation RMSE: 0.49333009123802185
====================================================================================================
epoch:5
iter0: train_loss:0.226816326379776
iter10: train_loss:0.2040686309337616
iter20: train_loss:0.19666753709316254
iter30: train_loss:0.20766104757785797
iter40: train_loss:0.19217300415039062
iter50: train_loss:0.1720532774925232
Validation loss: 0.22983789443969727 Validation RMSE: 0.478596992790699
====================================================================================================
epoch:6
iter0: train_loss:0.1538335084915161
iter10: train_loss:0.20325812697410583
iter20: train_loss:0.24577683210372925
iter30: train_loss:0.19724179804325104
iter40: train_loss:0.18049071729183197
iter50: train_loss:0.18892216682434082
Validation loss: 0.21259666979312897 Validation RMSE: 0.45970242470502853
====================================================================================================
epoch:7
iter0: train_loss:0.1724844127893448
iter10: train_loss:0.15116380155086517
iter20: train_loss:0.2046995311975479
iter30: train_loss:0.15330550074577332
iter40: train_loss:0.16680878400802612
iter50: train_loss:0.14799419045448303
Validation loss: 0.23287298157811165 Validation RMSE: 0.48074622824788094
EarlyStopping counter: 1 out of 7
====================================================================================================
epoch:8
iter0: train_loss:0.1280895173549652
iter10: train_loss:0.1848328858613968
iter20: train_loss:0.14642195403575897
iter30: train_loss:0.13932913541793823
iter40: train_loss:0.13383829593658447
iter50: train_loss:0.16895267367362976
Validation loss: 0.20341477543115616 Validation RMSE: 0.450237400829792
====================================================================================================
epoch:9
iter0: train_loss:0.1322735995054245
iter10: train_loss:0.1586896926164627
iter20: train_loss:0.19929185509681702
iter30: train_loss:0.16684168577194214
iter40: train_loss:0.2004522979259491
iter50: train_loss:0.1610075980424881
Validation loss: 0.19968819804489613 Validation RMSE: 0.44537515193223953
====================================================================================================
epoch:10
iter0: train_loss:0.13474157452583313
iter10: train_loss:0.13483931124210358
iter20: train_loss:0.1406208723783493
iter30: train_loss:0.19856798648834229
iter40: train_loss:0.12563879787921906
iter50: train_loss:0.14645999670028687
Validation loss: 0.17996441014111042 Validation RMSE: 0.42279648780822754
====================================================================================================
epoch:11
iter0: train_loss:0.11152882128953934
iter10: train_loss:0.12488498538732529
iter20: train_loss:0.15063363313674927
iter30: train_loss:0.15030749142169952
iter40: train_loss:0.12420164048671722
iter50: train_loss:0.16621825098991394
Validation loss: 0.17574987560510635 Validation RMSE: 0.4183852933347225
====================================================================================================
epoch:12
iter0: train_loss:0.14057226479053497
iter10: train_loss:0.15661698579788208
iter20: train_loss:0.14642657339572906
iter30: train_loss:0.17770664393901825
iter40: train_loss:0.1318814605474472
iter50: train_loss:0.17038153111934662
Validation loss: 0.17751650139689445 Validation RMSE: 0.42088934406638145
EarlyStopping counter: 1 out of 7
====================================================================================================
epoch:13
iter0: train_loss:0.15174494683742523
iter10: train_loss:0.12929600477218628
iter20: train_loss:0.1710236668586731
iter30: train_loss:0.16646696627140045
iter40: train_loss:0.15516497194766998
iter50: train_loss:0.15434762835502625
Validation loss: 0.1665156725794077 Validation RMSE: 0.406705804169178
====================================================================================================
epoch:14
iter0: train_loss:0.10312633961439133
iter10: train_loss:0.13017940521240234
iter20: train_loss:0.12440963834524155
iter30: train_loss:0.11698691546916962
iter40: train_loss:0.11753544211387634
iter50: train_loss:0.11994415521621704
Validation loss: 0.16009986959397793 Validation RMSE: 0.39937640726566315
====================================================================================================
epoch:15
iter0: train_loss:0.12833982706069946
iter10: train_loss:0.12940256297588348
iter20: train_loss:0.12229329347610474
iter30: train_loss:0.11066656559705734
iter40: train_loss:0.13910023868083954
iter50: train_loss:0.11481693387031555
Validation loss: 0.15711122751235962 Validation RMSE: 0.39590124413371086
====================================================================================================
epoch:16
iter0: train_loss:0.10414601862430573
iter10: train_loss:0.10563009232282639
iter20: train_loss:0.10237343609333038
iter30: train_loss:0.09649558365345001
iter40: train_loss:0.15191173553466797
iter50: train_loss:0.12658831477165222
Validation loss: 0.15498254355043173 Validation RMSE: 0.3923816382884979
====================================================================================================
epoch:17
iter0: train_loss:0.11904853582382202
iter10: train_loss:0.1200590506196022
iter20: train_loss:0.12440614402294159
iter30: train_loss:0.09656185656785965
iter40: train_loss:0.11390672624111176
iter50: train_loss:0.11561355739831924
Validation loss: 0.148021986708045 Validation RMSE: 0.3834815211594105
====================================================================================================
epoch:18
iter0: train_loss:0.1038842722773552
iter10: train_loss:0.14846718311309814
iter20: train_loss:0.13610613346099854
iter30: train_loss:0.09698132425546646
iter40: train_loss:0.13193382322788239
iter50: train_loss:0.10304226726293564
Validation loss: 0.14758132491260767 Validation RMSE: 0.38288700953125954
====================================================================================================
epoch:19
iter0: train_loss:0.09060558676719666
iter10: train_loss:0.10419078171253204
iter20: train_loss:0.09769756346940994
iter30: train_loss:0.11259174346923828
iter40: train_loss:0.1490318328142166
iter50: train_loss:0.11295246332883835
Validation loss: 0.14147207234054804 Validation RMSE: 0.37481243908405304
====================================================================================================
epoch:20
iter0: train_loss:0.11601610481739044
iter10: train_loss:0.09992211312055588
iter20: train_loss:0.08519162237644196
iter30: train_loss:0.09133000671863556
iter40: train_loss:0.11629699170589447
iter50: train_loss:0.10638052225112915
Validation loss: 0.14303608797490597 Validation RMSE: 0.3766689710319042
EarlyStopping counter: 1 out of 7
====================================================================================================
epoch:21
iter0: train_loss:0.10937480628490448
iter10: train_loss:0.1193825975060463
iter20: train_loss:0.0897679552435875
iter30: train_loss:0.11213038861751556
iter40: train_loss:0.09764711558818817
iter50: train_loss:0.09835900366306305
Validation loss: 0.1458646235987544 Validation RMSE: 0.38072001561522484
EarlyStopping counter: 2 out of 7
====================================================================================================
epoch:22
iter0: train_loss:0.09785892814397812
iter10: train_loss:0.11855859309434891
iter20: train_loss:0.08571072667837143
iter30: train_loss:0.13664375245571136
iter40: train_loss:0.10973064601421356
iter50: train_loss:0.10127798467874527
Validation loss: 0.13286628853529692 Validation RMSE: 0.36366474628448486
====================================================================================================
epoch:23
iter0: train_loss:0.129032701253891
iter10: train_loss:0.08749182522296906
iter20: train_loss:0.11150731891393661
iter30: train_loss:0.10995343327522278
iter40: train_loss:0.08366212248802185
iter50: train_loss:0.09752166271209717
Validation loss: 0.137716893106699 Validation RMSE: 0.36917155608534813
EarlyStopping counter: 1 out of 7
====================================================================================================
epoch:24
iter0: train_loss:0.0944831520318985
iter10: train_loss:0.08474306762218475
iter20: train_loss:0.09228228032588959
iter30: train_loss:0.08266197890043259
iter40: train_loss:0.09079507738351822
iter50: train_loss:0.08512234687805176
Validation loss: 0.13565573282539845 Validation RMSE: 0.3676627613604069
EarlyStopping counter: 2 out of 7
====================================================================================================
epoch:25
iter0: train_loss:0.07784683257341385
iter10: train_loss:0.1079661026597023
iter20: train_loss:0.07673095911741257
iter30: train_loss:0.09099090099334717
iter40: train_loss:0.06939400732517242
iter50: train_loss:0.10135534405708313
Validation loss: 0.12990432418882847 Validation RMSE: 0.3585626743733883
====================================================================================================
epoch:26
iter0: train_loss:0.09549929946660995
iter10: train_loss:0.08299094438552856
iter20: train_loss:0.09563647210597992
iter30: train_loss:0.07422851026058197
iter40: train_loss:0.10225092619657516
iter50: train_loss:0.11737065017223358
Validation loss: 0.12646772526204586 Validation RMSE: 0.354990191757679
====================================================================================================
epoch:27
iter0: train_loss:0.08792202174663544
iter10: train_loss:0.0803065225481987
iter20: train_loss:0.08422328531742096
iter30: train_loss:0.09214681386947632
iter40: train_loss:0.09861782193183899
iter50: train_loss:0.09407760202884674
Validation loss: 0.12788613606244326 Validation RMSE: 0.35719867795705795
EarlyStopping counter: 1 out of 7
====================================================================================================
epoch:28
iter0: train_loss:0.09941664338111877
iter10: train_loss:0.10340087860822678
iter20: train_loss:0.09727036207914352
iter30: train_loss:0.08880753815174103
iter40: train_loss:0.08703271299600601
iter50: train_loss:0.0958467349410057
Validation loss: 0.12741888966411352 Validation RMSE: 0.3558196872472763
EarlyStopping counter: 2 out of 7
====================================================================================================
epoch:29
iter0: train_loss:0.080227330327034
iter10: train_loss:0.08923662453889847
iter20: train_loss:0.07786665856838226
iter30: train_loss:0.0945967435836792
iter40: train_loss:0.08656161278486252
iter50: train_loss:0.09812741726636887
Validation loss: 0.12075029406696558 Validation RMSE: 0.34564358741045
====================================================================================================
epoch:30
iter0: train_loss:0.060385655611753464
iter10: train_loss:0.10705380141735077
iter20: train_loss:0.07867623120546341
iter30: train_loss:0.08320052176713943
iter40: train_loss:0.09747020900249481
iter50: train_loss:0.09909148514270782
Validation loss: 0.12456316221505404 Validation RMSE: 0.35232406482100487
EarlyStopping counter: 1 out of 7
====================================================================================================
epoch:31
iter0: train_loss:0.10930635035037994
iter10: train_loss:0.0823560282588005
iter20: train_loss:0.10960355401039124
iter30: train_loss:0.0793907567858696
iter40: train_loss:0.09651505947113037
iter50: train_loss:0.07665839046239853
Validation loss: 0.12270649708807468 Validation RMSE: 0.3475220240652561
EarlyStopping counter: 2 out of 7
====================================================================================================
epoch:32
iter0: train_loss:0.10282247513532639
iter10: train_loss:0.08121363073587418
iter20: train_loss:0.0757979229092598
iter30: train_loss:0.09932100772857666
iter40: train_loss:0.06801803410053253
iter50: train_loss:0.08466789871454239
Validation loss: 0.12205772008746862 Validation RMSE: 0.3472589924931526
EarlyStopping counter: 3 out of 7
====================================================================================================
epoch:33
iter0: train_loss:0.0623747743666172
iter10: train_loss:0.08297669142484665
iter20: train_loss:0.09645956009626389
iter30: train_loss:0.09219231456518173
iter40: train_loss:0.08418209105730057
iter50: train_loss:0.08192203938961029
Validation loss: 0.1230432502925396 Validation RMSE: 0.34949858114123344
EarlyStopping counter: 4 out of 7
====================================================================================================
epoch:34
iter0: train_loss:0.09236535429954529
iter10: train_loss:0.08263666182756424
iter20: train_loss:0.0808357447385788
iter30: train_loss:0.07173999398946762
iter40: train_loss:0.11612748354673386
iter50: train_loss:0.08104144036769867
Validation loss: 0.11731923464685678 Validation RMSE: 0.34113267436623573
====================================================================================================
epoch:35
iter0: train_loss:0.07810792326927185
iter10: train_loss:0.09512197971343994
iter20: train_loss:0.09061824530363083
iter30: train_loss:0.07978438585996628
iter40: train_loss:0.07216719537973404
iter50: train_loss:0.07603847235441208
Validation loss: 0.13102298136800528 Validation RMSE: 0.36086468771100044
EarlyStopping counter: 1 out of 7
====================================================================================================
epoch:36
iter0: train_loss:0.0885605737566948
iter10: train_loss:0.10284315794706345
iter20: train_loss:0.07799594849348068
iter30: train_loss:0.0702972412109375
iter40: train_loss:0.08849447220563889
iter50: train_loss:0.07589451968669891
Validation loss: 0.11493469122797251 Validation RMSE: 0.3373963162302971
====================================================================================================
epoch:37
iter0: train_loss:0.06991183757781982
iter10: train_loss:0.07707604020833969
iter20: train_loss:0.06794385612010956
iter30: train_loss:0.08338043093681335
iter40: train_loss:0.09291187673807144
iter50: train_loss:0.07344965636730194
Validation loss: 0.11249595321714878 Validation RMSE: 0.33383630961179733
====================================================================================================
epoch:38
iter0: train_loss:0.07684702426195145
iter10: train_loss:0.0775059163570404
iter20: train_loss:0.06873685866594315
iter30: train_loss:0.07948040217161179
iter40: train_loss:0.08672027289867401
iter50: train_loss:0.06721875071525574
Validation loss: 0.11187468469142914 Validation RMSE: 0.3332415223121643
====================================================================================================
epoch:39
iter0: train_loss:0.07238852232694626
iter10: train_loss:0.08892175555229187
iter20: train_loss:0.08171562105417252
iter30: train_loss:0.06950067728757858
iter40: train_loss:0.07750719040632248
iter50: train_loss:0.07217298448085785
Validation loss: 0.11236244719475508 Validation RMSE: 0.33472007885575294
EarlyStopping counter: 1 out of 7
====================================================================================================
epoch:40
iter0: train_loss:0.0944996252655983
iter10: train_loss:0.07115697115659714
iter20: train_loss:0.06847068667411804
iter30: train_loss:0.06450061500072479
iter40: train_loss:0.08152773976325989
iter50: train_loss:0.07328873872756958
Validation loss: 0.10252043046057224 Validation RMSE: 0.3195629455149174
====================================================================================================
epoch:41
iter0: train_loss:0.07309229671955109
iter10: train_loss:0.07483035326004028
iter20: train_loss:0.08239049464464188
iter30: train_loss:0.0689239576458931
iter40: train_loss:0.07867804914712906
iter50: train_loss:0.07986455410718918
Validation loss: 0.11401674896478653 Validation RMSE: 0.33718445524573326
EarlyStopping counter: 1 out of 7
====================================================================================================
epoch:42
iter0: train_loss:0.07217835634946823
iter10: train_loss:0.07587611675262451
iter20: train_loss:0.06898131221532822
iter30: train_loss:0.07705682516098022
iter40: train_loss:0.08680282533168793
iter50: train_loss:0.07757346332073212
Validation loss: 0.10968560446053743 Validation RMSE: 0.3294009417295456
EarlyStopping counter: 2 out of 7
====================================================================================================
epoch:43
iter0: train_loss:0.0651307925581932
iter10: train_loss:0.09492307156324387
iter20: train_loss:0.08318807184696198
iter30: train_loss:0.07393188774585724
iter40: train_loss:0.10541175305843353
iter50: train_loss:0.0728236511349678
Validation loss: 0.11183578986674547 Validation RMSE: 0.3335251063108444
EarlyStopping counter: 3 out of 7
====================================================================================================
epoch:44
iter0: train_loss:0.07268822193145752
iter10: train_loss:0.07473674416542053
iter20: train_loss:0.07643283903598785
iter30: train_loss:0.07244420051574707
iter40: train_loss:0.07900170981884003
iter50: train_loss:0.08135761320590973
Validation loss: 0.10761710163205862 Validation RMSE: 0.3262561224400997
EarlyStopping counter: 4 out of 7
====================================================================================================
epoch:45
iter0: train_loss:0.0670662373304367
iter10: train_loss:0.09079097211360931
iter20: train_loss:0.06828667968511581
iter30: train_loss:0.07261231541633606
iter40: train_loss:0.09143545478582382
iter50: train_loss:0.07187817990779877
Validation loss: 0.1121246563270688 Validation RMSE: 0.33351175114512444
EarlyStopping counter: 5 out of 7
====================================================================================================
epoch:46
iter0: train_loss:0.06432878226041794
iter10: train_loss:0.05908641591668129
iter20: train_loss:0.06943894922733307
iter30: train_loss:0.07677852362394333
iter40: train_loss:0.09220744669437408
iter50: train_loss:0.06736636906862259
Validation loss: 0.1079538119956851 Validation RMSE: 0.32660549506545067
EarlyStopping counter: 6 out of 7
====================================================================================================
epoch:47
iter0: train_loss:0.06447616964578629
iter10: train_loss:0.06758634746074677
iter20: train_loss:0.08133287727832794
iter30: train_loss:0.07399750500917435
iter40: train_loss:0.09450392425060272
iter50: train_loss:0.07671133428812027
Validation loss: 0.10694451536983252 Validation RMSE: 0.3258461318910122
EarlyStopping counter: 7 out of 7
Early stopping
MAE: 1.799 RMSE: 3.053 MAPE: 3.683
Spend Time: 95.94124007225037
