epoch:0
iter0: train_loss:1.2615234851837158
iter10: train_loss:0.7069122195243835
iter20: train_loss:0.6348956227302551
iter30: train_loss:0.6286332011222839
Validation loss: 0.6020569096912037 Validation RMSE: 0.7758736122738231
====================================================================================================
epoch:1
iter0: train_loss:0.5533021688461304
iter10: train_loss:0.5159433484077454
iter20: train_loss:0.44591930508613586
iter30: train_loss:0.3645747900009155
Validation loss: 0.4779829274524342 Validation RMSE: 0.6911465200510892
====================================================================================================
epoch:2
iter0: train_loss:0.43930065631866455
iter10: train_loss:0.2557388246059418
iter20: train_loss:0.19592957198619843
iter30: train_loss:0.1862684041261673
Validation loss: 0.2109150683337992 Validation RMSE: 0.45918812264095654
====================================================================================================
epoch:3
iter0: train_loss:0.18391619622707367
iter10: train_loss:0.17393773794174194
iter20: train_loss:0.16804258525371552
iter30: train_loss:0.1375066488981247
Validation loss: 0.1556315557523207 Validation RMSE: 0.3944087489084764
====================================================================================================
epoch:4
iter0: train_loss:0.12719064950942993
iter10: train_loss:0.12372393161058426
iter20: train_loss:0.12970302999019623
iter30: train_loss:0.16154488921165466
Validation loss: 0.1574006283825094 Validation RMSE: 0.3967049067670649
EarlyStopping counter: 1 out of 7
====================================================================================================
epoch:5
iter0: train_loss:0.1347181797027588
iter10: train_loss:0.12501227855682373
iter20: train_loss:0.1200486496090889
iter30: train_loss:0.12438981235027313
Validation loss: 0.1663402874361385 Validation RMSE: 0.40769473531029443
EarlyStopping counter: 2 out of 7
====================================================================================================
epoch:6
iter0: train_loss:0.148572638630867
iter10: train_loss:0.13104665279388428
iter20: train_loss:0.1393173784017563
iter30: train_loss:0.12018619477748871
Validation loss: 0.13509457897056232 Validation RMSE: 0.3674840710379861
====================================================================================================
epoch:7
iter0: train_loss:0.12312394380569458
iter10: train_loss:0.13019971549510956
iter20: train_loss:0.10886046290397644
iter30: train_loss:0.11945881694555283
Validation loss: 0.1331237866119905 Validation RMSE: 0.36459728533571417
====================================================================================================
epoch:8
iter0: train_loss:0.10839048773050308
iter10: train_loss:0.10287466645240784
iter20: train_loss:0.12017302215099335
iter30: train_loss:0.12817297875881195
Validation loss: 0.13089276985688644 Validation RMSE: 0.3616872077638453
====================================================================================================
epoch:9
iter0: train_loss:0.11163699626922607
iter10: train_loss:0.11608072370290756
iter20: train_loss:0.11616756021976471
iter30: train_loss:0.12388899177312851
Validation loss: 0.1309171813455495 Validation RMSE: 0.3617208410393108
EarlyStopping counter: 1 out of 7
====================================================================================================
epoch:10
iter0: train_loss:0.11221175640821457
iter10: train_loss:0.10666614770889282
iter20: train_loss:0.12775583565235138
iter30: train_loss:0.1189628317952156
Validation loss: 0.12472300095991655 Validation RMSE: 0.3531031771139665
====================================================================================================
epoch:11
iter0: train_loss:0.1077994778752327
iter10: train_loss:0.12366481870412827
iter20: train_loss:0.12337092310190201
iter30: train_loss:0.13329681754112244
Validation loss: 0.1329322186383334 Validation RMSE: 0.3645254265178334
EarlyStopping counter: 1 out of 7
====================================================================================================
epoch:12
iter0: train_loss:0.11174753308296204
iter10: train_loss:0.12018296122550964
iter20: train_loss:0.11637631803750992
iter30: train_loss:0.11191752552986145
Validation loss: 0.12698533724654804 Validation RMSE: 0.35627607865767047
EarlyStopping counter: 2 out of 7
====================================================================================================
epoch:13
iter0: train_loss:0.10694758594036102
iter10: train_loss:0.10096413642168045
iter20: train_loss:0.10975241661071777
iter30: train_loss:0.11343009769916534
Validation loss: 0.1298399797894738 Validation RMSE: 0.3602216216650876
EarlyStopping counter: 3 out of 7
====================================================================================================
epoch:14
iter0: train_loss:0.10839774459600449
iter10: train_loss:0.0984242856502533
iter20: train_loss:0.10029279440641403
iter30: train_loss:0.10846540331840515
Validation loss: 0.12032380971041592 Validation RMSE: 0.3467785824428905
====================================================================================================
epoch:15
iter0: train_loss:0.11073651164770126
iter10: train_loss:0.11185258626937866
iter20: train_loss:0.11200562864542007
iter30: train_loss:0.10698611289262772
Validation loss: 0.11799978938969699 Validation RMSE: 0.3433598957278512
====================================================================================================
epoch:16
iter0: train_loss:0.10493385791778564
iter10: train_loss:0.10020889341831207
iter20: train_loss:0.10508373379707336
iter30: train_loss:0.10275517404079437
Validation loss: 0.11487875269217925 Validation RMSE: 0.3388070193204013
====================================================================================================
epoch:17
iter0: train_loss:0.09647787362337112
iter10: train_loss:0.09102044254541397
iter20: train_loss:0.10085771232843399
iter30: train_loss:0.0981331393122673
Validation loss: 0.11667751182209361 Validation RMSE: 0.34148097851059656
EarlyStopping counter: 1 out of 7
====================================================================================================
epoch:18
iter0: train_loss:0.08816196769475937
iter10: train_loss:0.09691708534955978
iter20: train_loss:0.10559500753879547
iter30: train_loss:0.09633379429578781
Validation loss: 0.11304366656325081 Validation RMSE: 0.3360765657641671
====================================================================================================
epoch:19
iter0: train_loss:0.10875163972377777
iter10: train_loss:0.11000708490610123
iter20: train_loss:0.1060725674033165
iter30: train_loss:0.10294588655233383
Validation loss: 0.11330547793345018 Validation RMSE: 0.3364664207805287
EarlyStopping counter: 1 out of 7
====================================================================================================
epoch:20
iter0: train_loss:0.10008157789707184
iter10: train_loss:0.10436242818832397
iter20: train_loss:0.09344717860221863
iter30: train_loss:0.09481307864189148
Validation loss: 0.11237297410314734 Validation RMSE: 0.33514900370077655
====================================================================================================
epoch:21
iter0: train_loss:0.09049130231142044
iter10: train_loss:0.09338259696960449
iter20: train_loss:0.09448599070310593
iter30: train_loss:0.09718626737594604
Validation loss: 0.11357198655605316 Validation RMSE: 0.3368516212159937
EarlyStopping counter: 1 out of 7
====================================================================================================
epoch:22
iter0: train_loss:0.09492328763008118
iter10: train_loss:0.09140178561210632
iter20: train_loss:0.09037982672452927
iter30: train_loss:0.10109882056713104
Validation loss: 0.11008420247923244 Validation RMSE: 0.331683567979119
====================================================================================================
epoch:23
iter0: train_loss:0.1058853268623352
iter10: train_loss:0.08668341487646103
iter20: train_loss:0.10072769224643707
iter30: train_loss:0.10036429762840271
Validation loss: 0.1116813753138889 Validation RMSE: 0.3340513435277072
EarlyStopping counter: 1 out of 7
====================================================================================================
epoch:24
iter0: train_loss:0.10006679594516754
iter10: train_loss:0.09370145946741104
iter20: train_loss:0.09582846611738205
iter30: train_loss:0.10339446365833282
Validation loss: 0.11007305979728699 Validation RMSE: 0.33167867227034137
====================================================================================================
epoch:25
iter0: train_loss:0.09118709713220596
iter10: train_loss:0.09956724941730499
iter20: train_loss:0.09291394799947739
iter30: train_loss:0.09780280292034149
Validation loss: 0.1202921515161341 Validation RMSE: 0.3467596444216641
EarlyStopping counter: 1 out of 7
====================================================================================================
epoch:26
iter0: train_loss:0.08874757587909698
iter10: train_loss:0.091963030397892
iter20: train_loss:0.08940091729164124
iter30: train_loss:0.09057744592428207
Validation loss: 0.12158974734219638 Validation RMSE: 0.3485199077562852
EarlyStopping counter: 2 out of 7
====================================================================================================
epoch:27
iter0: train_loss:0.08887235820293427
iter10: train_loss:0.08507995307445526
iter20: train_loss:0.08638789504766464
iter30: train_loss:0.09643959254026413
Validation loss: 0.11170195788145065 Validation RMSE: 0.33416469259695575
EarlyStopping counter: 3 out of 7
====================================================================================================
epoch:28
iter0: train_loss:0.09572307020425797
iter10: train_loss:0.08791554719209671
iter20: train_loss:0.09868640452623367
iter30: train_loss:0.09605473279953003
Validation loss: 0.11134162071076306 Validation RMSE: 0.3335474296049638
EarlyStopping counter: 4 out of 7
====================================================================================================
epoch:29
iter0: train_loss:0.09783825278282166
iter10: train_loss:0.09592176228761673
iter20: train_loss:0.08809579163789749
iter30: train_loss:0.0959428921341896
Validation loss: 0.10945178907025944 Validation RMSE: 0.3307428576729514
====================================================================================================
epoch:30
iter0: train_loss:0.09174454212188721
iter10: train_loss:0.09453125298023224
iter20: train_loss:0.08177769929170609
iter30: train_loss:0.09438451379537582
Validation loss: 0.10968464477495714 Validation RMSE: 0.33114197037436743
EarlyStopping counter: 1 out of 7
====================================================================================================
epoch:31
iter0: train_loss:0.09559732675552368
iter10: train_loss:0.10045689344406128
iter20: train_loss:0.09102696925401688
iter30: train_loss:0.0917055681347847
Validation loss: 0.1111638830466704 Validation RMSE: 0.3332925330508839
EarlyStopping counter: 2 out of 7
====================================================================================================
epoch:32
iter0: train_loss:0.08098071813583374
iter10: train_loss:0.08430200815200806
iter20: train_loss:0.09597980231046677
iter30: train_loss:0.10279549658298492
Validation loss: 0.10660425370389764 Validation RMSE: 0.3264413936571641
====================================================================================================
epoch:33
iter0: train_loss:0.0940292552113533
iter10: train_loss:0.08617636561393738
iter20: train_loss:0.09269936382770538
iter30: train_loss:0.09018456935882568
Validation loss: 0.10615636950189417 Validation RMSE: 0.3256739215417342
====================================================================================================
epoch:34
iter0: train_loss:0.0946575328707695
iter10: train_loss:0.08951626718044281
iter20: train_loss:0.09261028468608856
iter30: train_loss:0.09670393168926239
Validation loss: 0.1055366728793491 Validation RMSE: 0.3248032439838756
====================================================================================================
epoch:35
iter0: train_loss:0.09148827940225601
iter10: train_loss:0.09472763538360596
iter20: train_loss:0.07991572469472885
iter30: train_loss:0.0856490507721901
Validation loss: 0.10574881055138328 Validation RMSE: 0.3250875743952664
EarlyStopping counter: 1 out of 7
====================================================================================================
epoch:36
iter0: train_loss:0.10188702493906021
iter10: train_loss:0.0989617109298706
iter20: train_loss:0.07529638707637787
iter30: train_loss:0.09845523536205292
Validation loss: 0.10615775666453621 Validation RMSE: 0.3257119493051009
EarlyStopping counter: 2 out of 7
====================================================================================================
epoch:37
iter0: train_loss:0.08776021003723145
iter10: train_loss:0.10254143923521042
iter20: train_loss:0.08992765098810196
iter30: train_loss:0.09375174343585968
Validation loss: 0.10608333078297702 Validation RMSE: 0.3256250565702265
EarlyStopping counter: 3 out of 7
====================================================================================================
epoch:38
iter0: train_loss:0.08878584206104279
iter10: train_loss:0.10266904532909393
iter20: train_loss:0.09712906181812286
iter30: train_loss:0.08805236220359802
Validation loss: 0.10480048710649664 Validation RMSE: 0.3236616606062109
====================================================================================================
epoch:39
iter0: train_loss:0.09743765741586685
iter10: train_loss:0.08349777013063431
iter20: train_loss:0.0877760574221611
iter30: train_loss:0.08675507456064224
Validation loss: 0.12760853631929917 Validation RMSE: 0.35701262138106604
EarlyStopping counter: 1 out of 7
====================================================================================================
epoch:40
iter0: train_loss:0.09592597931623459
iter10: train_loss:0.10081594437360764
iter20: train_loss:0.08443547785282135
iter30: train_loss:0.08200603723526001
Validation loss: 0.10851589387113397 Validation RMSE: 0.32934649965979834
EarlyStopping counter: 2 out of 7
====================================================================================================
epoch:41
iter0: train_loss:0.08452126383781433
iter10: train_loss:0.09205837547779083
iter20: train_loss:0.08674468845129013
iter30: train_loss:0.09059258550405502
Validation loss: 0.10862540385939858 Validation RMSE: 0.3295634822411971
EarlyStopping counter: 3 out of 7
====================================================================================================
epoch:42
iter0: train_loss:0.09344147145748138
iter10: train_loss:0.08802910149097443
iter20: train_loss:0.09384751319885254
iter30: train_loss:0.08428400009870529
Validation loss: 0.10626963729208166 Validation RMSE: 0.3259626437317241
EarlyStopping counter: 4 out of 7
====================================================================================================
epoch:43
iter0: train_loss:0.08217138797044754
iter10: train_loss:0.08830711990594864
iter20: train_loss:0.08525107055902481
iter30: train_loss:0.0855080783367157
Validation loss: 0.10425714403390884 Validation RMSE: 0.3227782032706521
====================================================================================================
epoch:44
iter0: train_loss:0.08983504772186279
iter10: train_loss:0.09138613194227219
iter20: train_loss:0.07604802399873734
iter30: train_loss:0.08934394270181656
Validation loss: 0.10296819020401347 Validation RMSE: 0.32083081657236273
====================================================================================================
epoch:45
iter0: train_loss:0.08695653825998306
iter10: train_loss:0.09913501143455505
iter20: train_loss:0.09040580689907074
iter30: train_loss:0.09475509077310562
Validation loss: 0.10298775271935896 Validation RMSE: 0.3208060481331565
EarlyStopping counter: 1 out of 7
====================================================================================================
epoch:46
iter0: train_loss:0.09015302360057831
iter10: train_loss:0.09246768057346344
iter20: train_loss:0.08607269823551178
iter30: train_loss:0.08102289587259293
Validation loss: 0.1256890114058148 Validation RMSE: 0.3544554249806838
EarlyStopping counter: 2 out of 7
====================================================================================================
epoch:47
iter0: train_loss:0.08640877902507782
iter10: train_loss:0.08133519440889359
iter20: train_loss:0.08446982502937317
iter30: train_loss:0.0845923200249672
Validation loss: 0.10768953236666592 Validation RMSE: 0.32808568531816656
EarlyStopping counter: 3 out of 7
====================================================================================================
epoch:48
iter0: train_loss:0.07670926302671432
iter10: train_loss:0.08177933096885681
iter20: train_loss:0.09222719073295593
iter30: train_loss:0.09027009457349777
Validation loss: 0.10219169475815514 Validation RMSE: 0.3195638954639435
====================================================================================================
epoch:49
iter0: train_loss:0.08934499323368073
iter10: train_loss:0.09674578905105591
iter20: train_loss:0.0953599363565445
iter30: train_loss:0.08555915206670761
Validation loss: 0.11132227155295285 Validation RMSE: 0.33347142284566705
EarlyStopping counter: 1 out of 7
====================================================================================================
epoch:50
iter0: train_loss:0.09279827773571014
iter10: train_loss:0.09157738834619522
iter20: train_loss:0.08715604245662689
iter30: train_loss:0.08936179429292679
Validation loss: 0.10580466755411842 Validation RMSE: 0.3252296474846927
EarlyStopping counter: 2 out of 7
====================================================================================================
epoch:51
iter0: train_loss:0.08385312557220459
iter10: train_loss:0.08727923780679703
iter20: train_loss:0.08132877200841904
iter30: train_loss:0.08357174694538116
Validation loss: 0.1015694879672744 Validation RMSE: 0.31856244802474976
====================================================================================================
epoch:52
iter0: train_loss:0.08862920105457306
iter10: train_loss:0.0835220143198967
iter20: train_loss:0.08860860019922256
iter30: train_loss:0.0983429104089737
Validation loss: 0.10547344047914851 Validation RMSE: 0.3246403688734228
EarlyStopping counter: 1 out of 7
====================================================================================================
epoch:53
iter0: train_loss:0.08812681585550308
iter10: train_loss:0.08302190154790878
iter20: train_loss:0.07795646786689758
iter30: train_loss:0.08878275007009506
Validation loss: 0.10302487151189284 Validation RMSE: 0.32083198157223786
EarlyStopping counter: 2 out of 7
====================================================================================================
epoch:54
iter0: train_loss:0.0944860428571701
iter10: train_loss:0.08375061303377151
iter20: train_loss:0.08969207108020782
iter30: train_loss:0.08386144042015076
Validation loss: 0.10432760552926497 Validation RMSE: 0.3228827823292125
EarlyStopping counter: 3 out of 7
====================================================================================================
epoch:55
iter0: train_loss:0.09720542281866074
iter10: train_loss:0.09305065870285034
iter20: train_loss:0.08691505342721939
iter30: train_loss:0.09076835215091705
Validation loss: 0.10246648707173088 Validation RMSE: 0.32004088163375854
EarlyStopping counter: 4 out of 7
====================================================================================================
epoch:56
iter0: train_loss:0.08423500508069992
iter10: train_loss:0.0888969823718071
iter20: train_loss:0.08435960859060287
iter30: train_loss:0.09099006652832031
Validation loss: 0.10280425914309242 Validation RMSE: 0.3205345462669026
EarlyStopping counter: 5 out of 7
====================================================================================================
epoch:57
iter0: train_loss:0.0878148302435875
iter10: train_loss:0.09695852547883987
iter20: train_loss:0.0955929309129715
iter30: train_loss:0.08076409995555878
Validation loss: 0.10186953436244618 Validation RMSE: 0.31901108676737006
EarlyStopping counter: 6 out of 7
====================================================================================================
epoch:58
iter0: train_loss:0.09679833054542542
iter10: train_loss:0.081267349421978
iter20: train_loss:0.07968677580356598
iter30: train_loss:0.08197981119155884
Validation loss: 0.10085800831968134 Validation RMSE: 0.31747639721090143
====================================================================================================
epoch:59
iter0: train_loss:0.09145168960094452
iter10: train_loss:0.07262278348207474
iter20: train_loss:0.08891437202692032
iter30: train_loss:0.09358415752649307
Validation loss: 0.10243792628700082 Validation RMSE: 0.3199899061159654
EarlyStopping counter: 1 out of 7
====================================================================================================
epoch:60
iter0: train_loss:0.08360885083675385
iter10: train_loss:0.08331666141748428
iter20: train_loss:0.08677323907613754
iter30: train_loss:0.09592457115650177
Validation loss: 0.10627222873947838 Validation RMSE: 0.3259419690478932
EarlyStopping counter: 2 out of 7
====================================================================================================
epoch:61
iter0: train_loss:0.08448434621095657
iter10: train_loss:0.09110801666975021
iter20: train_loss:0.07580836117267609
iter30: train_loss:0.08029773086309433
Validation loss: 0.10002943196079948 Validation RMSE: 0.3162007277662104
====================================================================================================
epoch:62
iter0: train_loss:0.08819280564785004
iter10: train_loss:0.09118160605430603
iter20: train_loss:0.08436395972967148
iter30: train_loss:0.08418574184179306
Validation loss: 0.11609926684336229 Validation RMSE: 0.3405937877568332
EarlyStopping counter: 1 out of 7
====================================================================================================
epoch:63
iter0: train_loss:0.08857543766498566
iter10: train_loss:0.08524512499570847
iter20: train_loss:0.08017949759960175
iter30: train_loss:0.09160514920949936
Validation loss: 0.10017789493907582 Validation RMSE: 0.31647254120219837
EarlyStopping counter: 2 out of 7
====================================================================================================
epoch:64
iter0: train_loss:0.10285348445177078
iter10: train_loss:0.0907210037112236
iter20: train_loss:0.08955933898687363
iter30: train_loss:0.0972822904586792
Validation loss: 0.09998313134366815 Validation RMSE: 0.31606741926886817
====================================================================================================
epoch:65
iter0: train_loss:0.0921415463089943
iter10: train_loss:0.0861833319067955
iter20: train_loss:0.09865335375070572
iter30: train_loss:0.08017534762620926
Validation loss: 0.1011969115246426 Validation RMSE: 0.31797716834328393
EarlyStopping counter: 1 out of 7
====================================================================================================
epoch:66
iter0: train_loss:0.08150733262300491
iter10: train_loss:0.08977033942937851
iter20: train_loss:0.0948161706328392
iter30: train_loss:0.07853284478187561
Validation loss: 0.10240146788683804 Validation RMSE: 0.3199577900496396
EarlyStopping counter: 2 out of 7
====================================================================================================
epoch:67
iter0: train_loss:0.08426228910684586
iter10: train_loss:0.08702244609594345
iter20: train_loss:0.08625218272209167
iter30: train_loss:0.08279749751091003
Validation loss: 0.10103477876294743 Validation RMSE: 0.31779656356031244
EarlyStopping counter: 3 out of 7
====================================================================================================
epoch:68
iter0: train_loss:0.08667951077222824
iter10: train_loss:0.08252367377281189
iter20: train_loss:0.08092249929904938
iter30: train_loss:0.07840186357498169
Validation loss: 0.10584524273872375 Validation RMSE: 0.32529823075641284
EarlyStopping counter: 4 out of 7
====================================================================================================
epoch:69
iter0: train_loss:0.08143642544746399
iter10: train_loss:0.09153170138597488
iter20: train_loss:0.08594085276126862
iter30: train_loss:0.08737849444150925
Validation loss: 0.10079114748673006 Validation RMSE: 0.31742552193728363
EarlyStopping counter: 5 out of 7
====================================================================================================
epoch:70
iter0: train_loss:0.0845298245549202
iter10: train_loss:0.08937595039606094
iter20: train_loss:0.0830247774720192
iter30: train_loss:0.08277980238199234
Validation loss: 0.11230972544713454 Validation RMSE: 0.33505645936185663
EarlyStopping counter: 6 out of 7
====================================================================================================
epoch:71
iter0: train_loss:0.08003222942352295
iter10: train_loss:0.08925359696149826
iter20: train_loss:0.08517372608184814
iter30: train_loss:0.08707240968942642
Validation loss: 0.10445431010289626 Validation RMSE: 0.32315638390454376
EarlyStopping counter: 7 out of 7
Early stopping
MAE: 2.572 RMSE: 3.718 MAPE: 10.807
Spend Time: 93.46455216407776
