epoch:0
iter0: train_loss:1.2996315956115723
iter10: train_loss:0.7323651313781738
iter20: train_loss:0.6387335658073425
iter30: train_loss:0.5763196349143982
Validation loss: 0.5996525504372336 Validation RMSE: 0.7743420275774869
====================================================================================================
epoch:1
iter0: train_loss:0.5671927332878113
iter10: train_loss:0.49019306898117065
iter20: train_loss:0.40305963158607483
iter30: train_loss:0.30448874831199646
Validation loss: 0.30138207294724206 Validation RMSE: 0.5489261204546149
====================================================================================================
epoch:2
iter0: train_loss:0.28088870644569397
iter10: train_loss:0.2116204798221588
iter20: train_loss:0.16308794915676117
iter30: train_loss:0.19366414844989777
Validation loss: 0.16057978841391476 Validation RMSE: 0.4006183418360623
====================================================================================================
epoch:3
iter0: train_loss:0.154887855052948
iter10: train_loss:0.12498489767313004
iter20: train_loss:0.13283541798591614
iter30: train_loss:0.10559935867786407
Validation loss: 0.12646183642474088 Validation RMSE: 0.35550536621700635
====================================================================================================
epoch:4
iter0: train_loss:0.1293972283601761
iter10: train_loss:0.11128730326890945
iter20: train_loss:0.11649785190820694
iter30: train_loss:0.11318556219339371
Validation loss: 0.15711437572132458 Validation RMSE: 0.3962833881378174
EarlyStopping counter: 1 out of 7
====================================================================================================
epoch:5
iter0: train_loss:0.1475035548210144
iter10: train_loss:0.12185966968536377
iter20: train_loss:0.11493723094463348
iter30: train_loss:0.11048299819231033
Validation loss: 0.11706991764632138 Validation RMSE: 0.34207246791232715
====================================================================================================
epoch:6
iter0: train_loss:0.10119234025478363
iter10: train_loss:0.10423100739717484
iter20: train_loss:0.11754228174686432
iter30: train_loss:0.1115613505244255
Validation loss: 0.1168225495652719 Validation RMSE: 0.3417208655314012
====================================================================================================
epoch:7
iter0: train_loss:0.10250899195671082
iter10: train_loss:0.10959871113300323
iter20: train_loss:0.1072755679488182
iter30: train_loss:0.10251330584287643
Validation loss: 0.11341650716283104 Validation RMSE: 0.3366826989433982
====================================================================================================
epoch:8
iter0: train_loss:0.10899509489536285
iter10: train_loss:0.10046747326850891
iter20: train_loss:0.10800284892320633
iter30: train_loss:0.10694696754217148
Validation loss: 0.1131460964679718 Validation RMSE: 0.33629451014778833
====================================================================================================
epoch:9
iter0: train_loss:0.10560189187526703
iter10: train_loss:0.10143399983644485
iter20: train_loss:0.09001705050468445
iter30: train_loss:0.1071120947599411
Validation loss: 0.12005063620480624 Validation RMSE: 0.3463717048818415
EarlyStopping counter: 1 out of 7
====================================================================================================
epoch:10
iter0: train_loss:0.11159192770719528
iter10: train_loss:0.1032625287771225
iter20: train_loss:0.09632036089897156
iter30: train_loss:0.09067089855670929
Validation loss: 0.10867105153473941 Validation RMSE: 0.32953336563977326
====================================================================================================
epoch:11
iter0: train_loss:0.09678861498832703
iter10: train_loss:0.09497708827257156
iter20: train_loss:0.09626377373933792
iter30: train_loss:0.1071113795042038
Validation loss: 0.11223168332468379 Validation RMSE: 0.3348481004888361
EarlyStopping counter: 1 out of 7
====================================================================================================
epoch:12
iter0: train_loss:0.10181546211242676
iter10: train_loss:0.09987138956785202
iter20: train_loss:0.10193906724452972
iter30: train_loss:0.10321605205535889
Validation loss: 0.10664167593825948 Validation RMSE: 0.32636788758364593
====================================================================================================
epoch:13
iter0: train_loss:0.09603846818208694
iter10: train_loss:0.10154230892658234
iter20: train_loss:0.09083758294582367
iter30: train_loss:0.10795657336711884
Validation loss: 0.10490783303976059 Validation RMSE: 0.3237509619105946
====================================================================================================
epoch:14
iter0: train_loss:0.08013304322957993
iter10: train_loss:0.09477504342794418
iter20: train_loss:0.10777545720338821
iter30: train_loss:0.10075262188911438
Validation loss: 0.10597640343687752 Validation RMSE: 0.3253753185272217
EarlyStopping counter: 1 out of 7
====================================================================================================
epoch:15
iter0: train_loss:0.10280589759349823
iter10: train_loss:0.08694644272327423
iter20: train_loss:0.08784079551696777
iter30: train_loss:0.09912746399641037
Validation loss: 0.11073785072023218 Validation RMSE: 0.3326216773553328
EarlyStopping counter: 2 out of 7
====================================================================================================
epoch:16
iter0: train_loss:0.10169728100299835
iter10: train_loss:0.09071706235408783
iter20: train_loss:0.09323810040950775
iter30: train_loss:0.09098688513040543
Validation loss: 0.10307794267481024 Validation RMSE: 0.3209474872459065
====================================================================================================
epoch:17
iter0: train_loss:0.09064900130033493
iter10: train_loss:0.09450680762529373
iter20: train_loss:0.08058562129735947
iter30: train_loss:0.09464835375547409
Validation loss: 0.10082363337278366 Validation RMSE: 0.3173365728421645
====================================================================================================
epoch:18
iter0: train_loss:0.09590815752744675
iter10: train_loss:0.09165070205926895
iter20: train_loss:0.10093564540147781
iter30: train_loss:0.08609651029109955
Validation loss: 0.10012153061953458 Validation RMSE: 0.3163527548313141
====================================================================================================
epoch:19
iter0: train_loss:0.10224995762109756
iter10: train_loss:0.08375664055347443
iter20: train_loss:0.08224276453256607
iter30: train_loss:0.09002400934696198
Validation loss: 0.10067726603963158 Validation RMSE: 0.3171329877593301
EarlyStopping counter: 1 out of 7
====================================================================================================
epoch:20
iter0: train_loss:0.09052207320928574
iter10: train_loss:0.08727683871984482
iter20: train_loss:0.07950173318386078
iter30: train_loss:0.08899951726198196
Validation loss: 0.10031161931428043 Validation RMSE: 0.31659155271270056
EarlyStopping counter: 2 out of 7
====================================================================================================
epoch:21
iter0: train_loss:0.08491014689207077
iter10: train_loss:0.0815444216132164
iter20: train_loss:0.08396915346384048
iter30: train_loss:0.08750416338443756
Validation loss: 0.0995036085898226 Validation RMSE: 0.3153437755324624
====================================================================================================
epoch:22
iter0: train_loss:0.08669831603765488
iter10: train_loss:0.07431229948997498
iter20: train_loss:0.08802060782909393
iter30: train_loss:0.08367154747247696
Validation loss: 0.10395236177877946 Validation RMSE: 0.32237950509244745
EarlyStopping counter: 1 out of 7
====================================================================================================
epoch:23
iter0: train_loss:0.08375798910856247
iter10: train_loss:0.08549149334430695
iter20: train_loss:0.08521322906017303
iter30: train_loss:0.09182506054639816
Validation loss: 0.09459559483961626 Validation RMSE: 0.3075158352201635
====================================================================================================
epoch:24
iter0: train_loss:0.08550527691841125
iter10: train_loss:0.08058914542198181
iter20: train_loss:0.08351081609725952
iter30: train_loss:0.08879519999027252
Validation loss: 0.09668408334255219 Validation RMSE: 0.31083920327099884
EarlyStopping counter: 1 out of 7
====================================================================================================
epoch:25
iter0: train_loss:0.081512950360775
iter10: train_loss:0.08746327459812164
iter20: train_loss:0.09509418904781342
iter30: train_loss:0.08096081018447876
Validation loss: 0.09605570747093721 Validation RMSE: 0.3096604618159207
EarlyStopping counter: 2 out of 7
====================================================================================================
epoch:26
iter0: train_loss:0.08833516389131546
iter10: train_loss:0.08552534878253937
iter20: train_loss:0.08437791466712952
iter30: train_loss:0.08468907326459885
Validation loss: 0.0935202193531123 Validation RMSE: 0.30574617331678217
====================================================================================================
epoch:27
iter0: train_loss:0.07982933521270752
iter10: train_loss:0.07817962020635605
iter20: train_loss:0.0830291211605072
iter30: train_loss:0.08760000765323639
Validation loss: 0.09363802183758128 Validation RMSE: 0.30592801896008576
EarlyStopping counter: 1 out of 7
====================================================================================================
epoch:28
iter0: train_loss:0.08141376078128815
iter10: train_loss:0.07669127732515335
iter20: train_loss:0.07373214513063431
iter30: train_loss:0.07914292812347412
Validation loss: 0.09244304421273145 Validation RMSE: 0.30401022325862537
====================================================================================================
epoch:29
iter0: train_loss:0.0715283453464508
iter10: train_loss:0.0720638632774353
iter20: train_loss:0.08314748108386993
iter30: train_loss:0.07765219360589981
Validation loss: 0.09477975016290491 Validation RMSE: 0.30779173699292267
EarlyStopping counter: 1 out of 7
====================================================================================================
epoch:30
iter0: train_loss:0.07892122119665146
iter10: train_loss:0.0834219679236412
iter20: train_loss:0.07811399549245834
iter30: train_loss:0.07685579359531403
Validation loss: 0.08994633027098396 Validation RMSE: 0.2998215312307531
====================================================================================================
epoch:31
iter0: train_loss:0.07554898411035538
iter10: train_loss:0.07176437973976135
iter20: train_loss:0.08833977580070496
iter30: train_loss:0.0777168944478035
Validation loss: 0.08923053335059773 Validation RMSE: 0.2986185063015331
====================================================================================================
epoch:32
iter0: train_loss:0.07776102423667908
iter10: train_loss:0.07067253440618515
iter20: train_loss:0.07137604057788849
iter30: train_loss:0.07884969562292099
Validation loss: 0.09123783016746695 Validation RMSE: 0.30193076079541986
EarlyStopping counter: 1 out of 7
====================================================================================================
epoch:33
iter0: train_loss:0.08040599524974823
iter10: train_loss:0.07260123640298843
iter20: train_loss:0.08252567797899246
iter30: train_loss:0.07504162937402725
Validation loss: 0.09071626378731294 Validation RMSE: 0.3010938519781286
EarlyStopping counter: 2 out of 7
====================================================================================================
epoch:34
iter0: train_loss:0.07783997803926468
iter10: train_loss:0.08232896775007248
iter20: train_loss:0.06771270185709
iter30: train_loss:0.07563800364732742
Validation loss: 0.09138603779402646 Validation RMSE: 0.3021826852451671
EarlyStopping counter: 3 out of 7
====================================================================================================
epoch:35
iter0: train_loss:0.07279165834188461
iter10: train_loss:0.07442715018987656
iter20: train_loss:0.07938659936189651
iter30: train_loss:0.07169178128242493
Validation loss: 0.08899331770159981 Validation RMSE: 0.2982676191763444
====================================================================================================
epoch:36
iter0: train_loss:0.06979236006736755
iter10: train_loss:0.07213009148836136
iter20: train_loss:0.07140767574310303
iter30: train_loss:0.08841681480407715
Validation loss: 0.08706873045726256 Validation RMSE: 0.2950531244277954
====================================================================================================
epoch:37
iter0: train_loss:0.07716470956802368
iter10: train_loss:0.07999435067176819
iter20: train_loss:0.07331188023090363
iter30: train_loss:0.07007628679275513
Validation loss: 0.08801246163519946 Validation RMSE: 0.29657978090372955
EarlyStopping counter: 1 out of 7
====================================================================================================
epoch:38
iter0: train_loss:0.07183993607759476
iter10: train_loss:0.07883118093013763
iter20: train_loss:0.08369503915309906
iter30: train_loss:0.07623132318258286
Validation loss: 0.09084657715125517 Validation RMSE: 0.3013322055339813
EarlyStopping counter: 2 out of 7
====================================================================================================
epoch:39
iter0: train_loss:0.07848989963531494
iter10: train_loss:0.08148433268070221
iter20: train_loss:0.07300586253404617
iter30: train_loss:0.07395651936531067
Validation loss: 0.08726207708770578 Validation RMSE: 0.29521598599173804
EarlyStopping counter: 3 out of 7
====================================================================================================
epoch:40
iter0: train_loss:0.07189442962408066
iter10: train_loss:0.07296963781118393
iter20: train_loss:0.07773009687662125
iter30: train_loss:0.0703418031334877
Validation loss: 0.08595158498395573 Validation RMSE: 0.29311536929824134
====================================================================================================
epoch:41
iter0: train_loss:0.07084546983242035
iter10: train_loss:0.08062079548835754
iter20: train_loss:0.0733163133263588
iter30: train_loss:0.07122679799795151
Validation loss: 0.0880838239734823 Validation RMSE: 0.2966966276819056
EarlyStopping counter: 1 out of 7
====================================================================================================
epoch:42
iter0: train_loss:0.07752335071563721
iter10: train_loss:0.0751437246799469
iter20: train_loss:0.06758248805999756
iter30: train_loss:0.06785007566213608
Validation loss: 0.08788679133762013 Validation RMSE: 0.29638661308722064
EarlyStopping counter: 2 out of 7
====================================================================================================
epoch:43
iter0: train_loss:0.0721287652850151
iter10: train_loss:0.07581630349159241
iter20: train_loss:0.07880613952875137
iter30: train_loss:0.0746983140707016
Validation loss: 0.08616937764666298 Validation RMSE: 0.29342402111400256
EarlyStopping counter: 3 out of 7
====================================================================================================
epoch:44
iter0: train_loss:0.07258288562297821
iter10: train_loss:0.06863084435462952
iter20: train_loss:0.07054135948419571
iter30: train_loss:0.0721735954284668
Validation loss: 0.08755696768110449 Validation RMSE: 0.29579930955713446
EarlyStopping counter: 4 out of 7
====================================================================================================
epoch:45
iter0: train_loss:0.07301302999258041
iter10: train_loss:0.0730685368180275
iter20: train_loss:0.06665369868278503
iter30: train_loss:0.07182556390762329
Validation loss: 0.09216412224552849 Validation RMSE: 0.30347167361866345
EarlyStopping counter: 5 out of 7
====================================================================================================
epoch:46
iter0: train_loss:0.07501295953989029
iter10: train_loss:0.07147391885519028
iter20: train_loss:0.06971453130245209
iter30: train_loss:0.0702044740319252
Validation loss: 0.08716794983907179 Validation RMSE: 0.2950956198302182
EarlyStopping counter: 6 out of 7
====================================================================================================
epoch:47
iter0: train_loss:0.0642048716545105
iter10: train_loss:0.0730229914188385
iter20: train_loss:0.06521078199148178
iter30: train_loss:0.06399130076169968
Validation loss: 0.09327221526341005 Validation RMSE: 0.3053648932413621
EarlyStopping counter: 7 out of 7
Early stopping
MAE: 2.339 RMSE: 3.353 MAPE: 9.927
Spend Time: 63.76171588897705
