epoch:0
iter0: train_loss:1.2916409969329834
iter10: train_loss:0.8576297760009766
iter20: train_loss:0.6786714196205139
iter30: train_loss:0.6175801157951355
Validation loss: 0.6664918119257147 Validation RMSE: 0.8163314136591825
====================================================================================================
epoch:1
iter0: train_loss:0.6214157342910767
iter10: train_loss:0.5238423347473145
iter20: train_loss:0.43160396814346313
iter30: train_loss:0.3083920478820801
Validation loss: 0.3094361993399533 Validation RMSE: 0.5561953349546953
====================================================================================================
epoch:2
iter0: train_loss:0.28062987327575684
iter10: train_loss:0.25378546118736267
iter20: train_loss:0.17776739597320557
iter30: train_loss:0.17256374657154083
Validation loss: 0.16902003098617902 Validation RMSE: 0.41095024889165704
====================================================================================================
epoch:3
iter0: train_loss:0.14927250146865845
iter10: train_loss:0.12757785618305206
iter20: train_loss:0.15723218023777008
iter30: train_loss:0.12165989726781845
Validation loss: 0.1597097786990079 Validation RMSE: 0.39950422807173297
====================================================================================================
epoch:4
iter0: train_loss:0.16701540350914001
iter10: train_loss:0.11780010163784027
iter20: train_loss:0.1418028026819229
iter30: train_loss:0.1327112466096878
Validation loss: 0.15914347767829895 Validation RMSE: 0.39878277345137164
====================================================================================================
epoch:5
iter0: train_loss:0.13862186670303345
iter10: train_loss:0.13584400713443756
iter20: train_loss:0.13031810522079468
iter30: train_loss:0.12342646718025208
Validation loss: 0.14048439128832382 Validation RMSE: 0.37474246458573773
====================================================================================================
epoch:6
iter0: train_loss:0.11489783227443695
iter10: train_loss:0.1252301186323166
iter20: train_loss:0.1358354091644287
iter30: train_loss:0.11739204823970795
Validation loss: 0.14209027994762768 Validation RMSE: 0.37690339847044513
EarlyStopping counter: 1 out of 7
====================================================================================================
epoch:7
iter0: train_loss:0.125139057636261
iter10: train_loss:0.12409783899784088
iter20: train_loss:0.12732131779193878
iter30: train_loss:0.11695529520511627
Validation loss: 0.13287426192652096 Validation RMSE: 0.3644373118877411
====================================================================================================
epoch:8
iter0: train_loss:0.12374867498874664
iter10: train_loss:0.11731680482625961
iter20: train_loss:0.11996658891439438
iter30: train_loss:0.12124692648649216
Validation loss: 0.13098396767269482 Validation RMSE: 0.36182986335320905
====================================================================================================
epoch:9
iter0: train_loss:0.12105022370815277
iter10: train_loss:0.10874541103839874
iter20: train_loss:0.10563775151968002
iter30: train_loss:0.12271862477064133
Validation loss: 0.1430498646064238 Validation RMSE: 0.37807154384526337
EarlyStopping counter: 1 out of 7
====================================================================================================
epoch:10
iter0: train_loss:0.13269773125648499
iter10: train_loss:0.12222722172737122
iter20: train_loss:0.1326325535774231
iter30: train_loss:0.11168689280748367
Validation loss: 0.12925485927950253 Validation RMSE: 0.3592898764393546
====================================================================================================
epoch:11
iter0: train_loss:0.1121053621172905
iter10: train_loss:0.10758508741855621
iter20: train_loss:0.11029990017414093
iter30: train_loss:0.11932423710823059
Validation loss: 0.12666372954845428 Validation RMSE: 0.3557959415695884
====================================================================================================
epoch:12
iter0: train_loss:0.11376155912876129
iter10: train_loss:0.11468888074159622
iter20: train_loss:0.11285915225744247
iter30: train_loss:0.11457814276218414
Validation loss: 0.1248976852406155 Validation RMSE: 0.3532170463692058
====================================================================================================
epoch:13
iter0: train_loss:0.10849126428365707
iter10: train_loss:0.11463971436023712
iter20: train_loss:0.10579930990934372
iter30: train_loss:0.12647756934165955
Validation loss: 0.12382796000350606 Validation RMSE: 0.35171774842522363
====================================================================================================
epoch:14
iter0: train_loss:0.09233423322439194
iter10: train_loss:0.10986636579036713
iter20: train_loss:0.11920792609453201
iter30: train_loss:0.11333302408456802
Validation loss: 0.12583880058743738 Validation RMSE: 0.35446505654941907
EarlyStopping counter: 1 out of 7
====================================================================================================
epoch:15
iter0: train_loss:0.12047438323497772
iter10: train_loss:0.09973345696926117
iter20: train_loss:0.10271803289651871
iter30: train_loss:0.1153617799282074
Validation loss: 0.1403520703315735 Validation RMSE: 0.37444463643160736
EarlyStopping counter: 2 out of 7
====================================================================================================
epoch:16
iter0: train_loss:0.12607957422733307
iter10: train_loss:0.10657373815774918
iter20: train_loss:0.1075691431760788
iter30: train_loss:0.10609270632266998
Validation loss: 0.11974170465360988 Validation RMSE: 0.34597269784320483
====================================================================================================
epoch:17
iter0: train_loss:0.10542187839746475
iter10: train_loss:0.10971743613481522
iter20: train_loss:0.10022403299808502
iter30: train_loss:0.11621258407831192
Validation loss: 0.11899778721007434 Validation RMSE: 0.34474492885849695
====================================================================================================
epoch:18
iter0: train_loss:0.1114669144153595
iter10: train_loss:0.10915534198284149
iter20: train_loss:0.11762392520904541
iter30: train_loss:0.10414864122867584
Validation loss: 0.11850390921939503 Validation RMSE: 0.3441402424465526
====================================================================================================
epoch:19
iter0: train_loss:0.1175297200679779
iter10: train_loss:0.09570823609828949
iter20: train_loss:0.09665670245885849
iter30: train_loss:0.10617604851722717
Validation loss: 0.11784082515673204 Validation RMSE: 0.3430982828140259
====================================================================================================
epoch:20
iter0: train_loss:0.10604407638311386
iter10: train_loss:0.09997937083244324
iter20: train_loss:0.094934843480587
iter30: train_loss:0.10464077442884445
Validation loss: 0.11724749139764092 Validation RMSE: 0.34228465231982147
====================================================================================================
epoch:21
iter0: train_loss:0.09902655333280563
iter10: train_loss:0.09570283442735672
iter20: train_loss:0.10561264306306839
iter30: train_loss:0.10232452303171158
Validation loss: 0.11843751506371931 Validation RMSE: 0.3440719219771298
EarlyStopping counter: 1 out of 7
====================================================================================================
epoch:22
iter0: train_loss:0.10335042327642441
iter10: train_loss:0.09102196991443634
iter20: train_loss:0.10458330810070038
iter30: train_loss:0.0994158610701561
Validation loss: 0.11638415943492543 Validation RMSE: 0.34109449928457086
====================================================================================================
epoch:23
iter0: train_loss:0.09771890938282013
iter10: train_loss:0.09817887842655182
iter20: train_loss:0.1014421358704567
iter30: train_loss:0.11128973215818405
Validation loss: 0.12322580611163919 Validation RMSE: 0.35093883763660083
EarlyStopping counter: 1 out of 7
====================================================================================================
epoch:24
iter0: train_loss:0.10828856378793716
iter10: train_loss:0.09844306856393814
iter20: train_loss:0.10429171472787857
iter30: train_loss:0.10811755061149597
Validation loss: 0.11403307860547846 Validation RMSE: 0.3375822901725769
====================================================================================================
epoch:25
iter0: train_loss:0.10008517652750015
iter10: train_loss:0.10730267316102982
iter20: train_loss:0.11096693575382233
iter30: train_loss:0.09820487350225449
Validation loss: 0.11434308033097874 Validation RMSE: 0.33795286037705163
EarlyStopping counter: 1 out of 7
====================================================================================================
epoch:26
iter0: train_loss:0.10520394146442413
iter10: train_loss:0.10428836196660995
iter20: train_loss:0.10231543332338333
iter30: train_loss:0.10465337336063385
Validation loss: 0.1113378947431391 Validation RMSE: 0.3336100253191861
====================================================================================================
epoch:27
iter0: train_loss:0.0992066040635109
iter10: train_loss:0.09779438376426697
iter20: train_loss:0.10041800886392593
iter30: train_loss:0.10517570376396179
Validation loss: 0.11670720712705092 Validation RMSE: 0.34156035022302106
EarlyStopping counter: 1 out of 7
====================================================================================================
epoch:28
iter0: train_loss:0.10294372588396072
iter10: train_loss:0.09470970183610916
iter20: train_loss:0.09319920092821121
iter30: train_loss:0.09589006751775742
Validation loss: 0.12086826021021063 Validation RMSE: 0.3476079160516912
EarlyStopping counter: 2 out of 7
====================================================================================================
epoch:29
iter0: train_loss:0.09238678216934204
iter10: train_loss:0.08993709832429886
iter20: train_loss:0.10409838706254959
iter30: train_loss:0.09682467579841614
Validation loss: 0.11195495047352531 Validation RMSE: 0.33452211997725745
EarlyStopping counter: 3 out of 7
====================================================================================================
epoch:30
iter0: train_loss:0.09676873683929443
iter10: train_loss:0.10330900549888611
iter20: train_loss:0.09567094594240189
iter30: train_loss:0.09544786810874939
Validation loss: 0.10970189625566656 Validation RMSE: 0.33115082708272064
====================================================================================================
epoch:31
iter0: train_loss:0.09355057775974274
iter10: train_loss:0.08746733516454697
iter20: train_loss:0.11000487953424454
iter30: train_loss:0.09624884277582169
Validation loss: 0.10910783572630449 Validation RMSE: 0.3302204229614951
====================================================================================================
epoch:32
iter0: train_loss:0.09631990641355515
iter10: train_loss:0.08844481408596039
iter20: train_loss:0.09163039922714233
iter30: train_loss:0.10478619486093521
Validation loss: 0.10971844467249783 Validation RMSE: 0.33106570081277326
EarlyStopping counter: 1 out of 7
====================================================================================================
epoch:33
iter0: train_loss:0.0959698036313057
iter10: train_loss:0.09749632328748703
iter20: train_loss:0.11103207617998123
iter30: train_loss:0.09225950390100479
Validation loss: 0.11003012277863243 Validation RMSE: 0.3316189782185988
EarlyStopping counter: 2 out of 7
====================================================================================================
epoch:34
iter0: train_loss:0.10041280835866928
iter10: train_loss:0.10496899485588074
iter20: train_loss:0.09515434503555298
iter30: train_loss:0.09861110150814056
Validation loss: 0.1089430187236179 Validation RMSE: 0.3299559869549491
====================================================================================================
epoch:35
iter0: train_loss:0.08988278359174728
iter10: train_loss:0.09698938578367233
iter20: train_loss:0.10024307668209076
iter30: train_loss:0.0899103507399559
Validation loss: 0.11207774755629626 Validation RMSE: 0.33470896970142017
EarlyStopping counter: 1 out of 7
====================================================================================================
epoch:36
iter0: train_loss:0.0871509537100792
iter10: train_loss:0.09278585016727448
iter20: train_loss:0.08676695078611374
iter30: train_loss:0.10516602545976639
Validation loss: 0.10929820144718344 Validation RMSE: 0.33056463165716693
EarlyStopping counter: 2 out of 7
====================================================================================================
epoch:37
iter0: train_loss:0.09718748182058334
iter10: train_loss:0.09904548525810242
iter20: train_loss:0.09127579629421234
iter30: train_loss:0.0872393548488617
Validation loss: 0.10774417627941478 Validation RMSE: 0.32815305211327295
====================================================================================================
epoch:38
iter0: train_loss:0.09318788349628448
iter10: train_loss:0.10645107924938202
iter20: train_loss:0.10457606613636017
iter30: train_loss:0.09396917372941971
Validation loss: 0.1091252016750249 Validation RMSE: 0.33029172908176074
EarlyStopping counter: 1 out of 7
====================================================================================================
epoch:39
iter0: train_loss:0.0971793532371521
iter10: train_loss:0.10379163175821304
iter20: train_loss:0.0933290347456932
iter30: train_loss:0.09347585588693619
Validation loss: 0.12504298646341672 Validation RMSE: 0.35351605036041955
EarlyStopping counter: 2 out of 7
====================================================================================================
epoch:40
iter0: train_loss:0.10374698787927628
iter10: train_loss:0.09579266607761383
iter20: train_loss:0.10024560987949371
iter30: train_loss:0.08880859613418579
Validation loss: 0.10564943267540498 Validation RMSE: 0.3249631415713917
====================================================================================================
epoch:41
iter0: train_loss:0.09023568779230118
iter10: train_loss:0.10092049092054367
iter20: train_loss:0.09205573797225952
iter30: train_loss:0.09039004892110825
Validation loss: 0.11301145973530682 Validation RMSE: 0.33603767373345117
EarlyStopping counter: 1 out of 7
====================================================================================================
epoch:42
iter0: train_loss:0.10087613761425018
iter10: train_loss:0.10021627694368362
iter20: train_loss:0.08559808135032654
iter30: train_loss:0.08691807091236115
Validation loss: 0.11717955293980511 Validation RMSE: 0.34222097017548303
EarlyStopping counter: 2 out of 7
====================================================================================================
epoch:43
iter0: train_loss:0.09556039422750473
iter10: train_loss:0.09683529287576675
iter20: train_loss:0.09763585776090622
iter30: train_loss:0.0938233733177185
Validation loss: 0.1063794419169426 Validation RMSE: 0.3260849280790849
EarlyStopping counter: 3 out of 7
====================================================================================================
epoch:44
iter0: train_loss:0.09376300126314163
iter10: train_loss:0.09079094976186752
iter20: train_loss:0.08883486688137054
iter30: train_loss:0.10426987707614899
Validation loss: 0.10525809025222604 Validation RMSE: 0.3242614540186795
====================================================================================================
epoch:45
iter0: train_loss:0.09154453873634338
iter10: train_loss:0.09321442246437073
iter20: train_loss:0.08506225049495697
iter30: train_loss:0.09393704682588577
Validation loss: 0.10590491511605003 Validation RMSE: 0.32538008960810577
EarlyStopping counter: 1 out of 7
====================================================================================================
epoch:46
iter0: train_loss:0.09624908864498138
iter10: train_loss:0.09180115163326263
iter20: train_loss:0.0941992923617363
iter30: train_loss:0.08863524347543716
Validation loss: 0.10505192252722653 Validation RMSE: 0.323929028077559
====================================================================================================
epoch:47
iter0: train_loss:0.08533702790737152
iter10: train_loss:0.09424049407243729
iter20: train_loss:0.0845874547958374
iter30: train_loss:0.08287440985441208
Validation loss: 0.10764467783949593 Validation RMSE: 0.32797931270165875
EarlyStopping counter: 1 out of 7
====================================================================================================
epoch:48
iter0: train_loss:0.09300762414932251
iter10: train_loss:0.08539208024740219
iter20: train_loss:0.0950951799750328
iter30: train_loss:0.09317443519830704
Validation loss: 0.10704606906934218 Validation RMSE: 0.32704233581369574
EarlyStopping counter: 2 out of 7
====================================================================================================
epoch:49
iter0: train_loss:0.09266200661659241
iter10: train_loss:0.08289383351802826
iter20: train_loss:0.0928083062171936
iter30: train_loss:0.08969765901565552
Validation loss: 0.10606807199391452 Validation RMSE: 0.3256102746183222
EarlyStopping counter: 3 out of 7
====================================================================================================
epoch:50
iter0: train_loss:0.08893810957670212
iter10: train_loss:0.10277281701564789
iter20: train_loss:0.09252036362886429
iter30: train_loss:0.09524127095937729
Validation loss: 0.10739583047953519 Validation RMSE: 0.32758030566302215
EarlyStopping counter: 4 out of 7
====================================================================================================
epoch:51
iter0: train_loss:0.07788367569446564
iter10: train_loss:0.08827269822359085
iter20: train_loss:0.10003183037042618
iter30: train_loss:0.09693465381860733
Validation loss: 0.1040992418473417 Validation RMSE: 0.32259825142947113
====================================================================================================
epoch:52
iter0: train_loss:0.08791227638721466
iter10: train_loss:0.08973147720098495
iter20: train_loss:0.08862920850515366
iter30: train_loss:0.08517151325941086
Validation loss: 0.10379877957430753 Validation RMSE: 0.3221024654128335
====================================================================================================
epoch:53
iter0: train_loss:0.09231476485729218
iter10: train_loss:0.08820502460002899
iter20: train_loss:0.08859358727931976
iter30: train_loss:0.10267709940671921
Validation loss: 0.10546977750279686 Validation RMSE: 0.32472849705002527
EarlyStopping counter: 1 out of 7
====================================================================================================
epoch:54
iter0: train_loss:0.09597694873809814
iter10: train_loss:0.10108733177185059
iter20: train_loss:0.0962538942694664
iter30: train_loss:0.08332685381174088
Validation loss: 0.1091668273914944 Validation RMSE: 0.33028699322180316
EarlyStopping counter: 2 out of 7
====================================================================================================
epoch:55
iter0: train_loss:0.08643192797899246
iter10: train_loss:0.10092377662658691
iter20: train_loss:0.09090393036603928
iter30: train_loss:0.09945801645517349
Validation loss: 0.10417710109190507 Validation RMSE: 0.3227258703925393
EarlyStopping counter: 3 out of 7
====================================================================================================
epoch:56
iter0: train_loss:0.09234597533941269
iter10: train_loss:0.08514177054166794
iter20: train_loss:0.09058955311775208
iter30: train_loss:0.0960332602262497
Validation loss: 0.1074713956226002 Validation RMSE: 0.3277615877715024
EarlyStopping counter: 4 out of 7
====================================================================================================
epoch:57
iter0: train_loss:0.08944002538919449
iter10: train_loss:0.08660569041967392
iter20: train_loss:0.08489096164703369
iter30: train_loss:0.09558901190757751
Validation loss: 0.10258574783802032 Validation RMSE: 0.32012804529883643
====================================================================================================
epoch:58
iter0: train_loss:0.09463436156511307
iter10: train_loss:0.08112194389104843
iter20: train_loss:0.08476030081510544
iter30: train_loss:0.09036700427532196
Validation loss: 0.11528922549702904 Validation RMSE: 0.3394327326254411
EarlyStopping counter: 1 out of 7
====================================================================================================
epoch:59
iter0: train_loss:0.09248771518468857
iter10: train_loss:0.08646893501281738
iter20: train_loss:0.09577083587646484
iter30: train_loss:0.07550326734781265
Validation loss: 0.10379699685356834 Validation RMSE: 0.3220743347298015
EarlyStopping counter: 2 out of 7
====================================================================================================
epoch:60
iter0: train_loss:0.0912976861000061
iter10: train_loss:0.0773288756608963
iter20: train_loss:0.08910567313432693
iter30: train_loss:0.08493109047412872
Validation loss: 0.10836187411438335 Validation RMSE: 0.32901751724156464
EarlyStopping counter: 3 out of 7
====================================================================================================
epoch:61
iter0: train_loss:0.09326081722974777
iter10: train_loss:0.09054438769817352
iter20: train_loss:0.08700670301914215
iter30: train_loss:0.0900539830327034
Validation loss: 0.10456781495701183 Validation RMSE: 0.3232689228924838
EarlyStopping counter: 4 out of 7
====================================================================================================
epoch:62
iter0: train_loss:0.08225005865097046
iter10: train_loss:0.0886542946100235
iter20: train_loss:0.08949684351682663
iter30: train_loss:0.08481025695800781
Validation loss: 0.10277418589050119 Validation RMSE: 0.3204926306551153
EarlyStopping counter: 5 out of 7
====================================================================================================
epoch:63
iter0: train_loss:0.08882056921720505
iter10: train_loss:0.08526170998811722
iter20: train_loss:0.09181038290262222
iter30: train_loss:0.08469002693891525
Validation loss: 0.10147929665717212 Validation RMSE: 0.31851227987896313
====================================================================================================
epoch:64
iter0: train_loss:0.09071081131696701
iter10: train_loss:0.08313444256782532
iter20: train_loss:0.08281831443309784
iter30: train_loss:0.08249694854021072
Validation loss: 0.10307755659927022 Validation RMSE: 0.3209958455779336
EarlyStopping counter: 1 out of 7
====================================================================================================
epoch:65
iter0: train_loss:0.09396152198314667
iter10: train_loss:0.07923067361116409
iter20: train_loss:0.08601749688386917
iter30: train_loss:0.08427885174751282
Validation loss: 0.10399125719612295 Validation RMSE: 0.32238178090615704
EarlyStopping counter: 2 out of 7
====================================================================================================
epoch:66
iter0: train_loss:0.08474285155534744
iter10: train_loss:0.08505582064390182
iter20: train_loss:0.0875251293182373
iter30: train_loss:0.09581248462200165
Validation loss: 0.10762089761820706 Validation RMSE: 0.32799252325838263
EarlyStopping counter: 3 out of 7
====================================================================================================
epoch:67
iter0: train_loss:0.09137064963579178
iter10: train_loss:0.08586650341749191
iter20: train_loss:0.09324759244918823
iter30: train_loss:0.09608625620603561
Validation loss: 0.10201895846561952 Validation RMSE: 0.31929918310858985
EarlyStopping counter: 4 out of 7
====================================================================================================
epoch:68
iter0: train_loss:0.08501608669757843
iter10: train_loss:0.08147727698087692
iter20: train_loss:0.0891491025686264
iter30: train_loss:0.09334227442741394
Validation loss: 0.10545708374543623 Validation RMSE: 0.3246298080140894
EarlyStopping counter: 5 out of 7
====================================================================================================
epoch:69
iter0: train_loss:0.09175928682088852
iter10: train_loss:0.09401062875986099
iter20: train_loss:0.08965477347373962
iter30: train_loss:0.07656943053007126
Validation loss: 0.10289224982261658 Validation RMSE: 0.32064185359261255
EarlyStopping counter: 6 out of 7
====================================================================================================
epoch:70
iter0: train_loss:0.08058584481477737
iter10: train_loss:0.08360830694437027
iter20: train_loss:0.08473130315542221
iter30: train_loss:0.09894903004169464
Validation loss: 0.10224354673515666 Validation RMSE: 0.3196228796785528
EarlyStopping counter: 7 out of 7
Early stopping
MAE: 2.496 RMSE: 3.625 MAPE: 10.565
Spend Time: 85.9301929473877
