epoch:0
iter0: train_loss:1.3505221605300903
iter10: train_loss:0.7309935092926025
iter20: train_loss:0.6278041005134583
iter30: train_loss:0.5462586283683777
Validation loss: 0.5677600394595753 Validation RMSE: 0.7534488060257651
====================================================================================================
epoch:1
iter0: train_loss:0.5277708768844604
iter10: train_loss:0.48131421208381653
iter20: train_loss:0.3709821105003357
iter30: train_loss:0.330703467130661
Validation loss: 0.2929943014274944 Validation RMSE: 0.5412681536241011
====================================================================================================
epoch:2
iter0: train_loss:0.27775663137435913
iter10: train_loss:0.21420857310295105
iter20: train_loss:0.15687158703804016
iter30: train_loss:0.14497768878936768
Validation loss: 0.14467061107808893 Validation RMSE: 0.3801995028148998
====================================================================================================
epoch:3
iter0: train_loss:0.12219061702489853
iter10: train_loss:0.11903315782546997
iter20: train_loss:0.10978883504867554
iter30: train_loss:0.10409484803676605
Validation loss: 0.12163602628491142 Validation RMSE: 0.34857604991305957
====================================================================================================
epoch:4
iter0: train_loss:0.1171979308128357
iter10: train_loss:0.11966182291507721
iter20: train_loss:0.10720153898000717
iter30: train_loss:0.10637616366147995
Validation loss: 0.11876012655821713 Validation RMSE: 0.34434591369195416
====================================================================================================
epoch:5
iter0: train_loss:0.09061216562986374
iter10: train_loss:0.1040131151676178
iter20: train_loss:0.11970128118991852
iter30: train_loss:0.11854281276464462
Validation loss: 0.11335948651487177 Validation RMSE: 0.3365151882171631
====================================================================================================
epoch:6
iter0: train_loss:0.1099436804652214
iter10: train_loss:0.10335539281368256
iter20: train_loss:0.09559854865074158
iter30: train_loss:0.0978013277053833
Validation loss: 0.11279211193323135 Validation RMSE: 0.33574366027658636
====================================================================================================
epoch:7
iter0: train_loss:0.10805657505989075
iter10: train_loss:0.10361886024475098
iter20: train_loss:0.09723155200481415
iter30: train_loss:0.10501343756914139
Validation loss: 0.11166317760944366 Validation RMSE: 0.33404355157505383
====================================================================================================
epoch:8
iter0: train_loss:0.09545191377401352
iter10: train_loss:0.09808217734098434
iter20: train_loss:0.11295681446790695
iter30: train_loss:0.09346724301576614
Validation loss: 0.11007667739282954 Validation RMSE: 0.33163319663567975
====================================================================================================
epoch:9
iter0: train_loss:0.09596806764602661
iter10: train_loss:0.09498141705989838
iter20: train_loss:0.08618517965078354
iter30: train_loss:0.09192177653312683
Validation loss: 0.10793039134957573 Validation RMSE: 0.32845013520934363
====================================================================================================
epoch:10
iter0: train_loss:0.09332309663295746
iter10: train_loss:0.09775953739881516
iter20: train_loss:0.09515305608510971
iter30: train_loss:0.0942477434873581
Validation loss: 0.11197552220387892 Validation RMSE: 0.33451997421004553
EarlyStopping counter: 1 out of 7
====================================================================================================
epoch:11
iter0: train_loss:0.10021708160638809
iter10: train_loss:0.09710368514060974
iter20: train_loss:0.0947849377989769
iter30: train_loss:0.08662013709545135
Validation loss: 0.10265517708930103 Validation RMSE: 0.3203360140323639
====================================================================================================
epoch:12
iter0: train_loss:0.08988004922866821
iter10: train_loss:0.09011843800544739
iter20: train_loss:0.0821724459528923
iter30: train_loss:0.08446156233549118
Validation loss: 0.09999240189790726 Validation RMSE: 0.31610969521782617
====================================================================================================
epoch:13
iter0: train_loss:0.0848168134689331
iter10: train_loss:0.08122613281011581
iter20: train_loss:0.08115442842245102
iter30: train_loss:0.0881585106253624
Validation loss: 0.09892945533448999 Validation RMSE: 0.31448387015949597
====================================================================================================
epoch:14
iter0: train_loss:0.0844678282737732
iter10: train_loss:0.08468944579362869
iter20: train_loss:0.077028788626194
iter30: train_loss:0.08962446451187134
Validation loss: 0.09760242023251274 Validation RMSE: 0.3122876963832162
====================================================================================================
epoch:15
iter0: train_loss:0.08989454060792923
iter10: train_loss:0.0889953225851059
iter20: train_loss:0.09180085361003876
iter30: train_loss:0.09799721091985703
Validation loss: 0.10287010195580396 Validation RMSE: 0.3206049691547047
EarlyStopping counter: 1 out of 7
====================================================================================================
epoch:16
iter0: train_loss:0.09504097700119019
iter10: train_loss:0.09295309334993362
iter20: train_loss:0.07072514295578003
iter30: train_loss:0.07802476733922958
Validation loss: 0.09736566990613937 Validation RMSE: 0.3119314529679038
====================================================================================================
epoch:17
iter0: train_loss:0.08331456035375595
iter10: train_loss:0.0905759334564209
iter20: train_loss:0.09293264150619507
iter30: train_loss:0.08385956287384033
Validation loss: 0.09637809747999365 Validation RMSE: 0.3103793046691201
====================================================================================================
epoch:18
iter0: train_loss:0.08473201096057892
iter10: train_loss:0.09049319475889206
iter20: train_loss:0.09081368893384933
iter30: train_loss:0.07512857764959335
Validation loss: 0.09670312093062834 Validation RMSE: 0.3109158087860454
EarlyStopping counter: 1 out of 7
====================================================================================================
epoch:19
iter0: train_loss:0.07972604036331177
iter10: train_loss:0.0746927559375763
iter20: train_loss:0.07575327903032303
iter30: train_loss:0.08161409199237823
Validation loss: 0.09513094140724702 Validation RMSE: 0.30826830863952637
====================================================================================================
epoch:20
iter0: train_loss:0.08344633877277374
iter10: train_loss:0.083137646317482
iter20: train_loss:0.07869738340377808
iter30: train_loss:0.08663295954465866
Validation loss: 0.09261253069747578 Validation RMSE: 0.30412342873486603
====================================================================================================
epoch:21
iter0: train_loss:0.07042153924703598
iter10: train_loss:0.08231763541698456
iter20: train_loss:0.07297155261039734
iter30: train_loss:0.08287456631660461
Validation loss: 0.09166388484564694 Validation RMSE: 0.30270716547966003
====================================================================================================
epoch:22
iter0: train_loss:0.08061089366674423
iter10: train_loss:0.07957949489355087
iter20: train_loss:0.0740956962108612
iter30: train_loss:0.07612784206867218
Validation loss: 0.09039448608051646 Validation RMSE: 0.300465697591955
====================================================================================================
epoch:23
iter0: train_loss:0.07719917595386505
iter10: train_loss:0.06833506375551224
iter20: train_loss:0.08475357294082642
iter30: train_loss:0.08230235427618027
Validation loss: 0.0909130410714583 Validation RMSE: 0.30132553252306854
EarlyStopping counter: 1 out of 7
====================================================================================================
epoch:24
iter0: train_loss:0.08284302055835724
iter10: train_loss:0.07323342561721802
iter20: train_loss:0.07250761240720749
iter30: train_loss:0.07233824580907822
Validation loss: 0.09717714244669134 Validation RMSE: 0.3117071633989161
EarlyStopping counter: 2 out of 7
====================================================================================================
epoch:25
iter0: train_loss:0.08724755793809891
iter10: train_loss:0.07124427706003189
iter20: train_loss:0.08979649841785431
iter30: train_loss:0.07755979150533676
Validation loss: 0.09136804260990837 Validation RMSE: 0.30220264196395874
EarlyStopping counter: 3 out of 7
====================================================================================================
epoch:26
iter0: train_loss:0.08096831291913986
iter10: train_loss:0.0778963640332222
iter20: train_loss:0.07280927896499634
iter30: train_loss:0.07358085364103317
Validation loss: 0.09324145791205493 Validation RMSE: 0.3053265701640736
EarlyStopping counter: 4 out of 7
====================================================================================================
epoch:27
iter0: train_loss:0.06843329966068268
iter10: train_loss:0.07757854461669922
iter20: train_loss:0.07585170120000839
iter30: train_loss:0.07380235195159912
Validation loss: 0.09046257558194074 Validation RMSE: 0.3007191473787481
EarlyStopping counter: 5 out of 7
====================================================================================================
epoch:28
iter0: train_loss:0.08137670904397964
iter10: train_loss:0.07045218348503113
iter20: train_loss:0.07929971814155579
iter30: train_loss:0.06845467537641525
Validation loss: 0.08888435634699735 Validation RMSE: 0.2979971007867293
====================================================================================================
epoch:29
iter0: train_loss:0.07389792054891586
iter10: train_loss:0.08232483267784119
iter20: train_loss:0.075212262570858
iter30: train_loss:0.0804547518491745
Validation loss: 0.08758034760301764 Validation RMSE: 0.2958774214441126
====================================================================================================
epoch:30
iter0: train_loss:0.07604948431253433
iter10: train_loss:0.07755904644727707
iter20: train_loss:0.06993155181407928
iter30: train_loss:0.07517536729574203
Validation loss: 0.08882457627491518 Validation RMSE: 0.29793284156105737
EarlyStopping counter: 1 out of 7
====================================================================================================
epoch:31
iter0: train_loss:0.079530730843544
iter10: train_loss:0.07310514152050018
iter20: train_loss:0.07251705229282379
iter30: train_loss:0.08310651034116745
Validation loss: 0.08966739001599225 Validation RMSE: 0.2993611612103202
EarlyStopping counter: 2 out of 7
====================================================================================================
epoch:32
iter0: train_loss:0.0732354149222374
iter10: train_loss:0.08240070939064026
iter20: train_loss:0.07212098687887192
iter30: train_loss:0.07068150490522385
Validation loss: 0.09175432067025792 Validation RMSE: 0.3026974688876759
EarlyStopping counter: 3 out of 7
====================================================================================================
epoch:33
iter0: train_loss:0.07141682505607605
iter10: train_loss:0.06826143711805344
iter20: train_loss:0.07332763820886612
iter30: train_loss:0.07535934448242188
Validation loss: 0.08874310011213477 Validation RMSE: 0.29783916202458466
EarlyStopping counter: 4 out of 7
====================================================================================================
epoch:34
iter0: train_loss:0.07253583520650864
iter10: train_loss:0.07835044711828232
iter20: train_loss:0.07499782741069794
iter30: train_loss:0.06476567685604095
Validation loss: 0.08858961950648915 Validation RMSE: 0.29750548980452796
EarlyStopping counter: 5 out of 7
====================================================================================================
epoch:35
iter0: train_loss:0.06977077573537827
iter10: train_loss:0.07990189641714096
iter20: train_loss:0.07306026667356491
iter30: train_loss:0.07048524171113968
Validation loss: 0.08710129694505171 Validation RMSE: 0.2950325228951194
====================================================================================================
epoch:36
iter0: train_loss:0.0686916708946228
iter10: train_loss:0.06766212731599808
iter20: train_loss:0.07292279601097107
iter30: train_loss:0.0789182037115097
Validation loss: 0.08590042726560072 Validation RMSE: 0.29293607581745496
====================================================================================================
epoch:37
iter0: train_loss:0.09265062212944031
iter10: train_loss:0.07336372137069702
iter20: train_loss:0.06572369486093521
iter30: train_loss:0.07250657677650452
Validation loss: 0.08750683882019737 Validation RMSE: 0.29568089409308
EarlyStopping counter: 1 out of 7
====================================================================================================
epoch:38
iter0: train_loss:0.07352261245250702
iter10: train_loss:0.07711928337812424
iter20: train_loss:0.07053378969430923
iter30: train_loss:0.0734405666589737
Validation loss: 0.08854561434550719 Validation RMSE: 0.29740701480345294
EarlyStopping counter: 2 out of 7
====================================================================================================
epoch:39
iter0: train_loss:0.08349929004907608
iter10: train_loss:0.06999991089105606
iter20: train_loss:0.07448795437812805
iter30: train_loss:0.06299292296171188
Validation loss: 0.08797896517948671 Validation RMSE: 0.2964892875064503
EarlyStopping counter: 3 out of 7
====================================================================================================
epoch:40
iter0: train_loss:0.07418392598628998
iter10: train_loss:0.06855084002017975
iter20: train_loss:0.08285790681838989
iter30: train_loss:0.06734143942594528
Validation loss: 0.0914967730641365 Validation RMSE: 0.3024242547425357
EarlyStopping counter: 4 out of 7
====================================================================================================
epoch:41
iter0: train_loss:0.06737331300973892
iter10: train_loss:0.06898127496242523
iter20: train_loss:0.07605910301208496
iter30: train_loss:0.07057704776525497
Validation loss: 0.08643203499642285 Validation RMSE: 0.29381314461881464
EarlyStopping counter: 5 out of 7
====================================================================================================
epoch:42
iter0: train_loss:0.07461538910865784
iter10: train_loss:0.07138232886791229
iter20: train_loss:0.07144795358181
iter30: train_loss:0.07032188028097153
Validation loss: 0.08581485463814302 Validation RMSE: 0.2928088469938798
====================================================================================================
epoch:43
iter0: train_loss:0.06683871150016785
iter10: train_loss:0.06688395887613297
iter20: train_loss:0.06662538647651672
iter30: train_loss:0.06586004793643951
Validation loss: 0.08906691656871275 Validation RMSE: 0.29834526777267456
EarlyStopping counter: 1 out of 7
====================================================================================================
epoch:44
iter0: train_loss:0.07201391458511353
iter10: train_loss:0.06814560294151306
iter20: train_loss:0.06713330745697021
iter30: train_loss:0.06842862069606781
Validation loss: 0.0924357839606025 Validation RMSE: 0.30387101390145044
EarlyStopping counter: 2 out of 7
====================================================================================================
epoch:45
iter0: train_loss:0.0688217505812645
iter10: train_loss:0.0729321762919426
iter20: train_loss:0.06967848539352417
iter30: train_loss:0.07385183870792389
Validation loss: 0.08798400583592328 Validation RMSE: 0.29653835567561065
EarlyStopping counter: 3 out of 7
====================================================================================================
epoch:46
iter0: train_loss:0.07270132750272751
iter10: train_loss:0.07417824864387512
iter20: train_loss:0.061427194625139236
iter30: train_loss:0.0744757205247879
Validation loss: 0.08725541762330315 Validation RMSE: 0.2953482243147763
EarlyStopping counter: 4 out of 7
====================================================================================================
epoch:47
iter0: train_loss:0.06951923668384552
iter10: train_loss:0.06014743447303772
iter20: train_loss:0.07046230882406235
iter30: train_loss:0.07016363739967346
Validation loss: 0.086590360511433 Validation RMSE: 0.29419053142721
EarlyStopping counter: 5 out of 7
====================================================================================================
epoch:48
iter0: train_loss:0.06016010418534279
iter10: train_loss:0.06649963557720184
iter20: train_loss:0.06761212646961212
iter30: train_loss:0.07142481207847595
Validation loss: 0.08570654080672697 Validation RMSE: 0.29270598021420563
====================================================================================================
epoch:49
iter0: train_loss:0.06935229152441025
iter10: train_loss:0.07556120306253433
iter20: train_loss:0.06830605864524841
iter30: train_loss:0.06757765263319016
Validation loss: 0.08474974063309756 Validation RMSE: 0.2909981987693093
====================================================================================================
epoch:50
iter0: train_loss:0.06178221479058266
iter10: train_loss:0.06725157052278519
iter20: train_loss:0.07535643130540848
iter30: train_loss:0.07987739145755768
Validation loss: 0.08998033201152628 Validation RMSE: 0.2999259423125874
EarlyStopping counter: 1 out of 7
====================================================================================================
epoch:51
iter0: train_loss:0.064467653632164
iter10: train_loss:0.07605680823326111
iter20: train_loss:0.07462770491838455
iter30: train_loss:0.06481871008872986
Validation loss: 0.08636192706498233 Validation RMSE: 0.2937455881725658
EarlyStopping counter: 2 out of 7
====================================================================================================
epoch:52
iter0: train_loss:0.07535558938980103
iter10: train_loss:0.07495851814746857
iter20: train_loss:0.06777726858854294
iter30: train_loss:0.06828099489212036
Validation loss: 0.08483484184200113 Validation RMSE: 0.2911353734406558
EarlyStopping counter: 3 out of 7
====================================================================================================
epoch:53
iter0: train_loss:0.07745785266160965
iter10: train_loss:0.06304793059825897
iter20: train_loss:0.06413979083299637
iter30: train_loss:0.07081158459186554
Validation loss: 0.08460593765432184 Validation RMSE: 0.2907480001449585
====================================================================================================
epoch:54
iter0: train_loss:0.062280941754579544
iter10: train_loss:0.06974831223487854
iter20: train_loss:0.07046163082122803
iter30: train_loss:0.06825432926416397
Validation loss: 0.08524026586250825 Validation RMSE: 0.2918690903620286
EarlyStopping counter: 1 out of 7
====================================================================================================
epoch:55
iter0: train_loss:0.06295949965715408
iter10: train_loss:0.06648685783147812
iter20: train_loss:0.06660497188568115
iter30: train_loss:0.06806421279907227
Validation loss: 0.08582558347420259 Validation RMSE: 0.29286722432483325
EarlyStopping counter: 2 out of 7
====================================================================================================
epoch:56
iter0: train_loss:0.0642053484916687
iter10: train_loss:0.0658610388636589
iter20: train_loss:0.06675802171230316
iter30: train_loss:0.07022404670715332
Validation loss: 0.08598555895415219 Validation RMSE: 0.2930814109065316
EarlyStopping counter: 3 out of 7
====================================================================================================
epoch:57
iter0: train_loss:0.06381325423717499
iter10: train_loss:0.06657122075557709
iter20: train_loss:0.07591459900140762
iter30: train_loss:0.06142165884375572
Validation loss: 0.08451782708818262 Validation RMSE: 0.2906364067034288
====================================================================================================
epoch:58
iter0: train_loss:0.07183035463094711
iter10: train_loss:0.06216983497142792
iter20: train_loss:0.06620366871356964
iter30: train_loss:0.06599321216344833
Validation loss: 0.0823277858170596 Validation RMSE: 0.28681189634583215
====================================================================================================
epoch:59
iter0: train_loss:0.06467791646718979
iter10: train_loss:0.06303009390830994
iter20: train_loss:0.06977760046720505
iter30: train_loss:0.067202627658844
Validation loss: 0.08434953540563583 Validation RMSE: 0.29021246053955774
EarlyStopping counter: 1 out of 7
====================================================================================================
epoch:60
iter0: train_loss:0.06782999634742737
iter10: train_loss:0.06759069859981537
iter20: train_loss:0.06835531443357468
iter30: train_loss:0.06866683065891266
Validation loss: 0.08262174373323267 Validation RMSE: 0.2873198146169836
EarlyStopping counter: 2 out of 7
====================================================================================================
epoch:61
iter0: train_loss:0.06652962416410446
iter10: train_loss:0.06410530209541321
iter20: train_loss:0.07217224687337875
iter30: train_loss:0.07184183597564697
Validation loss: 0.08324922011657195 Validation RMSE: 0.2884128418835727
EarlyStopping counter: 3 out of 7
====================================================================================================
epoch:62
iter0: train_loss:0.06723838299512863
iter10: train_loss:0.06054625287652016
iter20: train_loss:0.0622834749519825
iter30: train_loss:0.07516889274120331
Validation loss: 0.08640499954873865 Validation RMSE: 0.2939065261320634
EarlyStopping counter: 4 out of 7
====================================================================================================
epoch:63
iter0: train_loss:0.06197836995124817
iter10: train_loss:0.06140359863638878
iter20: train_loss:0.06820358335971832
iter30: train_loss:0.06829128414392471
Validation loss: 0.08864737031134692 Validation RMSE: 0.2976548725908453
EarlyStopping counter: 5 out of 7
====================================================================================================
epoch:64
iter0: train_loss:0.0634162500500679
iter10: train_loss:0.06547494977712631
iter20: train_loss:0.0628947839140892
iter30: train_loss:0.06949936598539352
Validation loss: 0.08390306478196924 Validation RMSE: 0.2894494885748083
EarlyStopping counter: 6 out of 7
====================================================================================================
epoch:65
iter0: train_loss:0.06829994916915894
iter10: train_loss:0.059364866465330124
iter20: train_loss:0.0659790113568306
iter30: train_loss:0.06573265045881271
Validation loss: 0.08418872071938081 Validation RMSE: 0.2900541235100139
EarlyStopping counter: 7 out of 7
Early stopping
MAE: 2.294 RMSE: 3.274 MAPE: 9.660
Spend Time: 83.04032564163208
