epoch:0
iter0: train_loss:1.2614140510559082
iter10: train_loss:0.6394561529159546
iter20: train_loss:0.6157601475715637
iter30: train_loss:0.5594574809074402
Validation loss: 0.5638131878592751 Validation RMSE: 0.7507824301719666
====================================================================================================
epoch:1
iter0: train_loss:0.5151828527450562
iter10: train_loss:0.48004254698753357
iter20: train_loss:0.4266755282878876
iter30: train_loss:0.2824111580848694
Validation loss: 0.28145933693105524 Validation RMSE: 0.5305040207776156
====================================================================================================
epoch:2
iter0: train_loss:0.24711847305297852
iter10: train_loss:0.21248994767665863
iter20: train_loss:0.18965543806552887
iter30: train_loss:0.19034484028816223
Validation loss: 0.14022394743832675 Validation RMSE: 0.37442379106174817
====================================================================================================
epoch:3
iter0: train_loss:0.11720044165849686
iter10: train_loss:0.11629492044448853
iter20: train_loss:0.12687085568904877
iter30: train_loss:0.11635595560073853
Validation loss: 0.1421427157792178 Validation RMSE: 0.3769580830227245
EarlyStopping counter: 1 out of 7
====================================================================================================
epoch:4
iter0: train_loss:0.10901874303817749
iter10: train_loss:0.10195380449295044
iter20: train_loss:0.10931753367185593
iter30: train_loss:0.13705910742282867
Validation loss: 0.12928695773536508 Validation RMSE: 0.3595316545529799
====================================================================================================
epoch:5
iter0: train_loss:0.11543095856904984
iter10: train_loss:0.1020137369632721
iter20: train_loss:0.1092175766825676
iter30: train_loss:0.11130374670028687
Validation loss: 0.11771024628119035 Validation RMSE: 0.34294652938842773
====================================================================================================
epoch:6
iter0: train_loss:0.11567556113004684
iter10: train_loss:0.11413095891475677
iter20: train_loss:0.10342690348625183
iter30: train_loss:0.1024913415312767
Validation loss: 0.11423541808670218 Validation RMSE: 0.33793255957690155
====================================================================================================
epoch:7
iter0: train_loss:0.10374759137630463
iter10: train_loss:0.10765217989683151
iter20: train_loss:0.10754666477441788
iter30: train_loss:0.10005946457386017
Validation loss: 0.11351455341685902 Validation RMSE: 0.33667749708349054
====================================================================================================
epoch:8
iter0: train_loss:0.09403662383556366
iter10: train_loss:0.08735772967338562
iter20: train_loss:0.09976453334093094
iter30: train_loss:0.10572090744972229
Validation loss: 0.11414380710233342 Validation RMSE: 0.33777009628035803
EarlyStopping counter: 1 out of 7
====================================================================================================
epoch:9
iter0: train_loss:0.09748396277427673
iter10: train_loss:0.09685029089450836
iter20: train_loss:0.09363788366317749
iter30: train_loss:0.10474280267953873
Validation loss: 0.12356027215719223 Validation RMSE: 0.35146217996423895
EarlyStopping counter: 2 out of 7
====================================================================================================
epoch:10
iter0: train_loss:0.09462520480155945
iter10: train_loss:0.08592232316732407
iter20: train_loss:0.10948403179645538
iter30: train_loss:0.1024899110198021
Validation loss: 0.11202052506533536 Validation RMSE: 0.33456247503107245
====================================================================================================
epoch:11
iter0: train_loss:0.09588301926851273
iter10: train_loss:0.10093380510807037
iter20: train_loss:0.1011960357427597
iter30: train_loss:0.11082242429256439
Validation loss: 0.10759751160036433 Validation RMSE: 0.3279161128130826
====================================================================================================
epoch:12
iter0: train_loss:0.09435780346393585
iter10: train_loss:0.10609874874353409
iter20: train_loss:0.09331623464822769
iter30: train_loss:0.09035748243331909
Validation loss: 0.1040391583334316 Validation RMSE: 0.32246568257158453
====================================================================================================
epoch:13
iter0: train_loss:0.08852721750736237
iter10: train_loss:0.09053105115890503
iter20: train_loss:0.09304589778184891
iter30: train_loss:0.09644058346748352
Validation loss: 0.11832874200560829 Validation RMSE: 0.34391904960979114
EarlyStopping counter: 1 out of 7
====================================================================================================
epoch:14
iter0: train_loss:0.09325305372476578
iter10: train_loss:0.08082886785268784
iter20: train_loss:0.08164054900407791
iter30: train_loss:0.08234886825084686
Validation loss: 0.1011705838821151 Validation RMSE: 0.3179713541811163
====================================================================================================
epoch:15
iter0: train_loss:0.09577847272157669
iter10: train_loss:0.09443344175815582
iter20: train_loss:0.09361547231674194
iter30: train_loss:0.09003889560699463
Validation loss: 0.10416299646550958 Validation RMSE: 0.3226132961836728
EarlyStopping counter: 1 out of 7
====================================================================================================
epoch:16
iter0: train_loss:0.08756448328495026
iter10: train_loss:0.08472646772861481
iter20: train_loss:0.09018169343471527
iter30: train_loss:0.08709261566400528
Validation loss: 0.09867693212899295 Validation RMSE: 0.31395162777467206
====================================================================================================
epoch:17
iter0: train_loss:0.07984916120767593
iter10: train_loss:0.07314171642065048
iter20: train_loss:0.08582290261983871
iter30: train_loss:0.08151493221521378
Validation loss: 0.09866980124603618 Validation RMSE: 0.3139480000192469
====================================================================================================
epoch:18
iter0: train_loss:0.07199535518884659
iter10: train_loss:0.07907035946846008
iter20: train_loss:0.09023834019899368
iter30: train_loss:0.08357907831668854
Validation loss: 0.09910696744918823 Validation RMSE: 0.31462924859740515
EarlyStopping counter: 1 out of 7
====================================================================================================
epoch:19
iter0: train_loss:0.0920197069644928
iter10: train_loss:0.0910712406039238
iter20: train_loss:0.09144068509340286
iter30: train_loss:0.09068094938993454
Validation loss: 0.11315351115031676 Validation RMSE: 0.33627286553382874
EarlyStopping counter: 2 out of 7
====================================================================================================
epoch:20
iter0: train_loss:0.08735743910074234
iter10: train_loss:0.0887157991528511
iter20: train_loss:0.07917258888483047
iter30: train_loss:0.07915673404932022
Validation loss: 0.09818346730687401 Validation RMSE: 0.3132671280340715
====================================================================================================
epoch:21
iter0: train_loss:0.07604927569627762
iter10: train_loss:0.0786193385720253
iter20: train_loss:0.087001733481884
iter30: train_loss:0.07866283506155014
Validation loss: 0.09209495037794113 Validation RMSE: 0.3033331117846749
====================================================================================================
epoch:22
iter0: train_loss:0.07630857080221176
iter10: train_loss:0.07556267082691193
iter20: train_loss:0.07510976493358612
iter30: train_loss:0.08336440473794937
Validation loss: 0.09562354534864426 Validation RMSE: 0.30911422859538684
EarlyStopping counter: 1 out of 7
====================================================================================================
epoch:23
iter0: train_loss:0.09017938375473022
iter10: train_loss:0.07051131129264832
iter20: train_loss:0.0831269919872284
iter30: train_loss:0.08020641654729843
Validation loss: 0.09456635131077333 Validation RMSE: 0.3073951466517015
EarlyStopping counter: 2 out of 7
====================================================================================================
epoch:24
iter0: train_loss:0.08036434650421143
iter10: train_loss:0.07388422638177872
iter20: train_loss:0.07956981658935547
iter30: train_loss:0.08237050473690033
Validation loss: 0.0930473580956459 Validation RMSE: 0.30496360767971387
EarlyStopping counter: 3 out of 7
====================================================================================================
epoch:25
iter0: train_loss:0.07695990055799484
iter10: train_loss:0.08133817464113235
iter20: train_loss:0.07572703808546066
iter30: train_loss:0.07895788550376892
Validation loss: 0.09549784118478949 Validation RMSE: 0.3088808682831851
EarlyStopping counter: 4 out of 7
====================================================================================================
epoch:26
iter0: train_loss:0.07223163545131683
iter10: train_loss:0.07603145390748978
iter20: train_loss:0.07416295260190964
iter30: train_loss:0.07743681222200394
Validation loss: 0.09193095632574776 Validation RMSE: 0.3030424280600114
====================================================================================================
epoch:27
iter0: train_loss:0.06808028370141983
iter10: train_loss:0.07147016376256943
iter20: train_loss:0.07558166980743408
iter30: train_loss:0.07687994092702866
Validation loss: 0.09295889599756761 Validation RMSE: 0.3047951405698603
EarlyStopping counter: 1 out of 7
====================================================================================================
epoch:28
iter0: train_loss:0.07617373764514923
iter10: train_loss:0.07192035019397736
iter20: train_loss:0.07878752797842026
iter30: train_loss:0.07815787941217422
Validation loss: 0.09026057476347144 Validation RMSE: 0.30030920830639923
====================================================================================================
epoch:29
iter0: train_loss:0.07968957722187042
iter10: train_loss:0.0806567370891571
iter20: train_loss:0.07154437154531479
iter30: train_loss:0.07823589444160461
Validation loss: 0.08859896592118523 Validation RMSE: 0.29755503752014856
====================================================================================================
epoch:30
iter0: train_loss:0.07437596470117569
iter10: train_loss:0.07171782106161118
iter20: train_loss:0.06503863632678986
iter30: train_loss:0.07820114493370056
Validation loss: 0.09090860662135211 Validation RMSE: 0.3014886839823289
EarlyStopping counter: 1 out of 7
====================================================================================================
epoch:31
iter0: train_loss:0.07864214479923248
iter10: train_loss:0.08122359961271286
iter20: train_loss:0.07282435148954391
iter30: train_loss:0.07566775381565094
Validation loss: 0.08777763491327112 Validation RMSE: 0.29620079831643537
====================================================================================================
epoch:32
iter0: train_loss:0.06640663743019104
iter10: train_loss:0.06566733121871948
iter20: train_loss:0.07891290634870529
iter30: train_loss:0.08168862760066986
Validation loss: 0.08955100314183669 Validation RMSE: 0.29911922866647894
EarlyStopping counter: 1 out of 7
====================================================================================================
epoch:33
iter0: train_loss:0.07732342928647995
iter10: train_loss:0.0702437236905098
iter20: train_loss:0.07275520265102386
iter30: train_loss:0.07291543483734131
Validation loss: 0.0906047292731025 Validation RMSE: 0.3008655607700348
EarlyStopping counter: 2 out of 7
====================================================================================================
epoch:34
iter0: train_loss:0.07596605271100998
iter10: train_loss:0.074365995824337
iter20: train_loss:0.07509271800518036
iter30: train_loss:0.07553161680698395
Validation loss: 0.08969032561237161 Validation RMSE: 0.2994424185969613
EarlyStopping counter: 3 out of 7
====================================================================================================
epoch:35
iter0: train_loss:0.07161767035722733
iter10: train_loss:0.07559554278850555
iter20: train_loss:0.06157208979129791
iter30: train_loss:0.06899206340312958
Validation loss: 0.09078314019875093 Validation RMSE: 0.3012097965587269
EarlyStopping counter: 4 out of 7
====================================================================================================
epoch:36
iter0: train_loss:0.08277878165245056
iter10: train_loss:0.0782485231757164
iter20: train_loss:0.058548662811517715
iter30: train_loss:0.0794043242931366
Validation loss: 0.09040725231170654 Validation RMSE: 0.3006151481108232
EarlyStopping counter: 5 out of 7
====================================================================================================
epoch:37
iter0: train_loss:0.07034804672002792
iter10: train_loss:0.08320959657430649
iter20: train_loss:0.0699661448597908
iter30: train_loss:0.07634945958852768
Validation loss: 0.08692584999582985 Validation RMSE: 0.2948006879199635
====================================================================================================
epoch:38
iter0: train_loss:0.0710861012339592
iter10: train_loss:0.08398193120956421
iter20: train_loss:0.07966270297765732
iter30: train_loss:0.06877221167087555
Validation loss: 0.08636322075670416 Validation RMSE: 0.2937240112911571
====================================================================================================
epoch:39
iter0: train_loss:0.07755965739488602
iter10: train_loss:0.06756400316953659
iter20: train_loss:0.0720943808555603
iter30: train_loss:0.06900426000356674
Validation loss: 0.08694319968873804 Validation RMSE: 0.2947331097992984
EarlyStopping counter: 1 out of 7
====================================================================================================
epoch:40
iter0: train_loss:0.07099302858114243
iter10: train_loss:0.07694107294082642
iter20: train_loss:0.06839237362146378
iter30: train_loss:0.06489266455173492
Validation loss: 0.08731668577952818 Validation RMSE: 0.2954271544109691
EarlyStopping counter: 2 out of 7
====================================================================================================
epoch:41
iter0: train_loss:0.06654676795005798
iter10: train_loss:0.07084295153617859
iter20: train_loss:0.07046052068471909
iter30: train_loss:0.07371875643730164
Validation loss: 0.0860327272252603 Validation RMSE: 0.2932629802010276
====================================================================================================
epoch:42
iter0: train_loss:0.07375510036945343
iter10: train_loss:0.06929683685302734
iter20: train_loss:0.07466333359479904
iter30: train_loss:0.06764430552721024
Validation loss: 0.0877130620858886 Validation RMSE: 0.2961069237102162
EarlyStopping counter: 1 out of 7
====================================================================================================
epoch:43
iter0: train_loss:0.0634431317448616
iter10: train_loss:0.07200523465871811
iter20: train_loss:0.06861121207475662
iter30: train_loss:0.06613881140947342
Validation loss: 0.09776958078145981 Validation RMSE: 0.3125943351875652
EarlyStopping counter: 2 out of 7
====================================================================================================
epoch:44
iter0: train_loss:0.06987839192152023
iter10: train_loss:0.072133369743824
iter20: train_loss:0.06132107973098755
iter30: train_loss:0.0704166367650032
Validation loss: 0.08671137622811577 Validation RMSE: 0.294358643618497
EarlyStopping counter: 3 out of 7
====================================================================================================
epoch:45
iter0: train_loss:0.0683906078338623
iter10: train_loss:0.0802897959947586
iter20: train_loss:0.07094649225473404
iter30: train_loss:0.07403138279914856
Validation loss: 0.08711108362132852 Validation RMSE: 0.29504257440567017
EarlyStopping counter: 4 out of 7
====================================================================================================
epoch:46
iter0: train_loss:0.07010000199079514
iter10: train_loss:0.07243066281080246
iter20: train_loss:0.06726283580064774
iter30: train_loss:0.06402742862701416
Validation loss: 0.0880489085208286 Validation RMSE: 0.29668888449668884
EarlyStopping counter: 5 out of 7
====================================================================================================
epoch:47
iter0: train_loss:0.06929489970207214
iter10: train_loss:0.06366746127605438
iter20: train_loss:0.06631796807050705
iter30: train_loss:0.06661221385002136
Validation loss: 0.08521582050756975 Validation RMSE: 0.29185810685157776
====================================================================================================
epoch:48
iter0: train_loss:0.05921733379364014
iter10: train_loss:0.06163680553436279
iter20: train_loss:0.07454140484333038
iter30: train_loss:0.0712205097079277
Validation loss: 0.08537220819429918 Validation RMSE: 0.2920174977996133
EarlyStopping counter: 1 out of 7
====================================================================================================
epoch:49
iter0: train_loss:0.06968335062265396
iter10: train_loss:0.07447362691164017
iter20: train_loss:0.0743211880326271
iter30: train_loss:0.0679783821105957
Validation loss: 0.08677124706181613 Validation RMSE: 0.2943995784629475
EarlyStopping counter: 2 out of 7
====================================================================================================
epoch:50
iter0: train_loss:0.07137682288885117
iter10: train_loss:0.07165917754173279
iter20: train_loss:0.06789232790470123
iter30: train_loss:0.0708729475736618
Validation loss: 0.0846668624065139 Validation RMSE: 0.2908872907811945
====================================================================================================
epoch:51
iter0: train_loss:0.06616431474685669
iter10: train_loss:0.06840328127145767
iter20: train_loss:0.06399738788604736
iter30: train_loss:0.06424442678689957
Validation loss: 0.08505542373115366 Validation RMSE: 0.2915607284415852
EarlyStopping counter: 1 out of 7
====================================================================================================
epoch:52
iter0: train_loss:0.07190163433551788
iter10: train_loss:0.06738542765378952
iter20: train_loss:0.06950553506612778
iter30: train_loss:0.07891273498535156
Validation loss: 0.08300448276779869 Validation RMSE: 0.2879689742218364
====================================================================================================
epoch:53
iter0: train_loss:0.06698939204216003
iter10: train_loss:0.06741270422935486
iter20: train_loss:0.06212211772799492
iter30: train_loss:0.06915339827537537
Validation loss: 0.08665258369662544 Validation RMSE: 0.2941852157766169
EarlyStopping counter: 1 out of 7
====================================================================================================
epoch:54
iter0: train_loss:0.07610788941383362
iter10: train_loss:0.06633821129798889
iter20: train_loss:0.0706714391708374
iter30: train_loss:0.06605049967765808
Validation loss: 0.08456219935959036 Validation RMSE: 0.29069755294106225
EarlyStopping counter: 2 out of 7
====================================================================================================
epoch:55
iter0: train_loss:0.07722637802362442
iter10: train_loss:0.07103653997182846
iter20: train_loss:0.0655135065317154
iter30: train_loss:0.06791997700929642
Validation loss: 0.0863915194164623 Validation RMSE: 0.2938476177779111
EarlyStopping counter: 3 out of 7
====================================================================================================
epoch:56
iter0: train_loss:0.06555184721946716
iter10: train_loss:0.0680990219116211
iter20: train_loss:0.06321704387664795
iter30: train_loss:0.06952255964279175
Validation loss: 0.08355674960396507 Validation RMSE: 0.28890797224911774
EarlyStopping counter: 4 out of 7
====================================================================================================
epoch:57
iter0: train_loss:0.0663495808839798
iter10: train_loss:0.07414011657238007
iter20: train_loss:0.0701334998011589
iter30: train_loss:0.06377816945314407
Validation loss: 0.08574004403569481 Validation RMSE: 0.29263426769863476
EarlyStopping counter: 5 out of 7
====================================================================================================
epoch:58
iter0: train_loss:0.07602601498365402
iter10: train_loss:0.06310980767011642
iter20: train_loss:0.06331156194210052
iter30: train_loss:0.06482154875993729
Validation loss: 0.08475341512398286 Validation RMSE: 0.291038995439356
EarlyStopping counter: 6 out of 7
====================================================================================================
epoch:59
iter0: train_loss:0.07082667946815491
iter10: train_loss:0.058690108358860016
iter20: train_loss:0.06871335953474045
iter30: train_loss:0.07536594569683075
Validation loss: 0.08853304182941263 Validation RMSE: 0.29745201901956037
EarlyStopping counter: 7 out of 7
Early stopping
MAE: 2.303 RMSE: 3.285 MAPE: 9.684
Spend Time: 77.81925249099731
