{'data': {'dataset': 'PEMS-BAY', 'miss_mechanism': 'MAR', 'miss_ratio': 0.5, 'batch_size': 16, 'test_batch_size': 16, 'val_batch_size': 16}, 'model': {'num_nodes': 325, 'hidden_size': 32, 'in_channel': 1, 'seqlen': 12, 'st_block': 3, 'K': 3, 'd_model': 512, 'n_heads': 3}, 'train': {'cuda': 1, 'lr': '1e-3', 'epochs': 150, 'save_model_path': 'save_model/', 'result_path': 'results/'}}
train X: (3024, 325, 2, 12) train M: (3024, 325, 2, 12) train Y: (3024, 325, 2, 12)
valid X: (432, 325, 2, 12) valid M: (432, 325, 2, 12) valid Y: (432, 325, 2, 12)
test X: (864, 325, 2, 12) test M: (864, 325, 2, 12) test Y: (864, 325, 2, 12)
Epoch [0/150] :  loss =  0.06142834535055848 epoch_time: 57.784300088882446
Epoch [1/150] :  loss =  0.01981095426651851 epoch_time: 57.69253849983215
Epoch [2/150] :  loss =  0.014707286654917336 epoch_time: 57.009390354156494
Epoch [3/150] :  loss =  0.012201373179556517 epoch_time: 57.58979296684265
Epoch [4/150] :  loss =  0.011047771281843621 epoch_time: 57.37996172904968
Epoch [5/150] :  loss =  0.010094617424463784 epoch_time: 57.36332297325134
Epoch [6/150] :  loss =  0.009072144382766314 epoch_time: 57.607637882232666
Epoch [7/150] :  loss =  0.009033244753640795 epoch_time: 57.4112753868103
Epoch [8/150] :  loss =  0.008282138520073165 epoch_time: 57.127033948898315
Epoch [9/150] :  loss =  0.008074202402322381 epoch_time: 57.837881326675415
Epoch [10/150] :  loss =  0.00747116510485294 epoch_time: 58.575382471084595
Epoch [11/150] :  loss =  0.0076016865241976955 epoch_time: 57.64667201042175
Epoch [12/150] :  loss =  0.006897776515750342 epoch_time: 58.10353636741638
Epoch [13/150] :  loss =  0.006983651067549116 epoch_time: 59.17443823814392
Epoch [14/150] :  loss =  0.007012992170910356 epoch_time: 59.09198999404907
Epoch [15/150] :  loss =  0.0062904710580826435 epoch_time: 58.19043493270874
Epoch [16/150] :  loss =  0.006585512470414556 epoch_time: 58.1600341796875
Epoch [17/150] :  loss =  0.0060226984676860626 epoch_time: 57.3772976398468
Epoch [18/150] :  loss =  0.006422215602089646 epoch_time: 57.94557809829712
Epoch [19/150] :  loss =  0.0060302745403041915 epoch_time: 57.62982726097107
Epoch [20/150] :  loss =  0.005904295829139532 epoch_time: 58.53043532371521
Epoch [21/150] :  loss =  0.0055414695630254095 epoch_time: 58.19213676452637
Epoch [22/150] :  loss =  0.005531148292695877 epoch_time: 58.864866495132446
Epoch [23/150] :  loss =  0.005366054755295553 epoch_time: 57.70370268821716
Epoch [24/150] :  loss =  0.005400078390877714 epoch_time: 57.9315071105957
Epoch [25/150] :  loss =  0.005430630076844147 epoch_time: 57.68775653839111
Epoch [26/150] :  loss =  0.005191423799645491 epoch_time: 58.43462777137756
Epoch [27/150] :  loss =  0.004965155051587514 epoch_time: 57.63251256942749
Epoch [28/150] :  loss =  0.0052969341213129975 epoch_time: 58.15349364280701
Epoch [29/150] :  loss =  0.005043331490553639 epoch_time: 58.42390465736389
Epoch [30/150] :  loss =  0.004716402004724221 epoch_time: 57.942649602890015
Epoch [31/150] :  loss =  0.00489307064858694 epoch_time: 58.3102011680603
Epoch [32/150] :  loss =  0.004740032133345724 epoch_time: 57.92165231704712
Epoch [33/150] :  loss =  0.004954400769232837 epoch_time: 58.30602192878723
Epoch [34/150] :  loss =  0.0045662596957294875 epoch_time: 57.99435615539551
Epoch [35/150] :  loss =  0.005020109560862972 epoch_time: 57.388941526412964
Epoch [36/150] :  loss =  0.004456384659365371 epoch_time: 57.398234605789185
Epoch [37/150] :  loss =  0.004377838888171094 epoch_time: 58.14231538772583
Epoch [38/150] :  loss =  0.004442362192397316 epoch_time: 57.65963816642761
Epoch [39/150] :  loss =  0.004508217178265411 epoch_time: 57.44671320915222
Epoch [40/150] :  loss =  0.004365773602985043 epoch_time: 57.193432092666626
Epoch [41/150] :  loss =  0.004184257299466817 epoch_time: 57.922646284103394
Epoch [42/150] :  loss =  0.004357735264218516 epoch_time: 58.42560362815857
Epoch [43/150] :  loss =  0.004460873875629019 epoch_time: 58.423506021499634
Epoch [44/150] :  loss =  0.004162924191742031 epoch_time: 57.38515067100525
Epoch [45/150] :  loss =  0.00416657579298964 epoch_time: 57.72578001022339
Epoch [46/150] :  loss =  0.004150881645116935 epoch_time: 57.3906946182251
Epoch [47/150] :  loss =  0.0040777860931244005 epoch_time: 57.20916247367859
Epoch [48/150] :  loss =  0.003941980491160716 epoch_time: 58.5089066028595
Epoch [49/150] :  loss =  0.00410773380654593 epoch_time: 58.82737851142883
Epoch [50/150] :  loss =  0.003915992671397155 epoch_time: 59.373114347457886
Epoch [51/150] :  loss =  0.0038482702802866697 epoch_time: 59.61285424232483
Epoch [52/150] :  loss =  0.003991732424341891 epoch_time: 58.56256294250488
Epoch [53/150] :  loss =  0.0038342981527820625 epoch_time: 57.73661541938782
Epoch [54/150] :  loss =  0.003969527420060581 epoch_time: 57.440887212753296
Epoch [55/150] :  loss =  0.003707150284388157 epoch_time: 58.169395446777344
Epoch [56/150] :  loss =  0.003664398030008352 epoch_time: 58.01541543006897
Epoch [57/150] :  loss =  0.003718908883572098 epoch_time: 58.34065794944763
Epoch [58/150] :  loss =  0.004031157813394669 epoch_time: 57.302780866622925
Epoch [59/150] :  loss =  0.003557890912310945 epoch_time: 56.60467219352722
Epoch [60/150] :  loss =  0.003608413018463623 epoch_time: 57.25811147689819
Epoch [61/150] :  loss =  0.0036790866082011863 epoch_time: 57.1179461479187
Epoch [62/150] :  loss =  0.003596129382482518 epoch_time: 56.851258516311646
Epoch [63/150] :  loss =  0.003520309727358085 epoch_time: 56.827467918395996
Epoch [64/150] :  loss =  0.0038211593594126127 epoch_time: 57.728697538375854
Epoch [65/150] :  loss =  0.0035000464807525672 epoch_time: 57.53812384605408
Epoch [66/150] :  loss =  0.003630471338207523 epoch_time: 56.98075795173645
Epoch [67/150] :  loss =  0.003450032380266637 epoch_time: 57.35273241996765
Epoch [68/150] :  loss =  0.003490848757484287 epoch_time: 57.65651869773865
Epoch [69/150] :  loss =  0.0034384038570341923 epoch_time: 57.61886024475098
Epoch [70/150] :  loss =  0.0034625860283437073 epoch_time: 56.80719566345215
Epoch [71/150] :  loss =  0.0034957324861790294 epoch_time: 57.429609537124634
Epoch [72/150] :  loss =  0.003421441563183353 epoch_time: 57.25856018066406
Epoch [73/150] :  loss =  0.0032477051169961376 epoch_time: 57.83131766319275
Epoch [74/150] :  loss =  0.0033069726439419562 epoch_time: 57.146687507629395
Epoch [75/150] :  loss =  0.0033150695279122347 epoch_time: 57.28391075134277
Epoch [76/150] :  loss =  0.0032900733129175566 epoch_time: 56.718793630599976
Epoch [77/150] :  loss =  0.0034444754642666015 epoch_time: 57.01885724067688
Epoch [78/150] :  loss =  0.003250525762923259 epoch_time: 57.7927188873291
Epoch [79/150] :  loss =  0.0032819552080971853 epoch_time: 57.16561579704285
Epoch [80/150] :  loss =  0.0032518127497049077 epoch_time: 57.0939359664917
Epoch [81/150] :  loss =  0.0032705599429805284 epoch_time: 56.974417209625244
Epoch [82/150] :  loss =  0.003240390529205638 epoch_time: 57.087294578552246
Epoch [83/150] :  loss =  0.003216950928733226 epoch_time: 57.69446778297424
Epoch [84/150] :  loss =  0.0030314736474778446 epoch_time: 57.18058776855469
Epoch [85/150] :  loss =  0.0031713673902833196 epoch_time: 57.23007321357727
Epoch [86/150] :  loss =  0.0032805759957424863 epoch_time: 57.1715772151947
Epoch [87/150] :  loss =  0.0031456757908460324 epoch_time: 57.48137712478638
Epoch [88/150] :  loss =  0.003020681641631262 epoch_time: 57.588032722473145
Epoch [89/150] :  loss =  0.003299429771248941 epoch_time: 57.63720750808716
Epoch [90/150] :  loss =  0.003186710235519857 epoch_time: 57.63699698448181
Epoch [91/150] :  loss =  0.0029627069271608163 epoch_time: 57.82752990722656
Epoch [92/150] :  loss =  0.003158215903948066 epoch_time: 58.25176548957825
Epoch [93/150] :  loss =  0.0030456954556660203 epoch_time: 57.85519027709961
Epoch [94/150] :  loss =  0.0030133788284190275 epoch_time: 57.88262104988098
Epoch [95/150] :  loss =  0.0029563885132865932 epoch_time: 57.23626089096069
Epoch [96/150] :  loss =  0.002951660951126426 epoch_time: 57.00382733345032
Epoch [97/150] :  loss =  0.0033393951783341077 epoch_time: 56.802221059799194
Epoch [98/150] :  loss =  0.002878318002408065 epoch_time: 56.865821838378906
Epoch [99/150] :  loss =  0.002911630025005372 epoch_time: 57.39658212661743
Epoch [100/150] :  loss =  0.003069655041496156 epoch_time: 57.65366816520691
Epoch [101/150] :  loss =  0.002861535225295161 epoch_time: 57.1634316444397
Epoch [102/150] :  loss =  0.002869483775818947 epoch_time: 57.824527740478516
Epoch [103/150] :  loss =  0.0029889139988602547 epoch_time: 57.995038986206055
Epoch [104/150] :  loss =  0.0029091138316308537 epoch_time: 56.99115324020386
Epoch [105/150] :  loss =  0.002953730608587937 epoch_time: 56.91028046607971
Epoch [106/150] :  loss =  0.003012066807415553 epoch_time: 57.30584454536438
Epoch [107/150] :  loss =  0.0029430962106084856 epoch_time: 57.04044532775879
Epoch [108/150] :  loss =  0.002858755170126204 epoch_time: 57.82385039329529
Epoch [109/150] :  loss =  0.0028441367035229054 epoch_time: 57.85516858100891
Epoch [110/150] :  loss =  0.0028887876388296566 epoch_time: 57.79392910003662
Epoch [111/150] :  loss =  0.002842261396205575 epoch_time: 57.19630289077759
Epoch [112/150] :  loss =  0.002854990193290173 epoch_time: 57.020835399627686
Epoch [113/150] :  loss =  0.002768132957585511 epoch_time: 56.895432472229004
Epoch [114/150] :  loss =  0.0029034924387892403 epoch_time: 57.13066077232361
Epoch [115/150] :  loss =  0.0028744557929082366 epoch_time: 57.128546953201294
Epoch [116/150] :  loss =  0.002753176550237984 epoch_time: 57.38446068763733
Epoch [117/150] :  loss =  0.0027976408335946934 epoch_time: 58.03272485733032
Epoch [118/150] :  loss =  0.0028074146648770365 epoch_time: 57.03623986244202
Epoch [119/150] :  loss =  0.0027439481419851146 epoch_time: 56.943307638168335
Epoch [120/150] :  loss =  0.0027784619199496415 epoch_time: 56.81464958190918
Epoch [121/150] :  loss =  0.0027220238846475406 epoch_time: 57.78178095817566
Epoch [122/150] :  loss =  0.0026622180144484867 epoch_time: 57.34530425071716
Epoch [123/150] :  loss =  0.0026866630497068248 epoch_time: 57.1296010017395
Epoch [124/150] :  loss =  0.002866927641517823 epoch_time: 57.607555866241455
Epoch [125/150] :  loss =  0.0026687346170927405 epoch_time: 56.81133198738098
Epoch [126/150] :  loss =  0.0026443271759759497 epoch_time: 57.13055896759033
Epoch [127/150] :  loss =  0.0026572184038481544 epoch_time: 57.85089707374573
Epoch [128/150] :  loss =  0.0026536927516596816 epoch_time: 57.13909149169922
Epoch [129/150] :  loss =  0.0027085114627702052 epoch_time: 57.008517026901245
Epoch [130/150] :  loss =  0.002727721812247875 epoch_time: 57.47002696990967
Epoch [131/150] :  loss =  0.0027750318299574906 epoch_time: 57.289252042770386
Epoch [132/150] :  loss =  0.0026726144422634097 epoch_time: 57.72656178474426
Epoch [133/150] :  loss =  0.002555749302104155 epoch_time: 58.22192358970642
Epoch [134/150] :  loss =  0.0026478241290157985 epoch_time: 57.96295094490051
Epoch [135/150] :  loss =  0.0026040912283062144 epoch_time: 58.09281921386719
Epoch [136/150] :  loss =  0.0026413439748384964 epoch_time: 57.46766114234924
Epoch [137/150] :  loss =  0.002940663679197391 epoch_time: 57.26693034172058
Epoch [138/150] :  loss =  0.002504461952460506 epoch_time: 57.264992475509644
Epoch [139/150] :  loss =  0.0025913930934159056 epoch_time: 56.94037437438965
Epoch [140/150] :  loss =  0.0026544977075582932 epoch_time: 56.86090350151062
Epoch [141/150] :  loss =  0.002565821898835046 epoch_time: 57.705345153808594
Epoch [142/150] :  loss =  0.002536511973221663 epoch_time: 57.837645053863525
Epoch [143/150] :  loss =  0.002591724065871584 epoch_time: 57.66098213195801
Epoch [144/150] :  loss =  0.002560077379851863 epoch_time: 57.48330330848694
Epoch [145/150] :  loss =  0.0026477949414155863 epoch_time: 56.675437688827515
Epoch [146/150] :  loss =  0.002588283460311316 epoch_time: 56.680317878723145
Epoch [147/150] :  loss =  0.002616947230996278 epoch_time: 57.00088286399841
Epoch [148/150] :  loss =  0.002477795909967017 epoch_time: 57.13513994216919
Epoch [149/150] :  loss =  0.0025991233190147097 epoch_time: 57.03148150444031
Test result: MAE 0.8179558424964399 RMSE 1.4458101662374059 MAPE 1.5693385772456234
(864, 325, 1, 12)
(864, 325, 1, 12)
(864, 325, 1, 12)
Spend Time: 8651.758368253708
